#
# There is insufficient memory for the Java Runtime Environment to continue.
# Native memory allocation (mmap) failed to map 32505856 bytes for G1 virtual space
# Possible reasons:
#   The system is out of physical RAM or swap space
#   The process is running with CompressedOops enabled, and the Java Heap may be blocking the growth of the native heap
# Possible solutions:
#   Reduce memory load on the system
#   Increase physical memory or swap space
#   Check if swap backing store is full
#   Decrease Java heap size (-Xmx/-Xms)
#   Decrease number of Java threads
#   Decrease Java thread stack sizes (-Xss)
#   Set larger code cache with -XX:ReservedCodeCacheSize=
#   JVM is running with Unscaled Compressed Oops mode in which the Java heap is
#     placed in the first 4GB address space. The Java Heap base address is the
#     maximum limit for the native heap growth. Please use -XX:HeapBaseMinAddress
#     to set the Java Heap base and to place the Java Heap above 4GB virtual address.
# This output file may be truncated or incomplete.
#
#  Out of Memory Error (./open/src/hotspot/os/windows/os_windows.cpp:3321), pid=7504, tid=5312
#
# JRE version: Java(TM) SE Runtime Environment (15.0.2+7) (build 15.0.2+7-27)
# Java VM: Java HotSpot(TM) 64-Bit Server VM (15.0.2+7-27, mixed mode, sharing, tiered, compressed oops, g1 gc, windows-amd64)
# No core dump will be written. Minidumps are not enabled by default on client versions of Windows
#

---------------  S U M M A R Y ------------

Command Line: --add-opens=java.base/java.util=ALL-UNNAMED --add-opens=java.base/java.lang=ALL-UNNAMED --add-opens=java.base/java.lang.invoke=ALL-UNNAMED --add-opens=java.base/java.util=ALL-UNNAMED --add-opens=java.prefs/java.util.prefs=ALL-UNNAMED --add-opens=java.prefs/java.util.prefs=ALL-UNNAMED --add-opens=java.base/java.nio.charset=ALL-UNNAMED --add-opens=java.base/java.net=ALL-UNNAMED --add-opens=java.base/java.util.concurrent.atomic=ALL-UNNAMED -Xmx2048m -Dfile.encoding=UTF-8 -Duser.country=IN -Duser.language=en -Duser.variant org.gradle.launcher.daemon.bootstrap.GradleDaemon 7.0.2

Host: Intel(R) Core(TM) i7-9750H CPU @ 2.60GHz, 12 cores, 15G,  Windows 10 , 64 bit Build 22000 (10.0.22000.434)
Time: Tue Feb 15 11:05:37 2022 India Standard Time elapsed time: 1329.559532 seconds (0d 0h 22m 9s)

---------------  T H R E A D  ---------------

Current thread (0x000001d37f22eb10):  VMThread "VM Thread" [stack: 0x0000004fe9a00000,0x0000004fe9b00000] [id=5312]

Stack: [0x0000004fe9a00000,0x0000004fe9b00000]
[error occurred during error reporting (printing stack bounds), id 0xc0000005, EXCEPTION_ACCESS_VIOLATION (0xc0000005) at pc=0x000001d3000010ad]

Native frames: (J=compiled Java code, j=interpreted, Vv=VM code, C=native code)
V  [jvm.dll+0x62ae9a]
V  [jvm.dll+0x7817a9]
V  [jvm.dll+0x782f03]
V  [jvm.dll+0x7834c5]
V  [jvm.dll+0x78347b]
V  [jvm.dll+0x62a2b9]
V  [jvm.dll+0x62aa88]
C  [ntdll.dll+0xa86ef]
C  [ntdll.dll+0x35aea]
C  [ntdll.dll+0xa76fe]
C  0x000001d3000010ad

VM_Operation (0x0000004fe96ff390): G1Concurrent, mode: safepoint, requested by thread 0x000001d37125a290


---------------  P R O C E S S  ---------------

Threads class SMR info:
_java_thread_list=0x000001d317c7f6d0, length=104, elements={
0x000001d36f19afe0, 0x000001d37f2313a0, 0x000001d37f231f70, 0x000001d37fb6adb0,
0x000001d37fb6f690, 0x000001d37fb6ff50, 0x000001d37fb71df0, 0x000001d37fb758b0,
0x000001d37fb7b6d0, 0x000001d37fccece0, 0x000001d37fcdb420, 0x000001d311775730,
0x000001d311776a70, 0x000001d3117765a0, 0x000001d311775c00, 0x000001d3117760d0,
0x000001d312c83ce0, 0x000001d312c86830, 0x000001d312c80320, 0x000001d312c81b30,
0x000001d312c7efe0, 0x000001d312c82000, 0x000001d312c824d0, 0x000001d312c829a0,
0x000001d3177458e0, 0x000001d31774aab0, 0x000001d317745410, 0x000001d317746c20,
0x000001d317746750, 0x000001d3177475c0, 0x000001d31774af80, 0x000001d317749770,
0x000001d31774cc60, 0x000001d317749c40, 0x000001d31774b920, 0x000001d317444d30,
0x000001d31a142b70, 0x000001d319f7d550, 0x000001d31c0534d0, 0x000001d31c0539a0,
0x000001d31c050e50, 0x000001d31c052b30, 0x000001d31c051320, 0x000001d314712660,
0x000001d31c051cc0, 0x000001d311fa6b50, 0x000001d319f7d080, 0x000001d319f7da20,
0x000001d319f7def0, 0x000001d319fa9a40, 0x000001d319faa3e0, 0x000001d319faa8b0,
0x000001d319faad80, 0x000001d319fa9f10, 0x000001d31a0afe40, 0x000001d31710d5e0,
0x000001d31710dab0, 0x000001d31710df80, 0x000001d31710e450, 0x000001d31710cc40,
0x000001d31710d110, 0x000001d31a0b0310, 0x000001d31a0af4a0, 0x000001d31a0b0cb0,
0x000001d31a0aefd0, 0x000001d31a0b1650, 0x000001d31a0b1180, 0x000001d31a0af970,
0x000001d31a0ae630, 0x000001d31a0b07e0, 0x000001d31a0adc90, 0x000001d31a0ae160,
0x000001d31a0aeb00, 0x000001d31d6c9c50, 0x000001d31d6caac0, 0x000001d31d6ccc70,
0x000001d31d6cd610, 0x000001d31d6caf90, 0x000001d31d6cd140, 0x000001d31d6cb460,
0x000001d31d6cb930, 0x000001d31d6ca120, 0x000001d31d6ca5f0, 0x000001d31d6cbe00,
0x000001d315915ee0, 0x000001d31618c830, 0x000001d31c054340, 0x000001d314c0f140,
0x000001d314c0f610, 0x000001d314c0ffb0, 0x000001d3176ac4f0, 0x000001d3176af790,
0x000001d311fa7e90, 0x000001d315918560, 0x000001d315918a30, 0x000001d315917220,
0x000001d315916d50, 0x000001d315917bc0, 0x000001d3159176f0, 0x000001d315918090,
0x000001d315918f00, 0x000001d3159198a0, 0x000001d3159193d0, 0x000001d3159163b0
}

Java Threads: ( => current thread )
  0x000001d36f19afe0 JavaThread "main" [_thread_blocked, id=8424, stack(0x0000004fe9400000,0x0000004fe9500000)]
  0x000001d37f2313a0 JavaThread "Reference Handler" daemon [_thread_blocked, id=21860, stack(0x0000004fe9b00000,0x0000004fe9c00000)]
  0x000001d37f231f70 JavaThread "Finalizer" daemon [_thread_blocked, id=3328, stack(0x0000004fe9c00000,0x0000004fe9d00000)]
  0x000001d37fb6adb0 JavaThread "Signal Dispatcher" daemon [_thread_blocked, id=4360, stack(0x0000004fe9d00000,0x0000004fe9e00000)]
  0x000001d37fb6f690 JavaThread "Attach Listener" daemon [_thread_blocked, id=8100, stack(0x0000004fe9e00000,0x0000004fe9f00000)]
  0x000001d37fb6ff50 JavaThread "Service Thread" daemon [_thread_blocked, id=8176, stack(0x0000004fe9f00000,0x0000004fea000000)]
  0x000001d37fb71df0 JavaThread "C2 CompilerThread0" daemon [_thread_blocked, id=9796, stack(0x0000004fea000000,0x0000004fea100000)]
  0x000001d37fb758b0 JavaThread "C1 CompilerThread0" daemon [_thread_blocked, id=17440, stack(0x0000004fea100000,0x0000004fea200000)]
  0x000001d37fb7b6d0 JavaThread "Sweeper thread" daemon [_thread_blocked, id=22248, stack(0x0000004fea200000,0x0000004fea300000)]
  0x000001d37fccece0 JavaThread "Common-Cleaner" daemon [_thread_blocked, id=19840, stack(0x0000004fea300000,0x0000004fea400000)]
  0x000001d37fcdb420 JavaThread "Notification Thread" daemon [_thread_blocked, id=8444, stack(0x0000004fea400000,0x0000004fea500000)]
  0x000001d311775730 JavaThread "Daemon health stats" [_thread_blocked, id=15244, stack(0x0000004feac00000,0x0000004fead00000)]
  0x000001d311776a70 JavaThread "Incoming local TCP Connector on port 59455" [_thread_in_native, id=14896, stack(0x0000004fead00000,0x0000004feae00000)]
  0x000001d3117765a0 JavaThread "Daemon periodic checks" [_thread_blocked, id=8976, stack(0x0000004feae00000,0x0000004feaf00000)]
  0x000001d311775c00 JavaThread "Cache worker for file hash cache (D:\aa\caches\7.0.2\fileHashes)" [_thread_blocked, id=20420, stack(0x0000004feb600000,0x0000004feb700000)]
  0x000001d3117760d0 JavaThread "File lock request listener" [_thread_in_native, id=15088, stack(0x0000004feb700000,0x0000004feb800000)]
  0x000001d312c83ce0 JavaThread "Cache worker for journal cache (D:\aa\caches\journal-1)" [_thread_blocked, id=9820, stack(0x0000004feb800000,0x0000004feb900000)]
  0x000001d312c86830 JavaThread "File watcher server" daemon [_thread_blocked, id=1932, stack(0x0000004febb00000,0x0000004febc00000)]
  0x000001d312c80320 JavaThread "File watcher consumer" daemon [_thread_blocked, id=9172, stack(0x0000004febc00000,0x0000004febd00000)]
  0x000001d312c81b30 JavaThread "Cache worker for execution history cache (D:\aa\caches\7.0.2\executionHistory)" [_thread_blocked, id=17624, stack(0x0000004fec000000,0x0000004fec100000)]
  0x000001d312c7efe0 JavaThread "jar transforms" [_thread_blocked, id=14780, stack(0x0000004fec700000,0x0000004fec800000)]
  0x000001d312c82000 JavaThread "jar transforms Thread 2" [_thread_blocked, id=13216, stack(0x0000004fec800000,0x0000004fec900000)]
  0x000001d312c824d0 JavaThread "Cache worker for file content cache (D:\aa\caches\7.0.2\fileContent)" [_thread_blocked, id=2836, stack(0x0000004fec900000,0x0000004feca00000)]
  0x000001d312c829a0 JavaThread "jar transforms Thread 3" [_thread_blocked, id=17264, stack(0x0000004fecb00000,0x0000004fecc00000)]
  0x000001d3177458e0 JavaThread "jar transforms Thread 4" [_thread_blocked, id=14836, stack(0x0000004fed900000,0x0000004feda00000)]
  0x000001d31774aab0 JavaThread "jar transforms Thread 5" [_thread_blocked, id=25384, stack(0x0000004fed700000,0x0000004fed800000)]
  0x000001d317745410 JavaThread "jar transforms Thread 6" [_thread_blocked, id=22780, stack(0x0000004fed800000,0x0000004fed900000)]
  0x000001d317746c20 JavaThread "jar transforms Thread 7" [_thread_blocked, id=22132, stack(0x0000004feda00000,0x0000004fedb00000)]
  0x000001d317746750 JavaThread "jar transforms Thread 8" [_thread_blocked, id=9004, stack(0x0000004fedb00000,0x0000004fedc00000)]
  0x000001d3177475c0 JavaThread "jar transforms Thread 9" [_thread_blocked, id=1816, stack(0x0000004fedc00000,0x0000004fedd00000)]
  0x000001d31774af80 JavaThread "jar transforms Thread 10" [_thread_blocked, id=19140, stack(0x0000004fedd00000,0x0000004fede00000)]
  0x000001d317749770 JavaThread "jar transforms Thread 11" [_thread_blocked, id=23008, stack(0x0000004fede00000,0x0000004fedf00000)]
  0x000001d31774cc60 JavaThread "jar transforms Thread 12" [_thread_blocked, id=15204, stack(0x0000004fedf00000,0x0000004fee000000)]
  0x000001d317749c40 JavaThread "Memory manager" [_thread_blocked, id=20260, stack(0x0000004fee200000,0x0000004fee300000)]
  0x000001d31774b920 JavaThread "pool-3-thread-1" [_thread_blocked, id=19816, stack(0x0000004fee400000,0x0000004fee500000)]
  0x000001d317444d30 JavaThread "Cache worker for Java compile cache (D:\aa\caches\7.0.2\javaCompile)" [_thread_blocked, id=22848, stack(0x0000004fef300000,0x0000004fef400000)]
  0x000001d31a142b70 JavaThread "ForkJoinPool.commonPool-worker-3" daemon [_thread_blocked, id=23484, stack(0x0000004ff0f00000,0x0000004ff1000000)]
  0x000001d319f7d550 JavaThread "pool-7-thread-1" [_thread_blocked, id=16360, stack(0x0000004fee300000,0x0000004fee400000)]
  0x000001d31c0534d0 JavaThread "ForkJoinPool.commonPool-worker-19" daemon [_thread_blocked, id=21172, stack(0x0000004ff0900000,0x0000004ff0a00000)]
  0x000001d31c0539a0 JavaThread "ForkJoinPool.commonPool-worker-5" daemon [_thread_blocked, id=6400, stack(0x0000004ff0a00000,0x0000004ff0b00000)]
  0x000001d31c050e50 JavaThread "ForkJoinPool.commonPool-worker-23" daemon [_thread_blocked, id=21892, stack(0x0000004ff0b00000,0x0000004ff0c00000)]
  0x000001d31c052b30 JavaThread "ForkJoinPool.commonPool-worker-9" daemon [_thread_blocked, id=12152, stack(0x0000004ff0c00000,0x0000004ff0d00000)]
  0x000001d31c051320 JavaThread "ForkJoinPool.commonPool-worker-27" daemon [_thread_blocked, id=7728, stack(0x0000004ff0d00000,0x0000004ff0e00000)]
  0x000001d314712660 JavaThread "pool-11-thread-1" [_thread_blocked, id=14096, stack(0x0000004fee600000,0x0000004fee700000)]
  0x000001d31c051cc0 JavaThread "pool-14-thread-1" [_thread_blocked, id=23128, stack(0x0000004fee900000,0x0000004feea00000)]
  0x000001d311fa6b50 JavaThread "Daemon Thread 3" [_thread_blocked, id=19376, stack(0x0000004fe9100000,0x0000004fe9200000)]
  0x000001d319f7d080 JavaThread "Handler for socket connection from /127.0.0.1:59455 to /127.0.0.1:60118" [_thread_in_native, id=13200, stack(0x0000004fe9200000,0x0000004fe9300000)]
  0x000001d319f7da20 JavaThread "Cancel handler" [_thread_blocked, id=24912, stack(0x0000004fe9300000,0x0000004fe9400000)]
  0x000001d319f7def0 JavaThread "Daemon worker Thread 3" [_thread_blocked, id=21280, stack(0x0000004fea600000,0x0000004fea700000)]
  0x000001d319fa9a40 JavaThread "Asynchronous log dispatcher for DefaultDaemonConnection: socket connection from /127.0.0.1:59455 to /127.0.0.1:60118" [_thread_blocked, id=21436, stack(0x0000004feaf00000,0x0000004feb000000)]
  0x000001d319faa3e0 JavaThread "Stdin handler" [_thread_blocked, id=9120, stack(0x0000004feb000000,0x0000004feb100000)]
  0x000001d319faa8b0 JavaThread "Daemon client event forwarder" [_thread_blocked, id=13860, stack(0x0000004feb100000,0x0000004feb200000)]
  0x000001d319faad80 JavaThread "Cache worker for file hash cache (D:\app_dev\QuizApp\.gradle\7.0.2\fileHashes)" [_thread_blocked, id=3848, stack(0x0000004feb200000,0x0000004feb300000)]
  0x000001d319fa9f10 JavaThread "Cache worker for checksums cache (D:\app_dev\QuizApp\.gradle\checksums)" [_thread_blocked, id=12416, stack(0x0000004feb300000,0x0000004feb400000)]
  0x000001d31a0afe40 JavaThread "Cache worker for cache directory md-supplier (D:\aa\caches\7.0.2\md-supplier)" [_thread_blocked, id=22144, stack(0x0000004feb400000,0x0000004feb500000)]
  0x000001d31710d5e0 JavaThread "Cache worker for cache directory md-rule (D:\aa\caches\7.0.2\md-rule)" [_thread_blocked, id=21732, stack(0x0000004feb500000,0x0000004feb600000)]
  0x000001d31710dab0 JavaThread "Cache worker for dependencies-accessors (D:\app_dev\QuizApp\.gradle\7.0.2\dependencies-accessors)" [_thread_blocked, id=11396, stack(0x0000004feb900000,0x0000004feba00000)]
  0x000001d31710df80 JavaThread "Cache worker for Build Output Cleanup Cache (D:\app_dev\QuizApp\.gradle\buildOutputCleanup)" [_thread_blocked, id=22760, stack(0x0000004feba00000,0x0000004febb00000)]
  0x000001d31710e450 JavaThread "Build operations" [_thread_blocked, id=15312, stack(0x0000004febe00000,0x0000004febf00000)]
  0x000001d31710cc40 JavaThread "Build operations Thread 2" [_thread_blocked, id=4632, stack(0x0000004febf00000,0x0000004fec000000)]
  0x000001d31710d110 JavaThread "Build operations Thread 3" [_thread_blocked, id=12952, stack(0x0000004feca00000,0x0000004fecb00000)]
  0x000001d31a0b0310 JavaThread "Build operations Thread 4" [_thread_blocked, id=25448, stack(0x0000004fecc00000,0x0000004fecd00000)]
  0x000001d31a0af4a0 JavaThread "Build operations Thread 5" [_thread_blocked, id=9744, stack(0x0000004fecd00000,0x0000004fece00000)]
  0x000001d31a0b0cb0 JavaThread "Build operations Thread 6" [_thread_blocked, id=23720, stack(0x0000004fece00000,0x0000004fecf00000)]
  0x000001d31a0aefd0 JavaThread "Build operations Thread 7" [_thread_blocked, id=24016, stack(0x0000004fecf00000,0x0000004fed000000)]
  0x000001d31a0b1650 JavaThread "Build operations Thread 8" [_thread_blocked, id=14136, stack(0x0000004fed000000,0x0000004fed100000)]
  0x000001d31a0b1180 JavaThread "Build operations Thread 9" [_thread_blocked, id=12764, stack(0x0000004fed100000,0x0000004fed200000)]
  0x000001d31a0af970 JavaThread "Build operations Thread 10" [_thread_blocked, id=11764, stack(0x0000004fed200000,0x0000004fed300000)]
  0x000001d31a0ae630 JavaThread "Build operations Thread 11" [_thread_blocked, id=21704, stack(0x0000004fed300000,0x0000004fed400000)]
  0x000001d31a0b07e0 JavaThread "Build operations Thread 12" [_thread_blocked, id=2772, stack(0x0000004fed400000,0x0000004fed500000)]
  0x000001d31a0adc90 JavaThread "build event listener" [_thread_blocked, id=17808, stack(0x0000004fed600000,0x0000004fed700000)]
  0x000001d31a0ae160 JavaThread "pool-17-thread-1" [_thread_blocked, id=24568, stack(0x0000004fee500000,0x0000004fee600000)]
  0x000001d31a0aeb00 JavaThread "build event listener" [_thread_blocked, id=8076, stack(0x0000004fee700000,0x0000004fee800000)]
  0x000001d31d6c9c50 JavaThread "Execution worker for ':'" [_thread_blocked, id=20936, stack(0x0000004fee800000,0x0000004fee900000)]
  0x000001d31d6caac0 JavaThread "Execution worker for ':' Thread 2" [_thread_blocked, id=22552, stack(0x0000004feea00000,0x0000004feeb00000)]
  0x000001d31d6ccc70 JavaThread "Execution worker for ':' Thread 3" [_thread_blocked, id=13492, stack(0x0000004feeb00000,0x0000004feec00000)]
  0x000001d31d6cd610 JavaThread "Execution worker for ':' Thread 4" [_thread_blocked, id=8352, stack(0x0000004feec00000,0x0000004feed00000)]
  0x000001d31d6caf90 JavaThread "Execution worker for ':' Thread 5" [_thread_blocked, id=20532, stack(0x0000004feed00000,0x0000004feee00000)]
  0x000001d31d6cd140 JavaThread "Execution worker for ':' Thread 6" [_thread_blocked, id=13496, stack(0x0000004feee00000,0x0000004feef00000)]
  0x000001d31d6cb460 JavaThread "Execution worker for ':' Thread 7" [_thread_blocked, id=21500, stack(0x0000004feef00000,0x0000004fef000000)]
  0x000001d31d6cb930 JavaThread "Execution worker for ':' Thread 8" [_thread_blocked, id=14256, stack(0x0000004fef000000,0x0000004fef100000)]
  0x000001d31d6ca120 JavaThread "Execution worker for ':' Thread 9" [_thread_blocked, id=13252, stack(0x0000004fef100000,0x0000004fef200000)]
  0x000001d31d6ca5f0 JavaThread "Execution worker for ':' Thread 10" [_thread_blocked, id=15476, stack(0x0000004fef400000,0x0000004fef500000)]
  0x000001d31d6cbe00 JavaThread "Execution worker for ':' Thread 11" [_thread_blocked, id=10004, stack(0x0000004fef600000,0x0000004fef700000)]
  0x000001d315915ee0 JavaThread "Cache worker for execution history cache (D:\app_dev\QuizApp\.gradle\7.0.2\executionHistory)" [_thread_blocked, id=8516, stack(0x0000004fef900000,0x0000004fefa00000)]
  0x000001d31618c830 JavaThread "WorkerExecutor Queue" [_thread_blocked, id=18032, stack(0x0000004fefa00000,0x0000004fefb00000)]
  0x000001d31c054340 JavaThread "WorkerExecutor Queue Thread 2" [_thread_blocked, id=22108, stack(0x0000004fefb00000,0x0000004fefc00000)]
  0x000001d314c0f140 JavaThread "pool-18-thread-1" [_thread_blocked, id=9764, stack(0x0000004fefc00000,0x0000004fefd00000)]
  0x000001d314c0f610 JavaThread "stderr" [_thread_in_native, id=1460, stack(0x0000004fefd00000,0x0000004fefe00000)]
  0x000001d314c0ffb0 JavaThread "stdout" [_thread_in_native, id=21176, stack(0x0000004fefe00000,0x0000004feff00000)]
  0x000001d3176ac4f0 JavaThread "C2 CompilerThread1" daemon [_thread_blocked, id=16784, stack(0x0000004febd00000,0x0000004febe00000)]
  0x000001d3176af790 JavaThread "C2 CompilerThread2" daemon [_thread_blocked, id=8996, stack(0x0000004fed500000,0x0000004fed600000)]
  0x000001d311fa7e90 JavaThread "Cache worker for Java compile cache (D:\app_dev\QuizApp\.gradle\7.0.2\javaCompile)" [_thread_blocked, id=11816, stack(0x0000004feff00000,0x0000004ff0000000)]
  0x000001d315918560 JavaThread "WorkerExecutor Queue Thread 3" [_thread_blocked, id=16616, stack(0x0000004ff0000000,0x0000004ff0100000)]
  0x000001d315918a30 JavaThread "WorkerExecutor Queue Thread 4" [_thread_blocked, id=22212, stack(0x0000004ff0100000,0x0000004ff0200000)]
  0x000001d315917220 JavaThread "WorkerExecutor Queue Thread 5" [_thread_blocked, id=14260, stack(0x0000004ff0200000,0x0000004ff0300000)]
  0x000001d315916d50 JavaThread "WorkerExecutor Queue Thread 6" [_thread_blocked, id=24032, stack(0x0000004ff0300000,0x0000004ff0400000)]
  0x000001d315917bc0 JavaThread "WorkerExecutor Queue Thread 7" [_thread_blocked, id=13108, stack(0x0000004ff0400000,0x0000004ff0500000)]
  0x000001d3159176f0 JavaThread "WorkerExecutor Queue Thread 8" [_thread_blocked, id=16852, stack(0x0000004ff0500000,0x0000004ff0600000)]
  0x000001d315918090 JavaThread "WorkerExecutor Queue Thread 9" [_thread_blocked, id=14756, stack(0x0000004ff0600000,0x0000004ff0700000)]
  0x000001d315918f00 JavaThread "WorkerExecutor Queue Thread 10" [_thread_blocked, id=4612, stack(0x0000004ff0700000,0x0000004ff0800000)]
  0x000001d3159198a0 JavaThread "WorkerExecutor Queue Thread 11" [_thread_blocked, id=18952, stack(0x0000004ff0800000,0x0000004ff0900000)]
  0x000001d3159193d0 JavaThread "WorkerExecutor Queue Thread 12" [_thread_blocked, id=19736, stack(0x0000004ff0e00000,0x0000004ff0f00000)]
  0x000001d3159163b0 JavaThread "WorkerExecutor Queue Thread 13" [_thread_blocked, id=3060, stack(0x0000004ff1000000,0x0000004ff1100000)]

Other Threads:
=>0x000001d37f22eb10 VMThread "VM Thread" [stack: 0x0000004fe9a00000,0x0000004fe9b00000] [id=5312]
  0x000001d37fcd4c10 WatcherThread [stack: 0x0000004fea500000,0x0000004fea600000] [id=23056]
  0x000001d371248130 GCTaskThread "GC Thread#0" [stack: 0x0000004fe9500000,0x0000004fe9600000] [id=16572]
  0x000001d3117e08d0 GCTaskThread "GC Thread#1" [stack: 0x0000004fea700000,0x0000004fea800000] [id=2120]
  0x000001d3117e0f30 GCTaskThread "GC Thread#2" [stack: 0x0000004fea800000,0x0000004fea900000] [id=12988]
  0x000001d3117e0c00 GCTaskThread "GC Thread#3" [stack: 0x0000004fea900000,0x0000004feaa00000] [id=10192]
  0x000001d3117dff40 GCTaskThread "GC Thread#4" [stack: 0x0000004feaa00000,0x0000004feab00000] [id=15444]
  0x000001d3117e05a0 GCTaskThread "GC Thread#5" [stack: 0x0000004feab00000,0x0000004feac00000] [id=10076]
  0x000001d3117dec20 GCTaskThread "GC Thread#6" [stack: 0x0000004fec100000,0x0000004fec200000] [id=6208]
  0x000001d314f96850 GCTaskThread "GC Thread#7" [stack: 0x0000004fec200000,0x0000004fec300000] [id=12260]
  0x000001d314f99820 GCTaskThread "GC Thread#8" [stack: 0x0000004fec300000,0x0000004fec400000] [id=18460]
  0x000001d314f96b80 GCTaskThread "GC Thread#9" [stack: 0x0000004fec400000,0x0000004fec500000] [id=15016]
  0x000001d37125a290 ConcurrentGCThread "G1 Main Marker" [stack: 0x0000004fe9600000,0x0000004fe9700000] [id=16736]
  0x000001d37125c630 ConcurrentGCThread "G1 Conc#0" [stack: 0x0000004fe9700000,0x0000004fe9800000] [id=20868]
  0x000001d314f981d0 ConcurrentGCThread "G1 Conc#1" [stack: 0x0000004fec500000,0x0000004fec600000] [id=16304]
  0x000001d314f98500 ConcurrentGCThread "G1 Conc#2" [stack: 0x0000004fec600000,0x0000004fec700000] [id=24544]
  0x000001d3712de600 ConcurrentGCThread "G1 Refine#0" [stack: 0x0000004fe9800000,0x0000004fe9900000] [id=21620]
  0x000001d316642da0 ConcurrentGCThread "G1 Refine#1" [stack: 0x0000004fef200000,0x0000004fef300000] [id=9036]
  0x000001d316640be0 ConcurrentGCThread "G1 Refine#2" [stack: 0x0000004fee000000,0x0000004fee100000] [id=12456]
  0x000001d316641cc0 ConcurrentGCThread "G1 Refine#3" [stack: 0x0000004fee100000,0x0000004fee200000] [id=3804]
  0x000001d3166412a0 ConcurrentGCThread "G1 Refine#4" [stack: 0x0000004fef500000,0x0000004fef600000] [id=15520]
  0x000001d316643b20 ConcurrentGCThread "G1 Refine#5" [stack: 0x0000004fef700000,0x0000004fef800000] [id=16220]
  0x000001d316642380 ConcurrentGCThread "G1 Refine#6" [stack: 0x0000004fef800000,0x0000004fef900000] [id=660]
  0x000001d37f0a8420 ConcurrentGCThread "G1 Young RemSet Sampling" [stack: 0x0000004fe9900000,0x0000004fe9a00000] [id=25472]

Threads with active compile tasks:
C2 CompilerThread0  1329579 22581       4       com.android.tools.r8.internal.X4::a (1165 bytes)
C1 CompilerThread0  1329579 22580   !   2       com.android.tools.r8.graph.H0::G (299 bytes)
C2 CompilerThread1  1329579 22367       4       com.android.tools.r8.graph.B0$c::a (559 bytes)
C2 CompilerThread2  1329579 22368       4       com.android.tools.r8.graph.A0::a (25 bytes)

VM state: at safepoint (normal execution)

VM Mutex/Monitor currently owned by a thread:  ([mutex/lock_event])
[0x000001d371205c90] Threads_lock - owner thread: 0x000001d37f22eb10
[0x000001d371207310] Heap_lock - owner thread: 0x000001d37125a290

Heap address: 0x0000000080000000, size: 2048 MB, Compressed Oops mode: 32-bit
CDS archive(s) mapped at: [0x0000000800000000-0x0000000800b50000-0x0000000800b50000), size 11862016, SharedBaseAddress: 0x0000000800000000, ArchiveRelocationMode: 0.
Compressed class space mapped at: 0x0000000800b50000-0x0000000840b50000, size: 1073741824
Narrow klass base: 0x0000000800000000, Narrow klass shift: 3, Narrow klass range: 0x100000000

GC Precious Log:
 CPUs: 12 total, 12 available
 Memory: 16225M
 Large Page Support: Disabled
 NUMA Support: Disabled
 Compressed Oops: Enabled (32-bit)
 Heap Region Size: 1M
 Heap Min Capacity: 8M
 Heap Initial Capacity: 254M
 Heap Max Capacity: 2G
 Pre-touch: Disabled
 Parallel Workers: 10
 Concurrent Workers: 3
 Concurrent Refinement Workers: 10
 Periodic GC: Disabled

Heap:
 garbage-first heap   total 291840K, used 171956K [0x0000000080000000, 0x0000000100000000)
  region size 1024K, 39 young (39936K), 8 survivors (8192K)
 Metaspace       used 117956K, capacity 119421K, committed 119472K, reserved 1153024K
  class space    used 14910K, capacity 15345K, committed 15360K, reserved 1048576K

Heap Regions: E=young(eden), S=young(survivor), O=old, HS=humongous(starts), HC=humongous(continues), CS=collection set, F=free, OA=open archive, CA=closed archive, TAMS=top-at-mark-start (previous, next)
|   0|0x0000000080000000, 0x0000000080100000, 0x0000000080100000|100%| O|  |TAMS 0x0000000080100000, 0x0000000080000000| Updating 
|   1|0x0000000080100000, 0x0000000080200000, 0x0000000080200000|100%| O|  |TAMS 0x0000000080200000, 0x0000000080100000| Updating 
|   2|0x0000000080200000, 0x0000000080300000, 0x0000000080300000|100%| O|  |TAMS 0x0000000080300000, 0x0000000080200000| Updating 
|   3|0x0000000080300000, 0x0000000080400000, 0x0000000080400000|100%|HS|  |TAMS 0x0000000080400000, 0x0000000080300000| Complete 
|   4|0x0000000080400000, 0x0000000080500000, 0x0000000080500000|100%|HC|  |TAMS 0x0000000080500000, 0x0000000080400000| Complete 
|   5|0x0000000080500000, 0x0000000080600000, 0x0000000080600000|100%|HC|  |TAMS 0x0000000080600000, 0x0000000080500000| Complete 
|   6|0x0000000080600000, 0x0000000080700000, 0x0000000080700000|100%| O|  |TAMS 0x0000000080700000, 0x0000000080600000| Updating 
|   7|0x0000000080700000, 0x0000000080800000, 0x0000000080800000|100%| O|  |TAMS 0x0000000080800000, 0x0000000080700000| Updating 
|   8|0x0000000080800000, 0x0000000080900000, 0x0000000080900000|100%| O|  |TAMS 0x0000000080900000, 0x0000000080800000| Updating 
|   9|0x0000000080900000, 0x0000000080a00000, 0x0000000080a00000|100%| O|  |TAMS 0x0000000080a00000, 0x0000000080900000| Updating 
|  10|0x0000000080a00000, 0x0000000080b00000, 0x0000000080b00000|100%| O|  |TAMS 0x0000000080b00000, 0x0000000080a00000| Updating 
|  11|0x0000000080b00000, 0x0000000080c00000, 0x0000000080c00000|100%| O|  |TAMS 0x0000000080c00000, 0x0000000080b00000| Updating 
|  12|0x0000000080c00000, 0x0000000080d00000, 0x0000000080d00000|100%| O|  |TAMS 0x0000000080d00000, 0x0000000080c00000| Updating 
|  13|0x0000000080d00000, 0x0000000080e00000, 0x0000000080e00000|100%| O|  |TAMS 0x0000000080e00000, 0x0000000080d00000| Updating 
|  14|0x0000000080e00000, 0x0000000080f00000, 0x0000000080f00000|100%| O|  |TAMS 0x0000000080f00000, 0x0000000080e00000| Updating 
|  15|0x0000000080f00000, 0x0000000081000000, 0x0000000081000000|100%| O|  |TAMS 0x0000000081000000, 0x0000000080f00000| Updating 
|  16|0x0000000081000000, 0x0000000081100000, 0x0000000081100000|100%| O|  |TAMS 0x0000000081100000, 0x0000000081000000| Updating 
|  17|0x0000000081100000, 0x0000000081200000, 0x0000000081200000|100%| O|  |TAMS 0x0000000081200000, 0x0000000081100000| Updating 
|  18|0x0000000081200000, 0x0000000081300000, 0x0000000081300000|100%| O|  |TAMS 0x0000000081300000, 0x0000000081200000| Updating 
|  19|0x0000000081300000, 0x0000000081400000, 0x0000000081400000|100%| O|  |TAMS 0x0000000081400000, 0x0000000081300000| Updating 
|  20|0x0000000081400000, 0x0000000081500000, 0x0000000081500000|100%| O|  |TAMS 0x0000000081500000, 0x0000000081400000| Updating 
|  21|0x0000000081500000, 0x0000000081600000, 0x0000000081600000|100%| O|  |TAMS 0x0000000081600000, 0x0000000081500000| Updating 
|  22|0x0000000081600000, 0x0000000081700000, 0x0000000081700000|100%| O|  |TAMS 0x0000000081700000, 0x0000000081600000| Updating 
|  23|0x0000000081700000, 0x0000000081800000, 0x0000000081800000|100%| O|  |TAMS 0x0000000081800000, 0x0000000081700000| Updating 
|  24|0x0000000081800000, 0x0000000081900000, 0x0000000081900000|100%| O|  |TAMS 0x0000000081900000, 0x0000000081800000| Updating 
|  25|0x0000000081900000, 0x0000000081a00000, 0x0000000081a00000|100%| O|  |TAMS 0x0000000081a00000, 0x0000000081900000| Updating 
|  26|0x0000000081a00000, 0x0000000081b00000, 0x0000000081b00000|100%| O|  |TAMS 0x0000000081b00000, 0x0000000081a00000| Updating 
|  27|0x0000000081b00000, 0x0000000081c00000, 0x0000000081c00000|100%| O|  |TAMS 0x0000000081c00000, 0x0000000081b00000| Updating 
|  28|0x0000000081c00000, 0x0000000081d00000, 0x0000000081d00000|100%|HS|  |TAMS 0x0000000081d00000, 0x0000000081c00000| Complete 
|  29|0x0000000081d00000, 0x0000000081e00000, 0x0000000081e00000|100%|HS|  |TAMS 0x0000000081e00000, 0x0000000081d00000| Complete 
|  30|0x0000000081e00000, 0x0000000081f00000, 0x0000000081f00000|100%| O|  |TAMS 0x0000000081f00000, 0x0000000081e00000| Updating 
|  31|0x0000000081f00000, 0x0000000082000000, 0x0000000082000000|100%| O|  |TAMS 0x0000000082000000, 0x0000000081f00000| Updating 
|  32|0x0000000082000000, 0x0000000082100000, 0x0000000082100000|100%|HS|  |TAMS 0x0000000082100000, 0x0000000082000000| Complete 
|  33|0x0000000082100000, 0x0000000082200000, 0x0000000082200000|100%|HC|  |TAMS 0x0000000082200000, 0x0000000082100000| Complete 
|  34|0x0000000082200000, 0x0000000082300000, 0x0000000082300000|100%| O|  |TAMS 0x0000000082300000, 0x0000000082200000| Updating 
|  35|0x0000000082300000, 0x0000000082400000, 0x0000000082400000|100%| O|  |TAMS 0x0000000082400000, 0x0000000082300000| Updating 
|  36|0x0000000082400000, 0x0000000082400000, 0x0000000082500000|  0%| F|  |TAMS 0x0000000082400000, 0x0000000082400000| Untracked 
|  37|0x0000000082500000, 0x0000000082500000, 0x0000000082600000|  0%| F|  |TAMS 0x0000000082500000, 0x0000000082500000| Untracked 
|  38|0x0000000082600000, 0x0000000082700000, 0x0000000082700000|100%| O|  |TAMS 0x0000000082700000, 0x0000000082600000| Updating 
|  39|0x0000000082700000, 0x0000000082800000, 0x0000000082800000|100%| O|  |TAMS 0x0000000082800000, 0x0000000082700000| Updating 
|  40|0x0000000082800000, 0x0000000082900000, 0x0000000082900000|100%| O|  |TAMS 0x0000000082900000, 0x0000000082800000| Updating 
|  41|0x0000000082900000, 0x0000000082a00000, 0x0000000082a00000|100%| O|  |TAMS 0x0000000082a00000, 0x0000000082900000| Updating 
|  42|0x0000000082a00000, 0x0000000082b00000, 0x0000000082b00000|100%| O|  |TAMS 0x0000000082b00000, 0x0000000082a00000| Updating 
|  43|0x0000000082b00000, 0x0000000082c00000, 0x0000000082c00000|100%| O|  |TAMS 0x0000000082c00000, 0x0000000082b00000| Updating 
|  44|0x0000000082c00000, 0x0000000082d00000, 0x0000000082d00000|100%| O|  |TAMS 0x0000000082d00000, 0x0000000082c00000| Updating 
|  45|0x0000000082d00000, 0x0000000082e00000, 0x0000000082e00000|100%| O|  |TAMS 0x0000000082e00000, 0x0000000082d00000| Updating 
|  46|0x0000000082e00000, 0x0000000082f00000, 0x0000000082f00000|100%| O|  |TAMS 0x0000000082f00000, 0x0000000082e00000| Updating 
|  47|0x0000000082f00000, 0x0000000083000000, 0x0000000083000000|100%| O|  |TAMS 0x0000000083000000, 0x0000000082f00000| Updating 
|  48|0x0000000083000000, 0x0000000083100000, 0x0000000083100000|100%| O|  |TAMS 0x0000000083100000, 0x0000000083000000| Updating 
|  49|0x0000000083100000, 0x0000000083200000, 0x0000000083200000|100%| O|  |TAMS 0x0000000083200000, 0x0000000083100000| Updating 
|  50|0x0000000083200000, 0x0000000083300000, 0x0000000083300000|100%| O|  |TAMS 0x0000000083300000, 0x0000000083200000| Updating 
|  51|0x0000000083300000, 0x0000000083400000, 0x0000000083400000|100%| O|  |TAMS 0x0000000083400000, 0x0000000083300000| Updating 
|  52|0x0000000083400000, 0x0000000083500000, 0x0000000083500000|100%| O|  |TAMS 0x0000000083500000, 0x0000000083400000| Updating 
|  53|0x0000000083500000, 0x0000000083600000, 0x0000000083600000|100%| O|  |TAMS 0x0000000083600000, 0x0000000083500000| Updating 
|  54|0x0000000083600000, 0x0000000083700000, 0x0000000083700000|100%| O|  |TAMS 0x0000000083700000, 0x0000000083600000| Updating 
|  55|0x0000000083700000, 0x0000000083800000, 0x0000000083800000|100%|HS|  |TAMS 0x0000000083800000, 0x0000000083700000| Complete 
|  56|0x0000000083800000, 0x0000000083900000, 0x0000000083900000|100%|HC|  |TAMS 0x0000000083900000, 0x0000000083800000| Complete 
|  57|0x0000000083900000, 0x0000000083a00000, 0x0000000083a00000|100%| O|  |TAMS 0x0000000083a00000, 0x0000000083900000| Updating 
|  58|0x0000000083a00000, 0x0000000083b00000, 0x0000000083b00000|100%| O|  |TAMS 0x0000000083b00000, 0x0000000083a00000| Updating 
|  59|0x0000000083b00000, 0x0000000083c00000, 0x0000000083c00000|100%| O|  |TAMS 0x0000000083c00000, 0x0000000083b00000| Updating 
|  60|0x0000000083c00000, 0x0000000083c00000, 0x0000000083d00000|  0%| F|  |TAMS 0x0000000083c00000, 0x0000000083c00000| Untracked 
|  61|0x0000000083d00000, 0x0000000083d00000, 0x0000000083e00000|  0%| F|  |TAMS 0x0000000083d00000, 0x0000000083d00000| Untracked 
|  62|0x0000000083e00000, 0x0000000083f00000, 0x0000000083f00000|100%| O|  |TAMS 0x0000000083f00000, 0x0000000083e00000| Updating 
|  63|0x0000000083f00000, 0x0000000084000000, 0x0000000084000000|100%| O|  |TAMS 0x0000000084000000, 0x0000000083f00000| Updating 
|  64|0x0000000084000000, 0x0000000084100000, 0x0000000084100000|100%| O|  |TAMS 0x0000000084100000, 0x0000000084000000| Updating 
|  65|0x0000000084100000, 0x0000000084200000, 0x0000000084200000|100%| O|  |TAMS 0x0000000084200000, 0x0000000084100000| Updating 
|  66|0x0000000084200000, 0x0000000084300000, 0x0000000084300000|100%| O|  |TAMS 0x0000000084300000, 0x0000000084200000| Updating 
|  67|0x0000000084300000, 0x0000000084400000, 0x0000000084400000|100%| O|  |TAMS 0x0000000084400000, 0x0000000084300000| Updating 
|  68|0x0000000084400000, 0x0000000084500000, 0x0000000084500000|100%| O|  |TAMS 0x0000000084500000, 0x0000000084400000| Updating 
|  69|0x0000000084500000, 0x0000000084600000, 0x0000000084600000|100%| O|  |TAMS 0x0000000084600000, 0x0000000084500000| Updating 
|  70|0x0000000084600000, 0x0000000084600000, 0x0000000084700000|  0%| F|  |TAMS 0x0000000084600000, 0x0000000084600000| Untracked 
|  71|0x0000000084700000, 0x0000000084800000, 0x0000000084800000|100%| O|  |TAMS 0x0000000084800000, 0x0000000084700000| Updating 
|  72|0x0000000084800000, 0x0000000084900000, 0x0000000084900000|100%| O|  |TAMS 0x0000000084900000, 0x0000000084800000| Updating 
|  73|0x0000000084900000, 0x0000000084a00000, 0x0000000084a00000|100%| O|  |TAMS 0x0000000084a00000, 0x0000000084900000| Updating 
|  74|0x0000000084a00000, 0x0000000084a00000, 0x0000000084b00000|  0%| F|  |TAMS 0x0000000084a00000, 0x0000000084a00000| Untracked 
|  75|0x0000000084b00000, 0x0000000084c00000, 0x0000000084c00000|100%| O|  |TAMS 0x0000000084c00000, 0x0000000084b00000| Updating 
|  76|0x0000000084c00000, 0x0000000084d00000, 0x0000000084d00000|100%| O|  |TAMS 0x0000000084d00000, 0x0000000084c00000| Updating 
|  77|0x0000000084d00000, 0x0000000084e00000, 0x0000000084e00000|100%| O|  |TAMS 0x0000000084e00000, 0x0000000084d00000| Updating 
|  78|0x0000000084e00000, 0x0000000084f00000, 0x0000000084f00000|100%| O|  |TAMS 0x0000000084f00000, 0x0000000084e00000| Updating 
|  79|0x0000000084f00000, 0x0000000085000000, 0x0000000085000000|100%| O|  |TAMS 0x0000000085000000, 0x0000000084f00000| Updating 
|  80|0x0000000085000000, 0x0000000085100000, 0x0000000085100000|100%| O|  |TAMS 0x0000000085100000, 0x0000000085000000| Updating 
|  81|0x0000000085100000, 0x0000000085100000, 0x0000000085200000|  0%| F|  |TAMS 0x0000000085100000, 0x0000000085100000| Untracked 
|  82|0x0000000085200000, 0x0000000085300000, 0x0000000085300000|100%| O|  |TAMS 0x0000000085300000, 0x0000000085200000| Updating 
|  83|0x0000000085300000, 0x0000000085400000, 0x0000000085400000|100%| O|  |TAMS 0x0000000085400000, 0x0000000085300000| Updating 
|  84|0x0000000085400000, 0x0000000085400000, 0x0000000085500000|  0%| F|  |TAMS 0x0000000085400000, 0x0000000085400000| Untracked 
|  85|0x0000000085500000, 0x0000000085600000, 0x0000000085600000|100%| O|  |TAMS 0x0000000085600000, 0x0000000085500000| Updating 
|  86|0x0000000085600000, 0x0000000085600000, 0x0000000085700000|  0%| F|  |TAMS 0x0000000085600000, 0x0000000085600000| Untracked 
|  87|0x0000000085700000, 0x0000000085800000, 0x0000000085800000|100%| O|  |TAMS 0x0000000085800000, 0x0000000085700000| Updating 
|  88|0x0000000085800000, 0x0000000085900000, 0x0000000085900000|100%| O|  |TAMS 0x0000000085900000, 0x0000000085800000| Updating 
|  89|0x0000000085900000, 0x0000000085900000, 0x0000000085a00000|  0%| F|  |TAMS 0x0000000085900000, 0x0000000085900000| Untracked 
|  90|0x0000000085a00000, 0x0000000085b00000, 0x0000000085b00000|100%| O|  |TAMS 0x0000000085b00000, 0x0000000085a00000| Updating 
|  91|0x0000000085b00000, 0x0000000085c00000, 0x0000000085c00000|100%| O|  |TAMS 0x0000000085c00000, 0x0000000085b00000| Updating 
|  92|0x0000000085c00000, 0x0000000085d00000, 0x0000000085d00000|100%| O|  |TAMS 0x0000000085d00000, 0x0000000085c00000| Updating 
|  93|0x0000000085d00000, 0x0000000085e00000, 0x0000000085e00000|100%| O|  |TAMS 0x0000000085e00000, 0x0000000085d00000| Updating 
|  94|0x0000000085e00000, 0x0000000085f00000, 0x0000000085f00000|100%| O|  |TAMS 0x0000000085f00000, 0x0000000085e00000| Updating 
|  95|0x0000000085f00000, 0x0000000086000000, 0x0000000086000000|100%| O|  |TAMS 0x0000000086000000, 0x0000000085f00000| Updating 
|  96|0x0000000086000000, 0x0000000086100000, 0x0000000086100000|100%| O|  |TAMS 0x0000000086100000, 0x0000000086000000| Updating 
|  97|0x0000000086100000, 0x0000000086200000, 0x0000000086200000|100%| O|  |TAMS 0x0000000086200000, 0x0000000086100000| Updating 
|  98|0x0000000086200000, 0x0000000086300000, 0x0000000086300000|100%| O|  |TAMS 0x0000000086300000, 0x0000000086200000| Updating 
|  99|0x0000000086300000, 0x0000000086400000, 0x0000000086400000|100%| O|  |TAMS 0x0000000086400000, 0x0000000086300000| Updating 
| 100|0x0000000086400000, 0x0000000086500000, 0x0000000086500000|100%| O|  |TAMS 0x0000000086500000, 0x0000000086400000| Updating 
| 101|0x0000000086500000, 0x0000000086500000, 0x0000000086600000|  0%| F|  |TAMS 0x0000000086500000, 0x0000000086500000| Untracked 
| 102|0x0000000086600000, 0x0000000086700000, 0x0000000086700000|100%| O|  |TAMS 0x0000000086700000, 0x0000000086600000| Updating 
| 103|0x0000000086700000, 0x0000000086800000, 0x0000000086800000|100%| O|  |TAMS 0x0000000086800000, 0x0000000086700000| Updating 
| 104|0x0000000086800000, 0x0000000086900000, 0x0000000086900000|100%| O|  |TAMS 0x0000000086900000, 0x0000000086800000| Updating 
| 105|0x0000000086900000, 0x0000000086a00000, 0x0000000086a00000|100%| O|  |TAMS 0x0000000086a00000, 0x0000000086900000| Updating 
| 106|0x0000000086a00000, 0x0000000086b00000, 0x0000000086b00000|100%| O|  |TAMS 0x0000000086b00000, 0x0000000086a00000| Updating 
| 107|0x0000000086b00000, 0x0000000086c00000, 0x0000000086c00000|100%| O|  |TAMS 0x0000000086c00000, 0x0000000086b00000| Updating 
| 108|0x0000000086c00000, 0x0000000086d00000, 0x0000000086d00000|100%| O|  |TAMS 0x0000000086d00000, 0x0000000086c00000| Updating 
| 109|0x0000000086d00000, 0x0000000086e00000, 0x0000000086e00000|100%| O|  |TAMS 0x0000000086e00000, 0x0000000086d00000| Updating 
| 110|0x0000000086e00000, 0x0000000086e00000, 0x0000000086f00000|  0%| F|  |TAMS 0x0000000086e00000, 0x0000000086e00000| Untracked 
| 111|0x0000000086f00000, 0x0000000087000000, 0x0000000087000000|100%| O|  |TAMS 0x0000000087000000, 0x0000000086f00000| Updating 
| 112|0x0000000087000000, 0x0000000087100000, 0x0000000087100000|100%| O|  |TAMS 0x0000000087100000, 0x0000000087000000| Updating 
| 113|0x0000000087100000, 0x0000000087200000, 0x0000000087200000|100%| O|  |TAMS 0x0000000087200000, 0x0000000087100000| Updating 
| 114|0x0000000087200000, 0x0000000087300000, 0x0000000087300000|100%| O|  |TAMS 0x0000000087300000, 0x0000000087200000| Updating 
| 115|0x0000000087300000, 0x0000000087400000, 0x0000000087400000|100%| O|  |TAMS 0x0000000087400000, 0x0000000087300000| Updating 
| 116|0x0000000087400000, 0x0000000087500000, 0x0000000087500000|100%| O|  |TAMS 0x0000000087500000, 0x0000000087400000| Updating 
| 117|0x0000000087500000, 0x0000000087600000, 0x0000000087600000|100%| O|  |TAMS 0x0000000087600000, 0x0000000087500000| Updating 
| 118|0x0000000087600000, 0x0000000087700000, 0x0000000087700000|100%| O|  |TAMS 0x0000000087700000, 0x0000000087600000| Updating 
| 119|0x0000000087700000, 0x0000000087800000, 0x0000000087800000|100%| O|  |TAMS 0x0000000087800000, 0x0000000087700000| Updating 
| 120|0x0000000087800000, 0x0000000087900000, 0x0000000087900000|100%| O|  |TAMS 0x0000000087900000, 0x0000000087800000| Updating 
| 121|0x0000000087900000, 0x0000000087a00000, 0x0000000087a00000|100%| O|  |TAMS 0x0000000087a00000, 0x0000000087900000| Updating 
| 122|0x0000000087a00000, 0x0000000087b00000, 0x0000000087b00000|100%| O|  |TAMS 0x0000000087b00000, 0x0000000087a00000| Updating 
| 123|0x0000000087b00000, 0x0000000087c00000, 0x0000000087c00000|100%| O|  |TAMS 0x0000000087c00000, 0x0000000087b00000| Updating 
| 124|0x0000000087c00000, 0x0000000087d00000, 0x0000000087d00000|100%| O|  |TAMS 0x0000000087d00000, 0x0000000087c00000| Updating 
| 125|0x0000000087d00000, 0x0000000087e00000, 0x0000000087e00000|100%| O|  |TAMS 0x0000000087e00000, 0x0000000087d00000| Updating 
| 126|0x0000000087e00000, 0x0000000087e00000, 0x0000000087f00000|  0%| F|  |TAMS 0x0000000087e00000, 0x0000000087e00000| Untracked 
| 127|0x0000000087f00000, 0x0000000088000000, 0x0000000088000000|100%| O|  |TAMS 0x0000000088000000, 0x0000000087f00000| Updating 
| 128|0x0000000088000000, 0x0000000088100000, 0x0000000088100000|100%| O|  |TAMS 0x0000000088100000, 0x0000000088000000| Updating 
| 129|0x0000000088100000, 0x0000000088200000, 0x0000000088200000|100%| O|  |TAMS 0x0000000088200000, 0x0000000088100000| Updating 
| 130|0x0000000088200000, 0x0000000088300000, 0x0000000088300000|100%| O|  |TAMS 0x0000000088300000, 0x0000000088200000| Updating 
| 131|0x0000000088300000, 0x0000000088300000, 0x0000000088400000|  0%| F|  |TAMS 0x0000000088300000, 0x0000000088300000| Untracked 
| 132|0x0000000088400000, 0x0000000088500000, 0x0000000088500000|100%| O|  |TAMS 0x0000000088500000, 0x0000000088400000| Updating 
| 133|0x0000000088500000, 0x0000000088500000, 0x0000000088600000|  0%| F|  |TAMS 0x0000000088500000, 0x0000000088500000| Untracked 
| 134|0x0000000088600000, 0x0000000088700000, 0x0000000088700000|100%| O|  |TAMS 0x0000000088700000, 0x0000000088600000| Updating 
| 135|0x0000000088700000, 0x0000000088800000, 0x0000000088800000|100%| O|  |TAMS 0x0000000088800000, 0x0000000088700000| Updating 
| 136|0x0000000088800000, 0x0000000088900000, 0x0000000088900000|100%| O|  |TAMS 0x0000000088900000, 0x0000000088800000| Updating 
| 137|0x0000000088900000, 0x0000000088a00000, 0x0000000088a00000|100%| O|  |TAMS 0x0000000088a00000, 0x0000000088900000| Updating 
| 138|0x0000000088a00000, 0x0000000088b00000, 0x0000000088b00000|100%| O|  |TAMS 0x0000000088b00000, 0x0000000088a00000| Updating 
| 139|0x0000000088b00000, 0x0000000088c00000, 0x0000000088c00000|100%| O|  |TAMS 0x0000000088c00000, 0x0000000088b00000| Updating 
| 140|0x0000000088c00000, 0x0000000088d00000, 0x0000000088d00000|100%| O|  |TAMS 0x0000000088d00000, 0x0000000088c00000| Updating 
| 141|0x0000000088d00000, 0x0000000088e00000, 0x0000000088e00000|100%| O|  |TAMS 0x0000000088e00000, 0x0000000088d00000| Updating 
| 142|0x0000000088e00000, 0x0000000088f00000, 0x0000000088f00000|100%| O|  |TAMS 0x0000000088f00000, 0x0000000088e00000| Updating 
| 143|0x0000000088f00000, 0x0000000088f00000, 0x0000000089000000|  0%| F|  |TAMS 0x0000000088f00000, 0x0000000088f00000| Untracked 
| 144|0x0000000089000000, 0x0000000089000000, 0x0000000089100000|  0%| F|  |TAMS 0x0000000089000000, 0x0000000089000000| Untracked 
| 145|0x0000000089100000, 0x0000000089100000, 0x0000000089200000|  0%| F|  |TAMS 0x0000000089100000, 0x0000000089100000| Untracked 
| 146|0x0000000089200000, 0x0000000089200000, 0x0000000089300000|  0%| F|  |TAMS 0x0000000089200000, 0x0000000089200000| Untracked 
| 147|0x0000000089300000, 0x0000000089300000, 0x0000000089400000|  0%| F|  |TAMS 0x0000000089300000, 0x0000000089300000| Untracked 
| 148|0x0000000089400000, 0x0000000089400000, 0x0000000089500000|  0%| F|  |TAMS 0x0000000089400000, 0x0000000089400000| Untracked 
| 149|0x0000000089500000, 0x0000000089500000, 0x0000000089600000|  0%| F|  |TAMS 0x0000000089500000, 0x0000000089500000| Untracked 
| 150|0x0000000089600000, 0x0000000089600000, 0x0000000089700000|  0%| F|  |TAMS 0x0000000089600000, 0x0000000089600000| Untracked 
| 151|0x0000000089700000, 0x0000000089700000, 0x0000000089800000|  0%| F|  |TAMS 0x0000000089700000, 0x0000000089700000| Untracked 
| 152|0x0000000089800000, 0x0000000089800000, 0x0000000089900000|  0%| F|  |TAMS 0x0000000089800000, 0x0000000089800000| Untracked 
| 153|0x0000000089900000, 0x0000000089a00000, 0x0000000089a00000|100%| O|  |TAMS 0x0000000089a00000, 0x0000000089900000| Updating 
| 154|0x0000000089a00000, 0x0000000089b00000, 0x0000000089b00000|100%| O|  |TAMS 0x0000000089b00000, 0x0000000089a00000| Updating 
| 155|0x0000000089b00000, 0x0000000089c00000, 0x0000000089c00000|100%| O|  |TAMS 0x0000000089c00000, 0x0000000089b00000| Updating 
| 156|0x0000000089c00000, 0x0000000089c58600, 0x0000000089d00000| 34%| O|  |TAMS 0x0000000089c58600, 0x0000000089c00000| Updating 
| 157|0x0000000089d00000, 0x0000000089d00000, 0x0000000089e00000|  0%| F|  |TAMS 0x0000000089d00000, 0x0000000089d00000| Untracked 
| 158|0x0000000089e00000, 0x0000000089e00000, 0x0000000089f00000|  0%| F|  |TAMS 0x0000000089e00000, 0x0000000089e00000| Untracked 
| 159|0x0000000089f00000, 0x0000000089f00000, 0x000000008a000000|  0%| F|  |TAMS 0x0000000089f00000, 0x0000000089f00000| Untracked 
| 160|0x000000008a000000, 0x000000008a000000, 0x000000008a100000|  0%| F|  |TAMS 0x000000008a000000, 0x000000008a000000| Untracked 
| 161|0x000000008a100000, 0x000000008a100000, 0x000000008a200000|  0%| F|  |TAMS 0x000000008a100000, 0x000000008a100000| Untracked 
| 162|0x000000008a200000, 0x000000008a200000, 0x000000008a300000|  0%| F|  |TAMS 0x000000008a200000, 0x000000008a200000| Untracked 
| 163|0x000000008a300000, 0x000000008a300000, 0x000000008a400000|  0%| F|  |TAMS 0x000000008a300000, 0x000000008a300000| Untracked 
| 164|0x000000008a400000, 0x000000008a400000, 0x000000008a500000|  0%| F|  |TAMS 0x000000008a400000, 0x000000008a400000| Untracked 
| 165|0x000000008a500000, 0x000000008a500000, 0x000000008a600000|  0%| F|  |TAMS 0x000000008a500000, 0x000000008a500000| Untracked 
| 166|0x000000008a600000, 0x000000008a600000, 0x000000008a700000|  0%| F|  |TAMS 0x000000008a600000, 0x000000008a600000| Untracked 
| 167|0x000000008a700000, 0x000000008a700000, 0x000000008a800000|  0%| F|  |TAMS 0x000000008a700000, 0x000000008a700000| Untracked 
| 168|0x000000008a800000, 0x000000008a800000, 0x000000008a900000|  0%| F|  |TAMS 0x000000008a800000, 0x000000008a800000| Untracked 
| 169|0x000000008a900000, 0x000000008a900000, 0x000000008aa00000|  0%| F|  |TAMS 0x000000008a900000, 0x000000008a900000| Untracked 
| 170|0x000000008aa00000, 0x000000008aa00000, 0x000000008ab00000|  0%| F|  |TAMS 0x000000008aa00000, 0x000000008aa00000| Untracked 
| 171|0x000000008ab00000, 0x000000008ab00000, 0x000000008ac00000|  0%| F|  |TAMS 0x000000008ab00000, 0x000000008ab00000| Untracked 
| 172|0x000000008ac00000, 0x000000008ac00000, 0x000000008ad00000|  0%| F|  |TAMS 0x000000008ac00000, 0x000000008ac00000| Untracked 
| 173|0x000000008ad00000, 0x000000008ad00000, 0x000000008ae00000|  0%| F|  |TAMS 0x000000008ad00000, 0x000000008ad00000| Untracked 
| 174|0x000000008ae00000, 0x000000008ae00000, 0x000000008af00000|  0%| F|  |TAMS 0x000000008ae00000, 0x000000008ae00000| Untracked 
| 175|0x000000008af00000, 0x000000008af94a68, 0x000000008b000000| 58%| S|CS|TAMS 0x000000008af00000, 0x000000008af00000| Complete 
| 176|0x000000008b000000, 0x000000008b100000, 0x000000008b100000|100%| S|CS|TAMS 0x000000008b000000, 0x000000008b000000| Complete 
| 177|0x000000008b100000, 0x000000008b200000, 0x000000008b200000|100%| S|CS|TAMS 0x000000008b100000, 0x000000008b100000| Complete 
| 178|0x000000008b200000, 0x000000008b300000, 0x000000008b300000|100%| S|CS|TAMS 0x000000008b200000, 0x000000008b200000| Complete 
| 179|0x000000008b300000, 0x000000008b400000, 0x000000008b400000|100%| S|CS|TAMS 0x000000008b300000, 0x000000008b300000| Complete 
| 180|0x000000008b400000, 0x000000008b500000, 0x000000008b500000|100%| S|CS|TAMS 0x000000008b400000, 0x000000008b400000| Complete 
| 181|0x000000008b500000, 0x000000008b600000, 0x000000008b600000|100%| S|CS|TAMS 0x000000008b500000, 0x000000008b500000| Complete 
| 182|0x000000008b600000, 0x000000008b700000, 0x000000008b700000|100%| S|CS|TAMS 0x000000008b600000, 0x000000008b600000| Complete 
| 183|0x000000008b700000, 0x000000008b700000, 0x000000008b800000|  0%| F|  |TAMS 0x000000008b700000, 0x000000008b700000| Untracked 
| 184|0x000000008b800000, 0x000000008b800000, 0x000000008b900000|  0%| F|  |TAMS 0x000000008b800000, 0x000000008b800000| Untracked 
| 185|0x000000008b900000, 0x000000008b900000, 0x000000008ba00000|  0%| F|  |TAMS 0x000000008b900000, 0x000000008b900000| Untracked 
| 186|0x000000008ba00000, 0x000000008ba00000, 0x000000008bb00000|  0%| F|  |TAMS 0x000000008ba00000, 0x000000008ba00000| Untracked 
| 187|0x000000008bb00000, 0x000000008bb00000, 0x000000008bc00000|  0%| F|  |TAMS 0x000000008bb00000, 0x000000008bb00000| Untracked 
| 188|0x000000008bc00000, 0x000000008bc00000, 0x000000008bd00000|  0%| F|  |TAMS 0x000000008bc00000, 0x000000008bc00000| Untracked 
| 189|0x000000008bd00000, 0x000000008bd00000, 0x000000008be00000|  0%| F|  |TAMS 0x000000008bd00000, 0x000000008bd00000| Untracked 
| 190|0x000000008be00000, 0x000000008be00000, 0x000000008bf00000|  0%| F|  |TAMS 0x000000008be00000, 0x000000008be00000| Untracked 
| 191|0x000000008bf00000, 0x000000008bf00000, 0x000000008c000000|  0%| F|  |TAMS 0x000000008bf00000, 0x000000008bf00000| Untracked 
| 192|0x000000008c000000, 0x000000008c000000, 0x000000008c100000|  0%| F|  |TAMS 0x000000008c000000, 0x000000008c000000| Untracked 
| 193|0x000000008c100000, 0x000000008c100000, 0x000000008c200000|  0%| F|  |TAMS 0x000000008c100000, 0x000000008c100000| Untracked 
| 194|0x000000008c200000, 0x000000008c200000, 0x000000008c300000|  0%| F|  |TAMS 0x000000008c200000, 0x000000008c200000| Untracked 
| 195|0x000000008c300000, 0x000000008c300000, 0x000000008c400000|  0%| F|  |TAMS 0x000000008c300000, 0x000000008c300000| Untracked 
| 196|0x000000008c400000, 0x000000008c400000, 0x000000008c500000|  0%| F|  |TAMS 0x000000008c400000, 0x000000008c400000| Untracked 
| 197|0x000000008c500000, 0x000000008c500000, 0x000000008c600000|  0%| F|  |TAMS 0x000000008c500000, 0x000000008c500000| Untracked 
| 198|0x000000008c600000, 0x000000008c600000, 0x000000008c700000|  0%| F|  |TAMS 0x000000008c600000, 0x000000008c600000| Untracked 
| 199|0x000000008c700000, 0x000000008c700000, 0x000000008c800000|  0%| F|  |TAMS 0x000000008c700000, 0x000000008c700000| Untracked 
| 200|0x000000008c800000, 0x000000008c800000, 0x000000008c900000|  0%| F|  |TAMS 0x000000008c800000, 0x000000008c800000| Untracked 
| 201|0x000000008c900000, 0x000000008c900000, 0x000000008ca00000|  0%| F|  |TAMS 0x000000008c900000, 0x000000008c900000| Untracked 
| 202|0x000000008ca00000, 0x000000008ca00000, 0x000000008cb00000|  0%| F|  |TAMS 0x000000008ca00000, 0x000000008ca00000| Untracked 
| 203|0x000000008cb00000, 0x000000008cb00000, 0x000000008cc00000|  0%| F|  |TAMS 0x000000008cb00000, 0x000000008cb00000| Untracked 
| 204|0x000000008cc00000, 0x000000008cc00000, 0x000000008cd00000|  0%| F|  |TAMS 0x000000008cc00000, 0x000000008cc00000| Untracked 
| 205|0x000000008cd00000, 0x000000008cd00000, 0x000000008ce00000|  0%| F|  |TAMS 0x000000008cd00000, 0x000000008cd00000| Untracked 
| 206|0x000000008ce00000, 0x000000008ce00000, 0x000000008cf00000|  0%| F|  |TAMS 0x000000008ce00000, 0x000000008ce00000| Untracked 
| 207|0x000000008cf00000, 0x000000008cf00000, 0x000000008d000000|  0%| F|  |TAMS 0x000000008cf00000, 0x000000008cf00000| Untracked 
| 208|0x000000008d000000, 0x000000008d000000, 0x000000008d100000|  0%| F|  |TAMS 0x000000008d000000, 0x000000008d000000| Untracked 
| 209|0x000000008d100000, 0x000000008d100000, 0x000000008d200000|  0%| F|  |TAMS 0x000000008d100000, 0x000000008d100000| Untracked 
| 210|0x000000008d200000, 0x000000008d200000, 0x000000008d300000|  0%| F|  |TAMS 0x000000008d200000, 0x000000008d200000| Untracked 
| 211|0x000000008d300000, 0x000000008d300000, 0x000000008d400000|  0%| F|  |TAMS 0x000000008d300000, 0x000000008d300000| Untracked 
| 212|0x000000008d400000, 0x000000008d400000, 0x000000008d500000|  0%| F|  |TAMS 0x000000008d400000, 0x000000008d400000| Untracked 
| 213|0x000000008d500000, 0x000000008d52b408, 0x000000008d600000| 16%| E|  |TAMS 0x000000008d500000, 0x000000008d500000| Complete 
| 214|0x000000008d600000, 0x000000008d700000, 0x000000008d700000|100%| E|CS|TAMS 0x000000008d600000, 0x000000008d600000| Complete 
| 215|0x000000008d700000, 0x000000008d800000, 0x000000008d800000|100%| E|CS|TAMS 0x000000008d700000, 0x000000008d700000| Complete 
| 216|0x000000008d800000, 0x000000008d900000, 0x000000008d900000|100%| E|CS|TAMS 0x000000008d800000, 0x000000008d800000| Complete 
| 217|0x000000008d900000, 0x000000008da00000, 0x000000008da00000|100%| E|CS|TAMS 0x000000008d900000, 0x000000008d900000| Complete 
| 218|0x000000008da00000, 0x000000008db00000, 0x000000008db00000|100%| E|  |TAMS 0x000000008da00000, 0x000000008da00000| Complete 
| 219|0x000000008db00000, 0x000000008dc00000, 0x000000008dc00000|100%| E|CS|TAMS 0x000000008db00000, 0x000000008db00000| Complete 
| 220|0x000000008dc00000, 0x000000008dd00000, 0x000000008dd00000|100%| E|CS|TAMS 0x000000008dc00000, 0x000000008dc00000| Complete 
| 221|0x000000008dd00000, 0x000000008de00000, 0x000000008de00000|100%| E|CS|TAMS 0x000000008dd00000, 0x000000008dd00000| Complete 
| 222|0x000000008de00000, 0x000000008df00000, 0x000000008df00000|100%| E|CS|TAMS 0x000000008de00000, 0x000000008de00000| Complete 
| 223|0x000000008df00000, 0x000000008e000000, 0x000000008e000000|100%| E|CS|TAMS 0x000000008df00000, 0x000000008df00000| Complete 
| 224|0x000000008e000000, 0x000000008e100000, 0x000000008e100000|100%| E|CS|TAMS 0x000000008e000000, 0x000000008e000000| Complete 
| 225|0x000000008e100000, 0x000000008e200000, 0x000000008e200000|100%| E|CS|TAMS 0x000000008e100000, 0x000000008e100000| Complete 
| 226|0x000000008e200000, 0x000000008e300000, 0x000000008e300000|100%| E|CS|TAMS 0x000000008e200000, 0x000000008e200000| Complete 
| 227|0x000000008e300000, 0x000000008e400000, 0x000000008e400000|100%| E|CS|TAMS 0x000000008e300000, 0x000000008e300000| Complete 
| 228|0x000000008e400000, 0x000000008e500000, 0x000000008e500000|100%| E|CS|TAMS 0x000000008e400000, 0x000000008e400000| Complete 
| 229|0x000000008e500000, 0x000000008e600000, 0x000000008e600000|100%| E|CS|TAMS 0x000000008e500000, 0x000000008e500000| Complete 
| 230|0x000000008e600000, 0x000000008e700000, 0x000000008e700000|100%| E|CS|TAMS 0x000000008e600000, 0x000000008e600000| Complete 
| 231|0x000000008e700000, 0x000000008e800000, 0x000000008e800000|100%| E|CS|TAMS 0x000000008e700000, 0x000000008e700000| Complete 
| 232|0x000000008e800000, 0x000000008e900000, 0x000000008e900000|100%| E|CS|TAMS 0x000000008e800000, 0x000000008e800000| Complete 
| 233|0x000000008e900000, 0x000000008ea00000, 0x000000008ea00000|100%| E|CS|TAMS 0x000000008e900000, 0x000000008e900000| Complete 
| 234|0x000000008ea00000, 0x000000008eb00000, 0x000000008eb00000|100%| E|CS|TAMS 0x000000008ea00000, 0x000000008ea00000| Complete 
| 235|0x000000008eb00000, 0x000000008ec00000, 0x000000008ec00000|100%| E|CS|TAMS 0x000000008eb00000, 0x000000008eb00000| Complete 
| 236|0x000000008ec00000, 0x000000008ed00000, 0x000000008ed00000|100%| E|CS|TAMS 0x000000008ec00000, 0x000000008ec00000| Complete 
| 237|0x000000008ed00000, 0x000000008ee00000, 0x000000008ee00000|100%| E|CS|TAMS 0x000000008ed00000, 0x000000008ed00000| Complete 
| 238|0x000000008ee00000, 0x000000008ef00000, 0x000000008ef00000|100%| E|CS|TAMS 0x000000008ee00000, 0x000000008ee00000| Complete 
| 239|0x000000008ef00000, 0x000000008f000000, 0x000000008f000000|100%| E|CS|TAMS 0x000000008ef00000, 0x000000008ef00000| Complete 
| 240|0x000000008f000000, 0x000000008f100000, 0x000000008f100000|100%| E|CS|TAMS 0x000000008f000000, 0x000000008f000000| Complete 
| 241|0x000000008f100000, 0x000000008f200000, 0x000000008f200000|100%| E|CS|TAMS 0x000000008f100000, 0x000000008f100000| Complete 
| 242|0x000000008f200000, 0x000000008f200000, 0x000000008f300000|  0%| F|  |TAMS 0x000000008f200000, 0x000000008f200000| Untracked 
| 243|0x000000008f300000, 0x000000008f300000, 0x000000008f400000|  0%| F|  |TAMS 0x000000008f300000, 0x000000008f300000| Untracked 
| 244|0x000000008f400000, 0x000000008f400000, 0x000000008f500000|  0%| F|  |TAMS 0x000000008f400000, 0x000000008f400000| Untracked 
| 245|0x000000008f500000, 0x000000008f500000, 0x000000008f600000|  0%| F|  |TAMS 0x000000008f500000, 0x000000008f500000| Untracked 
| 246|0x000000008f600000, 0x000000008f600000, 0x000000008f700000|  0%| F|  |TAMS 0x000000008f600000, 0x000000008f600000| Untracked 
| 247|0x000000008f700000, 0x000000008f700000, 0x000000008f800000|  0%| F|  |TAMS 0x000000008f700000, 0x000000008f700000| Untracked 
| 248|0x000000008f800000, 0x000000008f800000, 0x000000008f900000|  0%| F|  |TAMS 0x000000008f800000, 0x000000008f800000| Untracked 
| 249|0x000000008f900000, 0x000000008f900000, 0x000000008fa00000|  0%| F|  |TAMS 0x000000008f900000, 0x000000008f900000| Untracked 
| 250|0x000000008fa00000, 0x000000008fa00000, 0x000000008fb00000|  0%| F|  |TAMS 0x000000008fa00000, 0x000000008fa00000| Untracked 
| 251|0x000000008fb00000, 0x000000008fb00000, 0x000000008fc00000|  0%| F|  |TAMS 0x000000008fb00000, 0x000000008fb00000| Untracked 
| 252|0x000000008fc00000, 0x000000008fd00000, 0x000000008fd00000|100%| E|CS|TAMS 0x000000008fc00000, 0x000000008fc00000| Complete 
| 253|0x000000008fd00000, 0x000000008fe00000, 0x000000008fe00000|100%| E|CS|TAMS 0x000000008fd00000, 0x000000008fd00000| Complete 

Card table byte_map: [0x000001d379da0000,0x000001d37a1a0000] _byte_map_base: 0x000001d3799a0000

Marking Bits (Prev, Next): (CMBitMap*) 0x000001d371249930, (CMBitMap*) 0x000001d371249970
 Prev Bits: [0x000001d37a5a0000, 0x000001d37c5a0000)
 Next Bits: [0x000001d37c5a0000, 0x000001d37e5a0000)

Polling page: 0x000001d3709e0000

Metaspace:

Usage:
  Non-class:    101.64 MB capacity,   100.63 MB (>99%) used,   857.80 KB ( <1%) free+waste,   172.88 KB ( <1%) overhead. 
      Class:     14.99 MB capacity,    14.56 MB ( 97%) used,   367.20 KB (  2%) free+waste,    66.94 KB ( <1%) overhead. 
       Both:    116.62 MB capacity,   115.19 MB ( 99%) used,     1.20 MB (  1%) free+waste,   239.81 KB ( <1%) overhead. 

Virtual space:
  Non-class space:      102.00 MB reserved,     101.67 MB (>99%) committed 
      Class space:        1.00 GB reserved,      15.00 MB (  1%) committed 
             Both:        1.10 GB reserved,     116.67 MB ( 10%) committed 

Chunk freelists:
   Non-Class:  36.00 KB
       Class:  15.00 KB
        Both:  51.00 KB

MaxMetaspaceSize: 17179869184.00 GB
CompressedClassSpaceSize: 1.00 GB

CodeHeap 'non-profiled nmethods': size=120000Kb used=12744Kb max_used=12744Kb free=107255Kb
 bounds [0x000001d307ad0000, 0x000001d308750000, 0x000001d30f000000]
CodeHeap 'profiled nmethods': size=120000Kb used=35170Kb max_used=35170Kb free=84829Kb
 bounds [0x000001d3005a0000, 0x000001d302820000, 0x000001d307ad0000]
CodeHeap 'non-nmethods': size=5760Kb used=2477Kb max_used=2581Kb free=3282Kb
 bounds [0x000001d300000000, 0x000001d300290000, 0x000001d3005a0000]
 total_blobs=19342 nmethods=18364 adapters=888
 compilation: enabled
              stopped_count=0, restarted_count=0
 full_count=0

Compilation events (20 events):
Event: 1329.550 Thread 0x000001d37fb758b0 nmethod 22568 0x000001d300dbdd90 code [0x000001d300dbdf40, 0x000001d300dbe0a8]
Event: 1329.550 Thread 0x000001d37fb758b0 22569       2       com.android.tools.r8.ir.regalloc.a$$Lambda$1918/0x00000008017bbd88::test (12 bytes)
Event: 1329.550 Thread 0x000001d37fb758b0 nmethod 22569 0x000001d300dbd990 code [0x000001d300dbdb40, 0x000001d300dbdca8]
Event: 1329.550 Thread 0x000001d37fb758b0 22549       2       com.android.tools.r8.graph.P::a (65 bytes)
Event: 1329.550 Thread 0x000001d37fb758b0 nmethod 22549 0x000001d300dbd590 code [0x000001d300dbd740, 0x000001d300dbd898]
Event: 1329.550 Thread 0x000001d37fb758b0 22553       2       com.android.tools.r8.internal.l9::a (4 bytes)
Event: 1329.550 Thread 0x000001d37fb758b0 nmethod 22553 0x000001d300dbd290 code [0x000001d300dbd420, 0x000001d300dbd518]
Event: 1329.550 Thread 0x000001d37fb758b0 22530       2       com.android.tools.r8.internal.t2::a (7 bytes)
Event: 1329.551 Thread 0x000001d37fb758b0 nmethod 22530 0x000001d300dbce10 code [0x000001d300dbcfc0, 0x000001d300dbd128]
Event: 1329.551 Thread 0x000001d37fb758b0 22542       2       com.android.tools.r8.internal.e5$a::<init> (7 bytes)
Event: 1329.551 Thread 0x000001d37fb758b0 nmethod 22542 0x000001d300dbca90 code [0x000001d300dbcc20, 0x000001d300dbcd28]
Event: 1329.551 Thread 0x000001d37fb758b0 22539       2       com.android.tools.r8.internal.G3::b (23 bytes)
Event: 1329.551 Thread 0x000001d37fb758b0 nmethod 22539 0x000001d300dbc690 code [0x000001d300dbc840, 0x000001d300dbc9c8]
Event: 1329.551 Thread 0x000001d37fb758b0 22540       2       com.android.tools.r8.internal.Xv::hashCode (46 bytes)
Event: 1329.551 Thread 0x000001d37fb758b0 nmethod 22540 0x000001d300dbc190 code [0x000001d300dbc340, 0x000001d300dbc548]
Event: 1329.551 Thread 0x000001d37fb758b0 22529       2       com.android.tools.r8.internal.oh$e::<init> (23 bytes)
Event: 1329.552 Thread 0x000001d37fb758b0 nmethod 22529 0x000001d30184b210 code [0x000001d30184b3a0, 0x000001d30184b558]
Event: 1329.552 Thread 0x000001d37fb758b0 22586       2       com.android.tools.r8.graph.j0$g::d (13 bytes)
Event: 1329.552 Thread 0x000001d37fb758b0 nmethod 22586 0x000001d300dbbe10 code [0x000001d300dbbfa0, 0x000001d300dbc0b8]
Event: 1329.552 Thread 0x000001d37fb758b0 22580   !   2       com.android.tools.r8.graph.H0::G (299 bytes)

GC Heap History (20 events):
Event: 1324.945 GC heap before
{Heap before GC invocations=69 (full 0):
 garbage-first heap   total 211968K, used 129008K [0x0000000080000000, 0x0000000100000000)
  region size 1024K, 10 young (10240K), 8 survivors (8192K)
 Metaspace       used 111264K, capacity 112784K, committed 112816K, reserved 1146880K
  class space    used 14386K, capacity 14848K, committed 14848K, reserved 1048576K
}
Event: 1324.955 GC heap after
{Heap after GC invocations=70 (full 0):
 garbage-first heap   total 211968K, used 118579K [0x0000000080000000, 0x0000000100000000)
  region size 1024K, 2 young (2048K), 2 survivors (2048K)
 Metaspace       used 111264K, capacity 112784K, committed 112816K, reserved 1146880K
  class space    used 14386K, capacity 14848K, committed 14848K, reserved 1048576K
}
Event: 1325.106 GC heap before
{Heap before GC invocations=70 (full 0):
 garbage-first heap   total 211968K, used 143155K [0x0000000080000000, 0x0000000100000000)
  region size 1024K, 27 young (27648K), 2 survivors (2048K)
 Metaspace       used 111831K, capacity 113430K, committed 113712K, reserved 1148928K
  class space    used 14432K, capacity 14913K, committed 14976K, reserved 1048576K
}
Event: 1325.111 GC heap after
{Heap after GC invocations=71 (full 0):
 garbage-first heap   total 211968K, used 127598K [0x0000000080000000, 0x0000000100000000)
  region size 1024K, 7 young (7168K), 7 survivors (7168K)
 Metaspace       used 111831K, capacity 113430K, committed 113712K, reserved 1148928K
  class space    used 14432K, capacity 14913K, committed 14976K, reserved 1048576K
}
Event: 1327.088 GC heap before
{Heap before GC invocations=72 (full 0):
 garbage-first heap   total 247808K, used 182894K [0x0000000080000000, 0x0000000100000000)
  region size 1024K, 45 young (46080K), 7 survivors (7168K)
 Metaspace       used 115213K, capacity 116690K, committed 116912K, reserved 1150976K
  class space    used 14782K, capacity 15246K, committed 15360K, reserved 1048576K
}
Event: 1327.098 GC heap after
{Heap after GC invocations=73 (full 0):
 garbage-first heap   total 247808K, used 130497K [0x0000000080000000, 0x0000000100000000)
  region size 1024K, 3 young (3072K), 3 survivors (3072K)
 Metaspace       used 115213K, capacity 116690K, committed 116912K, reserved 1150976K
  class space    used 14782K, capacity 15246K, committed 15360K, reserved 1048576K
}
Event: 1327.999 GC heap before
{Heap before GC invocations=73 (full 0):
 garbage-first heap   total 247808K, used 190913K [0x0000000080000000, 0x0000000100000000)
  region size 1024K, 63 young (64512K), 3 survivors (3072K)
 Metaspace       used 115783K, capacity 117333K, committed 117424K, reserved 1150976K
  class space    used 14832K, capacity 15311K, committed 15360K, reserved 1048576K
}
Event: 1328.002 GC heap after
{Heap after GC invocations=74 (full 0):
 garbage-first heap   total 247808K, used 133268K [0x0000000080000000, 0x0000000100000000)
  region size 1024K, 6 young (6144K), 6 survivors (6144K)
 Metaspace       used 115783K, capacity 117333K, committed 117424K, reserved 1150976K
  class space    used 14832K, capacity 15311K, committed 15360K, reserved 1048576K
}
Event: 1328.564 GC heap before
{Heap before GC invocations=75 (full 0):
 garbage-first heap   total 249856K, used 196756K [0x0000000080000000, 0x0000000100000000)
  region size 1024K, 67 young (68608K), 6 survivors (6144K)
 Metaspace       used 116409K, capacity 117909K, committed 118192K, reserved 1153024K
  class space    used 14857K, capacity 15311K, committed 15360K, reserved 1048576K
}
Event: 1328.571 GC heap after
{Heap after GC invocations=76 (full 0):
 garbage-first heap   total 249856K, used 148106K [0x0000000080000000, 0x0000000100000000)
  region size 1024K, 9 young (9216K), 9 survivors (9216K)
 Metaspace       used 116409K, capacity 117909K, committed 118192K, reserved 1153024K
  class space    used 14857K, capacity 15311K, committed 15360K, reserved 1048576K
}
Event: 1328.582 GC heap before
{Heap before GC invocations=76 (full 0):
 garbage-first heap   total 249856K, used 151178K [0x0000000080000000, 0x0000000100000000)
  region size 1024K, 12 young (12288K), 9 survivors (9216K)
 Metaspace       used 116410K, capacity 117909K, committed 118192K, reserved 1153024K
  class space    used 14857K, capacity 15311K, committed 15360K, reserved 1048576K
}
Event: 1328.591 GC heap after
{Heap after GC invocations=77 (full 0):
 garbage-first heap   total 249856K, used 133589K [0x0000000080000000, 0x0000000100000000)
  region size 1024K, 2 young (2048K), 2 survivors (2048K)
 Metaspace       used 116410K, capacity 117909K, committed 118192K, reserved 1153024K
  class space    used 14857K, capacity 15311K, committed 15360K, reserved 1048576K
}
Event: 1329.025 GC heap before
{Heap before GC invocations=77 (full 0):
 garbage-first heap   total 249856K, used 194005K [0x0000000080000000, 0x0000000100000000)
  region size 1024K, 61 young (62464K), 2 survivors (2048K)
 Metaspace       used 117141K, capacity 118618K, committed 118704K, reserved 1153024K
  class space    used 14868K, capacity 15312K, committed 15360K, reserved 1048576K
}
Event: 1329.032 GC heap after
{Heap after GC invocations=78 (full 0):
 garbage-first heap   total 249856K, used 138924K [0x0000000080000000, 0x0000000100000000)
  region size 1024K, 7 young (7168K), 7 survivors (7168K)
 Metaspace       used 117141K, capacity 118618K, committed 118704K, reserved 1153024K
  class space    used 14868K, capacity 15312K, committed 15360K, reserved 1048576K
}
Event: 1329.280 GC heap before
{Heap before GC invocations=79 (full 0):
 garbage-first heap   total 249856K, used 200364K [0x0000000080000000, 0x0000000100000000)
  region size 1024K, 64 young (65536K), 7 survivors (7168K)
 Metaspace       used 117542K, capacity 119002K, committed 119216K, reserved 1153024K
  class space    used 14890K, capacity 15312K, committed 15360K, reserved 1048576K
}
Event: 1329.289 GC heap after
{Heap after GC invocations=80 (full 0):
 garbage-first heap   total 249856K, used 147152K [0x0000000080000000, 0x0000000100000000)
  region size 1024K, 8 young (8192K), 8 survivors (8192K)
 Metaspace       used 117542K, capacity 119002K, committed 119216K, reserved 1153024K
  class space    used 14890K, capacity 15312K, committed 15360K, reserved 1048576K
}
Event: 1329.300 GC heap before
{Heap before GC invocations=80 (full 0):
 garbage-first heap   total 249856K, used 151248K [0x0000000080000000, 0x0000000100000000)
  region size 1024K, 12 young (12288K), 8 survivors (8192K)
 Metaspace       used 117571K, capacity 119066K, committed 119216K, reserved 1153024K
  class space    used 14891K, capacity 15312K, committed 15360K, reserved 1048576K
}
Event: 1329.315 GC heap after
{Heap after GC invocations=81 (full 0):
 garbage-first heap   total 249856K, used 136545K [0x0000000080000000, 0x0000000100000000)
  region size 1024K, 2 young (2048K), 2 survivors (2048K)
 Metaspace       used 117571K, capacity 119066K, committed 119216K, reserved 1153024K
  class space    used 14891K, capacity 15312K, committed 15360K, reserved 1048576K
}
Event: 1329.442 GC heap before
{Heap before GC invocations=81 (full 0):
 garbage-first heap   total 249856K, used 195937K [0x0000000080000000, 0x0000000100000000)
  region size 1024K, 61 young (62464K), 2 survivors (2048K)
 Metaspace       used 117699K, capacity 119165K, committed 119216K, reserved 1153024K
  class space    used 14908K, capacity 15345K, committed 15360K, reserved 1048576K
}
Event: 1329.449 GC heap after
{Heap after GC invocations=82 (full 0):
 garbage-first heap   total 249856K, used 142260K [0x0000000080000000, 0x0000000100000000)
  region size 1024K, 8 young (8192K), 8 survivors (8192K)
 Metaspace       used 117699K, capacity 119165K, committed 119216K, reserved 1153024K
  class space    used 14908K, capacity 15345K, committed 15360K, reserved 1048576K
}

Deoptimization events (20 events):
Event: 1329.540 Thread 0x000001d315918090 DEOPT PACKING pc=0x000001d300fa97bb sp=0x0000004ff06fca40
Event: 1329.540 Thread 0x000001d315918090 DEOPT UNPACKING pc=0x000001d30004e23f sp=0x0000004ff06fbee8 mode 0
Event: 1329.542 Thread 0x000001d315918090 DEOPT PACKING pc=0x000001d300fa97bb sp=0x0000004ff06fca40
Event: 1329.542 Thread 0x000001d315918090 DEOPT UNPACKING pc=0x000001d30004e23f sp=0x0000004ff06fbee8 mode 0
Event: 1329.543 Thread 0x000001d3159163b0 DEOPT PACKING pc=0x000001d300fa97bb sp=0x0000004ff10fcaf0
Event: 1329.543 Thread 0x000001d3159163b0 DEOPT UNPACKING pc=0x000001d30004e23f sp=0x0000004ff10fbf98 mode 0
Event: 1329.544 Thread 0x000001d315918090 DEOPT PACKING pc=0x000001d300fa97bb sp=0x0000004ff06fca40
Event: 1329.544 Thread 0x000001d315918090 DEOPT UNPACKING pc=0x000001d30004e23f sp=0x0000004ff06fbee8 mode 0
Event: 1329.545 Thread 0x000001d315918090 DEOPT PACKING pc=0x000001d300fa97bb sp=0x0000004ff06fca40
Event: 1329.545 Thread 0x000001d315918090 DEOPT UNPACKING pc=0x000001d30004e23f sp=0x0000004ff06fbee8 mode 0
Event: 1329.546 Thread 0x000001d315918090 DEOPT PACKING pc=0x000001d300fa97bb sp=0x0000004ff06fca40
Event: 1329.546 Thread 0x000001d315918090 DEOPT UNPACKING pc=0x000001d30004e23f sp=0x0000004ff06fbee8 mode 0
Event: 1329.547 Thread 0x000001d315918090 DEOPT PACKING pc=0x000001d300fa97bb sp=0x0000004ff06fca40
Event: 1329.547 Thread 0x000001d315918090 DEOPT UNPACKING pc=0x000001d30004e23f sp=0x0000004ff06fbee8 mode 0
Event: 1329.548 Thread 0x000001d315918090 DEOPT PACKING pc=0x000001d300fa97bb sp=0x0000004ff06fca40
Event: 1329.548 Thread 0x000001d315918090 DEOPT UNPACKING pc=0x000001d30004e23f sp=0x0000004ff06fbee8 mode 0
Event: 1329.549 Thread 0x000001d315918090 DEOPT PACKING pc=0x000001d300fa97bb sp=0x0000004ff06fca40
Event: 1329.549 Thread 0x000001d315918090 DEOPT UNPACKING pc=0x000001d30004e23f sp=0x0000004ff06fbee8 mode 0
Event: 1329.550 Thread 0x000001d315918090 DEOPT PACKING pc=0x000001d300fa97bb sp=0x0000004ff06fca40
Event: 1329.550 Thread 0x000001d315918090 DEOPT UNPACKING pc=0x000001d30004e23f sp=0x0000004ff06fbee8 mode 0

Classes unloaded (20 events):
Event: 975.404 Thread 0x000001d37f22eb10 Unloading class 0x00000008017e0040 'java/lang/invoke/LambdaForm$DMH+0x00000008017e0040'
Event: 975.404 Thread 0x000001d37f22eb10 Unloading class 0x0000000801690840 'java/lang/invoke/LambdaForm$DMH+0x0000000801690840'
Event: 975.404 Thread 0x000001d37f22eb10 Unloading class 0x0000000801691440 'java/lang/invoke/LambdaForm$DMH+0x0000000801691440'
Event: 975.404 Thread 0x000001d37f22eb10 Unloading class 0x0000000801691840 'java/lang/invoke/LambdaForm$DMH+0x0000000801691840'
Event: 975.404 Thread 0x000001d37f22eb10 Unloading class 0x0000000801692040 'java/lang/invoke/LambdaForm$DMH+0x0000000801692040'
Event: 975.404 Thread 0x000001d37f22eb10 Unloading class 0x0000000801692c40 'java/lang/invoke/LambdaForm$DMH+0x0000000801692c40'
Event: 975.404 Thread 0x000001d37f22eb10 Unloading class 0x0000000801693440 'java/lang/invoke/LambdaForm$MH+0x0000000801693440'
Event: 975.404 Thread 0x000001d37f22eb10 Unloading class 0x0000000801693040 'java/lang/invoke/LambdaForm$MH+0x0000000801693040'
Event: 975.404 Thread 0x000001d37f22eb10 Unloading class 0x0000000801693840 'java/lang/invoke/LambdaForm$DMH+0x0000000801693840'
Event: 975.404 Thread 0x000001d37f22eb10 Unloading class 0x0000000801694440 'java/lang/invoke/LambdaForm$DMH+0x0000000801694440'
Event: 975.404 Thread 0x000001d37f22eb10 Unloading class 0x0000000801694c40 'java/lang/invoke/LambdaForm$DMH+0x0000000801694c40'
Event: 975.404 Thread 0x000001d37f22eb10 Unloading class 0x0000000801695440 'java/lang/invoke/LambdaForm$DMH+0x0000000801695440'
Event: 975.404 Thread 0x000001d37f22eb10 Unloading class 0x0000000801695040 'java/lang/invoke/LambdaForm$DMH+0x0000000801695040'
Event: 975.404 Thread 0x000001d37f22eb10 Unloading class 0x0000000801695c40 'java/lang/invoke/LambdaForm$DMH+0x0000000801695c40'
Event: 975.404 Thread 0x000001d37f22eb10 Unloading class 0x0000000801696840 'java/lang/invoke/LambdaForm$DMH+0x0000000801696840'
Event: 975.404 Thread 0x000001d37f22eb10 Unloading class 0x0000000801539040 'jdk/internal/reflect/GeneratedMethodAccessor33'
Event: 975.404 Thread 0x000001d37f22eb10 Unloading class 0x0000000801539c40 'jdk/internal/reflect/GeneratedMethodAccessor31'
Event: 975.404 Thread 0x000001d37f22eb10 Unloading class 0x0000000801539840 'jdk/internal/reflect/GeneratedMethodAccessor28'
Event: 975.404 Thread 0x000001d37f22eb10 Unloading class 0x000000080153a440 'jdk/internal/reflect/GeneratedMethodAccessor30'
Event: 975.404 Thread 0x000001d37f22eb10 Unloading class 0x000000080153a040 'jdk/internal/reflect/GeneratedMethodAccessor32'

Classes redefined (0 events):
No events

Internal exceptions (20 events):
Event: 1329.515 Thread 0x000001d315917bc0 Exception <a 'sun/nio/fs/WindowsException'{0x000000008e1e7ee8}> (0x000000008e1e7ee8) 
thrown [./open/src/hotspot/share/prims/jni.cpp, line 578]
Event: 1329.515 Thread 0x000001d315918560 Exception <a 'sun/nio/fs/WindowsException'{0x000000008e0c4558}> (0x000000008e0c4558) 
thrown [./open/src/hotspot/share/prims/jni.cpp, line 578]
Event: 1329.516 Thread 0x000001d315917bc0 Exception <a 'sun/nio/fs/WindowsException'{0x000000008e0da450}> (0x000000008e0da450) 
thrown [./open/src/hotspot/share/prims/jni.cpp, line 578]
Event: 1329.517 Thread 0x000001d315917bc0 Exception <a 'sun/nio/fs/WindowsException'{0x000000008dfcf758}> (0x000000008dfcf758) 
thrown [./open/src/hotspot/share/prims/jni.cpp, line 578]
Event: 1329.517 Thread 0x000001d315918560 Exception <a 'sun/nio/fs/WindowsException'{0x000000008dfe0670}> (0x000000008dfe0670) 
thrown [./open/src/hotspot/share/prims/jni.cpp, line 578]
Event: 1329.519 Thread 0x000001d315917220 Exception <a 'sun/nio/fs/WindowsException'{0x000000008de4f080}> (0x000000008de4f080) 
thrown [./open/src/hotspot/share/prims/jni.cpp, line 578]
Event: 1329.520 Thread 0x000001d315918560 Exception <a 'sun/nio/fs/WindowsException'{0x000000008dfe8288}> (0x000000008dfe8288) 
thrown [./open/src/hotspot/share/prims/jni.cpp, line 578]
Event: 1329.520 Thread 0x000001d315917220 Exception <a 'sun/nio/fs/WindowsException'{0x000000008dd51150}> (0x000000008dd51150) 
thrown [./open/src/hotspot/share/prims/jni.cpp, line 578]
Event: 1329.521 Thread 0x000001d315918560 Exception <a 'sun/nio/fs/WindowsException'{0x000000008dd63830}> (0x000000008dd63830) 
thrown [./open/src/hotspot/share/prims/jni.cpp, line 578]
Event: 1329.522 Thread 0x000001d315917220 Exception <a 'sun/nio/fs/WindowsException'{0x000000008dded3e0}> (0x000000008dded3e0) 
thrown [./open/src/hotspot/share/prims/jni.cpp, line 578]
Event: 1329.522 Thread 0x000001d315918560 Exception <a 'sun/nio/fs/WindowsException'{0x000000008ddfebd0}> (0x000000008ddfebd0) 
thrown [./open/src/hotspot/share/prims/jni.cpp, line 578]
Event: 1329.523 Thread 0x000001d315917220 Exception <a 'sun/nio/fs/WindowsException'{0x000000008ddf7f58}> (0x000000008ddf7f58) 
thrown [./open/src/hotspot/share/prims/jni.cpp, line 578]
Event: 1329.523 Thread 0x000001d315918560 Exception <a 'sun/nio/fs/WindowsException'{0x000000008dcc8630}> (0x000000008dcc8630) 
thrown [./open/src/hotspot/share/prims/jni.cpp, line 578]
Event: 1329.524 Thread 0x000001d315918560 Exception <a 'sun/nio/fs/WindowsException'{0x000000008db8ea30}> (0x000000008db8ea30) 
thrown [./open/src/hotspot/share/prims/jni.cpp, line 578]
Event: 1329.525 Thread 0x000001d315917220 Exception <a 'sun/nio/fs/WindowsException'{0x000000008dbee800}> (0x000000008dbee800) 
thrown [./open/src/hotspot/share/prims/jni.cpp, line 578]
Event: 1329.526 Thread 0x000001d315918560 Exception <a 'sun/nio/fs/WindowsException'{0x000000008db9bfb8}> (0x000000008db9bfb8) 
thrown [./open/src/hotspot/share/prims/jni.cpp, line 578]
Event: 1329.526 Thread 0x000001d315917220 Exception <a 'sun/nio/fs/WindowsException'{0x000000008daa77a0}> (0x000000008daa77a0) 
thrown [./open/src/hotspot/share/prims/jni.cpp, line 578]
Event: 1329.528 Thread 0x000001d315917220 Exception <a 'sun/nio/fs/WindowsException'{0x000000008dab07f8}> (0x000000008dab07f8) 
thrown [./open/src/hotspot/share/prims/jni.cpp, line 578]
Event: 1329.529 Thread 0x000001d315917220 Exception <a 'sun/nio/fs/WindowsException'{0x000000008daffc40}> (0x000000008daffc40) 
thrown [./open/src/hotspot/share/prims/jni.cpp, line 578]
Event: 1329.531 Thread 0x000001d315917220 Exception <a 'sun/nio/fs/WindowsException'{0x000000008d995a20}> (0x000000008d995a20) 
thrown [./open/src/hotspot/share/prims/jni.cpp, line 578]

Events (20 events):
Event: 1329.212 Thread 0x000001d315918090 Thread added: 0x000001d315918090
Event: 1329.213 Thread 0x000001d315918f00 Thread added: 0x000001d315918f00
Event: 1329.213 Thread 0x000001d3159198a0 Thread added: 0x000001d3159198a0
Event: 1329.214 Thread 0x000001d3159193d0 Thread added: 0x000001d3159193d0
Event: 1329.214 Thread 0x000001d3159163b0 Thread added: 0x000001d3159163b0
Event: 1329.280 Executing VM operation: G1CollectForAllocation
Event: 1329.292 Executing VM operation: G1CollectForAllocation done
Event: 1329.292 Executing VM operation: HandshakeAllThreads
Event: 1329.292 Executing VM operation: HandshakeAllThreads done
Event: 1329.300 Executing VM operation: G1CollectForAllocation
Event: 1329.315 Executing VM operation: G1CollectForAllocation done
Event: 1329.382 loading class java/util/zip/ZipOutputStream$XEntry
Event: 1329.382 loading class java/util/zip/ZipOutputStream$XEntry done
Event: 1329.384 loading class java/util/Vector$Itr
Event: 1329.384 loading class java/util/Vector$Itr done
Event: 1329.442 Executing VM operation: G1CollectForAllocation
Event: 1329.452 Executing VM operation: G1CollectForAllocation done
Event: 1329.452 Executing VM operation: HandshakeAllThreads
Event: 1329.453 Executing VM operation: HandshakeAllThreads done
Event: 1329.552 Executing VM operation: G1Concurrent


Dynamic libraries:
0x00007ff775c90000 - 0x00007ff775c9f000 	C:\Program Files\Java\jdk-15.0.2\bin\java.exe
0x00007ffe3c2c0000 - 0x00007ffe3c4c9000 	C:\WINDOWS\SYSTEM32\ntdll.dll
0x00007ffe3b630000 - 0x00007ffe3b6ed000 	C:\WINDOWS\System32\KERNEL32.DLL
0x00007ffe39ab0000 - 0x00007ffe39e24000 	C:\WINDOWS\System32\KERNELBASE.dll
0x00007ffe397b0000 - 0x00007ffe398c1000 	C:\WINDOWS\System32\ucrtbase.dll
0x00007ffe2aab0000 - 0x00007ffe2aac9000 	C:\Program Files\Java\jdk-15.0.2\bin\VCRUNTIME140.dll
0x00007ffe2a9d0000 - 0x00007ffe2a9e8000 	C:\Program Files\Java\jdk-15.0.2\bin\jli.dll
0x00007ffe3b030000 - 0x00007ffe3b0de000 	C:\WINDOWS\System32\ADVAPI32.dll
0x00007ffe3bf50000 - 0x00007ffe3bff3000 	C:\WINDOWS\System32\msvcrt.dll
0x00007ffe3b140000 - 0x00007ffe3b1de000 	C:\WINDOWS\System32\sechost.dll
0x00007ffe3c0f0000 - 0x00007ffe3c210000 	C:\WINDOWS\System32\RPCRT4.dll
0x00007ffe3b480000 - 0x00007ffe3b62c000 	C:\WINDOWS\System32\USER32.dll
0x00007ffe3a010000 - 0x00007ffe3a036000 	C:\WINDOWS\System32\win32u.dll
0x00007ffe1a9f0000 - 0x00007ffe1ac95000 	C:\WINDOWS\WinSxS\amd64_microsoft.windows.common-controls_6595b64144ccf1df_6.0.22000.120_none_9d947278b86cc467\COMCTL32.dll
0x00007ffe3b2f0000 - 0x00007ffe3b319000 	C:\WINDOWS\System32\GDI32.dll
0x00007ffe3a040000 - 0x00007ffe3a152000 	C:\WINDOWS\System32\gdi32full.dll
0x00007ffe398d0000 - 0x00007ffe3996d000 	C:\WINDOWS\System32\msvcp_win.dll
0x00007ffe34aa0000 - 0x00007ffe34aaa000 	C:\WINDOWS\SYSTEM32\VERSION.dll
0x00007ffe3a4f0000 - 0x00007ffe3a521000 	C:\WINDOWS\System32\IMM32.DLL
0x00007ffe2a2d0000 - 0x00007ffe2a2dc000 	C:\Program Files\Java\jdk-15.0.2\bin\vcruntime140_1.dll
0x00007ffdd7710000 - 0x00007ffdd77a1000 	C:\Program Files\Java\jdk-15.0.2\bin\msvcp140.dll
0x00007ffdbba00000 - 0x00007ffdbc55e000 	C:\Program Files\Java\jdk-15.0.2\bin\server\jvm.dll
0x00007ffe3a160000 - 0x00007ffe3a168000 	C:\WINDOWS\System32\PSAPI.DLL
0x00007ffe29d70000 - 0x00007ffe29d79000 	C:\WINDOWS\SYSTEM32\WSOCK32.dll
0x00007ffe2b380000 - 0x00007ffe2b3b3000 	C:\WINDOWS\SYSTEM32\WINMM.dll
0x00007ffe3bba0000 - 0x00007ffe3bc0f000 	C:\WINDOWS\System32\WS2_32.dll
0x00007ffe389a0000 - 0x00007ffe389b8000 	C:\WINDOWS\SYSTEM32\kernel.appcore.dll
0x00007ffe2a2c0000 - 0x00007ffe2a2ca000 	C:\Program Files\Java\jdk-15.0.2\bin\jimage.dll
0x00007ffe281b0000 - 0x00007ffe283d1000 	C:\WINDOWS\SYSTEM32\DBGHELP.DLL
0x00007ffe25790000 - 0x00007ffe257c1000 	C:\WINDOWS\SYSTEM32\dbgcore.DLL
0x00007ffe39a30000 - 0x00007ffe39aaf000 	C:\WINDOWS\System32\bcryptPrimitives.dll
0x00007ffe29820000 - 0x00007ffe29845000 	C:\Program Files\Java\jdk-15.0.2\bin\java.dll
0x00007ffe3a530000 - 0x00007ffe3acde000 	C:\WINDOWS\System32\SHELL32.dll
0x00007ffe37930000 - 0x00007ffe38197000 	C:\WINDOWS\SYSTEM32\windows.storage.dll
0x00007ffe3a170000 - 0x00007ffe3a4e8000 	C:\WINDOWS\System32\combase.dll
0x00007ffe377c0000 - 0x00007ffe37926000 	C:\WINDOWS\SYSTEM32\wintypes.dll
0x00007ffe3b320000 - 0x00007ffe3b40a000 	C:\WINDOWS\System32\SHCORE.dll
0x00007ffe3b200000 - 0x00007ffe3b25d000 	C:\WINDOWS\System32\shlwapi.dll
0x00007ffe396e0000 - 0x00007ffe39701000 	C:\WINDOWS\SYSTEM32\profapi.dll
0x00007ffe2a240000 - 0x00007ffe2a259000 	C:\Program Files\Java\jdk-15.0.2\bin\net.dll
0x00007ffe34900000 - 0x00007ffe34a0c000 	C:\WINDOWS\SYSTEM32\WINHTTP.dll
0x00007ffe38dd0000 - 0x00007ffe38e37000 	C:\WINDOWS\system32\mswsock.dll
0x00007ffe29b30000 - 0x00007ffe29b42000 	C:\Program Files\Java\jdk-15.0.2\bin\nio.dll
0x00007ffe23c60000 - 0x00007ffe23c78000 	C:\Program Files\Java\jdk-15.0.2\bin\zip.dll
0x00007ffe23c20000 - 0x00007ffe23c30000 	C:\Program Files\Java\jdk-15.0.2\bin\verify.dll
0x00007ffe355a0000 - 0x00007ffe355c7000 	D:\aa\native\8bec1ad78214c89d9ad589b4d07fe93259594b29d510b10fafb7a158f7737e5d\windows-amd64\native-platform.dll
0x00007ffe24220000 - 0x00007ffe2435d000 	D:\aa\native\53dbd7edfb1c66fb8903c78663c9afc45aea4f116125fa6feffd364cf09443e8\windows-amd64\native-platform-file-events.dll
0x00007ffe15d20000 - 0x00007ffe15d29000 	C:\Program Files\Java\jdk-15.0.2\bin\management.dll
0x00007ffe14450000 - 0x00007ffe1445b000 	C:\Program Files\Java\jdk-15.0.2\bin\management_ext.dll
0x00007ffe39010000 - 0x00007ffe39028000 	C:\WINDOWS\SYSTEM32\CRYPTSP.dll
0x00007ffe38900000 - 0x00007ffe38935000 	C:\WINDOWS\system32\rsaenh.dll
0x00007ffe38ec0000 - 0x00007ffe38ee9000 	C:\WINDOWS\SYSTEM32\USERENV.dll
0x00007ffe39190000 - 0x00007ffe391b7000 	C:\WINDOWS\SYSTEM32\bcrypt.dll
0x00007ffe39030000 - 0x00007ffe3903c000 	C:\WINDOWS\SYSTEM32\CRYPTBASE.dll
0x00007ffe384d0000 - 0x00007ffe384fd000 	C:\WINDOWS\SYSTEM32\IPHLPAPI.DLL
0x00007ffe3c210000 - 0x00007ffe3c219000 	C:\WINDOWS\System32\NSI.dll
0x00007ffe34740000 - 0x00007ffe34759000 	C:\WINDOWS\SYSTEM32\dhcpcsvc6.DLL
0x00007ffe34c40000 - 0x00007ffe34c5e000 	C:\WINDOWS\SYSTEM32\dhcpcsvc.DLL
0x00007ffe38500000 - 0x00007ffe385e7000 	C:\WINDOWS\SYSTEM32\DNSAPI.dll
0x00007ffe14440000 - 0x00007ffe1444d000 	C:\Program Files\Java\jdk-15.0.2\bin\sunmscapi.dll
0x00007ffe39ea0000 - 0x00007ffe3a002000 	C:\WINDOWS\System32\CRYPT32.dll
0x00007ffe39160000 - 0x00007ffe39188000 	C:\WINDOWS\SYSTEM32\ncrypt.dll
0x00007ffe39120000 - 0x00007ffe39157000 	C:\WINDOWS\SYSTEM32\NTASN1.dll

dbghelp: loaded successfully - version: 4.0.5 - missing functions: none
symbol engine: initialized successfully - sym options: 0x614 - pdb path: .;C:\Program Files\Java\jdk-15.0.2\bin;C:\WINDOWS\SYSTEM32;C:\WINDOWS\WinSxS\amd64_microsoft.windows.common-controls_6595b64144ccf1df_6.0.22000.120_none_9d947278b86cc467;C:\Program Files\Java\jdk-15.0.2\bin\server;D:\aa\native\8bec1ad78214c89d9ad589b4d07fe93259594b29d510b10fafb7a158f7737e5d\windows-amd64;D:\aa\native\53dbd7edfb1c66fb8903c78663c9afc45aea4f116125fa6feffd364cf09443e8\windows-amd64

VM Arguments:
jvm_args: --add-opens=java.base/java.util=ALL-UNNAMED --add-opens=java.base/java.lang=ALL-UNNAMED --add-opens=java.base/java.lang.invoke=ALL-UNNAMED --add-opens=java.base/java.util=ALL-UNNAMED --add-opens=java.prefs/java.util.prefs=ALL-UNNAMED --add-opens=java.prefs/java.util.prefs=ALL-UNNAMED --add-opens=java.base/java.nio.charset=ALL-UNNAMED --add-opens=java.base/java.net=ALL-UNNAMED --add-opens=java.base/java.util.concurrent.atomic=ALL-UNNAMED -Xmx2048m -Dfile.encoding=UTF-8 -Duser.country=IN -Duser.language=en -Duser.variant 
java_command: org.gradle.launcher.daemon.bootstrap.GradleDaemon 7.0.2
java_class_path (initial): D:\aa\wrapper\dists\gradle-7.0.2-bin\857tjihv64xamwrf0h14cai3r\gradle-7.0.2\lib\gradle-launcher-7.0.2.jar
Launcher Type: SUN_STANDARD

[Global flags]
     intx CICompilerCount                          = 4                                         {product} {ergonomic}
     uint ConcGCThreads                            = 3                                         {product} {ergonomic}
     uint G1ConcRefinementThreads                  = 10                                        {product} {ergonomic}
   size_t G1HeapRegionSize                         = 1048576                                   {product} {ergonomic}
    uintx GCDrainStackTargetSize                   = 64                                        {product} {ergonomic}
   size_t InitialHeapSize                          = 266338304                                 {product} {ergonomic}
   size_t MarkStackSize                            = 4194304                                   {product} {ergonomic}
   size_t MaxHeapSize                              = 2147483648                                {product} {command line}
   size_t MaxNewSize                               = 1287651328                                {product} {ergonomic}
   size_t MinHeapDeltaBytes                        = 1048576                                   {product} {ergonomic}
   size_t MinHeapSize                              = 8388608                                   {product} {ergonomic}
    uintx NonNMethodCodeHeapSize                   = 5839372                                {pd product} {ergonomic}
    uintx NonProfiledCodeHeapSize                  = 122909434                              {pd product} {ergonomic}
    uintx ProfiledCodeHeapSize                     = 122909434                              {pd product} {ergonomic}
    uintx ReservedCodeCacheSize                    = 251658240                              {pd product} {ergonomic}
     bool SegmentedCodeCache                       = true                                      {product} {ergonomic}
   size_t SoftMaxHeapSize                          = 2147483648                             {manageable} {ergonomic}
     bool UseCompressedClassPointers               = true                                 {lp64_product} {ergonomic}
     bool UseCompressedOops                        = true                                 {lp64_product} {ergonomic}
     bool UseG1GC                                  = true                                      {product} {ergonomic}
     bool UseLargePagesIndividualAllocation        = false                                  {pd product} {ergonomic}

Logging:
Log output configuration:
 #0: stdout all=warning uptime,level,tags
 #1: stderr all=off uptime,level,tags

Environment Variables:
JAVA_HOME=C:\Program Files\Java\jdk-15.0.2
PATH=C:\MinGW;C:\MinGW\bin;C:\Program Files\Java\jdk-15.0.2\bin;C:\Program Files\Common Files\Oracle\Java\javapath;C:\Windows\system32;C:\Windows;C:\Windows\System32\Wbem;C:\Windows\System32\WindowsPowerShell\v1.0\;C:\Windows\System32\OpenSSH\;C:\Program Files (x86)\NVIDIA Corporation\PhysX\Common;C:\Program Files\NVIDIA Corporation\NVIDIA NvDLISR;C:\WINDOWS\system32;C:\WINDOWS;C:\WINDOWS\System32\Wbem;C:\WINDOWS\System32\WindowsPowerShell\v1.0\;C:\WINDOWS\System32\OpenSSH\;C:\Program Files\Git\cmd;C:\Program Files\dotnet\;C:\Users\Deepak\Desktop\gradle1\gradle-7.0.1\bin;C:\Users\Deepak\Desktop\gradle1\gradle-7.0.1;C:\Program Files\nodejs;C:\Program Files\Google\Google Apps Sync\;C:\Program Files\Google\Google Apps Migration\;C:\Program Files\Microsoft SQL Server\150\Tools\Binn\;C:\Program Files\Microsoft SQL Server\Client SDK\ODBC\170\Tools\Binn\;C:\Program Files\MySQL\MySQL Router 8.0\bin;C:\Program Files (x86)\Microsoft SQL Server\150\Tools\Binn\;C:\Program Files\Microsoft SQL Server\150\DTS\Binn\;C:\Program Files (x86)\Microsoft SQL Server\150\DTS\Binn\;C:\Program Files\Azure Data Studio\bin;C:\Users\Deepak\anaconda3;C:\Users\Deepak\anaconda3\Library\mingw-w64\bin;C:\Users\Deepak\anaconda3\Library\usr\bin;C:\Users\Deepak\anaconda3\Library\bin;C:\Users\Deepak\anaconda3\Scripts;C:\Program Files\MySQL\MySQL Shell 8.0\bin\;C:\src\flutter\flutter\bin;C:\Users\Deepak\AppData\Local\Programs\Python\Python39\Scripts\;C:\Users\Deepak\AppData\Local\Programs\Python\Python39\;C:\Program Files\Java\jdk-15.0.2\bin;C:\Program Files\JetBrains\IntelliJ IDEA 2020.3.2\bin;;C:\Users\Deepak\AppData\Local\Microsoft\WindowsApps;C:\Users\Deepak\AppData\Local\Programs\Microsoft VS Code\bin;C:\Users\Deepak\AppData\Local\Programs\radare2\bin;C:\Modeltech_eval_6.2c\win32;C:\Modeltech_6.2c\win32;C:\Program Files\JetBrains\IntelliJ IDEA Community Edition 2021.1.2\bin;;C:\Program Files\JetBrains\PyCharm Community Edition 2021.1.2\bin;;C:\Users\Deepak\AppData\Roaming\npm;C:\Users\Deepak\AppData\Lo
USERNAME=Deepak
OS=Windows_NT
PROCESSOR_IDENTIFIER=Intel64 Family 6 Model 158 Stepping 10, GenuineIntel



---------------  S Y S T E M  ---------------

OS:
 Windows 10 , 64 bit Build 22000 (10.0.22000.434)
OS uptime: 1 days 19:29 hours

CPU: total 12 (initial active 12) (6 cores per cpu, 2 threads per core) family 6 model 158 stepping 10 microcode 0xde, cmov, cx8, fxsr, mmx, sse, sse2, sse3, ssse3, sse4.1, sse4.2, popcnt, vzeroupper, avx, avx2, aes, clmul, erms, 3dnowpref, lzcnt, ht, tsc, tscinvbit, bmi1, bmi2, adx, fma, clflush, clflushopt

Memory: 4k page, system-wide physical 16225M (2468M free)
TotalPageFile size 16225M (AvailPageFile size 27M)
current process WorkingSet (physical memory assigned to process): 580M, peak: 588M
current process commit charge ("private bytes"): 634M, peak: 665M

vm_info: Java HotSpot(TM) 64-Bit Server VM (15.0.2+7-27) for windows-amd64 JRE (15.0.2+7-27), built on Dec  7 2020 20:07:01 by "mach5one" with unknown MS VC++:1925

END.
