#
# There is insufficient memory for the Java Runtime Environment to continue.
# Native memory allocation (mmap) failed to map 41943040 bytes for G1 virtual space
# Possible reasons:
#   The system is out of physical RAM or swap space
#   The process is running with CompressedOops enabled, and the Java Heap may be blocking the growth of the native heap
# Possible solutions:
#   Reduce memory load on the system
#   Increase physical memory or swap space
#   Check if swap backing store is full
#   Decrease Java heap size (-Xmx/-Xms)
#   Decrease number of Java threads
#   Decrease Java thread stack sizes (-Xss)
#   Set larger code cache with -XX:ReservedCodeCacheSize=
#   JVM is running with Unscaled Compressed Oops mode in which the Java heap is
#     placed in the first 4GB address space. The Java Heap base address is the
#     maximum limit for the native heap growth. Please use -XX:HeapBaseMinAddress
#     to set the Java Heap base and to place the Java Heap above 4GB virtual address.
# This output file may be truncated or incomplete.
#
#  Out of Memory Error (./open/src/hotspot/os/windows/os_windows.cpp:3321), pid=1584, tid=18000
#
# JRE version: Java(TM) SE Runtime Environment (15.0.2+7) (build 15.0.2+7-27)
# Java VM: Java HotSpot(TM) 64-Bit Server VM (15.0.2+7-27, mixed mode, sharing, tiered, compressed oops, g1 gc, windows-amd64)
# No core dump will be written. Minidumps are not enabled by default on client versions of Windows
#

---------------  S U M M A R Y ------------

Command Line: --add-opens=java.base/java.util=ALL-UNNAMED --add-opens=java.base/java.lang=ALL-UNNAMED --add-opens=java.base/java.lang.invoke=ALL-UNNAMED --add-opens=java.base/java.util=ALL-UNNAMED --add-opens=java.prefs/java.util.prefs=ALL-UNNAMED --add-opens=java.prefs/java.util.prefs=ALL-UNNAMED --add-opens=java.base/java.nio.charset=ALL-UNNAMED --add-opens=java.base/java.net=ALL-UNNAMED --add-opens=java.base/java.util.concurrent.atomic=ALL-UNNAMED -Xmx2048m -Dfile.encoding=UTF-8 -Duser.country=IN -Duser.language=en -Duser.variant org.gradle.launcher.daemon.bootstrap.GradleDaemon 7.0.2

Host: Intel(R) Core(TM) i7-9750H CPU @ 2.60GHz, 12 cores, 15G,  Windows 10 , 64 bit Build 22000 (10.0.22000.434)
Time: Tue Feb 15 11:22:07 2022 India Standard Time elapsed time: 8.049863 seconds (0d 0h 0m 8s)

---------------  T H R E A D  ---------------

Current thread (0x0000024e35d3d5a0):  VMThread "VM Thread" [stack: 0x000000f023200000,0x000000f023300000] [id=18000]

Stack: [0x000000f023200000,0x000000f023300000]
[error occurred during error reporting (printing stack bounds), id 0xc0000005, EXCEPTION_ACCESS_VIOLATION (0xc0000005) at pc=0x0000024e1ef410ad]

Native frames: (J=compiled Java code, j=interpreted, Vv=VM code, C=native code)
V  [jvm.dll+0x62ae9a]
V  [jvm.dll+0x7817a9]
V  [jvm.dll+0x782f03]
V  [jvm.dll+0x7834c5]
V  [jvm.dll+0x78347b]
V  [jvm.dll+0x62a2b9]
V  [jvm.dll+0x62aa88]
C  [ntdll.dll+0xa86ef]
C  [ntdll.dll+0x35aea]
C  [ntdll.dll+0xa76fe]
C  0x0000024e1ef410ad

VM_Operation (0x000000f0287f8660): G1CollectForAllocation, mode: safepoint, requested by thread 0x0000024e36b4e230


---------------  P R O C E S S  ---------------

Threads class SMR info:
_java_thread_list=0x0000024e387daa30, length=76, elements={
0x0000024e16d07e80, 0x0000024e35d42190, 0x0000024e35d42b50, 0x0000024e35d4d480,
0x0000024e35d4dd40, 0x0000024e35d4e700, 0x0000024e366624a0, 0x0000024e36666710,
0x0000024e36669020, 0x0000024e36795ab0, 0x0000024e367a5220, 0x0000024e367d5fd0,
0x0000024e3795eb90, 0x0000024e397c3010, 0x0000024e38ed9020, 0x0000024e38023470,
0x0000024e38682900, 0x0000024e38f82a70, 0x0000024e390d5e60, 0x0000024e37af1fd0,
0x0000024e37637a90, 0x0000024e37638430, 0x0000024e37637f60, 0x0000024e37638dd0,
0x0000024e37639770, 0x0000024e395dd080, 0x0000024e37636c20, 0x0000024e376392a0,
0x0000024e376375c0, 0x0000024e37639c40, 0x0000024e37636280, 0x0000024e3cdd3060,
0x0000024e3cdd4870, 0x0000024e3cdd8230, 0x0000024e3cdd7d60, 0x0000024e3cdd8700,
0x0000024e3cdd3530, 0x0000024e3cdd9570, 0x0000024e3cdd73c0, 0x0000024e3cdd3a00,
0x0000024e3cdda3e0, 0x0000024e3cdd6a20, 0x0000024e3cdda8b0, 0x0000024e3cdd56e0,
0x0000024e3cdd3ed0, 0x0000024e3cdd9a40, 0x0000024e3cdd4d40, 0x0000024e3cdd5bb0,
0x0000024e3cdd6550, 0x0000024e396c70c0, 0x0000024e396c3700, 0x0000024e396c4a40,
0x0000024e396c3bd0, 0x0000024e396c40a0, 0x0000024e396c4f10, 0x0000024e396c23c0,
0x0000024e396c2d60, 0x0000024e396c06e0, 0x0000024e396c2890, 0x0000024e396c1a20,
0x0000024e396c3230, 0x0000024e396c0210, 0x0000024e396c6250, 0x0000024e396c1080,
0x0000024e396c6720, 0x0000024e396c7590, 0x0000024e396c6bf0, 0x0000024e396bfd40,
0x0000024e37638900, 0x0000024e36b51bf0, 0x0000024e36b520c0, 0x0000024e36b4f0a0,
0x0000024e36b4ca20, 0x0000024e36b4e230, 0x0000024e36b4e700, 0x0000024e36b4ff10
}

Java Threads: ( => current thread )
  0x0000024e16d07e80 JavaThread "main" [_thread_blocked, id=23400, stack(0x000000f022c00000,0x000000f022d00000)]
  0x0000024e35d42190 JavaThread "Reference Handler" daemon [_thread_blocked, id=15428, stack(0x000000f023300000,0x000000f023400000)]
  0x0000024e35d42b50 JavaThread "Finalizer" daemon [_thread_blocked, id=15628, stack(0x000000f023400000,0x000000f023500000)]
  0x0000024e35d4d480 JavaThread "Signal Dispatcher" daemon [_thread_blocked, id=24124, stack(0x000000f023500000,0x000000f023600000)]
  0x0000024e35d4dd40 JavaThread "Attach Listener" daemon [_thread_blocked, id=20408, stack(0x000000f023600000,0x000000f023700000)]
  0x0000024e35d4e700 JavaThread "Service Thread" daemon [_thread_blocked, id=5604, stack(0x000000f023700000,0x000000f023800000)]
  0x0000024e366624a0 JavaThread "C2 CompilerThread0" daemon [_thread_in_native, id=25164, stack(0x000000f023800000,0x000000f023900000)]
  0x0000024e36666710 JavaThread "C1 CompilerThread0" daemon [_thread_blocked, id=9960, stack(0x000000f023900000,0x000000f023a00000)]
  0x0000024e36669020 JavaThread "Sweeper thread" daemon [_thread_blocked, id=6708, stack(0x000000f023a00000,0x000000f023b00000)]
  0x0000024e36795ab0 JavaThread "Common-Cleaner" daemon [_thread_blocked, id=1196, stack(0x000000f023b00000,0x000000f023c00000)]
  0x0000024e367a5220 JavaThread "Notification Thread" daemon [_thread_blocked, id=12108, stack(0x000000f023c00000,0x000000f023d00000)]
  0x0000024e367d5fd0 JavaThread "C2 CompilerThread1" daemon [_thread_blocked, id=15692, stack(0x000000f023e00000,0x000000f023f00000)]
  0x0000024e3795eb90 JavaThread "Daemon health stats" [_thread_blocked, id=22464, stack(0x000000f024500000,0x000000f024600000)]
  0x0000024e397c3010 JavaThread "Incoming local TCP Connector on port 60595" [_thread_in_native, id=22896, stack(0x000000f024600000,0x000000f024700000)]
  0x0000024e38ed9020 JavaThread "Daemon periodic checks" [_thread_blocked, id=10432, stack(0x000000f024700000,0x000000f024800000)]
  0x0000024e38023470 JavaThread "Daemon" [_thread_blocked, id=25572, stack(0x000000f024800000,0x000000f024900000)]
  0x0000024e38682900 JavaThread "Handler for socket connection from /127.0.0.1:60595 to /127.0.0.1:60596" [_thread_in_native, id=18616, stack(0x000000f024900000,0x000000f024a00000)]
  0x0000024e38f82a70 JavaThread "Cancel handler" [_thread_blocked, id=22996, stack(0x000000f024a00000,0x000000f024b00000)]
  0x0000024e390d5e60 JavaThread "Daemon worker" [_thread_blocked, id=17292, stack(0x000000f024b00000,0x000000f024c00000)]
  0x0000024e37af1fd0 JavaThread "Asynchronous log dispatcher for DefaultDaemonConnection: socket connection from /127.0.0.1:60595 to /127.0.0.1:60596" [_thread_blocked, id=19512, stack(0x000000f024c00000,0x000000f024d00000)]
  0x0000024e37637a90 JavaThread "Stdin handler" [_thread_blocked, id=25136, stack(0x000000f024d00000,0x000000f024e00000)]
  0x0000024e37638430 JavaThread "Daemon client event forwarder" [_thread_blocked, id=16952, stack(0x000000f024e00000,0x000000f024f00000)]
  0x0000024e37637f60 JavaThread "Cache worker for file hash cache (D:\aa\caches\7.0.2\fileHashes)" [_thread_blocked, id=16848, stack(0x000000f023f00000,0x000000f024000000)]
  0x0000024e37638dd0 JavaThread "File lock request listener" [_thread_in_native, id=2496, stack(0x000000f024f00000,0x000000f025000000)]
  0x0000024e37639770 JavaThread "Cache worker for journal cache (D:\aa\caches\journal-1)" [_thread_blocked, id=3176, stack(0x000000f025000000,0x000000f025100000)]
  0x0000024e395dd080 JavaThread "C2 CompilerThread2" daemon [_thread_in_native, id=23304, stack(0x000000f025100000,0x000000f025200000)]
  0x0000024e37636c20 JavaThread "Cache worker for file hash cache (D:\app_dev\QuizApp\.gradle\7.0.2\fileHashes)" [_thread_blocked, id=7312, stack(0x000000f025200000,0x000000f025300000)]
  0x0000024e376392a0 JavaThread "File watcher server" daemon [_thread_blocked, id=19352, stack(0x000000f025300000,0x000000f025400000)]
  0x0000024e376375c0 JavaThread "File watcher consumer" daemon [_thread_blocked, id=7636, stack(0x000000f025400000,0x000000f025500000)]
  0x0000024e37639c40 JavaThread "Cache worker for checksums cache (D:\app_dev\QuizApp\.gradle\checksums)" [_thread_blocked, id=12072, stack(0x000000f025500000,0x000000f025600000)]
  0x0000024e37636280 JavaThread "Cache worker for cache directory md-supplier (D:\aa\caches\7.0.2\md-supplier)" [_thread_blocked, id=10268, stack(0x000000f025600000,0x000000f025700000)]
  0x0000024e3cdd3060 JavaThread "Cache worker for cache directory md-rule (D:\aa\caches\7.0.2\md-rule)" [_thread_blocked, id=11828, stack(0x000000f025700000,0x000000f025800000)]
  0x0000024e3cdd4870 JavaThread "Cache worker for execution history cache (D:\aa\caches\7.0.2\executionHistory)" [_thread_blocked, id=13692, stack(0x000000f025800000,0x000000f025900000)]
  0x0000024e3cdd8230 JavaThread "jar transforms" [_thread_blocked, id=16828, stack(0x000000f025f00000,0x000000f026000000)]
  0x0000024e3cdd7d60 JavaThread "jar transforms Thread 2" [_thread_blocked, id=4496, stack(0x000000f026000000,0x000000f026100000)]
  0x0000024e3cdd8700 JavaThread "Cache worker for file content cache (D:\aa\caches\7.0.2\fileContent)" [_thread_blocked, id=1984, stack(0x000000f026100000,0x000000f026200000)]
  0x0000024e3cdd3530 JavaThread "Cache worker for dependencies-accessors (D:\app_dev\QuizApp\.gradle\7.0.2\dependencies-accessors)" [_thread_blocked, id=5388, stack(0x000000f026200000,0x000000f026300000)]
  0x0000024e3cdd9570 JavaThread "jar transforms Thread 3" [_thread_blocked, id=1328, stack(0x000000f026300000,0x000000f026400000)]
  0x0000024e3cdd73c0 JavaThread "Cache worker for Build Output Cleanup Cache (D:\app_dev\QuizApp\.gradle\buildOutputCleanup)" [_thread_blocked, id=23532, stack(0x000000f026400000,0x000000f026500000)]
  0x0000024e3cdd3a00 JavaThread "Build operations" [_thread_blocked, id=21336, stack(0x000000f026500000,0x000000f026600000)]
  0x0000024e3cdda3e0 JavaThread "Build operations Thread 2" [_thread_blocked, id=8416, stack(0x000000f026600000,0x000000f026700000)]
  0x0000024e3cdd6a20 JavaThread "Build operations Thread 3" [_thread_blocked, id=18876, stack(0x000000f026700000,0x000000f026800000)]
  0x0000024e3cdda8b0 JavaThread "Build operations Thread 4" [_thread_blocked, id=10868, stack(0x000000f026800000,0x000000f026900000)]
  0x0000024e3cdd56e0 JavaThread "Build operations Thread 5" [_thread_blocked, id=16092, stack(0x000000f026900000,0x000000f026a00000)]
  0x0000024e3cdd3ed0 JavaThread "Build operations Thread 6" [_thread_blocked, id=11908, stack(0x000000f026a00000,0x000000f026b00000)]
  0x0000024e3cdd9a40 JavaThread "Build operations Thread 7" [_thread_blocked, id=13676, stack(0x000000f026b00000,0x000000f026c00000)]
  0x0000024e3cdd4d40 JavaThread "Build operations Thread 8" [_thread_blocked, id=8596, stack(0x000000f026c00000,0x000000f026d00000)]
  0x0000024e3cdd5bb0 JavaThread "Build operations Thread 9" [_thread_blocked, id=13008, stack(0x000000f026d00000,0x000000f026e00000)]
  0x0000024e3cdd6550 JavaThread "Build operations Thread 10" [_thread_blocked, id=17588, stack(0x000000f026e00000,0x000000f026f00000)]
  0x0000024e396c70c0 JavaThread "Build operations Thread 11" [_thread_blocked, id=8504, stack(0x000000f026f00000,0x000000f027000000)]
  0x0000024e396c3700 JavaThread "Build operations Thread 12" [_thread_blocked, id=3496, stack(0x000000f027000000,0x000000f027100000)]
  0x0000024e396c4a40 JavaThread "jar transforms Thread 4" [_thread_blocked, id=16084, stack(0x000000f027100000,0x000000f027200000)]
  0x0000024e396c3bd0 JavaThread "jar transforms Thread 5" [_thread_blocked, id=15824, stack(0x000000f027200000,0x000000f027300000)]
  0x0000024e396c40a0 JavaThread "jar transforms Thread 6" [_thread_blocked, id=16232, stack(0x000000f027300000,0x000000f027400000)]
  0x0000024e396c4f10 JavaThread "jar transforms Thread 7" [_thread_blocked, id=25556, stack(0x000000f027400000,0x000000f027500000)]
  0x0000024e396c23c0 JavaThread "jar transforms Thread 8" [_thread_blocked, id=5592, stack(0x000000f027500000,0x000000f027600000)]
  0x0000024e396c2d60 JavaThread "jar transforms Thread 9" [_thread_blocked, id=9956, stack(0x000000f027600000,0x000000f027700000)]
  0x0000024e396c06e0 JavaThread "jar transforms Thread 10" [_thread_blocked, id=2112, stack(0x000000f027700000,0x000000f027800000)]
  0x0000024e396c2890 JavaThread "jar transforms Thread 11" [_thread_blocked, id=8764, stack(0x000000f027800000,0x000000f027900000)]
  0x0000024e396c1a20 JavaThread "jar transforms Thread 12" [_thread_blocked, id=13460, stack(0x000000f027900000,0x000000f027a00000)]
  0x0000024e396c3230 JavaThread "Memory manager" [_thread_blocked, id=24000, stack(0x000000f027a00000,0x000000f027b00000)]
  0x0000024e396c0210 JavaThread "build event listener" [_thread_blocked, id=7236, stack(0x000000f027b00000,0x000000f027c00000)]
  0x0000024e396c6250 JavaThread "pool-3-thread-1" [_thread_blocked, id=8000, stack(0x000000f027c00000,0x000000f027d00000)]
  0x0000024e396c1080 JavaThread "build event listener" [_thread_blocked, id=24244, stack(0x000000f027d00000,0x000000f027e00000)]
  0x0000024e396c6720 JavaThread "Execution worker for ':'" [_thread_blocked, id=19836, stack(0x000000f027e00000,0x000000f027f00000)]
  0x0000024e396c7590 JavaThread "Execution worker for ':' Thread 2" [_thread_blocked, id=24072, stack(0x000000f027f00000,0x000000f028000000)]
  0x0000024e396c6bf0 JavaThread "Execution worker for ':' Thread 3" [_thread_blocked, id=16884, stack(0x000000f028000000,0x000000f028100000)]
  0x0000024e396bfd40 JavaThread "Execution worker for ':' Thread 4" [_thread_blocked, id=15620, stack(0x000000f028100000,0x000000f028200000)]
  0x0000024e37638900 JavaThread "Execution worker for ':' Thread 5" [_thread_blocked, id=10248, stack(0x000000f028200000,0x000000f028300000)]
  0x0000024e36b51bf0 JavaThread "Execution worker for ':' Thread 6" [_thread_blocked, id=5044, stack(0x000000f028300000,0x000000f028400000)]
  0x0000024e36b520c0 JavaThread "Execution worker for ':' Thread 7" [_thread_blocked, id=22320, stack(0x000000f028400000,0x000000f028500000)]
  0x0000024e36b4f0a0 JavaThread "Execution worker for ':' Thread 8" [_thread_blocked, id=23916, stack(0x000000f028500000,0x000000f028600000)]
  0x0000024e36b4ca20 JavaThread "Execution worker for ':' Thread 9" [_thread_blocked, id=19420, stack(0x000000f028600000,0x000000f028700000)]
  0x0000024e36b4e230 JavaThread "Execution worker for ':' Thread 10" [_thread_blocked, id=2376, stack(0x000000f028700000,0x000000f028800000)]
  0x0000024e36b4e700 JavaThread "Execution worker for ':' Thread 11" [_thread_blocked, id=15224, stack(0x000000f028800000,0x000000f028900000)]
  0x0000024e36b4ff10 JavaThread "Cache worker for execution history cache (D:\app_dev\QuizApp\.gradle\7.0.2\executionHistory)" [_thread_blocked, id=25584, stack(0x000000f028900000,0x000000f028a00000)]

Other Threads:
=>0x0000024e35d3d5a0 VMThread "VM Thread" [stack: 0x000000f023200000,0x000000f023300000] [id=18000]
  0x0000024e367a9f10 WatcherThread [stack: 0x000000f023d00000,0x000000f023e00000] [id=19244]
  0x0000024e16d48f30 GCTaskThread "GC Thread#0" [stack: 0x000000f022d00000,0x000000f022e00000] [id=23504]
  0x0000024e36cb0f20 GCTaskThread "GC Thread#1" [stack: 0x000000f024000000,0x000000f024100000] [id=9228]
  0x0000024e36cb2570 GCTaskThread "GC Thread#2" [stack: 0x000000f024100000,0x000000f024200000] [id=19368]
  0x0000024e36cb0590 GCTaskThread "GC Thread#3" [stack: 0x000000f024200000,0x000000f024300000] [id=9140]
  0x0000024e36cb2240 GCTaskThread "GC Thread#4" [stack: 0x000000f024300000,0x000000f024400000] [id=23240]
  0x0000024e36caf8d0 GCTaskThread "GC Thread#5" [stack: 0x000000f024400000,0x000000f024500000] [id=16244]
  0x0000024e3b43a8b0 GCTaskThread "GC Thread#6" [stack: 0x000000f025900000,0x000000f025a00000] [id=20468]
  0x0000024e3b43d220 GCTaskThread "GC Thread#7" [stack: 0x000000f025a00000,0x000000f025b00000] [id=3184]
  0x0000024e3b43abe0 GCTaskThread "GC Thread#8" [stack: 0x000000f025b00000,0x000000f025c00000] [id=18776]
  0x0000024e3b43a580 GCTaskThread "GC Thread#9" [stack: 0x000000f025c00000,0x000000f025d00000] [id=22728]
  0x0000024e16d5afa0 ConcurrentGCThread "G1 Main Marker" [stack: 0x000000f022e00000,0x000000f022f00000] [id=14928]
  0x0000024e16d5cab0 ConcurrentGCThread "G1 Conc#0" [stack: 0x000000f022f00000,0x000000f023000000] [id=10860]
  0x0000024e3b43af10 ConcurrentGCThread "G1 Conc#1" [stack: 0x000000f025d00000,0x000000f025e00000] [id=6112]
  0x0000024e3b43c230 ConcurrentGCThread "G1 Conc#2" [stack: 0x000000f025e00000,0x000000f025f00000] [id=9544]
  0x0000024e16dddbc0 ConcurrentGCThread "G1 Refine#0" [stack: 0x000000f023000000,0x000000f023100000] [id=16540]
  0x0000024e3714bcf0 ConcurrentGCThread "G1 Refine#1" [stack: 0x000000f028a00000,0x000000f028b00000] [id=15136]
  0x0000024e3714d130 ConcurrentGCThread "G1 Refine#2" [stack: 0x000000f028b00000,0x000000f028c00000] [id=11116]
  0x0000024e3714c710 ConcurrentGCThread "G1 Refine#3" [stack: 0x000000f028c00000,0x000000f028d00000] [id=19228]
  0x0000024e37149e90 ConcurrentGCThread "G1 Refine#4" [stack: 0x000000f028d00000,0x000000f028e00000] [id=19964]
  0x0000024e3714c3b0 ConcurrentGCThread "G1 Refine#5" [stack: 0x000000f028e00000,0x000000f028f00000] [id=13468]
  0x0000024e371497d0 ConcurrentGCThread "G1 Refine#6" [stack: 0x000000f028f00000,0x000000f029000000] [id=24324]
  0x0000024e3714a550 ConcurrentGCThread "G1 Refine#7" [stack: 0x000000f029000000,0x000000f029100000] [id=20172]
  0x0000024e37149b30 ConcurrentGCThread "G1 Refine#8" [stack: 0x000000f029100000,0x000000f029200000] [id=18540]
  0x0000024e16dde6d0 ConcurrentGCThread "G1 Young RemSet Sampling" [stack: 0x000000f023100000,0x000000f023200000] [id=21300]

Threads with active compile tasks:
C2 CompilerThread0     8067 11241       4       com.android.ide.common.blame.MergingLogPersistUtil::lambda$normalize$0 (107 bytes)
C2 CompilerThread1     8067 11249       4       com.google.gson.stream.JsonWriter::name (53 bytes)
C2 CompilerThread2     8067 11239       4       com.android.ide.common.blame.MergingLogPersistUtil$$Lambda$1313/0x00000008015ab5f0::accept (12 bytes)

VM state: at safepoint (normal execution)

VM Mutex/Monitor currently owned by a thread:  ([mutex/lock_event])
[0x0000024e16d02fe0] Threads_lock - owner thread: 0x0000024e35d3d5a0
[0x0000024e16d01d50] Heap_lock - owner thread: 0x0000024e36b4e230

Heap address: 0x0000000080000000, size: 2048 MB, Compressed Oops mode: 32-bit
CDS archive(s) mapped at: [0x0000000800000000-0x0000000800b50000-0x0000000800b50000), size 11862016, SharedBaseAddress: 0x0000000800000000, ArchiveRelocationMode: 0.
Compressed class space mapped at: 0x0000000800b50000-0x0000000840b50000, size: 1073741824
Narrow klass base: 0x0000000800000000, Narrow klass shift: 3, Narrow klass range: 0x100000000

GC Precious Log:
 CPUs: 12 total, 12 available
 Memory: 16225M
 Large Page Support: Disabled
 NUMA Support: Disabled
 Compressed Oops: Enabled (32-bit)
 Heap Region Size: 1M
 Heap Min Capacity: 8M
 Heap Initial Capacity: 254M
 Heap Max Capacity: 2G
 Pre-touch: Disabled
 Parallel Workers: 10
 Concurrent Workers: 3
 Concurrent Refinement Workers: 10
 Periodic GC: Disabled

Heap:
 garbage-first heap   total 244736K, used 112298K [0x0000000080000000, 0x0000000100000000)
  region size 1024K, 1 young (1024K), 1 survivors (1024K)
 Metaspace       used 78591K, capacity 79728K, committed 79824K, reserved 1118208K
  class space    used 10240K, capacity 10586K, committed 10624K, reserved 1048576K

Heap Regions: E=young(eden), S=young(survivor), O=old, HS=humongous(starts), HC=humongous(continues), CS=collection set, F=free, OA=open archive, CA=closed archive, TAMS=top-at-mark-start (previous, next)
|   0|0x0000000080000000, 0x0000000080100000, 0x0000000080100000|100%| O|  |TAMS 0x0000000080100000, 0x0000000080100000| Untracked 
|   1|0x0000000080100000, 0x0000000080200000, 0x0000000080200000|100%| O|  |TAMS 0x0000000080200000, 0x0000000080200000| Untracked 
|   2|0x0000000080200000, 0x0000000080300000, 0x0000000080300000|100%| O|  |TAMS 0x0000000080300000, 0x0000000080300000| Untracked 
|   3|0x0000000080300000, 0x0000000080400000, 0x0000000080400000|100%|HS|  |TAMS 0x0000000080400000, 0x0000000080400000| Complete 
|   4|0x0000000080400000, 0x0000000080500000, 0x0000000080500000|100%|HC|  |TAMS 0x0000000080500000, 0x0000000080500000| Complete 
|   5|0x0000000080500000, 0x0000000080600000, 0x0000000080600000|100%|HC|  |TAMS 0x0000000080600000, 0x0000000080600000| Complete 
|   6|0x0000000080600000, 0x0000000080700000, 0x0000000080700000|100%| O|  |TAMS 0x0000000080700000, 0x0000000080700000| Untracked 
|   7|0x0000000080700000, 0x0000000080800000, 0x0000000080800000|100%| O|  |TAMS 0x0000000080800000, 0x0000000080800000| Untracked 
|   8|0x0000000080800000, 0x0000000080900000, 0x0000000080900000|100%| O|  |TAMS 0x0000000080900000, 0x0000000080900000| Untracked 
|   9|0x0000000080900000, 0x00000000809f7c00, 0x0000000080a00000| 96%| O|  |TAMS 0x00000000809f7c00, 0x00000000809f7c00| Untracked 
|  10|0x0000000080a00000, 0x0000000080b00000, 0x0000000080b00000|100%| O|  |TAMS 0x0000000080b00000, 0x0000000080b00000| Untracked 
|  11|0x0000000080b00000, 0x0000000080c00000, 0x0000000080c00000|100%| O|  |TAMS 0x0000000080c00000, 0x0000000080c00000| Untracked 
|  12|0x0000000080c00000, 0x0000000080d00000, 0x0000000080d00000|100%| O|  |TAMS 0x0000000080d00000, 0x0000000080d00000| Untracked 
|  13|0x0000000080d00000, 0x0000000080e00000, 0x0000000080e00000|100%| O|  |TAMS 0x0000000080e00000, 0x0000000080e00000| Untracked 
|  14|0x0000000080e00000, 0x0000000080f00000, 0x0000000080f00000|100%| O|  |TAMS 0x0000000080f00000, 0x0000000080f00000| Untracked 
|  15|0x0000000080f00000, 0x0000000081000000, 0x0000000081000000|100%| O|  |TAMS 0x0000000081000000, 0x0000000081000000| Untracked 
|  16|0x0000000081000000, 0x0000000081100000, 0x0000000081100000|100%| O|  |TAMS 0x0000000081100000, 0x0000000081100000| Untracked 
|  17|0x0000000081100000, 0x0000000081200000, 0x0000000081200000|100%| O|  |TAMS 0x0000000081200000, 0x0000000081200000| Untracked 
|  18|0x0000000081200000, 0x0000000081300000, 0x0000000081300000|100%| O|  |TAMS 0x0000000081300000, 0x0000000081300000| Untracked 
|  19|0x0000000081300000, 0x0000000081400000, 0x0000000081400000|100%| O|  |TAMS 0x0000000081400000, 0x0000000081400000| Untracked 
|  20|0x0000000081400000, 0x0000000081500000, 0x0000000081500000|100%| O|  |TAMS 0x0000000081500000, 0x0000000081500000| Untracked 
|  21|0x0000000081500000, 0x0000000081600000, 0x0000000081600000|100%| O|  |TAMS 0x0000000081600000, 0x0000000081600000| Untracked 
|  22|0x0000000081600000, 0x0000000081700000, 0x0000000081700000|100%|HS|  |TAMS 0x0000000081700000, 0x0000000081700000| Complete 
|  23|0x0000000081700000, 0x0000000081800000, 0x0000000081800000|100%| O|  |TAMS 0x0000000081800000, 0x0000000081800000| Untracked 
|  24|0x0000000081800000, 0x0000000081900000, 0x0000000081900000|100%| O|  |TAMS 0x0000000081900000, 0x0000000081900000| Untracked 
|  25|0x0000000081900000, 0x0000000081a00000, 0x0000000081a00000|100%| O|  |TAMS 0x0000000081a00000, 0x0000000081a00000| Untracked 
|  26|0x0000000081a00000, 0x0000000081b00000, 0x0000000081b00000|100%| O|  |TAMS 0x0000000081b00000, 0x0000000081b00000| Untracked 
|  27|0x0000000081b00000, 0x0000000081c00000, 0x0000000081c00000|100%| O|  |TAMS 0x0000000081c00000, 0x0000000081c00000| Untracked 
|  28|0x0000000081c00000, 0x0000000081d00000, 0x0000000081d00000|100%|HS|  |TAMS 0x0000000081d00000, 0x0000000081d00000| Complete 
|  29|0x0000000081d00000, 0x0000000081e00000, 0x0000000081e00000|100%| O|  |TAMS 0x0000000081e00000, 0x0000000081e00000| Untracked 
|  30|0x0000000081e00000, 0x0000000081f00000, 0x0000000081f00000|100%| O|  |TAMS 0x0000000081f00000, 0x0000000081f00000| Untracked 
|  31|0x0000000081f00000, 0x0000000082000000, 0x0000000082000000|100%| O|  |TAMS 0x0000000082000000, 0x0000000082000000| Untracked 
|  32|0x0000000082000000, 0x0000000082100000, 0x0000000082100000|100%| O|  |TAMS 0x0000000082100000, 0x0000000082100000| Untracked 
|  33|0x0000000082100000, 0x0000000082200000, 0x0000000082200000|100%| O|  |TAMS 0x0000000082200000, 0x0000000082200000| Untracked 
|  34|0x0000000082200000, 0x0000000082300000, 0x0000000082300000|100%| O|  |TAMS 0x0000000082300000, 0x0000000082300000| Untracked 
|  35|0x0000000082300000, 0x0000000082400000, 0x0000000082400000|100%| O|  |TAMS 0x0000000082400000, 0x0000000082400000| Untracked 
|  36|0x0000000082400000, 0x0000000082500000, 0x0000000082500000|100%|HS|  |TAMS 0x0000000082500000, 0x0000000082500000| Complete 
|  37|0x0000000082500000, 0x0000000082600000, 0x0000000082600000|100%|HC|  |TAMS 0x0000000082600000, 0x0000000082600000| Complete 
|  38|0x0000000082600000, 0x0000000082700000, 0x0000000082700000|100%| O|  |TAMS 0x0000000082700000, 0x0000000082700000| Untracked 
|  39|0x0000000082700000, 0x0000000082800000, 0x0000000082800000|100%| O|  |TAMS 0x0000000082800000, 0x0000000082800000| Untracked 
|  40|0x0000000082800000, 0x0000000082900000, 0x0000000082900000|100%| O|  |TAMS 0x0000000082900000, 0x0000000082900000| Untracked 
|  41|0x0000000082900000, 0x0000000082a00000, 0x0000000082a00000|100%| O|  |TAMS 0x0000000082a00000, 0x0000000082a00000| Untracked 
|  42|0x0000000082a00000, 0x0000000082b00000, 0x0000000082b00000|100%| O|  |TAMS 0x0000000082b00000, 0x0000000082b00000| Untracked 
|  43|0x0000000082b00000, 0x0000000082c00000, 0x0000000082c00000|100%| O|  |TAMS 0x0000000082c00000, 0x0000000082c00000| Untracked 
|  44|0x0000000082c00000, 0x0000000082d00000, 0x0000000082d00000|100%| O|  |TAMS 0x0000000082d00000, 0x0000000082d00000| Untracked 
|  45|0x0000000082d00000, 0x0000000082e00000, 0x0000000082e00000|100%| O|  |TAMS 0x0000000082e00000, 0x0000000082e00000| Untracked 
|  46|0x0000000082e00000, 0x0000000082f00000, 0x0000000082f00000|100%| O|  |TAMS 0x0000000082f00000, 0x0000000082f00000| Untracked 
|  47|0x0000000082f00000, 0x0000000083000000, 0x0000000083000000|100%| O|  |TAMS 0x0000000083000000, 0x0000000083000000| Untracked 
|  48|0x0000000083000000, 0x0000000083100000, 0x0000000083100000|100%| O|  |TAMS 0x0000000083100000, 0x0000000083100000| Untracked 
|  49|0x0000000083100000, 0x0000000083200000, 0x0000000083200000|100%| O|  |TAMS 0x0000000083200000, 0x0000000083200000| Untracked 
|  50|0x0000000083200000, 0x0000000083300000, 0x0000000083300000|100%| O|  |TAMS 0x0000000083300000, 0x0000000083300000| Untracked 
|  51|0x0000000083300000, 0x0000000083400000, 0x0000000083400000|100%| O|  |TAMS 0x0000000083400000, 0x0000000083400000| Untracked 
|  52|0x0000000083400000, 0x0000000083500000, 0x0000000083500000|100%| O|  |TAMS 0x0000000083500000, 0x0000000083500000| Untracked 
|  53|0x0000000083500000, 0x0000000083600000, 0x0000000083600000|100%| O|  |TAMS 0x0000000083600000, 0x0000000083600000| Untracked 
|  54|0x0000000083600000, 0x0000000083700000, 0x0000000083700000|100%| O|  |TAMS 0x0000000083700000, 0x0000000083700000| Untracked 
|  55|0x0000000083700000, 0x0000000083800000, 0x0000000083800000|100%| O|  |TAMS 0x0000000083800000, 0x0000000083800000| Untracked 
|  56|0x0000000083800000, 0x0000000083900000, 0x0000000083900000|100%| O|  |TAMS 0x0000000083900000, 0x0000000083900000| Untracked 
|  57|0x0000000083900000, 0x0000000083a00000, 0x0000000083a00000|100%| O|  |TAMS 0x0000000083a00000, 0x0000000083a00000| Untracked 
|  58|0x0000000083a00000, 0x0000000083b00000, 0x0000000083b00000|100%| O|  |TAMS 0x0000000083b00000, 0x0000000083b00000| Untracked 
|  59|0x0000000083b00000, 0x0000000083c00000, 0x0000000083c00000|100%| O|  |TAMS 0x0000000083c00000, 0x0000000083c00000| Untracked 
|  60|0x0000000083c00000, 0x0000000083d00000, 0x0000000083d00000|100%| O|  |TAMS 0x0000000083d00000, 0x0000000083d00000| Untracked 
|  61|0x0000000083d00000, 0x0000000083e00000, 0x0000000083e00000|100%| O|  |TAMS 0x0000000083e00000, 0x0000000083e00000| Untracked 
|  62|0x0000000083e00000, 0x0000000083f00000, 0x0000000083f00000|100%| O|  |TAMS 0x0000000083f00000, 0x0000000083f00000| Untracked 
|  63|0x0000000083f00000, 0x0000000084000000, 0x0000000084000000|100%| O|  |TAMS 0x0000000084000000, 0x0000000084000000| Untracked 
|  64|0x0000000084000000, 0x0000000084100000, 0x0000000084100000|100%| O|  |TAMS 0x0000000084100000, 0x0000000084100000| Untracked 
|  65|0x0000000084100000, 0x0000000084200000, 0x0000000084200000|100%| O|  |TAMS 0x0000000084200000, 0x0000000084200000| Untracked 
|  66|0x0000000084200000, 0x0000000084300000, 0x0000000084300000|100%| O|  |TAMS 0x0000000084300000, 0x0000000084300000| Untracked 
|  67|0x0000000084300000, 0x0000000084400000, 0x0000000084400000|100%| O|  |TAMS 0x0000000084400000, 0x0000000084400000| Untracked 
|  68|0x0000000084400000, 0x0000000084500000, 0x0000000084500000|100%| O|  |TAMS 0x0000000084500000, 0x0000000084500000| Untracked 
|  69|0x0000000084500000, 0x0000000084600000, 0x0000000084600000|100%| O|  |TAMS 0x0000000084600000, 0x0000000084600000| Untracked 
|  70|0x0000000084600000, 0x0000000084700000, 0x0000000084700000|100%| O|  |TAMS 0x0000000084700000, 0x0000000084700000| Untracked 
|  71|0x0000000084700000, 0x0000000084800000, 0x0000000084800000|100%| O|  |TAMS 0x0000000084800000, 0x0000000084800000| Untracked 
|  72|0x0000000084800000, 0x0000000084900000, 0x0000000084900000|100%| O|  |TAMS 0x0000000084900000, 0x0000000084900000| Untracked 
|  73|0x0000000084900000, 0x0000000084a00000, 0x0000000084a00000|100%| O|  |TAMS 0x0000000084a00000, 0x0000000084a00000| Untracked 
|  74|0x0000000084a00000, 0x0000000084b00000, 0x0000000084b00000|100%| O|  |TAMS 0x0000000084a00000, 0x0000000084b00000| Untracked 
|  75|0x0000000084b00000, 0x0000000084c00000, 0x0000000084c00000|100%| O|  |TAMS 0x0000000084b00000, 0x0000000084c00000| Untracked 
|  76|0x0000000084c00000, 0x0000000084d00000, 0x0000000084d00000|100%|HS|  |TAMS 0x0000000084d00000, 0x0000000084d00000| Complete 
|  77|0x0000000084d00000, 0x0000000084e00000, 0x0000000084e00000|100%| O|  |TAMS 0x0000000084e00000, 0x0000000084e00000| Untracked 
|  78|0x0000000084e00000, 0x0000000084f00000, 0x0000000084f00000|100%| O|  |TAMS 0x0000000084f00000, 0x0000000084f00000| Untracked 
|  79|0x0000000084f00000, 0x0000000085000000, 0x0000000085000000|100%| O|  |TAMS 0x0000000085000000, 0x0000000085000000| Untracked 
|  80|0x0000000085000000, 0x0000000085100000, 0x0000000085100000|100%| O|  |TAMS 0x0000000085100000, 0x0000000085100000| Untracked 
|  81|0x0000000085100000, 0x0000000085200000, 0x0000000085200000|100%| O|  |TAMS 0x0000000085200000, 0x0000000085200000| Untracked 
|  82|0x0000000085200000, 0x0000000085300000, 0x0000000085300000|100%| O|  |TAMS 0x0000000085300000, 0x0000000085300000| Untracked 
|  83|0x0000000085300000, 0x0000000085400000, 0x0000000085400000|100%| O|  |TAMS 0x0000000085400000, 0x0000000085400000| Untracked 
|  84|0x0000000085400000, 0x0000000085500000, 0x0000000085500000|100%| O|  |TAMS 0x0000000085500000, 0x0000000085500000| Untracked 
|  85|0x0000000085500000, 0x0000000085600000, 0x0000000085600000|100%| O|  |TAMS 0x0000000085600000, 0x0000000085600000| Untracked 
|  86|0x0000000085600000, 0x0000000085700000, 0x0000000085700000|100%| O|  |TAMS 0x0000000085700000, 0x0000000085700000| Untracked 
|  87|0x0000000085700000, 0x0000000085800000, 0x0000000085800000|100%| O|  |TAMS 0x0000000085800000, 0x0000000085800000| Untracked 
|  88|0x0000000085800000, 0x0000000085900000, 0x0000000085900000|100%| O|  |TAMS 0x0000000085900000, 0x0000000085900000| Untracked 
|  89|0x0000000085900000, 0x0000000085a00000, 0x0000000085a00000|100%| O|  |TAMS 0x0000000085a00000, 0x0000000085a00000| Untracked 
|  90|0x0000000085a00000, 0x0000000085b00000, 0x0000000085b00000|100%| O|  |TAMS 0x0000000085b00000, 0x0000000085b00000| Untracked 
|  91|0x0000000085b00000, 0x0000000085c00000, 0x0000000085c00000|100%| O|  |TAMS 0x0000000085c00000, 0x0000000085c00000| Untracked 
|  92|0x0000000085c00000, 0x0000000085d00000, 0x0000000085d00000|100%| O|  |TAMS 0x0000000085d00000, 0x0000000085d00000| Untracked 
|  93|0x0000000085d00000, 0x0000000085e00000, 0x0000000085e00000|100%| O|  |TAMS 0x0000000085dc3600, 0x0000000085e00000| Untracked 
|  94|0x0000000085e00000, 0x0000000085f00000, 0x0000000085f00000|100%| O|  |TAMS 0x0000000085e00000, 0x0000000085f00000| Untracked 
|  95|0x0000000085f00000, 0x0000000086000000, 0x0000000086000000|100%| O|  |TAMS 0x0000000085f00000, 0x0000000086000000| Untracked 
|  96|0x0000000086000000, 0x0000000086100000, 0x0000000086100000|100%| O|  |TAMS 0x0000000086000000, 0x0000000086100000| Untracked 
|  97|0x0000000086100000, 0x0000000086200000, 0x0000000086200000|100%| O|  |TAMS 0x0000000086100000, 0x0000000086200000| Untracked 
|  98|0x0000000086200000, 0x0000000086300000, 0x0000000086300000|100%| O|  |TAMS 0x0000000086200000, 0x0000000086300000| Untracked 
|  99|0x0000000086300000, 0x0000000086400000, 0x0000000086400000|100%| O|  |TAMS 0x0000000086300000, 0x0000000086400000| Untracked 
| 100|0x0000000086400000, 0x0000000086500000, 0x0000000086500000|100%| O|  |TAMS 0x0000000086400000, 0x0000000086500000| Untracked 
| 101|0x0000000086500000, 0x0000000086600000, 0x0000000086600000|100%| O|  |TAMS 0x0000000086500000, 0x0000000086600000| Untracked 
| 102|0x0000000086600000, 0x0000000086700000, 0x0000000086700000|100%| O|  |TAMS 0x0000000086600000, 0x0000000086600000| Untracked 
| 103|0x0000000086700000, 0x0000000086800000, 0x0000000086800000|100%| O|  |TAMS 0x0000000086700000, 0x0000000086700000| Untracked 
| 104|0x0000000086800000, 0x0000000086900000, 0x0000000086900000|100%| O|  |TAMS 0x0000000086800000, 0x0000000086800000| Untracked 
| 105|0x0000000086900000, 0x00000000869cb400, 0x0000000086a00000| 79%| O|  |TAMS 0x0000000086900000, 0x0000000086900000| Untracked 
| 106|0x0000000086a00000, 0x0000000086a00000, 0x0000000086b00000|  0%| F|  |TAMS 0x0000000086a00000, 0x0000000086a00000| Untracked 
| 107|0x0000000086b00000, 0x0000000086b00000, 0x0000000086c00000|  0%| F|  |TAMS 0x0000000086b00000, 0x0000000086b00000| Untracked 
| 108|0x0000000086c00000, 0x0000000086c00000, 0x0000000086d00000|  0%| F|  |TAMS 0x0000000086c00000, 0x0000000086c00000| Untracked 
| 109|0x0000000086d00000, 0x0000000086d00000, 0x0000000086e00000|  0%| F|  |TAMS 0x0000000086d00000, 0x0000000086d00000| Untracked 
| 110|0x0000000086e00000, 0x0000000086f00000, 0x0000000086f00000|100%| O|  |TAMS 0x0000000086e00000, 0x0000000086f00000| Untracked 
| 111|0x0000000086f00000, 0x0000000087000000, 0x0000000087000000|100%| O|  |TAMS 0x0000000086f00000, 0x0000000087000000| Untracked 
| 112|0x0000000087000000, 0x0000000087100000, 0x0000000087100000|100%| O|  |TAMS 0x0000000087000000, 0x0000000087096a00| Untracked 
| 113|0x0000000087100000, 0x0000000087100000, 0x0000000087200000|  0%| F|  |TAMS 0x0000000087100000, 0x0000000087100000| Untracked 
| 114|0x0000000087200000, 0x0000000087200000, 0x0000000087300000|  0%| F|  |TAMS 0x0000000087200000, 0x0000000087200000| Untracked 
| 115|0x0000000087300000, 0x0000000087300000, 0x0000000087400000|  0%| F|  |TAMS 0x0000000087300000, 0x0000000087300000| Untracked 
| 116|0x0000000087400000, 0x0000000087400000, 0x0000000087500000|  0%| F|  |TAMS 0x0000000087400000, 0x0000000087400000| Untracked 
| 117|0x0000000087500000, 0x0000000087500000, 0x0000000087600000|  0%| F|  |TAMS 0x0000000087500000, 0x0000000087500000| Untracked 
| 118|0x0000000087600000, 0x0000000087600000, 0x0000000087700000|  0%| F|  |TAMS 0x0000000087600000, 0x0000000087600000| Untracked 
| 119|0x0000000087700000, 0x0000000087700000, 0x0000000087800000|  0%| F|  |TAMS 0x0000000087700000, 0x0000000087700000| Untracked 
| 120|0x0000000087800000, 0x0000000087800000, 0x0000000087900000|  0%| F|  |TAMS 0x0000000087800000, 0x0000000087800000| Untracked 
| 121|0x0000000087900000, 0x0000000087900000, 0x0000000087a00000|  0%| F|  |TAMS 0x0000000087900000, 0x0000000087900000| Untracked 
| 122|0x0000000087a00000, 0x0000000087a00000, 0x0000000087b00000|  0%| F|  |TAMS 0x0000000087a00000, 0x0000000087a00000| Untracked 
| 123|0x0000000087b00000, 0x0000000087b00000, 0x0000000087c00000|  0%| F|  |TAMS 0x0000000087b00000, 0x0000000087b00000| Untracked 
| 124|0x0000000087c00000, 0x0000000087c00000, 0x0000000087d00000|  0%| F|  |TAMS 0x0000000087c00000, 0x0000000087c00000| Untracked 
| 125|0x0000000087d00000, 0x0000000087d00000, 0x0000000087e00000|  0%| F|  |TAMS 0x0000000087d00000, 0x0000000087d00000| Untracked 
| 126|0x0000000087e00000, 0x0000000087e00000, 0x0000000087f00000|  0%| F|  |TAMS 0x0000000087e00000, 0x0000000087e00000| Untracked 
| 127|0x0000000087f00000, 0x0000000087f00000, 0x0000000088000000|  0%| F|  |TAMS 0x0000000087f00000, 0x0000000087f00000| Untracked 
| 128|0x0000000088000000, 0x0000000088000000, 0x0000000088100000|  0%| F|  |TAMS 0x0000000088000000, 0x0000000088000000| Untracked 
| 129|0x0000000088100000, 0x0000000088100000, 0x0000000088200000|  0%| F|  |TAMS 0x0000000088100000, 0x0000000088100000| Untracked 
| 130|0x0000000088200000, 0x0000000088200000, 0x0000000088300000|  0%| F|  |TAMS 0x0000000088200000, 0x0000000088200000| Untracked 
| 131|0x0000000088300000, 0x0000000088300000, 0x0000000088400000|  0%| F|  |TAMS 0x0000000088300000, 0x0000000088300000| Untracked 
| 132|0x0000000088400000, 0x0000000088400000, 0x0000000088500000|  0%| F|  |TAMS 0x0000000088400000, 0x0000000088400000| Untracked 
| 133|0x0000000088500000, 0x0000000088500000, 0x0000000088600000|  0%| F|  |TAMS 0x0000000088500000, 0x0000000088500000| Untracked 
| 134|0x0000000088600000, 0x0000000088600000, 0x0000000088700000|  0%| F|  |TAMS 0x0000000088600000, 0x0000000088600000| Untracked 
| 135|0x0000000088700000, 0x0000000088700000, 0x0000000088800000|  0%| F|  |TAMS 0x0000000088700000, 0x0000000088700000| Untracked 
| 136|0x0000000088800000, 0x0000000088800000, 0x0000000088900000|  0%| F|  |TAMS 0x0000000088800000, 0x0000000088800000| Untracked 
| 137|0x0000000088900000, 0x0000000088900000, 0x0000000088a00000|  0%| F|  |TAMS 0x0000000088900000, 0x0000000088900000| Untracked 
| 138|0x0000000088a00000, 0x0000000088a00000, 0x0000000088b00000|  0%| F|  |TAMS 0x0000000088a00000, 0x0000000088a00000| Untracked 
| 139|0x0000000088b00000, 0x0000000088b00000, 0x0000000088c00000|  0%| F|  |TAMS 0x0000000088b00000, 0x0000000088b00000| Untracked 
| 140|0x0000000088c00000, 0x0000000088c00000, 0x0000000088d00000|  0%| F|  |TAMS 0x0000000088c00000, 0x0000000088c00000| Untracked 
| 141|0x0000000088d00000, 0x0000000088d00000, 0x0000000088e00000|  0%| F|  |TAMS 0x0000000088d00000, 0x0000000088d00000| Untracked 
| 142|0x0000000088e00000, 0x0000000088e00000, 0x0000000088f00000|  0%| F|  |TAMS 0x0000000088e00000, 0x0000000088e00000| Untracked 
| 143|0x0000000088f00000, 0x0000000088f00000, 0x0000000089000000|  0%| F|  |TAMS 0x0000000088f00000, 0x0000000088f00000| Untracked 
| 144|0x0000000089000000, 0x0000000089000000, 0x0000000089100000|  0%| F|  |TAMS 0x0000000089000000, 0x0000000089000000| Untracked 
| 145|0x0000000089100000, 0x0000000089100000, 0x0000000089200000|  0%| F|  |TAMS 0x0000000089100000, 0x0000000089100000| Untracked 
| 146|0x0000000089200000, 0x00000000892e7aa0, 0x0000000089300000| 90%| S|CS|TAMS 0x0000000089200000, 0x0000000089200000| Complete 
| 147|0x0000000089300000, 0x0000000089300000, 0x0000000089400000|  0%| F|  |TAMS 0x0000000089300000, 0x0000000089300000| Untracked 
| 148|0x0000000089400000, 0x0000000089400000, 0x0000000089500000|  0%| F|  |TAMS 0x0000000089400000, 0x0000000089400000| Untracked 
| 149|0x0000000089500000, 0x0000000089500000, 0x0000000089600000|  0%| F|  |TAMS 0x0000000089500000, 0x0000000089500000| Untracked 
| 150|0x0000000089600000, 0x0000000089600000, 0x0000000089700000|  0%| F|  |TAMS 0x0000000089600000, 0x0000000089600000| Untracked 
| 151|0x0000000089700000, 0x0000000089700000, 0x0000000089800000|  0%| F|  |TAMS 0x0000000089700000, 0x0000000089700000| Untracked 
| 152|0x0000000089800000, 0x0000000089800000, 0x0000000089900000|  0%| F|  |TAMS 0x0000000089800000, 0x0000000089800000| Untracked 
| 153|0x0000000089900000, 0x0000000089900000, 0x0000000089a00000|  0%| F|  |TAMS 0x0000000089900000, 0x0000000089900000| Untracked 
| 154|0x0000000089a00000, 0x0000000089a00000, 0x0000000089b00000|  0%| F|  |TAMS 0x0000000089a00000, 0x0000000089a00000| Untracked 
| 155|0x0000000089b00000, 0x0000000089b00000, 0x0000000089c00000|  0%| F|  |TAMS 0x0000000089b00000, 0x0000000089b00000| Untracked 
| 156|0x0000000089c00000, 0x0000000089c00000, 0x0000000089d00000|  0%| F|  |TAMS 0x0000000089c00000, 0x0000000089c00000| Untracked 
| 157|0x0000000089d00000, 0x0000000089d00000, 0x0000000089e00000|  0%| F|  |TAMS 0x0000000089d00000, 0x0000000089d00000| Untracked 
| 158|0x0000000089e00000, 0x0000000089e00000, 0x0000000089f00000|  0%| F|  |TAMS 0x0000000089e00000, 0x0000000089e00000| Untracked 
| 159|0x0000000089f00000, 0x0000000089f00000, 0x000000008a000000|  0%| F|  |TAMS 0x0000000089f00000, 0x0000000089f00000| Untracked 
| 160|0x000000008a000000, 0x000000008a000000, 0x000000008a100000|  0%| F|  |TAMS 0x000000008a000000, 0x000000008a000000| Untracked 
| 161|0x000000008a100000, 0x000000008a100000, 0x000000008a200000|  0%| F|  |TAMS 0x000000008a100000, 0x000000008a100000| Untracked 
| 162|0x000000008a200000, 0x000000008a200000, 0x000000008a300000|  0%| F|  |TAMS 0x000000008a200000, 0x000000008a200000| Untracked 
| 163|0x000000008a300000, 0x000000008a300000, 0x000000008a400000|  0%| F|  |TAMS 0x000000008a300000, 0x000000008a300000| Untracked 
| 164|0x000000008a400000, 0x000000008a400000, 0x000000008a500000|  0%| F|  |TAMS 0x000000008a400000, 0x000000008a400000| Untracked 
| 165|0x000000008a500000, 0x000000008a500000, 0x000000008a600000|  0%| F|  |TAMS 0x000000008a500000, 0x000000008a500000| Untracked 
| 166|0x000000008a600000, 0x000000008a600000, 0x000000008a700000|  0%| F|  |TAMS 0x000000008a600000, 0x000000008a600000| Untracked 
| 167|0x000000008a700000, 0x000000008a700000, 0x000000008a800000|  0%| F|  |TAMS 0x000000008a700000, 0x000000008a700000| Untracked 
| 168|0x000000008a800000, 0x000000008a800000, 0x000000008a900000|  0%| F|  |TAMS 0x000000008a800000, 0x000000008a800000| Untracked 
| 169|0x000000008a900000, 0x000000008a900000, 0x000000008aa00000|  0%| F|  |TAMS 0x000000008a900000, 0x000000008a900000| Untracked 
| 170|0x000000008aa00000, 0x000000008aa00000, 0x000000008ab00000|  0%| F|  |TAMS 0x000000008aa00000, 0x000000008aa00000| Untracked 
| 171|0x000000008ab00000, 0x000000008ab00000, 0x000000008ac00000|  0%| F|  |TAMS 0x000000008ab00000, 0x000000008ab00000| Untracked 
| 172|0x000000008ac00000, 0x000000008ac00000, 0x000000008ad00000|  0%| F|  |TAMS 0x000000008ac00000, 0x000000008ac00000| Untracked 
| 173|0x000000008ad00000, 0x000000008ad00000, 0x000000008ae00000|  0%| F|  |TAMS 0x000000008ad00000, 0x000000008ad00000| Untracked 
| 174|0x000000008ae00000, 0x000000008ae00000, 0x000000008af00000|  0%| F|  |TAMS 0x000000008ae00000, 0x000000008ae00000| Untracked 
| 175|0x000000008af00000, 0x000000008af00000, 0x000000008b000000|  0%| F|  |TAMS 0x000000008af00000, 0x000000008af00000| Untracked 
| 176|0x000000008b000000, 0x000000008b000000, 0x000000008b100000|  0%| F|  |TAMS 0x000000008b000000, 0x000000008b000000| Untracked 
| 177|0x000000008b100000, 0x000000008b100000, 0x000000008b200000|  0%| F|  |TAMS 0x000000008b100000, 0x000000008b100000| Untracked 
| 178|0x000000008b200000, 0x000000008b200000, 0x000000008b300000|  0%| F|  |TAMS 0x000000008b200000, 0x000000008b200000| Untracked 
| 179|0x000000008b300000, 0x000000008b300000, 0x000000008b400000|  0%| F|  |TAMS 0x000000008b300000, 0x000000008b300000| Untracked 
| 180|0x000000008b400000, 0x000000008b400000, 0x000000008b500000|  0%| F|  |TAMS 0x000000008b400000, 0x000000008b400000| Untracked 
| 181|0x000000008b500000, 0x000000008b500000, 0x000000008b600000|  0%| F|  |TAMS 0x000000008b500000, 0x000000008b500000| Untracked 
| 182|0x000000008b600000, 0x000000008b600000, 0x000000008b700000|  0%| F|  |TAMS 0x000000008b600000, 0x000000008b600000| Untracked 
| 183|0x000000008b700000, 0x000000008b700000, 0x000000008b800000|  0%| F|  |TAMS 0x000000008b700000, 0x000000008b700000| Untracked 
| 184|0x000000008b800000, 0x000000008b800000, 0x000000008b900000|  0%| F|  |TAMS 0x000000008b800000, 0x000000008b800000| Untracked 
| 185|0x000000008b900000, 0x000000008b900000, 0x000000008ba00000|  0%| F|  |TAMS 0x000000008b900000, 0x000000008b900000| Untracked 
| 186|0x000000008ba00000, 0x000000008ba00000, 0x000000008bb00000|  0%| F|  |TAMS 0x000000008ba00000, 0x000000008ba00000| Untracked 
| 187|0x000000008bb00000, 0x000000008bb00000, 0x000000008bc00000|  0%| F|  |TAMS 0x000000008bb00000, 0x000000008bb00000| Untracked 
| 188|0x000000008bc00000, 0x000000008bc00000, 0x000000008bd00000|  0%| F|  |TAMS 0x000000008bc00000, 0x000000008bc00000| Untracked 
| 189|0x000000008bd00000, 0x000000008bd00000, 0x000000008be00000|  0%| F|  |TAMS 0x000000008bd00000, 0x000000008bd00000| Untracked 
| 190|0x000000008be00000, 0x000000008be00000, 0x000000008bf00000|  0%| F|  |TAMS 0x000000008be00000, 0x000000008be00000| Untracked 
| 191|0x000000008bf00000, 0x000000008bf00000, 0x000000008c000000|  0%| F|  |TAMS 0x000000008bf00000, 0x000000008bf00000| Untracked 
| 192|0x000000008c000000, 0x000000008c000000, 0x000000008c100000|  0%| F|  |TAMS 0x000000008c000000, 0x000000008c000000| Untracked 
| 193|0x000000008c100000, 0x000000008c100000, 0x000000008c200000|  0%| F|  |TAMS 0x000000008c100000, 0x000000008c100000| Untracked 
| 194|0x000000008c200000, 0x000000008c200000, 0x000000008c300000|  0%| F|  |TAMS 0x000000008c200000, 0x000000008c200000| Untracked 
| 195|0x000000008c300000, 0x000000008c300000, 0x000000008c400000|  0%| F|  |TAMS 0x000000008c300000, 0x000000008c300000| Untracked 
| 196|0x000000008c400000, 0x000000008c400000, 0x000000008c500000|  0%| F|  |TAMS 0x000000008c400000, 0x000000008c400000| Untracked 
| 197|0x000000008c500000, 0x000000008c500000, 0x000000008c600000|  0%| F|  |TAMS 0x000000008c500000, 0x000000008c500000| Untracked 
| 253|0x000000008fd00000, 0x000000008fd00000, 0x000000008fe00000|  0%| F|  |TAMS 0x000000008fd00000, 0x000000008fd00000| Untracked 

Card table byte_map: [0x0000024e2e8a0000,0x0000024e2eca0000] _byte_map_base: 0x0000024e2e4a0000

Marking Bits (Prev, Next): (CMBitMap*) 0x0000024e16d4a640, (CMBitMap*) 0x0000024e16d4a680
 Prev Bits: [0x0000024e2f0a0000, 0x0000024e310a0000)
 Next Bits: [0x0000024e310a0000, 0x0000024e330a0000)

Polling page: 0x0000024e14cc0000

Metaspace:

Usage:
  Non-class:     67.52 MB capacity,    66.75 MB ( 99%) used,   678.69 KB ( <1%) free+waste,   112.00 KB ( <1%) overhead. 
      Class:     10.34 MB capacity,    10.00 MB ( 97%) used,   300.84 KB (  3%) free+waste,    44.69 KB ( <1%) overhead. 
       Both:     77.86 MB capacity,    76.75 MB ( 99%) used,   979.52 KB (  1%) free+waste,   156.69 KB ( <1%) overhead. 

Virtual space:
  Non-class space:       68.00 MB reserved,      67.58 MB (>99%) committed 
      Class space:        1.00 GB reserved,      10.38 MB (  1%) committed 
             Both:        1.07 GB reserved,      77.95 MB (  7%) committed 

Chunk freelists:
   Non-Class:  58.00 KB
       Class:  38.00 KB
        Both:  96.00 KB

MaxMetaspaceSize: 17179869184.00 GB
CompressedClassSpaceSize: 1.00 GB

CodeHeap 'non-profiled nmethods': size=120000Kb used=5890Kb max_used=5890Kb free=114109Kb
 bounds [0x0000024e26a10000, 0x0000024e26fe0000, 0x0000024e2df40000]
CodeHeap 'profiled nmethods': size=120000Kb used=18676Kb max_used=19595Kb free=101324Kb
 bounds [0x0000024e1f4e0000, 0x0000024e20810000, 0x0000024e26a10000]
CodeHeap 'non-nmethods': size=5760Kb used=2388Kb max_used=2582Kb free=3371Kb
 bounds [0x0000024e1ef40000, 0x0000024e1f1f0000, 0x0000024e1f4e0000]
 total_blobs=10483 nmethods=9602 adapters=793
 compilation: enabled
              stopped_count=0, restarted_count=0
 full_count=0

Compilation events (20 events):
Event: 8.001 Thread 0x0000024e36666710 11242   !   3       java.io.BufferedWriter::write (55 bytes)
Event: 8.001 Thread 0x0000024e36666710 nmethod 11242 0x0000024e2047ce10 code [0x0000024e2047cfe0, 0x0000024e2047d418]
Event: 8.002 Thread 0x0000024e36666710 11243       3       com.android.ide.common.blame.MergingLogPersistUtil$SourcePositionsSerializer::equals (155 bytes)
Event: 8.002 Thread 0x0000024e366624a0 nmethod 11234 0x0000024e26fc2510 code [0x0000024e26fc2780, 0x0000024e26fc4a10]
Event: 8.002 Thread 0x0000024e366624a0 11241       4       com.android.ide.common.blame.MergingLogPersistUtil::lambda$normalize$0 (107 bytes)
Event: 8.003 Thread 0x0000024e36666710 nmethod 11243 0x0000024e20625690 code [0x0000024e20625b40, 0x0000024e206279f8]
Event: 8.013 Thread 0x0000024e36666710 11244       3       java.io.Writer::append (7 bytes)
Event: 8.013 Thread 0x0000024e36666710 nmethod 11244 0x0000024e20350410 code [0x0000024e203505c0, 0x0000024e20350788]
Event: 8.030 Thread 0x0000024e36666710 11245   !   3       java.io.FileOutputStream::close (69 bytes)
Event: 8.030 Thread 0x0000024e36666710 nmethod 11245 0x0000024e2019a990 code [0x0000024e2019ab80, 0x0000024e2019b078]
Event: 8.031 Thread 0x0000024e36666710 11247       3       com.google.gson.stream.JsonWriter::newline (47 bytes)
Event: 8.032 Thread 0x0000024e36666710 nmethod 11247 0x0000024e206bc110 code [0x0000024e206bc2e0, 0x0000024e206bc6b8]
Event: 8.032 Thread 0x0000024e367d5fd0 nmethod 11062 0x0000024e26fc5a90 code [0x0000024e26fc6120, 0x0000024e26fcdcd0]
Event: 8.033 Thread 0x0000024e367d5fd0 11246       4       com.google.gson.stream.JsonWriter::beforeValue (135 bytes)
Event: 8.035 Thread 0x0000024e36666710 11250       3       java.util.LinkedHashMap$LinkedEntrySet::forEach (67 bytes)
Event: 8.035 Thread 0x0000024e36666710 nmethod 11250 0x0000024e1f98d890 code [0x0000024e1f98da80, 0x0000024e1f98df48]
Event: 8.040 Thread 0x0000024e367d5fd0 nmethod 11246 0x0000024e26c37210 code [0x0000024e26c37440, 0x0000024e26c37f10]
Event: 8.040 Thread 0x0000024e367d5fd0 11248       4       com.google.gson.stream.JsonWriter::beforeName (47 bytes)
Event: 8.045 Thread 0x0000024e367d5fd0 nmethod 11248 0x0000024e26c36190 code [0x0000024e26c36360, 0x0000024e26c36c28]
Event: 8.045 Thread 0x0000024e367d5fd0 11249       4       com.google.gson.stream.JsonWriter::name (53 bytes)

GC Heap History (20 events):
Event: 4.979 GC heap after
{Heap after GC invocations=28 (full 0):
 garbage-first heap   total 115712K, used 59915K [0x0000000080000000, 0x0000000100000000)
  region size 1024K, 3 young (3072K), 3 survivors (3072K)
 Metaspace       used 61362K, capacity 62297K, committed 62416K, reserved 1103872K
  class space    used 8045K, capacity 8310K, committed 8320K, reserved 1048576K
}
Event: 5.179 GC heap before
{Heap before GC invocations=28 (full 0):
 garbage-first heap   total 115712K, used 92683K [0x0000000080000000, 0x0000000100000000)
  region size 1024K, 35 young (35840K), 3 survivors (3072K)
 Metaspace       used 63522K, capacity 64419K, committed 64592K, reserved 1105920K
  class space    used 8370K, capacity 8651K, committed 8704K, reserved 1048576K
}
Event: 5.182 GC heap after
{Heap after GC invocations=29 (full 0):
 garbage-first heap   total 115712K, used 61998K [0x0000000080000000, 0x0000000100000000)
  region size 1024K, 5 young (5120K), 5 survivors (5120K)
 Metaspace       used 63522K, capacity 64419K, committed 64592K, reserved 1105920K
  class space    used 8370K, capacity 8651K, committed 8704K, reserved 1048576K
}
Event: 5.500 GC heap before
{Heap before GC invocations=30 (full 0):
 garbage-first heap   total 115712K, used 93742K [0x0000000080000000, 0x0000000100000000)
  region size 1024K, 36 young (36864K), 5 survivors (5120K)
 Metaspace       used 67975K, capacity 69003K, committed 69072K, reserved 1110016K
  class space    used 8968K, capacity 9286K, committed 9344K, reserved 1048576K
}
Event: 5.504 GC heap after
{Heap after GC invocations=31 (full 0):
 garbage-first heap   total 139264K, used 64319K [0x0000000080000000, 0x0000000100000000)
  region size 1024K, 5 young (5120K), 5 survivors (5120K)
 Metaspace       used 67975K, capacity 69003K, committed 69072K, reserved 1110016K
  class space    used 8968K, capacity 9286K, committed 9344K, reserved 1048576K
}
Event: 5.942 GC heap before
{Heap before GC invocations=31 (full 0):
 garbage-first heap   total 139264K, used 110399K [0x0000000080000000, 0x0000000100000000)
  region size 1024K, 51 young (52224K), 5 survivors (5120K)
 Metaspace       used 71858K, capacity 72874K, committed 73040K, reserved 1112064K
  class space    used 9426K, capacity 9705K, committed 9728K, reserved 1048576K
}
Event: 5.948 GC heap after
{Heap after GC invocations=32 (full 0):
 garbage-first heap   total 139264K, used 70160K [0x0000000080000000, 0x0000000100000000)
  region size 1024K, 7 young (7168K), 7 survivors (7168K)
 Metaspace       used 71858K, capacity 72874K, committed 73040K, reserved 1112064K
  class space    used 9426K, capacity 9705K, committed 9728K, reserved 1048576K
}
Event: 6.246 GC heap before
{Heap before GC invocations=32 (full 0):
 garbage-first heap   total 139264K, used 111120K [0x0000000080000000, 0x0000000100000000)
  region size 1024K, 48 young (49152K), 7 survivors (7168K)
 Metaspace       used 73674K, capacity 74850K, committed 75088K, reserved 1114112K
  class space    used 9754K, capacity 10142K, committed 10240K, reserved 1048576K
}
Event: 6.253 GC heap after
{Heap after GC invocations=33 (full 0):
 garbage-first heap   total 139264K, used 75651K [0x0000000080000000, 0x0000000100000000)
  region size 1024K, 6 young (6144K), 6 survivors (6144K)
 Metaspace       used 73674K, capacity 74850K, committed 75088K, reserved 1114112K
  class space    used 9754K, capacity 10142K, committed 10240K, reserved 1048576K
}
Event: 6.402 GC heap before
{Heap before GC invocations=34 (full 0):
 garbage-first heap   total 147456K, used 111491K [0x0000000080000000, 0x0000000100000000)
  region size 1024K, 42 young (43008K), 6 survivors (6144K)
 Metaspace       used 73896K, capacity 74979K, committed 75088K, reserved 1114112K
  class space    used 9754K, capacity 10142K, committed 10240K, reserved 1048576K
}
Event: 6.406 GC heap after
{Heap after GC invocations=35 (full 0):
 garbage-first heap   total 147456K, used 77766K [0x0000000080000000, 0x0000000100000000)
  region size 1024K, 3 young (3072K), 3 survivors (3072K)
 Metaspace       used 73896K, capacity 74979K, committed 75088K, reserved 1114112K
  class space    used 9754K, capacity 10142K, committed 10240K, reserved 1048576K
}
Event: 6.620 GC heap before
{Heap before GC invocations=35 (full 0):
 garbage-first heap   total 147456K, used 118726K [0x0000000080000000, 0x0000000100000000)
  region size 1024K, 44 young (45056K), 3 survivors (3072K)
 Metaspace       used 75262K, capacity 76393K, committed 76496K, reserved 1116160K
  class space    used 9918K, capacity 10271K, committed 10368K, reserved 1048576K
}
Event: 6.623 GC heap after
{Heap after GC invocations=36 (full 0):
 garbage-first heap   total 177152K, used 80068K [0x0000000080000000, 0x0000000100000000)
  region size 1024K, 5 young (5120K), 5 survivors (5120K)
 Metaspace       used 75262K, capacity 76393K, committed 76496K, reserved 1116160K
  class space    used 9918K, capacity 10271K, committed 10368K, reserved 1048576K
}
Event: 7.279 GC heap before
{Heap before GC invocations=37 (full 0):
 garbage-first heap   total 177152K, used 145604K [0x0000000080000000, 0x0000000100000000)
  region size 1024K, 67 young (68608K), 5 survivors (5120K)
 Metaspace       used 75837K, capacity 76980K, committed 77264K, reserved 1116160K
  class space    used 9938K, capacity 10294K, committed 10368K, reserved 1048576K
}
Event: 7.289 GC heap after
{Heap after GC invocations=38 (full 0):
 garbage-first heap   total 177152K, used 103148K [0x0000000080000000, 0x0000000100000000)
  region size 1024K, 9 young (9216K), 9 survivors (9216K)
 Metaspace       used 75837K, capacity 76980K, committed 77264K, reserved 1116160K
  class space    used 9938K, capacity 10294K, committed 10368K, reserved 1048576K
}
Event: 7.479 GC heap before
{Heap before GC invocations=38 (full 0):
 garbage-first heap   total 177152K, used 119532K [0x0000000080000000, 0x0000000100000000)
  region size 1024K, 26 young (26624K), 9 survivors (9216K)
 Metaspace       used 76214K, capacity 77300K, committed 77520K, reserved 1116160K
  class space    used 9967K, capacity 10294K, committed 10368K, reserved 1048576K
}
Event: 7.485 GC heap after
{Heap after GC invocations=39 (full 0):
 garbage-first heap   total 177152K, used 107998K [0x0000000080000000, 0x0000000100000000)
  region size 1024K, 4 young (4096K), 4 survivors (4096K)
 Metaspace       used 76214K, capacity 77300K, committed 77520K, reserved 1116160K
  class space    used 9967K, capacity 10294K, committed 10368K, reserved 1048576K
}
Event: 7.826 GC heap before
{Heap before GC invocations=40 (full 0):
 garbage-first heap   total 203776K, used 147934K [0x0000000080000000, 0x0000000100000000)
  region size 1024K, 36 young (36864K), 4 survivors (4096K)
 Metaspace       used 78396K, capacity 79517K, committed 79824K, reserved 1118208K
  class space    used 10237K, capacity 10584K, committed 10624K, reserved 1048576K
}
Event: 7.832 GC heap after
{Heap after GC invocations=41 (full 0):
 garbage-first heap   total 203776K, used 111289K [0x0000000080000000, 0x0000000100000000)
  region size 1024K, 5 young (5120K), 5 survivors (5120K)
 Metaspace       used 78396K, capacity 79517K, committed 79824K, reserved 1118208K
  class space    used 10237K, capacity 10584K, committed 10624K, reserved 1048576K
}
Event: 8.045 GC heap before
{Heap before GC invocations=41 (full 0):
 garbage-first heap   total 203776K, used 159417K [0x0000000080000000, 0x0000000100000000)
  region size 1024K, 52 young (53248K), 5 survivors (5120K)
 Metaspace       used 78591K, capacity 79728K, committed 79824K, reserved 1118208K
  class space    used 10240K, capacity 10586K, committed 10624K, reserved 1048576K
}

Deoptimization events (20 events):
Event: 7.870 Thread 0x0000024e36b4e230 DEOPT PACKING pc=0x0000024e26ef627c sp=0x000000f0287f9880
Event: 7.870 Thread 0x0000024e36b4e230 DEOPT UNPACKING pc=0x0000024e1ef8e42f sp=0x000000f0287f9808 mode 2
Event: 7.892 Thread 0x0000024e36b4e230 DEOPT PACKING pc=0x0000024e1f792934 sp=0x000000f0287f9620
Event: 7.892 Thread 0x0000024e36b4e230 DEOPT UNPACKING pc=0x0000024e1ef8e23f sp=0x000000f0287f8ab0 mode 0
Event: 7.920 Thread 0x0000024e36b4e230 DEOPT PACKING pc=0x0000024e1f78aac2 sp=0x000000f0287f9cb0
Event: 7.920 Thread 0x0000024e36b4e230 DEOPT UNPACKING pc=0x0000024e1ef8e23f sp=0x000000f0287f91d8 mode 0
Event: 7.920 Thread 0x0000024e36b4e230 DEOPT PACKING pc=0x0000024e1f78aac2 sp=0x000000f0287f9cb0
Event: 7.920 Thread 0x0000024e36b4e230 DEOPT UNPACKING pc=0x0000024e1ef8e23f sp=0x000000f0287f91d8 mode 0
Event: 7.932 Thread 0x0000024e36b4e230 DEOPT PACKING pc=0x0000024e206b0de8 sp=0x000000f0287f9cf0
Event: 7.932 Thread 0x0000024e36b4e230 DEOPT UNPACKING pc=0x0000024e1ef8e23f sp=0x000000f0287f91d8 mode 0
Event: 7.934 Thread 0x0000024e36b4e230 DEOPT PACKING pc=0x0000024e1f6024e9 sp=0x000000f0287f96f0
Event: 7.934 Thread 0x0000024e36b4e230 DEOPT UNPACKING pc=0x0000024e1ef8e23f sp=0x000000f0287f8b80 mode 0
Event: 8.000 Thread 0x0000024e36b4e230 Uncommon trap: trap_request=0xffffff45 fr.pc=0x0000024e26c39374 relative=0x0000000000000254
Event: 8.000 Thread 0x0000024e36b4e230 Uncommon trap: reason=unstable_if action=reinterpret pc=0x0000024e26c39374 method=java.io.BufferedWriter.write(I)V @ 19 c2
Event: 8.000 Thread 0x0000024e36b4e230 DEOPT PACKING pc=0x0000024e26c39374 sp=0x000000f0287f9cd0
Event: 8.000 Thread 0x0000024e36b4e230 DEOPT UNPACKING pc=0x0000024e1ef8e42f sp=0x000000f0287f9c78 mode 2
Event: 8.031 Thread 0x0000024e36b4e230 Uncommon trap: trap_request=0xffffff45 fr.pc=0x0000024e26c38be0 relative=0x0000000000000320
Event: 8.031 Thread 0x0000024e36b4e230 Uncommon trap: reason=unstable_if action=reinterpret pc=0x0000024e26c38be0 method=java.io.BufferedWriter.write(I)V @ 19 c2
Event: 8.031 Thread 0x0000024e36b4e230 DEOPT PACKING pc=0x0000024e26c38be0 sp=0x000000f0287f9ce0
Event: 8.031 Thread 0x0000024e36b4e230 DEOPT UNPACKING pc=0x0000024e1ef8e42f sp=0x000000f0287f9c08 mode 2

Classes unloaded (11 events):
Event: 6.667 Thread 0x0000024e35d3d5a0 Unloading class 0x00000008014ba440 'java/lang/invoke/LambdaForm$DMH+0x00000008014ba440'
Event: 6.667 Thread 0x0000024e35d3d5a0 Unloading class 0x00000008014ba040 'java/lang/invoke/LambdaForm$DMH+0x00000008014ba040'
Event: 6.667 Thread 0x0000024e35d3d5a0 Unloading class 0x00000008014bac40 'java/lang/invoke/LambdaForm$DMH+0x00000008014bac40'
Event: 6.667 Thread 0x0000024e35d3d5a0 Unloading class 0x00000008014ba840 'java/lang/invoke/LambdaForm$DMH+0x00000008014ba840'
Event: 6.667 Thread 0x0000024e35d3d5a0 Unloading class 0x00000008014bb440 'java/lang/invoke/LambdaForm$DMH+0x00000008014bb440'
Event: 6.667 Thread 0x0000024e35d3d5a0 Unloading class 0x00000008014bb040 'java/lang/invoke/LambdaForm$DMH+0x00000008014bb040'
Event: 6.667 Thread 0x0000024e35d3d5a0 Unloading class 0x00000008014bbc40 'java/lang/invoke/LambdaForm$DMH+0x00000008014bbc40'
Event: 6.667 Thread 0x0000024e35d3d5a0 Unloading class 0x00000008014bc440 'java/lang/invoke/LambdaForm$DMH+0x00000008014bc440'
Event: 6.667 Thread 0x0000024e35d3d5a0 Unloading class 0x00000008014bb840 'java/lang/invoke/LambdaForm$DMH+0x00000008014bb840'
Event: 6.667 Thread 0x0000024e35d3d5a0 Unloading class 0x00000008014bc040 'java/lang/invoke/LambdaForm$DMH+0x00000008014bc040'
Event: 6.667 Thread 0x0000024e35d3d5a0 Unloading class 0x00000008014bcc40 'java/lang/invoke/LambdaForm$DMH+0x00000008014bcc40'

Classes redefined (0 events):
No events

Internal exceptions (20 events):
Event: 5.888 Thread 0x0000024e396c0210 Exception <a 'java/lang/NoSuchMethodError'{0x0000000085e4d100}: static [Ljava/lang/String;.<clinit>()V> (0x0000000085e4d100) 
thrown [./open/src/hotspot/share/prims/jni.cpp, line 1204]
Event: 5.909 Thread 0x0000024e37638430 Exception <a 'java/lang/NoSuchMethodError'{0x0000000085c7f9c8}: static Lorg/gradle/internal/build/event/types/DefaultTaskSkippedResult;.<clinit>()V> (0x0000000085c7f9c8) 
thrown [./open/src/hotspot/share/prims/jni.cpp, line 1204]
Event: 6.152 Thread 0x0000024e3cdd9a40 Exception <a 'java/lang/NoSuchMethodError'{0x00000000876c30c0}: 'java.lang.Object java.lang.invoke.DirectMethodHandle$Holder.invokeSpecialIFC(java.lang.Object, java.lang.Object, java.lang.Object)'> (0x00000000876c30c0) 
thrown [./open/src/hotspot/share/interpreter/linkResolver.cpp, line 782]
Event: 6.152 Thread 0x0000024e3cdd5bb0 Exception <a 'java/lang/NoSuchMethodError'{0x00000000876d2270}: 'java.lang.Object java.lang.invoke.DirectMethodHandle$Holder.invokeSpecialIFC(java.lang.Object, java.lang.Object, java.lang.Object)'> (0x00000000876d2270) 
thrown [./open/src/hotspot/share/interpreter/linkResolver.cpp, line 782]
Event: 6.152 Thread 0x0000024e396c3700 Exception <a 'java/lang/NoSuchMethodError'{0x000000008768e3b0}: 'java.lang.Object java.lang.invoke.DirectMethodHandle$Holder.invokeSpecialIFC(java.lang.Object, java.lang.Object, java.lang.Object)'> (0x000000008768e3b0) 
thrown [./open/src/hotspot/share/interpreter/linkResolver.cpp, line 782]
Event: 6.152 Thread 0x0000024e396c70c0 Exception <a 'java/lang/NoSuchMethodError'{0x0000000087508288}: 'java.lang.Object java.lang.invoke.DirectMethodHandle$Holder.invokeSpecialIFC(java.lang.Object, java.lang.Object, java.lang.Object)'> (0x0000000087508288) 
thrown [./open/src/hotspot/share/interpreter/linkResolver.cpp, line 782]
Event: 6.152 Thread 0x0000024e3cdda3e0 Exception <a 'java/lang/NoSuchMethodError'{0x0000000087669ed0}: 'java.lang.Object java.lang.invoke.DirectMethodHandle$Holder.invokeSpecialIFC(java.lang.Object, java.lang.Object, java.lang.Object)'> (0x0000000087669ed0) 
thrown [./open/src/hotspot/share/interpreter/linkResolver.cpp, line 782]
Event: 6.152 Thread 0x0000024e3cdd3a00 Exception <a 'java/lang/NoSuchMethodError'{0x00000000876adc00}: 'java.lang.Object java.lang.invoke.DirectMethodHandle$Holder.invokeSpecialIFC(java.lang.Object, java.lang.Object, java.lang.Object)'> (0x00000000876adc00) 
thrown [./open/src/hotspot/share/interpreter/linkResolver.cpp, line 782]
Event: 6.152 Thread 0x0000024e3cdda8b0 Exception <a 'java/lang/NoSuchMethodError'{0x0000000087527990}: 'java.lang.Object java.lang.invoke.DirectMethodHandle$Holder.invokeSpecialIFC(java.lang.Object, java.lang.Object, java.lang.Object)'> (0x0000000087527990) 
thrown [./open/src/hotspot/share/interpreter/linkResolver.cpp, line 782]
Event: 6.152 Thread 0x0000024e3cdd6550 Exception <a 'java/lang/NoSuchMethodError'{0x00000000875179a8}: 'java.lang.Object java.lang.invoke.DirectMethodHandle$Holder.invokeSpecialIFC(java.lang.Object, java.lang.Object, java.lang.Object)'> (0x00000000875179a8) 
thrown [./open/src/hotspot/share/interpreter/linkResolver.cpp, line 782]
Event: 6.153 Thread 0x0000024e3cdd56e0 Exception <a 'java/lang/NoSuchMethodError'{0x00000000875358d8}: 'java.lang.Object java.lang.invoke.DirectMethodHandle$Holder.invokeSpecialIFC(java.lang.Object, java.lang.Object, java.lang.Object)'> (0x00000000875358d8) 
thrown [./open/src/hotspot/share/interpreter/linkResolver.cpp, line 782]
Event: 6.152 Thread 0x0000024e3cdd6a20 Exception <a 'java/lang/NoSuchMethodError'{0x00000000876fdbe0}: 'java.lang.Object java.lang.invoke.DirectMethodHandle$Holder.invokeSpecialIFC(java.lang.Object, java.lang.Object, java.lang.Object)'> (0x00000000876fdbe0) 
thrown [./open/src/hotspot/share/interpreter/linkResolver.cpp, line 782]
Event: 6.152 Thread 0x0000024e3cdd3ed0 Exception <a 'java/lang/NoSuchMethodError'{0x00000000876de008}: 'java.lang.Object java.lang.invoke.DirectMethodHandle$Holder.invokeSpecialIFC(java.lang.Object, java.lang.Object, java.lang.Object)'> (0x00000000876de008) 
thrown [./open/src/hotspot/share/interpreter/linkResolver.cpp, line 782]
Event: 6.152 Thread 0x0000024e3cdd4d40 Exception <a 'java/lang/NoSuchMethodError'{0x00000000876f1250}: 'java.lang.Object java.lang.invoke.DirectMethodHandle$Holder.invokeSpecialIFC(java.lang.Object, java.lang.Object, java.lang.Object)'> (0x00000000876f1250) 
thrown [./open/src/hotspot/share/interpreter/linkResolver.cpp, line 782]
Event: 6.181 Thread 0x0000024e3cdda3e0 Exception <a 'java/lang/NoSuchMethodError'{0x000000008701aab8}: 'int java.lang.invoke.DirectMethodHandle$Holder.invokeStaticInit(java.lang.Object, java.lang.Object, java.lang.Object, java.lang.Object, java.lang.Object)'> (0x000000008701aab8) 
thrown [./open/src/hotspot/share/interpreter/linkResolver.cpp, line 782]
Event: 6.225 Thread 0x0000024e3cdd6a20 Exception <a 'java/lang/NoSuchMethodError'{0x0000000086558220}: 'void java.lang.invoke.DirectMethodHandle$Holder.invokeVirtual(java.lang.Object, java.lang.Object)'> (0x0000000086558220) 
thrown [./open/src/hotspot/share/interpreter/linkResolver.cpp, line 782]
Event: 6.433 Thread 0x0000024e36b4e230 Exception <a 'java/lang/IncompatibleClassChangeError'{0x00000000893e0bc0}: Found class java.lang.Object, but interface was expected> (0x00000000893e0bc0) 
thrown [./open/src/hotspot/share/interpreter/linkResolver.cpp, line 848]
Event: 7.376 Thread 0x0000024e36b4e230 Implicit null exception at 0x0000024e26f644f7 to 0x0000024e26f651a6
Event: 7.761 Thread 0x0000024e36b4e230 Exception <a 'java/lang/NoSuchMethodError'{0x000000008b0368f8}: 'java.lang.Object java.lang.invoke.Invokers$Holder.invoke_MT(java.lang.Object, java.lang.Object, java.lang.Object)'> (0x000000008b0368f8) 
thrown [./open/src/hotspot/share/interpreter/linkResolver.cpp, line 782]
Event: 7.805 Thread 0x0000024e36b4e230 Implicit null exception at 0x0000024e26dd5649 to 0x0000024e26dd748c

Events (20 events):
Event: 7.761 loading class java/nio/channels/FileChannel$MapMode done
Event: 7.761 loading class jdk/internal/misc/ExtendedMapMode
Event: 7.761 loading class jdk/internal/misc/ExtendedMapMode done
Event: 7.761 loading class sun/nio/ch/FileChannelImpl$DefaultUnmapper
Event: 7.761 loading class sun/nio/ch/FileChannelImpl$Unmapper
Event: 7.761 loading class jdk/internal/access/foreign/UnmapperProxy
Event: 7.761 loading class jdk/internal/access/foreign/UnmapperProxy done
Event: 7.761 loading class sun/nio/ch/FileChannelImpl$Unmapper done
Event: 7.761 loading class sun/nio/ch/FileChannelImpl$DefaultUnmapper done
Event: 7.761 loading class sun/nio/ch/Util$4
Event: 7.761 loading class sun/nio/ch/Util$4 done
Event: 7.765 loading class java/util/EmptyStackException
Event: 7.765 loading class java/util/EmptyStackException done
Event: 7.768 loading class java/io/InvalidClassException
Event: 7.768 loading class java/io/InvalidClassException done
Event: 7.805 Executing VM operation: ICBufferFull
Event: 7.805 Executing VM operation: ICBufferFull done
Event: 7.826 Executing VM operation: G1CollectForAllocation
Event: 7.832 Executing VM operation: G1CollectForAllocation done
Event: 8.045 Executing VM operation: G1CollectForAllocation


Dynamic libraries:
0x00007ff775c90000 - 0x00007ff775c9f000 	C:\Program Files\Java\jdk-15.0.2\bin\java.exe
0x00007ffe3c2c0000 - 0x00007ffe3c4c9000 	C:\WINDOWS\SYSTEM32\ntdll.dll
0x00007ffe3b630000 - 0x00007ffe3b6ed000 	C:\WINDOWS\System32\KERNEL32.DLL
0x00007ffe39ab0000 - 0x00007ffe39e24000 	C:\WINDOWS\System32\KERNELBASE.dll
0x00007ffe397b0000 - 0x00007ffe398c1000 	C:\WINDOWS\System32\ucrtbase.dll
0x00007ffe36a00000 - 0x00007ffe36a19000 	C:\Program Files\Java\jdk-15.0.2\bin\VCRUNTIME140.dll
0x00007ffe369e0000 - 0x00007ffe369f8000 	C:\Program Files\Java\jdk-15.0.2\bin\jli.dll
0x00007ffe3b030000 - 0x00007ffe3b0de000 	C:\WINDOWS\System32\ADVAPI32.dll
0x00007ffe3bf50000 - 0x00007ffe3bff3000 	C:\WINDOWS\System32\msvcrt.dll
0x00007ffe3b140000 - 0x00007ffe3b1de000 	C:\WINDOWS\System32\sechost.dll
0x00007ffe3c0f0000 - 0x00007ffe3c210000 	C:\WINDOWS\System32\RPCRT4.dll
0x00007ffe3b480000 - 0x00007ffe3b62c000 	C:\WINDOWS\System32\USER32.dll
0x00007ffe1a9f0000 - 0x00007ffe1ac95000 	C:\WINDOWS\WinSxS\amd64_microsoft.windows.common-controls_6595b64144ccf1df_6.0.22000.120_none_9d947278b86cc467\COMCTL32.dll
0x00007ffe3a010000 - 0x00007ffe3a036000 	C:\WINDOWS\System32\win32u.dll
0x00007ffe3b2f0000 - 0x00007ffe3b319000 	C:\WINDOWS\System32\GDI32.dll
0x00007ffe3a040000 - 0x00007ffe3a152000 	C:\WINDOWS\System32\gdi32full.dll
0x00007ffe398d0000 - 0x00007ffe3996d000 	C:\WINDOWS\System32\msvcp_win.dll
0x00007ffe34aa0000 - 0x00007ffe34aaa000 	C:\WINDOWS\SYSTEM32\VERSION.dll
0x00007ffe3a4f0000 - 0x00007ffe3a521000 	C:\WINDOWS\System32\IMM32.DLL
0x00007ffe369d0000 - 0x00007ffe369dc000 	C:\Program Files\Java\jdk-15.0.2\bin\vcruntime140_1.dll
0x00007ffe36930000 - 0x00007ffe369c1000 	C:\Program Files\Java\jdk-15.0.2\bin\msvcp140.dll
0x00007ffdc4b10000 - 0x00007ffdc566e000 	C:\Program Files\Java\jdk-15.0.2\bin\server\jvm.dll
0x00007ffe3a160000 - 0x00007ffe3a168000 	C:\WINDOWS\System32\PSAPI.DLL
0x00007ffe29d70000 - 0x00007ffe29d79000 	C:\WINDOWS\SYSTEM32\WSOCK32.dll
0x00007ffe2b380000 - 0x00007ffe2b3b3000 	C:\WINDOWS\SYSTEM32\WINMM.dll
0x00007ffe3bba0000 - 0x00007ffe3bc0f000 	C:\WINDOWS\System32\WS2_32.dll
0x00007ffe389a0000 - 0x00007ffe389b8000 	C:\WINDOWS\SYSTEM32\kernel.appcore.dll
0x00007ffe36920000 - 0x00007ffe3692a000 	C:\Program Files\Java\jdk-15.0.2\bin\jimage.dll
0x00007ffe281b0000 - 0x00007ffe283d1000 	C:\WINDOWS\SYSTEM32\DBGHELP.DLL
0x00007ffe25790000 - 0x00007ffe257c1000 	C:\WINDOWS\SYSTEM32\dbgcore.DLL
0x00007ffe39a30000 - 0x00007ffe39aaf000 	C:\WINDOWS\System32\bcryptPrimitives.dll
0x00007ffe368f0000 - 0x00007ffe36915000 	C:\Program Files\Java\jdk-15.0.2\bin\java.dll
0x00007ffe3a530000 - 0x00007ffe3acde000 	C:\WINDOWS\System32\SHELL32.dll
0x00007ffe37930000 - 0x00007ffe38197000 	C:\WINDOWS\SYSTEM32\windows.storage.dll
0x00007ffe3a170000 - 0x00007ffe3a4e8000 	C:\WINDOWS\System32\combase.dll
0x00007ffe377c0000 - 0x00007ffe37926000 	C:\WINDOWS\SYSTEM32\wintypes.dll
0x00007ffe3b320000 - 0x00007ffe3b40a000 	C:\WINDOWS\System32\SHCORE.dll
0x00007ffe3b200000 - 0x00007ffe3b25d000 	C:\WINDOWS\System32\shlwapi.dll
0x00007ffe396e0000 - 0x00007ffe39701000 	C:\WINDOWS\SYSTEM32\profapi.dll
0x00007ffe368d0000 - 0x00007ffe368e9000 	C:\Program Files\Java\jdk-15.0.2\bin\net.dll
0x00007ffe34900000 - 0x00007ffe34a0c000 	C:\WINDOWS\SYSTEM32\WINHTTP.dll
0x00007ffe38dd0000 - 0x00007ffe38e37000 	C:\WINDOWS\system32\mswsock.dll
0x00007ffe368b0000 - 0x00007ffe368c2000 	C:\Program Files\Java\jdk-15.0.2\bin\nio.dll
0x00007ffe36890000 - 0x00007ffe368a8000 	C:\Program Files\Java\jdk-15.0.2\bin\zip.dll
0x00007ffe36750000 - 0x00007ffe36760000 	C:\Program Files\Java\jdk-15.0.2\bin\verify.dll
0x00007ffe355a0000 - 0x00007ffe355c7000 	D:\aa\native\8bec1ad78214c89d9ad589b4d07fe93259594b29d510b10fafb7a158f7737e5d\windows-amd64\native-platform.dll
0x00007ffe24220000 - 0x00007ffe2435d000 	D:\aa\native\53dbd7edfb1c66fb8903c78663c9afc45aea4f116125fa6feffd364cf09443e8\windows-amd64\native-platform-file-events.dll
0x00007ffe36740000 - 0x00007ffe36749000 	C:\Program Files\Java\jdk-15.0.2\bin\management.dll
0x00007ffe36730000 - 0x00007ffe3673b000 	C:\Program Files\Java\jdk-15.0.2\bin\management_ext.dll
0x00007ffe39010000 - 0x00007ffe39028000 	C:\WINDOWS\SYSTEM32\CRYPTSP.dll
0x00007ffe38900000 - 0x00007ffe38935000 	C:\WINDOWS\system32\rsaenh.dll
0x00007ffe38ec0000 - 0x00007ffe38ee9000 	C:\WINDOWS\SYSTEM32\USERENV.dll
0x00007ffe39190000 - 0x00007ffe391b7000 	C:\WINDOWS\SYSTEM32\bcrypt.dll
0x00007ffe39030000 - 0x00007ffe3903c000 	C:\WINDOWS\SYSTEM32\CRYPTBASE.dll
0x00007ffe384d0000 - 0x00007ffe384fd000 	C:\WINDOWS\SYSTEM32\IPHLPAPI.DLL
0x00007ffe3c210000 - 0x00007ffe3c219000 	C:\WINDOWS\System32\NSI.dll
0x00007ffe34740000 - 0x00007ffe34759000 	C:\WINDOWS\SYSTEM32\dhcpcsvc6.DLL
0x00007ffe34c40000 - 0x00007ffe34c5e000 	C:\WINDOWS\SYSTEM32\dhcpcsvc.DLL
0x00007ffe38500000 - 0x00007ffe385e7000 	C:\WINDOWS\SYSTEM32\DNSAPI.dll

dbghelp: loaded successfully - version: 4.0.5 - missing functions: none
symbol engine: initialized successfully - sym options: 0x614 - pdb path: .;C:\Program Files\Java\jdk-15.0.2\bin;C:\WINDOWS\SYSTEM32;C:\WINDOWS\WinSxS\amd64_microsoft.windows.common-controls_6595b64144ccf1df_6.0.22000.120_none_9d947278b86cc467;C:\Program Files\Java\jdk-15.0.2\bin\server;D:\aa\native\8bec1ad78214c89d9ad589b4d07fe93259594b29d510b10fafb7a158f7737e5d\windows-amd64;D:\aa\native\53dbd7edfb1c66fb8903c78663c9afc45aea4f116125fa6feffd364cf09443e8\windows-amd64

VM Arguments:
jvm_args: --add-opens=java.base/java.util=ALL-UNNAMED --add-opens=java.base/java.lang=ALL-UNNAMED --add-opens=java.base/java.lang.invoke=ALL-UNNAMED --add-opens=java.base/java.util=ALL-UNNAMED --add-opens=java.prefs/java.util.prefs=ALL-UNNAMED --add-opens=java.prefs/java.util.prefs=ALL-UNNAMED --add-opens=java.base/java.nio.charset=ALL-UNNAMED --add-opens=java.base/java.net=ALL-UNNAMED --add-opens=java.base/java.util.concurrent.atomic=ALL-UNNAMED -Xmx2048m -Dfile.encoding=UTF-8 -Duser.country=IN -Duser.language=en -Duser.variant 
java_command: org.gradle.launcher.daemon.bootstrap.GradleDaemon 7.0.2
java_class_path (initial): D:\aa\wrapper\dists\gradle-7.0.2-bin\857tjihv64xamwrf0h14cai3r\gradle-7.0.2\lib\gradle-launcher-7.0.2.jar
Launcher Type: SUN_STANDARD

[Global flags]
     intx CICompilerCount                          = 4                                         {product} {ergonomic}
     uint ConcGCThreads                            = 3                                         {product} {ergonomic}
     uint G1ConcRefinementThreads                  = 10                                        {product} {ergonomic}
   size_t G1HeapRegionSize                         = 1048576                                   {product} {ergonomic}
    uintx GCDrainStackTargetSize                   = 64                                        {product} {ergonomic}
   size_t InitialHeapSize                          = 266338304                                 {product} {ergonomic}
   size_t MarkStackSize                            = 4194304                                   {product} {ergonomic}
   size_t MaxHeapSize                              = 2147483648                                {product} {command line}
   size_t MaxNewSize                               = 1287651328                                {product} {ergonomic}
   size_t MinHeapDeltaBytes                        = 1048576                                   {product} {ergonomic}
   size_t MinHeapSize                              = 8388608                                   {product} {ergonomic}
    uintx NonNMethodCodeHeapSize                   = 5839372                                {pd product} {ergonomic}
    uintx NonProfiledCodeHeapSize                  = 122909434                              {pd product} {ergonomic}
    uintx ProfiledCodeHeapSize                     = 122909434                              {pd product} {ergonomic}
    uintx ReservedCodeCacheSize                    = 251658240                              {pd product} {ergonomic}
     bool SegmentedCodeCache                       = true                                      {product} {ergonomic}
   size_t SoftMaxHeapSize                          = 2147483648                             {manageable} {ergonomic}
     bool UseCompressedClassPointers               = true                                 {lp64_product} {ergonomic}
     bool UseCompressedOops                        = true                                 {lp64_product} {ergonomic}
     bool UseG1GC                                  = true                                      {product} {ergonomic}
     bool UseLargePagesIndividualAllocation        = false                                  {pd product} {ergonomic}

Logging:
Log output configuration:
 #0: stdout all=warning uptime,level,tags
 #1: stderr all=off uptime,level,tags

Environment Variables:
JAVA_HOME=C:\Program Files\Java\jdk-15.0.2
PATH=C:\MinGW;C:\MinGW\bin;C:\Program Files\Java\jdk-15.0.2\bin;C:\Program Files\Common Files\Oracle\Java\javapath;C:\Windows\system32;C:\Windows;C:\Windows\System32\Wbem;C:\Windows\System32\WindowsPowerShell\v1.0\;C:\Windows\System32\OpenSSH\;C:\Program Files (x86)\NVIDIA Corporation\PhysX\Common;C:\Program Files\NVIDIA Corporation\NVIDIA NvDLISR;C:\WINDOWS\system32;C:\WINDOWS;C:\WINDOWS\System32\Wbem;C:\WINDOWS\System32\WindowsPowerShell\v1.0\;C:\WINDOWS\System32\OpenSSH\;C:\Program Files\Git\cmd;C:\Program Files\dotnet\;C:\Users\Deepak\Desktop\gradle1\gradle-7.0.1\bin;C:\Users\Deepak\Desktop\gradle1\gradle-7.0.1;C:\Program Files\nodejs;C:\Program Files\Google\Google Apps Sync\;C:\Program Files\Google\Google Apps Migration\;C:\Program Files\Microsoft SQL Server\150\Tools\Binn\;C:\Program Files\Microsoft SQL Server\Client SDK\ODBC\170\Tools\Binn\;C:\Program Files\MySQL\MySQL Router 8.0\bin;C:\Program Files (x86)\Microsoft SQL Server\150\Tools\Binn\;C:\Program Files\Microsoft SQL Server\150\DTS\Binn\;C:\Program Files (x86)\Microsoft SQL Server\150\DTS\Binn\;C:\Program Files\Azure Data Studio\bin;C:\Users\Deepak\anaconda3;C:\Users\Deepak\anaconda3\Library\mingw-w64\bin;C:\Users\Deepak\anaconda3\Library\usr\bin;C:\Users\Deepak\anaconda3\Library\bin;C:\Users\Deepak\anaconda3\Scripts;C:\Program Files\MySQL\MySQL Shell 8.0\bin\;C:\src\flutter\flutter\bin;C:\Users\Deepak\AppData\Local\Programs\Python\Python39\Scripts\;C:\Users\Deepak\AppData\Local\Programs\Python\Python39\;C:\Program Files\Java\jdk-15.0.2\bin;C:\Program Files\JetBrains\IntelliJ IDEA 2020.3.2\bin;;C:\Users\Deepak\AppData\Local\Microsoft\WindowsApps;C:\Users\Deepak\AppData\Local\Programs\Microsoft VS Code\bin;C:\Users\Deepak\AppData\Local\Programs\radare2\bin;C:\Modeltech_eval_6.2c\win32;C:\Modeltech_6.2c\win32;C:\Program Files\JetBrains\IntelliJ IDEA Community Edition 2021.1.2\bin;;C:\Program Files\JetBrains\PyCharm Community Edition 2021.1.2\bin;;C:\Users\Deepak\AppData\Roaming\npm;C:\Users\Deepak\AppData\Lo
USERNAME=Deepak
OS=Windows_NT
PROCESSOR_IDENTIFIER=Intel64 Family 6 Model 158 Stepping 10, GenuineIntel



---------------  S Y S T E M  ---------------

OS:
 Windows 10 , 64 bit Build 22000 (10.0.22000.434)
OS uptime: 1 days 19:46 hours

CPU: total 12 (initial active 12) (6 cores per cpu, 2 threads per core) family 6 model 158 stepping 10 microcode 0xde, cmov, cx8, fxsr, mmx, sse, sse2, sse3, ssse3, sse4.1, sse4.2, popcnt, vzeroupper, avx, avx2, aes, clmul, erms, 3dnowpref, lzcnt, ht, tsc, tscinvbit, bmi1, bmi2, adx, fma, clflush, clflushopt

Memory: 4k page, system-wide physical 16225M (2501M free)
TotalPageFile size 16225M (AvailPageFile size 27M)
current process WorkingSet (physical memory assigned to process): 465M, peak: 468M
current process commit charge ("private bytes"): 511M, peak: 551M

vm_info: Java HotSpot(TM) 64-Bit Server VM (15.0.2+7-27) for windows-amd64 JRE (15.0.2+7-27), built on Dec  7 2020 20:07:01 by "mach5one" with unknown MS VC++:1925

END.
