#
# There is insufficient memory for the Java Runtime Environment to continue.
# Native memory allocation (mmap) failed to map 120586240 bytes for Failed to commit area from 0x0000000094c00000 to 0x000000009bf00000 of length 120586240.
# Possible reasons:
#   The system is out of physical RAM or swap space
#   The process is running with CompressedOops enabled, and the Java Heap may be blocking the growth of the native heap
# Possible solutions:
#   Reduce memory load on the system
#   Increase physical memory or swap space
#   Check if swap backing store is full
#   Decrease Java heap size (-Xmx/-Xms)
#   Decrease number of Java threads
#   Decrease Java thread stack sizes (-Xss)
#   Set larger code cache with -XX:ReservedCodeCacheSize=
#   JVM is running with Unscaled Compressed Oops mode in which the Java heap is
#     placed in the first 4GB address space. The Java Heap base address is the
#     maximum limit for the native heap growth. Please use -XX:HeapBaseMinAddress
#     to set the Java Heap base and to place the Java Heap above 4GB virtual address.
# This output file may be truncated or incomplete.
#
#  Out of Memory Error (./src/hotspot/os/windows/os_windows.cpp:3301), pid=4504, tid=17436
#
# JRE version: OpenJDK Runtime Environment (11.0.10) (build 11.0.10+0-b96-7249189)
# Java VM: OpenJDK 64-Bit Server VM (11.0.10+0-b96-7249189, mixed mode, tiered, compressed oops, g1 gc, windows-amd64)
# No core dump will be written. Minidumps are not enabled by default on client versions of Windows
#

---------------  S U M M A R Y ------------

Command Line: --add-opens=java.base/java.util=ALL-UNNAMED --add-opens=java.base/java.lang=ALL-UNNAMED --add-opens=java.base/java.lang.invoke=ALL-UNNAMED --add-opens=java.base/java.util=ALL-UNNAMED --add-opens=java.prefs/java.util.prefs=ALL-UNNAMED --add-opens=java.prefs/java.util.prefs=ALL-UNNAMED --add-opens=java.base/java.nio.charset=ALL-UNNAMED --add-opens=java.base/java.net=ALL-UNNAMED --add-opens=java.base/java.util.concurrent.atomic=ALL-UNNAMED -Xmx2048m -Dfile.encoding=UTF-8 -Duser.country=IN -Duser.language=en -Duser.variant org.gradle.launcher.daemon.bootstrap.GradleDaemon 7.0.2

Host: Intel(R) Core(TM) i7-9750H CPU @ 2.60GHz, 12 cores, 15G,  Windows 10 , 64 bit Build 22000 (10.0.22000.434)
Time: Sun Jan 30 17:19:10 2022 India Standard Time elapsed time: 9.758122 seconds (0d 0h 0m 9s)

---------------  T H R E A D  ---------------

Current thread (0x0000019fd1599800):  VMThread "VM Thread" [stack: 0x00000084f9200000,0x00000084f9300000] [id=17436]

Stack: [0x00000084f9200000,0x00000084f9300000]
[error occurred during error reporting (printing stack bounds), id 0xc0000005, EXCEPTION_ACCESS_VIOLATION (0xc0000005) at pc=0x0000019fb9f60f2d]

Native frames: (J=compiled Java code, j=interpreted, Vv=VM code, C=native code)
V  [jvm.dll+0x5ecfaa]
V  [jvm.dll+0x722bd5]
V  [jvm.dll+0x72412d]
V  [jvm.dll+0x724745]
V  [jvm.dll+0x7246fb]
V  [jvm.dll+0x5ec348]
V  [jvm.dll+0x5ecad8]
C  [ntdll.dll+0xa82ff]
C  [ntdll.dll+0x35a0a]
C  [ntdll.dll+0xa730e]
C  0x0000019fb9f60f2d

VM_Operation (0x00000084feffd2e0): G1CollectForAllocation, mode: safepoint, requested by thread 0x0000019fd6acc800


---------------  P R O C E S S  ---------------

Threads class SMR info:
_java_thread_list=0x0000019fddcab9c0, length=100, elements={
0x0000019fb6470000, 0x0000019fd159d800, 0x0000019fd15a8000, 0x0000019fd15fc800,
0x0000019fd15fd800, 0x0000019fd15ff000, 0x0000019fd1602000, 0x0000019fd1603000,
0x0000019fd160a800, 0x0000019fd1770000, 0x0000019fd3825800, 0x0000019fd1884800,
0x0000019fd2eae000, 0x0000019fd39f3000, 0x0000019fd30ca000, 0x0000019fd3a7b800,
0x0000019fd3976000, 0x0000019fd2fcc800, 0x0000019fd37a1800, 0x0000019fd4035800,
0x0000019fd3923000, 0x0000019fd391e800, 0x0000019fd3921000, 0x0000019fd391e000,
0x0000019fd3922000, 0x0000019fd391d000, 0x0000019fd3923800, 0x0000019fd391f800,
0x0000019fd3920800, 0x0000019fd6951800, 0x0000019fd4396800, 0x0000019fd6952800,
0x0000019fd6954000, 0x0000019fd6955000, 0x0000019fd6955800, 0x0000019fd6950800,
0x0000019fd695a800, 0x0000019fd695d000, 0x0000019fd6957000, 0x0000019fd695b800,
0x0000019fd695d800, 0x0000019fd6958000, 0x0000019fd6959000, 0x0000019fd695c000,
0x0000019fd695e800, 0x0000019fd6959800, 0x0000019fd471b800, 0x0000019fd4721000,
0x0000019fd471d800, 0x0000019fd4722000, 0x0000019fd471c000, 0x0000019fd4722800,
0x0000019fd471d000, 0x0000019fd4724800, 0x0000019fd471f800, 0x0000019fd4723800,
0x0000019fd471e800, 0x0000019fd4725000, 0x0000019fd4726000, 0x0000019fd4720000,
0x0000019fd4727800, 0x0000019fd4728800, 0x0000019fd4729000, 0x0000019fd6abe000,
0x0000019fd6ac4800, 0x0000019fd6abf800, 0x0000019fd6ac0800, 0x0000019fd6ac1800,
0x0000019fd6ac2000, 0x0000019fd6ac3000, 0x0000019fd6ac4000, 0x0000019fd6abf000,
0x0000019fd6ac8800, 0x0000019fd6ac5800, 0x0000019fd6ac8000, 0x0000019fd6ac9800,
0x0000019fd6ac6000, 0x0000019fd6ac7000, 0x0000019fd6aca800, 0x0000019fd6acb000,
0x0000019fd6acc000, 0x0000019fd6acc800, 0x0000019fdca1c800, 0x0000019fdca18800,
0x0000019fdca1d800, 0x0000019fdca18000, 0x0000019fdca1c000, 0x0000019fdca1f000,
0x0000019fdca1e800, 0x0000019fdca19800, 0x0000019fdca1a800, 0x0000019fdca1b000,
0x0000019fdca25800, 0x0000019fdca25000, 0x0000019fdca20000, 0x0000019fdca26800,
0x0000019fdca24000, 0x0000019fdca21000, 0x0000019fdca21800, 0x0000019fdca22800
}

Java Threads: ( => current thread )
  0x0000019fb6470000 JavaThread "main" [_thread_blocked, id=15728, stack(0x00000084f8c00000,0x00000084f8d00000)]
  0x0000019fd159d800 JavaThread "Reference Handler" daemon [_thread_blocked, id=12516, stack(0x00000084f9300000,0x00000084f9400000)]
  0x0000019fd15a8000 JavaThread "Finalizer" daemon [_thread_blocked, id=11932, stack(0x00000084f9400000,0x00000084f9500000)]
  0x0000019fd15fc800 JavaThread "Signal Dispatcher" daemon [_thread_blocked, id=17664, stack(0x00000084f9500000,0x00000084f9600000)]
  0x0000019fd15fd800 JavaThread "Attach Listener" daemon [_thread_blocked, id=17328, stack(0x00000084f9600000,0x00000084f9700000)]
  0x0000019fd15ff000 JavaThread "Service Thread" daemon [_thread_blocked, id=6492, stack(0x00000084f9700000,0x00000084f9800000)]
  0x0000019fd1602000 JavaThread "C2 CompilerThread0" daemon [_thread_blocked, id=13516, stack(0x00000084f9800000,0x00000084f9900000)]
  0x0000019fd1603000 JavaThread "C1 CompilerThread0" daemon [_thread_blocked, id=18168, stack(0x00000084f9900000,0x00000084f9a00000)]
  0x0000019fd160a800 JavaThread "Sweeper thread" daemon [_thread_blocked, id=4376, stack(0x00000084f9a00000,0x00000084f9b00000)]
  0x0000019fd1770000 JavaThread "Common-Cleaner" daemon [_thread_blocked, id=12188, stack(0x00000084f9b00000,0x00000084f9c00000)]
  0x0000019fd3825800 JavaThread "Daemon health stats" [_thread_blocked, id=17416, stack(0x00000084fa400000,0x00000084fa500000)]
  0x0000019fd1884800 JavaThread "Incoming local TCP Connector on port 59514" [_thread_in_native, id=19904, stack(0x00000084f9d00000,0x00000084f9e00000)]
  0x0000019fd2eae000 JavaThread "Daemon periodic checks" [_thread_blocked, id=7136, stack(0x00000084f9e00000,0x00000084f9f00000)]
  0x0000019fd39f3000 JavaThread "Daemon" [_thread_blocked, id=17532, stack(0x00000084fa500000,0x00000084fa600000)]
  0x0000019fd30ca000 JavaThread "Handler for socket connection from /127.0.0.1:59514 to /127.0.0.1:59515" [_thread_in_native, id=19296, stack(0x00000084fa600000,0x00000084fa700000)]
  0x0000019fd3a7b800 JavaThread "C2 CompilerThread1" daemon [_thread_blocked, id=7004, stack(0x00000084fa700000,0x00000084fa800000)]
  0x0000019fd3976000 JavaThread "Cancel handler" [_thread_blocked, id=6580, stack(0x00000084fa800000,0x00000084fa900000)]
  0x0000019fd2fcc800 JavaThread "Daemon worker" [_thread_blocked, id=13944, stack(0x00000084fa900000,0x00000084faa00000)]
  0x0000019fd37a1800 JavaThread "Asynchronous log dispatcher for DefaultDaemonConnection: socket connection from /127.0.0.1:59514 to /127.0.0.1:59515" [_thread_blocked, id=6188, stack(0x00000084faa00000,0x00000084fab00000)]
  0x0000019fd4035800 JavaThread "Stdin handler" [_thread_blocked, id=8116, stack(0x00000084fab00000,0x00000084fac00000)]
  0x0000019fd3923000 JavaThread "Daemon client event forwarder" [_thread_blocked, id=15400, stack(0x00000084fac00000,0x00000084fad00000)]
  0x0000019fd391e800 JavaThread "Cache worker for file hash cache (D:\aa\caches\7.0.2\fileHashes)" [_thread_blocked, id=19944, stack(0x00000084fad00000,0x00000084fae00000)]
  0x0000019fd3921000 JavaThread "File lock request listener" [_thread_in_native, id=11828, stack(0x00000084fae00000,0x00000084faf00000)]
  0x0000019fd391e000 JavaThread "Cache worker for journal cache (D:\aa\caches\journal-1)" [_thread_blocked, id=4148, stack(0x00000084fb500000,0x00000084fb600000)]
  0x0000019fd3922000 JavaThread "Cache worker for file hash cache (D:\app_dev\QuizApp\.gradle\7.0.2\fileHashes)" [_thread_blocked, id=15336, stack(0x00000084fb600000,0x00000084fb700000)]
  0x0000019fd391d000 JavaThread "File watcher server" daemon [_thread_blocked, id=18720, stack(0x00000084fb700000,0x00000084fb800000)]
  0x0000019fd3923800 JavaThread "File watcher consumer" daemon [_thread_blocked, id=1488, stack(0x00000084fb800000,0x00000084fb900000)]
  0x0000019fd391f800 JavaThread "Cache worker for checksums cache (D:\app_dev\QuizApp\.gradle\checksums)" [_thread_blocked, id=1324, stack(0x00000084fb900000,0x00000084fba00000)]
  0x0000019fd3920800 JavaThread "Cache worker for cache directory md-supplier (D:\aa\caches\7.0.2\md-supplier)" [_thread_blocked, id=10160, stack(0x00000084fba00000,0x00000084fbb00000)]
  0x0000019fd6951800 JavaThread "Cache worker for cache directory md-rule (D:\aa\caches\7.0.2\md-rule)" [_thread_blocked, id=18292, stack(0x00000084fbb00000,0x00000084fbc00000)]
  0x0000019fd4396800 JavaThread "C2 CompilerThread2" daemon [_thread_blocked, id=13128, stack(0x00000084fbc00000,0x00000084fbd00000)]
  0x0000019fd6952800 JavaThread "Cache worker for execution history cache (D:\aa\caches\7.0.2\executionHistory)" [_thread_blocked, id=4132, stack(0x00000084fbd00000,0x00000084fbe00000)]
  0x0000019fd6954000 JavaThread "jar transforms" [_thread_blocked, id=9636, stack(0x00000084fbe00000,0x00000084fbf00000)]
  0x0000019fd6955000 JavaThread "jar transforms Thread 2" [_thread_blocked, id=6120, stack(0x00000084fbf00000,0x00000084fc000000)]
  0x0000019fd6955800 JavaThread "Cache worker for file content cache (D:\aa\caches\7.0.2\fileContent)" [_thread_blocked, id=16656, stack(0x00000084fc000000,0x00000084fc100000)]
  0x0000019fd6950800 JavaThread "Cache worker for dependencies-accessors (D:\app_dev\QuizApp\.gradle\7.0.2\dependencies-accessors)" [_thread_blocked, id=2880, stack(0x00000084fc100000,0x00000084fc200000)]
  0x0000019fd695a800 JavaThread "jar transforms Thread 3" [_thread_blocked, id=13720, stack(0x00000084fc200000,0x00000084fc300000)]
  0x0000019fd695d000 JavaThread "Cache worker for Build Output Cleanup Cache (D:\app_dev\QuizApp\.gradle\buildOutputCleanup)" [_thread_blocked, id=5560, stack(0x00000084fc300000,0x00000084fc400000)]
  0x0000019fd6957000 JavaThread "Build operations" [_thread_blocked, id=8424, stack(0x00000084fc400000,0x00000084fc500000)]
  0x0000019fd695b800 JavaThread "Build operations Thread 2" [_thread_blocked, id=12260, stack(0x00000084fc500000,0x00000084fc600000)]
  0x0000019fd695d800 JavaThread "Build operations Thread 3" [_thread_blocked, id=1236, stack(0x00000084fc600000,0x00000084fc700000)]
  0x0000019fd6958000 JavaThread "Build operations Thread 4" [_thread_blocked, id=18860, stack(0x00000084fc700000,0x00000084fc800000)]
  0x0000019fd6959000 JavaThread "Build operations Thread 5" [_thread_blocked, id=18352, stack(0x00000084fc800000,0x00000084fc900000)]
  0x0000019fd695c000 JavaThread "Build operations Thread 6" [_thread_blocked, id=6804, stack(0x00000084fc900000,0x00000084fca00000)]
  0x0000019fd695e800 JavaThread "Build operations Thread 7" [_thread_blocked, id=7264, stack(0x00000084fca00000,0x00000084fcb00000)]
  0x0000019fd6959800 JavaThread "Build operations Thread 8" [_thread_blocked, id=4540, stack(0x00000084fcb00000,0x00000084fcc00000)]
  0x0000019fd471b800 JavaThread "Build operations Thread 9" [_thread_blocked, id=13524, stack(0x00000084fcc00000,0x00000084fcd00000)]
  0x0000019fd4721000 JavaThread "Build operations Thread 10" [_thread_blocked, id=12396, stack(0x00000084fcd00000,0x00000084fce00000)]
  0x0000019fd471d800 JavaThread "Build operations Thread 11" [_thread_blocked, id=12848, stack(0x00000084fce00000,0x00000084fcf00000)]
  0x0000019fd4722000 JavaThread "Build operations Thread 12" [_thread_blocked, id=6456, stack(0x00000084fcf00000,0x00000084fd000000)]
  0x0000019fd471c000 JavaThread "jar transforms Thread 4" [_thread_blocked, id=8008, stack(0x00000084fd000000,0x00000084fd100000)]
  0x0000019fd4722800 JavaThread "jar transforms Thread 5" [_thread_blocked, id=6744, stack(0x00000084fd100000,0x00000084fd200000)]
  0x0000019fd471d000 JavaThread "jar transforms Thread 6" [_thread_blocked, id=8872, stack(0x00000084fd200000,0x00000084fd300000)]
  0x0000019fd4724800 JavaThread "jar transforms Thread 7" [_thread_blocked, id=17232, stack(0x00000084fd300000,0x00000084fd400000)]
  0x0000019fd471f800 JavaThread "jar transforms Thread 8" [_thread_blocked, id=2060, stack(0x00000084fd400000,0x00000084fd500000)]
  0x0000019fd4723800 JavaThread "jar transforms Thread 9" [_thread_blocked, id=18264, stack(0x00000084fd500000,0x00000084fd600000)]
  0x0000019fd471e800 JavaThread "jar transforms Thread 10" [_thread_blocked, id=5164, stack(0x00000084fd600000,0x00000084fd700000)]
  0x0000019fd4725000 JavaThread "jar transforms Thread 11" [_thread_blocked, id=20328, stack(0x00000084fd700000,0x00000084fd800000)]
  0x0000019fd4726000 JavaThread "jar transforms Thread 12" [_thread_blocked, id=18696, stack(0x00000084fd800000,0x00000084fd900000)]
  0x0000019fd4720000 JavaThread "Memory manager" [_thread_blocked, id=1560, stack(0x00000084fd900000,0x00000084fda00000)]
  0x0000019fd4727800 JavaThread "build event listener" [_thread_blocked, id=11088, stack(0x00000084fda00000,0x00000084fdb00000)]
  0x0000019fd4728800 JavaThread "pool-3-thread-1" [_thread_blocked, id=15036, stack(0x00000084fdb00000,0x00000084fdc00000)]
  0x0000019fd4729000 JavaThread "build event listener" [_thread_blocked, id=14892, stack(0x00000084fdc00000,0x00000084fdd00000)]
  0x0000019fd6abe000 JavaThread "Execution worker for ':'" [_thread_blocked, id=13404, stack(0x00000084fdd00000,0x00000084fde00000)]
  0x0000019fd6ac4800 JavaThread "Execution worker for ':' Thread 2" [_thread_blocked, id=11152, stack(0x00000084fde00000,0x00000084fdf00000)]
  0x0000019fd6abf800 JavaThread "Execution worker for ':' Thread 3" [_thread_blocked, id=11824, stack(0x00000084fdf00000,0x00000084fe000000)]
  0x0000019fd6ac0800 JavaThread "Execution worker for ':' Thread 4" [_thread_blocked, id=9728, stack(0x00000084fe000000,0x00000084fe100000)]
  0x0000019fd6ac1800 JavaThread "Execution worker for ':' Thread 5" [_thread_blocked, id=20320, stack(0x00000084fe100000,0x00000084fe200000)]
  0x0000019fd6ac2000 JavaThread "Execution worker for ':' Thread 6" [_thread_blocked, id=12180, stack(0x00000084fe200000,0x00000084fe300000)]
  0x0000019fd6ac3000 JavaThread "Execution worker for ':' Thread 7" [_thread_blocked, id=9424, stack(0x00000084fe300000,0x00000084fe400000)]
  0x0000019fd6ac4000 JavaThread "Execution worker for ':' Thread 8" [_thread_blocked, id=9376, stack(0x00000084fe400000,0x00000084fe500000)]
  0x0000019fd6abf000 JavaThread "Execution worker for ':' Thread 9" [_thread_blocked, id=4736, stack(0x00000084fe500000,0x00000084fe600000)]
  0x0000019fd6ac8800 JavaThread "Execution worker for ':' Thread 10" [_thread_blocked, id=6156, stack(0x00000084fe600000,0x00000084fe700000)]
  0x0000019fd6ac5800 JavaThread "Execution worker for ':' Thread 11" [_thread_blocked, id=10312, stack(0x00000084fe700000,0x00000084fe800000)]
  0x0000019fd6ac8000 JavaThread "Cache worker for execution history cache (D:\app_dev\QuizApp\.gradle\7.0.2\executionHistory)" [_thread_blocked, id=14080, stack(0x00000084fe800000,0x00000084fe900000)]
  0x0000019fd6ac9800 JavaThread "WorkerExecutor Queue" [_thread_blocked, id=11712, stack(0x00000084fe900000,0x00000084fea00000)]
  0x0000019fd6ac6000 JavaThread "WorkerExecutor Queue Thread 2" [_thread_blocked, id=15388, stack(0x00000084fea00000,0x00000084feb00000)]
  0x0000019fd6ac7000 JavaThread "WorkerExecutor Queue Thread 3" [_thread_blocked, id=5868, stack(0x00000084feb00000,0x00000084fec00000)]
  0x0000019fd6aca800 JavaThread "WorkerExecutor Queue Thread 4" [_thread_blocked, id=4612, stack(0x00000084fec00000,0x00000084fed00000)]
  0x0000019fd6acb000 JavaThread "WorkerExecutor Queue Thread 5" [_thread_blocked, id=16192, stack(0x00000084fed00000,0x00000084fee00000)]
  0x0000019fd6acc000 JavaThread "WorkerExecutor Queue Thread 6" [_thread_blocked, id=7344, stack(0x00000084fee00000,0x00000084fef00000)]
  0x0000019fd6acc800 JavaThread "WorkerExecutor Queue Thread 7" [_thread_blocked, id=6300, stack(0x00000084fef00000,0x00000084ff000000)]
  0x0000019fdca1c800 JavaThread "WorkerExecutor Queue Thread 8" [_thread_blocked, id=12064, stack(0x00000084ff000000,0x00000084ff100000)]
  0x0000019fdca18800 JavaThread "WorkerExecutor Queue Thread 9" [_thread_blocked, id=11036, stack(0x00000084ff100000,0x00000084ff200000)]
  0x0000019fdca1d800 JavaThread "WorkerExecutor Queue Thread 10" [_thread_blocked, id=16928, stack(0x00000084ff200000,0x00000084ff300000)]
  0x0000019fdca18000 JavaThread "WorkerExecutor Queue Thread 11" [_thread_blocked, id=8060, stack(0x00000084ff300000,0x00000084ff400000)]
  0x0000019fdca1c000 JavaThread "WorkerExecutor Queue Thread 12" [_thread_blocked, id=2776, stack(0x00000084ff400000,0x00000084ff500000)]
  0x0000019fdca1f000 JavaThread "WorkerExecutor Queue Thread 13" [_thread_blocked, id=16916, stack(0x00000084ff500000,0x00000084ff600000)]
  0x0000019fdca1e800 JavaThread "ForkJoinPool-1-worker-19" daemon [_thread_blocked, id=10120, stack(0x00000084ff800000,0x00000084ff900000)]
  0x0000019fdca19800 JavaThread "ForkJoinPool-1-worker-5" daemon [_thread_blocked, id=16648, stack(0x00000084ff900000,0x00000084ffa00000)]
  0x0000019fdca1a800 JavaThread "ForkJoinPool-1-worker-23" daemon [_thread_blocked, id=1412, stack(0x00000084ffa00000,0x00000084ffb00000)]
  0x0000019fdca1b000 JavaThread "ForkJoinPool-1-worker-9" daemon [_thread_blocked, id=13444, stack(0x00000084ffb00000,0x00000084ffc00000)]
  0x0000019fdca25800 JavaThread "ForkJoinPool-1-worker-27" daemon [_thread_blocked, id=8628, stack(0x00000084ffc00000,0x00000084ffd00000)]
  0x0000019fdca25000 JavaThread "ForkJoinPool-1-worker-13" daemon [_thread_blocked, id=1956, stack(0x00000084ffd00000,0x00000084ffe00000)]
  0x0000019fdca20000 JavaThread "ForkJoinPool-1-worker-31" daemon [_thread_blocked, id=12744, stack(0x0000008480100000,0x0000008480200000)]
  0x0000019fdca26800 JavaThread "ForkJoinPool-1-worker-17" daemon [_thread_blocked, id=15564, stack(0x0000008480300000,0x0000008480400000)]
  0x0000019fdca24000 JavaThread "ForkJoinPool-1-worker-3" daemon [_thread_blocked, id=19744, stack(0x0000008480400000,0x0000008480500000)]
  0x0000019fdca21000 JavaThread "ForkJoinPool-1-worker-21" daemon [_thread_blocked, id=18096, stack(0x0000008480500000,0x0000008480600000)]
  0x0000019fdca21800 JavaThread "ForkJoinPool-1-worker-7" daemon [_thread_blocked, id=12360, stack(0x0000008480600000,0x0000008480700000)]
  0x0000019fdca22800 JavaThread "ForkJoinPool-1-worker-25" daemon [_thread_blocked, id=6512, stack(0x0000008480700000,0x0000008480800000)]

Other Threads:
=>0x0000019fd1599800 VMThread "VM Thread" [stack: 0x00000084f9200000,0x00000084f9300000] [id=17436]
  0x0000019fd1781000 WatcherThread [stack: 0x00000084f9c00000,0x00000084f9d00000] [id=10328]
  0x0000019fb6487800 GCTaskThread "GC Thread#0" [stack: 0x00000084f8d00000,0x00000084f8e00000] [id=3320]
  0x0000019fd2609800 GCTaskThread "GC Thread#1" [stack: 0x00000084f9f00000,0x00000084fa000000] [id=3712]
  0x0000019fd2ad7000 GCTaskThread "GC Thread#2" [stack: 0x00000084fa000000,0x00000084fa100000] [id=3168]
  0x0000019fd2767800 GCTaskThread "GC Thread#3" [stack: 0x00000084fa100000,0x00000084fa200000] [id=12068]
  0x0000019fd1ced800 GCTaskThread "GC Thread#4" [stack: 0x00000084fa200000,0x00000084fa300000] [id=16576]
  0x0000019fd26bc800 GCTaskThread "GC Thread#5" [stack: 0x00000084fa300000,0x00000084fa400000] [id=13852]
  0x0000019fd2c55800 GCTaskThread "GC Thread#6" [stack: 0x00000084faf00000,0x00000084fb000000] [id=14256]
  0x0000019fd4783800 GCTaskThread "GC Thread#7" [stack: 0x00000084fb000000,0x00000084fb100000] [id=11724]
  0x0000019fd3a6e000 GCTaskThread "GC Thread#8" [stack: 0x00000084fb100000,0x00000084fb200000] [id=16256]
  0x0000019fd4663800 GCTaskThread "GC Thread#9" [stack: 0x00000084fb200000,0x00000084fb300000] [id=15500]
  0x0000019fb64bb800 ConcurrentGCThread "G1 Main Marker" [stack: 0x00000084f8e00000,0x00000084f8f00000] [id=6368]
  0x0000019fb64bd800 ConcurrentGCThread "G1 Conc#0" [stack: 0x00000084f8f00000,0x00000084f9000000] [id=9124]
  0x0000019fd3c8c000 ConcurrentGCThread "G1 Conc#1" [stack: 0x00000084fb300000,0x00000084fb400000] [id=12700]
  0x0000019fd3064800 ConcurrentGCThread "G1 Conc#2" [stack: 0x00000084fb400000,0x00000084fb500000] [id=10608]
  0x0000019fb654e000 ConcurrentGCThread "G1 Refine#0" [stack: 0x00000084f9000000,0x00000084f9100000] [id=18856]
  0x0000019fdca98000 ConcurrentGCThread "G1 Refine#1" [stack: 0x00000084ff600000,0x00000084ff700000] [id=15568]
  0x0000019fd891a800 ConcurrentGCThread "G1 Refine#2" [stack: 0x00000084ff700000,0x00000084ff800000] [id=15800]
  0x0000019fd7729000 ConcurrentGCThread "G1 Refine#3" [stack: 0x00000084ffe00000,0x00000084fff00000] [id=8588]
  0x0000019fdbfaf800 ConcurrentGCThread "G1 Refine#4" [stack: 0x00000084fff00000,0x0000008500000000] [id=15280]
  0x0000019fd8002800 ConcurrentGCThread "G1 Refine#5" [stack: 0x0000008480000000,0x0000008480100000] [id=16912]
  0x0000019fd8829800 ConcurrentGCThread "G1 Refine#6" [stack: 0x0000008480200000,0x0000008480300000] [id=14224]
  0x0000019fd0be6800 ConcurrentGCThread "G1 Young RemSet Sampling" [stack: 0x00000084f9100000,0x00000084f9200000] [id=6216]

Threads with active compile tasks:
C2 CompilerThread0   9771 13571       4       org.apache.commons.io.FilenameUtils::doNormalize (534 bytes)
C1 CompilerThread0   9771 13693       2       com.android.tools.r8.dex.z$g::b (20 bytes)
C2 CompilerThread1   9771 13613   !   4       java.util.zip.InflaterInputStream::read (138 bytes)
C2 CompilerThread2   9771 12258 %     4       com.android.tools.r8.dex.j::a @ 315 (1038 bytes)

VM state:at safepoint (normal execution)

VM Mutex/Monitor currently owned by a thread:  ([mutex/lock_event])
[0x0000019fb646c4a0] Threads_lock - owner thread: 0x0000019fd1599800
[0x0000019fb646d190] Heap_lock - owner thread: 0x0000019fd6acc800

Heap address: 0x0000000080000000, size: 2048 MB, Compressed Oops mode: 32-bit
Narrow klass base: 0x0000000000000000, Narrow klass shift: 3
Compressed class space size: 1073741824 Address: 0x0000000100000000

Heap:
 garbage-first heap   total 457728K, used 226057K [0x0000000080000000, 0x0000000100000000)
  region size 1024K, 7 young (7168K), 7 survivors (7168K)
 Metaspace       used 97059K, capacity 99898K, committed 103440K, reserved 1138688K
  class space    used 12691K, capacity 13764K, committed 15152K, reserved 1048576K
Heap Regions: E=young(eden), S=young(survivor), O=old, HS=humongous(starts), HC=humongous(continues), CS=collection set, F=free, A=archive, TAMS=top-at-mark-start (previous, next)
|   0|0x0000000080000000, 0x0000000080100000, 0x0000000080100000|100%| O|  |TAMS 0x0000000080100000, 0x0000000080000000| Untracked 
|   1|0x0000000080100000, 0x0000000080200000, 0x0000000080200000|100%| O|  |TAMS 0x0000000080200000, 0x0000000080100000| Untracked 
|   2|0x0000000080200000, 0x0000000080300000, 0x0000000080300000|100%| O|  |TAMS 0x0000000080300000, 0x0000000080200000| Untracked 
|   3|0x0000000080300000, 0x0000000080400000, 0x0000000080400000|100%|HS|  |TAMS 0x0000000080400000, 0x0000000080300000| Complete 
|   4|0x0000000080400000, 0x0000000080500000, 0x0000000080500000|100%|HC|  |TAMS 0x0000000080500000, 0x0000000080400000| Complete 
|   5|0x0000000080500000, 0x0000000080600000, 0x0000000080600000|100%|HC|  |TAMS 0x0000000080600000, 0x0000000080500000| Complete 
|   6|0x0000000080600000, 0x0000000080700000, 0x0000000080700000|100%| O|  |TAMS 0x0000000080700000, 0x0000000080600000| Untracked 
|   7|0x0000000080700000, 0x0000000080800000, 0x0000000080800000|100%| O|  |TAMS 0x0000000080800000, 0x0000000080700000| Untracked 
|   8|0x0000000080800000, 0x0000000080900000, 0x0000000080900000|100%| O|  |TAMS 0x0000000080900000, 0x0000000080800000| Untracked 
|   9|0x0000000080900000, 0x0000000080a00000, 0x0000000080a00000|100%| O|  |TAMS 0x0000000080a00000, 0x0000000080900000| Untracked 
|  10|0x0000000080a00000, 0x0000000080b00000, 0x0000000080b00000|100%| O|  |TAMS 0x0000000080b00000, 0x0000000080a00000| Untracked 
|  11|0x0000000080b00000, 0x0000000080c00000, 0x0000000080c00000|100%| O|  |TAMS 0x0000000080c00000, 0x0000000080b00000| Untracked 
|  12|0x0000000080c00000, 0x0000000080d00000, 0x0000000080d00000|100%| O|  |TAMS 0x0000000080d00000, 0x0000000080c00000| Untracked 
|  13|0x0000000080d00000, 0x0000000080e00000, 0x0000000080e00000|100%| O|  |TAMS 0x0000000080e00000, 0x0000000080d00000| Untracked 
|  14|0x0000000080e00000, 0x0000000080f00000, 0x0000000080f00000|100%| O|  |TAMS 0x0000000080f00000, 0x0000000080e00000| Untracked 
|  15|0x0000000080f00000, 0x0000000081000000, 0x0000000081000000|100%| O|  |TAMS 0x0000000081000000, 0x0000000080f00000| Untracked 
|  16|0x0000000081000000, 0x0000000081100000, 0x0000000081100000|100%|HS|  |TAMS 0x0000000081100000, 0x0000000081000000| Complete 
|  17|0x0000000081100000, 0x0000000081200000, 0x0000000081200000|100%|HS|  |TAMS 0x0000000081200000, 0x0000000081100000| Complete 
|  18|0x0000000081200000, 0x0000000081300000, 0x0000000081300000|100%|HS|  |TAMS 0x0000000081300000, 0x0000000081200000| Complete 
|  19|0x0000000081300000, 0x0000000081400000, 0x0000000081400000|100%|HC|  |TAMS 0x0000000081400000, 0x0000000081300000| Complete 
|  20|0x0000000081400000, 0x0000000081500000, 0x0000000081500000|100%| O|  |TAMS 0x0000000081500000, 0x0000000081400000| Untracked 
|  21|0x0000000081500000, 0x0000000081600000, 0x0000000081600000|100%| O|  |TAMS 0x0000000081600000, 0x0000000081500000| Untracked 
|  22|0x0000000081600000, 0x0000000081700000, 0x0000000081700000|100%| O|  |TAMS 0x0000000081700000, 0x0000000081600000| Untracked 
|  23|0x0000000081700000, 0x0000000081800000, 0x0000000081800000|100%| O|  |TAMS 0x0000000081800000, 0x0000000081700000| Untracked 
|  24|0x0000000081800000, 0x0000000081900000, 0x0000000081900000|100%| O|  |TAMS 0x0000000081900000, 0x0000000081800000| Untracked 
|  25|0x0000000081900000, 0x0000000081a00000, 0x0000000081a00000|100%| O|  |TAMS 0x0000000081a00000, 0x0000000081900000| Untracked 
|  26|0x0000000081a00000, 0x0000000081b00000, 0x0000000081b00000|100%| O|  |TAMS 0x0000000081b00000, 0x0000000081a00000| Untracked 
|  27|0x0000000081b00000, 0x0000000081c00000, 0x0000000081c00000|100%| O|  |TAMS 0x0000000081c00000, 0x0000000081b00000| Untracked 
|  28|0x0000000081c00000, 0x0000000081d00000, 0x0000000081d00000|100%| O|  |TAMS 0x0000000081d00000, 0x0000000081c00000| Untracked 
|  29|0x0000000081d00000, 0x0000000081e00000, 0x0000000081e00000|100%| O|  |TAMS 0x0000000081e00000, 0x0000000081d00000| Untracked 
|  30|0x0000000081e00000, 0x0000000081f00000, 0x0000000081f00000|100%| O|  |TAMS 0x0000000081f00000, 0x0000000081e00000| Untracked 
|  31|0x0000000081f00000, 0x0000000082000000, 0x0000000082000000|100%| O|  |TAMS 0x0000000082000000, 0x0000000081f00000| Untracked 
|  32|0x0000000082000000, 0x0000000082100000, 0x0000000082100000|100%| O|  |TAMS 0x0000000082100000, 0x0000000082000000| Untracked 
|  33|0x0000000082100000, 0x0000000082200000, 0x0000000082200000|100%| O|  |TAMS 0x0000000082200000, 0x0000000082100000| Untracked 
|  34|0x0000000082200000, 0x0000000082300000, 0x0000000082300000|100%| O|  |TAMS 0x0000000082300000, 0x0000000082200000| Untracked 
|  35|0x0000000082300000, 0x0000000082400000, 0x0000000082400000|100%| O|  |TAMS 0x0000000082400000, 0x0000000082300000| Untracked 
|  36|0x0000000082400000, 0x0000000082500000, 0x0000000082500000|100%| O|  |TAMS 0x0000000082500000, 0x0000000082400000| Untracked 
|  37|0x0000000082500000, 0x0000000082600000, 0x0000000082600000|100%| O|  |TAMS 0x0000000082600000, 0x0000000082500000| Untracked 
|  38|0x0000000082600000, 0x0000000082700000, 0x0000000082700000|100%| O|  |TAMS 0x0000000082700000, 0x0000000082600000| Untracked 
|  39|0x0000000082700000, 0x0000000082800000, 0x0000000082800000|100%| O|  |TAMS 0x0000000082800000, 0x0000000082700000| Untracked 
|  40|0x0000000082800000, 0x0000000082900000, 0x0000000082900000|100%| O|  |TAMS 0x0000000082900000, 0x0000000082800000| Untracked 
|  41|0x0000000082900000, 0x0000000082a00000, 0x0000000082a00000|100%| O|  |TAMS 0x0000000082a00000, 0x0000000082900000| Untracked 
|  42|0x0000000082a00000, 0x0000000082b00000, 0x0000000082b00000|100%| O|  |TAMS 0x0000000082b00000, 0x0000000082a00000| Untracked 
|  43|0x0000000082b00000, 0x0000000082c00000, 0x0000000082c00000|100%| O|  |TAMS 0x0000000082c00000, 0x0000000082b00000| Untracked 
|  44|0x0000000082c00000, 0x0000000082d00000, 0x0000000082d00000|100%| O|  |TAMS 0x0000000082d00000, 0x0000000082c00000| Complete 
|  45|0x0000000082d00000, 0x0000000082e00000, 0x0000000082e00000|100%| O|  |TAMS 0x0000000082e00000, 0x0000000082d00000| Untracked 
|  46|0x0000000082e00000, 0x0000000082f00000, 0x0000000082f00000|100%| O|  |TAMS 0x0000000082f00000, 0x0000000082e00000| Untracked 
|  47|0x0000000082f00000, 0x0000000083000000, 0x0000000083000000|100%| O|  |TAMS 0x0000000083000000, 0x0000000082f00000| Untracked 
|  48|0x0000000083000000, 0x0000000083100000, 0x0000000083100000|100%| O|  |TAMS 0x0000000083100000, 0x0000000083000000| Untracked 
|  49|0x0000000083100000, 0x0000000083200000, 0x0000000083200000|100%| O|  |TAMS 0x0000000083200000, 0x0000000083100000| Untracked 
|  50|0x0000000083200000, 0x0000000083300000, 0x0000000083300000|100%| O|  |TAMS 0x0000000083300000, 0x0000000083200000| Untracked 
|  51|0x0000000083300000, 0x0000000083400000, 0x0000000083400000|100%| O|  |TAMS 0x0000000083400000, 0x0000000083300000| Untracked 
|  52|0x0000000083400000, 0x0000000083500000, 0x0000000083500000|100%| O|  |TAMS 0x0000000083500000, 0x0000000083400000| Untracked 
|  53|0x0000000083500000, 0x0000000083600000, 0x0000000083600000|100%| O|  |TAMS 0x0000000083600000, 0x0000000083500000| Complete 
|  54|0x0000000083600000, 0x0000000083700000, 0x0000000083700000|100%| O|  |TAMS 0x0000000083700000, 0x0000000083600000| Untracked 
|  55|0x0000000083700000, 0x0000000083800000, 0x0000000083800000|100%| O|  |TAMS 0x0000000083800000, 0x0000000083700000| Untracked 
|  56|0x0000000083800000, 0x0000000083900000, 0x0000000083900000|100%| O|  |TAMS 0x0000000083900000, 0x0000000083800000| Untracked 
|  57|0x0000000083900000, 0x0000000083a00000, 0x0000000083a00000|100%| O|  |TAMS 0x0000000083a00000, 0x0000000083900000| Untracked 
|  58|0x0000000083a00000, 0x0000000083b00000, 0x0000000083b00000|100%| O|  |TAMS 0x0000000083b00000, 0x0000000083a00000| Untracked 
|  59|0x0000000083b00000, 0x0000000083c00000, 0x0000000083c00000|100%| O|  |TAMS 0x0000000083c00000, 0x0000000083b00000| Untracked 
|  60|0x0000000083c00000, 0x0000000083d00000, 0x0000000083d00000|100%| O|  |TAMS 0x0000000083d00000, 0x0000000083c00000| Untracked 
|  61|0x0000000083d00000, 0x0000000083e00000, 0x0000000083e00000|100%| O|  |TAMS 0x0000000083e00000, 0x0000000083d00000| Untracked 
|  62|0x0000000083e00000, 0x0000000083f00000, 0x0000000083f00000|100%| O|  |TAMS 0x0000000083f00000, 0x0000000083e00000| Untracked 
|  63|0x0000000083f00000, 0x0000000084000000, 0x0000000084000000|100%| O|  |TAMS 0x0000000084000000, 0x0000000083f00000| Complete 
|  64|0x0000000084000000, 0x0000000084100000, 0x0000000084100000|100%| O|  |TAMS 0x0000000084100000, 0x0000000084000000| Complete 
|  65|0x0000000084100000, 0x0000000084200000, 0x0000000084200000|100%| O|  |TAMS 0x0000000084200000, 0x0000000084100000| Complete 
|  66|0x0000000084200000, 0x0000000084300000, 0x0000000084300000|100%|HS|  |TAMS 0x0000000084300000, 0x0000000084200000| Complete 
|  67|0x0000000084300000, 0x0000000084400000, 0x0000000084400000|100%|HC|  |TAMS 0x0000000084400000, 0x0000000084300000| Complete 
|  68|0x0000000084400000, 0x0000000084500000, 0x0000000084500000|100%|HS|  |TAMS 0x0000000084500000, 0x0000000084400000| Complete 
|  69|0x0000000084500000, 0x0000000084600000, 0x0000000084600000|100%|HS|  |TAMS 0x0000000084600000, 0x0000000084500000| Complete 
|  70|0x0000000084600000, 0x0000000084700000, 0x0000000084700000|100%|HS|  |TAMS 0x0000000084700000, 0x0000000084600000| Complete 
|  71|0x0000000084700000, 0x0000000084800000, 0x0000000084800000|100%|HS|  |TAMS 0x0000000084800000, 0x0000000084700000| Complete 
|  72|0x0000000084800000, 0x0000000084900000, 0x0000000084900000|100%| O|  |TAMS 0x0000000084900000, 0x0000000084800000| Complete 
|  73|0x0000000084900000, 0x0000000084a00000, 0x0000000084a00000|100%| O|  |TAMS 0x0000000084a00000, 0x0000000084900000| Complete 
|  74|0x0000000084a00000, 0x0000000084b00000, 0x0000000084b00000|100%|HS|  |TAMS 0x0000000084b00000, 0x0000000084a00000| Complete 
|  75|0x0000000084b00000, 0x0000000084c00000, 0x0000000084c00000|100%|HS|  |TAMS 0x0000000084c00000, 0x0000000084b00000| Complete 
|  76|0x0000000084c00000, 0x0000000084d00000, 0x0000000084d00000|100%|HC|  |TAMS 0x0000000084d00000, 0x0000000084c00000| Complete 
|  77|0x0000000084d00000, 0x0000000084e00000, 0x0000000084e00000|100%|HS|  |TAMS 0x0000000084e00000, 0x0000000084d00000| Complete 
|  78|0x0000000084e00000, 0x0000000084f00000, 0x0000000084f00000|100%|HC|  |TAMS 0x0000000084f00000, 0x0000000084e00000| Complete 
|  79|0x0000000084f00000, 0x0000000085000000, 0x0000000085000000|100%|HC|  |TAMS 0x0000000085000000, 0x0000000084f00000| Complete 
|  80|0x0000000085000000, 0x0000000085100000, 0x0000000085100000|100%| O|  |TAMS 0x0000000085100000, 0x0000000085000000| Complete 
|  81|0x0000000085100000, 0x0000000085200000, 0x0000000085200000|100%| O|  |TAMS 0x0000000085200000, 0x0000000085100000| Complete 
|  82|0x0000000085200000, 0x0000000085300000, 0x0000000085300000|100%| O|  |TAMS 0x0000000085200000, 0x0000000085200000| Untracked 
|  83|0x0000000085300000, 0x0000000085400000, 0x0000000085400000|100%| O|  |TAMS 0x0000000085300000, 0x0000000085300000| Untracked 
|  84|0x0000000085400000, 0x0000000085500000, 0x0000000085500000|100%| O|  |TAMS 0x0000000085500000, 0x0000000085400000| Complete 
|  85|0x0000000085500000, 0x0000000085600000, 0x0000000085600000|100%| O|  |TAMS 0x0000000085500000, 0x0000000085500000| Untracked 
|  86|0x0000000085600000, 0x0000000085700000, 0x0000000085700000|100%| O|  |TAMS 0x0000000085700000, 0x0000000085600000| Complete 
|  87|0x0000000085700000, 0x0000000085800000, 0x0000000085800000|100%| O|  |TAMS 0x0000000085700000, 0x0000000085700000| Untracked 
|  88|0x0000000085800000, 0x0000000085900000, 0x0000000085900000|100%| O|  |TAMS 0x0000000085900000, 0x0000000085800000| Complete 
|  89|0x0000000085900000, 0x0000000085a00000, 0x0000000085a00000|100%| O|  |TAMS 0x0000000085900000, 0x0000000085900000| Untracked 
|  90|0x0000000085a00000, 0x0000000085b00000, 0x0000000085b00000|100%| O|  |TAMS 0x0000000085b00000, 0x0000000085a00000| Complete 
|  91|0x0000000085b00000, 0x0000000085c00000, 0x0000000085c00000|100%| O|  |TAMS 0x0000000085c00000, 0x0000000085b00000| Complete 
|  92|0x0000000085c00000, 0x0000000085d00000, 0x0000000085d00000|100%| O|  |TAMS 0x0000000085c00000, 0x0000000085c00000| Untracked 
|  93|0x0000000085d00000, 0x0000000085e00000, 0x0000000085e00000|100%| O|  |TAMS 0x0000000085d00000, 0x0000000085d00000| Untracked 
|  94|0x0000000085e00000, 0x0000000085f00000, 0x0000000085f00000|100%| O|  |TAMS 0x0000000085f00000, 0x0000000085e00000| Untracked 
|  95|0x0000000085f00000, 0x0000000086000000, 0x0000000086000000|100%| O|  |TAMS 0x0000000086000000, 0x0000000085f00000| Complete 
|  96|0x0000000086000000, 0x0000000086100000, 0x0000000086100000|100%| O|  |TAMS 0x0000000086100000, 0x0000000086000000| Complete 
|  97|0x0000000086100000, 0x0000000086200000, 0x0000000086200000|100%| O|  |TAMS 0x0000000086100000, 0x0000000086100000| Untracked 
|  98|0x0000000086200000, 0x0000000086300000, 0x0000000086300000|100%| O|  |TAMS 0x0000000086200000, 0x0000000086200000| Untracked 
|  99|0x0000000086300000, 0x0000000086400000, 0x0000000086400000|100%| O|  |TAMS 0x0000000086300000, 0x0000000086300000| Untracked 
| 100|0x0000000086400000, 0x0000000086500000, 0x0000000086500000|100%| O|  |TAMS 0x0000000086500000, 0x0000000086400000| Untracked 
| 101|0x0000000086500000, 0x0000000086600000, 0x0000000086600000|100%| O|  |TAMS 0x0000000086600000, 0x0000000086500000| Untracked 
| 102|0x0000000086600000, 0x0000000086700000, 0x0000000086700000|100%| O|  |TAMS 0x0000000086700000, 0x0000000086600000| Untracked 
| 103|0x0000000086700000, 0x0000000086800000, 0x0000000086800000|100%| O|  |TAMS 0x0000000086800000, 0x0000000086700000| Untracked 
| 104|0x0000000086800000, 0x0000000086900000, 0x0000000086900000|100%| O|  |TAMS 0x0000000086900000, 0x0000000086800000| Untracked 
| 105|0x0000000086900000, 0x0000000086a00000, 0x0000000086a00000|100%| O|  |TAMS 0x0000000086a00000, 0x0000000086900000| Untracked 
| 106|0x0000000086a00000, 0x0000000086b00000, 0x0000000086b00000|100%| O|  |TAMS 0x0000000086b00000, 0x0000000086a00000| Complete 
| 107|0x0000000086b00000, 0x0000000086c00000, 0x0000000086c00000|100%| O|  |TAMS 0x0000000086c00000, 0x0000000086b00000| Complete 
| 108|0x0000000086c00000, 0x0000000086d00000, 0x0000000086d00000|100%| O|  |TAMS 0x0000000086d00000, 0x0000000086c00000| Complete 
| 109|0x0000000086d00000, 0x0000000086e00000, 0x0000000086e00000|100%| O|  |TAMS 0x0000000086e00000, 0x0000000086d00000| Untracked 
| 110|0x0000000086e00000, 0x0000000086f00000, 0x0000000086f00000|100%| O|  |TAMS 0x0000000086f00000, 0x0000000086e00000| Untracked 
| 111|0x0000000086f00000, 0x0000000087000000, 0x0000000087000000|100%| O|  |TAMS 0x0000000087000000, 0x0000000086f00000| Untracked 
| 112|0x0000000087000000, 0x0000000087100000, 0x0000000087100000|100%| O|  |TAMS 0x0000000087100000, 0x0000000087000000| Untracked 
| 113|0x0000000087100000, 0x0000000087200000, 0x0000000087200000|100%| O|  |TAMS 0x0000000087200000, 0x0000000087100000| Complete 
| 114|0x0000000087200000, 0x0000000087300000, 0x0000000087300000|100%| O|  |TAMS 0x0000000087300000, 0x0000000087200000| Complete 
| 115|0x0000000087300000, 0x0000000087400000, 0x0000000087400000|100%| O|  |TAMS 0x0000000087400000, 0x0000000087300000| Complete 
| 116|0x0000000087400000, 0x0000000087500000, 0x0000000087500000|100%| O|  |TAMS 0x0000000087500000, 0x0000000087400000| Untracked 
| 117|0x0000000087500000, 0x0000000087600000, 0x0000000087600000|100%| O|  |TAMS 0x0000000087600000, 0x0000000087500000| Untracked 
| 118|0x0000000087600000, 0x0000000087700000, 0x0000000087700000|100%| O|  |TAMS 0x0000000087700000, 0x0000000087600000| Complete 
| 119|0x0000000087700000, 0x0000000087800000, 0x0000000087800000|100%| O|  |TAMS 0x0000000087800000, 0x0000000087700000| Complete 
| 120|0x0000000087800000, 0x0000000087900000, 0x0000000087900000|100%| O|  |TAMS 0x0000000087900000, 0x0000000087800000| Untracked 
| 121|0x0000000087900000, 0x0000000087a00000, 0x0000000087a00000|100%| O|  |TAMS 0x0000000087a00000, 0x0000000087900000| Untracked 
| 122|0x0000000087a00000, 0x0000000087b00000, 0x0000000087b00000|100%| O|  |TAMS 0x0000000087b00000, 0x0000000087a00000| Untracked 
| 123|0x0000000087b00000, 0x0000000087c00000, 0x0000000087c00000|100%| O|  |TAMS 0x0000000087c00000, 0x0000000087b00000| Complete 
| 124|0x0000000087c00000, 0x0000000087d00000, 0x0000000087d00000|100%| O|  |TAMS 0x0000000087d00000, 0x0000000087c00000| Complete 
| 125|0x0000000087d00000, 0x0000000087e00000, 0x0000000087e00000|100%| O|  |TAMS 0x0000000087e00000, 0x0000000087d00000| Complete 
| 126|0x0000000087e00000, 0x0000000087f00000, 0x0000000087f00000|100%| O|  |TAMS 0x0000000087f00000, 0x0000000087e00000| Untracked 
| 127|0x0000000087f00000, 0x0000000088000000, 0x0000000088000000|100%| O|  |TAMS 0x0000000088000000, 0x0000000087f00000| Complete 
| 128|0x0000000088000000, 0x0000000088100000, 0x0000000088100000|100%| O|  |TAMS 0x0000000088100000, 0x0000000088000000| Complete 
| 129|0x0000000088100000, 0x0000000088200000, 0x0000000088200000|100%| O|  |TAMS 0x0000000088200000, 0x0000000088100000| Complete 
| 130|0x0000000088200000, 0x0000000088300000, 0x0000000088300000|100%| O|  |TAMS 0x0000000088300000, 0x0000000088200000| Complete 
| 131|0x0000000088300000, 0x0000000088400000, 0x0000000088400000|100%| O|  |TAMS 0x0000000088400000, 0x0000000088300000| Complete 
| 132|0x0000000088400000, 0x0000000088500000, 0x0000000088500000|100%| O|  |TAMS 0x0000000088500000, 0x0000000088400000| Complete 
| 133|0x0000000088500000, 0x0000000088600000, 0x0000000088600000|100%| O|  |TAMS 0x0000000088600000, 0x0000000088500000| Complete 
| 134|0x0000000088600000, 0x0000000088700000, 0x0000000088700000|100%| O|  |TAMS 0x0000000088700000, 0x0000000088600000| Complete 
| 135|0x0000000088700000, 0x0000000088800000, 0x0000000088800000|100%| O|  |TAMS 0x0000000088800000, 0x0000000088700000| Complete 
| 136|0x0000000088800000, 0x0000000088900000, 0x0000000088900000|100%| O|  |TAMS 0x0000000088900000, 0x0000000088800000| Complete 
| 137|0x0000000088900000, 0x0000000088a00000, 0x0000000088a00000|100%| O|  |TAMS 0x0000000088a00000, 0x0000000088900000| Complete 
| 138|0x0000000088a00000, 0x0000000088b00000, 0x0000000088b00000|100%| O|  |TAMS 0x0000000088b00000, 0x0000000088a00000| Complete 
| 139|0x0000000088b00000, 0x0000000088c00000, 0x0000000088c00000|100%| O|  |TAMS 0x0000000088c00000, 0x0000000088b00000| Complete 
| 140|0x0000000088c00000, 0x0000000088d00000, 0x0000000088d00000|100%| O|  |TAMS 0x0000000088d00000, 0x0000000088c00000| Untracked 
| 141|0x0000000088d00000, 0x0000000088e00000, 0x0000000088e00000|100%| O|  |TAMS 0x0000000088e00000, 0x0000000088d00000| Complete 
| 142|0x0000000088e00000, 0x0000000088f00000, 0x0000000088f00000|100%| O|  |TAMS 0x0000000088f00000, 0x0000000088e00000| Complete 
| 143|0x0000000088f00000, 0x0000000089000000, 0x0000000089000000|100%| O|  |TAMS 0x0000000089000000, 0x0000000088f00000| Complete 
| 144|0x0000000089000000, 0x0000000089100000, 0x0000000089100000|100%| O|  |TAMS 0x0000000089100000, 0x0000000089000000| Complete 
| 145|0x0000000089100000, 0x0000000089200000, 0x0000000089200000|100%| O|  |TAMS 0x0000000089200000, 0x0000000089100000| Untracked 
| 146|0x0000000089200000, 0x0000000089300000, 0x0000000089300000|100%| O|  |TAMS 0x0000000089300000, 0x0000000089200000| Complete 
| 147|0x0000000089300000, 0x0000000089400000, 0x0000000089400000|100%| O|  |TAMS 0x0000000089400000, 0x0000000089300000| Complete 
| 148|0x0000000089400000, 0x0000000089500000, 0x0000000089500000|100%| O|  |TAMS 0x0000000089500000, 0x0000000089400000| Untracked 
| 149|0x0000000089500000, 0x0000000089600000, 0x0000000089600000|100%| O|  |TAMS 0x0000000089600000, 0x0000000089500000| Complete 
| 150|0x0000000089600000, 0x0000000089700000, 0x0000000089700000|100%| O|  |TAMS 0x0000000089700000, 0x0000000089600000| Complete 
| 151|0x0000000089700000, 0x0000000089800000, 0x0000000089800000|100%| O|  |TAMS 0x0000000089800000, 0x0000000089700000| Complete 
| 152|0x0000000089800000, 0x0000000089900000, 0x0000000089900000|100%| O|  |TAMS 0x0000000089900000, 0x0000000089800000| Complete 
| 153|0x0000000089900000, 0x0000000089a00000, 0x0000000089a00000|100%| O|  |TAMS 0x0000000089a00000, 0x0000000089900000| Untracked 
| 154|0x0000000089a00000, 0x0000000089b00000, 0x0000000089b00000|100%| O|  |TAMS 0x0000000089b00000, 0x0000000089a00000| Untracked 
| 155|0x0000000089b00000, 0x0000000089c00000, 0x0000000089c00000|100%| O|  |TAMS 0x0000000089c00000, 0x0000000089b00000| Complete 
| 156|0x0000000089c00000, 0x0000000089d00000, 0x0000000089d00000|100%| O|  |TAMS 0x0000000089d00000, 0x0000000089c00000| Complete 
| 157|0x0000000089d00000, 0x0000000089e00000, 0x0000000089e00000|100%| O|  |TAMS 0x0000000089e00000, 0x0000000089d00000| Untracked 
| 158|0x0000000089e00000, 0x0000000089f00000, 0x0000000089f00000|100%| O|  |TAMS 0x0000000089f00000, 0x0000000089e00000| Untracked 
| 159|0x0000000089f00000, 0x000000008a000000, 0x000000008a000000|100%| O|  |TAMS 0x000000008a000000, 0x0000000089f00000| Untracked 
| 160|0x000000008a000000, 0x000000008a100000, 0x000000008a100000|100%| O|  |TAMS 0x000000008a100000, 0x000000008a000000| Untracked 
| 161|0x000000008a100000, 0x000000008a200000, 0x000000008a200000|100%| O|  |TAMS 0x000000008a200000, 0x000000008a100000| Untracked 
| 162|0x000000008a200000, 0x000000008a300000, 0x000000008a300000|100%| O|  |TAMS 0x000000008a300000, 0x000000008a200000| Complete 
| 163|0x000000008a300000, 0x000000008a400000, 0x000000008a400000|100%| O|  |TAMS 0x000000008a400000, 0x000000008a300000| Untracked 
| 164|0x000000008a400000, 0x000000008a500000, 0x000000008a500000|100%| O|  |TAMS 0x000000008a500000, 0x000000008a400000| Complete 
| 165|0x000000008a500000, 0x000000008a600000, 0x000000008a600000|100%| O|  |TAMS 0x000000008a600000, 0x000000008a500000| Untracked 
| 166|0x000000008a600000, 0x000000008a700000, 0x000000008a700000|100%| O|  |TAMS 0x000000008a700000, 0x000000008a600000| Complete 
| 167|0x000000008a700000, 0x000000008a800000, 0x000000008a800000|100%| O|  |TAMS 0x000000008a800000, 0x000000008a700000| Complete 
| 168|0x000000008a800000, 0x000000008a900000, 0x000000008a900000|100%| O|  |TAMS 0x000000008a900000, 0x000000008a800000| Untracked 
| 169|0x000000008a900000, 0x000000008aa00000, 0x000000008aa00000|100%| O|  |TAMS 0x000000008aa00000, 0x000000008a900000| Complete 
| 170|0x000000008aa00000, 0x000000008ab00000, 0x000000008ab00000|100%| O|  |TAMS 0x000000008ab00000, 0x000000008aa00000| Untracked 
| 171|0x000000008ab00000, 0x000000008ac00000, 0x000000008ac00000|100%| O|  |TAMS 0x000000008ac00000, 0x000000008ab00000| Untracked 
| 172|0x000000008ac00000, 0x000000008ad00000, 0x000000008ad00000|100%| O|  |TAMS 0x000000008ad00000, 0x000000008ac00000| Untracked 
| 173|0x000000008ad00000, 0x000000008ae00000, 0x000000008ae00000|100%| O|  |TAMS 0x000000008ae00000, 0x000000008ad00000| Untracked 
| 174|0x000000008ae00000, 0x000000008af00000, 0x000000008af00000|100%| O|  |TAMS 0x000000008af00000, 0x000000008ae00000| Untracked 
| 175|0x000000008af00000, 0x000000008b000000, 0x000000008b000000|100%| O|  |TAMS 0x000000008b000000, 0x000000008af00000| Untracked 
| 176|0x000000008b000000, 0x000000008b100000, 0x000000008b100000|100%| O|  |TAMS 0x000000008b100000, 0x000000008b000000| Complete 
| 177|0x000000008b100000, 0x000000008b200000, 0x000000008b200000|100%| O|  |TAMS 0x000000008b200000, 0x000000008b100000| Untracked 
| 178|0x000000008b200000, 0x000000008b300000, 0x000000008b300000|100%| O|  |TAMS 0x000000008b300000, 0x000000008b200000| Untracked 
| 179|0x000000008b300000, 0x000000008b400000, 0x000000008b400000|100%| O|  |TAMS 0x000000008b400000, 0x000000008b300000| Untracked 
| 180|0x000000008b400000, 0x000000008b500000, 0x000000008b500000|100%| O|  |TAMS 0x000000008b500000, 0x000000008b400000| Untracked 
| 181|0x000000008b500000, 0x000000008b600000, 0x000000008b600000|100%| O|  |TAMS 0x000000008b600000, 0x000000008b500000| Untracked 
| 182|0x000000008b600000, 0x000000008b700000, 0x000000008b700000|100%| O|  |TAMS 0x000000008b700000, 0x000000008b600000| Untracked 
| 183|0x000000008b700000, 0x000000008b800000, 0x000000008b800000|100%| O|  |TAMS 0x000000008b800000, 0x000000008b700000| Complete 
| 184|0x000000008b800000, 0x000000008b900000, 0x000000008b900000|100%| O|  |TAMS 0x000000008b900000, 0x000000008b800000| Complete 
| 185|0x000000008b900000, 0x000000008ba00000, 0x000000008ba00000|100%| O|  |TAMS 0x000000008ba00000, 0x000000008b900000| Complete 
| 186|0x000000008ba00000, 0x000000008bb00000, 0x000000008bb00000|100%| O|  |TAMS 0x000000008bb00000, 0x000000008ba00000| Complete 
| 187|0x000000008bb00000, 0x000000008bc00000, 0x000000008bc00000|100%| O|  |TAMS 0x000000008bc00000, 0x000000008bb00000| Untracked 
| 188|0x000000008bc00000, 0x000000008bd00000, 0x000000008bd00000|100%| O|  |TAMS 0x000000008bd00000, 0x000000008bc00000| Untracked 
| 189|0x000000008bd00000, 0x000000008be00000, 0x000000008be00000|100%| O|  |TAMS 0x000000008be00000, 0x000000008bd00000| Untracked 
| 190|0x000000008be00000, 0x000000008bf00000, 0x000000008bf00000|100%| O|  |TAMS 0x000000008bf00000, 0x000000008be00000| Complete 
| 191|0x000000008bf00000, 0x000000008c000000, 0x000000008c000000|100%| O|  |TAMS 0x000000008c000000, 0x000000008bf00000| Untracked 
| 192|0x000000008c000000, 0x000000008c100000, 0x000000008c100000|100%| O|  |TAMS 0x000000008c100000, 0x000000008c000000| Untracked 
| 193|0x000000008c100000, 0x000000008c200000, 0x000000008c200000|100%| O|  |TAMS 0x000000008c200000, 0x000000008c100000| Complete 
| 194|0x000000008c200000, 0x000000008c300000, 0x000000008c300000|100%| O|  |TAMS 0x000000008c300000, 0x000000008c200000| Complete 
| 195|0x000000008c300000, 0x000000008c400000, 0x000000008c400000|100%| O|  |TAMS 0x000000008c400000, 0x000000008c300000| Complete 
| 196|0x000000008c400000, 0x000000008c500000, 0x000000008c500000|100%| O|  |TAMS 0x000000008c455800, 0x000000008c400000| Complete 
| 197|0x000000008c500000, 0x000000008c500000, 0x000000008c600000|  0%| F|  |TAMS 0x000000008c500000, 0x000000008c500000| Untracked 
| 198|0x000000008c600000, 0x000000008c700000, 0x000000008c700000|100%| O|  |TAMS 0x000000008c600000, 0x000000008c600000| Untracked 
| 199|0x000000008c700000, 0x000000008c800000, 0x000000008c800000|100%| O|  |TAMS 0x000000008c700000, 0x000000008c700000| Untracked 
| 200|0x000000008c800000, 0x000000008c8c2600, 0x000000008c900000| 75%| O|  |TAMS 0x000000008c800000, 0x000000008c800000| Untracked 
| 201|0x000000008c900000, 0x000000008c900000, 0x000000008ca00000|  0%| F|  |TAMS 0x000000008c900000, 0x000000008c900000| Untracked 
| 202|0x000000008ca00000, 0x000000008ca00000, 0x000000008cb00000|  0%| F|  |TAMS 0x000000008ca00000, 0x000000008ca00000| Untracked 
| 203|0x000000008cb00000, 0x000000008cb00000, 0x000000008cc00000|  0%| F|  |TAMS 0x000000008cb00000, 0x000000008cb00000| Untracked 
| 204|0x000000008cc00000, 0x000000008cc00000, 0x000000008cd00000|  0%| F|  |TAMS 0x000000008cc00000, 0x000000008cc00000| Untracked 
| 205|0x000000008cd00000, 0x000000008cd00000, 0x000000008ce00000|  0%| F|  |TAMS 0x000000008cd00000, 0x000000008cd00000| Untracked 
| 206|0x000000008ce00000, 0x000000008ce00000, 0x000000008cf00000|  0%| F|  |TAMS 0x000000008ce00000, 0x000000008ce00000| Untracked 
| 207|0x000000008cf00000, 0x000000008cf00000, 0x000000008d000000|  0%| F|  |TAMS 0x000000008cf00000, 0x000000008cf00000| Untracked 
| 208|0x000000008d000000, 0x000000008d000000, 0x000000008d100000|  0%| F|  |TAMS 0x000000008d000000, 0x000000008d000000| Untracked 
| 209|0x000000008d100000, 0x000000008d100000, 0x000000008d200000|  0%| F|  |TAMS 0x000000008d100000, 0x000000008d100000| Untracked 
| 210|0x000000008d200000, 0x000000008d200000, 0x000000008d300000|  0%| F|  |TAMS 0x000000008d200000, 0x000000008d200000| Untracked 
| 211|0x000000008d300000, 0x000000008d300000, 0x000000008d400000|  0%| F|  |TAMS 0x000000008d300000, 0x000000008d300000| Untracked 
| 212|0x000000008d400000, 0x000000008d400000, 0x000000008d500000|  0%| F|  |TAMS 0x000000008d400000, 0x000000008d400000| Untracked 
| 213|0x000000008d500000, 0x000000008d500000, 0x000000008d600000|  0%| F|  |TAMS 0x000000008d500000, 0x000000008d500000| Untracked 
| 214|0x000000008d600000, 0x000000008d600000, 0x000000008d700000|  0%| F|  |TAMS 0x000000008d600000, 0x000000008d600000| Untracked 
| 215|0x000000008d700000, 0x000000008d700000, 0x000000008d800000|  0%| F|  |TAMS 0x000000008d700000, 0x000000008d700000| Untracked 
| 216|0x000000008d800000, 0x000000008d800000, 0x000000008d900000|  0%| F|  |TAMS 0x000000008d800000, 0x000000008d800000| Untracked 
| 217|0x000000008d900000, 0x000000008d900000, 0x000000008da00000|  0%| F|  |TAMS 0x000000008d900000, 0x000000008d900000| Untracked 
| 218|0x000000008da00000, 0x000000008da00000, 0x000000008db00000|  0%| F|  |TAMS 0x000000008da00000, 0x000000008da00000| Untracked 
| 219|0x000000008db00000, 0x000000008db00000, 0x000000008dc00000|  0%| F|  |TAMS 0x000000008db00000, 0x000000008db00000| Untracked 
| 220|0x000000008dc00000, 0x000000008dc00000, 0x000000008dd00000|  0%| F|  |TAMS 0x000000008dc00000, 0x000000008dc00000| Untracked 
| 221|0x000000008dd00000, 0x000000008dd00000, 0x000000008de00000|  0%| F|  |TAMS 0x000000008dd00000, 0x000000008dd00000| Untracked 
| 222|0x000000008de00000, 0x000000008de00000, 0x000000008df00000|  0%| F|  |TAMS 0x000000008de00000, 0x000000008de00000| Untracked 
| 223|0x000000008df00000, 0x000000008df00000, 0x000000008e000000|  0%| F|  |TAMS 0x000000008df00000, 0x000000008df00000| Untracked 
| 224|0x000000008e000000, 0x000000008e000000, 0x000000008e100000|  0%| F|  |TAMS 0x000000008e000000, 0x000000008e000000| Untracked 
| 225|0x000000008e100000, 0x000000008e100000, 0x000000008e200000|  0%| F|  |TAMS 0x000000008e100000, 0x000000008e100000| Untracked 
| 226|0x000000008e200000, 0x000000008e200000, 0x000000008e300000|  0%| F|  |TAMS 0x000000008e200000, 0x000000008e200000| Untracked 
| 227|0x000000008e300000, 0x000000008e300000, 0x000000008e400000|  0%| F|  |TAMS 0x000000008e300000, 0x000000008e300000| Untracked 
| 228|0x000000008e400000, 0x000000008e400000, 0x000000008e500000|  0%| F|  |TAMS 0x000000008e400000, 0x000000008e400000| Untracked 
| 229|0x000000008e500000, 0x000000008e500000, 0x000000008e600000|  0%| F|  |TAMS 0x000000008e500000, 0x000000008e500000| Untracked 
| 230|0x000000008e600000, 0x000000008e600000, 0x000000008e700000|  0%| F|  |TAMS 0x000000008e600000, 0x000000008e600000| Untracked 
| 231|0x000000008e700000, 0x000000008e700000, 0x000000008e800000|  0%| F|  |TAMS 0x000000008e700000, 0x000000008e700000| Untracked 
| 232|0x000000008e800000, 0x000000008e800000, 0x000000008e900000|  0%| F|  |TAMS 0x000000008e800000, 0x000000008e800000| Untracked 
| 233|0x000000008e900000, 0x000000008e900000, 0x000000008ea00000|  0%| F|  |TAMS 0x000000008e900000, 0x000000008e900000| Untracked 
| 234|0x000000008ea00000, 0x000000008ea00000, 0x000000008eb00000|  0%| F|  |TAMS 0x000000008ea00000, 0x000000008ea00000| Untracked 
| 235|0x000000008eb00000, 0x000000008eb00000, 0x000000008ec00000|  0%| F|  |TAMS 0x000000008eb00000, 0x000000008eb00000| Untracked 
| 236|0x000000008ec00000, 0x000000008ec00000, 0x000000008ed00000|  0%| F|  |TAMS 0x000000008ec00000, 0x000000008ec00000| Untracked 
| 237|0x000000008ed00000, 0x000000008ed00000, 0x000000008ee00000|  0%| F|  |TAMS 0x000000008ed00000, 0x000000008ed00000| Untracked 
| 238|0x000000008ee00000, 0x000000008ee00000, 0x000000008ef00000|  0%| F|  |TAMS 0x000000008ee00000, 0x000000008ee00000| Untracked 
| 239|0x000000008ef00000, 0x000000008ef00000, 0x000000008f000000|  0%| F|  |TAMS 0x000000008ef00000, 0x000000008ef00000| Untracked 
| 240|0x000000008f000000, 0x000000008f000000, 0x000000008f100000|  0%| F|  |TAMS 0x000000008f000000, 0x000000008f000000| Untracked 
| 241|0x000000008f100000, 0x000000008f100000, 0x000000008f200000|  0%| F|  |TAMS 0x000000008f100000, 0x000000008f100000| Untracked 
| 242|0x000000008f200000, 0x000000008f200000, 0x000000008f300000|  0%| F|  |TAMS 0x000000008f200000, 0x000000008f200000| Untracked 
| 243|0x000000008f300000, 0x000000008f300000, 0x000000008f400000|  0%| F|  |TAMS 0x000000008f300000, 0x000000008f300000| Untracked 
| 244|0x000000008f400000, 0x000000008f400000, 0x000000008f500000|  0%| F|  |TAMS 0x000000008f400000, 0x000000008f400000| Untracked 
| 245|0x000000008f500000, 0x000000008f500000, 0x000000008f600000|  0%| F|  |TAMS 0x000000008f500000, 0x000000008f500000| Untracked 
| 246|0x000000008f600000, 0x000000008f600000, 0x000000008f700000|  0%| F|  |TAMS 0x000000008f600000, 0x000000008f600000| Untracked 
| 247|0x000000008f700000, 0x000000008f700000, 0x000000008f800000|  0%| F|  |TAMS 0x000000008f700000, 0x000000008f700000| Untracked 
| 248|0x000000008f800000, 0x000000008f800000, 0x000000008f900000|  0%| F|  |TAMS 0x000000008f800000, 0x000000008f800000| Untracked 
| 249|0x000000008f900000, 0x000000008f900000, 0x000000008fa00000|  0%| F|  |TAMS 0x000000008f900000, 0x000000008f900000| Untracked 
| 250|0x000000008fa00000, 0x000000008fa00000, 0x000000008fb00000|  0%| F|  |TAMS 0x000000008fa00000, 0x000000008fa00000| Untracked 
| 251|0x000000008fb00000, 0x000000008fb00000, 0x000000008fc00000|  0%| F|  |TAMS 0x000000008fb00000, 0x000000008fb00000| Untracked 
| 252|0x000000008fc00000, 0x000000008fc00000, 0x000000008fd00000|  0%| F|  |TAMS 0x000000008fc00000, 0x000000008fc00000| Untracked 
| 253|0x000000008fd00000, 0x000000008fd00000, 0x000000008fe00000|  0%| F|  |TAMS 0x000000008fd00000, 0x000000008fd00000| Untracked 
| 254|0x000000008fe00000, 0x000000008fe00000, 0x000000008ff00000|  0%| F|  |TAMS 0x000000008fe00000, 0x000000008fe00000| Untracked 
| 255|0x000000008ff00000, 0x000000008ff00000, 0x0000000090000000|  0%| F|  |TAMS 0x000000008ff00000, 0x000000008ff00000| Untracked 
| 256|0x0000000090000000, 0x0000000090000000, 0x0000000090100000|  0%| F|  |TAMS 0x0000000090000000, 0x0000000090000000| Untracked 
| 257|0x0000000090100000, 0x0000000090200000, 0x0000000090200000|100%| O|  |TAMS 0x0000000090200000, 0x0000000090100000| Untracked 
| 258|0x0000000090200000, 0x0000000090200000, 0x0000000090300000|  0%| F|  |TAMS 0x0000000090200000, 0x0000000090200000| Untracked 
| 259|0x0000000090300000, 0x0000000090300000, 0x0000000090400000|  0%| F|  |TAMS 0x0000000090300000, 0x0000000090300000| Untracked 
| 260|0x0000000090400000, 0x0000000090500000, 0x0000000090500000|100%| O|  |TAMS 0x0000000090500000, 0x0000000090400000| Complete 
| 261|0x0000000090500000, 0x0000000090600000, 0x0000000090600000|100%| O|  |TAMS 0x0000000090600000, 0x0000000090500000| Untracked 
| 262|0x0000000090600000, 0x0000000090700000, 0x0000000090700000|100%| O|  |TAMS 0x0000000090700000, 0x0000000090600000| Complete 
| 263|0x0000000090700000, 0x0000000090800000, 0x0000000090800000|100%| O|  |TAMS 0x0000000090800000, 0x0000000090700000| Untracked 
| 264|0x0000000090800000, 0x0000000090900000, 0x0000000090900000|100%| O|  |TAMS 0x0000000090900000, 0x0000000090800000| Untracked 
| 265|0x0000000090900000, 0x0000000090a00000, 0x0000000090a00000|100%| O|  |TAMS 0x0000000090a00000, 0x0000000090900000| Untracked 
| 266|0x0000000090a00000, 0x0000000090b00000, 0x0000000090b00000|100%| O|  |TAMS 0x0000000090b00000, 0x0000000090a00000| Untracked 
| 267|0x0000000090b00000, 0x0000000090c00000, 0x0000000090c00000|100%| O|  |TAMS 0x0000000090c00000, 0x0000000090b00000| Complete 
| 268|0x0000000090c00000, 0x0000000090d00000, 0x0000000090d00000|100%| O|  |TAMS 0x0000000090d00000, 0x0000000090c00000| Complete 
| 269|0x0000000090d00000, 0x0000000090e00000, 0x0000000090e00000|100%| O|  |TAMS 0x0000000090e00000, 0x0000000090d00000| Complete 
| 270|0x0000000090e00000, 0x0000000090f00000, 0x0000000090f00000|100%| O|  |TAMS 0x0000000090f00000, 0x0000000090e00000| Complete 
| 271|0x0000000090f00000, 0x0000000091000000, 0x0000000091000000|100%| O|  |TAMS 0x0000000091000000, 0x0000000090f00000| Complete 
| 272|0x0000000091000000, 0x0000000091000000, 0x0000000091100000|  0%| F|  |TAMS 0x0000000091000000, 0x0000000091000000| Untracked 
| 273|0x0000000091100000, 0x0000000091200000, 0x0000000091200000|100%| S|CS|TAMS 0x0000000091100000, 0x0000000091100000| Complete 
| 274|0x0000000091200000, 0x0000000091300000, 0x0000000091300000|100%| S|CS|TAMS 0x0000000091200000, 0x0000000091200000| Complete 
| 275|0x0000000091300000, 0x0000000091400000, 0x0000000091400000|100%| O|  |TAMS 0x0000000091400000, 0x0000000091300000| Complete 
| 276|0x0000000091400000, 0x0000000091500000, 0x0000000091500000|100%| S|CS|TAMS 0x0000000091400000, 0x0000000091400000| Complete 
| 277|0x0000000091500000, 0x0000000091600000, 0x0000000091600000|100%| S|CS|TAMS 0x0000000091500000, 0x0000000091500000| Complete 
| 278|0x0000000091600000, 0x0000000091700000, 0x0000000091700000|100%| S|CS|TAMS 0x0000000091600000, 0x0000000091600000| Complete 
| 279|0x0000000091700000, 0x0000000091800000, 0x0000000091800000|100%| S|CS|TAMS 0x0000000091700000, 0x0000000091700000| Complete 
| 280|0x0000000091800000, 0x0000000091900000, 0x0000000091900000|100%| S|CS|TAMS 0x0000000091800000, 0x0000000091800000| Complete 
| 281|0x0000000091900000, 0x0000000091900000, 0x0000000091a00000|  0%| F|  |TAMS 0x0000000091900000, 0x0000000091900000| Untracked 
| 282|0x0000000091a00000, 0x0000000091a00000, 0x0000000091b00000|  0%| F|  |TAMS 0x0000000091a00000, 0x0000000091a00000| Untracked 
| 283|0x0000000091b00000, 0x0000000091b00000, 0x0000000091c00000|  0%| F|  |TAMS 0x0000000091b00000, 0x0000000091b00000| Untracked 
| 284|0x0000000091c00000, 0x0000000091c00000, 0x0000000091d00000|  0%| F|  |TAMS 0x0000000091c00000, 0x0000000091c00000| Untracked 
| 285|0x0000000091d00000, 0x0000000091d00000, 0x0000000091e00000|  0%| F|  |TAMS 0x0000000091d00000, 0x0000000091d00000| Untracked 
| 286|0x0000000091e00000, 0x0000000091e00000, 0x0000000091f00000|  0%| F|  |TAMS 0x0000000091e00000, 0x0000000091e00000| Untracked 
| 287|0x0000000091f00000, 0x0000000091f00000, 0x0000000092000000|  0%| F|  |TAMS 0x0000000091f00000, 0x0000000091f00000| Untracked 
| 288|0x0000000092000000, 0x0000000092000000, 0x0000000092100000|  0%| F|  |TAMS 0x0000000092000000, 0x0000000092000000| Untracked 
| 289|0x0000000092100000, 0x0000000092100000, 0x0000000092200000|  0%| F|  |TAMS 0x0000000092100000, 0x0000000092100000| Untracked 
| 290|0x0000000092200000, 0x0000000092200000, 0x0000000092300000|  0%| F|  |TAMS 0x0000000092200000, 0x0000000092200000| Untracked 
| 291|0x0000000092300000, 0x0000000092300000, 0x0000000092400000|  0%| F|  |TAMS 0x0000000092300000, 0x0000000092300000| Untracked 
| 292|0x0000000092400000, 0x0000000092400000, 0x0000000092500000|  0%| F|  |TAMS 0x0000000092400000, 0x0000000092400000| Untracked 
| 293|0x0000000092500000, 0x0000000092500000, 0x0000000092600000|  0%| F|  |TAMS 0x0000000092500000, 0x0000000092500000| Untracked 
| 294|0x0000000092600000, 0x0000000092600000, 0x0000000092700000|  0%| F|  |TAMS 0x0000000092600000, 0x0000000092600000| Untracked 
| 295|0x0000000092700000, 0x0000000092700000, 0x0000000092800000|  0%| F|  |TAMS 0x0000000092700000, 0x0000000092700000| Untracked 
| 296|0x0000000092800000, 0x0000000092800000, 0x0000000092900000|  0%| F|  |TAMS 0x0000000092800000, 0x0000000092800000| Untracked 
| 297|0x0000000092900000, 0x0000000092900000, 0x0000000092a00000|  0%| F|  |TAMS 0x0000000092900000, 0x0000000092900000| Untracked 
| 298|0x0000000092a00000, 0x0000000092a00000, 0x0000000092b00000|  0%| F|  |TAMS 0x0000000092a00000, 0x0000000092a00000| Untracked 
| 299|0x0000000092b00000, 0x0000000092b00000, 0x0000000092c00000|  0%| F|  |TAMS 0x0000000092b00000, 0x0000000092b00000| Untracked 
| 300|0x0000000092c00000, 0x0000000092c00000, 0x0000000092d00000|  0%| F|  |TAMS 0x0000000092c00000, 0x0000000092c00000| Untracked 
| 301|0x0000000092d00000, 0x0000000092d00000, 0x0000000092e00000|  0%| F|  |TAMS 0x0000000092d00000, 0x0000000092d00000| Untracked 
| 302|0x0000000092e00000, 0x0000000092e00000, 0x0000000092f00000|  0%| F|  |TAMS 0x0000000092e00000, 0x0000000092e00000| Untracked 
| 303|0x0000000092f00000, 0x0000000092f00000, 0x0000000093000000|  0%| F|  |TAMS 0x0000000092f00000, 0x0000000092f00000| Untracked 
| 304|0x0000000093000000, 0x0000000093000000, 0x0000000093100000|  0%| F|  |TAMS 0x0000000093000000, 0x0000000093000000| Untracked 
| 305|0x0000000093100000, 0x0000000093100000, 0x0000000093200000|  0%| F|  |TAMS 0x0000000093100000, 0x0000000093100000| Untracked 
| 306|0x0000000093200000, 0x0000000093200000, 0x0000000093300000|  0%| F|  |TAMS 0x0000000093200000, 0x0000000093200000| Untracked 
| 307|0x0000000093300000, 0x0000000093300000, 0x0000000093400000|  0%| F|  |TAMS 0x0000000093300000, 0x0000000093300000| Untracked 
| 308|0x0000000093400000, 0x0000000093400000, 0x0000000093500000|  0%| F|  |TAMS 0x0000000093400000, 0x0000000093400000| Untracked 
| 309|0x0000000093500000, 0x0000000093500000, 0x0000000093600000|  0%| F|  |TAMS 0x0000000093500000, 0x0000000093500000| Untracked 
| 310|0x0000000093600000, 0x0000000093600000, 0x0000000093700000|  0%| F|  |TAMS 0x0000000093600000, 0x0000000093600000| Untracked 
| 311|0x0000000093700000, 0x0000000093700000, 0x0000000093800000|  0%| F|  |TAMS 0x0000000093700000, 0x0000000093700000| Untracked 
| 312|0x0000000093800000, 0x0000000093800000, 0x0000000093900000|  0%| F|  |TAMS 0x0000000093800000, 0x0000000093800000| Untracked 
| 313|0x0000000093900000, 0x0000000093900000, 0x0000000093a00000|  0%| F|  |TAMS 0x0000000093900000, 0x0000000093900000| Untracked 
| 314|0x0000000093a00000, 0x0000000093a00000, 0x0000000093b00000|  0%| F|  |TAMS 0x0000000093a00000, 0x0000000093a00000| Untracked 
| 315|0x0000000093b00000, 0x0000000093b00000, 0x0000000093c00000|  0%| F|  |TAMS 0x0000000093b00000, 0x0000000093b00000| Untracked 
| 316|0x0000000093c00000, 0x0000000093c00000, 0x0000000093d00000|  0%| F|  |TAMS 0x0000000093c00000, 0x0000000093c00000| Untracked 
| 317|0x0000000093d00000, 0x0000000093d00000, 0x0000000093e00000|  0%| F|  |TAMS 0x0000000093d00000, 0x0000000093d00000| Untracked 
| 318|0x0000000093e00000, 0x0000000093e00000, 0x0000000093f00000|  0%| F|  |TAMS 0x0000000093e00000, 0x0000000093e00000| Untracked 
| 319|0x0000000093f00000, 0x0000000093f00000, 0x0000000094000000|  0%| F|  |TAMS 0x0000000093f00000, 0x0000000093f00000| Untracked 
| 320|0x0000000094000000, 0x0000000094000000, 0x0000000094100000|  0%| F|  |TAMS 0x0000000094000000, 0x0000000094000000| Untracked 
| 321|0x0000000094100000, 0x0000000094100000, 0x0000000094200000|  0%| F|  |TAMS 0x0000000094100000, 0x0000000094100000| Untracked 
| 322|0x0000000094200000, 0x0000000094200000, 0x0000000094300000|  0%| F|  |TAMS 0x0000000094200000, 0x0000000094200000| Untracked 
| 323|0x0000000094300000, 0x0000000094300000, 0x0000000094400000|  0%| F|  |TAMS 0x0000000094300000, 0x0000000094300000| Untracked 
| 324|0x0000000094400000, 0x0000000094400000, 0x0000000094500000|  0%| F|  |TAMS 0x0000000094400000, 0x0000000094400000| Untracked 
| 325|0x0000000094500000, 0x0000000094500000, 0x0000000094600000|  0%| F|  |TAMS 0x0000000094500000, 0x0000000094500000| Untracked 
| 326|0x0000000094600000, 0x0000000094600000, 0x0000000094700000|  0%| F|  |TAMS 0x0000000094600000, 0x0000000094600000| Untracked 
| 327|0x0000000094700000, 0x0000000094700000, 0x0000000094800000|  0%| F|  |TAMS 0x0000000094700000, 0x0000000094700000| Untracked 
| 328|0x0000000094800000, 0x0000000094800000, 0x0000000094900000|  0%| F|  |TAMS 0x0000000094800000, 0x0000000094800000| Untracked 
| 329|0x0000000094900000, 0x0000000094900000, 0x0000000094a00000|  0%| F|  |TAMS 0x0000000094900000, 0x0000000094900000| Untracked 
| 330|0x0000000094a00000, 0x0000000094a00000, 0x0000000094b00000|  0%| F|  |TAMS 0x0000000094a00000, 0x0000000094a00000| Untracked 
| 331|0x0000000094b00000, 0x0000000094b00000, 0x0000000094c00000|  0%| F|  |TAMS 0x0000000094b00000, 0x0000000094b00000| Untracked 

Card table byte_map: [0x0000019fc98b0000,0x0000019fc9cb0000] _byte_map_base: 0x0000019fc94b0000

Marking Bits (Prev, Next): (CMBitMap*) 0x0000019fb64b2c78, (CMBitMap*) 0x0000019fb64b2cb0
 Prev Bits: [0x0000019fca0b0000, 0x0000019fcc0b0000)
 Next Bits: [0x0000019fcc0b0000, 0x0000019fce0b0000)

Polling page: 0x0000019fb4280000

Metaspace:

Usage:
  Non-class:     84.12 MB capacity,    82.39 MB ( 98%) used,     1.41 MB (  2%) free+waste,   322.94 KB ( <1%) overhead. 
      Class:     13.44 MB capacity,    12.39 MB ( 92%) used,   926.26 KB (  7%) free+waste,   146.44 KB (  1%) overhead. 
       Both:     97.56 MB capacity,    94.78 MB ( 97%) used,     2.31 MB (  2%) free+waste,   469.38 KB ( <1%) overhead. 

Virtual space:
  Non-class space:       88.00 MB reserved,      86.22 MB ( 98%) committed 
      Class space:        1.00 GB reserved,      14.80 MB (  1%) committed 
             Both:        1.09 GB reserved,     101.02 MB (  9%) committed 

Chunk freelists:
   Non-Class:  2.04 MB
       Class:  1.28 MB
        Both:  3.32 MB

MaxMetaspaceSize: 17179869184.00 GB
CompressedClassSpaceSize: 1.00 GB

CodeHeap 'non-profiled nmethods': size=120000Kb used=7026Kb max_used=7026Kb free=112973Kb
 bounds [0x0000019fc1a30000, 0x0000019fc2110000, 0x0000019fc8f60000]
CodeHeap 'profiled nmethods': size=120000Kb used=26574Kb max_used=26574Kb free=93425Kb
 bounds [0x0000019fba500000, 0x0000019fbbf00000, 0x0000019fc1a30000]
CodeHeap 'non-nmethods': size=5760Kb used=2303Kb max_used=2356Kb free=3456Kb
 bounds [0x0000019fb9f60000, 0x0000019fba1d0000, 0x0000019fba500000]
 total_blobs=13967 nmethods=13056 adapters=822
 compilation: enabled
              stopped_count=0, restarted_count=0
 full_count=0

Compilation events (20 events):
Event: 9.731 Thread 0x0000019fd1603000 nmethod 13689 0x0000019fbbeefa10 code [0x0000019fbbeefbc0, 0x0000019fbbeefce8]
Event: 9.731 Thread 0x0000019fd1603000 13687       2       com.android.tools.r8.graph.G::a (1 bytes)
Event: 9.731 Thread 0x0000019fd1603000 nmethod 13687 0x0000019fbbeefd90 code [0x0000019fbbeeff40, 0x0000019fbbef0038]
Event: 9.731 Thread 0x0000019fd1603000 13718       2       com.android.tools.r8.internal.Oo::b (64 bytes)
Event: 9.732 Thread 0x0000019fd1603000 nmethod 13718 0x0000019fbbef0110 code [0x0000019fbbef02e0, 0x0000019fbbef0688]
Event: 9.732 Thread 0x0000019fd1603000 13676       2       com.android.tools.r8.internal.Xo::a (97 bytes)
Event: 9.732 Thread 0x0000019fd1603000 nmethod 13676 0x0000019fbbef0810 code [0x0000019fbbef0a00, 0x0000019fbbef0c38]
Event: 9.732 Thread 0x0000019fd1603000 13713       2       com.google.common.util.concurrent.AbstractFuture::complete (104 bytes)
Event: 9.733 Thread 0x0000019fd1603000 nmethod 13713 0x0000019fbbef0e10 code [0x0000019fbbef1020, 0x0000019fbbef1408]
Event: 9.733 Thread 0x0000019fd1603000 13722       2       java.util.concurrent.atomic.AtomicReference::<init> (5 bytes)
Event: 9.733 Thread 0x0000019fd1603000 nmethod 13722 0x0000019fbbef1610 code [0x0000019fbbef17c0, 0x0000019fbbef18b8]
Event: 9.733 Thread 0x0000019fd1603000 13719       2       com.google.common.util.concurrent.AbstractFuture::getDoneValue (55 bytes)
Event: 9.733 Thread 0x0000019fd1603000 nmethod 13719 0x0000019fbbef1990 code [0x0000019fbbef1b80, 0x0000019fbbef1f48]
Event: 9.733 Thread 0x0000019fd1603000 13735       2       com.android.tools.r8.internal.av::a (34 bytes)
Event: 9.733 Thread 0x0000019fd1603000 nmethod 13735 0x0000019fbbef2190 code [0x0000019fbbef2340, 0x0000019fbbef2518]
Event: 9.733 Thread 0x0000019fd1603000 13720       2       com.google.common.util.concurrent.AbstractFuture::get (167 bytes)
Event: 9.734 Thread 0x0000019fd1603000 nmethod 13720 0x0000019fbbef2610 code [0x0000019fbbef2880, 0x0000019fbbef3148]
Event: 9.734 Thread 0x0000019fd1603000 13692       2       com.android.tools.r8.graph.X::a (56 bytes)
Event: 9.735 Thread 0x0000019fd1603000 nmethod 13692 0x0000019fbbef3410 code [0x0000019fbbef3620, 0x0000019fbbef38c8]
Event: 9.735 Thread 0x0000019fd1603000 13693       2       com.android.tools.r8.dex.z$g::b (20 bytes)

GC Heap History (20 events):
Event: 7.840 GC heap after
{Heap after GC invocations=13 (full 0):
 garbage-first heap   total 260096K, used 82130K [0x0000000080000000, 0x0000000100000000)
  region size 1024K, 15 young (15360K), 15 survivors (15360K)
 Metaspace       used 84125K, capacity 86658K, committed 86988K, reserved 1124352K
  class space    used 10931K, capacity 11881K, committed 11980K, reserved 1048576K
}
Event: 8.286 GC heap before
{Heap before GC invocations=13 (full 0):
 garbage-first heap   total 260096K, used 239826K [0x0000000080000000, 0x0000000100000000)
  region size 1024K, 136 young (139264K), 15 survivors (15360K)
 Metaspace       used 91448K, capacity 94660K, committed 94796K, reserved 1130496K
  class space    used 12077K, capacity 13301K, committed 13388K, reserved 1048576K
}
Event: 8.306 GC heap after
{Heap after GC invocations=14 (full 0):
 garbage-first heap   total 282624K, used 128626K [0x0000000080000000, 0x0000000100000000)
  region size 1024K, 17 young (17408K), 17 survivors (17408K)
 Metaspace       used 91448K, capacity 94660K, committed 94796K, reserved 1130496K
  class space    used 12077K, capacity 13301K, committed 13388K, reserved 1048576K
}
Event: 8.568 GC heap before
{Heap before GC invocations=14 (full 0):
 garbage-first heap   total 282624K, used 219762K [0x0000000080000000, 0x0000000100000000)
  region size 1024K, 105 young (107520K), 17 survivors (17408K)
 Metaspace       used 96838K, capacity 100841K, committed 101036K, reserved 1136640K
  class space    used 13148K, capacity 14723K, committed 14796K, reserved 1048576K
}
Event: 8.593 GC heap after
{Heap after GC invocations=15 (full 0):
 garbage-first heap   total 282624K, used 150213K [0x0000000080000000, 0x0000000100000000)
  region size 1024K, 14 young (14336K), 14 survivors (14336K)
 Metaspace       used 96838K, capacity 100841K, committed 101036K, reserved 1136640K
  class space    used 13148K, capacity 14723K, committed 14796K, reserved 1048576K
}
Event: 8.604 GC heap before
{Heap before GC invocations=15 (full 0):
 garbage-first heap   total 282624K, used 153285K [0x0000000080000000, 0x0000000100000000)
  region size 1024K, 18 young (18432K), 14 survivors (14336K)
 Metaspace       used 96964K, capacity 100951K, committed 101036K, reserved 1136640K
  class space    used 13171K, capacity 14760K, committed 14796K, reserved 1048576K
}
Event: 8.617 GC heap after
{Heap after GC invocations=16 (full 0):
 garbage-first heap   total 282624K, used 154888K [0x0000000080000000, 0x0000000100000000)
  region size 1024K, 3 young (3072K), 3 survivors (3072K)
 Metaspace       used 96964K, capacity 100951K, committed 101036K, reserved 1136640K
  class space    used 13171K, capacity 14760K, committed 14796K, reserved 1048576K
}
Event: 8.803 GC heap before
{Heap before GC invocations=16 (full 0):
 garbage-first heap   total 282624K, used 198920K [0x0000000080000000, 0x0000000100000000)
  region size 1024K, 47 young (48128K), 3 survivors (3072K)
 Metaspace       used 96666K, capacity 99838K, committed 102288K, reserved 1136640K
  class space    used 12938K, capacity 14187K, committed 15024K, reserved 1048576K
}
Event: 8.810 GC heap after
{Heap after GC invocations=17 (full 0):
 garbage-first heap   total 282624K, used 161356K [0x0000000080000000, 0x0000000100000000)
  region size 1024K, 6 young (6144K), 6 survivors (6144K)
 Metaspace       used 96666K, capacity 99838K, committed 102288K, reserved 1136640K
  class space    used 12938K, capacity 14187K, committed 15024K, reserved 1048576K
}
Event: 8.910 GC heap before
{Heap before GC invocations=18 (full 0):
 garbage-first heap   total 282624K, used 206412K [0x0000000080000000, 0x0000000100000000)
  region size 1024K, 51 young (52224K), 6 survivors (6144K)
 Metaspace       used 96749K, capacity 100001K, committed 102416K, reserved 1136640K
  class space    used 12941K, capacity 14219K, committed 15152K, reserved 1048576K
}
Event: 8.932 GC heap after
{Heap after GC invocations=19 (full 0):
 garbage-first heap   total 282624K, used 172955K [0x0000000080000000, 0x0000000100000000)
  region size 1024K, 7 young (7168K), 7 survivors (7168K)
 Metaspace       used 96749K, capacity 100001K, committed 102416K, reserved 1136640K
  class space    used 12941K, capacity 14219K, committed 15152K, reserved 1048576K
}
Event: 9.091 GC heap before
{Heap before GC invocations=19 (full 0):
 garbage-first heap   total 282624K, used 212891K [0x0000000080000000, 0x0000000100000000)
  region size 1024K, 47 young (48128K), 7 survivors (7168K)
 Metaspace       used 95950K, capacity 98651K, committed 102672K, reserved 1136640K
  class space    used 12613K, capacity 13629K, committed 15152K, reserved 1048576K
}
Event: 9.103 GC heap after
{Heap after GC invocations=20 (full 0):
 garbage-first heap   total 339968K, used 184320K [0x0000000080000000, 0x0000000100000000)
  region size 1024K, 6 young (6144K), 6 survivors (6144K)
 Metaspace       used 95950K, capacity 98651K, committed 102672K, reserved 1136640K
  class space    used 12613K, capacity 13629K, committed 15152K, reserved 1048576K
}
Event: 9.240 GC heap before
{Heap before GC invocations=21 (full 0):
 garbage-first heap   total 339968K, used 245760K [0x0000000080000000, 0x0000000100000000)
  region size 1024K, 67 young (68608K), 6 survivors (6144K)
 Metaspace       used 96077K, capacity 98796K, committed 102672K, reserved 1136640K
  class space    used 12614K, capacity 13630K, committed 15152K, reserved 1048576K
}
Event: 9.257 GC heap after
{Heap after GC invocations=22 (full 0):
 garbage-first heap   total 339968K, used 207872K [0x0000000080000000, 0x0000000100000000)
  region size 1024K, 9 young (9216K), 9 survivors (9216K)
 Metaspace       used 96077K, capacity 98796K, committed 102672K, reserved 1136640K
  class space    used 12614K, capacity 13630K, committed 15152K, reserved 1048576K
}
Event: 9.391 GC heap before
{Heap before GC invocations=22 (full 0):
 garbage-first heap   total 339968K, used 257024K [0x0000000080000000, 0x0000000100000000)
  region size 1024K, 58 young (59392K), 9 survivors (9216K)
 Metaspace       used 96480K, capacity 99219K, committed 103184K, reserved 1136640K
  class space    used 12634K, capacity 13680K, committed 15152K, reserved 1048576K
}
Event: 9.409 GC heap after
{Heap after GC invocations=23 (full 0):
 garbage-first heap   total 339968K, used 226646K [0x0000000080000000, 0x0000000100000000)
  region size 1024K, 8 young (8192K), 8 survivors (8192K)
 Metaspace       used 96480K, capacity 99219K, committed 103184K, reserved 1136640K
  class space    used 12634K, capacity 13680K, committed 15152K, reserved 1048576K
}
Event: 9.623 GC heap before
{Heap before GC invocations=23 (full 0):
 garbage-first heap   total 339968K, used 253270K [0x0000000080000000, 0x0000000100000000)
  region size 1024K, 48 young (49152K), 8 survivors (8192K)
 Metaspace       used 96940K, capacity 99749K, committed 103440K, reserved 1138688K
  class space    used 12685K, capacity 13759K, committed 15152K, reserved 1048576K
}
Event: 9.636 GC heap after
{Heap after GC invocations=24 (full 0):
 garbage-first heap   total 339968K, used 220524K [0x0000000080000000, 0x0000000100000000)
  region size 1024K, 6 young (6144K), 6 survivors (6144K)
 Metaspace       used 96940K, capacity 99749K, committed 103440K, reserved 1138688K
  class space    used 12685K, capacity 13759K, committed 15152K, reserved 1048576K
}
Event: 9.735 GC heap before
{Heap before GC invocations=25 (full 0):
 garbage-first heap   total 339968K, used 265580K [0x0000000080000000, 0x0000000100000000)
  region size 1024K, 51 young (52224K), 6 survivors (6144K)
 Metaspace       used 97059K, capacity 99898K, committed 103440K, reserved 1138688K
  class space    used 12691K, capacity 13764K, committed 15152K, reserved 1048576K
}

Deoptimization events (20 events):
Event: 9.728 Thread 0x0000019fd6acb000 DEOPT PACKING pc=0x0000019fbba5904e sp=0x00000084fedfd800
Event: 9.728 Thread 0x0000019fd6acb000 DEOPT UNPACKING pc=0x0000019fb9f876ce sp=0x00000084fedfcec0 mode 0
Event: 9.729 Thread 0x0000019fdca1c800 DEOPT PACKING pc=0x0000019fbba5904e sp=0x00000084ff0fd630
Event: 9.729 Thread 0x0000019fdca1c800 DEOPT UNPACKING pc=0x0000019fb9f876ce sp=0x00000084ff0fccf0 mode 0
Event: 9.730 Thread 0x0000019fd6aca800 DEOPT PACKING pc=0x0000019fbb869d04 sp=0x00000084fecff330
Event: 9.730 Thread 0x0000019fd6aca800 DEOPT UNPACKING pc=0x0000019fb9f876ce sp=0x00000084fecfe8f0 mode 0
Event: 9.730 Thread 0x0000019fd6acc800 DEOPT PACKING pc=0x0000019fbba5904e sp=0x00000084feffd3c0
Event: 9.730 Thread 0x0000019fd6acc800 DEOPT UNPACKING pc=0x0000019fb9f876ce sp=0x00000084feffca80 mode 0
Event: 9.731 Thread 0x0000019fdca1f000 Uncommon trap: trap_request=0xffffffbe fr.pc=0x0000019fc20f1b18 relative=0x00000000000009d8
Event: 9.731 Thread 0x0000019fdca1f000 Uncommon trap: reason=profile_predicate action=maybe_recompile pc=0x0000019fc20f1b18 method=com.android.tools.r8.internal.i8.a(Ljava/util/Iterator;Ljava/util/Iterator;Lcom/android/tools/r8/internal/EE$a;)I @ 5 c2
Event: 9.731 Thread 0x0000019fdca1f000 DEOPT PACKING pc=0x0000019fc20f1b18 sp=0x00000084ff5fc7e0
Event: 9.731 Thread 0x0000019fdca1f000 DEOPT UNPACKING pc=0x0000019fb9f878af sp=0x00000084ff5fc798 mode 2
Event: 9.731 Thread 0x0000019fdca1f000 Uncommon trap: trap_request=0xffffffbe fr.pc=0x0000019fc20f1b18 relative=0x00000000000009d8
Event: 9.731 Thread 0x0000019fdca1f000 Uncommon trap: reason=profile_predicate action=maybe_recompile pc=0x0000019fc20f1b18 method=com.android.tools.r8.internal.i8.a(Ljava/util/Iterator;Ljava/util/Iterator;Lcom/android/tools/r8/internal/EE$a;)I @ 5 c2
Event: 9.731 Thread 0x0000019fdca1f000 DEOPT PACKING pc=0x0000019fc20f1b18 sp=0x00000084ff5fc490
Event: 9.731 Thread 0x0000019fdca1f000 DEOPT UNPACKING pc=0x0000019fb9f878af sp=0x00000084ff5fc448 mode 2
Event: 9.732 Thread 0x0000019fdca1c000 DEOPT PACKING pc=0x0000019fbba5904e sp=0x00000084ff4fd3c0
Event: 9.732 Thread 0x0000019fdca1c000 DEOPT UNPACKING pc=0x0000019fb9f876ce sp=0x00000084ff4fca80 mode 0
Event: 9.733 Thread 0x0000019fdca1c000 DEOPT PACKING pc=0x0000019fbba5904e sp=0x00000084ff4fd3c0
Event: 9.733 Thread 0x0000019fdca1c000 DEOPT UNPACKING pc=0x0000019fb9f876ce sp=0x00000084ff4fca80 mode 0

Classes redefined (0 events):
No events

Internal exceptions (20 events):
Event: 9.183 Thread 0x0000019fd6acb000 Exception <a 'sun/nio/fs/WindowsException'{0x0000000092ce8890}> (0x0000000092ce8890) thrown at [./src/hotspot/share/prims/jni.cpp, line 615]
Event: 9.188 Thread 0x0000019fd6ac6000 Exception <a 'sun/nio/fs/WindowsException'{0x00000000929c9aa8}> (0x00000000929c9aa8) thrown at [./src/hotspot/share/prims/jni.cpp, line 615]
Event: 9.190 Thread 0x0000019fd6ac6000 Exception <a 'sun/nio/fs/WindowsException'{0x00000000929d22f8}> (0x00000000929d22f8) thrown at [./src/hotspot/share/prims/jni.cpp, line 615]
Event: 9.193 Thread 0x0000019fd6ac6000 Exception <a 'sun/nio/fs/WindowsException'{0x0000000092653228}> (0x0000000092653228) thrown at [./src/hotspot/share/prims/jni.cpp, line 615]
Event: 9.196 Thread 0x0000019fd6ac6000 Exception <a 'sun/nio/fs/WindowsException'{0x000000009265bfe0}> (0x000000009265bfe0) thrown at [./src/hotspot/share/prims/jni.cpp, line 615]
Event: 9.203 Thread 0x0000019fd6ac6000 Exception <a 'sun/nio/fs/WindowsException'{0x000000009224beb0}> (0x000000009224beb0) thrown at [./src/hotspot/share/prims/jni.cpp, line 615]
Event: 9.209 Thread 0x0000019fd6ac6000 Exception <a 'sun/nio/fs/WindowsException'{0x0000000092252608}> (0x0000000092252608) thrown at [./src/hotspot/share/prims/jni.cpp, line 615]
Event: 9.508 Thread 0x0000019fdca18000 Exception <a 'java/lang/IncompatibleClassChangeError'{0x00000000932587b0}: Found class java.lang.Object, but interface was expected> (0x00000000932587b0) thrown at [./src/hotspot/share/interpreter/linkResolver.cpp, line 839]
Event: 9.713 Thread 0x0000019fd6acc800 Exception <a 'sun/nio/fs/WindowsException'{0x0000000093328ec8}> (0x0000000093328ec8) thrown at [./src/hotspot/share/prims/jni.cpp, line 615]
Event: 9.723 Thread 0x0000019fd6ac6000 Exception <a 'sun/nio/fs/WindowsException'{0x0000000094209df8}> (0x0000000094209df8) thrown at [./src/hotspot/share/prims/jni.cpp, line 615]
Event: 9.724 Thread 0x0000019fd6ac7000 Exception <a 'sun/nio/fs/WindowsException'{0x00000000943f77a8}> (0x00000000943f77a8) thrown at [./src/hotspot/share/prims/jni.cpp, line 615]
Event: 9.724 Thread 0x0000019fdca1f000 Exception <a 'sun/nio/fs/WindowsException'{0x00000000928384f8}> (0x00000000928384f8) thrown at [./src/hotspot/share/prims/jni.cpp, line 615]
Event: 9.726 Thread 0x0000019fdca1c800 Exception <a 'sun/nio/fs/WindowsException'{0x000000009274b638}> (0x000000009274b638) thrown at [./src/hotspot/share/prims/jni.cpp, line 615]
Event: 9.726 Thread 0x0000019fd6acb000 Exception <a 'sun/nio/fs/WindowsException'{0x000000009275e760}> (0x000000009275e760) thrown at [./src/hotspot/share/prims/jni.cpp, line 615]
Event: 9.727 Thread 0x0000019fdca1c000 Exception <a 'sun/nio/fs/WindowsException'{0x000000009492a9d8}> (0x000000009492a9d8) thrown at [./src/hotspot/share/prims/jni.cpp, line 615]
Event: 9.728 Thread 0x0000019fdca1d800 Exception <a 'sun/nio/fs/WindowsException'{0x0000000091d04f38}> (0x0000000091d04f38) thrown at [./src/hotspot/share/prims/jni.cpp, line 615]
Event: 9.729 Thread 0x0000019fd6ac7000 Exception <a 'sun/nio/fs/WindowsException'{0x000000009259e790}> (0x000000009259e790) thrown at [./src/hotspot/share/prims/jni.cpp, line 615]
Event: 9.731 Thread 0x0000019fd6ac6000 Exception <a 'sun/nio/fs/WindowsException'{0x0000000092651ad8}> (0x0000000092651ad8) thrown at [./src/hotspot/share/prims/jni.cpp, line 615]
Event: 9.732 Thread 0x0000019fdca1f000 Exception <a 'sun/nio/fs/WindowsException'{0x0000000091b81b58}> (0x0000000091b81b58) thrown at [./src/hotspot/share/prims/jni.cpp, line 615]
Event: 9.734 Thread 0x0000019fdca1d800 Exception <a 'sun/nio/fs/WindowsException'{0x00000000919610e0}> (0x00000000919610e0) thrown at [./src/hotspot/share/prims/jni.cpp, line 615]

Events (20 events):
Event: 9.713 loading class com/android/tools/r8/graph/d0 done
Event: 9.713 loading class com/android/tools/r8/graph/v0
Event: 9.713 loading class com/android/tools/r8/graph/v0 done
Event: 9.713 loading class com/android/tools/r8/graph/v0
Event: 9.713 loading class com/android/tools/r8/graph/v0 done
Event: 9.713 loading class com/android/tools/r8/graph/v0
Event: 9.713 loading class com/android/tools/r8/graph/v0 done
Event: 9.713 loading class com/android/tools/r8/shaking/A0$b
Event: 9.713 loading class com/android/tools/r8/shaking/A0$b done
Event: 9.713 loading class com/android/tools/r8/graph/X
Event: 9.713 loading class com/android/tools/r8/graph/X done
Event: 9.713 loading class com/android/tools/r8/shaking/A0$b
Event: 9.713 loading class com/android/tools/r8/shaking/A0$b done
Event: 9.714 loading class com/android/tools/r8/graph/v0
Event: 9.714 loading class com/android/tools/r8/graph/v0 done
Event: 9.714 loading class com/android/tools/r8/graph/v0
Event: 9.714 loading class com/android/tools/r8/graph/v0 done
Event: 9.730 loading class org/gradle/api/specs/Spec
Event: 9.730 loading class org/gradle/api/specs/Spec done
Event: 9.735 Executing VM operation: G1CollectForAllocation


Dynamic libraries:
0x00007ff66c170000 - 0x00007ff66c17a000 	C:\Program Files\Android\Android Studio\jre\bin\java.exe
0x00007ffdfaf20000 - 0x00007ffdfb127000 	C:\WINDOWS\SYSTEM32\ntdll.dll
0x00007ffdf9eb0000 - 0x00007ffdf9f6d000 	C:\WINDOWS\System32\KERNEL32.DLL
0x00007ffdf8660000 - 0x00007ffdf89d4000 	C:\WINDOWS\System32\KERNELBASE.dll
0x00007ffdf8540000 - 0x00007ffdf8651000 	C:\WINDOWS\System32\ucrtbase.dll
0x00007ffdf3d60000 - 0x00007ffdf3d77000 	C:\Program Files\Android\Android Studio\jre\bin\VCRUNTIME140.dll
0x00007ffdecb20000 - 0x00007ffdecb39000 	C:\Program Files\Android\Android Studio\jre\bin\jli.dll
0x00007ffdf9460000 - 0x00007ffdf960c000 	C:\WINDOWS\System32\USER32.dll
0x00007ffde6250000 - 0x00007ffde64f5000 	C:\WINDOWS\WinSxS\amd64_microsoft.windows.common-controls_6595b64144ccf1df_6.0.22000.120_none_9d947278b86cc467\COMCTL32.dll
0x00007ffdf8d90000 - 0x00007ffdf8db6000 	C:\WINDOWS\System32\win32u.dll
0x00007ffdf9c10000 - 0x00007ffdf9cb3000 	C:\WINDOWS\System32\msvcrt.dll
0x00007ffdfa490000 - 0x00007ffdfa4b9000 	C:\WINDOWS\System32\GDI32.dll
0x00007ffdf8bf0000 - 0x00007ffdf8d02000 	C:\WINDOWS\System32\gdi32full.dll
0x00007ffdf89e0000 - 0x00007ffdf8a7d000 	C:\WINDOWS\System32\msvcp_win.dll
0x00007ffdf9cc0000 - 0x00007ffdf9cf1000 	C:\WINDOWS\System32\IMM32.DLL
0x00007ffdd7c60000 - 0x00007ffdd7cfd000 	C:\Program Files\Android\Android Studio\jre\bin\msvcp140.dll
0x00007ffd9df80000 - 0x00007ffd9ea4f000 	C:\Program Files\Android\Android Studio\jre\bin\server\jvm.dll
0x00007ffdf9d00000 - 0x00007ffdf9dae000 	C:\WINDOWS\System32\ADVAPI32.dll
0x00007ffdf93c0000 - 0x00007ffdf945e000 	C:\WINDOWS\System32\sechost.dll
0x00007ffdfadc0000 - 0x00007ffdfaee0000 	C:\WINDOWS\System32\RPCRT4.dll
0x00007ffdfa470000 - 0x00007ffdfa478000 	C:\WINDOWS\System32\PSAPI.DLL
0x00007ffdf2c30000 - 0x00007ffdf2c39000 	C:\WINDOWS\SYSTEM32\WSOCK32.dll
0x00007ffde82c0000 - 0x00007ffde82f3000 	C:\WINDOWS\SYSTEM32\WINMM.dll
0x00007ffdf2b60000 - 0x00007ffdf2b6a000 	C:\WINDOWS\SYSTEM32\VERSION.dll
0x00007ffdf8ec0000 - 0x00007ffdf8f2f000 	C:\WINDOWS\System32\WS2_32.dll
0x00007ffdf7600000 - 0x00007ffdf7618000 	C:\WINDOWS\SYSTEM32\kernel.appcore.dll
0x00007ffde9410000 - 0x00007ffde9421000 	C:\Program Files\Android\Android Studio\jre\bin\verify.dll
0x00007ffde5230000 - 0x00007ffde5451000 	C:\WINDOWS\SYSTEM32\DBGHELP.DLL
0x00007ffde2770000 - 0x00007ffde27a1000 	C:\WINDOWS\SYSTEM32\dbgcore.DLL
0x00007ffdf8d10000 - 0x00007ffdf8d8f000 	C:\WINDOWS\System32\bcryptPrimitives.dll
0x00007ffde1f90000 - 0x00007ffde1fb9000 	C:\Program Files\Android\Android Studio\jre\bin\java.dll
0x00007ffdec8c0000 - 0x00007ffdec8cb000 	C:\Program Files\Android\Android Studio\jre\bin\jimage.dll
0x00007ffde1ff0000 - 0x00007ffde2008000 	C:\Program Files\Android\Android Studio\jre\bin\zip.dll
0x00007ffdfa610000 - 0x00007ffdfadbe000 	C:\WINDOWS\System32\SHELL32.dll
0x00007ffdf6590000 - 0x00007ffdf6df7000 	C:\WINDOWS\SYSTEM32\windows.storage.dll
0x00007ffdf8f90000 - 0x00007ffdf9308000 	C:\WINDOWS\System32\combase.dll
0x00007ffdf6420000 - 0x00007ffdf6586000 	C:\WINDOWS\SYSTEM32\wintypes.dll
0x00007ffdfa4c0000 - 0x00007ffdfa5aa000 	C:\WINDOWS\System32\SHCORE.dll
0x00007ffdfa1b0000 - 0x00007ffdfa20d000 	C:\WINDOWS\System32\shlwapi.dll
0x00007ffdf8340000 - 0x00007ffdf8361000 	C:\WINDOWS\SYSTEM32\profapi.dll
0x00007ffde1ae0000 - 0x00007ffde1afa000 	C:\Program Files\Android\Android Studio\jre\bin\net.dll
0x00007ffdf2860000 - 0x00007ffdf296c000 	C:\WINDOWS\SYSTEM32\WINHTTP.dll
0x00007ffdf7a30000 - 0x00007ffdf7a97000 	C:\WINDOWS\system32\mswsock.dll
0x00007ffde1200000 - 0x00007ffde1214000 	C:\Program Files\Android\Android Studio\jre\bin\nio.dll
0x00007ffdf3ff0000 - 0x00007ffdf4017000 	D:\aa\native\8bec1ad78214c89d9ad589b4d07fe93259594b29d510b10fafb7a158f7737e5d\windows-amd64\native-platform.dll
0x00007ffdd7840000 - 0x00007ffdd797d000 	D:\aa\native\53dbd7edfb1c66fb8903c78663c9afc45aea4f116125fa6feffd364cf09443e8\windows-amd64\native-platform-file-events.dll
0x00007ffde1ad0000 - 0x00007ffde1ada000 	C:\Program Files\Android\Android Studio\jre\bin\management.dll
0x00007ffde1360000 - 0x00007ffde136c000 	C:\Program Files\Android\Android Studio\jre\bin\management_ext.dll
0x00007ffdf7c70000 - 0x00007ffdf7c88000 	C:\WINDOWS\SYSTEM32\CRYPTSP.dll
0x00007ffdf7560000 - 0x00007ffdf7595000 	C:\WINDOWS\system32\rsaenh.dll
0x00007ffdf7b20000 - 0x00007ffdf7b49000 	C:\WINDOWS\SYSTEM32\USERENV.dll
0x00007ffdf7df0000 - 0x00007ffdf7e17000 	C:\WINDOWS\SYSTEM32\bcrypt.dll
0x00007ffdf7c90000 - 0x00007ffdf7c9c000 	C:\WINDOWS\SYSTEM32\CRYPTBASE.dll
0x00007ffdf7130000 - 0x00007ffdf715d000 	C:\WINDOWS\SYSTEM32\IPHLPAPI.DLL
0x00007ffdf9db0000 - 0x00007ffdf9db9000 	C:\WINDOWS\System32\NSI.dll
0x00007ffdf2980000 - 0x00007ffdf2999000 	C:\WINDOWS\SYSTEM32\dhcpcsvc6.DLL
0x00007ffdf2c90000 - 0x00007ffdf2cae000 	C:\WINDOWS\SYSTEM32\dhcpcsvc.DLL
0x00007ffdf7160000 - 0x00007ffdf7247000 	C:\WINDOWS\SYSTEM32\DNSAPI.dll

dbghelp: loaded successfully - version: 4.0.5 - missing functions: none
symbol engine: initialized successfully - sym options: 0x614 - pdb path: .;C:\Program Files\Android\Android Studio\jre\bin;C:\WINDOWS\SYSTEM32;C:\WINDOWS\WinSxS\amd64_microsoft.windows.common-controls_6595b64144ccf1df_6.0.22000.120_none_9d947278b86cc467;C:\Program Files\Android\Android Studio\jre\bin\server;D:\aa\native\8bec1ad78214c89d9ad589b4d07fe93259594b29d510b10fafb7a158f7737e5d\windows-amd64;D:\aa\native\53dbd7edfb1c66fb8903c78663c9afc45aea4f116125fa6feffd364cf09443e8\windows-amd64

VM Arguments:
jvm_args: --add-opens=java.base/java.util=ALL-UNNAMED --add-opens=java.base/java.lang=ALL-UNNAMED --add-opens=java.base/java.lang.invoke=ALL-UNNAMED --add-opens=java.base/java.util=ALL-UNNAMED --add-opens=java.prefs/java.util.prefs=ALL-UNNAMED --add-opens=java.prefs/java.util.prefs=ALL-UNNAMED --add-opens=java.base/java.nio.charset=ALL-UNNAMED --add-opens=java.base/java.net=ALL-UNNAMED --add-opens=java.base/java.util.concurrent.atomic=ALL-UNNAMED -Xmx2048m -Dfile.encoding=UTF-8 -Duser.country=IN -Duser.language=en -Duser.variant 
java_command: org.gradle.launcher.daemon.bootstrap.GradleDaemon 7.0.2
java_class_path (initial): D:\aa\wrapper\dists\gradle-7.0.2-bin\857tjihv64xamwrf0h14cai3r\gradle-7.0.2\lib\gradle-launcher-7.0.2.jar
Launcher Type: SUN_STANDARD

[Global flags]
     intx CICompilerCount                          = 4                                         {product} {ergonomic}
     uint ConcGCThreads                            = 3                                         {product} {ergonomic}
     uint G1ConcRefinementThreads                  = 10                                        {product} {ergonomic}
   size_t G1HeapRegionSize                         = 1048576                                   {product} {ergonomic}
    uintx GCDrainStackTargetSize                   = 64                                        {product} {ergonomic}
   size_t InitialHeapSize                          = 266338304                                 {product} {ergonomic}
   size_t MarkStackSize                            = 4194304                                   {product} {ergonomic}
   size_t MaxHeapSize                              = 2147483648                                {product} {command line}
   size_t MaxNewSize                               = 1287651328                                {product} {ergonomic}
   size_t MinHeapDeltaBytes                        = 1048576                                   {product} {ergonomic}
    uintx NonNMethodCodeHeapSize                   = 5836300                                {pd product} {ergonomic}
    uintx NonProfiledCodeHeapSize                  = 122910970                              {pd product} {ergonomic}
    uintx ProfiledCodeHeapSize                     = 122910970                              {pd product} {ergonomic}
    uintx ReservedCodeCacheSize                    = 251658240                              {pd product} {ergonomic}
     bool SegmentedCodeCache                       = true                                      {product} {ergonomic}
     bool UseCompressedClassPointers               = true                                 {lp64_product} {ergonomic}
     bool UseCompressedOops                        = true                                 {lp64_product} {ergonomic}
     bool UseG1GC                                  = true                                      {product} {ergonomic}
     bool UseLargePagesIndividualAllocation        = false                                  {pd product} {ergonomic}

Logging:
Log output configuration:
 #0: stdout all=warning uptime,level,tags
 #1: stderr all=off uptime,level,tags

Environment Variables:
JAVA_HOME=C:\Program Files\Java\jdk-15.0.2
PATH=C:\MinGW;C:\MinGW\bin;C:\Program Files\Java\jdk-15.0.2\bin;C:\Program Files\Common Files\Oracle\Java\javapath;C:\Windows\system32;C:\Windows;C:\Windows\System32\Wbem;C:\Windows\System32\WindowsPowerShell\v1.0\;C:\Windows\System32\OpenSSH\;C:\Program Files (x86)\NVIDIA Corporation\PhysX\Common;C:\Program Files\NVIDIA Corporation\NVIDIA NvDLISR;C:\WINDOWS\system32;C:\WINDOWS;C:\WINDOWS\System32\Wbem;C:\WINDOWS\System32\WindowsPowerShell\v1.0\;C:\WINDOWS\System32\OpenSSH\;C:\Program Files\Git\cmd;C:\Program Files\dotnet\;C:\Users\Deepak\Desktop\gradle1\gradle-7.0.1\bin;C:\Users\Deepak\Desktop\gradle1\gradle-7.0.1;C:\Program Files\nodejs;C:\Program Files\Google\Google Apps Sync\;C:\Program Files\Google\Google Apps Migration\;C:\Program Files\Microsoft SQL Server\150\Tools\Binn\;C:\Program Files\Microsoft SQL Server\Client SDK\ODBC\170\Tools\Binn\;C:\Users\Deepak\anaconda3;C:\Users\Deepak\anaconda3\Library\mingw-w64\bin;C:\Users\Deepak\anaconda3\Library\usr\bin;C:\Users\Deepak\anaconda3\Library\bin;C:\Users\Deepak\anaconda3\Scripts;C:\Program Files\MySQL\MySQL Shell 8.0\bin\;C:\src\flutter\flutter\bin;C:\Users\Deepak\AppData\Local\Programs\Python\Python39\Scripts\;C:\Users\Deepak\AppData\Local\Programs\Python\Python39\;C:\Program Files\Java\jdk-15.0.2\bin;C:\Program Files\JetBrains\IntelliJ IDEA 2020.3.2\bin;;C:\Users\Deepak\AppData\Local\Microsoft\WindowsApps;C:\Users\Deepak\AppData\Local\Programs\Microsoft VS Code\bin;C:\Users\Deepak\AppData\Local\Programs\radare2\bin;C:\Modeltech_eval_6.2c\win32;C:\Modeltech_6.2c\win32;C:\Program Files\JetBrains\IntelliJ IDEA Community Edition 2021.1.2\bin;;C:\Program Files\JetBrains\PyCharm Community Edition 2021.1.2\bin;;C:\Users\Deepak\AppData\Roaming\npm;C:\Users\Deepak\AppData\Local\GitHubDesktop\bin;C:\Users\Deepak\.dotnet\tools
USERNAME=Deepak
OS=Windows_NT
PROCESSOR_IDENTIFIER=Intel64 Family 6 Model 158 Stepping 10, GenuineIntel



---------------  S Y S T E M  ---------------

OS: Windows 10 , 64 bit Build 22000 (10.0.22000.434)
OS uptime: 0 days 19:53 hours

CPU:total 12 (initial active 12) (6 cores per cpu, 2 threads per core) family 6 model 158 stepping 10 microcode 0xde, cmov, cx8, fxsr, mmx, sse, sse2, sse3, ssse3, sse4.1, sse4.2, popcnt, avx, avx2, aes, clmul, erms, 3dnowpref, lzcnt, ht, tsc, tscinvbit, bmi1, bmi2, adx, fma

Memory: 4k page, system-wide physical 16225M (2181M free)
TotalPageFile size 16225M (AvailPageFile size 49M)
current process WorkingSet (physical memory assigned to process): 643M, peak: 645M
current process commit charge ("private bytes"): 687M, peak: 802M

vm_info: OpenJDK 64-Bit Server VM (11.0.10+0-b96-7249189) for windows-amd64 JRE (11.0.10+0-b96-7249189), built on Mar 31 2021 21:44:00 by "builder" with MS VC++ 14.0 (VS2015)

END.
