#
# There is insufficient memory for the Java Runtime Environment to continue.
# Native memory allocation (mmap) failed to map 53477376 bytes for Failed to commit area from 0x000000008fe00000 to 0x0000000093100000 of length 53477376.
# Possible reasons:
#   The system is out of physical RAM or swap space
#   The process is running with CompressedOops enabled, and the Java Heap may be blocking the growth of the native heap
# Possible solutions:
#   Reduce memory load on the system
#   Increase physical memory or swap space
#   Check if swap backing store is full
#   Decrease Java heap size (-Xmx/-Xms)
#   Decrease number of Java threads
#   Decrease Java thread stack sizes (-Xss)
#   Set larger code cache with -XX:ReservedCodeCacheSize=
#   JVM is running with Unscaled Compressed Oops mode in which the Java heap is
#     placed in the first 4GB address space. The Java Heap base address is the
#     maximum limit for the native heap growth. Please use -XX:HeapBaseMinAddress
#     to set the Java Heap base and to place the Java Heap above 4GB virtual address.
# This output file may be truncated or incomplete.
#
#  Out of Memory Error (./src/hotspot/os/windows/os_windows.cpp:3301), pid=14288, tid=13968
#
# JRE version: OpenJDK Runtime Environment (11.0.10) (build 11.0.10+0-b96-7249189)
# Java VM: OpenJDK 64-Bit Server VM (11.0.10+0-b96-7249189, mixed mode, tiered, compressed oops, g1 gc, windows-amd64)
# No core dump will be written. Minidumps are not enabled by default on client versions of Windows
#

---------------  S U M M A R Y ------------

Command Line: --add-opens=java.base/java.util=ALL-UNNAMED --add-opens=java.base/java.lang=ALL-UNNAMED --add-opens=java.base/java.lang.invoke=ALL-UNNAMED --add-opens=java.base/java.util=ALL-UNNAMED --add-opens=java.prefs/java.util.prefs=ALL-UNNAMED --add-opens=java.prefs/java.util.prefs=ALL-UNNAMED --add-opens=java.base/java.nio.charset=ALL-UNNAMED --add-opens=java.base/java.net=ALL-UNNAMED --add-opens=java.base/java.util.concurrent.atomic=ALL-UNNAMED -Xmx2048m -Dfile.encoding=UTF-8 -Duser.country=IN -Duser.language=en -Duser.variant org.gradle.launcher.daemon.bootstrap.GradleDaemon 7.0.2

Host: Intel(R) Core(TM) i7-9750H CPU @ 2.60GHz, 12 cores, 15G,  Windows 10 , 64 bit Build 22000 (10.0.22000.434)
Time: Wed Jan 26 17:33:39 2022 India Standard Time elapsed time: 8.704245 seconds (0d 0h 0m 8s)

---------------  T H R E A D  ---------------

Current thread (0x000001f800a3b800):  VMThread "VM Thread" [stack: 0x0000000ec8400000,0x0000000ec8500000] [id=13968]

Stack: [0x0000000ec8400000,0x0000000ec8500000]
[error occurred during error reporting (printing stack bounds), id 0xc0000005, EXCEPTION_ACCESS_VIOLATION (0xc0000005) at pc=0x000001f8692a0f2d]

Native frames: (J=compiled Java code, j=interpreted, Vv=VM code, C=native code)
V  [jvm.dll+0x5ecfaa]
V  [jvm.dll+0x722bd5]
V  [jvm.dll+0x72412d]
V  [jvm.dll+0x724745]
V  [jvm.dll+0x7246fb]
V  [jvm.dll+0x5ec348]
V  [jvm.dll+0x5ecad8]
C  [ntdll.dll+0xa82ff]
C  [ntdll.dll+0x35a0a]
C  [ntdll.dll+0xa730e]
C  0x000001f8692a0f2d

VM_Operation (0x0000000ecc1fd600): G1CollectForAllocation, mode: safepoint, requested by thread 0x000001f80623f000


---------------  P R O C E S S  ---------------

Threads class SMR info:
_java_thread_list=0x000001f808d20120, length=87, elements={
0x000001f8657af000, 0x000001f800a3d800, 0x000001f800a48800, 0x000001f800a9c800,
0x000001f800a9d800, 0x000001f800a9e800, 0x000001f800aaa000, 0x000001f800aae800,
0x000001f800ab4800, 0x000001f800c07800, 0x000001f802a81800, 0x000001f800c19800,
0x000001f800f78800, 0x000001f802ca1800, 0x000001f802ef6000, 0x000001f801c25000,
0x000001f80377a000, 0x000001f801fdd800, 0x000001f80376f000, 0x000001f80376f800,
0x000001f803770800, 0x000001f803772000, 0x000001f80376d000, 0x000001f80376e000,
0x000001f803773800, 0x000001f803773000, 0x000001f803771800, 0x000001f804400800,
0x000001f804401800, 0x000001f804461000, 0x000001f804402000, 0x000001f8043ff800,
0x000001f8043fd000, 0x000001f8043ff000, 0x000001f804403800, 0x000001f804406000,
0x000001f804407000, 0x000001f804405800, 0x000001f804408800, 0x000001f804409800,
0x000001f804408000, 0x000001f80440a000, 0x000001f804404800, 0x000001f80440b000,
0x000001f80440c000, 0x000001f806240000, 0x000001f80623e800, 0x000001f806241000,
0x000001f806243800, 0x000001f80623f000, 0x000001f806241800, 0x000001f806242800,
0x000001f80623d800, 0x000001f806246000, 0x000001f80624a000, 0x000001f806244000,
0x000001f806246800, 0x000001f80624a800, 0x000001f806247800, 0x000001f806248000,
0x000001f806245000, 0x000001f80624b800, 0x000001f80624c800, 0x000001f808f07800,
0x000001f808f06800, 0x000001f808f08000, 0x000001f808f03800, 0x000001f808f09000,
0x000001f808f0a000, 0x000001f808f04000, 0x000001f808f05000, 0x000001f808f05800,
0x000001f806922000, 0x000001f80691e800, 0x000001f806920000, 0x000001f806923800,
0x000001f806921000, 0x000001f806922800, 0x000001f806924800, 0x000001f806925000,
0x000001f80691f800, 0x000001f80692b800, 0x000001f806929000, 0x000001f80692b000,
0x000001f806926000, 0x000001f80692c800, 0x000001f806928800
}

Java Threads: ( => current thread )
  0x000001f8657af000 JavaThread "main" [_thread_blocked, id=18184, stack(0x0000000ec7e00000,0x0000000ec7f00000)]
  0x000001f800a3d800 JavaThread "Reference Handler" daemon [_thread_blocked, id=11180, stack(0x0000000ec8500000,0x0000000ec8600000)]
  0x000001f800a48800 JavaThread "Finalizer" daemon [_thread_blocked, id=16720, stack(0x0000000ec8600000,0x0000000ec8700000)]
  0x000001f800a9c800 JavaThread "Signal Dispatcher" daemon [_thread_blocked, id=13820, stack(0x0000000ec8700000,0x0000000ec8800000)]
  0x000001f800a9d800 JavaThread "Attach Listener" daemon [_thread_blocked, id=15736, stack(0x0000000ec8800000,0x0000000ec8900000)]
  0x000001f800a9e800 JavaThread "Service Thread" daemon [_thread_blocked, id=10128, stack(0x0000000ec8900000,0x0000000ec8a00000)]
  0x000001f800aaa000 JavaThread "C2 CompilerThread0" daemon [_thread_in_native, id=1064, stack(0x0000000ec8a00000,0x0000000ec8b00000)]
  0x000001f800aae800 JavaThread "C1 CompilerThread0" daemon [_thread_blocked, id=17168, stack(0x0000000ec8b00000,0x0000000ec8c00000)]
  0x000001f800ab4800 JavaThread "Sweeper thread" daemon [_thread_blocked, id=7480, stack(0x0000000ec8c00000,0x0000000ec8d00000)]
  0x000001f800c07800 JavaThread "Common-Cleaner" daemon [_thread_blocked, id=6088, stack(0x0000000ec8d00000,0x0000000ec8e00000)]
  0x000001f802a81800 JavaThread "Daemon health stats" [_thread_blocked, id=19348, stack(0x0000000ec9600000,0x0000000ec9700000)]
  0x000001f800c19800 JavaThread "C2 CompilerThread1" daemon [_thread_in_native, id=12932, stack(0x0000000ec8f00000,0x0000000ec9000000)]
  0x000001f800f78800 JavaThread "Incoming local TCP Connector on port 62946" [_thread_in_native, id=7988, stack(0x0000000ec9000000,0x0000000ec9100000)]
  0x000001f802ca1800 JavaThread "Daemon periodic checks" [_thread_blocked, id=7624, stack(0x0000000ec9700000,0x0000000ec9800000)]
  0x000001f802ef6000 JavaThread "Daemon" [_thread_blocked, id=15232, stack(0x0000000ec9800000,0x0000000ec9900000)]
  0x000001f801c25000 JavaThread "Handler for socket connection from /127.0.0.1:62946 to /127.0.0.1:62947" [_thread_in_native, id=16772, stack(0x0000000ec9900000,0x0000000ec9a00000)]
  0x000001f80377a000 JavaThread "Cancel handler" [_thread_blocked, id=14920, stack(0x0000000ec9a00000,0x0000000ec9b00000)]
  0x000001f801fdd800 JavaThread "Daemon worker" [_thread_blocked, id=16444, stack(0x0000000ec9b00000,0x0000000ec9c00000)]
  0x000001f80376f000 JavaThread "Asynchronous log dispatcher for DefaultDaemonConnection: socket connection from /127.0.0.1:62946 to /127.0.0.1:62947" [_thread_blocked, id=2068, stack(0x0000000ec9c00000,0x0000000ec9d00000)]
  0x000001f80376f800 JavaThread "Stdin handler" [_thread_blocked, id=10024, stack(0x0000000ec9d00000,0x0000000ec9e00000)]
  0x000001f803770800 JavaThread "Daemon client event forwarder" [_thread_blocked, id=18092, stack(0x0000000ec9e00000,0x0000000ec9f00000)]
  0x000001f803772000 JavaThread "Cache worker for file hash cache (D:\aa\caches\7.0.2\fileHashes)" [_thread_blocked, id=19244, stack(0x0000000ec9f00000,0x0000000eca000000)]
  0x000001f80376d000 JavaThread "File lock request listener" [_thread_in_native, id=13924, stack(0x0000000eca000000,0x0000000eca100000)]
  0x000001f80376e000 JavaThread "Cache worker for journal cache (D:\aa\caches\journal-1)" [_thread_blocked, id=17016, stack(0x0000000eca700000,0x0000000eca800000)]
  0x000001f803773800 JavaThread "Cache worker for file hash cache (D:\app_dev\QuizApp\.gradle\7.0.2\fileHashes)" [_thread_blocked, id=6032, stack(0x0000000eca800000,0x0000000eca900000)]
  0x000001f803773000 JavaThread "File watcher server" daemon [_thread_blocked, id=1344, stack(0x0000000eca900000,0x0000000ecaa00000)]
  0x000001f803771800 JavaThread "File watcher consumer" daemon [_thread_blocked, id=16392, stack(0x0000000ecaa00000,0x0000000ecab00000)]
  0x000001f804400800 JavaThread "Cache worker for checksums cache (D:\app_dev\QuizApp\.gradle\checksums)" [_thread_blocked, id=16168, stack(0x0000000ecab00000,0x0000000ecac00000)]
  0x000001f804401800 JavaThread "Cache worker for cache directory md-supplier (D:\aa\caches\7.0.2\md-supplier)" [_thread_blocked, id=4632, stack(0x0000000ecac00000,0x0000000ecad00000)]
  0x000001f804461000 JavaThread "C2 CompilerThread2" daemon [_thread_blocked, id=13756, stack(0x0000000ecad00000,0x0000000ecae00000)]
  0x000001f804402000 JavaThread "Cache worker for cache directory md-rule (D:\aa\caches\7.0.2\md-rule)" [_thread_blocked, id=6908, stack(0x0000000ecae00000,0x0000000ecaf00000)]
  0x000001f8043ff800 JavaThread "Cache worker for execution history cache (D:\aa\caches\7.0.2\executionHistory)" [_thread_blocked, id=17068, stack(0x0000000ecaf00000,0x0000000ecb000000)]
  0x000001f8043fd000 JavaThread "jar transforms" [_thread_blocked, id=7640, stack(0x0000000ecb000000,0x0000000ecb100000)]
  0x000001f8043ff000 JavaThread "jar transforms Thread 2" [_thread_blocked, id=12476, stack(0x0000000ecb100000,0x0000000ecb200000)]
  0x000001f804403800 JavaThread "Cache worker for file content cache (D:\aa\caches\7.0.2\fileContent)" [_thread_blocked, id=14480, stack(0x0000000ecb200000,0x0000000ecb300000)]
  0x000001f804406000 JavaThread "Cache worker for dependencies-accessors (D:\app_dev\QuizApp\.gradle\7.0.2\dependencies-accessors)" [_thread_blocked, id=3060, stack(0x0000000ecb300000,0x0000000ecb400000)]
  0x000001f804407000 JavaThread "jar transforms Thread 3" [_thread_blocked, id=5972, stack(0x0000000ecb400000,0x0000000ecb500000)]
  0x000001f804405800 JavaThread "Cache worker for Build Output Cleanup Cache (D:\app_dev\QuizApp\.gradle\buildOutputCleanup)" [_thread_blocked, id=17000, stack(0x0000000ecb500000,0x0000000ecb600000)]
  0x000001f804408800 JavaThread "Build operations" [_thread_blocked, id=16696, stack(0x0000000ecb600000,0x0000000ecb700000)]
  0x000001f804409800 JavaThread "Build operations Thread 2" [_thread_blocked, id=7348, stack(0x0000000ecb700000,0x0000000ecb800000)]
  0x000001f804408000 JavaThread "Build operations Thread 3" [_thread_blocked, id=12836, stack(0x0000000ecb800000,0x0000000ecb900000)]
  0x000001f80440a000 JavaThread "Build operations Thread 4" [_thread_blocked, id=14572, stack(0x0000000ecb900000,0x0000000ecba00000)]
  0x000001f804404800 JavaThread "Build operations Thread 5" [_thread_blocked, id=5484, stack(0x0000000ecba00000,0x0000000ecbb00000)]
  0x000001f80440b000 JavaThread "Build operations Thread 6" [_thread_blocked, id=9104, stack(0x0000000ecbb00000,0x0000000ecbc00000)]
  0x000001f80440c000 JavaThread "Build operations Thread 7" [_thread_blocked, id=3424, stack(0x0000000ecbc00000,0x0000000ecbd00000)]
  0x000001f806240000 JavaThread "Build operations Thread 8" [_thread_blocked, id=6976, stack(0x0000000ecbd00000,0x0000000ecbe00000)]
  0x000001f80623e800 JavaThread "Build operations Thread 9" [_thread_blocked, id=10112, stack(0x0000000ecbe00000,0x0000000ecbf00000)]
  0x000001f806241000 JavaThread "Build operations Thread 10" [_thread_blocked, id=12448, stack(0x0000000ecbf00000,0x0000000ecc000000)]
  0x000001f806243800 JavaThread "Build operations Thread 11" [_thread_blocked, id=4652, stack(0x0000000ecc000000,0x0000000ecc100000)]
  0x000001f80623f000 JavaThread "Build operations Thread 12" [_thread_blocked, id=2844, stack(0x0000000ecc100000,0x0000000ecc200000)]
  0x000001f806241800 JavaThread "jar transforms Thread 4" [_thread_blocked, id=18380, stack(0x0000000ecc200000,0x0000000ecc300000)]
  0x000001f806242800 JavaThread "jar transforms Thread 5" [_thread_blocked, id=16468, stack(0x0000000ecc300000,0x0000000ecc400000)]
  0x000001f80623d800 JavaThread "jar transforms Thread 6" [_thread_blocked, id=8636, stack(0x0000000ecc400000,0x0000000ecc500000)]
  0x000001f806246000 JavaThread "jar transforms Thread 7" [_thread_blocked, id=19356, stack(0x0000000ecc500000,0x0000000ecc600000)]
  0x000001f80624a000 JavaThread "jar transforms Thread 8" [_thread_blocked, id=15128, stack(0x0000000ecc600000,0x0000000ecc700000)]
  0x000001f806244000 JavaThread "jar transforms Thread 9" [_thread_blocked, id=4896, stack(0x0000000ecc700000,0x0000000ecc800000)]
  0x000001f806246800 JavaThread "jar transforms Thread 10" [_thread_blocked, id=2484, stack(0x0000000ecc800000,0x0000000ecc900000)]
  0x000001f80624a800 JavaThread "jar transforms Thread 11" [_thread_blocked, id=3680, stack(0x0000000ecc900000,0x0000000ecca00000)]
  0x000001f806247800 JavaThread "jar transforms Thread 12" [_thread_blocked, id=17880, stack(0x0000000ecca00000,0x0000000eccb00000)]
  0x000001f806248000 JavaThread "Memory manager" [_thread_blocked, id=2132, stack(0x0000000eccb00000,0x0000000eccc00000)]
  0x000001f806245000 JavaThread "build event listener" [_thread_blocked, id=11716, stack(0x0000000eccc00000,0x0000000eccd00000)]
  0x000001f80624b800 JavaThread "pool-3-thread-1" [_thread_blocked, id=6700, stack(0x0000000eccd00000,0x0000000ecce00000)]
  0x000001f80624c800 JavaThread "build event listener" [_thread_blocked, id=17772, stack(0x0000000ecce00000,0x0000000eccf00000)]
  0x000001f808f07800 JavaThread "Execution worker for ':'" [_thread_blocked, id=6016, stack(0x0000000eccf00000,0x0000000ecd000000)]
  0x000001f808f06800 JavaThread "Execution worker for ':' Thread 2" [_thread_blocked, id=5296, stack(0x0000000ecd000000,0x0000000ecd100000)]
  0x000001f808f08000 JavaThread "Execution worker for ':' Thread 3" [_thread_blocked, id=18552, stack(0x0000000ecd100000,0x0000000ecd200000)]
  0x000001f808f03800 JavaThread "Execution worker for ':' Thread 4" [_thread_blocked, id=8460, stack(0x0000000ecd200000,0x0000000ecd300000)]
  0x000001f808f09000 JavaThread "Execution worker for ':' Thread 5" [_thread_blocked, id=9504, stack(0x0000000ecd300000,0x0000000ecd400000)]
  0x000001f808f0a000 JavaThread "Execution worker for ':' Thread 6" [_thread_blocked, id=10108, stack(0x0000000ecd400000,0x0000000ecd500000)]
  0x000001f808f04000 JavaThread "Execution worker for ':' Thread 7" [_thread_blocked, id=7880, stack(0x0000000ecd500000,0x0000000ecd600000)]
  0x000001f808f05000 JavaThread "Execution worker for ':' Thread 8" [_thread_blocked, id=356, stack(0x0000000ecd600000,0x0000000ecd700000)]
  0x000001f808f05800 JavaThread "Execution worker for ':' Thread 9" [_thread_blocked, id=3076, stack(0x0000000ecd700000,0x0000000ecd800000)]
  0x000001f806922000 JavaThread "Execution worker for ':' Thread 10" [_thread_blocked, id=6504, stack(0x0000000ecd800000,0x0000000ecd900000)]
  0x000001f80691e800 JavaThread "Execution worker for ':' Thread 11" [_thread_blocked, id=16320, stack(0x0000000ecd900000,0x0000000ecda00000)]
  0x000001f806920000 JavaThread "Cache worker for execution history cache (D:\app_dev\QuizApp\.gradle\7.0.2\executionHistory)" [_thread_blocked, id=7180, stack(0x0000000ecda00000,0x0000000ecdb00000)]
  0x000001f806923800 JavaThread "WorkerExecutor Queue" [_thread_blocked, id=6560, stack(0x0000000ecdb00000,0x0000000ecdc00000)]
  0x000001f806921000 JavaThread "WorkerExecutor Queue Thread 2" [_thread_blocked, id=8952, stack(0x0000000ecdc00000,0x0000000ecdd00000)]
  0x000001f806922800 JavaThread "WorkerExecutor Queue Thread 3" [_thread_blocked, id=18712, stack(0x0000000ecdd00000,0x0000000ecde00000)]
  0x000001f806924800 JavaThread "WorkerExecutor Queue Thread 4" [_thread_blocked, id=15900, stack(0x0000000ecde00000,0x0000000ecdf00000)]
  0x000001f806925000 JavaThread "WorkerExecutor Queue Thread 5" [_thread_blocked, id=11208, stack(0x0000000ecdf00000,0x0000000ece000000)]
  0x000001f80691f800 JavaThread "WorkerExecutor Queue Thread 6" [_thread_blocked, id=13244, stack(0x0000000ece000000,0x0000000ece100000)]
  0x000001f80692b800 JavaThread "WorkerExecutor Queue Thread 7" [_thread_blocked, id=18532, stack(0x0000000ece100000,0x0000000ece200000)]
  0x000001f806929000 JavaThread "WorkerExecutor Queue Thread 8" [_thread_blocked, id=17304, stack(0x0000000ece200000,0x0000000ece300000)]
  0x000001f80692b000 JavaThread "WorkerExecutor Queue Thread 9" [_thread_blocked, id=14504, stack(0x0000000ece300000,0x0000000ece400000)]
  0x000001f806926000 JavaThread "WorkerExecutor Queue Thread 10" [_thread_blocked, id=4856, stack(0x0000000ece400000,0x0000000ece500000)]
  0x000001f80692c800 JavaThread "WorkerExecutor Queue Thread 11" [_thread_blocked, id=13044, stack(0x0000000ece500000,0x0000000ece600000)]
  0x000001f806928800 JavaThread "WorkerExecutor Queue Thread 12" [_thread_blocked, id=8252, stack(0x0000000ece600000,0x0000000ece700000)]

Other Threads:
=>0x000001f800a3b800 VMThread "VM Thread" [stack: 0x0000000ec8400000,0x0000000ec8500000] [id=13968]
  0x000001f800c18800 WatcherThread [stack: 0x0000000ec8e00000,0x0000000ec8f00000] [id=2284]
  0x000001f8657ca000 GCTaskThread "GC Thread#0" [stack: 0x0000000ec7f00000,0x0000000ec8000000] [id=15784]
  0x000001f80138d000 GCTaskThread "GC Thread#1" [stack: 0x0000000ec9100000,0x0000000ec9200000] [id=11712]
  0x000001f8019d8800 GCTaskThread "GC Thread#2" [stack: 0x0000000ec9200000,0x0000000ec9300000] [id=14912]
  0x000001f801d54800 GCTaskThread "GC Thread#3" [stack: 0x0000000ec9300000,0x0000000ec9400000] [id=11824]
  0x000001f801c6f800 GCTaskThread "GC Thread#4" [stack: 0x0000000ec9400000,0x0000000ec9500000] [id=4560]
  0x000001f801893800 GCTaskThread "GC Thread#5" [stack: 0x0000000ec9500000,0x0000000ec9600000] [id=9952]
  0x000001f8021f8000 GCTaskThread "GC Thread#6" [stack: 0x0000000eca100000,0x0000000eca200000] [id=17604]
  0x000001f80220e800 GCTaskThread "GC Thread#7" [stack: 0x0000000eca200000,0x0000000eca300000] [id=12428]
  0x000001f802ca1000 GCTaskThread "GC Thread#8" [stack: 0x0000000eca300000,0x0000000eca400000] [id=17660]
  0x000001f801ce5000 GCTaskThread "GC Thread#9" [stack: 0x0000000eca400000,0x0000000eca500000] [id=1352]
  0x000001f8657fb800 ConcurrentGCThread "G1 Main Marker" [stack: 0x0000000ec8000000,0x0000000ec8100000] [id=18452]
  0x000001f8657fe000 ConcurrentGCThread "G1 Conc#0" [stack: 0x0000000ec8100000,0x0000000ec8200000] [id=11388]
  0x000001f801b08000 ConcurrentGCThread "G1 Conc#1" [stack: 0x0000000eca500000,0x0000000eca600000] [id=16600]
  0x000001f801821000 ConcurrentGCThread "G1 Conc#2" [stack: 0x0000000eca600000,0x0000000eca700000] [id=5408]
  0x000001f80008a800 ConcurrentGCThread "G1 Refine#0" [stack: 0x0000000ec8200000,0x0000000ec8300000] [id=18144]
  0x000001f806787000 ConcurrentGCThread "G1 Refine#1" [stack: 0x0000000ece700000,0x0000000ece800000] [id=8324]
  0x000001f806783800 ConcurrentGCThread "G1 Refine#2" [stack: 0x0000000ece800000,0x0000000ece900000] [id=9852]
  0x000001f80008b800 ConcurrentGCThread "G1 Young RemSet Sampling" [stack: 0x0000000ec8300000,0x0000000ec8400000] [id=11448]

Threads with active compile tasks:
C2 CompilerThread0   8715 12449       4       com.android.tools.r8.graph.Z::a (53 bytes)
C1 CompilerThread0   8716 12715       2       org.gradle.internal.operations.DefaultBuildOperationRunner$BuildOperationTrackingListener::close (42 bytes)
C2 CompilerThread1   8716 12503       4       com.android.tools.r8.graph.S::a (48 bytes)
C2 CompilerThread2   8716 12714       4       com.google.common.collect.ImmutableSortedMap$Builder::build (229 bytes)

VM state:at safepoint (normal execution)

VM Mutex/Monitor currently owned by a thread:  ([mutex/lock_event])
[0x000001f8657ac980] Threads_lock - owner thread: 0x000001f800a3b800
[0x000001f8657ac230] Heap_lock - owner thread: 0x000001f80623f000

Heap address: 0x0000000080000000, size: 2048 MB, Compressed Oops mode: 32-bit
Narrow klass base: 0x0000000000000000, Narrow klass shift: 3
Compressed class space size: 1073741824 Address: 0x0000000100000000

Heap:
 garbage-first heap   total 312320K, used 99328K [0x0000000080000000, 0x0000000100000000)
  region size 1024K, 3 young (3072K), 3 survivors (3072K)
 Metaspace       used 97494K, capacity 101200K, committed 102508K, reserved 1136640K
  class space    used 13058K, capacity 14552K, committed 15000K, reserved 1048576K
Heap Regions: E=young(eden), S=young(survivor), O=old, HS=humongous(starts), HC=humongous(continues), CS=collection set, F=free, A=archive, TAMS=top-at-mark-start (previous, next)
|   0|0x0000000080000000, 0x0000000080100000, 0x0000000080100000|100%| O|  |TAMS 0x0000000080100000, 0x0000000080100000| Untracked 
|   1|0x0000000080100000, 0x0000000080200000, 0x0000000080200000|100%| O|  |TAMS 0x0000000080200000, 0x0000000080200000| Untracked 
|   2|0x0000000080200000, 0x0000000080300000, 0x0000000080300000|100%| O|  |TAMS 0x0000000080300000, 0x0000000080300000| Untracked 
|   3|0x0000000080300000, 0x0000000080400000, 0x0000000080400000|100%|HS|  |TAMS 0x0000000080400000, 0x0000000080400000| Complete 
|   4|0x0000000080400000, 0x0000000080500000, 0x0000000080500000|100%|HC|  |TAMS 0x0000000080500000, 0x0000000080500000| Complete 
|   5|0x0000000080500000, 0x0000000080600000, 0x0000000080600000|100%|HC|  |TAMS 0x0000000080600000, 0x0000000080600000| Complete 
|   6|0x0000000080600000, 0x0000000080700000, 0x0000000080700000|100%| O|  |TAMS 0x0000000080700000, 0x0000000080700000| Untracked 
|   7|0x0000000080700000, 0x0000000080800000, 0x0000000080800000|100%| O|  |TAMS 0x0000000080800000, 0x0000000080800000| Untracked 
|   8|0x0000000080800000, 0x0000000080900000, 0x0000000080900000|100%| O|  |TAMS 0x0000000080900000, 0x0000000080900000| Untracked 
|   9|0x0000000080900000, 0x0000000080a00000, 0x0000000080a00000|100%| O|  |TAMS 0x0000000080a00000, 0x0000000080a00000| Untracked 
|  10|0x0000000080a00000, 0x0000000080b00000, 0x0000000080b00000|100%| O|  |TAMS 0x0000000080b00000, 0x0000000080b00000| Untracked 
|  11|0x0000000080b00000, 0x0000000080c00000, 0x0000000080c00000|100%| O|  |TAMS 0x0000000080c00000, 0x0000000080c00000| Untracked 
|  12|0x0000000080c00000, 0x0000000080d00000, 0x0000000080d00000|100%| O|  |TAMS 0x0000000080d00000, 0x0000000080d00000| Untracked 
|  13|0x0000000080d00000, 0x0000000080e00000, 0x0000000080e00000|100%| O|  |TAMS 0x0000000080e00000, 0x0000000080e00000| Untracked 
|  14|0x0000000080e00000, 0x0000000080f00000, 0x0000000080f00000|100%| O|  |TAMS 0x0000000080f00000, 0x0000000080f00000| Untracked 
|  15|0x0000000080f00000, 0x0000000081000000, 0x0000000081000000|100%| O|  |TAMS 0x0000000081000000, 0x0000000081000000| Untracked 
|  16|0x0000000081000000, 0x0000000081100000, 0x0000000081100000|100%| O|  |TAMS 0x0000000081100000, 0x0000000081100000| Untracked 
|  17|0x0000000081100000, 0x0000000081200000, 0x0000000081200000|100%|HS|  |TAMS 0x0000000081200000, 0x0000000081200000| Complete 
|  18|0x0000000081200000, 0x0000000081300000, 0x0000000081300000|100%|HS|  |TAMS 0x0000000081300000, 0x0000000081300000| Complete 
|  19|0x0000000081300000, 0x0000000081400000, 0x0000000081400000|100%|HS|  |TAMS 0x0000000081400000, 0x0000000081400000| Complete 
|  20|0x0000000081400000, 0x0000000081500000, 0x0000000081500000|100%|HC|  |TAMS 0x0000000081500000, 0x0000000081500000| Complete 
|  21|0x0000000081500000, 0x0000000081600000, 0x0000000081600000|100%| O|  |TAMS 0x0000000081600000, 0x0000000081600000| Untracked 
|  22|0x0000000081600000, 0x0000000081700000, 0x0000000081700000|100%| O|  |TAMS 0x0000000081700000, 0x0000000081700000| Untracked 
|  23|0x0000000081700000, 0x0000000081800000, 0x0000000081800000|100%| O|  |TAMS 0x0000000081800000, 0x0000000081800000| Untracked 
|  24|0x0000000081800000, 0x0000000081900000, 0x0000000081900000|100%| O|  |TAMS 0x0000000081900000, 0x0000000081900000| Untracked 
|  25|0x0000000081900000, 0x0000000081a00000, 0x0000000081a00000|100%| O|  |TAMS 0x0000000081a00000, 0x0000000081a00000| Untracked 
|  26|0x0000000081a00000, 0x0000000081b00000, 0x0000000081b00000|100%| O|  |TAMS 0x0000000081b00000, 0x0000000081b00000| Untracked 
|  27|0x0000000081b00000, 0x0000000081c00000, 0x0000000081c00000|100%| O|  |TAMS 0x0000000081c00000, 0x0000000081c00000| Untracked 
|  28|0x0000000081c00000, 0x0000000081d00000, 0x0000000081d00000|100%| O|  |TAMS 0x0000000081d00000, 0x0000000081d00000| Untracked 
|  29|0x0000000081d00000, 0x0000000081e00000, 0x0000000081e00000|100%| O|  |TAMS 0x0000000081e00000, 0x0000000081e00000| Untracked 
|  30|0x0000000081e00000, 0x0000000081f00000, 0x0000000081f00000|100%| O|  |TAMS 0x0000000081f00000, 0x0000000081f00000| Untracked 
|  31|0x0000000081f00000, 0x0000000082000000, 0x0000000082000000|100%| O|  |TAMS 0x0000000082000000, 0x0000000082000000| Untracked 
|  32|0x0000000082000000, 0x0000000082100000, 0x0000000082100000|100%| O|  |TAMS 0x0000000082100000, 0x0000000082100000| Untracked 
|  33|0x0000000082100000, 0x0000000082200000, 0x0000000082200000|100%| O|  |TAMS 0x0000000082200000, 0x0000000082200000| Untracked 
|  34|0x0000000082200000, 0x0000000082300000, 0x0000000082300000|100%| O|  |TAMS 0x0000000082300000, 0x0000000082300000| Untracked 
|  35|0x0000000082300000, 0x0000000082400000, 0x0000000082400000|100%| O|  |TAMS 0x0000000082400000, 0x0000000082400000| Untracked 
|  36|0x0000000082400000, 0x0000000082500000, 0x0000000082500000|100%| O|  |TAMS 0x0000000082500000, 0x0000000082500000| Untracked 
|  37|0x0000000082500000, 0x0000000082600000, 0x0000000082600000|100%| O|  |TAMS 0x0000000082600000, 0x0000000082600000| Untracked 
|  38|0x0000000082600000, 0x0000000082700000, 0x0000000082700000|100%| O|  |TAMS 0x0000000082700000, 0x0000000082700000| Untracked 
|  39|0x0000000082700000, 0x0000000082800000, 0x0000000082800000|100%| O|  |TAMS 0x0000000082800000, 0x0000000082800000| Untracked 
|  40|0x0000000082800000, 0x0000000082900000, 0x0000000082900000|100%| O|  |TAMS 0x0000000082900000, 0x0000000082900000| Untracked 
|  41|0x0000000082900000, 0x0000000082a00000, 0x0000000082a00000|100%| O|  |TAMS 0x0000000082a00000, 0x0000000082a00000| Untracked 
|  42|0x0000000082a00000, 0x0000000082b00000, 0x0000000082b00000|100%| O|  |TAMS 0x0000000082b00000, 0x0000000082b00000| Untracked 
|  43|0x0000000082b00000, 0x0000000082c00000, 0x0000000082c00000|100%| O|  |TAMS 0x0000000082c00000, 0x0000000082c00000| Untracked 
|  44|0x0000000082c00000, 0x0000000082d00000, 0x0000000082d00000|100%| O|  |TAMS 0x0000000082d00000, 0x0000000082d00000| Untracked 
|  45|0x0000000082d00000, 0x0000000082e00000, 0x0000000082e00000|100%| O|  |TAMS 0x0000000082e00000, 0x0000000082e00000| Untracked 
|  46|0x0000000082e00000, 0x0000000082f00000, 0x0000000082f00000|100%| O|  |TAMS 0x0000000082f00000, 0x0000000082f00000| Untracked 
|  47|0x0000000082f00000, 0x0000000083000000, 0x0000000083000000|100%| O|  |TAMS 0x0000000083000000, 0x0000000083000000| Untracked 
|  48|0x0000000083000000, 0x0000000083100000, 0x0000000083100000|100%| O|  |TAMS 0x0000000083100000, 0x0000000083100000| Untracked 
|  49|0x0000000083100000, 0x0000000083200000, 0x0000000083200000|100%| O|  |TAMS 0x0000000083200000, 0x0000000083200000| Untracked 
|  50|0x0000000083200000, 0x0000000083300000, 0x0000000083300000|100%| O|  |TAMS 0x0000000083300000, 0x0000000083300000| Untracked 
|  51|0x0000000083300000, 0x0000000083400000, 0x0000000083400000|100%| O|  |TAMS 0x0000000083400000, 0x0000000083400000| Untracked 
|  52|0x0000000083400000, 0x0000000083500000, 0x0000000083500000|100%| O|  |TAMS 0x0000000083500000, 0x0000000083500000| Untracked 
|  53|0x0000000083500000, 0x0000000083600000, 0x0000000083600000|100%| O|  |TAMS 0x0000000083600000, 0x0000000083600000| Untracked 
|  54|0x0000000083600000, 0x0000000083700000, 0x0000000083700000|100%| O|  |TAMS 0x0000000083700000, 0x0000000083700000| Untracked 
|  55|0x0000000083700000, 0x0000000083800000, 0x0000000083800000|100%| O|  |TAMS 0x0000000083800000, 0x0000000083800000| Untracked 
|  56|0x0000000083800000, 0x0000000083900000, 0x0000000083900000|100%| O|  |TAMS 0x0000000083900000, 0x0000000083900000| Untracked 
|  57|0x0000000083900000, 0x0000000083a00000, 0x0000000083a00000|100%| O|  |TAMS 0x0000000083a00000, 0x0000000083a00000| Untracked 
|  58|0x0000000083a00000, 0x0000000083b00000, 0x0000000083b00000|100%| O|  |TAMS 0x0000000083b00000, 0x0000000083b00000| Untracked 
|  59|0x0000000083b00000, 0x0000000083c00000, 0x0000000083c00000|100%| O|  |TAMS 0x0000000083c00000, 0x0000000083c00000| Untracked 
|  60|0x0000000083c00000, 0x0000000083d00000, 0x0000000083d00000|100%| O|  |TAMS 0x0000000083d00000, 0x0000000083d00000| Untracked 
|  61|0x0000000083d00000, 0x0000000083e00000, 0x0000000083e00000|100%| O|  |TAMS 0x0000000083e00000, 0x0000000083e00000| Untracked 
|  62|0x0000000083e00000, 0x0000000083f00000, 0x0000000083f00000|100%| O|  |TAMS 0x0000000083f00000, 0x0000000083f00000| Untracked 
|  63|0x0000000083f00000, 0x0000000084000000, 0x0000000084000000|100%| O|  |TAMS 0x0000000084000000, 0x0000000084000000| Untracked 
|  64|0x0000000084000000, 0x0000000084100000, 0x0000000084100000|100%| O|  |TAMS 0x0000000084100000, 0x0000000084100000| Untracked 
|  65|0x0000000084100000, 0x0000000084200000, 0x0000000084200000|100%| O|  |TAMS 0x0000000084200000, 0x0000000084200000| Untracked 
|  66|0x0000000084200000, 0x0000000084300000, 0x0000000084300000|100%| O|  |TAMS 0x0000000084300000, 0x0000000084300000| Untracked 
|  67|0x0000000084300000, 0x0000000084400000, 0x0000000084400000|100%| O|  |TAMS 0x0000000084400000, 0x0000000084400000| Untracked 
|  68|0x0000000084400000, 0x0000000084500000, 0x0000000084500000|100%| O|  |TAMS 0x0000000084500000, 0x0000000084500000| Untracked 
|  69|0x0000000084500000, 0x0000000084600000, 0x0000000084600000|100%| O|  |TAMS 0x0000000084600000, 0x0000000084600000| Untracked 
|  70|0x0000000084600000, 0x0000000084700000, 0x0000000084700000|100%| O|  |TAMS 0x0000000084700000, 0x0000000084700000| Untracked 
|  71|0x0000000084700000, 0x0000000084800000, 0x0000000084800000|100%| O|  |TAMS 0x0000000084800000, 0x0000000084800000| Untracked 
|  72|0x0000000084800000, 0x0000000084900000, 0x0000000084900000|100%| O|  |TAMS 0x0000000084900000, 0x0000000084900000| Untracked 
|  73|0x0000000084900000, 0x0000000084a00000, 0x0000000084a00000|100%| O|  |TAMS 0x0000000084a00000, 0x0000000084a00000| Untracked 
|  74|0x0000000084a00000, 0x0000000084b00000, 0x0000000084b00000|100%| O|  |TAMS 0x0000000084b00000, 0x0000000084b00000| Untracked 
|  75|0x0000000084b00000, 0x0000000084c00000, 0x0000000084c00000|100%| O|  |TAMS 0x0000000084c00000, 0x0000000084c00000| Untracked 
|  76|0x0000000084c00000, 0x0000000084d00000, 0x0000000084d00000|100%| O|  |TAMS 0x0000000084d00000, 0x0000000084d00000| Untracked 
|  77|0x0000000084d00000, 0x0000000084e00000, 0x0000000084e00000|100%| O|  |TAMS 0x0000000084e00000, 0x0000000084e00000| Untracked 
|  78|0x0000000084e00000, 0x0000000084f00000, 0x0000000084f00000|100%| O|  |TAMS 0x0000000084f00000, 0x0000000084f00000| Untracked 
|  79|0x0000000084f00000, 0x0000000085000000, 0x0000000085000000|100%| O|  |TAMS 0x0000000085000000, 0x0000000085000000| Untracked 
|  80|0x0000000085000000, 0x0000000085100000, 0x0000000085100000|100%| O|  |TAMS 0x0000000085100000, 0x0000000085100000| Untracked 
|  81|0x0000000085100000, 0x0000000085200000, 0x0000000085200000|100%| O|  |TAMS 0x0000000085200000, 0x0000000085200000| Untracked 
|  82|0x0000000085200000, 0x0000000085300000, 0x0000000085300000|100%| O|  |TAMS 0x0000000085300000, 0x0000000085300000| Untracked 
|  83|0x0000000085300000, 0x0000000085400000, 0x0000000085400000|100%| O|  |TAMS 0x0000000085400000, 0x0000000085400000| Untracked 
|  84|0x0000000085400000, 0x0000000085500000, 0x0000000085500000|100%| O|  |TAMS 0x0000000085500000, 0x0000000085500000| Untracked 
|  85|0x0000000085500000, 0x0000000085600000, 0x0000000085600000|100%| O|  |TAMS 0x0000000085600000, 0x0000000085600000| Untracked 
|  86|0x0000000085600000, 0x0000000085700000, 0x0000000085700000|100%| O|  |TAMS 0x0000000085700000, 0x0000000085700000| Untracked 
|  87|0x0000000085700000, 0x0000000085800000, 0x0000000085800000|100%| O|  |TAMS 0x0000000085800000, 0x0000000085800000| Untracked 
|  88|0x0000000085800000, 0x0000000085900000, 0x0000000085900000|100%| O|  |TAMS 0x0000000085900000, 0x0000000085900000| Untracked 
|  89|0x0000000085900000, 0x0000000085a00000, 0x0000000085a00000|100%| O|  |TAMS 0x0000000085a00000, 0x0000000085a00000| Untracked 
|  90|0x0000000085a00000, 0x0000000085b00000, 0x0000000085b00000|100%| O|  |TAMS 0x0000000085b00000, 0x0000000085b00000| Untracked 
|  91|0x0000000085b00000, 0x0000000085c00000, 0x0000000085c00000|100%| O|  |TAMS 0x0000000085c00000, 0x0000000085c00000| Untracked 
|  92|0x0000000085c00000, 0x0000000085d00000, 0x0000000085d00000|100%| O|  |TAMS 0x0000000085d00000, 0x0000000085d00000| Untracked 
|  93|0x0000000085d00000, 0x0000000085e00000, 0x0000000085e00000|100%| O|  |TAMS 0x0000000085e00000, 0x0000000085e00000| Untracked 
|  94|0x0000000085e00000, 0x0000000085e00000, 0x0000000085f00000|  0%| F|  |TAMS 0x0000000085e00000, 0x0000000085e00000| Untracked 
|  95|0x0000000085f00000, 0x0000000085f00000, 0x0000000086000000|  0%| F|  |TAMS 0x0000000085f00000, 0x0000000085f00000| Untracked 
|  96|0x0000000086000000, 0x0000000086000000, 0x0000000086100000|  0%| F|  |TAMS 0x0000000086000000, 0x0000000086000000| Untracked 
|  97|0x0000000086100000, 0x0000000086100000, 0x0000000086200000|  0%| F|  |TAMS 0x0000000086100000, 0x0000000086100000| Untracked 
|  98|0x0000000086200000, 0x0000000086200000, 0x0000000086300000|  0%| F|  |TAMS 0x0000000086200000, 0x0000000086200000| Untracked 
|  99|0x0000000086300000, 0x0000000086300000, 0x0000000086400000|  0%| F|  |TAMS 0x0000000086300000, 0x0000000086300000| Untracked 
| 100|0x0000000086400000, 0x0000000086400000, 0x0000000086500000|  0%| F|  |TAMS 0x0000000086400000, 0x0000000086400000| Untracked 
| 101|0x0000000086500000, 0x0000000086500000, 0x0000000086600000|  0%| F|  |TAMS 0x0000000086500000, 0x0000000086500000| Untracked 
| 102|0x0000000086600000, 0x0000000086600000, 0x0000000086700000|  0%| F|  |TAMS 0x0000000086600000, 0x0000000086600000| Untracked 
| 103|0x0000000086700000, 0x0000000086700000, 0x0000000086800000|  0%| F|  |TAMS 0x0000000086700000, 0x0000000086700000| Untracked 
| 104|0x0000000086800000, 0x0000000086800000, 0x0000000086900000|  0%| F|  |TAMS 0x0000000086800000, 0x0000000086800000| Untracked 
| 105|0x0000000086900000, 0x0000000086900000, 0x0000000086a00000|  0%| F|  |TAMS 0x0000000086900000, 0x0000000086900000| Untracked 
| 106|0x0000000086a00000, 0x0000000086a00000, 0x0000000086b00000|  0%| F|  |TAMS 0x0000000086a00000, 0x0000000086a00000| Untracked 
| 107|0x0000000086b00000, 0x0000000086b00000, 0x0000000086c00000|  0%| F|  |TAMS 0x0000000086b00000, 0x0000000086b00000| Untracked 
| 108|0x0000000086c00000, 0x0000000086c00000, 0x0000000086d00000|  0%| F|  |TAMS 0x0000000086c00000, 0x0000000086c00000| Untracked 
| 109|0x0000000086d00000, 0x0000000086d00000, 0x0000000086e00000|  0%| F|  |TAMS 0x0000000086d00000, 0x0000000086d00000| Untracked 
| 110|0x0000000086e00000, 0x0000000086e00000, 0x0000000086f00000|  0%| F|  |TAMS 0x0000000086e00000, 0x0000000086e00000| Untracked 
| 111|0x0000000086f00000, 0x0000000086f00000, 0x0000000087000000|  0%| F|  |TAMS 0x0000000086f00000, 0x0000000086f00000| Untracked 
| 112|0x0000000087000000, 0x0000000087000000, 0x0000000087100000|  0%| F|  |TAMS 0x0000000087000000, 0x0000000087000000| Untracked 
| 113|0x0000000087100000, 0x0000000087100000, 0x0000000087200000|  0%| F|  |TAMS 0x0000000087100000, 0x0000000087100000| Untracked 
| 114|0x0000000087200000, 0x0000000087200000, 0x0000000087300000|  0%| F|  |TAMS 0x0000000087200000, 0x0000000087200000| Untracked 
| 115|0x0000000087300000, 0x0000000087300000, 0x0000000087400000|  0%| F|  |TAMS 0x0000000087300000, 0x0000000087300000| Untracked 
| 116|0x0000000087400000, 0x0000000087400000, 0x0000000087500000|  0%| F|  |TAMS 0x0000000087400000, 0x0000000087400000| Untracked 
| 117|0x0000000087500000, 0x0000000087500000, 0x0000000087600000|  0%| F|  |TAMS 0x0000000087500000, 0x0000000087500000| Untracked 
| 118|0x0000000087600000, 0x0000000087600000, 0x0000000087700000|  0%| F|  |TAMS 0x0000000087600000, 0x0000000087600000| Untracked 
| 119|0x0000000087700000, 0x0000000087700000, 0x0000000087800000|  0%| F|  |TAMS 0x0000000087700000, 0x0000000087700000| Untracked 
| 120|0x0000000087800000, 0x0000000087800000, 0x0000000087900000|  0%| F|  |TAMS 0x0000000087800000, 0x0000000087800000| Untracked 
| 121|0x0000000087900000, 0x0000000087900000, 0x0000000087a00000|  0%| F|  |TAMS 0x0000000087900000, 0x0000000087900000| Untracked 
| 122|0x0000000087a00000, 0x0000000087a00000, 0x0000000087b00000|  0%| F|  |TAMS 0x0000000087a00000, 0x0000000087a00000| Untracked 
| 123|0x0000000087b00000, 0x0000000087b00000, 0x0000000087c00000|  0%| F|  |TAMS 0x0000000087b00000, 0x0000000087b00000| Untracked 
| 124|0x0000000087c00000, 0x0000000087c00000, 0x0000000087d00000|  0%| F|  |TAMS 0x0000000087c00000, 0x0000000087c00000| Untracked 
| 125|0x0000000087d00000, 0x0000000087d00000, 0x0000000087e00000|  0%| F|  |TAMS 0x0000000087d00000, 0x0000000087d00000| Untracked 
| 126|0x0000000087e00000, 0x0000000087e00000, 0x0000000087f00000|  0%| F|  |TAMS 0x0000000087e00000, 0x0000000087e00000| Untracked 
| 127|0x0000000087f00000, 0x0000000087f00000, 0x0000000088000000|  0%| F|  |TAMS 0x0000000087f00000, 0x0000000087f00000| Untracked 
| 128|0x0000000088000000, 0x0000000088000000, 0x0000000088100000|  0%| F|  |TAMS 0x0000000088000000, 0x0000000088000000| Untracked 
| 129|0x0000000088100000, 0x0000000088100000, 0x0000000088200000|  0%| F|  |TAMS 0x0000000088100000, 0x0000000088100000| Untracked 
| 130|0x0000000088200000, 0x0000000088200000, 0x0000000088300000|  0%| F|  |TAMS 0x0000000088200000, 0x0000000088200000| Untracked 
| 131|0x0000000088300000, 0x0000000088300000, 0x0000000088400000|  0%| F|  |TAMS 0x0000000088300000, 0x0000000088300000| Untracked 
| 132|0x0000000088400000, 0x0000000088400000, 0x0000000088500000|  0%| F|  |TAMS 0x0000000088400000, 0x0000000088400000| Untracked 
| 133|0x0000000088500000, 0x0000000088500000, 0x0000000088600000|  0%| F|  |TAMS 0x0000000088500000, 0x0000000088500000| Untracked 
| 134|0x0000000088600000, 0x0000000088600000, 0x0000000088700000|  0%| F|  |TAMS 0x0000000088600000, 0x0000000088600000| Untracked 
| 135|0x0000000088700000, 0x0000000088700000, 0x0000000088800000|  0%| F|  |TAMS 0x0000000088700000, 0x0000000088700000| Untracked 
| 136|0x0000000088800000, 0x0000000088800000, 0x0000000088900000|  0%| F|  |TAMS 0x0000000088800000, 0x0000000088800000| Untracked 
| 137|0x0000000088900000, 0x0000000088900000, 0x0000000088a00000|  0%| F|  |TAMS 0x0000000088900000, 0x0000000088900000| Untracked 
| 138|0x0000000088a00000, 0x0000000088a00000, 0x0000000088b00000|  0%| F|  |TAMS 0x0000000088a00000, 0x0000000088a00000| Untracked 
| 139|0x0000000088b00000, 0x0000000088b00000, 0x0000000088c00000|  0%| F|  |TAMS 0x0000000088b00000, 0x0000000088b00000| Untracked 
| 140|0x0000000088c00000, 0x0000000088c00000, 0x0000000088d00000|  0%| F|  |TAMS 0x0000000088c00000, 0x0000000088c00000| Untracked 
| 141|0x0000000088d00000, 0x0000000088d00000, 0x0000000088e00000|  0%| F|  |TAMS 0x0000000088d00000, 0x0000000088d00000| Untracked 
| 142|0x0000000088e00000, 0x0000000088e00000, 0x0000000088f00000|  0%| F|  |TAMS 0x0000000088e00000, 0x0000000088e00000| Untracked 
| 143|0x0000000088f00000, 0x0000000088f00000, 0x0000000089000000|  0%| F|  |TAMS 0x0000000088f00000, 0x0000000088f00000| Untracked 
| 144|0x0000000089000000, 0x0000000089000000, 0x0000000089100000|  0%| F|  |TAMS 0x0000000089000000, 0x0000000089000000| Untracked 
| 145|0x0000000089100000, 0x0000000089100000, 0x0000000089200000|  0%| F|  |TAMS 0x0000000089100000, 0x0000000089100000| Untracked 
| 146|0x0000000089200000, 0x0000000089200000, 0x0000000089300000|  0%| F|  |TAMS 0x0000000089200000, 0x0000000089200000| Untracked 
| 147|0x0000000089300000, 0x0000000089300000, 0x0000000089400000|  0%| F|  |TAMS 0x0000000089300000, 0x0000000089300000| Untracked 
| 148|0x0000000089400000, 0x0000000089400000, 0x0000000089500000|  0%| F|  |TAMS 0x0000000089400000, 0x0000000089400000| Untracked 
| 149|0x0000000089500000, 0x0000000089500000, 0x0000000089600000|  0%| F|  |TAMS 0x0000000089500000, 0x0000000089500000| Untracked 
| 150|0x0000000089600000, 0x0000000089600000, 0x0000000089700000|  0%| F|  |TAMS 0x0000000089600000, 0x0000000089600000| Untracked 
| 151|0x0000000089700000, 0x0000000089700000, 0x0000000089800000|  0%| F|  |TAMS 0x0000000089700000, 0x0000000089700000| Untracked 
| 152|0x0000000089800000, 0x0000000089800000, 0x0000000089900000|  0%| F|  |TAMS 0x0000000089800000, 0x0000000089800000| Untracked 
| 153|0x0000000089900000, 0x0000000089900000, 0x0000000089a00000|  0%| F|  |TAMS 0x0000000089900000, 0x0000000089900000| Untracked 
| 154|0x0000000089a00000, 0x0000000089a00000, 0x0000000089b00000|  0%| F|  |TAMS 0x0000000089a00000, 0x0000000089a00000| Untracked 
| 155|0x0000000089b00000, 0x0000000089b00000, 0x0000000089c00000|  0%| F|  |TAMS 0x0000000089b00000, 0x0000000089b00000| Untracked 
| 156|0x0000000089c00000, 0x0000000089c00000, 0x0000000089d00000|  0%| F|  |TAMS 0x0000000089c00000, 0x0000000089c00000| Untracked 
| 157|0x0000000089d00000, 0x0000000089d00000, 0x0000000089e00000|  0%| F|  |TAMS 0x0000000089d00000, 0x0000000089d00000| Untracked 
| 158|0x0000000089e00000, 0x0000000089e00000, 0x0000000089f00000|  0%| F|  |TAMS 0x0000000089e00000, 0x0000000089e00000| Untracked 
| 159|0x0000000089f00000, 0x000000008a000000, 0x000000008a000000|100%| S|CS|TAMS 0x0000000089f00000, 0x0000000089f00000| Complete 
| 160|0x000000008a000000, 0x000000008a100000, 0x000000008a100000|100%| S|CS|TAMS 0x000000008a000000, 0x000000008a000000| Complete 
| 161|0x000000008a100000, 0x000000008a200000, 0x000000008a200000|100%| S|CS|TAMS 0x000000008a100000, 0x000000008a100000| Complete 
| 162|0x000000008a200000, 0x000000008a200000, 0x000000008a300000|  0%| F|  |TAMS 0x000000008a200000, 0x000000008a200000| Untracked 
| 163|0x000000008a300000, 0x000000008a300000, 0x000000008a400000|  0%| F|  |TAMS 0x000000008a300000, 0x000000008a300000| Untracked 
| 164|0x000000008a400000, 0x000000008a400000, 0x000000008a500000|  0%| F|  |TAMS 0x000000008a400000, 0x000000008a400000| Untracked 
| 165|0x000000008a500000, 0x000000008a500000, 0x000000008a600000|  0%| F|  |TAMS 0x000000008a500000, 0x000000008a500000| Untracked 
| 166|0x000000008a600000, 0x000000008a600000, 0x000000008a700000|  0%| F|  |TAMS 0x000000008a600000, 0x000000008a600000| Untracked 
| 167|0x000000008a700000, 0x000000008a700000, 0x000000008a800000|  0%| F|  |TAMS 0x000000008a700000, 0x000000008a700000| Untracked 
| 168|0x000000008a800000, 0x000000008a800000, 0x000000008a900000|  0%| F|  |TAMS 0x000000008a800000, 0x000000008a800000| Untracked 
| 169|0x000000008a900000, 0x000000008a900000, 0x000000008aa00000|  0%| F|  |TAMS 0x000000008a900000, 0x000000008a900000| Untracked 
| 170|0x000000008aa00000, 0x000000008aa00000, 0x000000008ab00000|  0%| F|  |TAMS 0x000000008aa00000, 0x000000008aa00000| Untracked 
| 171|0x000000008ab00000, 0x000000008ab00000, 0x000000008ac00000|  0%| F|  |TAMS 0x000000008ab00000, 0x000000008ab00000| Untracked 
| 172|0x000000008ac00000, 0x000000008ac00000, 0x000000008ad00000|  0%| F|  |TAMS 0x000000008ac00000, 0x000000008ac00000| Untracked 
| 173|0x000000008ad00000, 0x000000008ad00000, 0x000000008ae00000|  0%| F|  |TAMS 0x000000008ad00000, 0x000000008ad00000| Untracked 
| 174|0x000000008ae00000, 0x000000008ae00000, 0x000000008af00000|  0%| F|  |TAMS 0x000000008ae00000, 0x000000008ae00000| Untracked 
| 175|0x000000008af00000, 0x000000008af00000, 0x000000008b000000|  0%| F|  |TAMS 0x000000008af00000, 0x000000008af00000| Untracked 
| 176|0x000000008b000000, 0x000000008b000000, 0x000000008b100000|  0%| F|  |TAMS 0x000000008b000000, 0x000000008b000000| Untracked 
| 177|0x000000008b100000, 0x000000008b100000, 0x000000008b200000|  0%| F|  |TAMS 0x000000008b100000, 0x000000008b100000| Untracked 
| 178|0x000000008b200000, 0x000000008b200000, 0x000000008b300000|  0%| F|  |TAMS 0x000000008b200000, 0x000000008b200000| Untracked 
| 179|0x000000008b300000, 0x000000008b300000, 0x000000008b400000|  0%| F|  |TAMS 0x000000008b300000, 0x000000008b300000| Untracked 
| 180|0x000000008b400000, 0x000000008b400000, 0x000000008b500000|  0%| F|  |TAMS 0x000000008b400000, 0x000000008b400000| Untracked 
| 181|0x000000008b500000, 0x000000008b500000, 0x000000008b600000|  0%| F|  |TAMS 0x000000008b500000, 0x000000008b500000| Untracked 
| 182|0x000000008b600000, 0x000000008b600000, 0x000000008b700000|  0%| F|  |TAMS 0x000000008b600000, 0x000000008b600000| Untracked 
| 183|0x000000008b700000, 0x000000008b700000, 0x000000008b800000|  0%| F|  |TAMS 0x000000008b700000, 0x000000008b700000| Untracked 
| 184|0x000000008b800000, 0x000000008b800000, 0x000000008b900000|  0%| F|  |TAMS 0x000000008b800000, 0x000000008b800000| Untracked 
| 185|0x000000008b900000, 0x000000008b900000, 0x000000008ba00000|  0%| F|  |TAMS 0x000000008b900000, 0x000000008b900000| Untracked 
| 186|0x000000008ba00000, 0x000000008ba00000, 0x000000008bb00000|  0%| F|  |TAMS 0x000000008ba00000, 0x000000008ba00000| Untracked 
| 187|0x000000008bb00000, 0x000000008bb00000, 0x000000008bc00000|  0%| F|  |TAMS 0x000000008bb00000, 0x000000008bb00000| Untracked 
| 188|0x000000008bc00000, 0x000000008bc00000, 0x000000008bd00000|  0%| F|  |TAMS 0x000000008bc00000, 0x000000008bc00000| Untracked 
| 189|0x000000008bd00000, 0x000000008bd00000, 0x000000008be00000|  0%| F|  |TAMS 0x000000008bd00000, 0x000000008bd00000| Untracked 
| 190|0x000000008be00000, 0x000000008be00000, 0x000000008bf00000|  0%| F|  |TAMS 0x000000008be00000, 0x000000008be00000| Untracked 
| 191|0x000000008bf00000, 0x000000008bf00000, 0x000000008c000000|  0%| F|  |TAMS 0x000000008bf00000, 0x000000008bf00000| Untracked 
| 192|0x000000008c000000, 0x000000008c000000, 0x000000008c100000|  0%| F|  |TAMS 0x000000008c000000, 0x000000008c000000| Untracked 
| 193|0x000000008c100000, 0x000000008c100000, 0x000000008c200000|  0%| F|  |TAMS 0x000000008c100000, 0x000000008c100000| Untracked 
| 194|0x000000008c200000, 0x000000008c200000, 0x000000008c300000|  0%| F|  |TAMS 0x000000008c200000, 0x000000008c200000| Untracked 
| 195|0x000000008c300000, 0x000000008c300000, 0x000000008c400000|  0%| F|  |TAMS 0x000000008c300000, 0x000000008c300000| Untracked 
| 196|0x000000008c400000, 0x000000008c400000, 0x000000008c500000|  0%| F|  |TAMS 0x000000008c400000, 0x000000008c400000| Untracked 
| 197|0x000000008c500000, 0x000000008c500000, 0x000000008c600000|  0%| F|  |TAMS 0x000000008c500000, 0x000000008c500000| Untracked 
| 198|0x000000008c600000, 0x000000008c600000, 0x000000008c700000|  0%| F|  |TAMS 0x000000008c600000, 0x000000008c600000| Untracked 
| 199|0x000000008c700000, 0x000000008c700000, 0x000000008c800000|  0%| F|  |TAMS 0x000000008c700000, 0x000000008c700000| Untracked 
| 200|0x000000008c800000, 0x000000008c800000, 0x000000008c900000|  0%| F|  |TAMS 0x000000008c800000, 0x000000008c800000| Untracked 
| 201|0x000000008c900000, 0x000000008c900000, 0x000000008ca00000|  0%| F|  |TAMS 0x000000008c900000, 0x000000008c900000| Untracked 
| 202|0x000000008ca00000, 0x000000008ca00000, 0x000000008cb00000|  0%| F|  |TAMS 0x000000008ca00000, 0x000000008ca00000| Untracked 
| 203|0x000000008cb00000, 0x000000008cb00000, 0x000000008cc00000|  0%| F|  |TAMS 0x000000008cb00000, 0x000000008cb00000| Untracked 
| 204|0x000000008cc00000, 0x000000008cc00000, 0x000000008cd00000|  0%| F|  |TAMS 0x000000008cc00000, 0x000000008cc00000| Untracked 
| 205|0x000000008cd00000, 0x000000008cd00000, 0x000000008ce00000|  0%| F|  |TAMS 0x000000008cd00000, 0x000000008cd00000| Untracked 
| 206|0x000000008ce00000, 0x000000008ce00000, 0x000000008cf00000|  0%| F|  |TAMS 0x000000008ce00000, 0x000000008ce00000| Untracked 
| 207|0x000000008cf00000, 0x000000008cf00000, 0x000000008d000000|  0%| F|  |TAMS 0x000000008cf00000, 0x000000008cf00000| Untracked 
| 208|0x000000008d000000, 0x000000008d000000, 0x000000008d100000|  0%| F|  |TAMS 0x000000008d000000, 0x000000008d000000| Untracked 
| 209|0x000000008d100000, 0x000000008d100000, 0x000000008d200000|  0%| F|  |TAMS 0x000000008d100000, 0x000000008d100000| Untracked 
| 210|0x000000008d200000, 0x000000008d200000, 0x000000008d300000|  0%| F|  |TAMS 0x000000008d200000, 0x000000008d200000| Untracked 
| 211|0x000000008d300000, 0x000000008d300000, 0x000000008d400000|  0%| F|  |TAMS 0x000000008d300000, 0x000000008d300000| Untracked 
| 212|0x000000008d400000, 0x000000008d400000, 0x000000008d500000|  0%| F|  |TAMS 0x000000008d400000, 0x000000008d400000| Untracked 
| 213|0x000000008d500000, 0x000000008d500000, 0x000000008d600000|  0%| F|  |TAMS 0x000000008d500000, 0x000000008d500000| Untracked 
| 214|0x000000008d600000, 0x000000008d600000, 0x000000008d700000|  0%| F|  |TAMS 0x000000008d600000, 0x000000008d600000| Untracked 
| 215|0x000000008d700000, 0x000000008d700000, 0x000000008d800000|  0%| F|  |TAMS 0x000000008d700000, 0x000000008d700000| Untracked 
| 216|0x000000008d800000, 0x000000008d800000, 0x000000008d900000|  0%| F|  |TAMS 0x000000008d800000, 0x000000008d800000| Untracked 
| 217|0x000000008d900000, 0x000000008d900000, 0x000000008da00000|  0%| F|  |TAMS 0x000000008d900000, 0x000000008d900000| Untracked 
| 218|0x000000008da00000, 0x000000008da00000, 0x000000008db00000|  0%| F|  |TAMS 0x000000008da00000, 0x000000008da00000| Untracked 
| 219|0x000000008db00000, 0x000000008db00000, 0x000000008dc00000|  0%| F|  |TAMS 0x000000008db00000, 0x000000008db00000| Untracked 
| 220|0x000000008dc00000, 0x000000008dc00000, 0x000000008dd00000|  0%| F|  |TAMS 0x000000008dc00000, 0x000000008dc00000| Untracked 
| 221|0x000000008dd00000, 0x000000008dd00000, 0x000000008de00000|  0%| F|  |TAMS 0x000000008dd00000, 0x000000008dd00000| Untracked 
| 222|0x000000008de00000, 0x000000008de00000, 0x000000008df00000|  0%| F|  |TAMS 0x000000008de00000, 0x000000008de00000| Untracked 
| 223|0x000000008df00000, 0x000000008df00000, 0x000000008e000000|  0%| F|  |TAMS 0x000000008df00000, 0x000000008df00000| Untracked 
| 224|0x000000008e000000, 0x000000008e000000, 0x000000008e100000|  0%| F|  |TAMS 0x000000008e000000, 0x000000008e000000| Untracked 
| 225|0x000000008e100000, 0x000000008e100000, 0x000000008e200000|  0%| F|  |TAMS 0x000000008e100000, 0x000000008e100000| Untracked 
| 226|0x000000008e200000, 0x000000008e200000, 0x000000008e300000|  0%| F|  |TAMS 0x000000008e200000, 0x000000008e200000| Untracked 
| 227|0x000000008e300000, 0x000000008e300000, 0x000000008e400000|  0%| F|  |TAMS 0x000000008e300000, 0x000000008e300000| Untracked 
| 228|0x000000008e400000, 0x000000008e400000, 0x000000008e500000|  0%| F|  |TAMS 0x000000008e400000, 0x000000008e400000| Untracked 
| 229|0x000000008e500000, 0x000000008e500000, 0x000000008e600000|  0%| F|  |TAMS 0x000000008e500000, 0x000000008e500000| Untracked 
| 230|0x000000008e600000, 0x000000008e600000, 0x000000008e700000|  0%| F|  |TAMS 0x000000008e600000, 0x000000008e600000| Untracked 
| 231|0x000000008e700000, 0x000000008e700000, 0x000000008e800000|  0%| F|  |TAMS 0x000000008e700000, 0x000000008e700000| Untracked 
| 232|0x000000008e800000, 0x000000008e800000, 0x000000008e900000|  0%| F|  |TAMS 0x000000008e800000, 0x000000008e800000| Untracked 
| 233|0x000000008e900000, 0x000000008e900000, 0x000000008ea00000|  0%| F|  |TAMS 0x000000008e900000, 0x000000008e900000| Untracked 
| 234|0x000000008ea00000, 0x000000008ea00000, 0x000000008eb00000|  0%| F|  |TAMS 0x000000008ea00000, 0x000000008ea00000| Untracked 
| 235|0x000000008eb00000, 0x000000008eb00000, 0x000000008ec00000|  0%| F|  |TAMS 0x000000008eb00000, 0x000000008eb00000| Untracked 
| 236|0x000000008ec00000, 0x000000008ec00000, 0x000000008ed00000|  0%| F|  |TAMS 0x000000008ec00000, 0x000000008ec00000| Untracked 
| 237|0x000000008ed00000, 0x000000008ed00000, 0x000000008ee00000|  0%| F|  |TAMS 0x000000008ed00000, 0x000000008ed00000| Untracked 
| 238|0x000000008ee00000, 0x000000008ee00000, 0x000000008ef00000|  0%| F|  |TAMS 0x000000008ee00000, 0x000000008ee00000| Untracked 
| 239|0x000000008ef00000, 0x000000008ef00000, 0x000000008f000000|  0%| F|  |TAMS 0x000000008ef00000, 0x000000008ef00000| Untracked 
| 240|0x000000008f000000, 0x000000008f000000, 0x000000008f100000|  0%| F|  |TAMS 0x000000008f000000, 0x000000008f000000| Untracked 
| 241|0x000000008f100000, 0x000000008f100000, 0x000000008f200000|  0%| F|  |TAMS 0x000000008f100000, 0x000000008f100000| Untracked 
| 242|0x000000008f200000, 0x000000008f200000, 0x000000008f300000|  0%| F|  |TAMS 0x000000008f200000, 0x000000008f200000| Untracked 
| 243|0x000000008f300000, 0x000000008f300000, 0x000000008f400000|  0%| F|  |TAMS 0x000000008f300000, 0x000000008f300000| Untracked 
| 244|0x000000008f400000, 0x000000008f400000, 0x000000008f500000|  0%| F|  |TAMS 0x000000008f400000, 0x000000008f400000| Untracked 
| 245|0x000000008f500000, 0x000000008f500000, 0x000000008f600000|  0%| F|  |TAMS 0x000000008f500000, 0x000000008f500000| Untracked 
| 246|0x000000008f600000, 0x000000008f600000, 0x000000008f700000|  0%| F|  |TAMS 0x000000008f600000, 0x000000008f600000| Untracked 
| 247|0x000000008f700000, 0x000000008f700000, 0x000000008f800000|  0%| F|  |TAMS 0x000000008f700000, 0x000000008f700000| Untracked 
| 248|0x000000008f800000, 0x000000008f800000, 0x000000008f900000|  0%| F|  |TAMS 0x000000008f800000, 0x000000008f800000| Untracked 
| 249|0x000000008f900000, 0x000000008f900000, 0x000000008fa00000|  0%| F|  |TAMS 0x000000008f900000, 0x000000008f900000| Untracked 
| 250|0x000000008fa00000, 0x000000008fa00000, 0x000000008fb00000|  0%| F|  |TAMS 0x000000008fa00000, 0x000000008fa00000| Untracked 
| 251|0x000000008fb00000, 0x000000008fb00000, 0x000000008fc00000|  0%| F|  |TAMS 0x000000008fb00000, 0x000000008fb00000| Untracked 
| 252|0x000000008fc00000, 0x000000008fc00000, 0x000000008fd00000|  0%| F|  |TAMS 0x000000008fc00000, 0x000000008fc00000| Untracked 
| 253|0x000000008fd00000, 0x000000008fd00000, 0x000000008fe00000|  0%| F|  |TAMS 0x000000008fd00000, 0x000000008fd00000| Untracked 

Card table byte_map: [0x000001f878bf0000,0x000001f878ff0000] _byte_map_base: 0x000001f8787f0000

Marking Bits (Prev, Next): (CMBitMap*) 0x000001f8657f2ea8, (CMBitMap*) 0x000001f8657f2ee0
 Prev Bits: [0x000001f8793f0000, 0x000001f87b3f0000)
 Next Bits: [0x000001f87b3f0000, 0x000001f87d3f0000)

Polling page: 0x000001f8637b0000

Metaspace:

Usage:
  Non-class:     84.62 MB capacity,    82.46 MB ( 97%) used,     1.75 MB (  2%) free+waste,   422.19 KB ( <1%) overhead. 
      Class:     14.21 MB capacity,    12.75 MB ( 90%) used,     1.25 MB (  9%) free+waste,   209.25 KB (  1%) overhead. 
       Both:     98.83 MB capacity,    95.21 MB ( 96%) used,     3.00 MB (  3%) free+waste,   631.44 KB ( <1%) overhead. 

Virtual space:
  Non-class space:       86.00 MB reserved,      85.46 MB (>99%) committed 
      Class space:        1.00 GB reserved,      14.65 MB (  1%) committed 
             Both:        1.08 GB reserved,     100.11 MB (  9%) committed 

Chunk freelists:
   Non-Class:  712.00 KB
       Class:  424.00 KB
        Both:  1.11 MB

MaxMetaspaceSize: 17179869184.00 GB
CompressedClassSpaceSize: 1.00 GB

CodeHeap 'non-profiled nmethods': size=120000Kb used=7018Kb max_used=7018Kb free=112981Kb
 bounds [0x000001f870d70000, 0x000001f871450000, 0x000001f8782a0000]
CodeHeap 'profiled nmethods': size=120000Kb used=24341Kb max_used=24341Kb free=95658Kb
 bounds [0x000001f869840000, 0x000001f86b010000, 0x000001f870d70000]
CodeHeap 'non-nmethods': size=5760Kb used=2302Kb max_used=2348Kb free=3457Kb
 bounds [0x000001f8692a0000, 0x000001f869510000, 0x000001f869840000]
 total_blobs=13473 nmethods=12565 adapters=819
 compilation: enabled
              stopped_count=0, restarted_count=0
 full_count=0

Compilation events (20 events):
Event: 8.691 Thread 0x000001f800aae800 nmethod 12689 0x000001f86affa610 code [0x000001f86affaac0, 0x000001f86affd1f8]
Event: 8.691 Thread 0x000001f800aae800 12685       3       java.util.ArrayDeque::pop (5 bytes)
Event: 8.691 Thread 0x000001f800aae800 nmethod 12685 0x000001f86affde10 code [0x000001f86affdfc0, 0x000001f86affe168]
Event: 8.691 Thread 0x000001f800aae800 12679       3       java.io.ObjectInputStream::readHandle (136 bytes)
Event: 8.692 Thread 0x000001f800aae800 nmethod 12679 0x000001f86affe210 code [0x000001f86affe5a0, 0x000001f86afffab8]
Event: 8.692 Thread 0x000001f800aae800 12693       2       org.gradle.internal.service.DefaultServiceRegistry::serviceRequested (42 bytes)
Event: 8.693 Thread 0x000001f800aae800 nmethod 12693 0x000001f86b000310 code [0x000001f86b000600, 0x000001f86b001258]
Event: 8.694 Thread 0x000001f800aae800 12697       2       org.gradle.internal.logging.slf4j.OutputEventListenerBackedLogger::debug (7 bytes)
Event: 8.694 Thread 0x000001f800aae800 nmethod 12697 0x000001f86b001890 code [0x000001f86b001a60, 0x000001f86b001db8]
Event: 8.694 Thread 0x000001f800aae800 12701       2       org.gradle.internal.logging.slf4j.OutputEventListenerBackedLogger::isInfoEnabled (5 bytes)
Event: 8.694 Thread 0x000001f800aae800 nmethod 12701 0x000001f86b002010 code [0x000001f86b0021c0, 0x000001f86b002348]
Event: 8.694 Thread 0x000001f800aae800 12700   !   2       org.gradle.internal.concurrent.ExecutorPolicy$CatchAndRecordFailures::onExecute (29 bytes)
Event: 8.696 Thread 0x000001f800aae800 nmethod 12700 0x000001f86b002490 code [0x000001f86b002760, 0x000001f86b003228]
Event: 8.696 Thread 0x000001f800aae800 12710       2       sun.nio.fs.WindowsPath::compareTo (118 bytes)
Event: 8.697 Thread 0x000001f800aae800 nmethod 12710 0x000001f86b003890 code [0x000001f86b003ae0, 0x000001f86b004228]
Event: 8.697 Thread 0x000001f800aae800 12698       2       org.gradle.internal.operations.DefaultBuildOperationRunner$BuildOperationTrackingListener::start (53 bytes)
Event: 8.697 Thread 0x000001f804461000 nmethod 12522% 0x000001f871448b10 code [0x000001f871448d00, 0x000001f87144a298]
Event: 8.697 Thread 0x000001f804461000 12714       4       com.google.common.collect.ImmutableSortedMap$Builder::build (229 bytes)
Event: 8.697 Thread 0x000001f800aae800 nmethod 12698 0x000001f86b004910 code [0x000001f86b004b40, 0x000001f86b005098]
Event: 8.698 Thread 0x000001f800aae800 12715       2       org.gradle.internal.operations.DefaultBuildOperationRunner$BuildOperationTrackingListener::close (42 bytes)

GC Heap History (20 events):
Event: 2.487 GC heap after
{Heap after GC invocations=5 (full 0):
 garbage-first heap   total 260096K, used 19997K [0x0000000080000000, 0x0000000100000000)
  region size 1024K, 4 young (4096K), 4 survivors (4096K)
 Metaspace       used 30428K, capacity 31130K, committed 31232K, reserved 1077248K
  class space    used 4094K, capacity 4339K, committed 4352K, reserved 1048576K
}
Event: 2.685 GC heap before
{Heap before GC invocations=5 (full 0):
 garbage-first heap   total 260096K, used 33309K [0x0000000080000000, 0x0000000100000000)
  region size 1024K, 19 young (19456K), 4 survivors (4096K)
 Metaspace       used 35054K, capacity 35830K, committed 35840K, reserved 1081344K
  class space    used 4547K, capacity 4864K, committed 4864K, reserved 1048576K
}
Event: 2.690 GC heap after
{Heap after GC invocations=6 (full 0):
 garbage-first heap   total 260096K, used 22095K [0x0000000080000000, 0x0000000100000000)
  region size 1024K, 6 young (6144K), 6 survivors (6144K)
 Metaspace       used 35054K, capacity 35830K, committed 35840K, reserved 1081344K
  class space    used 4547K, capacity 4864K, committed 4864K, reserved 1048576K
}
Event: 3.501 GC heap before
{Heap before GC invocations=7 (full 0):
 garbage-first heap   total 260096K, used 148047K [0x0000000080000000, 0x0000000100000000)
  region size 1024K, 126 young (129024K), 6 survivors (6144K)
 Metaspace       used 44867K, capacity 46029K, committed 46156K, reserved 1089536K
  class space    used 5777K, capacity 6187K, committed 6220K, reserved 1048576K
}
Event: 3.508 GC heap after
{Heap after GC invocations=8 (full 0):
 garbage-first heap   total 260096K, used 29217K [0x0000000080000000, 0x0000000100000000)
  region size 1024K, 13 young (13312K), 13 survivors (13312K)
 Metaspace       used 44867K, capacity 46029K, committed 46156K, reserved 1089536K
  class space    used 5777K, capacity 6187K, committed 6220K, reserved 1048576K
}
Event: 4.591 GC heap before
{Heap before GC invocations=8 (full 0):
 garbage-first heap   total 260096K, used 166433K [0x0000000080000000, 0x0000000100000000)
  region size 1024K, 145 young (148480K), 13 survivors (13312K)
 Metaspace       used 58671K, capacity 60209K, committed 60236K, reserved 1101824K
  class space    used 7437K, capacity 7993K, committed 8012K, reserved 1048576K
}
Event: 4.614 GC heap after
{Heap after GC invocations=9 (full 0):
 garbage-first heap   total 260096K, used 43848K [0x0000000080000000, 0x0000000100000000)
  region size 1024K, 19 young (19456K), 19 survivors (19456K)
 Metaspace       used 58671K, capacity 60209K, committed 60236K, reserved 1101824K
  class space    used 7437K, capacity 7993K, committed 8012K, reserved 1048576K
}
Event: 5.641 GC heap before
{Heap before GC invocations=10 (full 0):
 garbage-first heap   total 260096K, used 180040K [0x0000000080000000, 0x0000000100000000)
  region size 1024K, 152 young (155648K), 19 survivors (19456K)
 Metaspace       used 70043K, capacity 71823K, committed 72012K, reserved 1112064K
  class space    used 9056K, capacity 9686K, committed 9804K, reserved 1048576K
}
Event: 5.653 GC heap after
{Heap after GC invocations=11 (full 0):
 garbage-first heap   total 260096K, used 55495K [0x0000000080000000, 0x0000000100000000)
  region size 1024K, 12 young (12288K), 12 survivors (12288K)
 Metaspace       used 70043K, capacity 71823K, committed 72012K, reserved 1112064K
  class space    used 9056K, capacity 9686K, committed 9804K, reserved 1048576K
}
Event: 6.530 GC heap before
{Heap before GC invocations=11 (full 0):
 garbage-first heap   total 260096K, used 186567K [0x0000000080000000, 0x0000000100000000)
  region size 1024K, 141 young (144384K), 12 survivors (12288K)
 Metaspace       used 79783K, capacity 81725K, committed 81996K, reserved 1120256K
  class space    used 10319K, capacity 10996K, committed 11084K, reserved 1048576K
}
Event: 6.540 GC heap after
{Heap after GC invocations=12 (full 0):
 garbage-first heap   total 260096K, used 66496K [0x0000000080000000, 0x0000000100000000)
  region size 1024K, 12 young (12288K), 12 survivors (12288K)
 Metaspace       used 79783K, capacity 81725K, committed 81996K, reserved 1120256K
  class space    used 10319K, capacity 10996K, committed 11084K, reserved 1048576K
}
Event: 7.176 GC heap before
{Heap before GC invocations=12 (full 0):
 garbage-first heap   total 260096K, used 191424K [0x0000000080000000, 0x0000000100000000)
  region size 1024K, 135 young (138240K), 12 survivors (12288K)
 Metaspace       used 83494K, capacity 86044K, committed 86092K, reserved 1124352K
  class space    used 10898K, capacity 11830K, committed 11852K, reserved 1048576K
}
Event: 7.186 GC heap after
{Heap after GC invocations=13 (full 0):
 garbage-first heap   total 260096K, used 75457K [0x0000000080000000, 0x0000000100000000)
  region size 1024K, 9 young (9216K), 9 survivors (9216K)
 Metaspace       used 83494K, capacity 86044K, committed 86092K, reserved 1124352K
  class space    used 10898K, capacity 11830K, committed 11852K, reserved 1048576K
}
Event: 7.486 GC heap before
{Heap before GC invocations=13 (full 0):
 garbage-first heap   total 260096K, used 197313K [0x0000000080000000, 0x0000000100000000)
  region size 1024K, 129 young (132096K), 9 survivors (9216K)
 Metaspace       used 84161K, capacity 86733K, committed 86988K, reserved 1124352K
  class space    used 10938K, capacity 11885K, committed 11980K, reserved 1048576K
}
Event: 7.493 GC heap after
{Heap after GC invocations=14 (full 0):
 garbage-first heap   total 260096K, used 81098K [0x0000000080000000, 0x0000000100000000)
  region size 1024K, 15 young (15360K), 15 survivors (15360K)
 Metaspace       used 84161K, capacity 86733K, committed 86988K, reserved 1124352K
  class space    used 10938K, capacity 11885K, committed 11980K, reserved 1048576K
}
Event: 7.953 GC heap before
{Heap before GC invocations=14 (full 0):
 garbage-first heap   total 260096K, used 205002K [0x0000000080000000, 0x0000000100000000)
  region size 1024K, 133 young (136192K), 15 survivors (15360K)
 Metaspace       used 91742K, capacity 95285K, committed 95436K, reserved 1130496K
  class space    used 12251K, capacity 13661K, committed 13772K, reserved 1048576K
}
Event: 7.969 GC heap after
{Heap after GC invocations=15 (full 0):
 garbage-first heap   total 260096K, used 95786K [0x0000000080000000, 0x0000000100000000)
  region size 1024K, 17 young (17408K), 17 survivors (17408K)
 Metaspace       used 91742K, capacity 95285K, committed 95436K, reserved 1130496K
  class space    used 12251K, capacity 13661K, committed 13772K, reserved 1048576K
}
Event: 8.218 GC heap before
{Heap before GC invocations=15 (full 0):
 garbage-first heap   total 260096K, used 164394K [0x0000000080000000, 0x0000000100000000)
  region size 1024K, 85 young (87040K), 17 survivors (17408K)
 Metaspace       used 96604K, capacity 100653K, committed 100812K, reserved 1134592K
  class space    used 13152K, capacity 14764K, committed 14796K, reserved 1048576K
}
Event: 8.238 GC heap after
{Heap after GC invocations=16 (full 0):
 garbage-first heap   total 260096K, used 102021K [0x0000000080000000, 0x0000000100000000)
  region size 1024K, 6 young (6144K), 6 survivors (6144K)
 Metaspace       used 96604K, capacity 100653K, committed 100812K, reserved 1134592K
  class space    used 13152K, capacity 14764K, committed 14796K, reserved 1048576K
}
Event: 8.698 GC heap before
{Heap before GC invocations=17 (full 0):
 garbage-first heap   total 260096K, used 190085K [0x0000000080000000, 0x0000000100000000)
  region size 1024K, 92 young (94208K), 6 survivors (6144K)
 Metaspace       used 97494K, capacity 101200K, committed 102508K, reserved 1136640K
  class space    used 13058K, capacity 14552K, committed 15000K, reserved 1048576K
}

Deoptimization events (20 events):
Event: 8.641 Thread 0x000001f808f06800 DEOPT PACKING pc=0x000001f87140d190 sp=0x0000000ecd0fa120
Event: 8.641 Thread 0x000001f808f06800 DEOPT UNPACKING pc=0x000001f8692c78af sp=0x0000000ecd0fa0a8 mode 2
Event: 8.658 Thread 0x000001f806920000 Uncommon trap: trap_request=0xffffff4d fr.pc=0x000001f870fd86ac relative=0x000000000000022c
Event: 8.658 Thread 0x000001f806920000 Uncommon trap: reason=unstable_if action=reinterpret pc=0x000001f870fd86ac method=com.esotericsoftware.kryo.io.Output.writeString(Ljava/lang/CharSequence;)V @ 50 c2
Event: 8.658 Thread 0x000001f806920000 DEOPT PACKING pc=0x000001f870fd86ac sp=0x0000000ecdafe270
Event: 8.658 Thread 0x000001f806920000 DEOPT UNPACKING pc=0x000001f8692c78af sp=0x0000000ecdafe1f0 mode 2
Event: 8.659 Thread 0x000001f808f06800 DEOPT PACKING pc=0x000001f86abe32c4 sp=0x0000000ecd0fcc60
Event: 8.659 Thread 0x000001f808f06800 DEOPT UNPACKING pc=0x000001f8692c76ce sp=0x0000000ecd0fc158 mode 0
Event: 8.659 Thread 0x000001f808f06800 DEOPT PACKING pc=0x000001f86abbef2c sp=0x0000000ecd0fcda0
Event: 8.659 Thread 0x000001f808f06800 DEOPT UNPACKING pc=0x000001f8692c76ce sp=0x0000000ecd0fc250 mode 0
Event: 8.659 Thread 0x000001f808f06800 DEOPT PACKING pc=0x000001f86abd3f14 sp=0x0000000ecd0fd420
Event: 8.659 Thread 0x000001f808f06800 DEOPT UNPACKING pc=0x000001f8692c76ce sp=0x0000000ecd0fc9c0 mode 0
Event: 8.681 Thread 0x000001f808f06800 Uncommon trap: trap_request=0xffffffd6 fr.pc=0x000001f871441864 relative=0x0000000000001c04
Event: 8.681 Thread 0x000001f808f06800 Uncommon trap: reason=array_check action=maybe_recompile pc=0x000001f871441864 method=java.util.TimSort.reverseRange([Ljava/lang/Object;II)V @ 20 c2
Event: 8.681 Thread 0x000001f808f06800 DEOPT PACKING pc=0x000001f871441864 sp=0x0000000ecd0f77b0
Event: 8.681 Thread 0x000001f808f06800 DEOPT UNPACKING pc=0x000001f8692c78af sp=0x0000000ecd0f7668 mode 2
Event: 8.694 Thread 0x000001f80692b800 Uncommon trap: trap_request=0xffffff4d fr.pc=0x000001f87132f308 relative=0x0000000000000228
Event: 8.694 Thread 0x000001f80692b800 Uncommon trap: reason=unstable_if action=reinterpret pc=0x000001f87132f308 method=sun.nio.fs.WindowsPath.compareTo(Ljava/nio/file/Path;)I @ 76 c2
Event: 8.694 Thread 0x000001f80692b800 DEOPT PACKING pc=0x000001f87132f308 sp=0x0000000ece1faf00
Event: 8.694 Thread 0x000001f80692b800 DEOPT UNPACKING pc=0x000001f8692c78af sp=0x0000000ece1fae68 mode 2

Classes redefined (0 events):
No events

Internal exceptions (20 events):
Event: 8.447 Thread 0x000001f806924800 Exception <a 'sun/nio/fs/WindowsException'{0x000000008c98f430}> (0x000000008c98f430) thrown at [./src/hotspot/share/prims/jni.cpp, line 615]
Event: 8.448 Thread 0x000001f806924800 Exception <a 'sun/nio/fs/WindowsException'{0x000000008c743358}> (0x000000008c743358) thrown at [./src/hotspot/share/prims/jni.cpp, line 615]
Event: 8.449 Thread 0x000001f806925000 Exception <a 'sun/nio/fs/WindowsException'{0x000000008c797e98}> (0x000000008c797e98) thrown at [./src/hotspot/share/prims/jni.cpp, line 615]
Event: 8.450 Thread 0x000001f806924800 Exception <a 'sun/nio/fs/WindowsException'{0x000000008c74caa0}> (0x000000008c74caa0) thrown at [./src/hotspot/share/prims/jni.cpp, line 615]
Event: 8.451 Thread 0x000001f806925000 Exception <a 'sun/nio/fs/WindowsException'{0x000000008c79fea8}> (0x000000008c79fea8) thrown at [./src/hotspot/share/prims/jni.cpp, line 615]
Event: 8.451 Thread 0x000001f806924800 Exception <a 'sun/nio/fs/WindowsException'{0x000000008c7efd28}> (0x000000008c7efd28) thrown at [./src/hotspot/share/prims/jni.cpp, line 615]
Event: 8.452 Thread 0x000001f806924800 Exception <a 'sun/nio/fs/WindowsException'{0x000000008c7f7228}> (0x000000008c7f7228) thrown at [./src/hotspot/share/prims/jni.cpp, line 615]
Event: 8.453 Thread 0x000001f806925000 Exception <a 'sun/nio/fs/WindowsException'{0x000000008c6c5618}> (0x000000008c6c5618) thrown at [./src/hotspot/share/prims/jni.cpp, line 615]
Event: 8.455 Thread 0x000001f806925000 Exception <a 'sun/nio/fs/WindowsException'{0x000000008c6ce048}> (0x000000008c6ce048) thrown at [./src/hotspot/share/prims/jni.cpp, line 615]
Event: 8.456 Thread 0x000001f806925000 Exception <a 'sun/nio/fs/WindowsException'{0x000000008c6d4e08}> (0x000000008c6d4e08) thrown at [./src/hotspot/share/prims/jni.cpp, line 615]
Event: 8.457 Thread 0x000001f806925000 Exception <a 'sun/nio/fs/WindowsException'{0x000000008c5c6520}> (0x000000008c5c6520) thrown at [./src/hotspot/share/prims/jni.cpp, line 615]
Event: 8.458 Thread 0x000001f806925000 Exception <a 'sun/nio/fs/WindowsException'{0x000000008c5d2298}> (0x000000008c5d2298) thrown at [./src/hotspot/share/prims/jni.cpp, line 615]
Event: 8.460 Thread 0x000001f806925000 Exception <a 'sun/nio/fs/WindowsException'{0x000000008c4e9678}> (0x000000008c4e9678) thrown at [./src/hotspot/share/prims/jni.cpp, line 615]
Event: 8.462 Thread 0x000001f806925000 Exception <a 'sun/nio/fs/WindowsException'{0x000000008c3c1020}> (0x000000008c3c1020) thrown at [./src/hotspot/share/prims/jni.cpp, line 615]
Event: 8.463 Thread 0x000001f806925000 Exception <a 'sun/nio/fs/WindowsException'{0x000000008c3c8ed8}> (0x000000008c3c8ed8) thrown at [./src/hotspot/share/prims/jni.cpp, line 615]
Event: 8.464 Thread 0x000001f806925000 Exception <a 'sun/nio/fs/WindowsException'{0x000000008c3cf4c0}> (0x000000008c3cf4c0) thrown at [./src/hotspot/share/prims/jni.cpp, line 615]
Event: 8.466 Thread 0x000001f806925000 Exception <a 'sun/nio/fs/WindowsException'{0x000000008c2e83e0}> (0x000000008c2e83e0) thrown at [./src/hotspot/share/prims/jni.cpp, line 615]
Event: 8.657 Thread 0x000001f808f06800 Exception <a 'java/lang/NoSuchMethodError'{0x000000008abd13e8}: 'void java.lang.invoke.DirectMethodHandle$Holder.invokeStatic(java.lang.Object, java.lang.Object, java.lang.Object, java.lang.Object, java.lang.Object, java.lang.Object, java.lang.Object)'> (0x000000008abd13e8) thrown at [./src/hotspot/share/interpreter/linkResolver.cpp, line 773]
Event: 8.661 Thread 0x000001f803770800 Exception <a 'java/lang/NoSuchMethodError'{0x000000008aa8dcf8}: <clinit>> (0x000000008aa8dcf8) thrown at [./src/hotspot/share/prims/jni.cpp, line 1362]
Event: 8.681 Thread 0x000001f808f06800 Exception <a 'java/lang/NoSuchMethodError'{0x000000008a8427a0}: <clinit>> (0x000000008a8427a0) thrown at [./src/hotspot/share/prims/jni.cpp, line 1362]

Events (20 events):
Event: 8.692 loading class kotlin/ranges/IntProgression done
Event: 8.692 loading class kotlin/ranges/IntProgression$Companion
Event: 8.692 loading class kotlin/ranges/IntProgression$Companion done
Event: 8.692 loading class kotlin/ranges/IntRange$Companion
Event: 8.692 loading class kotlin/ranges/IntRange$Companion done
Event: 8.692 loading class kotlin/internal/ProgressionUtilKt
Event: 8.692 loading class kotlin/internal/ProgressionUtilKt done
Event: 8.693 loading class kotlin/ranges/IntProgressionIterator
Event: 8.693 loading class kotlin/ranges/IntProgressionIterator done
Event: 8.693 loading class kotlin/collections/IntIterator
Event: 8.693 loading class kotlin/collections/IntIterator done
Event: 8.693 loading class com/android/builder/dexing/DexUtilsKt$getSortedFilesInDir$2$1
Event: 8.693 loading class com/android/builder/dexing/DexUtilsKt$getSortedFilesInDir$2$1 done
Event: 8.694 loading class kotlin/streams/jdk8/StreamsKt
Event: 8.694 loading class kotlin/streams/jdk8/StreamsKt done
Event: 8.694 loading class kotlin/streams/jdk8/StreamsKt
Event: 8.694 loading class kotlin/streams/jdk8/StreamsKt done
Event: 8.698 loading class com/android/builder/dexing/DexUtilsKt$getSortedFilesInDir$2$2
Event: 8.698 loading class com/android/builder/dexing/DexUtilsKt$getSortedFilesInDir$2$2 done
Event: 8.698 Executing VM operation: G1CollectForAllocation


Dynamic libraries:
0x00007ff72b130000 - 0x00007ff72b13a000 	C:\Program Files\Android\Android Studio\jre\bin\java.exe
0x00007ff91a0a0000 - 0x00007ff91a2a7000 	C:\WINDOWS\SYSTEM32\ntdll.dll
0x00007ff919b50000 - 0x00007ff919c0d000 	C:\WINDOWS\System32\KERNEL32.DLL
0x00007ff917810000 - 0x00007ff917b84000 	C:\WINDOWS\System32\KERNELBASE.dll
0x00007ff917b90000 - 0x00007ff917ca1000 	C:\WINDOWS\System32\ucrtbase.dll
0x00007ff908630000 - 0x00007ff908649000 	C:\Program Files\Android\Android Studio\jre\bin\jli.dll
0x00007ff907a40000 - 0x00007ff907a57000 	C:\Program Files\Android\Android Studio\jre\bin\VCRUNTIME140.dll
0x00007ff919de0000 - 0x00007ff919f8c000 	C:\WINDOWS\System32\USER32.dll
0x00007ff9176f0000 - 0x00007ff917716000 	C:\WINDOWS\System32\win32u.dll
0x00007ff8feac0000 - 0x00007ff8fed65000 	C:\WINDOWS\WinSxS\amd64_microsoft.windows.common-controls_6595b64144ccf1df_6.0.22000.120_none_9d947278b86cc467\COMCTL32.dll
0x00007ff918aa0000 - 0x00007ff918ac9000 	C:\WINDOWS\System32\GDI32.dll
0x00007ff9199b0000 - 0x00007ff919a53000 	C:\WINDOWS\System32\msvcrt.dll
0x00007ff917cb0000 - 0x00007ff917dc2000 	C:\WINDOWS\System32\gdi32full.dll
0x00007ff917650000 - 0x00007ff9176ed000 	C:\WINDOWS\System32\msvcp_win.dll
0x00007ff919200000 - 0x00007ff919231000 	C:\WINDOWS\System32\IMM32.DLL
0x00007ff8f5bd0000 - 0x00007ff8f5c6d000 	C:\Program Files\Android\Android Studio\jre\bin\msvcp140.dll
0x00007ff8be0e0000 - 0x00007ff8bebaf000 	C:\Program Files\Android\Android Studio\jre\bin\server\jvm.dll
0x00007ff918850000 - 0x00007ff9188fe000 	C:\WINDOWS\System32\ADVAPI32.dll
0x00007ff919040000 - 0x00007ff9190de000 	C:\WINDOWS\System32\sechost.dll
0x00007ff918910000 - 0x00007ff918a30000 	C:\WINDOWS\System32\RPCRT4.dll
0x00007ff918900000 - 0x00007ff918908000 	C:\WINDOWS\System32\PSAPI.DLL
0x00007ff909200000 - 0x00007ff909233000 	C:\WINDOWS\SYSTEM32\WINMM.dll
0x00007ff8f6b30000 - 0x00007ff8f6b39000 	C:\WINDOWS\SYSTEM32\WSOCK32.dll
0x00007ff912490000 - 0x00007ff91249a000 	C:\WINDOWS\SYSTEM32\VERSION.dll
0x00007ff918ad0000 - 0x00007ff918b3f000 	C:\WINDOWS\System32\WS2_32.dll
0x00007ff916780000 - 0x00007ff916798000 	C:\WINDOWS\SYSTEM32\kernel.appcore.dll
0x00007ff8be0c0000 - 0x00007ff8be0d1000 	C:\Program Files\Android\Android Studio\jre\bin\verify.dll
0x00007ff905910000 - 0x00007ff905b31000 	C:\WINDOWS\SYSTEM32\DBGHELP.DLL
0x00007ff903f40000 - 0x00007ff903f71000 	C:\WINDOWS\SYSTEM32\dbgcore.DLL
0x00007ff917720000 - 0x00007ff91779f000 	C:\WINDOWS\System32\bcryptPrimitives.dll
0x00007ff8be090000 - 0x00007ff8be0b9000 	C:\Program Files\Android\Android Studio\jre\bin\java.dll
0x00007ff8f5df0000 - 0x00007ff8f5dfb000 	C:\Program Files\Android\Android Studio\jre\bin\jimage.dll
0x00007ff8be070000 - 0x00007ff8be088000 	C:\Program Files\Android\Android Studio\jre\bin\zip.dll
0x00007ff9180a0000 - 0x00007ff91884e000 	C:\WINDOWS\System32\SHELL32.dll
0x00007ff915710000 - 0x00007ff915f77000 	C:\WINDOWS\SYSTEM32\windows.storage.dll
0x00007ff9194e0000 - 0x00007ff919858000 	C:\WINDOWS\System32\combase.dll
0x00007ff9155a0000 - 0x00007ff915706000 	C:\WINDOWS\SYSTEM32\wintypes.dll
0x00007ff919a60000 - 0x00007ff919b4a000 	C:\WINDOWS\System32\SHCORE.dll
0x00007ff919ff0000 - 0x00007ff91a04d000 	C:\WINDOWS\System32\shlwapi.dll
0x00007ff9174c0000 - 0x00007ff9174e1000 	C:\WINDOWS\SYSTEM32\profapi.dll
0x00007ff8bcc40000 - 0x00007ff8bcc5a000 	C:\Program Files\Android\Android Studio\jre\bin\net.dll
0x00007ff9126b0000 - 0x00007ff9127bc000 	C:\WINDOWS\SYSTEM32\WINHTTP.dll
0x00007ff916bb0000 - 0x00007ff916c17000 	C:\WINDOWS\system32\mswsock.dll
0x00007ff8bcc20000 - 0x00007ff8bcc34000 	C:\Program Files\Android\Android Studio\jre\bin\nio.dll
0x00007ff910960000 - 0x00007ff910987000 	D:\aa\native\8bec1ad78214c89d9ad589b4d07fe93259594b29d510b10fafb7a158f7737e5d\windows-amd64\native-platform.dll
0x00007ff8b2ef0000 - 0x00007ff8b302d000 	D:\aa\native\53dbd7edfb1c66fb8903c78663c9afc45aea4f116125fa6feffd364cf09443e8\windows-amd64\native-platform-file-events.dll
0x00007ff8f51e0000 - 0x00007ff8f51ea000 	C:\Program Files\Android\Android Studio\jre\bin\management.dll
0x00007ff8f4d10000 - 0x00007ff8f4d1c000 	C:\Program Files\Android\Android Studio\jre\bin\management_ext.dll
0x00007ff916df0000 - 0x00007ff916e08000 	C:\WINDOWS\SYSTEM32\CRYPTSP.dll
0x00007ff9166e0000 - 0x00007ff916715000 	C:\WINDOWS\system32\rsaenh.dll
0x00007ff916ca0000 - 0x00007ff916cc9000 	C:\WINDOWS\SYSTEM32\USERENV.dll
0x00007ff916f70000 - 0x00007ff916f97000 	C:\WINDOWS\SYSTEM32\bcrypt.dll
0x00007ff916e10000 - 0x00007ff916e1c000 	C:\WINDOWS\SYSTEM32\CRYPTBASE.dll
0x00007ff9162b0000 - 0x00007ff9162dd000 	C:\WINDOWS\SYSTEM32\IPHLPAPI.DLL
0x00007ff918b40000 - 0x00007ff918b49000 	C:\WINDOWS\System32\NSI.dll
0x00007ff9127d0000 - 0x00007ff9127e9000 	C:\WINDOWS\SYSTEM32\dhcpcsvc6.DLL
0x00007ff912a80000 - 0x00007ff912a9e000 	C:\WINDOWS\SYSTEM32\dhcpcsvc.DLL
0x00007ff9162e0000 - 0x00007ff9163c7000 	C:\WINDOWS\SYSTEM32\DNSAPI.dll

dbghelp: loaded successfully - version: 4.0.5 - missing functions: none
symbol engine: initialized successfully - sym options: 0x614 - pdb path: .;C:\Program Files\Android\Android Studio\jre\bin;C:\WINDOWS\SYSTEM32;C:\WINDOWS\WinSxS\amd64_microsoft.windows.common-controls_6595b64144ccf1df_6.0.22000.120_none_9d947278b86cc467;C:\Program Files\Android\Android Studio\jre\bin\server;D:\aa\native\8bec1ad78214c89d9ad589b4d07fe93259594b29d510b10fafb7a158f7737e5d\windows-amd64;D:\aa\native\53dbd7edfb1c66fb8903c78663c9afc45aea4f116125fa6feffd364cf09443e8\windows-amd64

VM Arguments:
jvm_args: --add-opens=java.base/java.util=ALL-UNNAMED --add-opens=java.base/java.lang=ALL-UNNAMED --add-opens=java.base/java.lang.invoke=ALL-UNNAMED --add-opens=java.base/java.util=ALL-UNNAMED --add-opens=java.prefs/java.util.prefs=ALL-UNNAMED --add-opens=java.prefs/java.util.prefs=ALL-UNNAMED --add-opens=java.base/java.nio.charset=ALL-UNNAMED --add-opens=java.base/java.net=ALL-UNNAMED --add-opens=java.base/java.util.concurrent.atomic=ALL-UNNAMED -Xmx2048m -Dfile.encoding=UTF-8 -Duser.country=IN -Duser.language=en -Duser.variant 
java_command: org.gradle.launcher.daemon.bootstrap.GradleDaemon 7.0.2
java_class_path (initial): D:\aa\wrapper\dists\gradle-7.0.2-bin\857tjihv64xamwrf0h14cai3r\gradle-7.0.2\lib\gradle-launcher-7.0.2.jar
Launcher Type: SUN_STANDARD

[Global flags]
     intx CICompilerCount                          = 4                                         {product} {ergonomic}
     uint ConcGCThreads                            = 3                                         {product} {ergonomic}
     uint G1ConcRefinementThreads                  = 10                                        {product} {ergonomic}
   size_t G1HeapRegionSize                         = 1048576                                   {product} {ergonomic}
    uintx GCDrainStackTargetSize                   = 64                                        {product} {ergonomic}
   size_t InitialHeapSize                          = 266338304                                 {product} {ergonomic}
   size_t MarkStackSize                            = 4194304                                   {product} {ergonomic}
   size_t MaxHeapSize                              = 2147483648                                {product} {command line}
   size_t MaxNewSize                               = 1287651328                                {product} {ergonomic}
   size_t MinHeapDeltaBytes                        = 1048576                                   {product} {ergonomic}
    uintx NonNMethodCodeHeapSize                   = 5836300                                {pd product} {ergonomic}
    uintx NonProfiledCodeHeapSize                  = 122910970                              {pd product} {ergonomic}
    uintx ProfiledCodeHeapSize                     = 122910970                              {pd product} {ergonomic}
    uintx ReservedCodeCacheSize                    = 251658240                              {pd product} {ergonomic}
     bool SegmentedCodeCache                       = true                                      {product} {ergonomic}
     bool UseCompressedClassPointers               = true                                 {lp64_product} {ergonomic}
     bool UseCompressedOops                        = true                                 {lp64_product} {ergonomic}
     bool UseG1GC                                  = true                                      {product} {ergonomic}
     bool UseLargePagesIndividualAllocation        = false                                  {pd product} {ergonomic}

Logging:
Log output configuration:
 #0: stdout all=warning uptime,level,tags
 #1: stderr all=off uptime,level,tags

Environment Variables:
JAVA_HOME=C:\Program Files\Java\jdk-15.0.2
PATH=C:\MinGW;C:\MinGW\bin;C:\Program Files\Java\jdk-15.0.2\bin;C:\Program Files\Common Files\Oracle\Java\javapath;C:\Windows\system32;C:\Windows;C:\Windows\System32\Wbem;C:\Windows\System32\WindowsPowerShell\v1.0\;C:\Windows\System32\OpenSSH\;C:\Program Files (x86)\NVIDIA Corporation\PhysX\Common;C:\Program Files\NVIDIA Corporation\NVIDIA NvDLISR;C:\WINDOWS\system32;C:\WINDOWS;C:\WINDOWS\System32\Wbem;C:\WINDOWS\System32\WindowsPowerShell\v1.0\;C:\WINDOWS\System32\OpenSSH\;C:\Program Files\Git\cmd;C:\Program Files\dotnet\;C:\Users\Deepak\Desktop\gradle1\gradle-7.0.1\bin;C:\Users\Deepak\Desktop\gradle1\gradle-7.0.1;C:\Program Files\nodejs;C:\Program Files\Google\Google Apps Sync\;C:\Program Files\Google\Google Apps Migration\;C:\Program Files\Microsoft SQL Server\150\Tools\Binn\;C:\Program Files\Microsoft SQL Server\Client SDK\ODBC\170\Tools\Binn\;C:\Users\Deepak\anaconda3;C:\Users\Deepak\anaconda3\Library\mingw-w64\bin;C:\Users\Deepak\anaconda3\Library\usr\bin;C:\Users\Deepak\anaconda3\Library\bin;C:\Users\Deepak\anaconda3\Scripts;C:\Program Files\MySQL\MySQL Shell 8.0\bin\;C:\src\flutter\flutter\bin;C:\Users\Deepak\AppData\Local\Programs\Python\Python39\Scripts\;C:\Users\Deepak\AppData\Local\Programs\Python\Python39\;C:\Program Files\Java\jdk-15.0.2\bin;C:\Program Files\JetBrains\IntelliJ IDEA 2020.3.2\bin;;C:\Users\Deepak\AppData\Local\Microsoft\WindowsApps;C:\Users\Deepak\AppData\Local\Programs\Microsoft VS Code\bin;C:\Users\Deepak\AppData\Local\Programs\radare2\bin;C:\Modeltech_eval_6.2c\win32;C:\Modeltech_6.2c\win32;C:\Program Files\JetBrains\IntelliJ IDEA Community Edition 2021.1.2\bin;;C:\Program Files\JetBrains\PyCharm Community Edition 2021.1.2\bin;;C:\Users\Deepak\AppData\Roaming\npm;C:\Users\Deepak\AppData\Local\GitHubDesktop\bin;C:\Users\Deepak\.dotnet\tools
USERNAME=Deepak
OS=Windows_NT
PROCESSOR_IDENTIFIER=Intel64 Family 6 Model 158 Stepping 10, GenuineIntel



---------------  S Y S T E M  ---------------

OS: Windows 10 , 64 bit Build 22000 (10.0.22000.434)
OS uptime: 0 days 19:57 hours

CPU:total 12 (initial active 12) (6 cores per cpu, 2 threads per core) family 6 model 158 stepping 10 microcode 0xde, cmov, cx8, fxsr, mmx, sse, sse2, sse3, ssse3, sse4.1, sse4.2, popcnt, avx, avx2, aes, clmul, erms, 3dnowpref, lzcnt, ht, tsc, tscinvbit, bmi1, bmi2, adx, fma

Memory: 4k page, system-wide physical 16225M (2574M free)
TotalPageFile size 16225M (AvailPageFile size 45M)
current process WorkingSet (physical memory assigned to process): 571M, peak: 571M
current process commit charge ("private bytes"): 610M, peak: 661M

vm_info: OpenJDK 64-Bit Server VM (11.0.10+0-b96-7249189) for windows-amd64 JRE (11.0.10+0-b96-7249189), built on Mar 31 2021 21:44:00 by "builder" with MS VC++ 14.0 (VS2015)

END.
