#
# There is insufficient memory for the Java Runtime Environment to continue.
# Native memory allocation (mmap) failed to map 10485760 bytes for G1 virtual space
# Possible reasons:
#   The system is out of physical RAM or swap space
#   The process is running with CompressedOops enabled, and the Java Heap may be blocking the growth of the native heap
# Possible solutions:
#   Reduce memory load on the system
#   Increase physical memory or swap space
#   Check if swap backing store is full
#   Decrease Java heap size (-Xmx/-Xms)
#   Decrease number of Java threads
#   Decrease Java thread stack sizes (-Xss)
#   Set larger code cache with -XX:ReservedCodeCacheSize=
#   JVM is running with Unscaled Compressed Oops mode in which the Java heap is
#     placed in the first 4GB address space. The Java Heap base address is the
#     maximum limit for the native heap growth. Please use -XX:HeapBaseMinAddress
#     to set the Java Heap base and to place the Java Heap above 4GB virtual address.
# This output file may be truncated or incomplete.
#
#  Out of Memory Error (./open/src/hotspot/os/windows/os_windows.cpp:3321), pid=16064, tid=11556
#
# JRE version: Java(TM) SE Runtime Environment (15.0.2+7) (build 15.0.2+7-27)
# Java VM: Java HotSpot(TM) 64-Bit Server VM (15.0.2+7-27, mixed mode, sharing, tiered, compressed oops, g1 gc, windows-amd64)
# No core dump will be written. Minidumps are not enabled by default on client versions of Windows
#

---------------  S U M M A R Y ------------

Command Line: --add-opens=java.base/java.util=ALL-UNNAMED --add-opens=java.base/java.lang=ALL-UNNAMED --add-opens=java.base/java.lang.invoke=ALL-UNNAMED --add-opens=java.base/java.util=ALL-UNNAMED --add-opens=java.prefs/java.util.prefs=ALL-UNNAMED --add-opens=java.prefs/java.util.prefs=ALL-UNNAMED --add-opens=java.base/java.nio.charset=ALL-UNNAMED --add-opens=java.base/java.net=ALL-UNNAMED --add-opens=java.base/java.util.concurrent.atomic=ALL-UNNAMED -Xmx2048m -Dfile.encoding=UTF-8 -Duser.country=IN -Duser.language=en -Duser.variant org.gradle.launcher.daemon.bootstrap.GradleDaemon 7.0.2

Host: Intel(R) Core(TM) i7-9750H CPU @ 2.60GHz, 12 cores, 15G,  Windows 10 , 64 bit Build 22000 (10.0.22000.434)
Time: Fri Feb 18 22:32:13 2022 India Standard Time elapsed time: 21.060123 seconds (0d 0h 0m 21s)

---------------  T H R E A D  ---------------

Current thread (0x00000234ff9bfeb0):  VMThread "VM Thread" [stack: 0x00000079d2900000,0x00000079d2a00000] [id=11556]

Stack: [0x00000079d2900000,0x00000079d2a00000]
[error occurred during error reporting (printing stack bounds), id 0xc0000005, EXCEPTION_ACCESS_VIOLATION (0xc0000005) at pc=0x00000234881610ad]

Native frames: (J=compiled Java code, j=interpreted, Vv=VM code, C=native code)
V  [jvm.dll+0x62ae9a]
V  [jvm.dll+0x7817a9]
V  [jvm.dll+0x782f03]
V  [jvm.dll+0x7834c5]
V  [jvm.dll+0x78347b]
V  [jvm.dll+0x62a2b9]
V  [jvm.dll+0x62aa88]
C  [ntdll.dll+0xa86ef]
C  [ntdll.dll+0x35aea]
C  [ntdll.dll+0xa76fe]
C  0x00000234881610ad

VM_Operation (0x00000079d25ff760): G1Concurrent, mode: safepoint, requested by thread 0x00000234fbb4cd40


---------------  P R O C E S S  ---------------

Threads class SMR info:
_java_thread_list=0x00000234a395bef0, length=76, elements={
0x00000234fbaf6a70, 0x00000234ff9c2550, 0x00000234ff9c2f30, 0x00000234ff9ce2f0,
0x00000234ff9ddef0, 0x00000234ff9de3c0, 0x00000234ff9dffc0, 0x00000234ff9f6a60,
0x00000234ff9f7360, 0x00000234ffb22410, 0x00000234ffb70170, 0x000002349e265630,
0x000002349c5089c0, 0x000002349c50a6a0, 0x000002349c50ab70, 0x000002349c509360,
0x000002349c508e90, 0x000002349c50b510, 0x000002349c50b040, 0x000002349c50a1d0,
0x000002349c507b50, 0x000002349c508020, 0x000002349c509830, 0x000002349c509d00,
0x00000234a03d5b10, 0x00000234a03d3960, 0x00000234a03d12e0, 0x00000234a03d4ca0,
0x00000234a03d4300, 0x00000234a03d0e10, 0x00000234a03d5fe0, 0x00000234a03d77f0,
0x00000234a03d64b0, 0x00000234a03d47d0, 0x00000234a03d5170, 0x00000234a03d5640,
0x00000234a03d7320, 0x00000234a03d2fc0, 0x000002349eb2e000, 0x000002349eb2db30,
0x000002349eb2fce0, 0x000002349eb2d190, 0x000002349eb2e4d0, 0x000002349eb2f340,
0x000002349eb28960, 0x000002349eb2a170, 0x000002349eb2a640, 0x000002349eb2e9a0,
0x000002349eb2c7f0, 0x000002349eb2ccc0, 0x000002349eb2d660, 0x000002349eb2ee70,
0x000002349eb2c320, 0x000002349eb28490, 0x000002349eb2f810, 0x000002349eb2ab10,
0x000002349eb28e30, 0x000002349eb2afe0, 0x000002349eb29ca0, 0x00000234a3abbe10,
0x00000234a3ab9790, 0x00000234a3ab9c60, 0x00000234a3ab8450, 0x00000234a3abc2e0,
0x00000234a3abb470, 0x00000234a3abd150, 0x00000234a3abafa0, 0x00000234a3ab7f80,
0x00000234a3abcc80, 0x00000234a3abc7b0, 0x00000234a3ab7110, 0x00000234a3abb940,
0x00000234a3abd620, 0x00000234a3abdaf0, 0x000002349da6cf90, 0x000002349da725a0
}

Java Threads: ( => current thread )
  0x00000234fbaf6a70 JavaThread "main" [_thread_blocked, id=10452, stack(0x00000079d2300000,0x00000079d2400000)]
  0x00000234ff9c2550 JavaThread "Reference Handler" daemon [_thread_blocked, id=9112, stack(0x00000079d2a00000,0x00000079d2b00000)]
  0x00000234ff9c2f30 JavaThread "Finalizer" daemon [_thread_blocked, id=8892, stack(0x00000079d2b00000,0x00000079d2c00000)]
  0x00000234ff9ce2f0 JavaThread "Signal Dispatcher" daemon [_thread_blocked, id=16124, stack(0x00000079d2c00000,0x00000079d2d00000)]
  0x00000234ff9ddef0 JavaThread "Attach Listener" daemon [_thread_blocked, id=9396, stack(0x00000079d2d00000,0x00000079d2e00000)]
  0x00000234ff9de3c0 JavaThread "Service Thread" daemon [_thread_blocked, id=22368, stack(0x00000079d2e00000,0x00000079d2f00000)]
  0x00000234ff9dffc0 JavaThread "C2 CompilerThread0" daemon [_thread_blocked, id=14316, stack(0x00000079d2f00000,0x00000079d3000000)]
  0x00000234ff9f6a60 JavaThread "C1 CompilerThread0" daemon [_thread_blocked, id=14028, stack(0x00000079d3000000,0x00000079d3100000)]
  0x00000234ff9f7360 JavaThread "Sweeper thread" daemon [_thread_blocked, id=8528, stack(0x00000079d3100000,0x00000079d3200000)]
  0x00000234ffb22410 JavaThread "Common-Cleaner" daemon [_thread_blocked, id=18912, stack(0x00000079d3200000,0x00000079d3300000)]
  0x00000234ffb70170 JavaThread "Notification Thread" daemon [_thread_blocked, id=11412, stack(0x00000079d3300000,0x00000079d3400000)]
  0x000002349e265630 JavaThread "Daemon health stats" [_thread_blocked, id=7696, stack(0x00000079d3c00000,0x00000079d3d00000)]
  0x000002349c5089c0 JavaThread "Incoming local TCP Connector on port 54250" [_thread_in_native, id=10512, stack(0x00000079d3600000,0x00000079d3700000)]
  0x000002349c50a6a0 JavaThread "Daemon periodic checks" [_thread_blocked, id=15308, stack(0x00000079d3d00000,0x00000079d3e00000)]
  0x000002349c50ab70 JavaThread "Daemon" [_thread_blocked, id=6992, stack(0x00000079d3e00000,0x00000079d3f00000)]
  0x000002349c509360 JavaThread "Handler for socket connection from /127.0.0.1:54250 to /127.0.0.1:54252" [_thread_in_native, id=12684, stack(0x00000079d3f00000,0x00000079d4000000)]
  0x000002349c508e90 JavaThread "Cancel handler" [_thread_blocked, id=16828, stack(0x00000079d4000000,0x00000079d4100000)]
  0x000002349c50b510 JavaThread "Daemon worker" [_thread_blocked, id=15600, stack(0x00000079d4100000,0x00000079d4200000)]
  0x000002349c50b040 JavaThread "Asynchronous log dispatcher for DefaultDaemonConnection: socket connection from /127.0.0.1:54250 to /127.0.0.1:54252" [_thread_blocked, id=15720, stack(0x00000079d4200000,0x00000079d4300000)]
  0x000002349c50a1d0 JavaThread "Stdin handler" [_thread_blocked, id=4920, stack(0x00000079d4300000,0x00000079d4400000)]
  0x000002349c507b50 JavaThread "Daemon client event forwarder" [_thread_blocked, id=968, stack(0x00000079d4400000,0x00000079d4500000)]
  0x000002349c508020 JavaThread "Cache worker for file hash cache (D:\aa\caches\7.0.2\fileHashes)" [_thread_blocked, id=10244, stack(0x00000079d3500000,0x00000079d3600000)]
  0x000002349c509830 JavaThread "File lock request listener" [_thread_in_native, id=17404, stack(0x00000079d4500000,0x00000079d4600000)]
  0x000002349c509d00 JavaThread "Cache worker for journal cache (D:\aa\caches\journal-1)" [_thread_blocked, id=5896, stack(0x00000079d4600000,0x00000079d4700000)]
  0x00000234a03d5b10 JavaThread "Cache worker for file hash cache (D:\app_dev\QuizApp\.gradle\7.0.2\fileHashes)" [_thread_blocked, id=10048, stack(0x00000079d4900000,0x00000079d4a00000)]
  0x00000234a03d3960 JavaThread "File watcher server" daemon [_thread_in_native, id=12296, stack(0x00000079d4a00000,0x00000079d4b00000)]
  0x00000234a03d12e0 JavaThread "File watcher consumer" daemon [_thread_blocked, id=5392, stack(0x00000079d4b00000,0x00000079d4c00000)]
  0x00000234a03d4ca0 JavaThread "Cache worker for checksums cache (D:\app_dev\QuizApp\.gradle\checksums)" [_thread_blocked, id=8980, stack(0x00000079d4c00000,0x00000079d4d00000)]
  0x00000234a03d4300 JavaThread "Cache worker for cache directory md-supplier (D:\aa\caches\7.0.2\md-supplier)" [_thread_blocked, id=11160, stack(0x00000079d4d00000,0x00000079d4e00000)]
  0x00000234a03d0e10 JavaThread "Cache worker for cache directory md-rule (D:\aa\caches\7.0.2\md-rule)" [_thread_blocked, id=7680, stack(0x00000079d4e00000,0x00000079d4f00000)]
  0x00000234a03d5fe0 JavaThread "Cache worker for execution history cache (D:\aa\caches\7.0.2\executionHistory)" [_thread_blocked, id=19896, stack(0x00000079d5500000,0x00000079d5600000)]
  0x00000234a03d77f0 JavaThread "jar transforms" [_thread_blocked, id=16040, stack(0x00000079d5600000,0x00000079d5700000)]
  0x00000234a03d64b0 JavaThread "jar transforms Thread 2" [_thread_blocked, id=9040, stack(0x00000079d5700000,0x00000079d5800000)]
  0x00000234a03d47d0 JavaThread "Cache worker for file content cache (D:\aa\caches\7.0.2\fileContent)" [_thread_blocked, id=3452, stack(0x00000079d5800000,0x00000079d5900000)]
  0x00000234a03d5170 JavaThread "Cache worker for dependencies-accessors (D:\app_dev\QuizApp\.gradle\7.0.2\dependencies-accessors)" [_thread_blocked, id=5360, stack(0x00000079d5900000,0x00000079d5a00000)]
  0x00000234a03d5640 JavaThread "jar transforms Thread 3" [_thread_blocked, id=15232, stack(0x00000079d5a00000,0x00000079d5b00000)]
  0x00000234a03d7320 JavaThread "Cache worker for Build Output Cleanup Cache (D:\app_dev\QuizApp\.gradle\buildOutputCleanup)" [_thread_blocked, id=11152, stack(0x00000079d5b00000,0x00000079d5c00000)]
  0x00000234a03d2fc0 JavaThread "Build operations" [_thread_blocked, id=9548, stack(0x00000079d5c00000,0x00000079d5d00000)]
  0x000002349eb2e000 JavaThread "Build operations Thread 2" [_thread_blocked, id=3060, stack(0x00000079d5d00000,0x00000079d5e00000)]
  0x000002349eb2db30 JavaThread "Build operations Thread 3" [_thread_blocked, id=15336, stack(0x00000079d5e00000,0x00000079d5f00000)]
  0x000002349eb2fce0 JavaThread "Build operations Thread 4" [_thread_blocked, id=18900, stack(0x00000079d5f00000,0x00000079d6000000)]
  0x000002349eb2d190 JavaThread "Build operations Thread 5" [_thread_blocked, id=4668, stack(0x00000079d6000000,0x00000079d6100000)]
  0x000002349eb2e4d0 JavaThread "Build operations Thread 6" [_thread_blocked, id=12020, stack(0x00000079d6100000,0x00000079d6200000)]
  0x000002349eb2f340 JavaThread "Build operations Thread 7" [_thread_blocked, id=10480, stack(0x00000079d6200000,0x00000079d6300000)]
  0x000002349eb28960 JavaThread "Build operations Thread 8" [_thread_blocked, id=22152, stack(0x00000079d6300000,0x00000079d6400000)]
  0x000002349eb2a170 JavaThread "Build operations Thread 9" [_thread_blocked, id=20836, stack(0x00000079d6400000,0x00000079d6500000)]
  0x000002349eb2a640 JavaThread "Build operations Thread 10" [_thread_blocked, id=11620, stack(0x00000079d6500000,0x00000079d6600000)]
  0x000002349eb2e9a0 JavaThread "Build operations Thread 11" [_thread_blocked, id=12528, stack(0x00000079d6600000,0x00000079d6700000)]
  0x000002349eb2c7f0 JavaThread "Build operations Thread 12" [_thread_blocked, id=21896, stack(0x00000079d6700000,0x00000079d6800000)]
  0x000002349eb2ccc0 JavaThread "jar transforms Thread 4" [_thread_blocked, id=20880, stack(0x00000079d6800000,0x00000079d6900000)]
  0x000002349eb2d660 JavaThread "jar transforms Thread 5" [_thread_blocked, id=11196, stack(0x00000079d6900000,0x00000079d6a00000)]
  0x000002349eb2ee70 JavaThread "jar transforms Thread 6" [_thread_blocked, id=10848, stack(0x00000079d6a00000,0x00000079d6b00000)]
  0x000002349eb2c320 JavaThread "jar transforms Thread 7" [_thread_blocked, id=14644, stack(0x00000079d6b00000,0x00000079d6c00000)]
  0x000002349eb28490 JavaThread "jar transforms Thread 8" [_thread_blocked, id=16892, stack(0x00000079d6c00000,0x00000079d6d00000)]
  0x000002349eb2f810 JavaThread "jar transforms Thread 9" [_thread_blocked, id=4392, stack(0x00000079d6d00000,0x00000079d6e00000)]
  0x000002349eb2ab10 JavaThread "jar transforms Thread 10" [_thread_blocked, id=12844, stack(0x00000079d6e00000,0x00000079d6f00000)]
  0x000002349eb28e30 JavaThread "jar transforms Thread 11" [_thread_blocked, id=14988, stack(0x00000079d6f00000,0x00000079d7000000)]
  0x000002349eb2afe0 JavaThread "jar transforms Thread 12" [_thread_blocked, id=4288, stack(0x00000079d7000000,0x00000079d7100000)]
  0x000002349eb29ca0 JavaThread "Memory manager" [_thread_blocked, id=10448, stack(0x00000079d4700000,0x00000079d4800000)]
  0x00000234a3abbe10 JavaThread "build event listener" [_thread_blocked, id=16452, stack(0x00000079d7200000,0x00000079d7300000)]
  0x00000234a3ab9790 JavaThread "pool-3-thread-1" [_thread_blocked, id=8284, stack(0x00000079d7300000,0x00000079d7400000)]
  0x00000234a3ab9c60 JavaThread "build event listener" [_thread_blocked, id=17972, stack(0x00000079d7400000,0x00000079d7500000)]
  0x00000234a3ab8450 JavaThread "Execution worker for ':'" [_thread_blocked, id=8788, stack(0x00000079d7500000,0x00000079d7600000)]
  0x00000234a3abc2e0 JavaThread "Execution worker for ':' Thread 2" [_thread_blocked, id=7164, stack(0x00000079d7600000,0x00000079d7700000)]
  0x00000234a3abb470 JavaThread "Execution worker for ':' Thread 3" [_thread_blocked, id=3308, stack(0x00000079d7700000,0x00000079d7800000)]
  0x00000234a3abd150 JavaThread "Execution worker for ':' Thread 4" [_thread_blocked, id=7300, stack(0x00000079d7800000,0x00000079d7900000)]
  0x00000234a3abafa0 JavaThread "Execution worker for ':' Thread 5" [_thread_blocked, id=20168, stack(0x00000079d7900000,0x00000079d7a00000)]
  0x00000234a3ab7f80 JavaThread "Execution worker for ':' Thread 6" [_thread_blocked, id=21852, stack(0x00000079d7a00000,0x00000079d7b00000)]
  0x00000234a3abcc80 JavaThread "Execution worker for ':' Thread 7" [_thread_blocked, id=16840, stack(0x00000079d7b00000,0x00000079d7c00000)]
  0x00000234a3abc7b0 JavaThread "Execution worker for ':' Thread 8" [_thread_blocked, id=12832, stack(0x00000079d7c00000,0x00000079d7d00000)]
  0x00000234a3ab7110 JavaThread "Execution worker for ':' Thread 9" [_thread_blocked, id=18056, stack(0x00000079d7d00000,0x00000079d7e00000)]
  0x00000234a3abb940 JavaThread "Execution worker for ':' Thread 10" [_thread_blocked, id=12820, stack(0x00000079d7e00000,0x00000079d7f00000)]
  0x00000234a3abd620 JavaThread "Execution worker for ':' Thread 11" [_thread_blocked, id=18932, stack(0x00000079d7f00000,0x00000079d8000000)]
  0x00000234a3abdaf0 JavaThread "Cache worker for execution history cache (D:\app_dev\QuizApp\.gradle\7.0.2\executionHistory)" [_thread_blocked, id=13784, stack(0x00000079d8000000,0x00000079d8100000)]
  0x000002349da6cf90 JavaThread "C2 CompilerThread1" daemon [_thread_in_native, id=16784, stack(0x00000079d4800000,0x00000079d4900000)]
  0x000002349da725a0 JavaThread "C2 CompilerThread2" daemon [_thread_in_native, id=18148, stack(0x00000079d7100000,0x00000079d7200000)]

Other Threads:
=>0x00000234ff9bfeb0 VMThread "VM Thread" [stack: 0x00000079d2900000,0x00000079d2a00000] [id=11556]
  0x00000234ffb70e60 WatcherThread [stack: 0x00000079d3400000,0x00000079d3500000] [id=21124]
  0x00000234fbb39d40 GCTaskThread "GC Thread#0" [stack: 0x00000079d2400000,0x00000079d2500000] [id=15316]
  0x000002349c5f0790 GCTaskThread "GC Thread#1" [stack: 0x00000079d3700000,0x00000079d3800000] [id=9440]
  0x000002349c5ed7c0 GCTaskThread "GC Thread#2" [stack: 0x00000079d3800000,0x00000079d3900000] [id=15764]
  0x000002349c5efe00 GCTaskThread "GC Thread#3" [stack: 0x00000079d3900000,0x00000079d3a00000] [id=17168]
  0x000002349c5edaf0 GCTaskThread "GC Thread#4" [stack: 0x00000079d3a00000,0x00000079d3b00000] [id=9824]
  0x000002349c5ede20 GCTaskThread "GC Thread#5" [stack: 0x00000079d3b00000,0x00000079d3c00000] [id=20004]
  0x000002349c5ef470 GCTaskThread "GC Thread#6" [stack: 0x00000079d4f00000,0x00000079d5000000] [id=20576]
  0x00000234a07403e0 GCTaskThread "GC Thread#7" [stack: 0x00000079d5000000,0x00000079d5100000] [id=9596]
  0x00000234a0740a40 GCTaskThread "GC Thread#8" [stack: 0x00000079d5100000,0x00000079d5200000] [id=11940]
  0x00000234a07410a0 GCTaskThread "GC Thread#9" [stack: 0x00000079d5200000,0x00000079d5300000] [id=14560]
  0x00000234fbb4cd40 ConcurrentGCThread "G1 Main Marker" [stack: 0x00000079d2500000,0x00000079d2600000] [id=14876]
  0x00000234fbb4e750 ConcurrentGCThread "G1 Conc#0" [stack: 0x00000079d2600000,0x00000079d2700000] [id=21944]
  0x00000234a073fa50 ConcurrentGCThread "G1 Conc#1" [stack: 0x00000079d5300000,0x00000079d5400000] [id=18372]
  0x00000234a073d740 ConcurrentGCThread "G1 Conc#2" [stack: 0x00000079d5400000,0x00000079d5500000] [id=18692]
  0x00000234fbbce580 ConcurrentGCThread "G1 Refine#0" [stack: 0x00000079d2700000,0x00000079d2800000] [id=18848]
  0x00000234ff83a110 ConcurrentGCThread "G1 Young RemSet Sampling" [stack: 0x00000079d2800000,0x00000079d2900000] [id=13840]

Threads with active compile tasks:
C2 CompilerThread0    21095 9467       4       org.gradle.internal.serialize.kryo.KryoBackedDecoder::readString (5 bytes)
C2 CompilerThread1    21095 9383       4       org.gradle.cache.internal.btree.CachingBlockStore::read (56 bytes)
C2 CompilerThread2    21095 9385       4       org.gradle.cache.internal.btree.FreeListBlockStore::read (12 bytes)

VM state: at safepoint (normal execution)

VM Mutex/Monitor currently owned by a thread:  ([mutex/lock_event])
[0x00000234fbaf1b20] Threads_lock - owner thread: 0x00000234ff9bfeb0
[0x00000234fbaf1f10] Heap_lock - owner thread: 0x00000234fbb4cd40

Heap address: 0x0000000080000000, size: 2048 MB, Compressed Oops mode: 32-bit
CDS archive(s) mapped at: [0x0000000800000000-0x0000000800b50000-0x0000000800b50000), size 11862016, SharedBaseAddress: 0x0000000800000000, ArchiveRelocationMode: 0.
Compressed class space mapped at: 0x0000000800b50000-0x0000000840b50000, size: 1073741824
Narrow klass base: 0x0000000800000000, Narrow klass shift: 3, Narrow klass range: 0x100000000

GC Precious Log:
 CPUs: 12 total, 12 available
 Memory: 16225M
 Large Page Support: Disabled
 NUMA Support: Disabled
 Compressed Oops: Enabled (32-bit)
 Heap Region Size: 1M
 Heap Min Capacity: 8M
 Heap Initial Capacity: 254M
 Heap Max Capacity: 2G
 Pre-touch: Disabled
 Parallel Workers: 10
 Concurrent Workers: 3
 Concurrent Refinement Workers: 10
 Periodic GC: Disabled

Heap:
 garbage-first heap   total 135168K, used 78946K [0x0000000080000000, 0x0000000100000000)
  region size 1024K, 5 young (5120K), 2 survivors (2048K)
 Metaspace       used 73848K, capacity 75026K, committed 75312K, reserved 1114112K
  class space    used 9702K, capacity 10072K, committed 10112K, reserved 1048576K

Heap Regions: E=young(eden), S=young(survivor), O=old, HS=humongous(starts), HC=humongous(continues), CS=collection set, F=free, OA=open archive, CA=closed archive, TAMS=top-at-mark-start (previous, next)
|   0|0x0000000080000000, 0x0000000080100000, 0x0000000080100000|100%| O|  |TAMS 0x0000000080100000, 0x0000000080000000| Updating 
|   1|0x0000000080100000, 0x0000000080200000, 0x0000000080200000|100%| O|  |TAMS 0x0000000080200000, 0x0000000080100000| Updating 
|   2|0x0000000080200000, 0x00000000802f3800, 0x0000000080300000| 95%| O|  |TAMS 0x00000000802f3800, 0x0000000080200000| Updating 
|   3|0x0000000080300000, 0x0000000080400000, 0x0000000080400000|100%|HS|  |TAMS 0x0000000080400000, 0x0000000080300000| Complete 
|   4|0x0000000080400000, 0x0000000080500000, 0x0000000080500000|100%|HC|  |TAMS 0x0000000080500000, 0x0000000080400000| Complete 
|   5|0x0000000080500000, 0x0000000080600000, 0x0000000080600000|100%|HC|  |TAMS 0x0000000080600000, 0x0000000080500000| Complete 
|   6|0x0000000080600000, 0x0000000080700000, 0x0000000080700000|100%| O|  |TAMS 0x0000000080700000, 0x0000000080600000| Updating 
|   7|0x0000000080700000, 0x0000000080800000, 0x0000000080800000|100%| O|  |TAMS 0x0000000080800000, 0x0000000080700000| Updating 
|   8|0x0000000080800000, 0x0000000080900000, 0x0000000080900000|100%| O|  |TAMS 0x0000000080900000, 0x0000000080800000| Updating 
|   9|0x0000000080900000, 0x0000000080a00000, 0x0000000080a00000|100%| O|  |TAMS 0x0000000080a00000, 0x0000000080900000| Updating 
|  10|0x0000000080a00000, 0x0000000080b00000, 0x0000000080b00000|100%| O|  |TAMS 0x0000000080b00000, 0x0000000080a00000| Updating 
|  11|0x0000000080b00000, 0x0000000080c00000, 0x0000000080c00000|100%| O|  |TAMS 0x0000000080c00000, 0x0000000080b00000| Updating 
|  12|0x0000000080c00000, 0x0000000080d00000, 0x0000000080d00000|100%| O|  |TAMS 0x0000000080d00000, 0x0000000080c00000| Updating 
|  13|0x0000000080d00000, 0x0000000080e00000, 0x0000000080e00000|100%| O|  |TAMS 0x0000000080e00000, 0x0000000080d00000| Updating 
|  14|0x0000000080e00000, 0x0000000080f00000, 0x0000000080f00000|100%| O|  |TAMS 0x0000000080f00000, 0x0000000080e00000| Updating 
|  15|0x0000000080f00000, 0x0000000081000000, 0x0000000081000000|100%| O|  |TAMS 0x0000000081000000, 0x0000000080f00000| Updating 
|  16|0x0000000081000000, 0x0000000081100000, 0x0000000081100000|100%| O|  |TAMS 0x0000000081100000, 0x0000000081000000| Updating 
|  17|0x0000000081100000, 0x0000000081200000, 0x0000000081200000|100%| O|  |TAMS 0x0000000081200000, 0x0000000081100000| Updating 
|  18|0x0000000081200000, 0x0000000081300000, 0x0000000081300000|100%| O|  |TAMS 0x0000000081300000, 0x0000000081200000| Updating 
|  19|0x0000000081300000, 0x0000000081400000, 0x0000000081400000|100%| O|  |TAMS 0x0000000081400000, 0x0000000081300000| Updating 
|  20|0x0000000081400000, 0x0000000081500000, 0x0000000081500000|100%| O|  |TAMS 0x0000000081500000, 0x0000000081400000| Updating 
|  21|0x0000000081500000, 0x0000000081600000, 0x0000000081600000|100%| O|  |TAMS 0x0000000081600000, 0x0000000081500000| Updating 
|  22|0x0000000081600000, 0x0000000081700000, 0x0000000081700000|100%| O|  |TAMS 0x0000000081700000, 0x0000000081600000| Updating 
|  23|0x0000000081700000, 0x0000000081800000, 0x0000000081800000|100%| O|  |TAMS 0x0000000081800000, 0x0000000081700000| Updating 
|  24|0x0000000081800000, 0x0000000081900000, 0x0000000081900000|100%|HS|  |TAMS 0x0000000081900000, 0x0000000081800000| Complete 
|  25|0x0000000081900000, 0x0000000081a00000, 0x0000000081a00000|100%|HS|  |TAMS 0x0000000081a00000, 0x0000000081900000| Complete 
|  26|0x0000000081a00000, 0x0000000081b00000, 0x0000000081b00000|100%|HS|  |TAMS 0x0000000081b00000, 0x0000000081a00000| Complete 
|  27|0x0000000081b00000, 0x0000000081c00000, 0x0000000081c00000|100%|HC|  |TAMS 0x0000000081c00000, 0x0000000081b00000| Complete 
|  28|0x0000000081c00000, 0x0000000081d00000, 0x0000000081d00000|100%| O|  |TAMS 0x0000000081d00000, 0x0000000081c00000| Updating 
|  29|0x0000000081d00000, 0x0000000081e00000, 0x0000000081e00000|100%| O|  |TAMS 0x0000000081e00000, 0x0000000081d00000| Updating 
|  30|0x0000000081e00000, 0x0000000081f00000, 0x0000000081f00000|100%| O|  |TAMS 0x0000000081f00000, 0x0000000081e00000| Updating 
|  31|0x0000000081f00000, 0x0000000082000000, 0x0000000082000000|100%| O|  |TAMS 0x0000000082000000, 0x0000000081f00000| Updating 
|  32|0x0000000082000000, 0x0000000082100000, 0x0000000082100000|100%| O|  |TAMS 0x0000000082100000, 0x0000000082000000| Updating 
|  33|0x0000000082100000, 0x0000000082200000, 0x0000000082200000|100%| O|  |TAMS 0x0000000082200000, 0x0000000082100000| Updating 
|  34|0x0000000082200000, 0x0000000082300000, 0x0000000082300000|100%| O|  |TAMS 0x0000000082300000, 0x0000000082200000| Updating 
|  35|0x0000000082300000, 0x0000000082400000, 0x0000000082400000|100%| O|  |TAMS 0x0000000082400000, 0x0000000082300000| Updating 
|  36|0x0000000082400000, 0x0000000082500000, 0x0000000082500000|100%| O|  |TAMS 0x0000000082500000, 0x0000000082400000| Updating 
|  37|0x0000000082500000, 0x0000000082600000, 0x0000000082600000|100%| O|  |TAMS 0x0000000082600000, 0x0000000082500000| Updating 
|  38|0x0000000082600000, 0x0000000082700000, 0x0000000082700000|100%| O|  |TAMS 0x0000000082700000, 0x0000000082600000| Updating 
|  39|0x0000000082700000, 0x0000000082800000, 0x0000000082800000|100%| O|  |TAMS 0x0000000082800000, 0x0000000082700000| Updating 
|  40|0x0000000082800000, 0x0000000082900000, 0x0000000082900000|100%| O|  |TAMS 0x0000000082900000, 0x0000000082800000| Updating 
|  41|0x0000000082900000, 0x0000000082a00000, 0x0000000082a00000|100%| O|  |TAMS 0x0000000082a00000, 0x0000000082900000| Updating 
|  42|0x0000000082a00000, 0x0000000082b00000, 0x0000000082b00000|100%| O|  |TAMS 0x0000000082b00000, 0x0000000082a00000| Updating 
|  43|0x0000000082b00000, 0x0000000082c00000, 0x0000000082c00000|100%| O|  |TAMS 0x0000000082c00000, 0x0000000082b00000| Updating 
|  44|0x0000000082c00000, 0x0000000082d00000, 0x0000000082d00000|100%| O|  |TAMS 0x0000000082d00000, 0x0000000082c00000| Updating 
|  45|0x0000000082d00000, 0x0000000082e00000, 0x0000000082e00000|100%| O|  |TAMS 0x0000000082e00000, 0x0000000082d00000| Updating 
|  46|0x0000000082e00000, 0x0000000082f00000, 0x0000000082f00000|100%| O|  |TAMS 0x0000000082f00000, 0x0000000082e00000| Updating 
|  47|0x0000000082f00000, 0x0000000083000000, 0x0000000083000000|100%| O|  |TAMS 0x0000000083000000, 0x0000000082f00000| Updating 
|  48|0x0000000083000000, 0x0000000083100000, 0x0000000083100000|100%| O|  |TAMS 0x0000000083100000, 0x0000000083000000| Updating 
|  49|0x0000000083100000, 0x0000000083200000, 0x0000000083200000|100%| O|  |TAMS 0x0000000083200000, 0x0000000083100000| Updating 
|  50|0x0000000083200000, 0x0000000083300000, 0x0000000083300000|100%| O|  |TAMS 0x0000000083300000, 0x0000000083200000| Updating 
|  51|0x0000000083300000, 0x0000000083400000, 0x0000000083400000|100%| O|  |TAMS 0x0000000083400000, 0x0000000083300000| Updating 
|  52|0x0000000083400000, 0x0000000083500000, 0x0000000083500000|100%| O|  |TAMS 0x0000000083500000, 0x0000000083400000| Updating 
|  53|0x0000000083500000, 0x0000000083600000, 0x0000000083600000|100%| O|  |TAMS 0x0000000083600000, 0x0000000083500000| Updating 
|  54|0x0000000083600000, 0x0000000083700000, 0x0000000083700000|100%| O|  |TAMS 0x0000000083700000, 0x0000000083600000| Updating 
|  55|0x0000000083700000, 0x0000000083800000, 0x0000000083800000|100%| O|  |TAMS 0x0000000083800000, 0x0000000083700000| Updating 
|  56|0x0000000083800000, 0x0000000083900000, 0x0000000083900000|100%| O|  |TAMS 0x0000000083900000, 0x0000000083800000| Updating 
|  57|0x0000000083900000, 0x0000000083a00000, 0x0000000083a00000|100%| O|  |TAMS 0x0000000083a00000, 0x0000000083900000| Updating 
|  58|0x0000000083a00000, 0x0000000083b00000, 0x0000000083b00000|100%| O|  |TAMS 0x0000000083b00000, 0x0000000083a00000| Updating 
|  59|0x0000000083b00000, 0x0000000083c00000, 0x0000000083c00000|100%| O|  |TAMS 0x0000000083c00000, 0x0000000083b00000| Updating 
|  60|0x0000000083c00000, 0x0000000083d00000, 0x0000000083d00000|100%| O|  |TAMS 0x0000000083d00000, 0x0000000083c00000| Updating 
|  61|0x0000000083d00000, 0x0000000083e00000, 0x0000000083e00000|100%| O|  |TAMS 0x0000000083e00000, 0x0000000083d00000| Updating 
|  62|0x0000000083e00000, 0x0000000083f00000, 0x0000000083f00000|100%| O|  |TAMS 0x0000000083f00000, 0x0000000083e00000| Updating 
|  63|0x0000000083f00000, 0x0000000084000000, 0x0000000084000000|100%| O|  |TAMS 0x0000000084000000, 0x0000000083f00000| Updating 
|  64|0x0000000084000000, 0x0000000084100000, 0x0000000084100000|100%| O|  |TAMS 0x0000000084100000, 0x0000000084000000| Updating 
|  65|0x0000000084100000, 0x0000000084200000, 0x0000000084200000|100%| O|  |TAMS 0x0000000084200000, 0x0000000084100000| Updating 
|  66|0x0000000084200000, 0x0000000084300000, 0x0000000084300000|100%| O|  |TAMS 0x0000000084300000, 0x0000000084200000| Updating 
|  67|0x0000000084300000, 0x0000000084400000, 0x0000000084400000|100%| O|  |TAMS 0x0000000084400000, 0x0000000084300000| Updating 
|  68|0x0000000084400000, 0x0000000084500000, 0x0000000084500000|100%| O|  |TAMS 0x0000000084500000, 0x0000000084400000| Updating 
|  69|0x0000000084500000, 0x0000000084600000, 0x0000000084600000|100%| O|  |TAMS 0x0000000084600000, 0x0000000084500000| Updating 
|  70|0x0000000084600000, 0x0000000084700000, 0x0000000084700000|100%| O|  |TAMS 0x0000000084687200, 0x0000000084600000| Updating 
|  71|0x0000000084700000, 0x0000000084800000, 0x0000000084800000|100%| O|  |TAMS 0x0000000084700000, 0x0000000084700000| Untracked 
|  72|0x0000000084800000, 0x0000000084900000, 0x0000000084900000|100%| O|  |TAMS 0x0000000084800000, 0x0000000084800000| Untracked 
|  73|0x0000000084900000, 0x000000008497bc00, 0x0000000084a00000| 48%| O|  |TAMS 0x0000000084900000, 0x0000000084900000| Updating 
|  74|0x0000000084a00000, 0x0000000084a00000, 0x0000000084b00000|  0%| F|  |TAMS 0x0000000084a00000, 0x0000000084a00000| Untracked 
|  75|0x0000000084b00000, 0x0000000084b00000, 0x0000000084c00000|  0%| F|  |TAMS 0x0000000084b00000, 0x0000000084b00000| Untracked 
|  76|0x0000000084c00000, 0x0000000084c00000, 0x0000000084d00000|  0%| F|  |TAMS 0x0000000084c00000, 0x0000000084c00000| Untracked 
|  77|0x0000000084d00000, 0x0000000084d00000, 0x0000000084e00000|  0%| F|  |TAMS 0x0000000084d00000, 0x0000000084d00000| Untracked 
|  78|0x0000000084e00000, 0x0000000084e00000, 0x0000000084f00000|  0%| F|  |TAMS 0x0000000084e00000, 0x0000000084e00000| Untracked 
|  79|0x0000000084f00000, 0x0000000084f00000, 0x0000000085000000|  0%| F|  |TAMS 0x0000000084f00000, 0x0000000084f00000| Untracked 
|  80|0x0000000085000000, 0x0000000085000000, 0x0000000085100000|  0%| F|  |TAMS 0x0000000085000000, 0x0000000085000000| Untracked 
|  81|0x0000000085100000, 0x0000000085100000, 0x0000000085200000|  0%| F|  |TAMS 0x0000000085100000, 0x0000000085100000| Untracked 
|  82|0x0000000085200000, 0x0000000085200000, 0x0000000085300000|  0%| F|  |TAMS 0x0000000085200000, 0x0000000085200000| Untracked 
|  83|0x0000000085300000, 0x0000000085300000, 0x0000000085400000|  0%| F|  |TAMS 0x0000000085300000, 0x0000000085300000| Untracked 
|  84|0x0000000085400000, 0x0000000085400000, 0x0000000085500000|  0%| F|  |TAMS 0x0000000085400000, 0x0000000085400000| Untracked 
|  85|0x0000000085500000, 0x0000000085500000, 0x0000000085600000|  0%| F|  |TAMS 0x0000000085500000, 0x0000000085500000| Untracked 
|  86|0x0000000085600000, 0x0000000085600000, 0x0000000085700000|  0%| F|  |TAMS 0x0000000085600000, 0x0000000085600000| Untracked 
|  87|0x0000000085700000, 0x0000000085700000, 0x0000000085800000|  0%| F|  |TAMS 0x0000000085700000, 0x0000000085700000| Untracked 
|  88|0x0000000085800000, 0x0000000085800000, 0x0000000085900000|  0%| F|  |TAMS 0x0000000085800000, 0x0000000085800000| Untracked 
|  89|0x0000000085900000, 0x0000000085900000, 0x0000000085a00000|  0%| F|  |TAMS 0x0000000085900000, 0x0000000085900000| Untracked 
|  90|0x0000000085a00000, 0x0000000085a00000, 0x0000000085b00000|  0%| F|  |TAMS 0x0000000085a00000, 0x0000000085a00000| Untracked 
|  91|0x0000000085b00000, 0x0000000085ba9420, 0x0000000085c00000| 66%| S|CS|TAMS 0x0000000085b00000, 0x0000000085b00000| Complete 
|  92|0x0000000085c00000, 0x0000000085d00000, 0x0000000085d00000|100%| S|CS|TAMS 0x0000000085c00000, 0x0000000085c00000| Complete 
|  93|0x0000000085d00000, 0x0000000085d00000, 0x0000000085e00000|  0%| F|  |TAMS 0x0000000085d00000, 0x0000000085d00000| Untracked 
|  94|0x0000000085e00000, 0x0000000085e00000, 0x0000000085f00000|  0%| F|  |TAMS 0x0000000085e00000, 0x0000000085e00000| Untracked 
|  95|0x0000000085f00000, 0x0000000085f00000, 0x0000000086000000|  0%| F|  |TAMS 0x0000000085f00000, 0x0000000085f00000| Untracked 
|  96|0x0000000086000000, 0x0000000086000000, 0x0000000086100000|  0%| F|  |TAMS 0x0000000086000000, 0x0000000086000000| Untracked 
|  97|0x0000000086100000, 0x0000000086100000, 0x0000000086200000|  0%| F|  |TAMS 0x0000000086100000, 0x0000000086100000| Untracked 
|  98|0x0000000086200000, 0x0000000086200000, 0x0000000086300000|  0%| F|  |TAMS 0x0000000086200000, 0x0000000086200000| Untracked 
|  99|0x0000000086300000, 0x0000000086300000, 0x0000000086400000|  0%| F|  |TAMS 0x0000000086300000, 0x0000000086300000| Untracked 
| 100|0x0000000086400000, 0x0000000086400000, 0x0000000086500000|  0%| F|  |TAMS 0x0000000086400000, 0x0000000086400000| Untracked 
| 101|0x0000000086500000, 0x0000000086500000, 0x0000000086600000|  0%| F|  |TAMS 0x0000000086500000, 0x0000000086500000| Untracked 
| 102|0x0000000086600000, 0x0000000086600000, 0x0000000086700000|  0%| F|  |TAMS 0x0000000086600000, 0x0000000086600000| Untracked 
| 103|0x0000000086700000, 0x0000000086700000, 0x0000000086800000|  0%| F|  |TAMS 0x0000000086700000, 0x0000000086700000| Untracked 
| 104|0x0000000086800000, 0x0000000086800000, 0x0000000086900000|  0%| F|  |TAMS 0x0000000086800000, 0x0000000086800000| Untracked 
| 105|0x0000000086900000, 0x0000000086900000, 0x0000000086a00000|  0%| F|  |TAMS 0x0000000086900000, 0x0000000086900000| Untracked 
| 106|0x0000000086a00000, 0x0000000086a00000, 0x0000000086b00000|  0%| F|  |TAMS 0x0000000086a00000, 0x0000000086a00000| Untracked 
| 107|0x0000000086b00000, 0x0000000086b00000, 0x0000000086c00000|  0%| F|  |TAMS 0x0000000086b00000, 0x0000000086b00000| Untracked 
| 108|0x0000000086c00000, 0x0000000086c00000, 0x0000000086d00000|  0%| F|  |TAMS 0x0000000086c00000, 0x0000000086c00000| Untracked 
| 109|0x0000000086d00000, 0x0000000086d00000, 0x0000000086e00000|  0%| F|  |TAMS 0x0000000086d00000, 0x0000000086d00000| Untracked 
| 141|0x0000000088d00000, 0x0000000088d00000, 0x0000000088e00000|  0%| F|  |TAMS 0x0000000088d00000, 0x0000000088d00000| Untracked 
| 142|0x0000000088e00000, 0x0000000088e00000, 0x0000000088f00000|  0%| F|  |TAMS 0x0000000088e00000, 0x0000000088e00000| Untracked 
| 143|0x0000000088f00000, 0x0000000088f00000, 0x0000000089000000|  0%| F|  |TAMS 0x0000000088f00000, 0x0000000088f00000| Untracked 
| 144|0x0000000089000000, 0x0000000089000000, 0x0000000089100000|  0%| F|  |TAMS 0x0000000089000000, 0x0000000089000000| Untracked 
| 145|0x0000000089100000, 0x0000000089100000, 0x0000000089200000|  0%| F|  |TAMS 0x0000000089100000, 0x0000000089100000| Untracked 
| 146|0x0000000089200000, 0x0000000089200000, 0x0000000089300000|  0%| F|  |TAMS 0x0000000089200000, 0x0000000089200000| Untracked 
| 147|0x0000000089300000, 0x0000000089300000, 0x0000000089400000|  0%| F|  |TAMS 0x0000000089300000, 0x0000000089300000| Untracked 
| 148|0x0000000089400000, 0x0000000089400000, 0x0000000089500000|  0%| F|  |TAMS 0x0000000089400000, 0x0000000089400000| Untracked 
| 149|0x0000000089500000, 0x0000000089500000, 0x0000000089600000|  0%| F|  |TAMS 0x0000000089500000, 0x0000000089500000| Untracked 
| 150|0x0000000089600000, 0x0000000089630b48, 0x0000000089700000| 19%| E|  |TAMS 0x0000000089600000, 0x0000000089600000| Complete 
| 151|0x0000000089700000, 0x0000000089800000, 0x0000000089800000|100%| E|CS|TAMS 0x0000000089700000, 0x0000000089700000| Complete 
| 253|0x000000008fd00000, 0x000000008fe00000, 0x000000008fe00000|100%| E|CS|TAMS 0x000000008fd00000, 0x000000008fd00000| Complete 

Card table byte_map: [0x00000234fc520000,0x00000234fc920000] _byte_map_base: 0x00000234fc120000

Marking Bits (Prev, Next): (CMBitMap*) 0x00000234fbb3b3d0, (CMBitMap*) 0x00000234fbb3b410
 Prev Bits: [0x00000234fcd20000, 0x00000234fed20000)
 Next Bits: [0x0000023497160000, 0x0000023499160000)

Polling page: 0x00000234f9a80000

Metaspace:

Usage:
  Non-class:     63.43 MB capacity,    62.64 MB ( 99%) used,   700.77 KB (  1%) free+waste,   107.50 KB ( <1%) overhead. 
      Class:      9.84 MB capacity,     9.48 MB ( 96%) used,   325.98 KB (  3%) free+waste,    43.56 KB ( <1%) overhead. 
       Both:     73.27 MB capacity,    72.12 MB ( 98%) used,     1.00 MB (  1%) free+waste,   151.06 KB ( <1%) overhead. 

Virtual space:
  Non-class space:       64.00 MB reserved,      63.67 MB (>99%) committed 
      Class space:        1.00 GB reserved,       9.88 MB ( <1%) committed 
             Both:        1.06 GB reserved,      73.55 MB (  7%) committed 

Chunk freelists:
   Non-Class:  54.00 KB
       Class:  8.00 KB
        Both:  62.00 KB

MaxMetaspaceSize: 17179869184.00 GB
CompressedClassSpaceSize: 1.00 GB

CodeHeap 'non-profiled nmethods': size=120000Kb used=4858Kb max_used=4858Kb free=115141Kb
 bounds [0x000002348fc30000, 0x00000234900f0000, 0x0000023497160000]
CodeHeap 'profiled nmethods': size=120000Kb used=17068Kb max_used=17068Kb free=102931Kb
 bounds [0x0000023488700000, 0x00000234897b0000, 0x000002348fc30000]
CodeHeap 'non-nmethods': size=5760Kb used=2379Kb max_used=2486Kb free=3380Kb
 bounds [0x0000023488160000, 0x0000023488400000, 0x0000023488700000]
 total_blobs=9456 nmethods=8586 adapters=782
 compilation: enabled
              stopped_count=0, restarted_count=0
 full_count=0

Compilation events (20 events):
Event: 21.034 Thread 0x00000234ff9f6a60 9488       3       com.google.common.collect.ImmutableSortedMap$1EntrySet::iterator (8 bytes)
Event: 21.035 Thread 0x00000234ff9f6a60 nmethod 9488 0x00000234897a6290 code [0x00000234897a6480, 0x00000234897a6ca8]
Event: 21.035 Thread 0x00000234ff9f6a60 9489       3       com.google.common.collect.ImmutableSortedMap$1EntrySet::createAsList (9 bytes)
Event: 21.035 Thread 0x00000234ff9f6a60 nmethod 9489 0x00000234897a6f10 code [0x00000234897a70e0, 0x00000234897a7478]
Event: 21.035 Thread 0x00000234ff9f6a60 9490       3       com.google.common.collect.ImmutableSortedMap$1EntrySet$1::<init> (10 bytes)
Event: 21.036 Thread 0x00000234ff9f6a60 nmethod 9490 0x00000234897a7610 code [0x00000234897a77c0, 0x00000234897a7a98]
Event: 21.036 Thread 0x00000234ff9f6a60 9496       3       com.google.common.collect.ImmutableListMultimap$Builder::build (8 bytes)
Event: 21.036 Thread 0x00000234ff9f6a60 nmethod 9496 0x00000234897a7c10 code [0x00000234897a7dc0, 0x00000234897a7fe8]
Event: 21.036 Thread 0x00000234ff9f6a60 9495       3       com.google.common.collect.ImmutableListMultimap$Builder::build (5 bytes)
Event: 21.036 Thread 0x00000234ff9f6a60 nmethod 9495 0x00000234897a8090 code [0x00000234897a8240, 0x00000234897a84c8]
Event: 21.036 Thread 0x00000234ff9f6a60 9491       3       org.gradle.internal.snapshot.SnapshotUtil::getRootHashes (33 bytes)
Event: 21.038 Thread 0x00000234ff9f6a60 nmethod 9491 0x00000234897a8590 code [0x00000234897a8860, 0x00000234897a96d8]
Event: 21.038 Thread 0x00000234ff9f6a60 9492       3       com.google.common.collect.ImmutableListMultimap::builder (8 bytes)
Event: 21.039 Thread 0x00000234ff9f6a60 nmethod 9492 0x00000234897a9b90 code [0x00000234897a9da0, 0x00000234897aa388]
Event: 21.039 Thread 0x00000234ff9f6a60 9493       3       com.google.common.collect.ImmutableListMultimap$Builder::<init> (5 bytes)
Event: 21.039 Thread 0x00000234ff9f6a60 nmethod 9493 0x00000234897aa590 code [0x00000234897aa7a0, 0x00000234897aace8]
Event: 21.039 Thread 0x00000234ff9f6a60 9494       3       org.gradle.internal.snapshot.SnapshotUtil$$Lambda$561/0x0000000801081ef0::<init> (10 bytes)
Event: 21.040 Thread 0x00000234ff9f6a60 nmethod 9494 0x00000234897aae90 code [0x00000234897ab020, 0x00000234897ab1d8]
Event: 21.046 Thread 0x00000234ff9dffc0 nmethod 9466 0x00000234900ecf90 code [0x00000234900ed1a0, 0x00000234900ee2b8]
Event: 21.046 Thread 0x00000234ff9dffc0 9467       4       org.gradle.internal.serialize.kryo.KryoBackedDecoder::readString (5 bytes)

GC Heap History (20 events):
Event: 14.787 GC heap before
{Heap before GC invocations=19 (full 0):
 garbage-first heap   total 96256K, used 72798K [0x0000000080000000, 0x0000000100000000)
  region size 1024K, 21 young (21504K), 3 survivors (3072K)
 Metaspace       used 55566K, capacity 56466K, committed 56496K, reserved 1097728K
  class space    used 7152K, capacity 7396K, committed 7424K, reserved 1048576K
}
Event: 14.792 GC heap after
{Heap after GC invocations=20 (full 0):
 garbage-first heap   total 96256K, used 54823K [0x0000000080000000, 0x0000000100000000)
  region size 1024K, 3 young (3072K), 3 survivors (3072K)
 Metaspace       used 55566K, capacity 56466K, committed 56496K, reserved 1097728K
  class space    used 7152K, capacity 7396K, committed 7424K, reserved 1048576K
}
Event: 15.435 GC heap before
{Heap before GC invocations=20 (full 0):
 garbage-first heap   total 96256K, used 77351K [0x0000000080000000, 0x0000000100000000)
  region size 1024K, 25 young (25600K), 3 survivors (3072K)
 Metaspace       used 56730K, capacity 57618K, committed 57776K, reserved 1099776K
  class space    used 7295K, capacity 7566K, committed 7680K, reserved 1048576K
}
Event: 15.442 GC heap after
{Heap after GC invocations=21 (full 0):
 garbage-first heap   total 96256K, used 57255K [0x0000000080000000, 0x0000000100000000)
  region size 1024K, 4 young (4096K), 4 survivors (4096K)
 Metaspace       used 56730K, capacity 57618K, committed 57776K, reserved 1099776K
  class space    used 7295K, capacity 7566K, committed 7680K, reserved 1048576K
}
Event: 16.532 GC heap before
{Heap before GC invocations=22 (full 0):
 garbage-first heap   total 97280K, used 78759K [0x0000000080000000, 0x0000000100000000)
  region size 1024K, 25 young (25600K), 4 survivors (4096K)
 Metaspace       used 59648K, capacity 60530K, committed 60848K, reserved 1101824K
  class space    used 7819K, capacity 8110K, committed 8192K, reserved 1048576K
}
Event: 16.538 GC heap after
{Heap after GC invocations=23 (full 0):
 garbage-first heap   total 97280K, used 58805K [0x0000000080000000, 0x0000000100000000)
  region size 1024K, 2 young (2048K), 2 survivors (2048K)
 Metaspace       used 59648K, capacity 60530K, committed 60848K, reserved 1101824K
  class space    used 7819K, capacity 8110K, committed 8192K, reserved 1048576K
}
Event: 16.790 GC heap before
{Heap before GC invocations=23 (full 0):
 garbage-first heap   total 97280K, used 80309K [0x0000000080000000, 0x0000000100000000)
  region size 1024K, 23 young (23552K), 2 survivors (2048K)
 Metaspace       used 61454K, capacity 62387K, committed 62640K, reserved 1103872K
  class space    used 8062K, capacity 8340K, committed 8448K, reserved 1048576K
}
Event: 16.797 GC heap after
{Heap after GC invocations=24 (full 0):
 garbage-first heap   total 97280K, used 60494K [0x0000000080000000, 0x0000000100000000)
  region size 1024K, 3 young (3072K), 3 survivors (3072K)
 Metaspace       used 61454K, capacity 62387K, committed 62640K, reserved 1103872K
  class space    used 8062K, capacity 8340K, committed 8448K, reserved 1048576K
}
Event: 16.961 GC heap before
{Heap before GC invocations=25 (full 0):
 garbage-first heap   total 121856K, used 79950K [0x0000000080000000, 0x0000000100000000)
  region size 1024K, 22 young (22528K), 3 survivors (3072K)
 Metaspace       used 61873K, capacity 62707K, committed 62896K, reserved 1103872K
  class space    used 8118K, capacity 8382K, committed 8448K, reserved 1048576K
}
Event: 16.967 GC heap after
{Heap after GC invocations=26 (full 0):
 garbage-first heap   total 121856K, used 62107K [0x0000000080000000, 0x0000000100000000)
  region size 1024K, 2 young (2048K), 2 survivors (2048K)
 Metaspace       used 61873K, capacity 62707K, committed 62896K, reserved 1103872K
  class space    used 8118K, capacity 8382K, committed 8448K, reserved 1048576K
}
Event: 17.598 GC heap before
{Heap before GC invocations=26 (full 0):
 garbage-first heap   total 121856K, used 98971K [0x0000000080000000, 0x0000000100000000)
  region size 1024K, 38 young (38912K), 2 survivors (2048K)
 Metaspace       used 65722K, capacity 66691K, committed 66864K, reserved 1107968K
  class space    used 8697K, capacity 8992K, committed 9088K, reserved 1048576K
}
Event: 17.605 GC heap after
{Heap after GC invocations=27 (full 0):
 garbage-first heap   total 121856K, used 64593K [0x0000000080000000, 0x0000000100000000)
  region size 1024K, 5 young (5120K), 5 survivors (5120K)
 Metaspace       used 65722K, capacity 66691K, committed 66864K, reserved 1107968K
  class space    used 8697K, capacity 8992K, committed 9088K, reserved 1048576K
}
Event: 18.202 GC heap before
{Heap before GC invocations=28 (full 0):
 garbage-first heap   total 121856K, used 99409K [0x0000000080000000, 0x0000000100000000)
  region size 1024K, 39 young (39936K), 5 survivors (5120K)
 Metaspace       used 69173K, capacity 70258K, committed 70320K, reserved 1110016K
  class space    used 9114K, capacity 9427K, committed 9472K, reserved 1048576K
}
Event: 18.210 GC heap after
{Heap after GC invocations=29 (full 0):
 garbage-first heap   total 121856K, used 67291K [0x0000000080000000, 0x0000000100000000)
  region size 1024K, 5 young (5120K), 5 survivors (5120K)
 Metaspace       used 69173K, capacity 70258K, committed 70320K, reserved 1110016K
  class space    used 9114K, capacity 9427K, committed 9472K, reserved 1048576K
}
Event: 19.840 GC heap before
{Heap before GC invocations=29 (full 0):
 garbage-first heap   total 121856K, used 100059K [0x0000000080000000, 0x0000000100000000)
  region size 1024K, 38 young (38912K), 5 survivors (5120K)
 Metaspace       used 72410K, capacity 73480K, committed 73520K, reserved 1114112K
  class space    used 9484K, capacity 9838K, committed 9856K, reserved 1048576K
}
Event: 19.853 GC heap after
{Heap after GC invocations=30 (full 0):
 garbage-first heap   total 121856K, used 72763K [0x0000000080000000, 0x0000000100000000)
  region size 1024K, 5 young (5120K), 5 survivors (5120K)
 Metaspace       used 72410K, capacity 73480K, committed 73520K, reserved 1114112K
  class space    used 9484K, capacity 9838K, committed 9856K, reserved 1048576K
}
Event: 20.339 GC heap before
{Heap before GC invocations=31 (full 0):
 garbage-first heap   total 124928K, used 97339K [0x0000000080000000, 0x0000000100000000)
  region size 1024K, 30 young (30720K), 5 survivors (5120K)
 Metaspace       used 73611K, capacity 74731K, committed 75056K, reserved 1114112K
  class space    used 9698K, capacity 10038K, committed 10112K, reserved 1048576K
}
Event: 20.361 GC heap after
{Heap after GC invocations=32 (full 0):
 garbage-first heap   total 124928K, used 75438K [0x0000000080000000, 0x0000000100000000)
  region size 1024K, 4 young (4096K), 4 survivors (4096K)
 Metaspace       used 73611K, capacity 74731K, committed 75056K, reserved 1114112K
  class space    used 9698K, capacity 10038K, committed 10112K, reserved 1048576K
}
Event: 20.919 GC heap before
{Heap before GC invocations=32 (full 0):
 garbage-first heap   total 124928K, used 100014K [0x0000000080000000, 0x0000000100000000)
  region size 1024K, 29 young (29696K), 4 survivors (4096K)
 Metaspace       used 73820K, capacity 74962K, committed 75056K, reserved 1114112K
  class space    used 9702K, capacity 10072K, committed 10112K, reserved 1048576K
}
Event: 20.931 GC heap after
{Heap after GC invocations=33 (full 0):
 garbage-first heap   total 124928K, used 76898K [0x0000000080000000, 0x0000000100000000)
  region size 1024K, 2 young (2048K), 2 survivors (2048K)
 Metaspace       used 73820K, capacity 74962K, committed 75056K, reserved 1114112K
  class space    used 9702K, capacity 10072K, committed 10112K, reserved 1048576K
}

Deoptimization events (20 events):
Event: 20.858 Thread 0x000002349eb2e4d0 DEOPT PACKING pc=0x000002348fed2c3c sp=0x00000079d61fce30
Event: 20.858 Thread 0x000002349eb2e4d0 DEOPT UNPACKING pc=0x00000234881ae42f sp=0x00000079d61fcdc8 mode 2
Event: 20.906 Thread 0x000002349eb2fce0 DEOPT PACKING pc=0x0000023489352054 sp=0x00000079d5ffcf00
Event: 20.906 Thread 0x000002349eb2fce0 DEOPT UNPACKING pc=0x00000234881ae23f sp=0x00000079d5ffc480 mode 0
Event: 20.910 Thread 0x000002349eb28960 Uncommon trap: trap_request=0xffffff45 fr.pc=0x000002348fd93a78 relative=0x0000000000000338
Event: 20.910 Thread 0x000002349eb28960 Uncommon trap: reason=unstable_if action=reinterpret pc=0x000002348fd93a78 method=java.util.concurrent.ConcurrentHashMap.addCount(JI)V @ 171 c2
Event: 20.910 Thread 0x000002349eb28960 DEOPT PACKING pc=0x000002348fd93a78 sp=0x00000079d63fdcb0
Event: 20.910 Thread 0x000002349eb28960 DEOPT UNPACKING pc=0x00000234881ae42f sp=0x00000079d63fdbf0 mode 2
Event: 20.910 Thread 0x000002349eb28960 Uncommon trap: trap_request=0xffffff45 fr.pc=0x000002348fdfd510 relative=0x00000000000014d0
Event: 20.910 Thread 0x000002349eb28960 Uncommon trap: reason=unstable_if action=reinterpret pc=0x000002348fdfd510 method=java.util.concurrent.ConcurrentHashMap.transfer([Ljava/util/concurrent/ConcurrentHashMap$Node;[Ljava/util/concurrent/ConcurrentHashMap$Node;)V @ 34 c2
Event: 20.910 Thread 0x000002349eb28960 DEOPT PACKING pc=0x000002348fdfd510 sp=0x00000079d63fdaf0
Event: 20.910 Thread 0x000002349eb28960 DEOPT UNPACKING pc=0x00000234881ae42f sp=0x00000079d63fdab0 mode 2
Event: 21.024 Thread 0x000002349eb2fce0 Uncommon trap: trap_request=0xffffff45 fr.pc=0x000002348fdfd3c4 relative=0x0000000000001384
Event: 21.024 Thread 0x000002349eb2fce0 Uncommon trap: reason=unstable_if action=reinterpret pc=0x000002348fdfd3c4 method=java.util.concurrent.ConcurrentHashMap.transfer([Ljava/util/concurrent/ConcurrentHashMap$Node;[Ljava/util/concurrent/ConcurrentHashMap$Node;)V @ 347 c2
Event: 21.024 Thread 0x000002349eb2fce0 DEOPT PACKING pc=0x000002348fdfd3c4 sp=0x00000079d5ffd5e0
Event: 21.024 Thread 0x000002349eb2fce0 DEOPT UNPACKING pc=0x00000234881ae42f sp=0x00000079d5ffd570 mode 2
Event: 21.025 Thread 0x000002349eb2fce0 Uncommon trap: trap_request=0xffffff45 fr.pc=0x000002348fd93a78 relative=0x0000000000000338
Event: 21.025 Thread 0x000002349eb2fce0 Uncommon trap: reason=unstable_if action=reinterpret pc=0x000002348fd93a78 method=java.util.concurrent.ConcurrentHashMap.addCount(JI)V @ 171 c2
Event: 21.025 Thread 0x000002349eb2fce0 DEOPT PACKING pc=0x000002348fd93a78 sp=0x00000079d5ffd6f0
Event: 21.025 Thread 0x000002349eb2fce0 DEOPT UNPACKING pc=0x00000234881ae42f sp=0x00000079d5ffd630 mode 2

Classes unloaded (0 events):
No events

Classes redefined (0 events):
No events

Internal exceptions (20 events):
Event: 18.436 Thread 0x000002349c50b510 Exception <a 'java/lang/NoSuchMethodError'{0x0000000086921ec8}: static Lcom/android/build/gradle/internal/profile/ProjectData;.<clinit>()V> (0x0000000086921ec8) 
thrown [./open/src/hotspot/share/prims/jni.cpp, line 1204]
Event: 18.442 Thread 0x000002349c50b510 Exception <a 'java/lang/NoSuchMethodError'{0x0000000086958b20}: static Lcom/android/build/gradle/internal/profile/TaskMetadata;.<clinit>()V> (0x0000000086958b20) 
thrown [./open/src/hotspot/share/prims/jni.cpp, line 1204]
Event: 18.478 Thread 0x000002349c50b510 Exception <a 'sun/nio/fs/WindowsException'{0x000000008675f590}> (0x000000008675f590) 
thrown [./open/src/hotspot/share/prims/jni.cpp, line 578]
Event: 18.551 Thread 0x000002349c507b50 Exception <a 'java/lang/NoSuchMethodError'{0x0000000086208118}: static Lorg/gradle/internal/build/event/types/DefaultTaskStartedProgressEvent;.<clinit>()V> (0x0000000086208118) 
thrown [./open/src/hotspot/share/prims/jni.cpp, line 1204]
Event: 18.553 Thread 0x000002349c507b50 Exception <a 'java/lang/NoSuchMethodError'{0x000000008623e350}: static Lorg/gradle/internal/build/event/types/DefaultTaskDescriptor;.<clinit>()V> (0x000000008623e350) 
thrown [./open/src/hotspot/share/prims/jni.cpp, line 1204]
Event: 18.556 Thread 0x000002349c507b50 Exception <a 'java/lang/NoSuchMethodError'{0x000000008624a760}: static Lorg/gradle/internal/build/event/types/DefaultTaskFinishedProgressEvent;.<clinit>()V> (0x000000008624a760) 
thrown [./open/src/hotspot/share/prims/jni.cpp, line 1204]
Event: 18.558 Thread 0x000002349c507b50 Exception <a 'java/lang/NoSuchMethodError'{0x000000008625d090}: static Lorg/gradle/internal/build/event/types/DefaultTaskSuccessResult;.<clinit>()V> (0x000000008625d090) 
thrown [./open/src/hotspot/share/prims/jni.cpp, line 1204]
Event: 18.558 Thread 0x000002349c507b50 Exception <a 'java/lang/NoSuchMethodError'{0x000000008625e860}: static Lorg/gradle/internal/build/event/types/AbstractTaskResult;.<clinit>()V> (0x000000008625e860) 
thrown [./open/src/hotspot/share/prims/jni.cpp, line 1204]
Event: 18.590 Thread 0x00000234a3abbe10 Exception <a 'java/lang/NoSuchMethodError'{0x0000000089392720}: static Lcom/android/ide/common/attribution/AndroidGradlePluginAttributionData$BuildInfo;.<clinit>()V> (0x0000000089392720) 
thrown [./open/src/hotspot/share/prims/jni.cpp, line 1204]
Event: 18.593 Thread 0x00000234a3abbe10 Exception <a 'java/lang/NoSuchMethodError'{0x00000000893a6600}: static Lcom/android/ide/common/attribution/AndroidGradlePluginAttributionData$JavaInfo;.<clinit>()V> (0x00000000893a6600) 
thrown [./open/src/hotspot/share/prims/jni.cpp, line 1204]
Event: 18.597 Thread 0x00000234a3abbe10 Exception <a 'java/lang/NoSuchMethodError'{0x00000000861b1e90}: static [Ljava/lang/String;.<clinit>()V> (0x00000000861b1e90) 
thrown [./open/src/hotspot/share/prims/jni.cpp, line 1204]
Event: 18.653 Thread 0x000002349c507b50 Exception <a 'java/lang/NoSuchMethodError'{0x0000000085fb3350}: static Lorg/gradle/internal/build/event/types/DefaultTaskSkippedResult;.<clinit>()V> (0x0000000085fb3350) 
thrown [./open/src/hotspot/share/prims/jni.cpp, line 1204]
Event: 20.154 Thread 0x000002349eb2a640 Exception <a 'java/lang/NoSuchMethodError'{0x0000000088ed3080}: 'java.lang.Object java.lang.invoke.DirectMethodHandle$Holder.invokeSpecialIFC(java.lang.Object, java.lang.Object, java.lang.Object)'> (0x0000000088ed3080) 
thrown [./open/src/hotspot/share/interpreter/linkResolver.cpp, line 782]
Event: 20.154 Thread 0x000002349eb2a170 Exception <a 'java/lang/NoSuchMethodError'{0x0000000088ee3d28}: 'java.lang.Object java.lang.invoke.DirectMethodHandle$Holder.invokeSpecialIFC(java.lang.Object, java.lang.Object, java.lang.Object)'> (0x0000000088ee3d28) 
thrown [./open/src/hotspot/share/interpreter/linkResolver.cpp, line 782]
Event: 20.154 Thread 0x000002349eb2db30 Exception <a 'java/lang/NoSuchMethodError'{0x0000000088eeac08}: 'java.lang.Object java.lang.invoke.DirectMethodHandle$Holder.invokeSpecialIFC(java.lang.Object, java.lang.Object, java.lang.Object)'> (0x0000000088eeac08) 
thrown [./open/src/hotspot/share/interpreter/linkResolver.cpp, line 782]
Event: 20.154 Thread 0x000002349eb2e9a0 Exception <a 'java/lang/NoSuchMethodError'{0x0000000088ec5870}: 'java.lang.Object java.lang.invoke.DirectMethodHandle$Holder.invokeSpecialIFC(java.lang.Object, java.lang.Object, java.lang.Object)'> (0x0000000088ec5870) 
thrown [./open/src/hotspot/share/interpreter/linkResolver.cpp, line 782]
Event: 20.154 Thread 0x000002349eb2fce0 Exception <a 'java/lang/NoSuchMethodError'{0x0000000088edb1d8}: 'java.lang.Object java.lang.invoke.DirectMethodHandle$Holder.invokeSpecialIFC(java.lang.Object, java.lang.Object, java.lang.Object)'> (0x0000000088edb1d8) 
thrown [./open/src/hotspot/share/interpreter/linkResolver.cpp, line 782]
Event: 20.208 Thread 0x000002349eb28960 Exception <a 'java/lang/NoSuchMethodError'{0x0000000086b3e050}: 'int java.lang.invoke.DirectMethodHandle$Holder.invokeStaticInit(java.lang.Object, java.lang.Object, java.lang.Object, java.lang.Object, java.lang.Object)'> (0x0000000086b3e050) 
thrown [./open/src/hotspot/share/interpreter/linkResolver.cpp, line 782]
Event: 20.512 Thread 0x000002349eb2fce0 Exception <a 'java/lang/NoSuchMethodError'{0x0000000088ea1248}: 'void java.lang.invoke.DirectMethodHandle$Holder.invokeVirtual(java.lang.Object, java.lang.Object)'> (0x0000000088ea1248) 
thrown [./open/src/hotspot/share/interpreter/linkResolver.cpp, line 782]
Event: 20.512 Thread 0x000002349eb2e000 Exception <a 'java/lang/NoSuchMethodError'{0x0000000088f7db98}: 'void java.lang.invoke.DirectMethodHandle$Holder.invokeVirtual(java.lang.Object, java.lang.Object)'> (0x0000000088f7db98) 
thrown [./open/src/hotspot/share/interpreter/linkResolver.cpp, line 782]

Events (20 events):
Event: 20.565 Executing VM operation: HandshakeAllThreads done
Event: 20.706 Executing VM operation: ICBufferFull
Event: 20.706 Executing VM operation: ICBufferFull done
Event: 20.706 Executing VM operation: HandshakeAllThreads
Event: 20.707 Executing VM operation: HandshakeAllThreads done
Event: 20.769 Executing VM operation: ICBufferFull
Event: 20.769 Executing VM operation: ICBufferFull done
Event: 20.769 Executing VM operation: HandshakeAllThreads
Event: 20.770 Executing VM operation: HandshakeAllThreads done
Event: 20.786 Executing VM operation: ICBufferFull
Event: 20.786 Executing VM operation: ICBufferFull done
Event: 20.870 Executing VM operation: ICBufferFull
Event: 20.872 Executing VM operation: ICBufferFull done
Event: 20.872 Executing VM operation: HandshakeAllThreads
Event: 20.872 Executing VM operation: HandshakeAllThreads done
Event: 20.919 Executing VM operation: G1CollectForAllocation
Event: 20.934 Executing VM operation: G1CollectForAllocation done
Event: 20.934 Executing VM operation: HandshakeAllThreads
Event: 20.934 Executing VM operation: HandshakeAllThreads done
Event: 21.052 Executing VM operation: G1Concurrent


Dynamic libraries:
0x00007ff70f690000 - 0x00007ff70f69f000 	C:\Program Files\Java\jdk-15.0.2\bin\java.exe
0x00007ffa5ee20000 - 0x00007ffa5f029000 	C:\WINDOWS\SYSTEM32\ntdll.dll
0x00007ffa5d840000 - 0x00007ffa5d8fd000 	C:\WINDOWS\System32\KERNEL32.DLL
0x00007ffa5c940000 - 0x00007ffa5ccb4000 	C:\WINDOWS\System32\KERNELBASE.dll
0x00007ffa5c3c0000 - 0x00007ffa5c4d1000 	C:\WINDOWS\System32\ucrtbase.dll
0x00007ffa57930000 - 0x00007ffa57949000 	C:\Program Files\Java\jdk-15.0.2\bin\VCRUNTIME140.dll
0x00007ffa57910000 - 0x00007ffa57928000 	C:\Program Files\Java\jdk-15.0.2\bin\jli.dll
0x00007ffa5db80000 - 0x00007ffa5dc2e000 	C:\WINDOWS\System32\ADVAPI32.dll
0x00007ffa5dc50000 - 0x00007ffa5dcf3000 	C:\WINDOWS\System32\msvcrt.dll
0x00007ffa5df50000 - 0x00007ffa5dfee000 	C:\WINDOWS\System32\sechost.dll
0x00007ffa5e3f0000 - 0x00007ffa5e510000 	C:\WINDOWS\System32\RPCRT4.dll
0x00007ffa5d9d0000 - 0x00007ffa5db7c000 	C:\WINDOWS\System32\USER32.dll
0x00007ffa3f4c0000 - 0x00007ffa3f765000 	C:\WINDOWS\WinSxS\amd64_microsoft.windows.common-controls_6595b64144ccf1df_6.0.22000.120_none_9d947278b86cc467\COMCTL32.dll
0x00007ffa5c390000 - 0x00007ffa5c3b6000 	C:\WINDOWS\System32\win32u.dll
0x00007ffa5cd30000 - 0x00007ffa5cd59000 	C:\WINDOWS\System32\GDI32.dll
0x00007ffa5c550000 - 0x00007ffa5c662000 	C:\WINDOWS\System32\gdi32full.dll
0x00007ffa573f0000 - 0x00007ffa573fa000 	C:\WINDOWS\SYSTEM32\VERSION.dll
0x00007ffa5c7e0000 - 0x00007ffa5c87d000 	C:\WINDOWS\System32\msvcp_win.dll
0x00007ffa5e1e0000 - 0x00007ffa5e211000 	C:\WINDOWS\System32\IMM32.DLL
0x00007ffa58a30000 - 0x00007ffa58a3c000 	C:\Program Files\Java\jdk-15.0.2\bin\vcruntime140_1.dll
0x00007ffa29570000 - 0x00007ffa29601000 	C:\Program Files\Java\jdk-15.0.2\bin\msvcp140.dll
0x00007ff9ed530000 - 0x00007ff9ee08e000 	C:\Program Files\Java\jdk-15.0.2\bin\server\jvm.dll
0x00007ffa5dc30000 - 0x00007ffa5dc38000 	C:\WINDOWS\System32\PSAPI.DLL
0x00007ffa51df0000 - 0x00007ffa51df9000 	C:\WINDOWS\SYSTEM32\WSOCK32.dll
0x00007ffa52220000 - 0x00007ffa52253000 	C:\WINDOWS\SYSTEM32\WINMM.dll
0x00007ffa5e170000 - 0x00007ffa5e1df000 	C:\WINDOWS\System32\WS2_32.dll
0x00007ffa5b500000 - 0x00007ffa5b518000 	C:\WINDOWS\SYSTEM32\kernel.appcore.dll
0x00007ffa57900000 - 0x00007ffa5790a000 	C:\Program Files\Java\jdk-15.0.2\bin\jimage.dll
0x00007ffa4b320000 - 0x00007ffa4b541000 	C:\WINDOWS\SYSTEM32\DBGHELP.DLL
0x00007ffa49000000 - 0x00007ffa49031000 	C:\WINDOWS\SYSTEM32\dbgcore.DLL
0x00007ffa5c310000 - 0x00007ffa5c38f000 	C:\WINDOWS\System32\bcryptPrimitives.dll
0x00007ffa4c1e0000 - 0x00007ffa4c205000 	C:\Program Files\Java\jdk-15.0.2\bin\java.dll
0x00007ffa5e610000 - 0x00007ffa5edbe000 	C:\WINDOWS\System32\SHELL32.dll
0x00007ffa5a490000 - 0x00007ffa5acf7000 	C:\WINDOWS\SYSTEM32\windows.storage.dll
0x00007ffa5d300000 - 0x00007ffa5d678000 	C:\WINDOWS\System32\combase.dll
0x00007ffa5a320000 - 0x00007ffa5a486000 	C:\WINDOWS\SYSTEM32\wintypes.dll
0x00007ffa5e220000 - 0x00007ffa5e30a000 	C:\WINDOWS\System32\SHCORE.dll
0x00007ffa5d970000 - 0x00007ffa5d9cd000 	C:\WINDOWS\System32\shlwapi.dll
0x00007ffa5c240000 - 0x00007ffa5c261000 	C:\WINDOWS\SYSTEM32\profapi.dll
0x00007ffa52110000 - 0x00007ffa52129000 	C:\Program Files\Java\jdk-15.0.2\bin\net.dll
0x00007ffa57290000 - 0x00007ffa5739c000 	C:\WINDOWS\SYSTEM32\WINHTTP.dll
0x00007ffa5b930000 - 0x00007ffa5b997000 	C:\WINDOWS\system32\mswsock.dll
0x00007ffa51320000 - 0x00007ffa51332000 	C:\Program Files\Java\jdk-15.0.2\bin\nio.dll
0x00007ffa511c0000 - 0x00007ffa511d8000 	C:\Program Files\Java\jdk-15.0.2\bin\zip.dll
0x00007ffa578d0000 - 0x00007ffa578e0000 	C:\Program Files\Java\jdk-15.0.2\bin\verify.dll
0x00007ffa589e0000 - 0x00007ffa58a07000 	D:\aa\native\8bec1ad78214c89d9ad589b4d07fe93259594b29d510b10fafb7a158f7737e5d\windows-amd64\native-platform.dll
0x00007ffa03a90000 - 0x00007ffa03bcd000 	D:\aa\native\53dbd7edfb1c66fb8903c78663c9afc45aea4f116125fa6feffd364cf09443e8\windows-amd64\native-platform-file-events.dll
0x00007ffa522f0000 - 0x00007ffa522f9000 	C:\Program Files\Java\jdk-15.0.2\bin\management.dll
0x00007ffa51230000 - 0x00007ffa5123b000 	C:\Program Files\Java\jdk-15.0.2\bin\management_ext.dll
0x00007ffa5bb70000 - 0x00007ffa5bb88000 	C:\WINDOWS\SYSTEM32\CRYPTSP.dll
0x00007ffa5b460000 - 0x00007ffa5b495000 	C:\WINDOWS\system32\rsaenh.dll
0x00007ffa5ba20000 - 0x00007ffa5ba49000 	C:\WINDOWS\SYSTEM32\USERENV.dll
0x00007ffa5bcf0000 - 0x00007ffa5bd17000 	C:\WINDOWS\SYSTEM32\bcrypt.dll
0x00007ffa5bb90000 - 0x00007ffa5bb9c000 	C:\WINDOWS\SYSTEM32\CRYPTBASE.dll
0x00007ffa5b030000 - 0x00007ffa5b05d000 	C:\WINDOWS\SYSTEM32\IPHLPAPI.DLL
0x00007ffa5d900000 - 0x00007ffa5d909000 	C:\WINDOWS\System32\NSI.dll
0x00007ffa573d0000 - 0x00007ffa573e9000 	C:\WINDOWS\SYSTEM32\dhcpcsvc6.DLL
0x00007ffa57630000 - 0x00007ffa5764e000 	C:\WINDOWS\SYSTEM32\dhcpcsvc.DLL
0x00007ffa5b060000 - 0x00007ffa5b147000 	C:\WINDOWS\SYSTEM32\DNSAPI.dll

dbghelp: loaded successfully - version: 4.0.5 - missing functions: none
symbol engine: initialized successfully - sym options: 0x614 - pdb path: .;C:\Program Files\Java\jdk-15.0.2\bin;C:\WINDOWS\SYSTEM32;C:\WINDOWS\WinSxS\amd64_microsoft.windows.common-controls_6595b64144ccf1df_6.0.22000.120_none_9d947278b86cc467;C:\Program Files\Java\jdk-15.0.2\bin\server;D:\aa\native\8bec1ad78214c89d9ad589b4d07fe93259594b29d510b10fafb7a158f7737e5d\windows-amd64;D:\aa\native\53dbd7edfb1c66fb8903c78663c9afc45aea4f116125fa6feffd364cf09443e8\windows-amd64

VM Arguments:
jvm_args: --add-opens=java.base/java.util=ALL-UNNAMED --add-opens=java.base/java.lang=ALL-UNNAMED --add-opens=java.base/java.lang.invoke=ALL-UNNAMED --add-opens=java.base/java.util=ALL-UNNAMED --add-opens=java.prefs/java.util.prefs=ALL-UNNAMED --add-opens=java.prefs/java.util.prefs=ALL-UNNAMED --add-opens=java.base/java.nio.charset=ALL-UNNAMED --add-opens=java.base/java.net=ALL-UNNAMED --add-opens=java.base/java.util.concurrent.atomic=ALL-UNNAMED -Xmx2048m -Dfile.encoding=UTF-8 -Duser.country=IN -Duser.language=en -Duser.variant 
java_command: org.gradle.launcher.daemon.bootstrap.GradleDaemon 7.0.2
java_class_path (initial): D:\aa\wrapper\dists\gradle-7.0.2-bin\857tjihv64xamwrf0h14cai3r\gradle-7.0.2\lib\gradle-launcher-7.0.2.jar
Launcher Type: SUN_STANDARD

[Global flags]
     intx CICompilerCount                          = 4                                         {product} {ergonomic}
     uint ConcGCThreads                            = 3                                         {product} {ergonomic}
     uint G1ConcRefinementThreads                  = 10                                        {product} {ergonomic}
   size_t G1HeapRegionSize                         = 1048576                                   {product} {ergonomic}
    uintx GCDrainStackTargetSize                   = 64                                        {product} {ergonomic}
   size_t InitialHeapSize                          = 266338304                                 {product} {ergonomic}
   size_t MarkStackSize                            = 4194304                                   {product} {ergonomic}
   size_t MaxHeapSize                              = 2147483648                                {product} {command line}
   size_t MaxNewSize                               = 1287651328                                {product} {ergonomic}
   size_t MinHeapDeltaBytes                        = 1048576                                   {product} {ergonomic}
   size_t MinHeapSize                              = 8388608                                   {product} {ergonomic}
    uintx NonNMethodCodeHeapSize                   = 5839372                                {pd product} {ergonomic}
    uintx NonProfiledCodeHeapSize                  = 122909434                              {pd product} {ergonomic}
    uintx ProfiledCodeHeapSize                     = 122909434                              {pd product} {ergonomic}
    uintx ReservedCodeCacheSize                    = 251658240                              {pd product} {ergonomic}
     bool SegmentedCodeCache                       = true                                      {product} {ergonomic}
   size_t SoftMaxHeapSize                          = 2147483648                             {manageable} {ergonomic}
     bool UseCompressedClassPointers               = true                                 {lp64_product} {ergonomic}
     bool UseCompressedOops                        = true                                 {lp64_product} {ergonomic}
     bool UseG1GC                                  = true                                      {product} {ergonomic}
     bool UseLargePagesIndividualAllocation        = false                                  {pd product} {ergonomic}

Logging:
Log output configuration:
 #0: stdout all=warning uptime,level,tags
 #1: stderr all=off uptime,level,tags

Environment Variables:
JAVA_HOME=C:\Program Files\Java\jdk-15.0.2
PATH=C:\MinGW;C:\MinGW\bin;C:\Program Files\Java\jdk-15.0.2\bin;C:\Program Files\Common Files\Oracle\Java\javapath;C:\Windows\system32;C:\Windows;C:\Windows\System32\Wbem;C:\Windows\System32\WindowsPowerShell\v1.0\;C:\Windows\System32\OpenSSH\;C:\Program Files (x86)\NVIDIA Corporation\PhysX\Common;C:\Program Files\NVIDIA Corporation\NVIDIA NvDLISR;C:\WINDOWS\system32;C:\WINDOWS;C:\WINDOWS\System32\Wbem;C:\WINDOWS\System32\WindowsPowerShell\v1.0\;C:\WINDOWS\System32\OpenSSH\;C:\Program Files\Git\cmd;C:\Program Files\dotnet\;C:\Users\Deepak\Desktop\gradle1\gradle-7.0.1\bin;C:\Users\Deepak\Desktop\gradle1\gradle-7.0.1;C:\Program Files\nodejs;C:\Program Files\Google\Google Apps Sync\;C:\Program Files\Google\Google Apps Migration\;C:\Program Files\Microsoft SQL Server\150\Tools\Binn\;C:\Program Files\Microsoft SQL Server\Client SDK\ODBC\170\Tools\Binn\;C:\Program Files\MySQL\MySQL Router 8.0\bin;C:\Program Files (x86)\Microsoft SQL Server\150\Tools\Binn\;C:\Program Files\Microsoft SQL Server\150\DTS\Binn\;C:\Program Files (x86)\Microsoft SQL Server\150\DTS\Binn\;C:\Program Files\Azure Data Studio\bin;C:\Users\Deepak\anaconda3;C:\Users\Deepak\anaconda3\Library\mingw-w64\bin;C:\Users\Deepak\anaconda3\Library\usr\bin;C:\Users\Deepak\anaconda3\Library\bin;C:\Users\Deepak\anaconda3\Scripts;C:\Program Files\MySQL\MySQL Shell 8.0\bin\;C:\src\flutter\flutter\bin;C:\Users\Deepak\AppData\Local\Programs\Python\Python39\Scripts\;C:\Users\Deepak\AppData\Local\Programs\Python\Python39\;C:\Program Files\Java\jdk-15.0.2\bin;C:\Program Files\JetBrains\IntelliJ IDEA 2020.3.2\bin;;C:\Users\Deepak\AppData\Local\Microsoft\WindowsApps;C:\Users\Deepak\AppData\Local\Programs\Microsoft VS Code\bin;C:\Users\Deepak\AppData\Local\Programs\radare2\bin;C:\Modeltech_eval_6.2c\win32;C:\Modeltech_6.2c\win32;C:\Program Files\JetBrains\IntelliJ IDEA Community Edition 2021.1.2\bin;;C:\Program Files\JetBrains\PyCharm Community Edition 2021.1.2\bin;;C:\Users\Deepak\AppData\Roaming\npm;C:\Users\Deepak\AppData\Lo
USERNAME=Deepak
OS=Windows_NT
PROCESSOR_IDENTIFIER=Intel64 Family 6 Model 158 Stepping 10, GenuineIntel



---------------  S Y S T E M  ---------------

OS:
 Windows 10 , 64 bit Build 22000 (10.0.22000.434)
OS uptime: 0 days 14:41 hours

CPU: total 12 (initial active 12) (6 cores per cpu, 2 threads per core) family 6 model 158 stepping 10 microcode 0xde, cmov, cx8, fxsr, mmx, sse, sse2, sse3, ssse3, sse4.1, sse4.2, popcnt, vzeroupper, avx, avx2, aes, clmul, erms, 3dnowpref, lzcnt, ht, tsc, tscinvbit, bmi1, bmi2, adx, fma, clflush, clflushopt

Memory: 4k page, system-wide physical 16225M (2125M free)
TotalPageFile size 16225M (AvailPageFile size 20M)
current process WorkingSet (physical memory assigned to process): 362M, peak: 369M
current process commit charge ("private bytes"): 412M, peak: 435M

vm_info: Java HotSpot(TM) 64-Bit Server VM (15.0.2+7-27) for windows-amd64 JRE (15.0.2+7-27), built on Dec  7 2020 20:07:01 by "mach5one" with unknown MS VC++:1925

END.
