#
# There is insufficient memory for the Java Runtime Environment to continue.
# Native memory allocation (malloc) failed to allocate 2128496 bytes for Chunk::new
# Possible reasons:
#   The system is out of physical RAM or swap space
#   The process is running with CompressedOops enabled, and the Java Heap may be blocking the growth of the native heap
# Possible solutions:
#   Reduce memory load on the system
#   Increase physical memory or swap space
#   Check if swap backing store is full
#   Decrease Java heap size (-Xmx/-Xms)
#   Decrease number of Java threads
#   Decrease Java thread stack sizes (-Xss)
#   Set larger code cache with -XX:ReservedCodeCacheSize=
#   JVM is running with Unscaled Compressed Oops mode in which the Java heap is
#     placed in the first 4GB address space. The Java Heap base address is the
#     maximum limit for the native heap growth. Please use -XX:HeapBaseMinAddress
#     to set the Java Heap base and to place the Java Heap above 4GB virtual address.
# This output file may be truncated or incomplete.
#
#  Out of Memory Error (./open/src/hotspot/share/memory/arena.cpp:195), pid=24720, tid=24432
#
# JRE version: Java(TM) SE Runtime Environment (15.0.2+7) (build 15.0.2+7-27)
# Java VM: Java HotSpot(TM) 64-Bit Server VM (15.0.2+7-27, mixed mode, sharing, tiered, compressed oops, g1 gc, windows-amd64)
# No core dump will be written. Minidumps are not enabled by default on client versions of Windows
#

---------------  S U M M A R Y ------------

Command Line: --add-opens=java.base/java.util=ALL-UNNAMED --add-opens=java.base/java.lang=ALL-UNNAMED --add-opens=java.base/java.lang.invoke=ALL-UNNAMED --add-opens=java.base/java.util=ALL-UNNAMED --add-opens=java.prefs/java.util.prefs=ALL-UNNAMED --add-opens=java.prefs/java.util.prefs=ALL-UNNAMED --add-opens=java.base/java.nio.charset=ALL-UNNAMED --add-opens=java.base/java.net=ALL-UNNAMED --add-opens=java.base/java.util.concurrent.atomic=ALL-UNNAMED -Xmx2048m -Dfile.encoding=UTF-8 -Duser.country=IN -Duser.language=en -Duser.variant org.gradle.launcher.daemon.bootstrap.GradleDaemon 7.0.2

Host: Intel(R) Core(TM) i7-9750H CPU @ 2.60GHz, 12 cores, 15G,  Windows 10 , 64 bit Build 22000 (10.0.22000.434)
Time: Tue Feb 15 11:12:49 2022 India Standard Time elapsed time: 86.269377 seconds (0d 0h 1m 26s)

---------------  T H R E A D  ---------------

Current thread (0x0000016dc445e890):  JavaThread "C2 CompilerThread1" daemon [_thread_in_native, id=24432, stack(0x00000041ad000000,0x00000041ad100000)]


Current CompileTask:
C2:  86269 14809       4       com.android.builder.symbols.BytecodeRClassWriterKt::generateResourceTypeClass (725 bytes)

Stack: [0x00000041ad000000,0x00000041ad100000]
Native frames: (J=compiled Java code, j=interpreted, Vv=VM code, C=native code)
V  [jvm.dll+0x62ae9a]
V  [jvm.dll+0x7817a9]
V  [jvm.dll+0x782f03]
V  [jvm.dll+0x783563]
V  [jvm.dll+0x216325]
V  [jvm.dll+0x97f3a]
V  [jvm.dll+0x9861c]
V  [jvm.dll+0x32e2a8]
V  [jvm.dll+0x2f768a]
V  [jvm.dll+0x2f6a4a]
V  [jvm.dll+0x1ea705]
V  [jvm.dll+0x1e996e]
V  [jvm.dll+0x178567]
V  [jvm.dll+0x1f9225]
V  [jvm.dll+0x1f72cc]
V  [jvm.dll+0x74495d]
V  [jvm.dll+0x73d75a]
V  [jvm.dll+0x629c56]
C  [ucrtbase.dll+0x26c0c]
C  [KERNEL32.DLL+0x154e0]
C  [ntdll.dll+0x485b]


---------------  P R O C E S S  ---------------

Threads class SMR info:
_java_thread_list=0x0000016dc1642190, length=83, elements={
0x0000016d9e0e4dd0, 0x0000016dbd121f70, 0x0000016dbd122b40, 0x0000016dbda3d7a0,
0x0000016dbda40070, 0x0000016dbda40b20, 0x0000016dbda429c0, 0x0000016dbda45490,
0x0000016dbda4c6b0, 0x0000016dbdb7d550, 0x0000016dbdb7dc50, 0x0000016dbee526b0,
0x0000016dbe165020, 0x0000016dc003e920, 0x0000016dbedc6d70, 0x0000016dbedc5f00,
0x0000016dbedc63d0, 0x0000016dbedc5090, 0x0000016dbedc68a0, 0x0000016dbedc8a50,
0x0000016dbfd4b380, 0x0000016dbfd4c6c0, 0x0000016dbfd4b850, 0x0000016dbfd4aeb0,
0x0000016dc2c5e8a0, 0x0000016dc2c60f20, 0x0000016dc2c5d090, 0x0000016dc2c613f0,
0x0000016dc2c5fbe0, 0x0000016dc2c5d560, 0x0000016dc2c5a070, 0x0000016dc2c5b880,
0x0000016dc2c5a540, 0x0000016dc2c5ed70, 0x0000016dc2c60a50, 0x0000016dc2c5da30,
0x0000016dbedc7240, 0x0000016dbedc5560, 0x0000016dbedc7710, 0x0000016dc4961030,
0x0000016dc495e010, 0x0000016dc495f350, 0x0000016dc495b4c0, 0x0000016dc495be60,
0x0000016dc495db40, 0x0000016dc495a180, 0x0000016dc495e9b0, 0x0000016dc495e4e0,
0x0000016dc4960b60, 0x0000016dc495ee80, 0x0000016dc495b990, 0x0000016dc495f820,
0x0000016dc495fcf0, 0x0000016dc495c330, 0x0000016dc495c800, 0x0000016dc4960690,
0x0000016dc495ccd0, 0x0000016dc2c5bd50, 0x0000016dc2c5f240, 0x0000016dc2c5f710,
0x0000016dc2c60580, 0x0000016dc2c5e3d0, 0x0000016dc2c5aa10, 0x0000016dc2c5aee0,
0x0000016dc2c5c220, 0x0000016dc2c5c6f0, 0x0000016dc2c5cbc0, 0x0000016dbfd4bd20,
0x0000016dbfd4cb90, 0x0000016dbfd4d060, 0x0000016dbfd4c1f0, 0x0000016dbfd4d530,
0x0000016dbfd4da00, 0x0000016dbfd4a510, 0x0000016dbfd4a040, 0x0000016dbe8b2690,
0x0000016dbe8b4d10, 0x0000016dbe8b21c0, 0x0000016dbe8b3500, 0x0000016dbe8b3ea0,
0x0000016dbe8ade60, 0x0000016dc445e890, 0x0000016dc445eda0
}

Java Threads: ( => current thread )
  0x0000016d9e0e4dd0 JavaThread "main" [_thread_blocked, id=17568, stack(0x00000041aa500000,0x00000041aa600000)]
  0x0000016dbd121f70 JavaThread "Reference Handler" daemon [_thread_blocked, id=3024, stack(0x00000041aac00000,0x00000041aad00000)]
  0x0000016dbd122b40 JavaThread "Finalizer" daemon [_thread_blocked, id=18116, stack(0x00000041aad00000,0x00000041aae00000)]
  0x0000016dbda3d7a0 JavaThread "Signal Dispatcher" daemon [_thread_blocked, id=12344, stack(0x00000041aae00000,0x00000041aaf00000)]
  0x0000016dbda40070 JavaThread "Attach Listener" daemon [_thread_blocked, id=19060, stack(0x00000041aaf00000,0x00000041ab000000)]
  0x0000016dbda40b20 JavaThread "Service Thread" daemon [_thread_blocked, id=10028, stack(0x00000041ab000000,0x00000041ab100000)]
  0x0000016dbda429c0 JavaThread "C2 CompilerThread0" daemon [_thread_in_native, id=10376, stack(0x00000041ab100000,0x00000041ab200000)]
  0x0000016dbda45490 JavaThread "C1 CompilerThread0" daemon [_thread_in_native, id=9388, stack(0x00000041ab200000,0x00000041ab300000)]
  0x0000016dbda4c6b0 JavaThread "Sweeper thread" daemon [_thread_blocked, id=13784, stack(0x00000041ab300000,0x00000041ab400000)]
  0x0000016dbdb7d550 JavaThread "Common-Cleaner" daemon [_thread_blocked, id=24132, stack(0x00000041ab400000,0x00000041ab500000)]
  0x0000016dbdb7dc50 JavaThread "Notification Thread" daemon [_thread_blocked, id=10548, stack(0x00000041ab500000,0x00000041ab600000)]
  0x0000016dbee526b0 JavaThread "Daemon health stats" [_thread_blocked, id=13128, stack(0x00000041abe00000,0x00000041abf00000)]
  0x0000016dbe165020 JavaThread "Incoming local TCP Connector on port 60286" [_thread_in_native, id=4776, stack(0x00000041abf00000,0x00000041ac000000)]
  0x0000016dc003e920 JavaThread "Daemon periodic checks" [_thread_blocked, id=8508, stack(0x00000041ac000000,0x00000041ac100000)]
  0x0000016dbedc6d70 JavaThread "Cache worker for file hash cache (D:\aa\caches\7.0.2\fileHashes)" [_thread_in_Java, id=17720, stack(0x00000041ac800000,0x00000041ac900000)]
  0x0000016dbedc5f00 JavaThread "File lock request listener" [_thread_in_native, id=20212, stack(0x00000041ac900000,0x00000041aca00000)]
  0x0000016dbedc63d0 JavaThread "Cache worker for journal cache (D:\aa\caches\journal-1)" [_thread_blocked, id=22924, stack(0x00000041aca00000,0x00000041acb00000)]
  0x0000016dbedc5090 JavaThread "File watcher server" daemon [_thread_in_native, id=25552, stack(0x00000041acc00000,0x00000041acd00000)]
  0x0000016dbedc68a0 JavaThread "File watcher consumer" daemon [_thread_blocked, id=15480, stack(0x00000041acd00000,0x00000041ace00000)]
  0x0000016dbedc8a50 JavaThread "Cache worker for execution history cache (D:\aa\caches\7.0.2\executionHistory)" [_thread_blocked, id=6820, stack(0x00000041ad100000,0x00000041ad200000)]
  0x0000016dbfd4b380 JavaThread "jar transforms" [_thread_blocked, id=1356, stack(0x00000041ad800000,0x00000041ad900000)]
  0x0000016dbfd4c6c0 JavaThread "jar transforms Thread 2" [_thread_blocked, id=13340, stack(0x00000041ad900000,0x00000041ada00000)]
  0x0000016dbfd4b850 JavaThread "Cache worker for file content cache (D:\aa\caches\7.0.2\fileContent)" [_thread_blocked, id=16780, stack(0x00000041ada00000,0x00000041adb00000)]
  0x0000016dbfd4aeb0 JavaThread "jar transforms Thread 3" [_thread_blocked, id=4380, stack(0x00000041adc00000,0x00000041add00000)]
  0x0000016dc2c5e8a0 JavaThread "jar transforms Thread 4" [_thread_blocked, id=11548, stack(0x00000041aea00000,0x00000041aeb00000)]
  0x0000016dc2c60f20 JavaThread "jar transforms Thread 5" [_thread_blocked, id=1784, stack(0x00000041aeb00000,0x00000041aec00000)]
  0x0000016dc2c5d090 JavaThread "jar transforms Thread 6" [_thread_blocked, id=3084, stack(0x00000041aec00000,0x00000041aed00000)]
  0x0000016dc2c613f0 JavaThread "jar transforms Thread 7" [_thread_blocked, id=10948, stack(0x00000041aed00000,0x00000041aee00000)]
  0x0000016dc2c5fbe0 JavaThread "jar transforms Thread 8" [_thread_blocked, id=12020, stack(0x00000041aee00000,0x00000041aef00000)]
  0x0000016dc2c5d560 JavaThread "jar transforms Thread 9" [_thread_blocked, id=4644, stack(0x00000041aef00000,0x00000041af000000)]
  0x0000016dc2c5a070 JavaThread "jar transforms Thread 10" [_thread_blocked, id=15524, stack(0x00000041af000000,0x00000041af100000)]
  0x0000016dc2c5b880 JavaThread "jar transforms Thread 11" [_thread_blocked, id=17096, stack(0x00000041af100000,0x00000041af200000)]
  0x0000016dc2c5a540 JavaThread "jar transforms Thread 12" [_thread_blocked, id=24148, stack(0x00000041af200000,0x00000041af300000)]
  0x0000016dc2c5ed70 JavaThread "Memory manager" [_thread_blocked, id=19020, stack(0x00000041af300000,0x00000041af400000)]
  0x0000016dc2c60a50 JavaThread "pool-3-thread-1" [_thread_blocked, id=2148, stack(0x00000041af500000,0x00000041af600000)]
  0x0000016dc2c5da30 JavaThread "pool-7-thread-1" [_thread_blocked, id=24456, stack(0x00000041af600000,0x00000041af700000)]
  0x0000016dbedc7240 JavaThread "Daemon Thread 2" [_thread_blocked, id=16328, stack(0x00000041aa300000,0x00000041aa400000)]
  0x0000016dbedc5560 JavaThread "Handler for socket connection from /127.0.0.1:60286 to /127.0.0.1:60328" [_thread_in_native, id=9840, stack(0x00000041ab700000,0x00000041ab800000)]
  0x0000016dbedc7710 JavaThread "Cancel handler" [_thread_blocked, id=1760, stack(0x00000041ab800000,0x00000041ab900000)]
  0x0000016dc4961030 JavaThread "Daemon worker Thread 2" [_thread_blocked, id=13268, stack(0x00000041ac100000,0x00000041ac200000)]
  0x0000016dc495e010 JavaThread "Asynchronous log dispatcher for DefaultDaemonConnection: socket connection from /127.0.0.1:60286 to /127.0.0.1:60328" [_thread_blocked, id=25148, stack(0x00000041ac200000,0x00000041ac300000)]
  0x0000016dc495f350 JavaThread "Stdin handler" [_thread_blocked, id=4420, stack(0x00000041ac300000,0x00000041ac400000)]
  0x0000016dc495b4c0 JavaThread "Daemon client event forwarder" [_thread_blocked, id=16756, stack(0x00000041ac400000,0x00000041ac500000)]
  0x0000016dc495be60 JavaThread "Cache worker for file hash cache (D:\app_dev\QuizApp\.gradle\7.0.2\fileHashes)" [_thread_blocked, id=19372, stack(0x00000041ac500000,0x00000041ac600000)]
  0x0000016dc495db40 JavaThread "Cache worker for checksums cache (D:\app_dev\QuizApp\.gradle\checksums)" [_thread_blocked, id=4280, stack(0x00000041ac600000,0x00000041ac700000)]
  0x0000016dc495a180 JavaThread "Cache worker for cache directory md-supplier (D:\aa\caches\7.0.2\md-supplier)" [_thread_blocked, id=10168, stack(0x00000041ac700000,0x00000041ac800000)]
  0x0000016dc495e9b0 JavaThread "Cache worker for cache directory md-rule (D:\aa\caches\7.0.2\md-rule)" [_thread_blocked, id=8216, stack(0x00000041acb00000,0x00000041acc00000)]
  0x0000016dc495e4e0 JavaThread "Cache worker for dependencies-accessors (D:\app_dev\QuizApp\.gradle\7.0.2\dependencies-accessors)" [_thread_blocked, id=19064, stack(0x00000041ace00000,0x00000041acf00000)]
  0x0000016dc4960b60 JavaThread "Cache worker for Build Output Cleanup Cache (D:\app_dev\QuizApp\.gradle\buildOutputCleanup)" [_thread_blocked, id=23428, stack(0x00000041acf00000,0x00000041ad000000)]
  0x0000016dc495ee80 JavaThread "Build operations" [_thread_blocked, id=24968, stack(0x00000041add00000,0x00000041ade00000)]
  0x0000016dc495b990 JavaThread "Build operations Thread 2" [_thread_blocked, id=19012, stack(0x00000041ade00000,0x00000041adf00000)]
  0x0000016dc495f820 JavaThread "Build operations Thread 3" [_thread_blocked, id=5572, stack(0x00000041adf00000,0x00000041ae000000)]
  0x0000016dc495fcf0 JavaThread "Build operations Thread 4" [_thread_blocked, id=16836, stack(0x00000041ae000000,0x00000041ae100000)]
  0x0000016dc495c330 JavaThread "Build operations Thread 5" [_thread_blocked, id=21472, stack(0x00000041ae100000,0x00000041ae200000)]
  0x0000016dc495c800 JavaThread "Build operations Thread 6" [_thread_blocked, id=13024, stack(0x00000041ae200000,0x00000041ae300000)]
  0x0000016dc4960690 JavaThread "Build operations Thread 7" [_thread_blocked, id=22000, stack(0x00000041ae300000,0x00000041ae400000)]
  0x0000016dc495ccd0 JavaThread "Build operations Thread 8" [_thread_blocked, id=688, stack(0x00000041ae400000,0x00000041ae500000)]
  0x0000016dc2c5bd50 JavaThread "Build operations Thread 9" [_thread_blocked, id=16548, stack(0x00000041ae500000,0x00000041ae600000)]
  0x0000016dc2c5f240 JavaThread "Build operations Thread 10" [_thread_blocked, id=15720, stack(0x00000041ae600000,0x00000041ae700000)]
  0x0000016dc2c5f710 JavaThread "Build operations Thread 11" [_thread_blocked, id=15504, stack(0x00000041ae700000,0x00000041ae800000)]
  0x0000016dc2c60580 JavaThread "Build operations Thread 12" [_thread_blocked, id=6324, stack(0x00000041ae800000,0x00000041ae900000)]
  0x0000016dc2c5e3d0 JavaThread "build event listener" [_thread_blocked, id=18880, stack(0x00000041ae900000,0x00000041aea00000)]
  0x0000016dc2c5aa10 JavaThread "pool-11-thread-1" [_thread_blocked, id=16912, stack(0x00000041af400000,0x00000041af500000)]
  0x0000016dc2c5aee0 JavaThread "build event listener" [_thread_blocked, id=22400, stack(0x00000041af700000,0x00000041af800000)]
  0x0000016dc2c5c220 JavaThread "Execution worker for ':'" [_thread_in_vm, id=24892, stack(0x00000041af800000,0x00000041af900000)]
  0x0000016dc2c5c6f0 JavaThread "Execution worker for ':' Thread 2" [_thread_blocked, id=1672, stack(0x00000041af900000,0x00000041afa00000)]
  0x0000016dc2c5cbc0 JavaThread "Execution worker for ':' Thread 3" [_thread_blocked, id=24100, stack(0x00000041afa00000,0x00000041afb00000)]
  0x0000016dbfd4bd20 JavaThread "Execution worker for ':' Thread 4" [_thread_blocked, id=16792, stack(0x00000041afb00000,0x00000041afc00000)]
  0x0000016dbfd4cb90 JavaThread "Execution worker for ':' Thread 5" [_thread_blocked, id=3532, stack(0x00000041afd00000,0x00000041afe00000)]
  0x0000016dbfd4d060 JavaThread "Execution worker for ':' Thread 6" [_thread_blocked, id=12392, stack(0x00000041afe00000,0x00000041aff00000)]
  0x0000016dbfd4c1f0 JavaThread "Execution worker for ':' Thread 7" [_thread_blocked, id=14112, stack(0x00000041aff00000,0x00000041b0000000)]
  0x0000016dbfd4d530 JavaThread "Execution worker for ':' Thread 8" [_thread_blocked, id=1772, stack(0x00000041b0000000,0x00000041b0100000)]
  0x0000016dbfd4da00 JavaThread "Execution worker for ':' Thread 9" [_thread_blocked, id=16308, stack(0x00000041b0100000,0x00000041b0200000)]
  0x0000016dbfd4a510 JavaThread "Execution worker for ':' Thread 10" [_thread_blocked, id=23684, stack(0x00000041b0200000,0x00000041b0300000)]
  0x0000016dbfd4a040 JavaThread "Execution worker for ':' Thread 11" [_thread_blocked, id=8116, stack(0x00000041b0300000,0x00000041b0400000)]
  0x0000016dbe8b2690 JavaThread "Cache worker for execution history cache (D:\app_dev\QuizApp\.gradle\7.0.2\executionHistory)" [_thread_blocked, id=20252, stack(0x00000041b0a00000,0x00000041b0b00000)]
  0x0000016dbe8b4d10 JavaThread "WorkerExecutor Queue" [_thread_blocked, id=23100, stack(0x00000041b0b00000,0x00000041b0c00000)]
  0x0000016dbe8b21c0 JavaThread "WorkerExecutor Queue Thread 2" [_thread_blocked, id=2660, stack(0x00000041b0c00000,0x00000041b0d00000)]
  0x0000016dbe8b3500 JavaThread "pool-12-thread-1" [_thread_blocked, id=12464, stack(0x00000041b0d00000,0x00000041b0e00000)]
  0x0000016dbe8b3ea0 JavaThread "stderr" [_thread_in_native, id=3620, stack(0x00000041b0e00000,0x00000041b0f00000)]
  0x0000016dbe8ade60 JavaThread "stdout" [_thread_in_native, id=21288, stack(0x00000041b0f00000,0x00000041b1000000)]
=>0x0000016dc445e890 JavaThread "C2 CompilerThread1" daemon [_thread_in_native, id=24432, stack(0x00000041ad000000,0x00000041ad100000)]
  0x0000016dc445eda0 JavaThread "C2 CompilerThread2" daemon [_thread_in_native, id=16524, stack(0x00000041adb00000,0x00000041adc00000)]

Other Threads:
  0x0000016dbd11f6e0 VMThread "VM Thread" [stack: 0x00000041aab00000,0x00000041aac00000] [id=22040]
  0x0000016dbdba7720 WatcherThread [stack: 0x00000041ab600000,0x00000041ab700000] [id=11504]
  0x0000016d9e128560 GCTaskThread "GC Thread#0" [stack: 0x00000041aa600000,0x00000041aa700000] [id=22880]
  0x0000016dbe43cf60 GCTaskThread "GC Thread#1" [stack: 0x00000041ab900000,0x00000041aba00000] [id=15236]
  0x0000016dbe43b910 GCTaskThread "GC Thread#2" [stack: 0x00000041aba00000,0x00000041abb00000] [id=7448]
  0x0000016dbe43b2b0 GCTaskThread "GC Thread#3" [stack: 0x00000041abb00000,0x00000041abc00000] [id=12324]
  0x0000016dbe43b5e0 GCTaskThread "GC Thread#4" [stack: 0x00000041abc00000,0x00000041abd00000] [id=7992]
  0x0000016dbe439c60 GCTaskThread "GC Thread#5" [stack: 0x00000041abd00000,0x00000041abe00000] [id=24436]
  0x0000016dc0191500 GCTaskThread "GC Thread#6" [stack: 0x00000041ad200000,0x00000041ad300000] [id=20832]
  0x0000016dc0191830 GCTaskThread "GC Thread#7" [stack: 0x00000041ad300000,0x00000041ad400000] [id=13064]
  0x0000016dc0191e90 GCTaskThread "GC Thread#8" [stack: 0x00000041ad400000,0x00000041ad500000] [id=17464]
  0x0000016dc0191b60 GCTaskThread "GC Thread#9" [stack: 0x00000041ad500000,0x00000041ad600000] [id=12412]
  0x0000016d9e13b750 ConcurrentGCThread "G1 Main Marker" [stack: 0x00000041aa700000,0x00000041aa800000] [id=19568]
  0x0000016d9e13d350 ConcurrentGCThread "G1 Conc#0" [stack: 0x00000041aa800000,0x00000041aa900000] [id=16380]
  0x0000016dc0190b70 ConcurrentGCThread "G1 Conc#1" [stack: 0x00000041ad600000,0x00000041ad700000] [id=13960]
  0x0000016dc01921c0 ConcurrentGCThread "G1 Conc#2" [stack: 0x00000041ad700000,0x00000041ad800000] [id=7932]
  0x0000016dbcf98560 ConcurrentGCThread "G1 Refine#0" [stack: 0x00000041aa900000,0x00000041aaa00000] [id=21584]
  0x0000016dc5b3b390 ConcurrentGCThread "G1 Refine#1" [stack: 0x00000041afc00000,0x00000041afd00000] [id=16404]
  0x0000016dc5b3bdb0 ConcurrentGCThread "G1 Refine#2" [stack: 0x00000041b0400000,0x00000041b0500000] [id=6804]
  0x0000016dc5b38450 ConcurrentGCThread "G1 Refine#3" [stack: 0x00000041b0500000,0x00000041b0600000] [id=2760]
  0x0000016dc5b387b0 ConcurrentGCThread "G1 Refine#4" [stack: 0x00000041b0600000,0x00000041b0700000] [id=1440]
  0x0000016dc5a5c940 ConcurrentGCThread "G1 Refine#5" [stack: 0x00000041b0700000,0x00000041b0800000] [id=10384]
  0x0000016dc5a5e0e0 ConcurrentGCThread "G1 Refine#6" [stack: 0x00000041b0800000,0x00000041b0900000] [id=12148]
  0x0000016dc5a5c5e0 ConcurrentGCThread "G1 Refine#7" [stack: 0x00000041b0900000,0x00000041b0a00000] [id=22064]
  0x0000016dc5b38e70 ConcurrentGCThread "G1 Refine#8" [stack: 0x00000041b1000000,0x00000041b1100000] [id=8176]
  0x0000016dc1872d80 ConcurrentGCThread "G1 Refine#9" [stack: 0x00000041b1100000,0x00000041b1200000] [id=9796]
  0x0000016dbcf99160 ConcurrentGCThread "G1 Young RemSet Sampling" [stack: 0x00000041aaa00000,0x00000041aab00000] [id=21232]

Threads with active compile tasks:
C2 CompilerThread0    86295 14885 %     4       java.util.zip.ZipFile$Source::initCEN @ 238 (805 bytes)
C2 CompilerThread1    86296 14809       4       com.android.builder.symbols.BytecodeRClassWriterKt::generateResourceTypeClass (725 bytes)
C2 CompilerThread2    86296 15003       4       com.google.common.collect.ImmutableSortedSet::construct (108 bytes)

VM state: not at safepoint (normal execution)

VM Mutex/Monitor currently owned by a thread: None

Heap address: 0x0000000080000000, size: 2048 MB, Compressed Oops mode: 32-bit
CDS archive(s) mapped at: [0x0000000800000000-0x0000000800b50000-0x0000000800b50000), size 11862016, SharedBaseAddress: 0x0000000800000000, ArchiveRelocationMode: 0.
Compressed class space mapped at: 0x0000000800b50000-0x0000000840b50000, size: 1073741824
Narrow klass base: 0x0000000800000000, Narrow klass shift: 3, Narrow klass range: 0x100000000

GC Precious Log:
 CPUs: 12 total, 12 available
 Memory: 16225M
 Large Page Support: Disabled
 NUMA Support: Disabled
 Compressed Oops: Enabled (32-bit)
 Heap Region Size: 1M
 Heap Min Capacity: 8M
 Heap Initial Capacity: 254M
 Heap Max Capacity: 2G
 Pre-touch: Disabled
 Parallel Workers: 10
 Concurrent Workers: 3
 Concurrent Refinement Workers: 10
 Periodic GC: Disabled

Heap:
 garbage-first heap   total 266240K, used 131802K [0x0000000080000000, 0x0000000100000000)
  region size 1024K, 9 young (9216K), 2 survivors (2048K)
 Metaspace       used 91496K, capacity 92887K, committed 93008K, reserved 1130496K
  class space    used 11513K, capacity 11958K, committed 12032K, reserved 1048576K

Heap Regions: E=young(eden), S=young(survivor), O=old, HS=humongous(starts), HC=humongous(continues), CS=collection set, F=free, OA=open archive, CA=closed archive, TAMS=top-at-mark-start (previous, next)
|   0|0x0000000080000000, 0x0000000080100000, 0x0000000080100000|100%| O|  |TAMS 0x0000000080100000, 0x0000000080100000| Untracked 
|   1|0x0000000080100000, 0x0000000080200000, 0x0000000080200000|100%| O|  |TAMS 0x0000000080200000, 0x0000000080200000| Untracked 
|   2|0x0000000080200000, 0x0000000080300000, 0x0000000080300000|100%| O|  |TAMS 0x0000000080300000, 0x0000000080300000| Untracked 
|   3|0x0000000080300000, 0x0000000080400000, 0x0000000080400000|100%|HS|  |TAMS 0x0000000080400000, 0x0000000080400000| Complete 
|   4|0x0000000080400000, 0x0000000080500000, 0x0000000080500000|100%|HC|  |TAMS 0x0000000080500000, 0x0000000080500000| Complete 
|   5|0x0000000080500000, 0x0000000080600000, 0x0000000080600000|100%|HC|  |TAMS 0x0000000080600000, 0x0000000080600000| Complete 
|   6|0x0000000080600000, 0x0000000080700000, 0x0000000080700000|100%| O|  |TAMS 0x0000000080700000, 0x0000000080700000| Untracked 
|   7|0x0000000080700000, 0x0000000080800000, 0x0000000080800000|100%| O|  |TAMS 0x0000000080800000, 0x0000000080800000| Untracked 
|   8|0x0000000080800000, 0x0000000080900000, 0x0000000080900000|100%| O|  |TAMS 0x0000000080900000, 0x0000000080900000| Untracked 
|   9|0x0000000080900000, 0x0000000080a00000, 0x0000000080a00000|100%| O|  |TAMS 0x0000000080a00000, 0x0000000080a00000| Untracked 
|  10|0x0000000080a00000, 0x0000000080b00000, 0x0000000080b00000|100%| O|  |TAMS 0x0000000080b00000, 0x0000000080b00000| Untracked 
|  11|0x0000000080b00000, 0x0000000080c00000, 0x0000000080c00000|100%| O|  |TAMS 0x0000000080c00000, 0x0000000080c00000| Untracked 
|  12|0x0000000080c00000, 0x0000000080d00000, 0x0000000080d00000|100%| O|  |TAMS 0x0000000080d00000, 0x0000000080d00000| Untracked 
|  13|0x0000000080d00000, 0x0000000080e00000, 0x0000000080e00000|100%| O|  |TAMS 0x0000000080e00000, 0x0000000080e00000| Untracked 
|  14|0x0000000080e00000, 0x0000000080f00000, 0x0000000080f00000|100%| O|  |TAMS 0x0000000080f00000, 0x0000000080f00000| Untracked 
|  15|0x0000000080f00000, 0x0000000081000000, 0x0000000081000000|100%| O|  |TAMS 0x0000000081000000, 0x0000000081000000| Untracked 
|  16|0x0000000081000000, 0x0000000081100000, 0x0000000081100000|100%| O|  |TAMS 0x0000000081100000, 0x0000000081100000| Untracked 
|  17|0x0000000081100000, 0x0000000081200000, 0x0000000081200000|100%| O|  |TAMS 0x0000000081200000, 0x0000000081200000| Untracked 
|  18|0x0000000081200000, 0x0000000081300000, 0x0000000081300000|100%| O|  |TAMS 0x0000000081300000, 0x0000000081300000| Untracked 
|  19|0x0000000081300000, 0x0000000081400000, 0x0000000081400000|100%| O|  |TAMS 0x0000000081400000, 0x0000000081400000| Untracked 
|  20|0x0000000081400000, 0x0000000081500000, 0x0000000081500000|100%| O|  |TAMS 0x0000000081500000, 0x0000000081500000| Untracked 
|  21|0x0000000081500000, 0x0000000081500000, 0x0000000081600000|  0%| F|  |TAMS 0x0000000081500000, 0x0000000081500000| Untracked 
|  22|0x0000000081600000, 0x0000000081700000, 0x0000000081700000|100%| O|  |TAMS 0x0000000081700000, 0x0000000081700000| Untracked 
|  23|0x0000000081700000, 0x0000000081800000, 0x0000000081800000|100%| O|  |TAMS 0x0000000081800000, 0x0000000081800000| Untracked 
|  24|0x0000000081800000, 0x0000000081900000, 0x0000000081900000|100%|HS|  |TAMS 0x0000000081900000, 0x0000000081900000| Complete 
|  25|0x0000000081900000, 0x0000000081a00000, 0x0000000081a00000|100%|HS|  |TAMS 0x0000000081a00000, 0x0000000081a00000| Complete 
|  26|0x0000000081a00000, 0x0000000081b00000, 0x0000000081b00000|100%|HS|  |TAMS 0x0000000081b00000, 0x0000000081b00000| Complete 
|  27|0x0000000081b00000, 0x0000000081c00000, 0x0000000081c00000|100%|HC|  |TAMS 0x0000000081c00000, 0x0000000081c00000| Complete 
|  28|0x0000000081c00000, 0x0000000081d00000, 0x0000000081d00000|100%| O|  |TAMS 0x0000000081d00000, 0x0000000081d00000| Untracked 
|  29|0x0000000081d00000, 0x0000000081e00000, 0x0000000081e00000|100%| O|  |TAMS 0x0000000081e00000, 0x0000000081e00000| Untracked 
|  30|0x0000000081e00000, 0x0000000081f00000, 0x0000000081f00000|100%| O|  |TAMS 0x0000000081f00000, 0x0000000081f00000| Untracked 
|  31|0x0000000081f00000, 0x0000000082000000, 0x0000000082000000|100%| O|  |TAMS 0x0000000082000000, 0x0000000082000000| Untracked 
|  32|0x0000000082000000, 0x0000000082100000, 0x0000000082100000|100%| O|  |TAMS 0x0000000082100000, 0x0000000082100000| Untracked 
|  33|0x0000000082100000, 0x0000000082200000, 0x0000000082200000|100%| O|  |TAMS 0x0000000082200000, 0x0000000082200000| Untracked 
|  34|0x0000000082200000, 0x0000000082300000, 0x0000000082300000|100%| O|  |TAMS 0x0000000082300000, 0x0000000082300000| Untracked 
|  35|0x0000000082300000, 0x0000000082400000, 0x0000000082400000|100%| O|  |TAMS 0x0000000082400000, 0x0000000082400000| Untracked 
|  36|0x0000000082400000, 0x0000000082500000, 0x0000000082500000|100%| O|  |TAMS 0x0000000082500000, 0x0000000082500000| Untracked 
|  37|0x0000000082500000, 0x0000000082600000, 0x0000000082600000|100%| O|  |TAMS 0x0000000082600000, 0x0000000082600000| Untracked 
|  38|0x0000000082600000, 0x0000000082700000, 0x0000000082700000|100%| O|  |TAMS 0x0000000082700000, 0x0000000082700000| Untracked 
|  39|0x0000000082700000, 0x0000000082800000, 0x0000000082800000|100%| O|  |TAMS 0x0000000082800000, 0x0000000082800000| Untracked 
|  40|0x0000000082800000, 0x0000000082900000, 0x0000000082900000|100%| O|  |TAMS 0x0000000082900000, 0x0000000082900000| Untracked 
|  41|0x0000000082900000, 0x0000000082a00000, 0x0000000082a00000|100%| O|  |TAMS 0x0000000082a00000, 0x0000000082a00000| Untracked 
|  42|0x0000000082a00000, 0x0000000082b00000, 0x0000000082b00000|100%| O|  |TAMS 0x0000000082b00000, 0x0000000082b00000| Untracked 
|  43|0x0000000082b00000, 0x0000000082c00000, 0x0000000082c00000|100%| O|  |TAMS 0x0000000082b00000, 0x0000000082c00000| Untracked 
|  44|0x0000000082c00000, 0x0000000082d00000, 0x0000000082d00000|100%| O|  |TAMS 0x0000000082c00000, 0x0000000082d00000| Untracked 
|  45|0x0000000082d00000, 0x0000000082e00000, 0x0000000082e00000|100%| O|  |TAMS 0x0000000082e00000, 0x0000000082e00000| Untracked 
|  46|0x0000000082e00000, 0x0000000082f00000, 0x0000000082f00000|100%| O|  |TAMS 0x0000000082f00000, 0x0000000082f00000| Untracked 
|  47|0x0000000082f00000, 0x0000000082f00000, 0x0000000083000000|  0%| F|  |TAMS 0x0000000082f00000, 0x0000000082f00000| Untracked 
|  48|0x0000000083000000, 0x0000000083100000, 0x0000000083100000|100%| O|  |TAMS 0x0000000083100000, 0x0000000083100000| Untracked 
|  49|0x0000000083100000, 0x0000000083200000, 0x0000000083200000|100%| O|  |TAMS 0x0000000083200000, 0x0000000083200000| Untracked 
|  50|0x0000000083200000, 0x0000000083300000, 0x0000000083300000|100%| O|  |TAMS 0x0000000083300000, 0x0000000083300000| Untracked 
|  51|0x0000000083300000, 0x0000000083400000, 0x0000000083400000|100%| O|  |TAMS 0x0000000083400000, 0x0000000083400000| Untracked 
|  52|0x0000000083400000, 0x0000000083500000, 0x0000000083500000|100%| O|  |TAMS 0x0000000083500000, 0x0000000083500000| Untracked 
|  53|0x0000000083500000, 0x0000000083600000, 0x0000000083600000|100%| O|  |TAMS 0x0000000083600000, 0x0000000083600000| Untracked 
|  54|0x0000000083600000, 0x0000000083700000, 0x0000000083700000|100%| O|  |TAMS 0x0000000083700000, 0x0000000083700000| Untracked 
|  55|0x0000000083700000, 0x0000000083800000, 0x0000000083800000|100%| O|  |TAMS 0x0000000083800000, 0x0000000083800000| Untracked 
|  56|0x0000000083800000, 0x0000000083900000, 0x0000000083900000|100%| O|  |TAMS 0x0000000083900000, 0x0000000083900000| Untracked 
|  57|0x0000000083900000, 0x0000000083a00000, 0x0000000083a00000|100%| O|  |TAMS 0x0000000083a00000, 0x0000000083a00000| Untracked 
|  58|0x0000000083a00000, 0x0000000083b00000, 0x0000000083b00000|100%| O|  |TAMS 0x0000000083b00000, 0x0000000083b00000| Untracked 
|  59|0x0000000083b00000, 0x0000000083c00000, 0x0000000083c00000|100%| O|  |TAMS 0x0000000083c00000, 0x0000000083c00000| Untracked 
|  60|0x0000000083c00000, 0x0000000083d00000, 0x0000000083d00000|100%| O|  |TAMS 0x0000000083d00000, 0x0000000083d00000| Untracked 
|  61|0x0000000083d00000, 0x0000000083e00000, 0x0000000083e00000|100%| O|  |TAMS 0x0000000083e00000, 0x0000000083e00000| Untracked 
|  62|0x0000000083e00000, 0x0000000083f00000, 0x0000000083f00000|100%| O|  |TAMS 0x0000000083f00000, 0x0000000083f00000| Untracked 
|  63|0x0000000083f00000, 0x0000000083f00000, 0x0000000084000000|  0%| F|  |TAMS 0x0000000083f00000, 0x0000000083f00000| Untracked 
|  64|0x0000000084000000, 0x0000000084100000, 0x0000000084100000|100%| O|  |TAMS 0x0000000084100000, 0x0000000084100000| Untracked 
|  65|0x0000000084100000, 0x0000000084200000, 0x0000000084200000|100%| O|  |TAMS 0x0000000084200000, 0x0000000084200000| Untracked 
|  66|0x0000000084200000, 0x0000000084300000, 0x0000000084300000|100%| O|  |TAMS 0x0000000084300000, 0x0000000084300000| Untracked 
|  67|0x0000000084300000, 0x0000000084300000, 0x0000000084400000|  0%| F|  |TAMS 0x0000000084300000, 0x0000000084300000| Untracked 
|  68|0x0000000084400000, 0x0000000084500000, 0x0000000084500000|100%| O|  |TAMS 0x0000000084500000, 0x0000000084500000| Untracked 
|  69|0x0000000084500000, 0x0000000084500000, 0x0000000084600000|  0%| F|  |TAMS 0x0000000084500000, 0x0000000084500000| Untracked 
|  70|0x0000000084600000, 0x0000000084600000, 0x0000000084700000|  0%| F|  |TAMS 0x0000000084600000, 0x0000000084600000| Untracked 
|  71|0x0000000084700000, 0x0000000084700000, 0x0000000084800000|  0%| F|  |TAMS 0x0000000084700000, 0x0000000084700000| Untracked 
|  72|0x0000000084800000, 0x0000000084900000, 0x0000000084900000|100%| O|  |TAMS 0x0000000084900000, 0x0000000084900000| Untracked 
|  73|0x0000000084900000, 0x0000000084a00000, 0x0000000084a00000|100%| O|  |TAMS 0x0000000084a00000, 0x0000000084a00000| Untracked 
|  74|0x0000000084a00000, 0x0000000084b00000, 0x0000000084b00000|100%| O|  |TAMS 0x0000000084b00000, 0x0000000084b00000| Untracked 
|  75|0x0000000084b00000, 0x0000000084c00000, 0x0000000084c00000|100%| O|  |TAMS 0x0000000084c00000, 0x0000000084c00000| Untracked 
|  76|0x0000000084c00000, 0x0000000084c00000, 0x0000000084d00000|  0%| F|  |TAMS 0x0000000084c00000, 0x0000000084c00000| Untracked 
|  77|0x0000000084d00000, 0x0000000084e00000, 0x0000000084e00000|100%| O|  |TAMS 0x0000000084e00000, 0x0000000084e00000| Untracked 
|  78|0x0000000084e00000, 0x0000000084f00000, 0x0000000084f00000|100%| O|  |TAMS 0x0000000084f00000, 0x0000000084f00000| Untracked 
|  79|0x0000000084f00000, 0x0000000085000000, 0x0000000085000000|100%| O|  |TAMS 0x0000000085000000, 0x0000000085000000| Untracked 
|  80|0x0000000085000000, 0x0000000085100000, 0x0000000085100000|100%| O|  |TAMS 0x0000000085100000, 0x0000000085100000| Untracked 
|  81|0x0000000085100000, 0x0000000085200000, 0x0000000085200000|100%| O|  |TAMS 0x0000000085200000, 0x0000000085200000| Untracked 
|  82|0x0000000085200000, 0x0000000085300000, 0x0000000085300000|100%| O|  |TAMS 0x0000000085300000, 0x0000000085300000| Untracked 
|  83|0x0000000085300000, 0x0000000085400000, 0x0000000085400000|100%| O|  |TAMS 0x0000000085400000, 0x0000000085400000| Untracked 
|  84|0x0000000085400000, 0x0000000085500000, 0x0000000085500000|100%| O|  |TAMS 0x0000000085500000, 0x0000000085500000| Untracked 
|  85|0x0000000085500000, 0x0000000085600000, 0x0000000085600000|100%| O|  |TAMS 0x0000000085600000, 0x0000000085600000| Untracked 
|  86|0x0000000085600000, 0x0000000085700000, 0x0000000085700000|100%| O|  |TAMS 0x0000000085700000, 0x0000000085700000| Untracked 
|  87|0x0000000085700000, 0x0000000085800000, 0x0000000085800000|100%| O|  |TAMS 0x0000000085800000, 0x0000000085800000| Untracked 
|  88|0x0000000085800000, 0x0000000085900000, 0x0000000085900000|100%| O|  |TAMS 0x0000000085900000, 0x0000000085900000| Untracked 
|  89|0x0000000085900000, 0x0000000085a00000, 0x0000000085a00000|100%| O|  |TAMS 0x0000000085a00000, 0x0000000085a00000| Untracked 
|  90|0x0000000085a00000, 0x0000000085b00000, 0x0000000085b00000|100%| O|  |TAMS 0x0000000085b00000, 0x0000000085b00000| Untracked 
|  91|0x0000000085b00000, 0x0000000085b00000, 0x0000000085c00000|  0%| F|  |TAMS 0x0000000085b00000, 0x0000000085b00000| Untracked 
|  92|0x0000000085c00000, 0x0000000085c00000, 0x0000000085d00000|  0%| F|  |TAMS 0x0000000085c00000, 0x0000000085c00000| Untracked 
|  93|0x0000000085d00000, 0x0000000085d00000, 0x0000000085e00000|  0%| F|  |TAMS 0x0000000085d00000, 0x0000000085d00000| Untracked 
|  94|0x0000000085e00000, 0x0000000085f00000, 0x0000000085f00000|100%| O|  |TAMS 0x0000000085f00000, 0x0000000085f00000| Untracked 
|  95|0x0000000085f00000, 0x0000000086000000, 0x0000000086000000|100%| O|  |TAMS 0x0000000085fd4e00, 0x0000000086000000| Untracked 
|  96|0x0000000086000000, 0x0000000086100000, 0x0000000086100000|100%| O|  |TAMS 0x0000000086100000, 0x0000000086100000| Untracked 
|  97|0x0000000086100000, 0x0000000086100000, 0x0000000086200000|  0%| F|  |TAMS 0x0000000086100000, 0x0000000086100000| Untracked 
|  98|0x0000000086200000, 0x0000000086300000, 0x0000000086300000|100%| O|  |TAMS 0x0000000086300000, 0x0000000086300000| Untracked 
|  99|0x0000000086300000, 0x0000000086400000, 0x0000000086400000|100%| O|  |TAMS 0x0000000086400000, 0x0000000086400000| Untracked 
| 100|0x0000000086400000, 0x0000000086500000, 0x0000000086500000|100%| O|  |TAMS 0x0000000086500000, 0x0000000086500000| Untracked 
| 101|0x0000000086500000, 0x0000000086500000, 0x0000000086600000|  0%| F|  |TAMS 0x0000000086500000, 0x0000000086500000| Untracked 
| 102|0x0000000086600000, 0x0000000086700000, 0x0000000086700000|100%| O|  |TAMS 0x0000000086600000, 0x0000000086700000| Untracked 
| 103|0x0000000086700000, 0x0000000086800000, 0x0000000086800000|100%| O|  |TAMS 0x0000000086700000, 0x0000000086800000| Untracked 
| 104|0x0000000086800000, 0x0000000086800000, 0x0000000086900000|  0%| F|  |TAMS 0x0000000086800000, 0x0000000086800000| Untracked 
| 105|0x0000000086900000, 0x0000000086900000, 0x0000000086a00000|  0%| F|  |TAMS 0x0000000086900000, 0x0000000086900000| Untracked 
| 106|0x0000000086a00000, 0x0000000086a00000, 0x0000000086b00000|  0%| F|  |TAMS 0x0000000086a00000, 0x0000000086a00000| Untracked 
| 107|0x0000000086b00000, 0x0000000086b00000, 0x0000000086c00000|  0%| F|  |TAMS 0x0000000086b00000, 0x0000000086b00000| Untracked 
| 108|0x0000000086c00000, 0x0000000086c00000, 0x0000000086d00000|  0%| F|  |TAMS 0x0000000086c00000, 0x0000000086c00000| Untracked 
| 109|0x0000000086d00000, 0x0000000086d00000, 0x0000000086e00000|  0%| F|  |TAMS 0x0000000086d00000, 0x0000000086d00000| Untracked 
| 110|0x0000000086e00000, 0x0000000086e00000, 0x0000000086f00000|  0%| F|  |TAMS 0x0000000086e00000, 0x0000000086e00000| Untracked 
| 111|0x0000000086f00000, 0x0000000086f00000, 0x0000000087000000|  0%| F|  |TAMS 0x0000000086f00000, 0x0000000086f00000| Untracked 
| 112|0x0000000087000000, 0x0000000087000000, 0x0000000087100000|  0%| F|  |TAMS 0x0000000087000000, 0x0000000087000000| Untracked 
| 113|0x0000000087100000, 0x0000000087100000, 0x0000000087200000|  0%| F|  |TAMS 0x0000000087100000, 0x0000000087100000| Untracked 
| 114|0x0000000087200000, 0x0000000087300000, 0x0000000087300000|100%| O|  |TAMS 0x0000000087200000, 0x0000000087300000| Untracked 
| 115|0x0000000087300000, 0x0000000087400000, 0x0000000087400000|100%| O|  |TAMS 0x0000000087300000, 0x0000000087400000| Untracked 
| 116|0x0000000087400000, 0x0000000087500000, 0x0000000087500000|100%| O|  |TAMS 0x0000000087400000, 0x0000000087500000| Untracked 
| 117|0x0000000087500000, 0x0000000087500000, 0x0000000087600000|  0%| F|  |TAMS 0x0000000087500000, 0x0000000087500000| Untracked 
| 118|0x0000000087600000, 0x0000000087700000, 0x0000000087700000|100%| O|  |TAMS 0x0000000087600000, 0x0000000087700000| Untracked 
| 119|0x0000000087700000, 0x0000000087800000, 0x0000000087800000|100%| O|  |TAMS 0x0000000087700000, 0x0000000087800000| Untracked 
| 120|0x0000000087800000, 0x0000000087900000, 0x0000000087900000|100%| O|  |TAMS 0x0000000087800000, 0x0000000087900000| Untracked 
| 121|0x0000000087900000, 0x0000000087900000, 0x0000000087a00000|  0%| F|  |TAMS 0x0000000087900000, 0x0000000087900000| Untracked 
| 122|0x0000000087a00000, 0x0000000087b00000, 0x0000000087b00000|100%| O|  |TAMS 0x0000000087a00000, 0x0000000087b00000| Untracked 
| 123|0x0000000087b00000, 0x0000000087c00000, 0x0000000087c00000|100%| O|  |TAMS 0x0000000087b00000, 0x0000000087c00000| Untracked 
| 124|0x0000000087c00000, 0x0000000087d00000, 0x0000000087d00000|100%| O|  |TAMS 0x0000000087c00000, 0x0000000087d00000| Untracked 
| 125|0x0000000087d00000, 0x0000000087e00000, 0x0000000087e00000|100%| O|  |TAMS 0x0000000087d00000, 0x0000000087e00000| Untracked 
| 126|0x0000000087e00000, 0x0000000087f00000, 0x0000000087f00000|100%| O|  |TAMS 0x0000000087e00000, 0x0000000087f00000| Untracked 
| 127|0x0000000087f00000, 0x0000000088000000, 0x0000000088000000|100%| O|  |TAMS 0x0000000087f00000, 0x0000000088000000| Untracked 
| 128|0x0000000088000000, 0x0000000088100000, 0x0000000088100000|100%| O|  |TAMS 0x0000000088000000, 0x0000000088100000| Untracked 
| 129|0x0000000088100000, 0x0000000088200000, 0x0000000088200000|100%| O|  |TAMS 0x0000000088100000, 0x0000000088200000| Untracked 
| 130|0x0000000088200000, 0x0000000088300000, 0x0000000088300000|100%| O|  |TAMS 0x0000000088200000, 0x0000000088300000| Untracked 
| 131|0x0000000088300000, 0x0000000088400000, 0x0000000088400000|100%| O|  |TAMS 0x0000000088300000, 0x0000000088400000| Untracked 
| 132|0x0000000088400000, 0x0000000088500000, 0x0000000088500000|100%| O|  |TAMS 0x0000000088400000, 0x0000000088500000| Untracked 
| 133|0x0000000088500000, 0x0000000088600000, 0x0000000088600000|100%| O|  |TAMS 0x0000000088500000, 0x0000000088600000| Untracked 
| 134|0x0000000088600000, 0x0000000088700000, 0x0000000088700000|100%| O|  |TAMS 0x0000000088600000, 0x0000000088700000| Untracked 
| 135|0x0000000088700000, 0x0000000088800000, 0x0000000088800000|100%| O|  |TAMS 0x0000000088700000, 0x0000000088800000| Untracked 
| 136|0x0000000088800000, 0x0000000088900000, 0x0000000088900000|100%| O|  |TAMS 0x0000000088800000, 0x0000000088900000| Untracked 
| 137|0x0000000088900000, 0x0000000088a00000, 0x0000000088a00000|100%| O|  |TAMS 0x0000000088900000, 0x0000000088a00000| Untracked 
| 138|0x0000000088a00000, 0x0000000088b00000, 0x0000000088b00000|100%| O|  |TAMS 0x0000000088a00000, 0x0000000088b00000| Untracked 
| 139|0x0000000088b00000, 0x0000000088c00000, 0x0000000088c00000|100%| O|  |TAMS 0x0000000088b00000, 0x0000000088c00000| Untracked 
| 140|0x0000000088c00000, 0x0000000088d00000, 0x0000000088d00000|100%| O|  |TAMS 0x0000000088c00000, 0x0000000088d00000| Untracked 
| 141|0x0000000088d00000, 0x0000000088e00000, 0x0000000088e00000|100%| O|  |TAMS 0x0000000088d00000, 0x0000000088e00000| Untracked 
| 142|0x0000000088e00000, 0x0000000088f00000, 0x0000000088f00000|100%| O|  |TAMS 0x0000000088e00000, 0x0000000088f00000| Untracked 
| 143|0x0000000088f00000, 0x0000000088fe0000, 0x0000000089000000| 87%| O|  |TAMS 0x0000000088f00000, 0x0000000088fe0000| Untracked 
| 144|0x0000000089000000, 0x0000000089100000, 0x0000000089100000|100%| O|  |TAMS 0x0000000089000000, 0x0000000089100000| Untracked 
| 145|0x0000000089100000, 0x0000000089200000, 0x0000000089200000|100%| O|  |TAMS 0x0000000089100000, 0x0000000089200000| Untracked 
| 146|0x0000000089200000, 0x0000000089200000, 0x0000000089300000|  0%| F|  |TAMS 0x0000000089200000, 0x0000000089200000| Untracked 
| 147|0x0000000089300000, 0x0000000089300000, 0x0000000089400000|  0%| F|  |TAMS 0x0000000089300000, 0x0000000089300000| Untracked 
| 148|0x0000000089400000, 0x0000000089400000, 0x0000000089500000|  0%| F|  |TAMS 0x0000000089400000, 0x0000000089400000| Untracked 
| 149|0x0000000089500000, 0x0000000089500000, 0x0000000089600000|  0%| F|  |TAMS 0x0000000089500000, 0x0000000089500000| Untracked 
| 150|0x0000000089600000, 0x0000000089600000, 0x0000000089700000|  0%| F|  |TAMS 0x0000000089600000, 0x0000000089600000| Untracked 
| 151|0x0000000089700000, 0x0000000089700000, 0x0000000089800000|  0%| F|  |TAMS 0x0000000089700000, 0x0000000089700000| Untracked 
| 152|0x0000000089800000, 0x0000000089800000, 0x0000000089900000|  0%| F|  |TAMS 0x0000000089800000, 0x0000000089800000| Untracked 
| 153|0x0000000089900000, 0x0000000089900000, 0x0000000089a00000|  0%| F|  |TAMS 0x0000000089900000, 0x0000000089900000| Untracked 
| 154|0x0000000089a00000, 0x0000000089a00000, 0x0000000089b00000|  0%| F|  |TAMS 0x0000000089a00000, 0x0000000089a00000| Untracked 
| 155|0x0000000089b00000, 0x0000000089b00000, 0x0000000089c00000|  0%| F|  |TAMS 0x0000000089b00000, 0x0000000089b00000| Untracked 
| 156|0x0000000089c00000, 0x0000000089c00000, 0x0000000089d00000|  0%| F|  |TAMS 0x0000000089c00000, 0x0000000089c00000| Untracked 
| 157|0x0000000089d00000, 0x0000000089d00000, 0x0000000089e00000|  0%| F|  |TAMS 0x0000000089d00000, 0x0000000089d00000| Untracked 
| 158|0x0000000089e00000, 0x0000000089e00000, 0x0000000089f00000|  0%| F|  |TAMS 0x0000000089e00000, 0x0000000089e00000| Untracked 
| 159|0x0000000089f00000, 0x0000000089f00000, 0x000000008a000000|  0%| F|  |TAMS 0x0000000089f00000, 0x0000000089f00000| Untracked 
| 160|0x000000008a000000, 0x000000008a000000, 0x000000008a100000|  0%| F|  |TAMS 0x000000008a000000, 0x000000008a000000| Untracked 
| 161|0x000000008a100000, 0x000000008a100000, 0x000000008a200000|  0%| F|  |TAMS 0x000000008a100000, 0x000000008a100000| Untracked 
| 162|0x000000008a200000, 0x000000008a200000, 0x000000008a300000|  0%| F|  |TAMS 0x000000008a200000, 0x000000008a200000| Untracked 
| 163|0x000000008a300000, 0x000000008a300000, 0x000000008a400000|  0%| F|  |TAMS 0x000000008a300000, 0x000000008a300000| Untracked 
| 164|0x000000008a400000, 0x000000008a400000, 0x000000008a500000|  0%| F|  |TAMS 0x000000008a400000, 0x000000008a400000| Untracked 
| 165|0x000000008a500000, 0x000000008a500000, 0x000000008a600000|  0%| F|  |TAMS 0x000000008a500000, 0x000000008a500000| Untracked 
| 166|0x000000008a600000, 0x000000008a600000, 0x000000008a700000|  0%| F|  |TAMS 0x000000008a600000, 0x000000008a600000| Untracked 
| 167|0x000000008a700000, 0x000000008a700000, 0x000000008a800000|  0%| F|  |TAMS 0x000000008a700000, 0x000000008a700000| Untracked 
| 168|0x000000008a800000, 0x000000008a800000, 0x000000008a900000|  0%| F|  |TAMS 0x000000008a800000, 0x000000008a800000| Untracked 
| 169|0x000000008a900000, 0x000000008a900000, 0x000000008aa00000|  0%| F|  |TAMS 0x000000008a900000, 0x000000008a900000| Untracked 
| 170|0x000000008aa00000, 0x000000008aa00000, 0x000000008ab00000|  0%| F|  |TAMS 0x000000008aa00000, 0x000000008aa00000| Untracked 
| 171|0x000000008ab00000, 0x000000008ab00000, 0x000000008ac00000|  0%| F|  |TAMS 0x000000008ab00000, 0x000000008ab00000| Untracked 
| 172|0x000000008ac00000, 0x000000008ac00000, 0x000000008ad00000|  0%| F|  |TAMS 0x000000008ac00000, 0x000000008ac00000| Untracked 
| 173|0x000000008ad00000, 0x000000008ad00000, 0x000000008ae00000|  0%| F|  |TAMS 0x000000008ad00000, 0x000000008ad00000| Untracked 
| 174|0x000000008ae00000, 0x000000008ae00000, 0x000000008af00000|  0%| F|  |TAMS 0x000000008ae00000, 0x000000008ae00000| Untracked 
| 175|0x000000008af00000, 0x000000008af00000, 0x000000008b000000|  0%| F|  |TAMS 0x000000008af00000, 0x000000008af00000| Untracked 
| 176|0x000000008b000000, 0x000000008b000000, 0x000000008b100000|  0%| F|  |TAMS 0x000000008b000000, 0x000000008b000000| Untracked 
| 177|0x000000008b100000, 0x000000008b100000, 0x000000008b200000|  0%| F|  |TAMS 0x000000008b100000, 0x000000008b100000| Untracked 
| 178|0x000000008b200000, 0x000000008b200000, 0x000000008b300000|  0%| F|  |TAMS 0x000000008b200000, 0x000000008b200000| Untracked 
| 179|0x000000008b300000, 0x000000008b300000, 0x000000008b400000|  0%| F|  |TAMS 0x000000008b300000, 0x000000008b300000| Untracked 
| 180|0x000000008b400000, 0x000000008b400000, 0x000000008b500000|  0%| F|  |TAMS 0x000000008b400000, 0x000000008b400000| Untracked 
| 181|0x000000008b500000, 0x000000008b500000, 0x000000008b600000|  0%| F|  |TAMS 0x000000008b500000, 0x000000008b500000| Untracked 
| 182|0x000000008b600000, 0x000000008b600000, 0x000000008b700000|  0%| F|  |TAMS 0x000000008b600000, 0x000000008b600000| Untracked 
| 183|0x000000008b700000, 0x000000008b700000, 0x000000008b800000|  0%| F|  |TAMS 0x000000008b700000, 0x000000008b700000| Untracked 
| 184|0x000000008b800000, 0x000000008b800000, 0x000000008b900000|  0%| F|  |TAMS 0x000000008b800000, 0x000000008b800000| Untracked 
| 185|0x000000008b900000, 0x000000008b900000, 0x000000008ba00000|  0%| F|  |TAMS 0x000000008b900000, 0x000000008b900000| Untracked 
| 186|0x000000008ba00000, 0x000000008ba00000, 0x000000008bb00000|  0%| F|  |TAMS 0x000000008ba00000, 0x000000008ba00000| Untracked 
| 187|0x000000008bb00000, 0x000000008bb00000, 0x000000008bc00000|  0%| F|  |TAMS 0x000000008bb00000, 0x000000008bb00000| Untracked 
| 188|0x000000008bc00000, 0x000000008bc00000, 0x000000008bd00000|  0%| F|  |TAMS 0x000000008bc00000, 0x000000008bc00000| Untracked 
| 189|0x000000008bd00000, 0x000000008bd00000, 0x000000008be00000|  0%| F|  |TAMS 0x000000008bd00000, 0x000000008bd00000| Untracked 
| 190|0x000000008be00000, 0x000000008be00000, 0x000000008bf00000|  0%| F|  |TAMS 0x000000008be00000, 0x000000008be00000| Untracked 
| 191|0x000000008bf00000, 0x000000008bf00000, 0x000000008c000000|  0%| F|  |TAMS 0x000000008bf00000, 0x000000008bf00000| Untracked 
| 192|0x000000008c000000, 0x000000008c000000, 0x000000008c100000|  0%| F|  |TAMS 0x000000008c000000, 0x000000008c000000| Untracked 
| 193|0x000000008c100000, 0x000000008c100000, 0x000000008c200000|  0%| F|  |TAMS 0x000000008c100000, 0x000000008c100000| Untracked 
| 194|0x000000008c200000, 0x000000008c200000, 0x000000008c300000|  0%| F|  |TAMS 0x000000008c200000, 0x000000008c200000| Untracked 
| 195|0x000000008c300000, 0x000000008c300000, 0x000000008c400000|  0%| F|  |TAMS 0x000000008c300000, 0x000000008c300000| Untracked 
| 196|0x000000008c400000, 0x000000008c400000, 0x000000008c500000|  0%| F|  |TAMS 0x000000008c400000, 0x000000008c400000| Untracked 
| 197|0x000000008c500000, 0x000000008c500000, 0x000000008c600000|  0%| F|  |TAMS 0x000000008c500000, 0x000000008c500000| Untracked 
| 198|0x000000008c600000, 0x000000008c600000, 0x000000008c700000|  0%| F|  |TAMS 0x000000008c600000, 0x000000008c600000| Untracked 
| 199|0x000000008c700000, 0x000000008c700000, 0x000000008c800000|  0%| F|  |TAMS 0x000000008c700000, 0x000000008c700000| Untracked 
| 200|0x000000008c800000, 0x000000008c8d69f0, 0x000000008c900000| 83%| S|CS|TAMS 0x000000008c800000, 0x000000008c800000| Complete 
| 201|0x000000008c900000, 0x000000008ca00000, 0x000000008ca00000|100%| S|CS|TAMS 0x000000008c900000, 0x000000008c900000| Complete 
| 202|0x000000008ca00000, 0x000000008ca00000, 0x000000008cb00000|  0%| F|  |TAMS 0x000000008ca00000, 0x000000008ca00000| Untracked 
| 203|0x000000008cb00000, 0x000000008cb00000, 0x000000008cc00000|  0%| F|  |TAMS 0x000000008cb00000, 0x000000008cb00000| Untracked 
| 204|0x000000008cc00000, 0x000000008cc00000, 0x000000008cd00000|  0%| F|  |TAMS 0x000000008cc00000, 0x000000008cc00000| Untracked 
| 205|0x000000008cd00000, 0x000000008cd00000, 0x000000008ce00000|  0%| F|  |TAMS 0x000000008cd00000, 0x000000008cd00000| Untracked 
| 206|0x000000008ce00000, 0x000000008ce00000, 0x000000008cf00000|  0%| F|  |TAMS 0x000000008ce00000, 0x000000008ce00000| Untracked 
| 207|0x000000008cf00000, 0x000000008cf00000, 0x000000008d000000|  0%| F|  |TAMS 0x000000008cf00000, 0x000000008cf00000| Untracked 
| 208|0x000000008d000000, 0x000000008d000000, 0x000000008d100000|  0%| F|  |TAMS 0x000000008d000000, 0x000000008d000000| Untracked 
| 209|0x000000008d100000, 0x000000008d100000, 0x000000008d200000|  0%| F|  |TAMS 0x000000008d100000, 0x000000008d100000| Untracked 
| 210|0x000000008d200000, 0x000000008d200000, 0x000000008d300000|  0%| F|  |TAMS 0x000000008d200000, 0x000000008d200000| Untracked 
| 211|0x000000008d300000, 0x000000008d300000, 0x000000008d400000|  0%| F|  |TAMS 0x000000008d300000, 0x000000008d300000| Untracked 
| 212|0x000000008d400000, 0x000000008d400000, 0x000000008d500000|  0%| F|  |TAMS 0x000000008d400000, 0x000000008d400000| Untracked 
| 213|0x000000008d500000, 0x000000008d500000, 0x000000008d600000|  0%| F|  |TAMS 0x000000008d500000, 0x000000008d500000| Untracked 
| 214|0x000000008d600000, 0x000000008d600000, 0x000000008d700000|  0%| F|  |TAMS 0x000000008d600000, 0x000000008d600000| Untracked 
| 215|0x000000008d700000, 0x000000008d700000, 0x000000008d800000|  0%| F|  |TAMS 0x000000008d700000, 0x000000008d700000| Untracked 
| 216|0x000000008d800000, 0x000000008d800000, 0x000000008d900000|  0%| F|  |TAMS 0x000000008d800000, 0x000000008d800000| Untracked 
| 217|0x000000008d900000, 0x000000008d900000, 0x000000008da00000|  0%| F|  |TAMS 0x000000008d900000, 0x000000008d900000| Untracked 
| 218|0x000000008da00000, 0x000000008da00000, 0x000000008db00000|  0%| F|  |TAMS 0x000000008da00000, 0x000000008da00000| Untracked 
| 219|0x000000008db00000, 0x000000008db00000, 0x000000008dc00000|  0%| F|  |TAMS 0x000000008db00000, 0x000000008db00000| Untracked 
| 220|0x000000008dc00000, 0x000000008dc00000, 0x000000008dd00000|  0%| F|  |TAMS 0x000000008dc00000, 0x000000008dc00000| Untracked 
| 221|0x000000008dd00000, 0x000000008dd00000, 0x000000008de00000|  0%| F|  |TAMS 0x000000008dd00000, 0x000000008dd00000| Untracked 
| 222|0x000000008de00000, 0x000000008de00000, 0x000000008df00000|  0%| F|  |TAMS 0x000000008de00000, 0x000000008de00000| Untracked 
| 223|0x000000008df00000, 0x000000008df00000, 0x000000008e000000|  0%| F|  |TAMS 0x000000008df00000, 0x000000008df00000| Untracked 
| 224|0x000000008e000000, 0x000000008e000000, 0x000000008e100000|  0%| F|  |TAMS 0x000000008e000000, 0x000000008e000000| Untracked 
| 225|0x000000008e100000, 0x000000008e100000, 0x000000008e200000|  0%| F|  |TAMS 0x000000008e100000, 0x000000008e100000| Untracked 
| 226|0x000000008e200000, 0x000000008e200000, 0x000000008e300000|  0%| F|  |TAMS 0x000000008e200000, 0x000000008e200000| Untracked 
| 227|0x000000008e300000, 0x000000008e300000, 0x000000008e400000|  0%| F|  |TAMS 0x000000008e300000, 0x000000008e300000| Untracked 
| 228|0x000000008e400000, 0x000000008e400000, 0x000000008e500000|  0%| F|  |TAMS 0x000000008e400000, 0x000000008e400000| Untracked 
| 229|0x000000008e500000, 0x000000008e500000, 0x000000008e600000|  0%| F|  |TAMS 0x000000008e500000, 0x000000008e500000| Untracked 
| 230|0x000000008e600000, 0x000000008e600000, 0x000000008e700000|  0%| F|  |TAMS 0x000000008e600000, 0x000000008e600000| Untracked 
| 231|0x000000008e700000, 0x000000008e700000, 0x000000008e800000|  0%| F|  |TAMS 0x000000008e700000, 0x000000008e700000| Untracked 
| 232|0x000000008e800000, 0x000000008e800000, 0x000000008e900000|  0%| F|  |TAMS 0x000000008e800000, 0x000000008e800000| Untracked 
| 233|0x000000008e900000, 0x000000008e900000, 0x000000008ea00000|  0%| F|  |TAMS 0x000000008e900000, 0x000000008e900000| Untracked 
| 234|0x000000008ea00000, 0x000000008ea00000, 0x000000008eb00000|  0%| F|  |TAMS 0x000000008ea00000, 0x000000008ea00000| Untracked 
| 235|0x000000008eb00000, 0x000000008eb00000, 0x000000008ec00000|  0%| F|  |TAMS 0x000000008eb00000, 0x000000008eb00000| Untracked 
| 236|0x000000008ec00000, 0x000000008ec00000, 0x000000008ed00000|  0%| F|  |TAMS 0x000000008ec00000, 0x000000008ec00000| Untracked 
| 237|0x000000008ed00000, 0x000000008ed00000, 0x000000008ee00000|  0%| F|  |TAMS 0x000000008ed00000, 0x000000008ed00000| Untracked 
| 238|0x000000008ee00000, 0x000000008ee00000, 0x000000008ef00000|  0%| F|  |TAMS 0x000000008ee00000, 0x000000008ee00000| Untracked 
| 239|0x000000008ef00000, 0x000000008ef00000, 0x000000008f000000|  0%| F|  |TAMS 0x000000008ef00000, 0x000000008ef00000| Untracked 
| 240|0x000000008f000000, 0x000000008f000000, 0x000000008f100000|  0%| F|  |TAMS 0x000000008f000000, 0x000000008f000000| Untracked 
| 241|0x000000008f100000, 0x000000008f100000, 0x000000008f200000|  0%| F|  |TAMS 0x000000008f100000, 0x000000008f100000| Untracked 
| 242|0x000000008f200000, 0x000000008f200000, 0x000000008f300000|  0%| F|  |TAMS 0x000000008f200000, 0x000000008f200000| Untracked 
| 243|0x000000008f300000, 0x000000008f300000, 0x000000008f400000|  0%| F|  |TAMS 0x000000008f300000, 0x000000008f300000| Untracked 
| 244|0x000000008f400000, 0x000000008f400000, 0x000000008f500000|  0%| F|  |TAMS 0x000000008f400000, 0x000000008f400000| Untracked 
| 245|0x000000008f500000, 0x000000008f500000, 0x000000008f600000|  0%| F|  |TAMS 0x000000008f500000, 0x000000008f500000| Untracked 
| 246|0x000000008f600000, 0x000000008f600000, 0x000000008f700000|  0%| F|  |TAMS 0x000000008f600000, 0x000000008f600000| Untracked 
| 247|0x000000008f700000, 0x000000008f700000, 0x000000008f800000|  0%| F|  |TAMS 0x000000008f700000, 0x000000008f700000| Untracked 
| 248|0x000000008f800000, 0x000000008f800000, 0x000000008f900000|  0%| F|  |TAMS 0x000000008f800000, 0x000000008f800000| Untracked 
| 249|0x000000008f900000, 0x000000008f900000, 0x000000008fa00000|  0%| F|  |TAMS 0x000000008f900000, 0x000000008f900000| Untracked 
| 250|0x000000008fa00000, 0x000000008fa00000, 0x000000008fb00000|  0%| F|  |TAMS 0x000000008fa00000, 0x000000008fa00000| Untracked 
| 251|0x000000008fb00000, 0x000000008fb00000, 0x000000008fc00000|  0%| F|  |TAMS 0x000000008fb00000, 0x000000008fb00000| Untracked 
| 252|0x000000008fc00000, 0x000000008fc00000, 0x000000008fd00000|  0%| F|  |TAMS 0x000000008fc00000, 0x000000008fc00000| Untracked 
| 253|0x000000008fd00000, 0x000000008fd7d1f8, 0x000000008fe00000| 48%| E|  |TAMS 0x000000008fd00000, 0x000000008fd00000| Complete 
| 254|0x000000008fe00000, 0x000000008ff00000, 0x000000008ff00000|100%| E|CS|TAMS 0x000000008fe00000, 0x000000008fe00000| Complete 
| 255|0x000000008ff00000, 0x0000000090000000, 0x0000000090000000|100%| E|CS|TAMS 0x000000008ff00000, 0x000000008ff00000| Complete 
| 256|0x0000000090000000, 0x0000000090100000, 0x0000000090100000|100%| E|CS|TAMS 0x0000000090000000, 0x0000000090000000| Complete 
| 257|0x0000000090100000, 0x0000000090200000, 0x0000000090200000|100%| E|CS|TAMS 0x0000000090100000, 0x0000000090100000| Complete 
| 258|0x0000000090200000, 0x0000000090300000, 0x0000000090300000|100%| E|CS|TAMS 0x0000000090200000, 0x0000000090200000| Complete 
|2047|0x00000000fff00000, 0x0000000100000000, 0x0000000100000000|100%| E|CS|TAMS 0x00000000fff00000, 0x00000000fff00000| Complete 

Card table byte_map: [0x0000016db5c70000,0x0000016db6070000] _byte_map_base: 0x0000016db5870000

Marking Bits (Prev, Next): (CMBitMap*) 0x0000016d9e129de0, (CMBitMap*) 0x0000016d9e129e20
 Prev Bits: [0x0000016db6470000, 0x0000016db8470000)
 Next Bits: [0x0000016db8470000, 0x0000016dba470000)

Polling page: 0x0000016d9c0b0000

Metaspace:

Usage:
  Non-class:     79.10 MB capacity,    78.12 MB ( 99%) used,   862.59 KB (  1%) free+waste,   138.81 KB ( <1%) overhead. 
      Class:     11.68 MB capacity,    11.25 MB ( 96%) used,   388.77 KB (  3%) free+waste,    54.94 KB ( <1%) overhead. 
       Both:     90.78 MB capacity,    89.36 MB ( 98%) used,     1.22 MB (  1%) free+waste,   193.75 KB ( <1%) overhead. 

Virtual space:
  Non-class space:       80.00 MB reserved,      79.33 MB (>99%) committed 
      Class space:        1.00 GB reserved,      11.75 MB (  1%) committed 
             Both:        1.08 GB reserved,      91.08 MB (  8%) committed 

Chunk freelists:
   Non-Class:  45.00 KB
       Class:  9.00 KB
        Both:  54.00 KB

MaxMetaspaceSize: 17179869184.00 GB
CompressedClassSpaceSize: 1.00 GB

CodeHeap 'non-profiled nmethods': size=120000Kb used=7843Kb max_used=8373Kb free=112156Kb
 bounds [0x0000016daddf0000, 0x0000016dae620000, 0x0000016db5320000]
CodeHeap 'profiled nmethods': size=120000Kb used=23495Kb max_used=25596Kb free=96504Kb
 bounds [0x0000016da68c0000, 0x0000016da81e0000, 0x0000016daddf0000]
CodeHeap 'non-nmethods': size=5760Kb used=2416Kb max_used=2548Kb free=3343Kb
 bounds [0x0000016da6320000, 0x0000016da65b0000, 0x0000016da68c0000]
 total_blobs=13322 nmethods=12410 adapters=824
 compilation: enabled
              stopped_count=0, restarted_count=0
 full_count=0

Compilation events (20 events):
Event: 86.261 Thread 0x0000016dbda45490 nmethod 14987 0x0000016da6e51610 code [0x0000016da6e517a0, 0x0000016da6e518c8]
Event: 86.261 Thread 0x0000016dbda45490 14982       2       org.objectweb.asm.SymbolTable::putBootstrapMethods (56 bytes)
Event: 86.261 Thread 0x0000016dbda45490 nmethod 14982 0x0000016da6ac2190 code [0x0000016da6ac2360, 0x0000016da6ac2568]
Event: 86.261 Thread 0x0000016dbda45490 14992 %     3       org.objectweb.asm.ClassReader::<init> @ 110 (371 bytes)
Event: 86.262 Thread 0x0000016dbda45490 nmethod 14992% 0x0000016da7541e90 code [0x0000016da7542180, 0x0000016da75436b8]
Event: 86.262 Thread 0x0000016dbda45490 14991       2       com.google.common.collect.ComparisonChain$1::compare (13 bytes)
Event: 86.262 Thread 0x0000016dbda45490 nmethod 14991 0x0000016da6c6c490 code [0x0000016da6c6c640, 0x0000016da6c6c7a8]
Event: 86.262 Thread 0x0000016dbda45490 14994       2       org.gradle.internal.normalization.java.impl.ApiMemberSelector::visitInnerClass (97 bytes)
Event: 86.262 Thread 0x0000016dbda45490 nmethod 14994 0x0000016da6bfb010 code [0x0000016da6bfb200, 0x0000016da6bfb718]
Event: 86.263 Thread 0x0000016dbda45490 14995       2       org.gradle.internal.normalization.java.impl.InnerClassMember::<init> (18 bytes)
Event: 86.263 Thread 0x0000016dbda45490 nmethod 14995 0x0000016da6ed5d10 code [0x0000016da6ed5ec0, 0x0000016da6ed61a8]
Event: 86.263 Thread 0x0000016dbda45490 14993       2       org.objectweb.asm.ClassWriter::visitInnerClass (130 bytes)
Event: 86.263 Thread 0x0000016dbda45490 nmethod 14993 0x0000016da697d790 code [0x0000016da697d9a0, 0x0000016da697de68]
Event: 86.263 Thread 0x0000016dbda45490 14983       2       org.objectweb.asm.SymbolTable::<init> (41 bytes)
Event: 86.263 Thread 0x0000016dbda45490 nmethod 14983 0x0000016da6aa5190 code [0x0000016da6aa5340, 0x0000016da6aa5798]
Event: 86.264 Thread 0x0000016dbda45490 14997       2       org.objectweb.asm.ClassReader::readMethod (1061 bytes)
Event: 86.266 Thread 0x0000016dc445eda0 nmethod 14948 0x0000016dae206010 code [0x0000016dae2061e0, 0x0000016dae2069e8]
Event: 86.266 Thread 0x0000016dc445eda0 14999       4       org.objectweb.asm.SymbolTable::addConstantIntegerOrFloat (100 bytes)
Event: 86.267 Thread 0x0000016dbda45490 nmethod 14997 0x0000016da726e710 code [0x0000016da726ec80, 0x0000016da7271368]
Event: 86.267 Thread 0x0000016dbda45490 15002 %     3       org.objectweb.asm.ClassReader::accept @ 1344 (1404 bytes)

GC Heap History (20 events):
Event: 7.194 GC heap before
{Heap before GC invocations=39 (full 0):
 garbage-first heap   total 214016K, used 158843K [0x0000000080000000, 0x0000000100000000)
  region size 1024K, 41 young (41984K), 6 survivors (6144K)
 Metaspace       used 79795K, capacity 80955K, committed 81232K, reserved 1120256K
  class space    used 10378K, capacity 10717K, committed 10752K, reserved 1048576K
}
Event: 7.200 GC heap after
{Heap after GC invocations=40 (full 0):
 garbage-first heap   total 214016K, used 109579K [0x0000000080000000, 0x0000000100000000)
  region size 1024K, 3 young (3072K), 3 survivors (3072K)
 Metaspace       used 79795K, capacity 80955K, committed 81232K, reserved 1120256K
  class space    used 10378K, capacity 10717K, committed 10752K, reserved 1048576K
}
Event: 7.470 GC heap before
{Heap before GC invocations=40 (full 0):
 garbage-first heap   total 214016K, used 160779K [0x0000000080000000, 0x0000000100000000)
  region size 1024K, 54 young (55296K), 3 survivors (3072K)
 Metaspace       used 81144K, capacity 82303K, committed 82512K, reserved 1120256K
  class space    used 10547K, capacity 10884K, committed 11008K, reserved 1048576K
}
Event: 7.474 GC heap after
{Heap after GC invocations=41 (full 0):
 garbage-first heap   total 214016K, used 112088K [0x0000000080000000, 0x0000000100000000)
  region size 1024K, 5 young (5120K), 5 survivors (5120K)
 Metaspace       used 81144K, capacity 82303K, committed 82512K, reserved 1120256K
  class space    used 10547K, capacity 10884K, committed 11008K, reserved 1048576K
}
Event: 7.648 GC heap before
{Heap before GC invocations=42 (full 0):
 garbage-first heap   total 215040K, used 165336K [0x0000000080000000, 0x0000000100000000)
  region size 1024K, 58 young (59392K), 5 survivors (5120K)
 Metaspace       used 82288K, capacity 83513K, committed 83664K, reserved 1122304K
  class space    used 10696K, capacity 11060K, committed 11136K, reserved 1048576K
}
Event: 7.653 GC heap after
{Heap after GC invocations=43 (full 0):
 garbage-first heap   total 258048K, used 114862K [0x0000000080000000, 0x0000000100000000)
  region size 1024K, 6 young (6144K), 6 survivors (6144K)
 Metaspace       used 82288K, capacity 83513K, committed 83664K, reserved 1122304K
  class space    used 10696K, capacity 11060K, committed 11136K, reserved 1048576K
}
Event: 7.663 GC heap before
{Heap before GC invocations=43 (full 0):
 garbage-first heap   total 258048K, used 119982K [0x0000000080000000, 0x0000000100000000)
  region size 1024K, 12 young (12288K), 6 survivors (6144K)
 Metaspace       used 82365K, capacity 83609K, committed 83664K, reserved 1122304K
  class space    used 10704K, capacity 11092K, committed 11136K, reserved 1048576K
}
Event: 7.671 GC heap after
{Heap after GC invocations=44 (full 0):
 garbage-first heap   total 258048K, used 98157K [0x0000000080000000, 0x0000000100000000)
  region size 1024K, 1 young (1024K), 1 survivors (1024K)
 Metaspace       used 82365K, capacity 83609K, committed 83664K, reserved 1122304K
  class space    used 10704K, capacity 11092K, committed 11136K, reserved 1048576K
}
Event: 18.180 GC heap before
{Heap before GC invocations=44 (full 0):
 garbage-first heap   total 258048K, used 193388K [0x0000000080000000, 0x0000000100000000)
  region size 1024K, 95 young (97280K), 1 survivors (1024K)
 Metaspace       used 88906K, capacity 90174K, committed 90448K, reserved 1128448K
  class space    used 11370K, capacity 11748K, committed 11776K, reserved 1048576K
}
Event: 18.185 GC heap after
{Heap after GC invocations=45 (full 0):
 garbage-first heap   total 258048K, used 103277K [0x0000000080000000, 0x0000000100000000)
  region size 1024K, 6 young (6144K), 6 survivors (6144K)
 Metaspace       used 88906K, capacity 90174K, committed 90448K, reserved 1128448K
  class space    used 11370K, capacity 11748K, committed 11776K, reserved 1048576K
}
Event: 84.176 GC heap before
{Heap before GC invocations=45 (full 0):
 garbage-first heap   total 258048K, used 198509K [0x0000000080000000, 0x0000000100000000)
  region size 1024K, 99 young (101376K), 6 survivors (6144K)
 Metaspace       used 89939K, capacity 91247K, committed 91600K, reserved 1128448K
  class space    used 11393K, capacity 11782K, committed 11904K, reserved 1048576K
}
Event: 84.181 GC heap after
{Heap after GC invocations=46 (full 0):
 garbage-first heap   total 258048K, used 105885K [0x0000000080000000, 0x0000000100000000)
  region size 1024K, 9 young (9216K), 9 survivors (9216K)
 Metaspace       used 89939K, capacity 91247K, committed 91600K, reserved 1128448K
  class space    used 11393K, capacity 11782K, committed 11904K, reserved 1048576K
}
Event: 84.596 GC heap before
{Heap before GC invocations=46 (full 0):
 garbage-first heap   total 258048K, used 204189K [0x0000000080000000, 0x0000000100000000)
  region size 1024K, 104 young (106496K), 9 survivors (9216K)
 Metaspace       used 90199K, capacity 91521K, committed 91856K, reserved 1130496K
  class space    used 11395K, capacity 11785K, committed 11904K, reserved 1048576K
}
Event: 84.609 GC heap after
{Heap after GC invocations=47 (full 0):
 garbage-first heap   total 258048K, used 129875K [0x0000000080000000, 0x0000000100000000)
  region size 1024K, 13 young (13312K), 13 survivors (13312K)
 Metaspace       used 90199K, capacity 91521K, committed 91856K, reserved 1130496K
  class space    used 11395K, capacity 11785K, committed 11904K, reserved 1048576K
}
Event: 84.629 GC heap before
{Heap before GC invocations=47 (full 0):
 garbage-first heap   total 258048K, used 131923K [0x0000000080000000, 0x0000000100000000)
  region size 1024K, 17 young (17408K), 13 survivors (13312K)
 Metaspace       used 90199K, capacity 91521K, committed 91856K, reserved 1130496K
  class space    used 11395K, capacity 11785K, committed 11904K, reserved 1048576K
}
Event: 84.637 GC heap after
{Heap after GC invocations=48 (full 0):
 garbage-first heap   total 258048K, used 134947K [0x0000000080000000, 0x0000000100000000)
  region size 1024K, 4 young (4096K), 4 survivors (4096K)
 Metaspace       used 90199K, capacity 91521K, committed 91856K, reserved 1130496K
  class space    used 11395K, capacity 11785K, committed 11904K, reserved 1048576K
}
Event: 85.996 GC heap before
{Heap before GC invocations=49 (full 0):
 garbage-first heap   total 266240K, used 194339K [0x0000000080000000, 0x0000000100000000)
  region size 1024K, 47 young (48128K), 4 survivors (4096K)
 Metaspace       used 90855K, capacity 92311K, committed 92368K, reserved 1130496K
  class space    used 11455K, capacity 11894K, committed 11904K, reserved 1048576K
}
Event: 86.002 GC heap after
{Heap after GC invocations=50 (full 0):
 garbage-first heap   total 266240K, used 138774K [0x0000000080000000, 0x0000000100000000)
  region size 1024K, 6 young (6144K), 6 survivors (6144K)
 Metaspace       used 90855K, capacity 92311K, committed 92368K, reserved 1130496K
  class space    used 11455K, capacity 11894K, committed 11904K, reserved 1048576K
}
Event: 86.030 GC heap before
{Heap before GC invocations=50 (full 0):
 garbage-first heap   total 266240K, used 145942K [0x0000000080000000, 0x0000000100000000)
  region size 1024K, 13 young (13312K), 6 survivors (6144K)
 Metaspace       used 90907K, capacity 92311K, committed 92368K, reserved 1130496K
  class space    used 11463K, capacity 11894K, committed 11904K, reserved 1048576K
}
Event: 86.043 GC heap after
{Heap after GC invocations=51 (full 0):
 garbage-first heap   total 266240K, used 125824K [0x0000000080000000, 0x0000000100000000)
  region size 1024K, 2 young (2048K), 2 survivors (2048K)
 Metaspace       used 90907K, capacity 92311K, committed 92368K, reserved 1130496K
  class space    used 11463K, capacity 11894K, committed 11904K, reserved 1048576K
}

Deoptimization events (20 events):
Event: 86.210 Thread 0x0000016dc2c5c220 Uncommon trap: trap_request=0xffffff45 fr.pc=0x0000016dade3372c relative=0x00000000000005ec
Event: 86.210 Thread 0x0000016dc2c5c220 Uncommon trap: reason=unstable_if action=reinterpret pc=0x0000016dade3372c method=org.objectweb.asm.MethodWriter.visitLabel(Lorg/objectweb/asm/Label;)V @ 312 c2
Event: 86.210 Thread 0x0000016dc2c5c220 DEOPT PACKING pc=0x0000016dade3372c sp=0x00000041af8fb480
Event: 86.210 Thread 0x0000016dc2c5c220 DEOPT UNPACKING pc=0x0000016da636e42f sp=0x00000041af8fb458 mode 2
Event: 86.210 Thread 0x0000016dc2c5c220 Uncommon trap: trap_request=0xffffff45 fr.pc=0x0000016dadf52c78 relative=0x0000000000000718
Event: 86.210 Thread 0x0000016dc2c5c220 Uncommon trap: reason=unstable_if action=reinterpret pc=0x0000016dadf52c78 method=org.objectweb.asm.MethodWriter.visitInsn(I)V @ 32 c2
Event: 86.210 Thread 0x0000016dc2c5c220 DEOPT PACKING pc=0x0000016dadf52c78 sp=0x00000041af8fb600
Event: 86.210 Thread 0x0000016dc2c5c220 DEOPT UNPACKING pc=0x0000016da636e42f sp=0x00000041af8fb5e0 mode 2
Event: 86.210 Thread 0x0000016dc2c5c220 Uncommon trap: trap_request=0xffffff45 fr.pc=0x0000016dade3fdac relative=0x000000000000034c
Event: 86.210 Thread 0x0000016dc2c5c220 Uncommon trap: reason=unstable_if action=reinterpret pc=0x0000016dade3fdac method=org.objectweb.asm.MethodWriter.visitLdcInsn(Ljava/lang/Object;)V @ 144 c2
Event: 86.210 Thread 0x0000016dc2c5c220 DEOPT PACKING pc=0x0000016dade3fdac sp=0x00000041af8fb630
Event: 86.210 Thread 0x0000016dc2c5c220 DEOPT UNPACKING pc=0x0000016da636e42f sp=0x00000041af8fb5c0 mode 2
Event: 86.210 Thread 0x0000016dc2c5c220 Uncommon trap: trap_request=0xffffff45 fr.pc=0x0000016dade44f48 relative=0x00000000000007a8
Event: 86.210 Thread 0x0000016dc2c5c220 Uncommon trap: reason=unstable_if action=reinterpret pc=0x0000016dade44f48 method=org.objectweb.asm.MethodWriter.visitMethodInsn(ILjava/lang/String;Ljava/lang/String;Ljava/lang/String;Z)V @ 89 c2
Event: 86.210 Thread 0x0000016dc2c5c220 DEOPT PACKING pc=0x0000016dade44f48 sp=0x00000041af8fb5f0
Event: 86.210 Thread 0x0000016dc2c5c220 DEOPT UNPACKING pc=0x0000016da636e42f sp=0x00000041af8fb5a8 mode 2
Event: 86.210 Thread 0x0000016dc2c5c220 Uncommon trap: trap_request=0xffffff45 fr.pc=0x0000016dae22e8bc relative=0x000000000000009c
Event: 86.210 Thread 0x0000016dc2c5c220 Uncommon trap: reason=unstable_if action=reinterpret pc=0x0000016dae22e8bc method=org.objectweb.asm.MethodWriter.visitMaxs(II)V @ 35 c2
Event: 86.210 Thread 0x0000016dc2c5c220 DEOPT PACKING pc=0x0000016dae22e8bc sp=0x00000041af8fb640
Event: 86.210 Thread 0x0000016dc2c5c220 DEOPT UNPACKING pc=0x0000016da636e42f sp=0x00000041af8fb5d8 mode 2

Classes unloaded (10 events):
Event: 6.424 Thread 0x0000016dbd11f6e0 Unloading class 0x00000008014c2040 'java/lang/invoke/LambdaForm$DMH+0x00000008014c2040'
Event: 6.424 Thread 0x0000016dbd11f6e0 Unloading class 0x00000008014c2c40 'java/lang/invoke/LambdaForm$DMH+0x00000008014c2c40'
Event: 6.424 Thread 0x0000016dbd11f6e0 Unloading class 0x00000008014c2840 'java/lang/invoke/LambdaForm$DMH+0x00000008014c2840'
Event: 6.424 Thread 0x0000016dbd11f6e0 Unloading class 0x00000008014c3440 'java/lang/invoke/LambdaForm$DMH+0x00000008014c3440'
Event: 6.424 Thread 0x0000016dbd11f6e0 Unloading class 0x00000008014c3040 'java/lang/invoke/LambdaForm$DMH+0x00000008014c3040'
Event: 6.424 Thread 0x0000016dbd11f6e0 Unloading class 0x00000008014c3c40 'java/lang/invoke/LambdaForm$DMH+0x00000008014c3c40'
Event: 6.424 Thread 0x0000016dbd11f6e0 Unloading class 0x00000008014c3840 'java/lang/invoke/LambdaForm$DMH+0x00000008014c3840'
Event: 6.424 Thread 0x0000016dbd11f6e0 Unloading class 0x00000008014c4440 'java/lang/invoke/LambdaForm$DMH+0x00000008014c4440'
Event: 6.424 Thread 0x0000016dbd11f6e0 Unloading class 0x00000008014c4c40 'java/lang/invoke/LambdaForm$DMH+0x00000008014c4c40'
Event: 6.424 Thread 0x0000016dbd11f6e0 Unloading class 0x00000008014c4040 'java/lang/invoke/LambdaForm$DMH+0x00000008014c4040'

Classes redefined (0 events):
No events

Internal exceptions (20 events):
Event: 84.165 Thread 0x0000016dc4961030 Exception <a 'sun/nio/fs/WindowsException'{0x0000000089fd6408}> (0x0000000089fd6408) 
thrown [./open/src/hotspot/share/prims/jni.cpp, line 578]
Event: 84.171 Thread 0x0000016dc4961030 Exception <a 'sun/nio/fs/WindowsException'{0x0000000089e74960}> (0x0000000089e74960) 
thrown [./open/src/hotspot/share/prims/jni.cpp, line 578]
Event: 84.171 Thread 0x0000016dc4961030 Exception <a 'sun/nio/fs/WindowsException'{0x0000000089e75a40}> (0x0000000089e75a40) 
thrown [./open/src/hotspot/share/prims/jni.cpp, line 578]
Event: 84.171 Thread 0x0000016dc4961030 Exception <a 'sun/nio/fs/WindowsException'{0x0000000089e76e20}> (0x0000000089e76e20) 
thrown [./open/src/hotspot/share/prims/jni.cpp, line 578]
Event: 84.171 Thread 0x0000016dc4961030 Exception <a 'sun/nio/fs/WindowsException'{0x0000000089e77f50}> (0x0000000089e77f50) 
thrown [./open/src/hotspot/share/prims/jni.cpp, line 578]
Event: 84.220 Thread 0x0000016dc4961030 Exception <a 'sun/nio/fs/WindowsException'{0x000000008f7777d0}> (0x000000008f7777d0) 
thrown [./open/src/hotspot/share/prims/jni.cpp, line 578]
Event: 84.467 Thread 0x0000016dc2c5c220 Implicit null exception at 0x0000016dae569ae5 to 0x0000016dae56a75d
Event: 84.809 Thread 0x0000016dc2c5c220 Exception <a 'sun/nio/fs/WindowsException'{0x000000008e93c450}> (0x000000008e93c450) 
thrown [./open/src/hotspot/share/prims/jni.cpp, line 578]
Event: 84.809 Thread 0x0000016dc2c5c220 Exception <a 'sun/nio/fs/WindowsException'{0x000000008e93d2d8}> (0x000000008e93d2d8) 
thrown [./open/src/hotspot/share/prims/jni.cpp, line 578]
Event: 84.810 Thread 0x0000016dc2c5c220 Exception <a 'sun/nio/fs/WindowsException'{0x000000008e93d660}> (0x000000008e93d660) 
thrown [./open/src/hotspot/share/prims/jni.cpp, line 578]
Event: 84.810 Thread 0x0000016dc2c5c220 Exception <a 'sun/nio/fs/WindowsException'{0x000000008e93e4c8}> (0x000000008e93e4c8) 
thrown [./open/src/hotspot/share/prims/jni.cpp, line 578]
Event: 84.810 Thread 0x0000016dc2c5c220 Exception <a 'sun/nio/fs/WindowsException'{0x000000008e93e7a8}> (0x000000008e93e7a8) 
thrown [./open/src/hotspot/share/prims/jni.cpp, line 578]
Event: 84.810 Thread 0x0000016dc2c5c220 Exception <a 'sun/nio/fs/WindowsException'{0x000000008e93f628}> (0x000000008e93f628) 
thrown [./open/src/hotspot/share/prims/jni.cpp, line 578]
Event: 84.810 Thread 0x0000016dc2c5c220 Exception <a 'sun/nio/fs/WindowsException'{0x000000008e93f8a8}> (0x000000008e93f8a8) 
thrown [./open/src/hotspot/share/prims/jni.cpp, line 578]
Event: 84.810 Thread 0x0000016dc2c5c220 Exception <a 'sun/nio/fs/WindowsException'{0x000000008e9406f8}> (0x000000008e9406f8) 
thrown [./open/src/hotspot/share/prims/jni.cpp, line 578]
Event: 86.053 Thread 0x0000016dbe8b4d10 Exception <a 'sun/nio/fs/WindowsException'{0x00000000901fc598}> (0x00000000901fc598) 
thrown [./open/src/hotspot/share/prims/jni.cpp, line 578]
Event: 86.054 Thread 0x0000016dbe8b4d10 Exception <a 'sun/nio/fs/WindowsException'{0x000000009000e048}> (0x000000009000e048) 
thrown [./open/src/hotspot/share/prims/jni.cpp, line 578]
Event: 86.054 Thread 0x0000016dbe8b4d10 Exception <a 'sun/nio/fs/WindowsException'{0x000000009000e3d8}> (0x000000009000e3d8) 
thrown [./open/src/hotspot/share/prims/jni.cpp, line 578]
Event: 86.055 Thread 0x0000016dbe8b4d10 Implicit null exception at 0x0000016dae5ebbe0 to 0x0000016dae5ebd70
Event: 86.055 Thread 0x0000016dbe8b4d10 Implicit null exception at 0x0000016dae5ec144 to 0x0000016dae5ec29c

Events (20 events):
Event: 86.248 Thread 0x0000016dbda4c6b0 flushing nmethod 0x0000016da8154490
Event: 86.248 Thread 0x0000016dbda4c6b0 flushing nmethod 0x0000016da8154a10
Event: 86.248 Thread 0x0000016dbda4c6b0 flushing nmethod 0x0000016da8155090
Event: 86.248 Thread 0x0000016dbda4c6b0 flushing nmethod 0x0000016da8155a90
Event: 86.248 Thread 0x0000016dbda4c6b0 flushing nmethod 0x0000016da8156410
Event: 86.248 Thread 0x0000016dbda4c6b0 flushing nmethod 0x0000016da815b190
Event: 86.248 Thread 0x0000016dbda4c6b0 flushing nmethod 0x0000016da815b990
Event: 86.248 Thread 0x0000016dbda4c6b0 flushing nmethod 0x0000016da815c710
Event: 86.248 Thread 0x0000016dbda4c6b0 flushing nmethod 0x0000016da815df90
Event: 86.248 Thread 0x0000016dbda4c6b0 flushing nmethod 0x0000016da815e310
Event: 86.248 Thread 0x0000016dbda4c6b0 flushing nmethod 0x0000016da815ee90
Event: 86.248 Thread 0x0000016dbda4c6b0 flushing nmethod 0x0000016da815f590
Event: 86.248 Thread 0x0000016dbda4c6b0 flushing nmethod 0x0000016da8160490
Event: 86.248 Thread 0x0000016dbda4c6b0 flushing nmethod 0x0000016da8160c90
Event: 86.248 Thread 0x0000016dbda4c6b0 flushing nmethod 0x0000016da8162490
Event: 86.248 Thread 0x0000016dbda4c6b0 flushing nmethod 0x0000016da8162c90
Event: 86.248 Thread 0x0000016dbda4c6b0 flushing nmethod 0x0000016da8163490
Event: 86.248 Thread 0x0000016dbda4c6b0 flushing nmethod 0x0000016da8164210
Event: 86.248 Thread 0x0000016dbda4c6b0 flushing nmethod 0x0000016da8168d90
Event: 86.248 Thread 0x0000016dbda4c6b0 flushing nmethod 0x0000016da8176290


Dynamic libraries:
0x00007ff775c90000 - 0x00007ff775c9f000 	C:\Program Files\Java\jdk-15.0.2\bin\java.exe
0x00007ffe3c2c0000 - 0x00007ffe3c4c9000 	C:\WINDOWS\SYSTEM32\ntdll.dll
0x00007ffe3b630000 - 0x00007ffe3b6ed000 	C:\WINDOWS\System32\KERNEL32.DLL
0x00007ffe39ab0000 - 0x00007ffe39e24000 	C:\WINDOWS\System32\KERNELBASE.dll
0x00007ffe397b0000 - 0x00007ffe398c1000 	C:\WINDOWS\System32\ucrtbase.dll
0x00007ffe368f0000 - 0x00007ffe36909000 	C:\Program Files\Java\jdk-15.0.2\bin\VCRUNTIME140.dll
0x00007ffe368d0000 - 0x00007ffe368e8000 	C:\Program Files\Java\jdk-15.0.2\bin\jli.dll
0x00007ffe3b030000 - 0x00007ffe3b0de000 	C:\WINDOWS\System32\ADVAPI32.dll
0x00007ffe3bf50000 - 0x00007ffe3bff3000 	C:\WINDOWS\System32\msvcrt.dll
0x00007ffe3b140000 - 0x00007ffe3b1de000 	C:\WINDOWS\System32\sechost.dll
0x00007ffe3c0f0000 - 0x00007ffe3c210000 	C:\WINDOWS\System32\RPCRT4.dll
0x00007ffe3b480000 - 0x00007ffe3b62c000 	C:\WINDOWS\System32\USER32.dll
0x00007ffe3a010000 - 0x00007ffe3a036000 	C:\WINDOWS\System32\win32u.dll
0x00007ffe1a9f0000 - 0x00007ffe1ac95000 	C:\WINDOWS\WinSxS\amd64_microsoft.windows.common-controls_6595b64144ccf1df_6.0.22000.120_none_9d947278b86cc467\COMCTL32.dll
0x00007ffe3b2f0000 - 0x00007ffe3b319000 	C:\WINDOWS\System32\GDI32.dll
0x00007ffe3a040000 - 0x00007ffe3a152000 	C:\WINDOWS\System32\gdi32full.dll
0x00007ffe398d0000 - 0x00007ffe3996d000 	C:\WINDOWS\System32\msvcp_win.dll
0x00007ffe34aa0000 - 0x00007ffe34aaa000 	C:\WINDOWS\SYSTEM32\VERSION.dll
0x00007ffe3a4f0000 - 0x00007ffe3a521000 	C:\WINDOWS\System32\IMM32.DLL
0x00007ffe368c0000 - 0x00007ffe368cc000 	C:\Program Files\Java\jdk-15.0.2\bin\vcruntime140_1.dll
0x00007ffe366c0000 - 0x00007ffe36751000 	C:\Program Files\Java\jdk-15.0.2\bin\msvcp140.dll
0x00007ffdc4b10000 - 0x00007ffdc566e000 	C:\Program Files\Java\jdk-15.0.2\bin\server\jvm.dll
0x00007ffe3a160000 - 0x00007ffe3a168000 	C:\WINDOWS\System32\PSAPI.DLL
0x00007ffe29d70000 - 0x00007ffe29d79000 	C:\WINDOWS\SYSTEM32\WSOCK32.dll
0x00007ffe2b380000 - 0x00007ffe2b3b3000 	C:\WINDOWS\SYSTEM32\WINMM.dll
0x00007ffe3bba0000 - 0x00007ffe3bc0f000 	C:\WINDOWS\System32\WS2_32.dll
0x00007ffe389a0000 - 0x00007ffe389b8000 	C:\WINDOWS\SYSTEM32\kernel.appcore.dll
0x00007ffe368b0000 - 0x00007ffe368ba000 	C:\Program Files\Java\jdk-15.0.2\bin\jimage.dll
0x00007ffe281b0000 - 0x00007ffe283d1000 	C:\WINDOWS\SYSTEM32\DBGHELP.DLL
0x00007ffe25790000 - 0x00007ffe257c1000 	C:\WINDOWS\SYSTEM32\dbgcore.DLL
0x00007ffe39a30000 - 0x00007ffe39aaf000 	C:\WINDOWS\System32\bcryptPrimitives.dll
0x00007ffe36690000 - 0x00007ffe366b5000 	C:\Program Files\Java\jdk-15.0.2\bin\java.dll
0x00007ffe3a530000 - 0x00007ffe3acde000 	C:\WINDOWS\System32\SHELL32.dll
0x00007ffe37930000 - 0x00007ffe38197000 	C:\WINDOWS\SYSTEM32\windows.storage.dll
0x00007ffe3a170000 - 0x00007ffe3a4e8000 	C:\WINDOWS\System32\combase.dll
0x00007ffe377c0000 - 0x00007ffe37926000 	C:\WINDOWS\SYSTEM32\wintypes.dll
0x00007ffe3b320000 - 0x00007ffe3b40a000 	C:\WINDOWS\System32\SHCORE.dll
0x00007ffe3b200000 - 0x00007ffe3b25d000 	C:\WINDOWS\System32\shlwapi.dll
0x00007ffe396e0000 - 0x00007ffe39701000 	C:\WINDOWS\SYSTEM32\profapi.dll
0x00007ffe36890000 - 0x00007ffe368a9000 	C:\Program Files\Java\jdk-15.0.2\bin\net.dll
0x00007ffe34900000 - 0x00007ffe34a0c000 	C:\WINDOWS\SYSTEM32\WINHTTP.dll
0x00007ffe38dd0000 - 0x00007ffe38e37000 	C:\WINDOWS\system32\mswsock.dll
0x00007ffe36670000 - 0x00007ffe36682000 	C:\Program Files\Java\jdk-15.0.2\bin\nio.dll
0x00007ffe36630000 - 0x00007ffe36648000 	C:\Program Files\Java\jdk-15.0.2\bin\zip.dll
0x00007ffe36660000 - 0x00007ffe36670000 	C:\Program Files\Java\jdk-15.0.2\bin\verify.dll
0x00007ffe355a0000 - 0x00007ffe355c7000 	D:\aa\native\8bec1ad78214c89d9ad589b4d07fe93259594b29d510b10fafb7a158f7737e5d\windows-amd64\native-platform.dll
0x00007ffe24220000 - 0x00007ffe2435d000 	D:\aa\native\53dbd7edfb1c66fb8903c78663c9afc45aea4f116125fa6feffd364cf09443e8\windows-amd64\native-platform-file-events.dll
0x00007ffe36600000 - 0x00007ffe36609000 	C:\Program Files\Java\jdk-15.0.2\bin\management.dll
0x00007ffe365f0000 - 0x00007ffe365fb000 	C:\Program Files\Java\jdk-15.0.2\bin\management_ext.dll
0x00007ffe39010000 - 0x00007ffe39028000 	C:\WINDOWS\SYSTEM32\CRYPTSP.dll
0x00007ffe38900000 - 0x00007ffe38935000 	C:\WINDOWS\system32\rsaenh.dll
0x00007ffe38ec0000 - 0x00007ffe38ee9000 	C:\WINDOWS\SYSTEM32\USERENV.dll
0x00007ffe39190000 - 0x00007ffe391b7000 	C:\WINDOWS\SYSTEM32\bcrypt.dll
0x00007ffe39030000 - 0x00007ffe3903c000 	C:\WINDOWS\SYSTEM32\CRYPTBASE.dll
0x00007ffe384d0000 - 0x00007ffe384fd000 	C:\WINDOWS\SYSTEM32\IPHLPAPI.DLL
0x00007ffe3c210000 - 0x00007ffe3c219000 	C:\WINDOWS\System32\NSI.dll
0x00007ffe34740000 - 0x00007ffe34759000 	C:\WINDOWS\SYSTEM32\dhcpcsvc6.DLL
0x00007ffe34c40000 - 0x00007ffe34c5e000 	C:\WINDOWS\SYSTEM32\dhcpcsvc.DLL
0x00007ffe38500000 - 0x00007ffe385e7000 	C:\WINDOWS\SYSTEM32\DNSAPI.dll

dbghelp: loaded successfully - version: 4.0.5 - missing functions: none
symbol engine: initialized successfully - sym options: 0x614 - pdb path: .;C:\Program Files\Java\jdk-15.0.2\bin;C:\WINDOWS\SYSTEM32;C:\WINDOWS\WinSxS\amd64_microsoft.windows.common-controls_6595b64144ccf1df_6.0.22000.120_none_9d947278b86cc467;C:\Program Files\Java\jdk-15.0.2\bin\server;D:\aa\native\8bec1ad78214c89d9ad589b4d07fe93259594b29d510b10fafb7a158f7737e5d\windows-amd64;D:\aa\native\53dbd7edfb1c66fb8903c78663c9afc45aea4f116125fa6feffd364cf09443e8\windows-amd64

VM Arguments:
jvm_args: --add-opens=java.base/java.util=ALL-UNNAMED --add-opens=java.base/java.lang=ALL-UNNAMED --add-opens=java.base/java.lang.invoke=ALL-UNNAMED --add-opens=java.base/java.util=ALL-UNNAMED --add-opens=java.prefs/java.util.prefs=ALL-UNNAMED --add-opens=java.prefs/java.util.prefs=ALL-UNNAMED --add-opens=java.base/java.nio.charset=ALL-UNNAMED --add-opens=java.base/java.net=ALL-UNNAMED --add-opens=java.base/java.util.concurrent.atomic=ALL-UNNAMED -Xmx2048m -Dfile.encoding=UTF-8 -Duser.country=IN -Duser.language=en -Duser.variant 
java_command: org.gradle.launcher.daemon.bootstrap.GradleDaemon 7.0.2
java_class_path (initial): D:\aa\wrapper\dists\gradle-7.0.2-bin\857tjihv64xamwrf0h14cai3r\gradle-7.0.2\lib\gradle-launcher-7.0.2.jar
Launcher Type: SUN_STANDARD

[Global flags]
     intx CICompilerCount                          = 4                                         {product} {ergonomic}
     uint ConcGCThreads                            = 3                                         {product} {ergonomic}
     uint G1ConcRefinementThreads                  = 10                                        {product} {ergonomic}
   size_t G1HeapRegionSize                         = 1048576                                   {product} {ergonomic}
    uintx GCDrainStackTargetSize                   = 64                                        {product} {ergonomic}
   size_t InitialHeapSize                          = 266338304                                 {product} {ergonomic}
   size_t MarkStackSize                            = 4194304                                   {product} {ergonomic}
   size_t MaxHeapSize                              = 2147483648                                {product} {command line}
   size_t MaxNewSize                               = 1287651328                                {product} {ergonomic}
   size_t MinHeapDeltaBytes                        = 1048576                                   {product} {ergonomic}
   size_t MinHeapSize                              = 8388608                                   {product} {ergonomic}
    uintx NonNMethodCodeHeapSize                   = 5839372                                {pd product} {ergonomic}
    uintx NonProfiledCodeHeapSize                  = 122909434                              {pd product} {ergonomic}
    uintx ProfiledCodeHeapSize                     = 122909434                              {pd product} {ergonomic}
    uintx ReservedCodeCacheSize                    = 251658240                              {pd product} {ergonomic}
     bool SegmentedCodeCache                       = true                                      {product} {ergonomic}
   size_t SoftMaxHeapSize                          = 2147483648                             {manageable} {ergonomic}
     bool UseCompressedClassPointers               = true                                 {lp64_product} {ergonomic}
     bool UseCompressedOops                        = true                                 {lp64_product} {ergonomic}
     bool UseG1GC                                  = true                                      {product} {ergonomic}
     bool UseLargePagesIndividualAllocation        = false                                  {pd product} {ergonomic}

Logging:
Log output configuration:
 #0: stdout all=warning uptime,level,tags
 #1: stderr all=off uptime,level,tags

Environment Variables:
JAVA_HOME=C:\Program Files\Java\jdk-15.0.2
PATH=C:\MinGW;C:\MinGW\bin;C:\Program Files\Java\jdk-15.0.2\bin;C:\Program Files\Common Files\Oracle\Java\javapath;C:\Windows\system32;C:\Windows;C:\Windows\System32\Wbem;C:\Windows\System32\WindowsPowerShell\v1.0\;C:\Windows\System32\OpenSSH\;C:\Program Files (x86)\NVIDIA Corporation\PhysX\Common;C:\Program Files\NVIDIA Corporation\NVIDIA NvDLISR;C:\WINDOWS\system32;C:\WINDOWS;C:\WINDOWS\System32\Wbem;C:\WINDOWS\System32\WindowsPowerShell\v1.0\;C:\WINDOWS\System32\OpenSSH\;C:\Program Files\Git\cmd;C:\Program Files\dotnet\;C:\Users\Deepak\Desktop\gradle1\gradle-7.0.1\bin;C:\Users\Deepak\Desktop\gradle1\gradle-7.0.1;C:\Program Files\nodejs;C:\Program Files\Google\Google Apps Sync\;C:\Program Files\Google\Google Apps Migration\;C:\Program Files\Microsoft SQL Server\150\Tools\Binn\;C:\Program Files\Microsoft SQL Server\Client SDK\ODBC\170\Tools\Binn\;C:\Program Files\MySQL\MySQL Router 8.0\bin;C:\Program Files (x86)\Microsoft SQL Server\150\Tools\Binn\;C:\Program Files\Microsoft SQL Server\150\DTS\Binn\;C:\Program Files (x86)\Microsoft SQL Server\150\DTS\Binn\;C:\Program Files\Azure Data Studio\bin;C:\Users\Deepak\anaconda3;C:\Users\Deepak\anaconda3\Library\mingw-w64\bin;C:\Users\Deepak\anaconda3\Library\usr\bin;C:\Users\Deepak\anaconda3\Library\bin;C:\Users\Deepak\anaconda3\Scripts;C:\Program Files\MySQL\MySQL Shell 8.0\bin\;C:\src\flutter\flutter\bin;C:\Users\Deepak\AppData\Local\Programs\Python\Python39\Scripts\;C:\Users\Deepak\AppData\Local\Programs\Python\Python39\;C:\Program Files\Java\jdk-15.0.2\bin;C:\Program Files\JetBrains\IntelliJ IDEA 2020.3.2\bin;;C:\Users\Deepak\AppData\Local\Microsoft\WindowsApps;C:\Users\Deepak\AppData\Local\Programs\Microsoft VS Code\bin;C:\Users\Deepak\AppData\Local\Programs\radare2\bin;C:\Modeltech_eval_6.2c\win32;C:\Modeltech_6.2c\win32;C:\Program Files\JetBrains\IntelliJ IDEA Community Edition 2021.1.2\bin;;C:\Program Files\JetBrains\PyCharm Community Edition 2021.1.2\bin;;C:\Users\Deepak\AppData\Roaming\npm;C:\Users\Deepak\AppData\Lo
USERNAME=Deepak
OS=Windows_NT
PROCESSOR_IDENTIFIER=Intel64 Family 6 Model 158 Stepping 10, GenuineIntel



---------------  S Y S T E M  ---------------

OS:
 Windows 10 , 64 bit Build 22000 (10.0.22000.434)
OS uptime: 1 days 19:36 hours

CPU: total 12 (initial active 12) (6 cores per cpu, 2 threads per core) family 6 model 158 stepping 10 microcode 0xde, cmov, cx8, fxsr, mmx, sse, sse2, sse3, ssse3, sse4.1, sse4.2, popcnt, vzeroupper, avx, avx2, aes, clmul, erms, 3dnowpref, lzcnt, ht, tsc, tscinvbit, bmi1, bmi2, adx, fma, clflush, clflushopt

Memory: 4k page, system-wide physical 16225M (2479M free)
TotalPageFile size 16225M (AvailPageFile size 6M)
current process WorkingSet (physical memory assigned to process): 543M, peak: 543M
current process commit charge ("private bytes"): 591M, peak: 592M

vm_info: Java HotSpot(TM) 64-Bit Server VM (15.0.2+7-27) for windows-amd64 JRE (15.0.2+7-27), built on Dec  7 2020 20:07:01 by "mach5one" with unknown MS VC++:1925

END.
