#
# There is insufficient memory for the Java Runtime Environment to continue.
# Native memory allocation (malloc) failed to allocate 1350064 bytes for Chunk::new
# Possible reasons:
#   The system is out of physical RAM or swap space
#   The process is running with CompressedOops enabled, and the Java Heap may be blocking the growth of the native heap
# Possible solutions:
#   Reduce memory load on the system
#   Increase physical memory or swap space
#   Check if swap backing store is full
#   Decrease Java heap size (-Xmx/-Xms)
#   Decrease number of Java threads
#   Decrease Java thread stack sizes (-Xss)
#   Set larger code cache with -XX:ReservedCodeCacheSize=
#   JVM is running with Unscaled Compressed Oops mode in which the Java heap is
#     placed in the first 4GB address space. The Java Heap base address is the
#     maximum limit for the native heap growth. Please use -XX:HeapBaseMinAddress
#     to set the Java Heap base and to place the Java Heap above 4GB virtual address.
# This output file may be truncated or incomplete.
#
#  Out of Memory Error (./open/src/hotspot/share/memory/arena.cpp:195), pid=7688, tid=20336
#
# JRE version: Java(TM) SE Runtime Environment (15.0.2+7) (build 15.0.2+7-27)
# Java VM: Java HotSpot(TM) 64-Bit Server VM (15.0.2+7-27, mixed mode, sharing, tiered, compressed oops, g1 gc, windows-amd64)
# No core dump will be written. Minidumps are not enabled by default on client versions of Windows
#

---------------  S U M M A R Y ------------

Command Line: --add-opens=java.base/java.util=ALL-UNNAMED --add-opens=java.base/java.lang=ALL-UNNAMED --add-opens=java.base/java.lang.invoke=ALL-UNNAMED --add-opens=java.base/java.util=ALL-UNNAMED --add-opens=java.prefs/java.util.prefs=ALL-UNNAMED --add-opens=java.prefs/java.util.prefs=ALL-UNNAMED --add-opens=java.base/java.nio.charset=ALL-UNNAMED --add-opens=java.base/java.net=ALL-UNNAMED --add-opens=java.base/java.util.concurrent.atomic=ALL-UNNAMED -Xmx2048m -Dfile.encoding=UTF-8 -Duser.country=IN -Duser.language=en -Duser.variant org.gradle.launcher.daemon.bootstrap.GradleDaemon 7.0.2

Host: Intel(R) Core(TM) i7-9750H CPU @ 2.60GHz, 12 cores, 15G,  Windows 10 , 64 bit Build 22000 (10.0.22000.434)
Time: Tue Feb 15 11:14:01 2022 India Standard Time elapsed time: 59.841065 seconds (0d 0h 0m 59s)

---------------  T H R E A D  ---------------

Current thread (0x000002c3a2297d70):  JavaThread "C2 CompilerThread0" daemon [_thread_in_native, id=20336, stack(0x000000d2f2f00000,0x000000d2f3000000)]


Current CompileTask:
C2:  59841 19619       4       org.gradle.internal.service.DefaultServiceRegistry$OwnServices$ProviderAnalyser::analyseType (114 bytes)

Stack: [0x000000d2f2f00000,0x000000d2f3000000]
Native frames: (J=compiled Java code, j=interpreted, Vv=VM code, C=native code)
V  [jvm.dll+0x62ae9a]
V  [jvm.dll+0x7817a9]
V  [jvm.dll+0x782f03]
V  [jvm.dll+0x783563]
V  [jvm.dll+0x216325]
V  [jvm.dll+0x97f3a]
V  [jvm.dll+0x9861c]
V  [jvm.dll+0x32e305]
V  [jvm.dll+0x18e1ba]
V  [jvm.dll+0x1ea822]
V  [jvm.dll+0x1e996e]
V  [jvm.dll+0x178567]
V  [jvm.dll+0x1f9225]
V  [jvm.dll+0x1f72cc]
V  [jvm.dll+0x74495d]
V  [jvm.dll+0x73d75a]
V  [jvm.dll+0x629c56]
C  [ucrtbase.dll+0x26c0c]
C  [KERNEL32.DLL+0x154e0]
C  [ntdll.dll+0x485b]


---------------  P R O C E S S  ---------------

Threads class SMR info:
_java_thread_list=0x000002c3a9629d60, length=75, elements={
0x000002c380a88590, 0x000002c3a1a76f40, 0x000002c3a1a77b10, 0x000002c3a2293a40,
0x000002c3a2296710, 0x000002c3a2296fd0, 0x000002c3a2297d70, 0x000002c3a229b830,
0x000002c3a22a0640, 0x000002c3a23d6520, 0x000002c3a23f48e0, 0x000002c3a49e0a10,
0x000002c3a46010a0, 0x000002c3a46023e0, 0x000002c3a4601570, 0x000002c3a4600bd0,
0x000002c3a4603720, 0x000002c3a45ffd60, 0x000002c3a4600230, 0x000002c3a7dbec20,
0x000002c3a7dbb260, 0x000002c3a7db7d70, 0x000002c3a7dbc0d0, 0x000002c3a7db8710,
0x000002c3a7dbc5a0, 0x000002c3a7db9580, 0x000002c3a6d18a40, 0x000002c3a6d12530,
0x000002c3a6d180a0, 0x000002c3a6d13d40, 0x000002c3a6d193e0, 0x000002c3a6d18570,
0x000002c3a6d163c0, 0x000002c3a6d12060, 0x000002c3a6d18f10, 0x000002c3a6d15550,
0x000002c3a6d198b0, 0x000002c3a99fa240, 0x000002c3a6d146e0, 0x000002c3ac8a3550,
0x000002c3ac8a26e0, 0x000002c3aca12fd0, 0x000002c3a704d540, 0x000002c3a94fdc80,
0x000002c3aca13970, 0x000002c3ac441d70, 0x000002c3a72acf60, 0x000002c3ac8a3a20,
0x000002c3acd83b40, 0x000002c3a94fc940, 0x000002c3afa57380, 0x000002c3afa57850,
0x000002c3a72ad430, 0x000002c3a72ad900, 0x000002c3a72aca90, 0x000002c3a72ac5c0,
0x000002c3a72ac0f0, 0x000002c3aa359e70, 0x000002c3aa357320, 0x000002c3a25bd040,
0x000002c3aa358b30, 0x000002c3a25b9890, 0x000002c3afa57d20, 0x000002c3a52e5220,
0x000002c3a52e26d0, 0x000002c3aca134a0, 0x000002c3aca13e40, 0x000002c3aca12630,
0x000002c3af841010, 0x000002c3af83fcd0, 0x000002c3af843690, 0x000002c3af8414e0,
0x000002c3af842cf0, 0x000002c3af8401a0, 0x000002c3af840670
}

Java Threads: ( => current thread )
  0x000002c380a88590 JavaThread "main" [_thread_blocked, id=12072, stack(0x000000d2f2300000,0x000000d2f2400000)]
  0x000002c3a1a76f40 JavaThread "Reference Handler" daemon [_thread_blocked, id=22996, stack(0x000000d2f2a00000,0x000000d2f2b00000)]
  0x000002c3a1a77b10 JavaThread "Finalizer" daemon [_thread_blocked, id=21636, stack(0x000000d2f2b00000,0x000000d2f2c00000)]
  0x000002c3a2293a40 JavaThread "Signal Dispatcher" daemon [_thread_blocked, id=17292, stack(0x000000d2f2c00000,0x000000d2f2d00000)]
  0x000002c3a2296710 JavaThread "Attach Listener" daemon [_thread_blocked, id=16140, stack(0x000000d2f2d00000,0x000000d2f2e00000)]
  0x000002c3a2296fd0 JavaThread "Service Thread" daemon [_thread_blocked, id=19148, stack(0x000000d2f2e00000,0x000000d2f2f00000)]
=>0x000002c3a2297d70 JavaThread "C2 CompilerThread0" daemon [_thread_in_native, id=20336, stack(0x000000d2f2f00000,0x000000d2f3000000)]
  0x000002c3a229b830 JavaThread "C1 CompilerThread0" daemon [_thread_blocked, id=19512, stack(0x000000d2f3000000,0x000000d2f3100000)]
  0x000002c3a22a0640 JavaThread "Sweeper thread" daemon [_thread_blocked, id=25136, stack(0x000000d2f3100000,0x000000d2f3200000)]
  0x000002c3a23d6520 JavaThread "Common-Cleaner" daemon [_thread_blocked, id=16952, stack(0x000000d2f3200000,0x000000d2f3300000)]
  0x000002c3a23f48e0 JavaThread "Notification Thread" daemon [_thread_blocked, id=23464, stack(0x000000d2f3300000,0x000000d2f3400000)]
  0x000002c3a49e0a10 JavaThread "Daemon health stats" [_thread_blocked, id=6168, stack(0x000000d2f3c00000,0x000000d2f3d00000)]
  0x000002c3a46010a0 JavaThread "Incoming local TCP Connector on port 60337" [_thread_in_native, id=17588, stack(0x000000d2f3d00000,0x000000d2f3e00000)]
  0x000002c3a46023e0 JavaThread "Daemon periodic checks" [_thread_blocked, id=10268, stack(0x000000d2f3e00000,0x000000d2f3f00000)]
  0x000002c3a4601570 JavaThread "Daemon" [_thread_blocked, id=15824, stack(0x000000d2f3f00000,0x000000d2f4000000)]
  0x000002c3a4600bd0 JavaThread "Daemon worker" [_thread_in_Java, id=8416, stack(0x000000d2f4200000,0x000000d2f4300000)]
  0x000002c3a4603720 JavaThread "Cache worker for file hash cache (D:\aa\caches\7.0.2\fileHashes)" [_thread_blocked, id=3184, stack(0x000000d2f4600000,0x000000d2f4700000)]
  0x000002c3a45ffd60 JavaThread "File lock request listener" [_thread_in_native, id=18776, stack(0x000000d2f4700000,0x000000d2f4800000)]
  0x000002c3a4600230 JavaThread "Cache worker for journal cache (D:\aa\caches\journal-1)" [_thread_blocked, id=22728, stack(0x000000d2f4800000,0x000000d2f4900000)]
  0x000002c3a7dbec20 JavaThread "File watcher server" daemon [_thread_in_native, id=6800, stack(0x000000d2f4a00000,0x000000d2f4b00000)]
  0x000002c3a7dbb260 JavaThread "File watcher consumer" daemon [_thread_blocked, id=6112, stack(0x000000d2f4b00000,0x000000d2f4c00000)]
  0x000002c3a7db7d70 JavaThread "Cache worker for execution history cache (D:\aa\caches\7.0.2\executionHistory)" [_thread_blocked, id=16828, stack(0x000000d2f4f00000,0x000000d2f5000000)]
  0x000002c3a7dbc0d0 JavaThread "jar transforms" [_thread_blocked, id=18876, stack(0x000000d2f5600000,0x000000d2f5700000)]
  0x000002c3a7db8710 JavaThread "jar transforms Thread 2" [_thread_blocked, id=10868, stack(0x000000d2f5700000,0x000000d2f5800000)]
  0x000002c3a7dbc5a0 JavaThread "Cache worker for file content cache (D:\aa\caches\7.0.2\fileContent)" [_thread_blocked, id=16092, stack(0x000000d2f5800000,0x000000d2f5900000)]
  0x000002c3a7db9580 JavaThread "jar transforms Thread 3" [_thread_blocked, id=11908, stack(0x000000d2f5a00000,0x000000d2f5b00000)]
  0x000002c3a6d18a40 JavaThread "jar transforms Thread 4" [_thread_blocked, id=16232, stack(0x000000d2f6800000,0x000000d2f6900000)]
  0x000002c3a6d12530 JavaThread "jar transforms Thread 5" [_thread_blocked, id=25556, stack(0x000000d2f6900000,0x000000d2f6a00000)]
  0x000002c3a6d180a0 JavaThread "jar transforms Thread 6" [_thread_blocked, id=5592, stack(0x000000d2f6a00000,0x000000d2f6b00000)]
  0x000002c3a6d13d40 JavaThread "jar transforms Thread 7" [_thread_blocked, id=9956, stack(0x000000d2f6b00000,0x000000d2f6c00000)]
  0x000002c3a6d193e0 JavaThread "jar transforms Thread 8" [_thread_blocked, id=2112, stack(0x000000d2f6c00000,0x000000d2f6d00000)]
  0x000002c3a6d18570 JavaThread "jar transforms Thread 9" [_thread_blocked, id=8764, stack(0x000000d2f6d00000,0x000000d2f6e00000)]
  0x000002c3a6d163c0 JavaThread "jar transforms Thread 10" [_thread_blocked, id=13460, stack(0x000000d2f6e00000,0x000000d2f6f00000)]
  0x000002c3a6d12060 JavaThread "jar transforms Thread 11" [_thread_blocked, id=19280, stack(0x000000d2f6f00000,0x000000d2f7000000)]
  0x000002c3a6d18f10 JavaThread "jar transforms Thread 12" [_thread_blocked, id=24000, stack(0x000000d2f7000000,0x000000d2f7100000)]
  0x000002c3a6d15550 JavaThread "Memory manager" [_thread_blocked, id=16260, stack(0x000000d2f7100000,0x000000d2f7200000)]
  0x000002c3a6d198b0 JavaThread "pool-3-thread-1" [_thread_blocked, id=14488, stack(0x000000d2f7300000,0x000000d2f7400000)]
  0x000002c3a99fa240 JavaThread "Cache worker for Java compile cache (D:\aa\caches\7.0.2\javaCompile)" [_thread_blocked, id=22320, stack(0x000000d2f8100000,0x000000d2f8200000)]
  0x000002c3a6d146e0 JavaThread "pool-6-thread-1" [_thread_blocked, id=8132, stack(0x000000d2f7600000,0x000000d2f7700000)]
  0x000002c3ac8a3550 JavaThread "ForkJoinPool.commonPool-worker-19" daemon [_thread_blocked, id=15224, stack(0x000000d2f9c00000,0x000000d2f9d00000)]
  0x000002c3ac8a26e0 JavaThread "ForkJoinPool.commonPool-worker-5" daemon [_thread_blocked, id=15620, stack(0x000000d2f9d00000,0x000000d2f9e00000)]
  0x000002c3aca12fd0 JavaThread "ForkJoinPool.commonPool-worker-23" daemon [_thread_blocked, id=11196, stack(0x000000d2f9e00000,0x000000d2f9f00000)]
  0x000002c3a704d540 JavaThread "ForkJoinPool.commonPool-worker-9" daemon [_thread_blocked, id=19420, stack(0x000000d2f9f00000,0x000000d2fa000000)]
  0x000002c3a94fdc80 JavaThread "ForkJoinPool.commonPool-worker-27" daemon [_thread_blocked, id=7680, stack(0x000000d2fa000000,0x000000d2fa100000)]
  0x000002c3aca13970 JavaThread "ForkJoinPool.commonPool-worker-13" daemon [_thread_blocked, id=18208, stack(0x000000d2fa100000,0x000000d2fa200000)]
  0x000002c3ac441d70 JavaThread "ForkJoinPool.commonPool-worker-31" daemon [_thread_blocked, id=10336, stack(0x000000d2fa200000,0x000000d2fa300000)]
  0x000002c3a72acf60 JavaThread "ForkJoinPool.commonPool-worker-17" daemon [_thread_blocked, id=24072, stack(0x000000d2fa300000,0x000000d2fa400000)]
  0x000002c3ac8a3a20 JavaThread "ForkJoinPool.commonPool-worker-3" daemon [_thread_blocked, id=2376, stack(0x000000d2fa400000,0x000000d2fa500000)]
  0x000002c3acd83b40 JavaThread "ForkJoinPool.commonPool-worker-21" daemon [_thread_blocked, id=15516, stack(0x000000d2fa500000,0x000000d2fa600000)]
  0x000002c3a94fc940 JavaThread "ForkJoinPool.commonPool-worker-7" daemon [_thread_blocked, id=18988, stack(0x000000d2fa600000,0x000000d2fa700000)]
  0x000002c3afa57380 JavaThread "Handler for socket connection from /127.0.0.1:60337 to /127.0.0.1:60381" [_thread_in_native, id=16008, stack(0x000000d2f4000000,0x000000d2f4100000)]
  0x000002c3afa57850 JavaThread "Cancel handler" [_thread_blocked, id=9456, stack(0x000000d2f4100000,0x000000d2f4200000)]
  0x000002c3a72ad430 JavaThread "Asynchronous log dispatcher for DefaultDaemonConnection: socket connection from /127.0.0.1:60337 to /127.0.0.1:60381" [_thread_blocked, id=23916, stack(0x000000d2f4300000,0x000000d2f4400000)]
  0x000002c3a72ad900 JavaThread "Stdin handler" [_thread_blocked, id=15968, stack(0x000000d2f4400000,0x000000d2f4500000)]
  0x000002c3a72aca90 JavaThread "Daemon client event forwarder" [_thread_blocked, id=25584, stack(0x000000d2f4500000,0x000000d2f4600000)]
  0x000002c3a72ac5c0 JavaThread "Cache worker for file hash cache (D:\app_dev\QuizApp\.gradle\7.0.2\fileHashes)" [_thread_blocked, id=13468, stack(0x000000d2f4900000,0x000000d2f4a00000)]
  0x000002c3a72ac0f0 JavaThread "Cache worker for checksums cache (D:\app_dev\QuizApp\.gradle\checksums)" [_thread_blocked, id=16996, stack(0x000000d2f4c00000,0x000000d2f4d00000)]
  0x000002c3aa359e70 JavaThread "Cache worker for cache directory md-supplier (D:\aa\caches\7.0.2\md-supplier)" [_thread_blocked, id=2496, stack(0x000000d2f4d00000,0x000000d2f4e00000)]
  0x000002c3aa357320 JavaThread "Cache worker for cache directory md-rule (D:\aa\caches\7.0.2\md-rule)" [_thread_blocked, id=13676, stack(0x000000d2f4e00000,0x000000d2f4f00000)]
  0x000002c3a25bd040 JavaThread "C2 CompilerThread1" daemon [_thread_in_native, id=9544, stack(0x000000d2f5900000,0x000000d2f5a00000)]
  0x000002c3aa358b30 JavaThread "Cache worker for dependencies-accessors (D:\app_dev\QuizApp\.gradle\7.0.2\dependencies-accessors)" [_thread_blocked, id=19964, stack(0x000000d2f5b00000,0x000000d2f5c00000)]
  0x000002c3a25b9890 JavaThread "C2 CompilerThread2" daemon [_thread_in_native, id=15136, stack(0x000000d2f5c00000,0x000000d2f5d00000)]
  0x000002c3afa57d20 JavaThread "Cache worker for Build Output Cleanup Cache (D:\app_dev\QuizApp\.gradle\buildOutputCleanup)" [_thread_blocked, id=19228, stack(0x000000d2f5d00000,0x000000d2f5e00000)]
  0x000002c3a52e5220 JavaThread "Build operations" [_thread_blocked, id=3496, stack(0x000000d2f5e00000,0x000000d2f5f00000)]
  0x000002c3a52e26d0 JavaThread "Build operations Thread 2" [_thread_blocked, id=8504, stack(0x000000d2f5f00000,0x000000d2f6000000)]
  0x000002c3aca134a0 JavaThread "Build operations Thread 3" [_thread_blocked, id=11116, stack(0x000000d2f6000000,0x000000d2f6100000)]
  0x000002c3aca13e40 JavaThread "Build operations Thread 4" [_thread_blocked, id=13076, stack(0x000000d2f6100000,0x000000d2f6200000)]
  0x000002c3aca12630 JavaThread "Build operations Thread 5" [_thread_blocked, id=20172, stack(0x000000d2f6200000,0x000000d2f6300000)]
  0x000002c3af841010 JavaThread "Build operations Thread 6" [_thread_blocked, id=9056, stack(0x000000d2f6300000,0x000000d2f6400000)]
  0x000002c3af83fcd0 JavaThread "Build operations Thread 7" [_thread_blocked, id=13008, stack(0x000000d2f6400000,0x000000d2f6500000)]
  0x000002c3af843690 JavaThread "Build operations Thread 8" [_thread_blocked, id=24988, stack(0x000000d2f6500000,0x000000d2f6600000)]
  0x000002c3af8414e0 JavaThread "Build operations Thread 9" [_thread_blocked, id=25060, stack(0x000000d2f6600000,0x000000d2f6700000)]
  0x000002c3af842cf0 JavaThread "Build operations Thread 10" [_thread_blocked, id=8164, stack(0x000000d2f6700000,0x000000d2f6800000)]
  0x000002c3af8401a0 JavaThread "Build operations Thread 11" [_thread_blocked, id=18540, stack(0x000000d2f7200000,0x000000d2f7300000)]
  0x000002c3af840670 JavaThread "Build operations Thread 12" [_thread_blocked, id=11828, stack(0x000000d2f7400000,0x000000d2f7500000)]

Other Threads:
  0x000002c3a1a746b0 VMThread "VM Thread" [stack: 0x000000d2f2900000,0x000000d2f2a00000] [id=1748]
  0x000002c3a23f8dc0 WatcherThread [stack: 0x000000d2f3400000,0x000000d2f3500000] [id=16848]
  0x000002c380aca710 GCTaskThread "GC Thread#0" [stack: 0x000000d2f2400000,0x000000d2f2500000] [id=10432]
  0x000002c3a2b03880 GCTaskThread "GC Thread#1" [stack: 0x000000d2f3700000,0x000000d2f3800000] [id=3176]
  0x000002c3a2b03220 GCTaskThread "GC Thread#2" [stack: 0x000000d2f3800000,0x000000d2f3900000] [id=23304]
  0x000002c3a2b02ef0 GCTaskThread "GC Thread#3" [stack: 0x000000d2f3900000,0x000000d2f3a00000] [id=7312]
  0x000002c3a2b03bb0 GCTaskThread "GC Thread#4" [stack: 0x000000d2f3a00000,0x000000d2f3b00000] [id=19352]
  0x000002c3a2b03550 GCTaskThread "GC Thread#5" [stack: 0x000000d2f3b00000,0x000000d2f3c00000] [id=7636]
  0x000002c3a2b02560 GCTaskThread "GC Thread#6" [stack: 0x000000d2f5000000,0x000000d2f5100000] [id=4496]
  0x000002c3a35cb110 GCTaskThread "GC Thread#7" [stack: 0x000000d2f5100000,0x000000d2f5200000] [id=1984]
  0x000002c3a35cb440 GCTaskThread "GC Thread#8" [stack: 0x000000d2f5200000,0x000000d2f5300000] [id=5388]
  0x000002c3a35ca780 GCTaskThread "GC Thread#9" [stack: 0x000000d2f5300000,0x000000d2f5400000] [id=1328]
  0x000002c380adb860 ConcurrentGCThread "G1 Main Marker" [stack: 0x000000d2f2500000,0x000000d2f2600000] [id=25572]
  0x000002c380addc00 ConcurrentGCThread "G1 Conc#0" [stack: 0x000000d2f2600000,0x000000d2f2700000] [id=18616]
  0x000002c3a35cade0 ConcurrentGCThread "G1 Conc#1" [stack: 0x000000d2f5400000,0x000000d2f5500000] [id=23532]
  0x000002c3a35cb770 ConcurrentGCThread "G1 Conc#2" [stack: 0x000000d2f5500000,0x000000d2f5600000] [id=21336]
  0x000002c3a18e8560 ConcurrentGCThread "G1 Refine#0" [stack: 0x000000d2f2700000,0x000000d2f2800000] [id=14832]
  0x000002c3abe61e30 ConcurrentGCThread "G1 Refine#1" [stack: 0x000000d2f8300000,0x000000d2f8400000] [id=16884]
  0x000002c3abe63ff0 ConcurrentGCThread "G1 Refine#2" [stack: 0x000000d2f8400000,0x000000d2f8500000] [id=5044]
  0x000002c3abe64a10 ConcurrentGCThread "G1 Refine#3" [stack: 0x000000d2f8500000,0x000000d2f8600000] [id=11480]
  0x000002c3abe62850 ConcurrentGCThread "G1 Refine#4" [stack: 0x000000d2f8600000,0x000000d2f8700000] [id=3876]
  0x000002c3abe62bb0 ConcurrentGCThread "G1 Refine#5" [stack: 0x000000d2f8700000,0x000000d2f8800000] [id=14416]
  0x000002c3abe64350 ConcurrentGCThread "G1 Refine#6" [stack: 0x000000d2f8800000,0x000000d2f8900000] [id=14492]
  0x000002c3af0c5f70 ConcurrentGCThread "G1 Refine#7" [stack: 0x000000d2f8900000,0x000000d2f8a00000] [id=8000]
  0x000002c3af0c8130 ConcurrentGCThread "G1 Refine#8" [stack: 0x000000d2f8a00000,0x000000d2f8b00000] [id=19836]
  0x000002c3af0c8eb0 ConcurrentGCThread "G1 Refine#9" [stack: 0x000000d2f8b00000,0x000000d2f8c00000] [id=14936]
  0x000002c3a18e9070 ConcurrentGCThread "G1 Young RemSet Sampling" [stack: 0x000000d2f2800000,0x000000d2f2900000] [id=4588]

Threads with active compile tasks:
C2 CompilerThread0    59861 19619       4       org.gradle.internal.service.DefaultServiceRegistry$OwnServices$ProviderAnalyser::analyseType (114 bytes)
C1 CompilerThread0    59861 19995       2       kotlin.io.FilesKt__UtilsKt::resolve (136 bytes)
C2 CompilerThread1    59861 19665   !   4       org.gradle.api.internal.attributes.DefaultImmutableAttributesFactory::doConcatIsolatable (128 bytes)
C2 CompilerThread2    59861 19776   !   4       com.google.common.reflect.TypeVisitor::visit (225 bytes)

VM state: not at safepoint (normal execution)

VM Mutex/Monitor currently owned by a thread: None

Heap address: 0x0000000080000000, size: 2048 MB, Compressed Oops mode: 32-bit
CDS archive(s) mapped at: [0x0000000800000000-0x0000000800b50000-0x0000000800b50000), size 11862016, SharedBaseAddress: 0x0000000800000000, ArchiveRelocationMode: 0.
Compressed class space mapped at: 0x0000000800b50000-0x0000000840b50000, size: 1073741824
Narrow klass base: 0x0000000800000000, Narrow klass shift: 3, Narrow klass range: 0x100000000

GC Precious Log:
 CPUs: 12 total, 12 available
 Memory: 16225M
 Large Page Support: Disabled
 NUMA Support: Disabled
 Compressed Oops: Enabled (32-bit)
 Heap Region Size: 1M
 Heap Min Capacity: 8M
 Heap Initial Capacity: 254M
 Heap Max Capacity: 2G
 Pre-touch: Disabled
 Parallel Workers: 10
 Concurrent Workers: 3
 Concurrent Refinement Workers: 10
 Periodic GC: Disabled

Heap:
 garbage-first heap   total 240640K, used 165928K [0x0000000080000000, 0x0000000100000000)
  region size 1024K, 38 young (38912K), 8 survivors (8192K)
 Metaspace       used 111982K, capacity 113357K, committed 113488K, reserved 1148928K
  class space    used 14643K, capacity 15051K, committed 15104K, reserved 1048576K

Heap Regions: E=young(eden), S=young(survivor), O=old, HS=humongous(starts), HC=humongous(continues), CS=collection set, F=free, OA=open archive, CA=closed archive, TAMS=top-at-mark-start (previous, next)
|   0|0x0000000080000000, 0x0000000080100000, 0x0000000080100000|100%| O|  |TAMS 0x0000000080100000, 0x0000000080000000| Untracked 
|   1|0x0000000080100000, 0x0000000080200000, 0x0000000080200000|100%| O|  |TAMS 0x0000000080200000, 0x0000000080100000| Untracked 
|   2|0x0000000080200000, 0x0000000080300000, 0x0000000080300000|100%| O|  |TAMS 0x0000000080300000, 0x0000000080200000| Untracked 
|   3|0x0000000080300000, 0x0000000080400000, 0x0000000080400000|100%|HS|  |TAMS 0x0000000080400000, 0x0000000080300000| Complete 
|   4|0x0000000080400000, 0x0000000080500000, 0x0000000080500000|100%|HC|  |TAMS 0x0000000080500000, 0x0000000080400000| Complete 
|   5|0x0000000080500000, 0x0000000080600000, 0x0000000080600000|100%|HC|  |TAMS 0x0000000080600000, 0x0000000080500000| Complete 
|   6|0x0000000080600000, 0x0000000080700000, 0x0000000080700000|100%| O|  |TAMS 0x0000000080700000, 0x0000000080600000| Untracked 
|   7|0x0000000080700000, 0x0000000080800000, 0x0000000080800000|100%| O|  |TAMS 0x0000000080800000, 0x0000000080700000| Untracked 
|   8|0x0000000080800000, 0x0000000080900000, 0x0000000080900000|100%| O|  |TAMS 0x0000000080900000, 0x0000000080800000| Untracked 
|   9|0x0000000080900000, 0x0000000080a00000, 0x0000000080a00000|100%| O|  |TAMS 0x0000000080a00000, 0x0000000080900000| Untracked 
|  10|0x0000000080a00000, 0x0000000080b00000, 0x0000000080b00000|100%| O|  |TAMS 0x0000000080b00000, 0x0000000080a00000| Untracked 
|  11|0x0000000080b00000, 0x0000000080c00000, 0x0000000080c00000|100%| O|  |TAMS 0x0000000080c00000, 0x0000000080b00000| Untracked 
|  12|0x0000000080c00000, 0x0000000080d00000, 0x0000000080d00000|100%| O|  |TAMS 0x0000000080d00000, 0x0000000080c00000| Untracked 
|  13|0x0000000080d00000, 0x0000000080e00000, 0x0000000080e00000|100%| O|  |TAMS 0x0000000080e00000, 0x0000000080d00000| Complete 
|  14|0x0000000080e00000, 0x0000000080f00000, 0x0000000080f00000|100%| O|  |TAMS 0x0000000080f00000, 0x0000000080e00000| Untracked 
|  15|0x0000000080f00000, 0x0000000081000000, 0x0000000081000000|100%| O|  |TAMS 0x0000000081000000, 0x0000000080f00000| Untracked 
|  16|0x0000000081000000, 0x0000000081100000, 0x0000000081100000|100%| O|  |TAMS 0x0000000081100000, 0x0000000081000000| Complete 
|  17|0x0000000081100000, 0x0000000081200000, 0x0000000081200000|100%| O|  |TAMS 0x0000000081200000, 0x0000000081100000| Untracked 
|  18|0x0000000081200000, 0x0000000081300000, 0x0000000081300000|100%| O|  |TAMS 0x0000000081300000, 0x0000000081200000| Untracked 
|  19|0x0000000081300000, 0x0000000081400000, 0x0000000081400000|100%| O|  |TAMS 0x0000000081400000, 0x0000000081300000| Untracked 
|  20|0x0000000081400000, 0x0000000081500000, 0x0000000081500000|100%| O|  |TAMS 0x0000000081500000, 0x0000000081400000| Complete 
|  21|0x0000000081500000, 0x0000000081600000, 0x0000000081600000|100%| O|  |TAMS 0x0000000081600000, 0x0000000081500000| Untracked 
|  22|0x0000000081600000, 0x0000000081700000, 0x0000000081700000|100%| O|  |TAMS 0x0000000081700000, 0x0000000081600000| Untracked 
|  23|0x0000000081700000, 0x0000000081800000, 0x0000000081800000|100%| O|  |TAMS 0x0000000081800000, 0x0000000081700000| Untracked 
|  24|0x0000000081800000, 0x0000000081900000, 0x0000000081900000|100%| O|  |TAMS 0x0000000081900000, 0x0000000081800000| Untracked 
|  25|0x0000000081900000, 0x0000000081a00000, 0x0000000081a00000|100%| O|  |TAMS 0x0000000081a00000, 0x0000000081900000| Untracked 
|  26|0x0000000081a00000, 0x0000000081b00000, 0x0000000081b00000|100%|HS|  |TAMS 0x0000000081b00000, 0x0000000081a00000| Complete 
|  27|0x0000000081b00000, 0x0000000081c00000, 0x0000000081c00000|100%|HS|  |TAMS 0x0000000081c00000, 0x0000000081b00000| Complete 
|  28|0x0000000081c00000, 0x0000000081d00000, 0x0000000081d00000|100%|HS|  |TAMS 0x0000000081d00000, 0x0000000081c00000| Complete 
|  29|0x0000000081d00000, 0x0000000081e00000, 0x0000000081e00000|100%|HC|  |TAMS 0x0000000081e00000, 0x0000000081d00000| Complete 
|  30|0x0000000081e00000, 0x0000000081f00000, 0x0000000081f00000|100%| O|  |TAMS 0x0000000081f00000, 0x0000000081e00000| Untracked 
|  31|0x0000000081f00000, 0x0000000082000000, 0x0000000082000000|100%| O|  |TAMS 0x0000000082000000, 0x0000000081f00000| Complete 
|  32|0x0000000082000000, 0x0000000082100000, 0x0000000082100000|100%| O|  |TAMS 0x0000000082100000, 0x0000000082000000| Untracked 
|  33|0x0000000082100000, 0x0000000082200000, 0x0000000082200000|100%| O|  |TAMS 0x0000000082200000, 0x0000000082100000| Untracked 
|  34|0x0000000082200000, 0x0000000082300000, 0x0000000082300000|100%| O|  |TAMS 0x0000000082300000, 0x0000000082200000| Untracked 
|  35|0x0000000082300000, 0x0000000082400000, 0x0000000082400000|100%| O|  |TAMS 0x0000000082400000, 0x0000000082300000| Complete 
|  36|0x0000000082400000, 0x0000000082500000, 0x0000000082500000|100%| O|  |TAMS 0x0000000082500000, 0x0000000082400000| Untracked 
|  37|0x0000000082500000, 0x0000000082600000, 0x0000000082600000|100%| O|  |TAMS 0x0000000082600000, 0x0000000082500000| Untracked 
|  38|0x0000000082600000, 0x0000000082700000, 0x0000000082700000|100%| O|  |TAMS 0x0000000082700000, 0x0000000082600000| Complete 
|  39|0x0000000082700000, 0x0000000082800000, 0x0000000082800000|100%| O|  |TAMS 0x0000000082800000, 0x0000000082700000| Complete 
|  40|0x0000000082800000, 0x0000000082900000, 0x0000000082900000|100%| O|  |TAMS 0x0000000082900000, 0x0000000082800000| Untracked 
|  41|0x0000000082900000, 0x0000000082a00000, 0x0000000082a00000|100%| O|  |TAMS 0x0000000082a00000, 0x0000000082900000| Complete 
|  42|0x0000000082a00000, 0x0000000082b00000, 0x0000000082b00000|100%| O|  |TAMS 0x0000000082b00000, 0x0000000082a00000| Untracked 
|  43|0x0000000082b00000, 0x0000000082c00000, 0x0000000082c00000|100%| O|  |TAMS 0x0000000082c00000, 0x0000000082b00000| Complete 
|  44|0x0000000082c00000, 0x0000000082d00000, 0x0000000082d00000|100%| O|  |TAMS 0x0000000082d00000, 0x0000000082c00000| Complete 
|  45|0x0000000082d00000, 0x0000000082e00000, 0x0000000082e00000|100%| O|  |TAMS 0x0000000082e00000, 0x0000000082d00000| Complete 
|  46|0x0000000082e00000, 0x0000000082f00000, 0x0000000082f00000|100%| O|  |TAMS 0x0000000082f00000, 0x0000000082e00000| Untracked 
|  47|0x0000000082f00000, 0x0000000083000000, 0x0000000083000000|100%| O|  |TAMS 0x0000000083000000, 0x0000000082f00000| Untracked 
|  48|0x0000000083000000, 0x00000000830f7000, 0x0000000083100000| 96%| O|  |TAMS 0x00000000830f7000, 0x0000000083000000| Untracked 
|  49|0x0000000083100000, 0x0000000083200000, 0x0000000083200000|100%| O|  |TAMS 0x0000000083200000, 0x0000000083100000| Complete 
|  50|0x0000000083200000, 0x0000000083300000, 0x0000000083300000|100%| O|  |TAMS 0x0000000083300000, 0x0000000083200000| Untracked 
|  51|0x0000000083300000, 0x0000000083300000, 0x0000000083400000|  0%| F|  |TAMS 0x0000000083300000, 0x0000000083300000| Untracked 
|  52|0x0000000083400000, 0x0000000083500000, 0x0000000083500000|100%| O|  |TAMS 0x0000000083500000, 0x0000000083400000| Complete 
|  53|0x0000000083500000, 0x0000000083600000, 0x0000000083600000|100%| O|  |TAMS 0x0000000083600000, 0x0000000083500000| Complete 
|  54|0x0000000083600000, 0x0000000083700000, 0x0000000083700000|100%| O|  |TAMS 0x0000000083700000, 0x0000000083600000| Untracked 
|  55|0x0000000083700000, 0x0000000083800000, 0x0000000083800000|100%| O|  |TAMS 0x0000000083800000, 0x0000000083700000| Complete 
|  56|0x0000000083800000, 0x0000000083900000, 0x0000000083900000|100%| O|  |TAMS 0x0000000083900000, 0x0000000083800000| Complete 
|  57|0x0000000083900000, 0x0000000083a00000, 0x0000000083a00000|100%| O|  |TAMS 0x0000000083a00000, 0x0000000083900000| Untracked 
|  58|0x0000000083a00000, 0x0000000083b00000, 0x0000000083b00000|100%| O|  |TAMS 0x0000000083b00000, 0x0000000083a00000| Untracked 
|  59|0x0000000083b00000, 0x0000000083c00000, 0x0000000083c00000|100%| O|  |TAMS 0x0000000083c00000, 0x0000000083b00000| Untracked 
|  60|0x0000000083c00000, 0x0000000083d00000, 0x0000000083d00000|100%| O|  |TAMS 0x0000000083d00000, 0x0000000083c00000| Complete 
|  61|0x0000000083d00000, 0x0000000083e00000, 0x0000000083e00000|100%| O|  |TAMS 0x0000000083e00000, 0x0000000083d00000| Complete 
|  62|0x0000000083e00000, 0x0000000083f00000, 0x0000000083f00000|100%|HS|  |TAMS 0x0000000083e00000, 0x0000000083e00000| Complete 
|  63|0x0000000083f00000, 0x0000000084000000, 0x0000000084000000|100%| O|  |TAMS 0x0000000084000000, 0x0000000083f00000| Untracked 
|  64|0x0000000084000000, 0x0000000084000000, 0x0000000084100000|  0%| F|  |TAMS 0x0000000084000000, 0x0000000084000000| Untracked 
|  65|0x0000000084100000, 0x0000000084200000, 0x0000000084200000|100%| O|  |TAMS 0x0000000084200000, 0x0000000084100000| Complete 
|  66|0x0000000084200000, 0x0000000084300000, 0x0000000084300000|100%| O|  |TAMS 0x0000000084300000, 0x0000000084200000| Untracked 
|  67|0x0000000084300000, 0x0000000084400000, 0x0000000084400000|100%| O|  |TAMS 0x0000000084400000, 0x0000000084300000| Complete 
|  68|0x0000000084400000, 0x0000000084500000, 0x0000000084500000|100%| O|  |TAMS 0x0000000084500000, 0x0000000084400000| Untracked 
|  69|0x0000000084500000, 0x0000000084600000, 0x0000000084600000|100%| O|  |TAMS 0x0000000084600000, 0x0000000084500000| Complete 
|  70|0x0000000084600000, 0x0000000084700000, 0x0000000084700000|100%| O|  |TAMS 0x0000000084700000, 0x0000000084600000| Untracked 
|  71|0x0000000084700000, 0x0000000084800000, 0x0000000084800000|100%| O|  |TAMS 0x0000000084800000, 0x0000000084700000| Complete 
|  72|0x0000000084800000, 0x0000000084800000, 0x0000000084900000|  0%| F|  |TAMS 0x0000000084800000, 0x0000000084800000| Untracked 
|  73|0x0000000084900000, 0x0000000084a00000, 0x0000000084a00000|100%| O|  |TAMS 0x0000000084a00000, 0x0000000084900000| Untracked 
|  74|0x0000000084a00000, 0x0000000084b00000, 0x0000000084b00000|100%| O|  |TAMS 0x0000000084b00000, 0x0000000084a00000| Untracked 
|  75|0x0000000084b00000, 0x0000000084c00000, 0x0000000084c00000|100%| O|  |TAMS 0x0000000084c00000, 0x0000000084b00000| Untracked 
|  76|0x0000000084c00000, 0x0000000084d00000, 0x0000000084d00000|100%| O|  |TAMS 0x0000000084d00000, 0x0000000084c00000| Complete 
|  77|0x0000000084d00000, 0x0000000084e00000, 0x0000000084e00000|100%| O|  |TAMS 0x0000000084e00000, 0x0000000084d00000| Complete 
|  78|0x0000000084e00000, 0x0000000084f00000, 0x0000000084f00000|100%| O|  |TAMS 0x0000000084f00000, 0x0000000084e00000| Complete 
|  79|0x0000000084f00000, 0x0000000085000000, 0x0000000085000000|100%| O|  |TAMS 0x0000000085000000, 0x0000000084f00000| Untracked 
|  80|0x0000000085000000, 0x0000000085100000, 0x0000000085100000|100%| O|  |TAMS 0x0000000085100000, 0x0000000085000000| Complete 
|  81|0x0000000085100000, 0x0000000085200000, 0x0000000085200000|100%| O|  |TAMS 0x0000000085200000, 0x0000000085100000| Complete 
|  82|0x0000000085200000, 0x0000000085300000, 0x0000000085300000|100%| O|  |TAMS 0x0000000085300000, 0x0000000085200000| Complete 
|  83|0x0000000085300000, 0x0000000085400000, 0x0000000085400000|100%| O|  |TAMS 0x0000000085400000, 0x0000000085300000| Complete 
|  84|0x0000000085400000, 0x0000000085500000, 0x0000000085500000|100%| O|  |TAMS 0x0000000085500000, 0x0000000085400000| Untracked 
|  85|0x0000000085500000, 0x0000000085500000, 0x0000000085600000|  0%| F|  |TAMS 0x0000000085500000, 0x0000000085500000| Untracked 
|  86|0x0000000085600000, 0x0000000085700000, 0x0000000085700000|100%| O|  |TAMS 0x0000000085700000, 0x0000000085600000| Untracked 
|  87|0x0000000085700000, 0x0000000085800000, 0x0000000085800000|100%| O|  |TAMS 0x0000000085800000, 0x0000000085700000| Complete 
|  88|0x0000000085800000, 0x0000000085900000, 0x0000000085900000|100%| O|  |TAMS 0x0000000085900000, 0x0000000085800000| Untracked 
|  89|0x0000000085900000, 0x0000000085900000, 0x0000000085a00000|  0%| F|  |TAMS 0x0000000085900000, 0x0000000085900000| Untracked 
|  90|0x0000000085a00000, 0x0000000085b00000, 0x0000000085b00000|100%| O|  |TAMS 0x0000000085b00000, 0x0000000085a00000| Untracked 
|  91|0x0000000085b00000, 0x0000000085b00000, 0x0000000085c00000|  0%| F|  |TAMS 0x0000000085b00000, 0x0000000085b00000| Untracked 
|  92|0x0000000085c00000, 0x0000000085d00000, 0x0000000085d00000|100%| O|  |TAMS 0x0000000085d00000, 0x0000000085c00000| Untracked 
|  93|0x0000000085d00000, 0x0000000085d00000, 0x0000000085e00000|  0%| F|  |TAMS 0x0000000085d00000, 0x0000000085d00000| Untracked 
|  94|0x0000000085e00000, 0x0000000085f00000, 0x0000000085f00000|100%| O|  |TAMS 0x0000000085f00000, 0x0000000085e00000| Untracked 
|  95|0x0000000085f00000, 0x0000000086000000, 0x0000000086000000|100%| O|  |TAMS 0x0000000086000000, 0x0000000085f00000| Untracked 
|  96|0x0000000086000000, 0x0000000086100000, 0x0000000086100000|100%| O|  |TAMS 0x0000000086100000, 0x0000000086000000| Complete 
|  97|0x0000000086100000, 0x0000000086200000, 0x0000000086200000|100%| O|  |TAMS 0x0000000086200000, 0x0000000086100000| Untracked 
|  98|0x0000000086200000, 0x0000000086300000, 0x0000000086300000|100%| O|  |TAMS 0x0000000086300000, 0x0000000086200000| Untracked 
|  99|0x0000000086300000, 0x0000000086300000, 0x0000000086400000|  0%| F|  |TAMS 0x0000000086300000, 0x0000000086300000| Untracked 
| 100|0x0000000086400000, 0x0000000086500000, 0x0000000086500000|100%| O|  |TAMS 0x0000000086500000, 0x0000000086400000| Untracked 
| 101|0x0000000086500000, 0x0000000086600000, 0x0000000086600000|100%|HS|  |TAMS 0x0000000086600000, 0x0000000086500000| Complete 
| 102|0x0000000086600000, 0x0000000086700000, 0x0000000086700000|100%|HC|  |TAMS 0x0000000086700000, 0x0000000086600000| Complete 
| 103|0x0000000086700000, 0x0000000086800000, 0x0000000086800000|100%| O|  |TAMS 0x0000000086800000, 0x0000000086700000| Complete 
| 104|0x0000000086800000, 0x0000000086900000, 0x0000000086900000|100%| O|  |TAMS 0x0000000086900000, 0x0000000086800000| Untracked 
| 105|0x0000000086900000, 0x0000000086a00000, 0x0000000086a00000|100%| O|  |TAMS 0x0000000086a00000, 0x0000000086900000| Complete 
| 106|0x0000000086a00000, 0x0000000086b00000, 0x0000000086b00000|100%| O|  |TAMS 0x0000000086b00000, 0x0000000086a00000| Untracked 
| 107|0x0000000086b00000, 0x0000000086c00000, 0x0000000086c00000|100%| O|  |TAMS 0x0000000086c00000, 0x0000000086b00000| Complete 
| 108|0x0000000086c00000, 0x0000000086d00000, 0x0000000086d00000|100%| O|  |TAMS 0x0000000086d00000, 0x0000000086c00000| Complete 
| 109|0x0000000086d00000, 0x0000000086e00000, 0x0000000086e00000|100%|HS|  |TAMS 0x0000000086e00000, 0x0000000086d00000| Complete 
| 110|0x0000000086e00000, 0x0000000086f00000, 0x0000000086f00000|100%|HC|  |TAMS 0x0000000086f00000, 0x0000000086e00000| Complete 
| 111|0x0000000086f00000, 0x0000000086f00000, 0x0000000087000000|  0%| F|  |TAMS 0x0000000086f00000, 0x0000000086f00000| Untracked 
| 112|0x0000000087000000, 0x0000000087100000, 0x0000000087100000|100%| O|  |TAMS 0x0000000087100000, 0x0000000087000000| Complete 
| 113|0x0000000087100000, 0x0000000087100000, 0x0000000087200000|  0%| F|  |TAMS 0x0000000087100000, 0x0000000087100000| Untracked 
| 114|0x0000000087200000, 0x0000000087300000, 0x0000000087300000|100%| O|  |TAMS 0x0000000087300000, 0x0000000087200000| Complete 
| 115|0x0000000087300000, 0x0000000087400000, 0x0000000087400000|100%| O|  |TAMS 0x0000000087400000, 0x0000000087300000| Untracked 
| 116|0x0000000087400000, 0x0000000087500000, 0x0000000087500000|100%| O|  |TAMS 0x0000000087500000, 0x0000000087400000| Untracked 
| 117|0x0000000087500000, 0x0000000087600000, 0x0000000087600000|100%| O|  |TAMS 0x0000000087600000, 0x0000000087500000| Untracked 
| 118|0x0000000087600000, 0x0000000087700000, 0x0000000087700000|100%| O|  |TAMS 0x0000000087700000, 0x0000000087600000| Untracked 
| 119|0x0000000087700000, 0x0000000087800000, 0x0000000087800000|100%| O|  |TAMS 0x0000000087800000, 0x0000000087700000| Complete 
| 120|0x0000000087800000, 0x0000000087900000, 0x0000000087900000|100%| O|  |TAMS 0x0000000087900000, 0x0000000087800000| Complete 
| 121|0x0000000087900000, 0x0000000087a00000, 0x0000000087a00000|100%| O|  |TAMS 0x0000000087a00000, 0x0000000087900000| Untracked 
| 122|0x0000000087a00000, 0x0000000087b00000, 0x0000000087b00000|100%| O|  |TAMS 0x0000000087b00000, 0x0000000087a00000| Complete 
| 123|0x0000000087b00000, 0x0000000087c00000, 0x0000000087c00000|100%|HS|  |TAMS 0x0000000087c00000, 0x0000000087b00000| Complete 
| 124|0x0000000087c00000, 0x0000000087d00000, 0x0000000087d00000|100%|HC|  |TAMS 0x0000000087d00000, 0x0000000087c00000| Complete 
| 125|0x0000000087d00000, 0x0000000087d00000, 0x0000000087e00000|  0%| F|  |TAMS 0x0000000087d00000, 0x0000000087d00000| Untracked 
| 126|0x0000000087e00000, 0x0000000087f00000, 0x0000000087f00000|100%| O|  |TAMS 0x0000000087f00000, 0x0000000087e00000| Complete 
| 127|0x0000000087f00000, 0x0000000088000000, 0x0000000088000000|100%|HS|  |TAMS 0x0000000088000000, 0x0000000087f00000| Complete 
| 128|0x0000000088000000, 0x0000000088100000, 0x0000000088100000|100%|HC|  |TAMS 0x0000000088100000, 0x0000000088000000| Complete 
| 129|0x0000000088100000, 0x0000000088200000, 0x0000000088200000|100%| O|  |TAMS 0x0000000088200000, 0x0000000088100000| Complete 
| 130|0x0000000088200000, 0x0000000088300000, 0x0000000088300000|100%| O|  |TAMS 0x0000000088300000, 0x0000000088200000| Complete 
| 131|0x0000000088300000, 0x0000000088400000, 0x0000000088400000|100%|HS|  |TAMS 0x0000000088400000, 0x0000000088300000| Complete 
| 132|0x0000000088400000, 0x0000000088500000, 0x0000000088500000|100%|HC|  |TAMS 0x0000000088500000, 0x0000000088400000| Complete 
| 133|0x0000000088500000, 0x0000000088600000, 0x0000000088600000|100%|HS|  |TAMS 0x0000000088600000, 0x0000000088500000| Complete 
| 134|0x0000000088600000, 0x0000000088700000, 0x0000000088700000|100%|HC|  |TAMS 0x0000000088700000, 0x0000000088600000| Complete 
| 135|0x0000000088700000, 0x0000000088700000, 0x0000000088800000|  0%| F|  |TAMS 0x0000000088700000, 0x0000000088700000| Untracked 
| 136|0x0000000088800000, 0x0000000088900000, 0x0000000088900000|100%| O|  |TAMS 0x0000000088900000, 0x0000000088800000| Complete 
| 137|0x0000000088900000, 0x0000000088a00000, 0x0000000088a00000|100%| O|  |TAMS 0x0000000088a00000, 0x0000000088900000| Complete 
| 138|0x0000000088a00000, 0x0000000088a00000, 0x0000000088b00000|  0%| F|  |TAMS 0x0000000088a00000, 0x0000000088a00000| Untracked 
| 139|0x0000000088b00000, 0x0000000088b00000, 0x0000000088c00000|  0%| F|  |TAMS 0x0000000088b00000, 0x0000000088b00000| Untracked 
| 140|0x0000000088c00000, 0x0000000088c00000, 0x0000000088d00000|  0%| F|  |TAMS 0x0000000088c00000, 0x0000000088c00000| Untracked 
| 141|0x0000000088d00000, 0x0000000088d00000, 0x0000000088e00000|  0%| F|  |TAMS 0x0000000088d00000, 0x0000000088d00000| Untracked 
| 142|0x0000000088e00000, 0x0000000088e00000, 0x0000000088f00000|  0%| F|  |TAMS 0x0000000088e00000, 0x0000000088e00000| Untracked 
| 143|0x0000000088f00000, 0x0000000088f00000, 0x0000000089000000|  0%| F|  |TAMS 0x0000000088f00000, 0x0000000088f00000| Untracked 
| 144|0x0000000089000000, 0x0000000089000000, 0x0000000089100000|  0%| F|  |TAMS 0x0000000089000000, 0x0000000089000000| Untracked 
| 145|0x0000000089100000, 0x0000000089100000, 0x0000000089200000|  0%| F|  |TAMS 0x0000000089100000, 0x0000000089100000| Untracked 
| 146|0x0000000089200000, 0x0000000089200000, 0x0000000089300000|  0%| F|  |TAMS 0x0000000089200000, 0x0000000089200000| Untracked 
| 147|0x0000000089300000, 0x0000000089300000, 0x0000000089400000|  0%| F|  |TAMS 0x0000000089300000, 0x0000000089300000| Untracked 
| 148|0x0000000089400000, 0x0000000089400000, 0x0000000089500000|  0%| F|  |TAMS 0x0000000089400000, 0x0000000089400000| Untracked 
| 149|0x0000000089500000, 0x0000000089500000, 0x0000000089600000|  0%| F|  |TAMS 0x0000000089500000, 0x0000000089500000| Untracked 
| 150|0x0000000089600000, 0x0000000089600000, 0x0000000089700000|  0%| F|  |TAMS 0x0000000089600000, 0x0000000089600000| Untracked 
| 151|0x0000000089700000, 0x0000000089700000, 0x0000000089800000|  0%| F|  |TAMS 0x0000000089700000, 0x0000000089700000| Untracked 
| 152|0x0000000089800000, 0x0000000089800000, 0x0000000089900000|  0%| F|  |TAMS 0x0000000089800000, 0x0000000089800000| Untracked 
| 153|0x0000000089900000, 0x0000000089900000, 0x0000000089a00000|  0%| F|  |TAMS 0x0000000089900000, 0x0000000089900000| Untracked 
| 154|0x0000000089a00000, 0x0000000089a00000, 0x0000000089b00000|  0%| F|  |TAMS 0x0000000089a00000, 0x0000000089a00000| Untracked 
| 155|0x0000000089b00000, 0x0000000089b00000, 0x0000000089c00000|  0%| F|  |TAMS 0x0000000089b00000, 0x0000000089b00000| Untracked 
| 156|0x0000000089c00000, 0x0000000089c00000, 0x0000000089d00000|  0%| F|  |TAMS 0x0000000089c00000, 0x0000000089c00000| Untracked 
| 157|0x0000000089d00000, 0x0000000089d00000, 0x0000000089e00000|  0%| F|  |TAMS 0x0000000089d00000, 0x0000000089d00000| Untracked 
| 158|0x0000000089e00000, 0x0000000089e00000, 0x0000000089f00000|  0%| F|  |TAMS 0x0000000089e00000, 0x0000000089e00000| Untracked 
| 159|0x0000000089f00000, 0x0000000089f00000, 0x000000008a000000|  0%| F|  |TAMS 0x0000000089f00000, 0x0000000089f00000| Untracked 
| 160|0x000000008a000000, 0x000000008a000000, 0x000000008a100000|  0%| F|  |TAMS 0x000000008a000000, 0x000000008a000000| Untracked 
| 161|0x000000008a100000, 0x000000008a100000, 0x000000008a200000|  0%| F|  |TAMS 0x000000008a100000, 0x000000008a100000| Untracked 
| 162|0x000000008a200000, 0x000000008a200000, 0x000000008a300000|  0%| F|  |TAMS 0x000000008a200000, 0x000000008a200000| Untracked 
| 163|0x000000008a300000, 0x000000008a300000, 0x000000008a400000|  0%| F|  |TAMS 0x000000008a300000, 0x000000008a300000| Untracked 
| 164|0x000000008a400000, 0x000000008a400000, 0x000000008a500000|  0%| F|  |TAMS 0x000000008a400000, 0x000000008a400000| Untracked 
| 165|0x000000008a500000, 0x000000008a500000, 0x000000008a600000|  0%| F|  |TAMS 0x000000008a500000, 0x000000008a500000| Untracked 
| 166|0x000000008a600000, 0x000000008a600000, 0x000000008a700000|  0%| F|  |TAMS 0x000000008a600000, 0x000000008a600000| Untracked 
| 167|0x000000008a700000, 0x000000008a700000, 0x000000008a800000|  0%| F|  |TAMS 0x000000008a700000, 0x000000008a700000| Untracked 
| 168|0x000000008a800000, 0x000000008a800000, 0x000000008a900000|  0%| F|  |TAMS 0x000000008a800000, 0x000000008a800000| Untracked 
| 169|0x000000008a900000, 0x000000008a900000, 0x000000008aa00000|  0%| F|  |TAMS 0x000000008a900000, 0x000000008a900000| Untracked 
| 170|0x000000008aa00000, 0x000000008aa00000, 0x000000008ab00000|  0%| F|  |TAMS 0x000000008aa00000, 0x000000008aa00000| Untracked 
| 171|0x000000008ab00000, 0x000000008ab00000, 0x000000008ac00000|  0%| F|  |TAMS 0x000000008ab00000, 0x000000008ab00000| Untracked 
| 172|0x000000008ac00000, 0x000000008ac00000, 0x000000008ad00000|  0%| F|  |TAMS 0x000000008ac00000, 0x000000008ac00000| Untracked 
| 173|0x000000008ad00000, 0x000000008ad00000, 0x000000008ae00000|  0%| F|  |TAMS 0x000000008ad00000, 0x000000008ad00000| Untracked 
| 174|0x000000008ae00000, 0x000000008ae00000, 0x000000008af00000|  0%| F|  |TAMS 0x000000008ae00000, 0x000000008ae00000| Untracked 
| 175|0x000000008af00000, 0x000000008af00000, 0x000000008b000000|  0%| F|  |TAMS 0x000000008af00000, 0x000000008af00000| Untracked 
| 176|0x000000008b000000, 0x000000008b000000, 0x000000008b100000|  0%| F|  |TAMS 0x000000008b000000, 0x000000008b000000| Untracked 
| 177|0x000000008b100000, 0x000000008b100000, 0x000000008b200000|  0%| F|  |TAMS 0x000000008b100000, 0x000000008b100000| Untracked 
| 178|0x000000008b200000, 0x000000008b200000, 0x000000008b300000|  0%| F|  |TAMS 0x000000008b200000, 0x000000008b200000| Untracked 
| 179|0x000000008b300000, 0x000000008b300000, 0x000000008b400000|  0%| F|  |TAMS 0x000000008b300000, 0x000000008b300000| Untracked 
| 180|0x000000008b400000, 0x000000008b400000, 0x000000008b500000|  0%| F|  |TAMS 0x000000008b400000, 0x000000008b400000| Untracked 
| 181|0x000000008b500000, 0x000000008b500000, 0x000000008b600000|  0%| F|  |TAMS 0x000000008b500000, 0x000000008b500000| Untracked 
| 182|0x000000008b600000, 0x000000008b600000, 0x000000008b700000|  0%| F|  |TAMS 0x000000008b600000, 0x000000008b600000| Untracked 
| 183|0x000000008b700000, 0x000000008b700000, 0x000000008b800000|  0%| F|  |TAMS 0x000000008b700000, 0x000000008b700000| Untracked 
| 184|0x000000008b800000, 0x000000008b800000, 0x000000008b900000|  0%| F|  |TAMS 0x000000008b800000, 0x000000008b800000| Untracked 
| 185|0x000000008b900000, 0x000000008b900000, 0x000000008ba00000|  0%| F|  |TAMS 0x000000008b900000, 0x000000008b900000| Untracked 
| 186|0x000000008ba00000, 0x000000008ba00000, 0x000000008bb00000|  0%| F|  |TAMS 0x000000008ba00000, 0x000000008ba00000| Untracked 
| 187|0x000000008bb00000, 0x000000008bb00000, 0x000000008bc00000|  0%| F|  |TAMS 0x000000008bb00000, 0x000000008bb00000| Untracked 
| 188|0x000000008bc00000, 0x000000008bc00000, 0x000000008bd00000|  0%| F|  |TAMS 0x000000008bc00000, 0x000000008bc00000| Untracked 
| 189|0x000000008bd00000, 0x000000008bd00000, 0x000000008be00000|  0%| F|  |TAMS 0x000000008bd00000, 0x000000008bd00000| Untracked 
| 190|0x000000008be00000, 0x000000008be00000, 0x000000008bf00000|  0%| F|  |TAMS 0x000000008be00000, 0x000000008be00000| Untracked 
| 191|0x000000008bf00000, 0x000000008bf00000, 0x000000008c000000|  0%| F|  |TAMS 0x000000008bf00000, 0x000000008bf00000| Untracked 
| 192|0x000000008c000000, 0x000000008c000000, 0x000000008c100000|  0%| F|  |TAMS 0x000000008c000000, 0x000000008c000000| Untracked 
| 193|0x000000008c100000, 0x000000008c100000, 0x000000008c200000|  0%| F|  |TAMS 0x000000008c100000, 0x000000008c100000| Untracked 
| 194|0x000000008c200000, 0x000000008c200000, 0x000000008c300000|  0%| F|  |TAMS 0x000000008c200000, 0x000000008c200000| Untracked 
| 195|0x000000008c300000, 0x000000008c300000, 0x000000008c400000|  0%| F|  |TAMS 0x000000008c300000, 0x000000008c300000| Untracked 
| 196|0x000000008c400000, 0x000000008c400000, 0x000000008c500000|  0%| F|  |TAMS 0x000000008c400000, 0x000000008c400000| Untracked 
| 197|0x000000008c500000, 0x000000008c5abfb8, 0x000000008c600000| 67%| E|  |TAMS 0x000000008c500000, 0x000000008c500000| Complete 
| 198|0x000000008c600000, 0x000000008c700000, 0x000000008c700000|100%| E|CS|TAMS 0x000000008c600000, 0x000000008c600000| Complete 
| 199|0x000000008c700000, 0x000000008c713040, 0x000000008c800000|  7%| S|CS|TAMS 0x000000008c700000, 0x000000008c700000| Complete 
| 200|0x000000008c800000, 0x000000008c900000, 0x000000008c900000|100%| S|CS|TAMS 0x000000008c800000, 0x000000008c800000| Complete 
| 201|0x000000008c900000, 0x000000008ca00000, 0x000000008ca00000|100%| S|CS|TAMS 0x000000008c900000, 0x000000008c900000| Complete 
| 202|0x000000008ca00000, 0x000000008cb00000, 0x000000008cb00000|100%| S|CS|TAMS 0x000000008ca00000, 0x000000008ca00000| Complete 
| 203|0x000000008cb00000, 0x000000008cc00000, 0x000000008cc00000|100%| S|CS|TAMS 0x000000008cb00000, 0x000000008cb00000| Complete 
| 204|0x000000008cc00000, 0x000000008cd00000, 0x000000008cd00000|100%| S|CS|TAMS 0x000000008cc00000, 0x000000008cc00000| Complete 
| 205|0x000000008cd00000, 0x000000008ce00000, 0x000000008ce00000|100%| S|CS|TAMS 0x000000008cd00000, 0x000000008cd00000| Complete 
| 206|0x000000008ce00000, 0x000000008cf00000, 0x000000008cf00000|100%| S|CS|TAMS 0x000000008ce00000, 0x000000008ce00000| Complete 
| 207|0x000000008cf00000, 0x000000008d000000, 0x000000008d000000|100%| E|CS|TAMS 0x000000008cf00000, 0x000000008cf00000| Complete 
| 208|0x000000008d000000, 0x000000008d100000, 0x000000008d100000|100%| E|CS|TAMS 0x000000008d000000, 0x000000008d000000| Complete 
| 209|0x000000008d100000, 0x000000008d200000, 0x000000008d200000|100%| E|CS|TAMS 0x000000008d100000, 0x000000008d100000| Complete 
| 210|0x000000008d200000, 0x000000008d300000, 0x000000008d300000|100%| E|CS|TAMS 0x000000008d200000, 0x000000008d200000| Complete 
| 211|0x000000008d300000, 0x000000008d400000, 0x000000008d400000|100%| E|CS|TAMS 0x000000008d300000, 0x000000008d300000| Complete 
| 212|0x000000008d400000, 0x000000008d500000, 0x000000008d500000|100%| E|CS|TAMS 0x000000008d400000, 0x000000008d400000| Complete 
| 213|0x000000008d500000, 0x000000008d600000, 0x000000008d600000|100%| E|CS|TAMS 0x000000008d500000, 0x000000008d500000| Complete 
| 214|0x000000008d600000, 0x000000008d700000, 0x000000008d700000|100%| E|CS|TAMS 0x000000008d600000, 0x000000008d600000| Complete 
| 215|0x000000008d700000, 0x000000008d800000, 0x000000008d800000|100%| E|CS|TAMS 0x000000008d700000, 0x000000008d700000| Complete 
| 216|0x000000008d800000, 0x000000008d900000, 0x000000008d900000|100%| E|CS|TAMS 0x000000008d800000, 0x000000008d800000| Complete 
| 217|0x000000008d900000, 0x000000008da00000, 0x000000008da00000|100%| E|CS|TAMS 0x000000008d900000, 0x000000008d900000| Complete 
| 218|0x000000008da00000, 0x000000008db00000, 0x000000008db00000|100%| E|CS|TAMS 0x000000008da00000, 0x000000008da00000| Complete 
| 219|0x000000008db00000, 0x000000008dc00000, 0x000000008dc00000|100%| E|CS|TAMS 0x000000008db00000, 0x000000008db00000| Complete 
| 220|0x000000008dc00000, 0x000000008dd00000, 0x000000008dd00000|100%| E|CS|TAMS 0x000000008dc00000, 0x000000008dc00000| Complete 
| 221|0x000000008dd00000, 0x000000008de00000, 0x000000008de00000|100%| E|CS|TAMS 0x000000008dd00000, 0x000000008dd00000| Complete 
| 222|0x000000008de00000, 0x000000008df00000, 0x000000008df00000|100%| E|CS|TAMS 0x000000008de00000, 0x000000008de00000| Complete 
| 223|0x000000008df00000, 0x000000008e000000, 0x000000008e000000|100%| E|CS|TAMS 0x000000008df00000, 0x000000008df00000| Complete 
| 224|0x000000008e000000, 0x000000008e100000, 0x000000008e100000|100%| E|CS|TAMS 0x000000008e000000, 0x000000008e000000| Complete 
| 225|0x000000008e100000, 0x000000008e200000, 0x000000008e200000|100%| E|CS|TAMS 0x000000008e100000, 0x000000008e100000| Complete 
| 226|0x000000008e200000, 0x000000008e300000, 0x000000008e300000|100%| E|CS|TAMS 0x000000008e200000, 0x000000008e200000| Complete 
| 227|0x000000008e300000, 0x000000008e400000, 0x000000008e400000|100%| E|CS|TAMS 0x000000008e300000, 0x000000008e300000| Complete 
| 228|0x000000008e400000, 0x000000008e500000, 0x000000008e500000|100%| E|CS|TAMS 0x000000008e400000, 0x000000008e400000| Complete 
| 229|0x000000008e500000, 0x000000008e600000, 0x000000008e600000|100%| E|CS|TAMS 0x000000008e500000, 0x000000008e500000| Complete 
| 230|0x000000008e600000, 0x000000008e700000, 0x000000008e700000|100%| E|CS|TAMS 0x000000008e600000, 0x000000008e600000| Complete 
| 231|0x000000008e700000, 0x000000008e800000, 0x000000008e800000|100%| E|CS|TAMS 0x000000008e700000, 0x000000008e700000| Complete 
| 232|0x000000008e800000, 0x000000008e900000, 0x000000008e900000|100%| E|CS|TAMS 0x000000008e800000, 0x000000008e800000| Complete 
| 233|0x000000008e900000, 0x000000008ea00000, 0x000000008ea00000|100%| E|CS|TAMS 0x000000008e900000, 0x000000008e900000| Complete 
| 253|0x000000008fd00000, 0x000000008fe00000, 0x000000008fe00000|100%| E|CS|TAMS 0x000000008fd00000, 0x000000008fd00000| Complete 

Card table byte_map: [0x000002c39a550000,0x000002c39a950000] _byte_map_base: 0x000002c39a150000

Marking Bits (Prev, Next): (CMBitMap*) 0x000002c380acaf40, (CMBitMap*) 0x000002c380acaf00
 Prev Bits: [0x000002c39cd50000, 0x000002c39ed50000)
 Next Bits: [0x000002c39ad50000, 0x000002c39cd50000)

Polling page: 0x000002c380b60000

Metaspace:

Usage:
  Non-class:     96.00 MB capacity,    95.06 MB (>99%) used,   802.17 KB ( <1%) free+waste,   162.31 KB ( <1%) overhead. 
      Class:     14.70 MB capacity,    14.30 MB ( 97%) used,   343.60 KB (  2%) free+waste,    64.06 KB ( <1%) overhead. 
       Both:    110.70 MB capacity,   109.36 MB ( 99%) used,     1.12 MB (  1%) free+waste,   226.38 KB ( <1%) overhead. 

Virtual space:
  Non-class space:       98.00 MB reserved,      96.08 MB ( 98%) committed 
      Class space:        1.00 GB reserved,      14.75 MB (  1%) committed 
             Both:        1.10 GB reserved,     110.83 MB ( 10%) committed 

Chunk freelists:
   Non-Class:  78.00 KB
       Class:  53.00 KB
        Both:  131.00 KB

MaxMetaspaceSize: 17179869184.00 GB
CompressedClassSpaceSize: 1.00 GB

CodeHeap 'non-profiled nmethods': size=120000Kb used=9080Kb max_used=9710Kb free=110920Kb
 bounds [0x000002c391f80000, 0x000002c392900000, 0x000002c3994b0000]
CodeHeap 'profiled nmethods': size=120000Kb used=29616Kb max_used=31024Kb free=90383Kb
 bounds [0x000002c38aa50000, 0x000002c38c8c0000, 0x000002c391f80000]
CodeHeap 'non-nmethods': size=5760Kb used=2457Kb max_used=2528Kb free=3302Kb
 bounds [0x000002c38a4b0000, 0x000002c38a750000, 0x000002c38aa50000]
 total_blobs=17288 nmethods=16334 adapters=864
 compilation: enabled
              stopped_count=0, restarted_count=0
 full_count=0

Compilation events (20 events):
Event: 59.824 Thread 0x000002c3a229b830 19905       2       org.codehaus.groovy.runtime.MetaClassHelper::convertToTypeArray (42 bytes)
Event: 59.824 Thread 0x000002c3a229b830 nmethod 19905 0x000002c38b076110 code [0x000002c38b0762e0, 0x000002c38b076708]
Event: 59.824 Thread 0x000002c3a229b830 19906       2       org.codehaus.groovy.runtime.metaclass.ClosureMetaClass::unwrap (36 bytes)
Event: 59.824 Thread 0x000002c3a229b830 nmethod 19906 0x000002c38c241910 code [0x000002c38c241ac0, 0x000002c38c241de8]
Event: 59.824 Thread 0x000002c3a229b830 19903   !   2       org.codehaus.groovy.reflection.AccessPermissionChecker::checkAccessPermission (26 bytes)
Event: 59.825 Thread 0x000002c3a229b830 nmethod 19903 0x000002c38b013210 code [0x000002c38b0133c0, 0x000002c38b013538]
Event: 59.825 Thread 0x000002c3a229b830 19904   !   2       org.codehaus.groovy.reflection.CachedMethod::invoke (84 bytes)
Event: 59.825 Thread 0x000002c3a229b830 nmethod 19904 0x000002c38b183810 code [0x000002c38b183a80, 0x000002c38b184278]
Event: 59.825 Thread 0x000002c3a229b830 19901       2       org.gradle.internal.instantiation.generator.MixInExtensibleDynamicObject::<init> (17 bytes)
Event: 59.825 Thread 0x000002c3a229b830 nmethod 19901 0x000002c38b577810 code [0x000002c38b577a00, 0x000002c38b577d98]
Event: 59.825 Thread 0x000002c3a229b830 19907   !   2       groovy.lang.MetaMethod::doMethodInvoke (22 bytes)
Event: 59.826 Thread 0x000002c3a229b830 nmethod 19907 0x000002c38b161210 code [0x000002c38b1613c0, 0x000002c38b161568]
Event: 59.826 Thread 0x000002c3a229b830 19908       2       org.gradle.internal.extensibility.ExtensionsStorage::hasExtension (11 bytes)
Event: 59.826 Thread 0x000002c3a229b830 nmethod 19908 0x000002c38b9e9990 code [0x000002c38b9e9b20, 0x000002c38b9e9c48]
Event: 59.826 Thread 0x000002c3a229b830 19910       2       org.gradle.internal.extensibility.DefaultConvention::add (11 bytes)
Event: 59.826 Thread 0x000002c3a229b830 nmethod 19910 0x000002c38ba2d710 code [0x000002c38ba2d8a0, 0x000002c38ba2d9c8]
Event: 59.826 Thread 0x000002c3a229b830 19909       1       groovy.lang.Reference::get (5 bytes)
Event: 59.826 Thread 0x000002c3a229b830 nmethod 19909 0x000002c3921af590 code [0x000002c3921af720, 0x000002c3921af7d8]
Event: 59.826 Thread 0x000002c3a229b830 19911       2       org.gradle.api.internal.plugins.DefaultPluginRegistry$PluginIdLookupCacheKey::equals (63 bytes)
Event: 59.826 Thread 0x000002c3a229b830 nmethod 19911 0x000002c38be0ac10 code [0x000002c38be0adc0, 0x000002c38be0b018]

GC Heap History (20 events):
Event: 50.984 GC heap before
{Heap before GC invocations=47 (full 0):
 garbage-first heap   total 224256K, used 176128K [0x0000000080000000, 0x0000000100000000)
  region size 1024K, 55 young (56320K), 8 survivors (8192K)
 Metaspace       used 90747K, capacity 92071K, committed 92240K, reserved 1130496K
  class space    used 11359K, capacity 11721K, committed 11776K, reserved 1048576K
}
Event: 50.990 GC heap after
{Heap after GC invocations=48 (full 0):
 garbage-first heap   total 224256K, used 131184K [0x0000000080000000, 0x0000000100000000)
  region size 1024K, 4 young (4096K), 4 survivors (4096K)
 Metaspace       used 90747K, capacity 92071K, committed 92240K, reserved 1130496K
  class space    used 11359K, capacity 11721K, committed 11776K, reserved 1048576K
}
Event: 51.009 GC heap before
{Heap before GC invocations=48 (full 0):
 garbage-first heap   total 224256K, used 136304K [0x0000000080000000, 0x0000000100000000)
  region size 1024K, 10 young (10240K), 4 survivors (4096K)
 Metaspace       used 90789K, capacity 92071K, committed 92240K, reserved 1130496K
  class space    used 11359K, capacity 11721K, committed 11776K, reserved 1048576K
}
Event: 51.019 GC heap after
{Heap after GC invocations=49 (full 0):
 garbage-first heap   total 224256K, used 120075K [0x0000000080000000, 0x0000000100000000)
  region size 1024K, 2 young (2048K), 2 survivors (2048K)
 Metaspace       used 90789K, capacity 92071K, committed 92240K, reserved 1130496K
  class space    used 11359K, capacity 11721K, committed 11776K, reserved 1048576K
}
Event: 51.217 GC heap before
{Heap before GC invocations=49 (full 0):
 garbage-first heap   total 224256K, used 150795K [0x0000000080000000, 0x0000000100000000)
  region size 1024K, 34 young (34816K), 2 survivors (2048K)
 Metaspace       used 91278K, capacity 92627K, committed 92880K, reserved 1130496K
  class space    used 11404K, capacity 11820K, committed 11904K, reserved 1048576K
}
Event: 51.221 GC heap after
{Heap after GC invocations=50 (full 0):
 garbage-first heap   total 224256K, used 122694K [0x0000000080000000, 0x0000000100000000)
  region size 1024K, 5 young (5120K), 5 survivors (5120K)
 Metaspace       used 91278K, capacity 92627K, committed 92880K, reserved 1130496K
  class space    used 11404K, capacity 11820K, committed 11904K, reserved 1048576K
}
Event: 51.480 GC heap before
{Heap before GC invocations=51 (full 0):
 garbage-first heap   total 224256K, used 176966K [0x0000000080000000, 0x0000000100000000)
  region size 1024K, 59 young (60416K), 5 survivors (5120K)
 Metaspace       used 95918K, capacity 97285K, committed 97488K, reserved 1134592K
  class space    used 12153K, capacity 12546K, committed 12672K, reserved 1048576K
}
Event: 51.488 GC heap after
{Heap after GC invocations=52 (full 0):
 garbage-first heap   total 224256K, used 127087K [0x0000000080000000, 0x0000000100000000)
  region size 1024K, 8 young (8192K), 8 survivors (8192K)
 Metaspace       used 95918K, capacity 97285K, committed 97488K, reserved 1134592K
  class space    used 12153K, capacity 12546K, committed 12672K, reserved 1048576K
}
Event: 51.492 GC heap before
{Heap before GC invocations=52 (full 0):
 garbage-first heap   total 224256K, used 129135K [0x0000000080000000, 0x0000000100000000)
  region size 1024K, 10 young (10240K), 8 survivors (8192K)
 Metaspace       used 96012K, capacity 97396K, committed 97488K, reserved 1134592K
  class space    used 12175K, capacity 12583K, committed 12672K, reserved 1048576K
}
Event: 51.501 GC heap after
{Heap after GC invocations=53 (full 0):
 garbage-first heap   total 224256K, used 112235K [0x0000000080000000, 0x0000000100000000)
  region size 1024K, 2 young (2048K), 2 survivors (2048K)
 Metaspace       used 96012K, capacity 97396K, committed 97488K, reserved 1134592K
  class space    used 12175K, capacity 12583K, committed 12672K, reserved 1048576K
}
Event: 51.707 GC heap before
{Heap before GC invocations=53 (full 0):
 garbage-first heap   total 224256K, used 174699K [0x0000000080000000, 0x0000000100000000)
  region size 1024K, 63 young (64512K), 2 survivors (2048K)
 Metaspace       used 102363K, capacity 103827K, committed 104144K, reserved 1140736K
  class space    used 13451K, capacity 13873K, committed 13952K, reserved 1048576K
}
Event: 51.714 GC heap after
{Heap after GC invocations=54 (full 0):
 garbage-first heap   total 224256K, used 118369K [0x0000000080000000, 0x0000000100000000)
  region size 1024K, 8 young (8192K), 8 survivors (8192K)
 Metaspace       used 102363K, capacity 103827K, committed 104144K, reserved 1140736K
  class space    used 13451K, capacity 13873K, committed 13952K, reserved 1048576K
}
Event: 51.950 GC heap before
{Heap before GC invocations=55 (full 0):
 garbage-first heap   total 240640K, used 174689K [0x0000000080000000, 0x0000000100000000)
  region size 1024K, 66 young (67584K), 8 survivors (8192K)
 Metaspace       used 104095K, capacity 105535K, committed 105936K, reserved 1140736K
  class space    used 13684K, capacity 14105K, committed 14208K, reserved 1048576K
}
Event: 51.957 GC heap after
{Heap after GC invocations=56 (full 0):
 garbage-first heap   total 240640K, used 118494K [0x0000000080000000, 0x0000000100000000)
  region size 1024K, 3 young (3072K), 3 survivors (3072K)
 Metaspace       used 104095K, capacity 105535K, committed 105936K, reserved 1140736K
  class space    used 13684K, capacity 14105K, committed 14208K, reserved 1048576K
}
Event: 52.364 GC heap before
{Heap before GC invocations=56 (full 0):
 garbage-first heap   total 240640K, used 191198K [0x0000000080000000, 0x0000000100000000)
  region size 1024K, 74 young (75776K), 3 survivors (3072K)
 Metaspace       used 104705K, capacity 106152K, committed 106448K, reserved 1142784K
  class space    used 13709K, capacity 14139K, committed 14208K, reserved 1048576K
}
Event: 52.366 GC heap after
{Heap after GC invocations=57 (full 0):
 garbage-first heap   total 240640K, used 117257K [0x0000000080000000, 0x0000000100000000)
  region size 1024K, 2 young (2048K), 2 survivors (2048K)
 Metaspace       used 104705K, capacity 106152K, committed 106448K, reserved 1142784K
  class space    used 13709K, capacity 14139K, committed 14208K, reserved 1048576K
}
Event: 53.087 GC heap before
{Heap before GC invocations=57 (full 0):
 garbage-first heap   total 240640K, used 196105K [0x0000000080000000, 0x0000000100000000)
  region size 1024K, 78 young (79872K), 2 survivors (2048K)
 Metaspace       used 109557K, capacity 111030K, committed 111184K, reserved 1146880K
  class space    used 14380K, capacity 14833K, committed 14848K, reserved 1048576K
}
Event: 53.092 GC heap after
{Heap after GC invocations=58 (full 0):
 garbage-first heap   total 240640K, used 121649K [0x0000000080000000, 0x0000000100000000)
  region size 1024K, 5 young (5120K), 5 survivors (5120K)
 Metaspace       used 109557K, capacity 111030K, committed 111184K, reserved 1146880K
  class space    used 14380K, capacity 14833K, committed 14848K, reserved 1048576K
}
Event: 53.361 GC heap before
{Heap before GC invocations=58 (full 0):
 garbage-first heap   total 240640K, used 162609K [0x0000000080000000, 0x0000000100000000)
  region size 1024K, 33 young (33792K), 5 survivors (5120K)
 Metaspace       used 111463K, capacity 112924K, committed 113232K, reserved 1146880K
  class space    used 14613K, capacity 15045K, committed 15104K, reserved 1048576K
}
Event: 53.366 GC heap after
{Heap after GC invocations=59 (full 0):
 garbage-first heap   total 240640K, used 136232K [0x0000000080000000, 0x0000000100000000)
  region size 1024K, 8 young (8192K), 8 survivors (8192K)
 Metaspace       used 111463K, capacity 112924K, committed 113232K, reserved 1146880K
  class space    used 14613K, capacity 15045K, committed 15104K, reserved 1048576K
}

Deoptimization events (20 events):
Event: 53.528 Thread 0x000002c3a99fd730 DEOPT PACKING pc=0x000002c38b3405dc sp=0x000000d2f41feed0
Event: 53.528 Thread 0x000002c3a99fd730 DEOPT UNPACKING pc=0x000002c38a4fe23f sp=0x000000d2f41fe4d0 mode 0
Event: 53.529 Thread 0x000002c3a99fbf20 DEOPT PACKING pc=0x000002c38b3405dc sp=0x000000d2f40feef0
Event: 53.529 Thread 0x000002c3a99fbf20 DEOPT UNPACKING pc=0x000002c38a4fe23f sp=0x000000d2f40fe4f0 mode 0
Event: 53.529 Thread 0x000002c3a4601570 DEOPT PACKING pc=0x000002c38b3405dc sp=0x000000d2f3ffedc0
Event: 53.529 Thread 0x000002c3a4601570 DEOPT UNPACKING pc=0x000002c38a4fe23f sp=0x000000d2f3ffe3c0 mode 0
Event: 59.684 Thread 0x000002c3a4600bd0 Uncommon trap: trap_request=0xffffffc6 fr.pc=0x000002c39205b234 relative=0x00000000000005d4
Event: 59.684 Thread 0x000002c3a4600bd0 Uncommon trap: reason=bimorphic_or_optimized_type_check action=maybe_recompile pc=0x000002c39205b234 method=com.google.common.collect.ImmutableSet.copyOf(Ljava/util/Collection;)Lcom/google/common/collect/ImmutableSet; @ 29 c2
Event: 59.684 Thread 0x000002c3a4600bd0 DEOPT PACKING pc=0x000002c39205b234 sp=0x000000d2f42fc040
Event: 59.684 Thread 0x000002c3a4600bd0 DEOPT UNPACKING pc=0x000002c38a4fe42f sp=0x000000d2f42fc018 mode 2
Event: 59.684 Thread 0x000002c3a4600bd0 Uncommon trap: trap_request=0xffffffc6 fr.pc=0x000002c39205b234 relative=0x00000000000005d4
Event: 59.684 Thread 0x000002c3a4600bd0 Uncommon trap: reason=bimorphic_or_optimized_type_check action=maybe_recompile pc=0x000002c39205b234 method=com.google.common.collect.ImmutableSet.copyOf(Ljava/util/Collection;)Lcom/google/common/collect/ImmutableSet; @ 29 c2
Event: 59.684 Thread 0x000002c3a4600bd0 DEOPT PACKING pc=0x000002c39205b234 sp=0x000000d2f42fc040
Event: 59.684 Thread 0x000002c3a4600bd0 DEOPT UNPACKING pc=0x000002c38a4fe42f sp=0x000000d2f42fc018 mode 2
Event: 59.704 Thread 0x000002c3a4600bd0 DEOPT PACKING pc=0x000002c38bf91019 sp=0x000000d2f42fb520
Event: 59.704 Thread 0x000002c3a4600bd0 DEOPT UNPACKING pc=0x000002c38a4fe23f sp=0x000000d2f42faa10 mode 0
Event: 59.771 Thread 0x000002c3a4600bd0 Uncommon trap: trap_request=0xffffffc6 fr.pc=0x000002c39205b234 relative=0x00000000000005d4
Event: 59.771 Thread 0x000002c3a4600bd0 Uncommon trap: reason=bimorphic_or_optimized_type_check action=maybe_recompile pc=0x000002c39205b234 method=com.google.common.collect.ImmutableSet.copyOf(Ljava/util/Collection;)Lcom/google/common/collect/ImmutableSet; @ 29 c2
Event: 59.771 Thread 0x000002c3a4600bd0 DEOPT PACKING pc=0x000002c39205b234 sp=0x000000d2f42fa1c0
Event: 59.771 Thread 0x000002c3a4600bd0 DEOPT UNPACKING pc=0x000002c38a4fe42f sp=0x000000d2f42fa198 mode 2

Classes unloaded (20 events):
Event: 53.452 Thread 0x000002c3a1a746b0 Unloading class 0x0000000801772040 'java/lang/invoke/LambdaForm$DMH+0x0000000801772040'
Event: 53.452 Thread 0x000002c3a1a746b0 Unloading class 0x0000000801772c40 'java/lang/invoke/LambdaForm$DMH+0x0000000801772c40'
Event: 53.452 Thread 0x000002c3a1a746b0 Unloading class 0x0000000801773440 'java/lang/invoke/LambdaForm$DMH+0x0000000801773440'
Event: 53.452 Thread 0x000002c3a1a746b0 Unloading class 0x0000000801773040 'java/lang/invoke/LambdaForm$DMH+0x0000000801773040'
Event: 53.452 Thread 0x000002c3a1a746b0 Unloading class 0x0000000801773c40 'java/lang/invoke/LambdaForm$DMH+0x0000000801773c40'
Event: 53.452 Thread 0x000002c3a1a746b0 Unloading class 0x0000000801773840 'java/lang/invoke/LambdaForm$DMH+0x0000000801773840'
Event: 53.452 Thread 0x000002c3a1a746b0 Unloading class 0x0000000801774440 'java/lang/invoke/LambdaForm$DMH+0x0000000801774440'
Event: 53.452 Thread 0x000002c3a1a746b0 Unloading class 0x0000000801774040 'java/lang/invoke/LambdaForm$DMH+0x0000000801774040'
Event: 53.452 Thread 0x000002c3a1a746b0 Unloading class 0x0000000801774c40 'java/lang/invoke/LambdaForm$DMH+0x0000000801774c40'
Event: 53.452 Thread 0x000002c3a1a746b0 Unloading class 0x0000000801774840 'java/lang/invoke/LambdaForm$DMH+0x0000000801774840'
Event: 53.452 Thread 0x000002c3a1a746b0 Unloading class 0x0000000801775440 'java/lang/invoke/LambdaForm$DMH+0x0000000801775440'
Event: 53.452 Thread 0x000002c3a1a746b0 Unloading class 0x0000000801775040 'java/lang/invoke/LambdaForm$DMH+0x0000000801775040'
Event: 53.452 Thread 0x000002c3a1a746b0 Unloading class 0x0000000801775840 'java/lang/invoke/LambdaForm$DMH+0x0000000801775840'
Event: 53.452 Thread 0x000002c3a1a746b0 Unloading class 0x0000000801775c40 'java/lang/invoke/LambdaForm$DMH+0x0000000801775c40'
Event: 53.452 Thread 0x000002c3a1a746b0 Unloading class 0x0000000801776440 'java/lang/invoke/LambdaForm$DMH+0x0000000801776440'
Event: 53.452 Thread 0x000002c3a1a746b0 Unloading class 0x0000000801776040 'java/lang/invoke/LambdaForm$DMH+0x0000000801776040'
Event: 53.452 Thread 0x000002c3a1a746b0 Unloading class 0x0000000801776840 'java/lang/invoke/LambdaForm$DMH+0x0000000801776840'
Event: 53.452 Thread 0x000002c3a1a746b0 Unloading class 0x0000000801777440 'java/lang/invoke/LambdaForm$DMH+0x0000000801777440'
Event: 53.452 Thread 0x000002c3a1a746b0 Unloading class 0x0000000801777c40 'java/lang/invoke/LambdaForm$DMH+0x0000000801777c40'
Event: 53.452 Thread 0x000002c3a1a746b0 Unloading class 0x0000000801777040 'java/lang/invoke/LambdaForm$DMH+0x0000000801777040'

Classes redefined (0 events):
No events

Internal exceptions (20 events):
Event: 52.621 Thread 0x000002c3a94e2260 Exception <a 'java/lang/NoSuchMethodError'{0x000000008d473718}: 'long java.lang.invoke.DirectMethodHandle$Holder.invokeStatic(java.lang.Object, java.lang.Object, java.lang.Object)'> (0x000000008d473718) 
thrown [./open/src/hotspot/share/interpreter/linkResolver.cpp, line 782]
Event: 52.626 Thread 0x000002c3a94e2260 Exception <a 'sun/nio/fs/WindowsException'{0x000000008d259ef8}> (0x000000008d259ef8) 
thrown [./open/src/hotspot/share/prims/jni.cpp, line 578]
Event: 52.626 Thread 0x000002c3a94e3f40 Exception <a 'sun/nio/fs/WindowsException'{0x000000008d3ce508}> (0x000000008d3ce508) 
thrown [./open/src/hotspot/share/prims/jni.cpp, line 578]
Event: 52.626 Thread 0x000002c3a94de8a0 Exception <a 'sun/nio/fs/WindowsException'{0x000000008d2421a8}> (0x000000008d2421a8) 
thrown [./open/src/hotspot/share/prims/jni.cpp, line 578]
Event: 52.627 Thread 0x000002c3a94df240 Exception <a 'sun/nio/fs/WindowsException'{0x000000008d04e1c0}> (0x000000008d04e1c0) 
thrown [./open/src/hotspot/share/prims/jni.cpp, line 578]
Event: 52.633 Thread 0x000002c3a94e0f20 Exception <a 'sun/nio/fs/WindowsException'{0x000000008ce84618}> (0x000000008ce84618) 
thrown [./open/src/hotspot/share/prims/jni.cpp, line 578]
Event: 52.639 Thread 0x000002c3a94e2730 Exception <a 'sun/nio/fs/WindowsException'{0x000000008cb57688}> (0x000000008cb57688) 
thrown [./open/src/hotspot/share/prims/jni.cpp, line 578]
Event: 52.650 Thread 0x000002c3a94e0580 Exception <a 'sun/nio/fs/WindowsException'{0x000000008c60abc8}> (0x000000008c60abc8) 
thrown [./open/src/hotspot/share/prims/jni.cpp, line 578]
Event: 52.804 Thread 0x000002c3a94e30d0 Exception <a 'sun/nio/fs/WindowsException'{0x000000008b8c9620}> (0x000000008b8c9620) 
thrown [./open/src/hotspot/share/prims/jni.cpp, line 578]
Event: 53.129 Thread 0x000002c3a6d16d60 Exception <a 'java/lang/NoSuchMethodError'{0x000000008e65c458}: static Lcom/android/build/api/variant/impl/VariantOutputImpl$SerializedForm;.<clinit>()V> (0x000000008e65c458) 
thrown [./open/src/hotspot/share/prims/jni.cpp, line 1204]
Event: 53.130 Thread 0x000002c3a6d16d60 Exception <a 'java/lang/NoSuchMethodError'{0x000000008e66e8f0}: static Lcom/android/build/api/variant/impl/VariantOutputConfigurationImpl;.<clinit>()V> (0x000000008e66e8f0) 
thrown [./open/src/hotspot/share/prims/jni.cpp, line 1204]
Event: 53.159 Thread 0x000002c3a94e3a70 Exception <a 'sun/nio/fs/WindowsException'{0x000000008e23b348}> (0x000000008e23b348) 
thrown [./open/src/hotspot/share/prims/jni.cpp, line 578]
Event: 53.203 Thread 0x000002c3a94e3a70 Exception <a 'java/lang/NoSuchMethodError'{0x000000008de4c2d8}: 'java.lang.Object java.lang.invoke.DirectMethodHandle$Holder.newInvokeSpecial(java.lang.Object, java.lang.Object, java.lang.Object, java.lang.Object, java.lang.Object, int, java.lang.Object)'> (0x000000008de4c2d8) 
thrown [./open/src/hotspot/share/interpreter/linkResolver.cpp, line 782]
Event: 53.203 Thread 0x000002c3a94e3a70 Exception <a 'java/lang/NoSuchMethodError'{0x000000008de512f8}: 'java.lang.Object java.lang.invoke.DirectMethodHandle$Holder.invokeSpecial(java.lang.Object, java.lang.Object, java.lang.Object, java.lang.Object, java.lang.Object, java.lang.Object, int, java.lang.Object)'> (0x000000008de512f8) 
thrown [./open/src/hotspot/share/interpreter/linkResolver.cpp, line 782]
Event: 53.203 Thread 0x000002c3a94e3a70 Exception <a 'java/lang/NoSuchMethodError'{0x000000008de55b20}: 'java.lang.Object java.lang.invoke.Invokers$Holder.linkToTargetMethod(java.lang.Object, java.lang.Object, java.lang.Object, java.lang.Object, int, java.lang.Object, java.lang.Object)'> (0x000000008de55b20) 
thrown [./open/src/hotspot/share/interpreter/linkResolver.cpp, line 782]
Event: 53.325 Thread 0x000002c3a94e3a70 Exception <a 'java/lang/NoSuchMethodError'{0x000000008d059200}: 'java.lang.Object java.lang.invoke.Invokers$Holder.invoke_MT(java.lang.Object, java.lang.Object, java.lang.Object)'> (0x000000008d059200) 
thrown [./open/src/hotspot/share/interpreter/linkResolver.cpp, line 782]
Event: 53.473 Thread 0x000002c3a4600bd0 Implicit null exception at 0x000002c3925b924c to 0x000002c3925b9888
Event: 53.477 Thread 0x000002c3ac442710 Exception <a 'sun/nio/fs/WindowsException'{0x000000008e8d45c8}> (0x000000008e8d45c8) 
thrown [./open/src/hotspot/share/prims/jni.cpp, line 578]
Event: 59.793 Thread 0x000002c3a4600bd0 Exception <a 'sun/nio/fs/WindowsException'{0x000000008d30ba00}> (0x000000008d30ba00) 
thrown [./open/src/hotspot/share/prims/jni.cpp, line 578]
Event: 59.822 Thread 0x000002c3a4600bd0 Exception <a 'java/lang/NoClassDefFoundError'{0x000000008d1a1f80}: org/jetbrains/kotlin/gradle/plugin/KotlinBasePluginWrapper> (0x000000008d1a1f80) 
thrown [./open/src/hotspot/share/oops/constantPool.cpp, line 804]

Events (20 events):
Event: 59.764 Thread 0x000002c3a22a0640 flushing nmethod 0x000002c38c851c90
Event: 59.764 Thread 0x000002c3a22a0640 flushing nmethod 0x000002c38c852490
Event: 59.764 Thread 0x000002c3a22a0640 flushing nmethod 0x000002c38c852990
Event: 59.764 Thread 0x000002c3a22a0640 flushing nmethod 0x000002c38c853390
Event: 59.764 Thread 0x000002c3a22a0640 flushing nmethod 0x000002c38c853990
Event: 59.764 Thread 0x000002c3a22a0640 flushing nmethod 0x000002c38c854110
Event: 59.764 Thread 0x000002c3a22a0640 flushing nmethod 0x000002c38c854510
Event: 59.764 Thread 0x000002c3a22a0640 flushing nmethod 0x000002c38c859810
Event: 59.764 Thread 0x000002c3a22a0640 flushing nmethod 0x000002c38c86c590
Event: 59.764 Thread 0x000002c3a22a0640 flushing nmethod 0x000002c38c876310
Event: 59.764 Thread 0x000002c3a22a0640 flushing nmethod 0x000002c38c876a10
Event: 59.764 Thread 0x000002c3a22a0640 flushing nmethod 0x000002c38c883b90
Event: 59.764 Thread 0x000002c3a22a0640 flushing nmethod 0x000002c38c890910
Event: 59.764 Thread 0x000002c3a22a0640 flushing nmethod 0x000002c38c891910
Event: 59.764 Thread 0x000002c3a22a0640 flushing nmethod 0x000002c38c891e90
Event: 59.764 Thread 0x000002c3a22a0640 flushing nmethod 0x000002c38c893210
Event: 59.799 Executing VM operation: ICBufferFull
Event: 59.799 Executing VM operation: ICBufferFull done
Event: 59.799 Executing VM operation: HandshakeAllThreads
Event: 59.800 Executing VM operation: HandshakeAllThreads done


Dynamic libraries:
0x00007ff775c90000 - 0x00007ff775c9f000 	C:\Program Files\Java\jdk-15.0.2\bin\java.exe
0x00007ffe3c2c0000 - 0x00007ffe3c4c9000 	C:\WINDOWS\SYSTEM32\ntdll.dll
0x00007ffe3b630000 - 0x00007ffe3b6ed000 	C:\WINDOWS\System32\KERNEL32.DLL
0x00007ffe39ab0000 - 0x00007ffe39e24000 	C:\WINDOWS\System32\KERNELBASE.dll
0x00007ffe397b0000 - 0x00007ffe398c1000 	C:\WINDOWS\System32\ucrtbase.dll
0x00007ffe368f0000 - 0x00007ffe36909000 	C:\Program Files\Java\jdk-15.0.2\bin\VCRUNTIME140.dll
0x00007ffe368d0000 - 0x00007ffe368e8000 	C:\Program Files\Java\jdk-15.0.2\bin\jli.dll
0x00007ffe3b030000 - 0x00007ffe3b0de000 	C:\WINDOWS\System32\ADVAPI32.dll
0x00007ffe3bf50000 - 0x00007ffe3bff3000 	C:\WINDOWS\System32\msvcrt.dll
0x00007ffe3b140000 - 0x00007ffe3b1de000 	C:\WINDOWS\System32\sechost.dll
0x00007ffe3c0f0000 - 0x00007ffe3c210000 	C:\WINDOWS\System32\RPCRT4.dll
0x00007ffe3b480000 - 0x00007ffe3b62c000 	C:\WINDOWS\System32\USER32.dll
0x00007ffe3a010000 - 0x00007ffe3a036000 	C:\WINDOWS\System32\win32u.dll
0x00007ffe1a9f0000 - 0x00007ffe1ac95000 	C:\WINDOWS\WinSxS\amd64_microsoft.windows.common-controls_6595b64144ccf1df_6.0.22000.120_none_9d947278b86cc467\COMCTL32.dll
0x00007ffe3b2f0000 - 0x00007ffe3b319000 	C:\WINDOWS\System32\GDI32.dll
0x00007ffe3a040000 - 0x00007ffe3a152000 	C:\WINDOWS\System32\gdi32full.dll
0x00007ffe398d0000 - 0x00007ffe3996d000 	C:\WINDOWS\System32\msvcp_win.dll
0x00007ffe34aa0000 - 0x00007ffe34aaa000 	C:\WINDOWS\SYSTEM32\VERSION.dll
0x00007ffe3a4f0000 - 0x00007ffe3a521000 	C:\WINDOWS\System32\IMM32.DLL
0x00007ffe368c0000 - 0x00007ffe368cc000 	C:\Program Files\Java\jdk-15.0.2\bin\vcruntime140_1.dll
0x00007ffe366c0000 - 0x00007ffe36751000 	C:\Program Files\Java\jdk-15.0.2\bin\msvcp140.dll
0x00007ffdc4b10000 - 0x00007ffdc566e000 	C:\Program Files\Java\jdk-15.0.2\bin\server\jvm.dll
0x00007ffe3a160000 - 0x00007ffe3a168000 	C:\WINDOWS\System32\PSAPI.DLL
0x00007ffe2b380000 - 0x00007ffe2b3b3000 	C:\WINDOWS\SYSTEM32\WINMM.dll
0x00007ffe29d70000 - 0x00007ffe29d79000 	C:\WINDOWS\SYSTEM32\WSOCK32.dll
0x00007ffe3bba0000 - 0x00007ffe3bc0f000 	C:\WINDOWS\System32\WS2_32.dll
0x00007ffe389a0000 - 0x00007ffe389b8000 	C:\WINDOWS\SYSTEM32\kernel.appcore.dll
0x00007ffe368b0000 - 0x00007ffe368ba000 	C:\Program Files\Java\jdk-15.0.2\bin\jimage.dll
0x00007ffe281b0000 - 0x00007ffe283d1000 	C:\WINDOWS\SYSTEM32\DBGHELP.DLL
0x00007ffe25790000 - 0x00007ffe257c1000 	C:\WINDOWS\SYSTEM32\dbgcore.DLL
0x00007ffe39a30000 - 0x00007ffe39aaf000 	C:\WINDOWS\System32\bcryptPrimitives.dll
0x00007ffe36690000 - 0x00007ffe366b5000 	C:\Program Files\Java\jdk-15.0.2\bin\java.dll
0x00007ffe3a530000 - 0x00007ffe3acde000 	C:\WINDOWS\System32\SHELL32.dll
0x00007ffe37930000 - 0x00007ffe38197000 	C:\WINDOWS\SYSTEM32\windows.storage.dll
0x00007ffe3a170000 - 0x00007ffe3a4e8000 	C:\WINDOWS\System32\combase.dll
0x00007ffe377c0000 - 0x00007ffe37926000 	C:\WINDOWS\SYSTEM32\wintypes.dll
0x00007ffe3b320000 - 0x00007ffe3b40a000 	C:\WINDOWS\System32\SHCORE.dll
0x00007ffe3b200000 - 0x00007ffe3b25d000 	C:\WINDOWS\System32\shlwapi.dll
0x00007ffe396e0000 - 0x00007ffe39701000 	C:\WINDOWS\SYSTEM32\profapi.dll
0x00007ffe36890000 - 0x00007ffe368a9000 	C:\Program Files\Java\jdk-15.0.2\bin\net.dll
0x00007ffe34900000 - 0x00007ffe34a0c000 	C:\WINDOWS\SYSTEM32\WINHTTP.dll
0x00007ffe38dd0000 - 0x00007ffe38e37000 	C:\WINDOWS\system32\mswsock.dll
0x00007ffe36670000 - 0x00007ffe36682000 	C:\Program Files\Java\jdk-15.0.2\bin\nio.dll
0x00007ffe36630000 - 0x00007ffe36648000 	C:\Program Files\Java\jdk-15.0.2\bin\zip.dll
0x00007ffe36660000 - 0x00007ffe36670000 	C:\Program Files\Java\jdk-15.0.2\bin\verify.dll
0x00007ffe355a0000 - 0x00007ffe355c7000 	D:\aa\native\8bec1ad78214c89d9ad589b4d07fe93259594b29d510b10fafb7a158f7737e5d\windows-amd64\native-platform.dll
0x00007ffe24220000 - 0x00007ffe2435d000 	D:\aa\native\53dbd7edfb1c66fb8903c78663c9afc45aea4f116125fa6feffd364cf09443e8\windows-amd64\native-platform-file-events.dll
0x00007ffe36600000 - 0x00007ffe36609000 	C:\Program Files\Java\jdk-15.0.2\bin\management.dll
0x00007ffe365f0000 - 0x00007ffe365fb000 	C:\Program Files\Java\jdk-15.0.2\bin\management_ext.dll
0x00007ffe39010000 - 0x00007ffe39028000 	C:\WINDOWS\SYSTEM32\CRYPTSP.dll
0x00007ffe38900000 - 0x00007ffe38935000 	C:\WINDOWS\system32\rsaenh.dll
0x00007ffe38ec0000 - 0x00007ffe38ee9000 	C:\WINDOWS\SYSTEM32\USERENV.dll
0x00007ffe39190000 - 0x00007ffe391b7000 	C:\WINDOWS\SYSTEM32\bcrypt.dll
0x00007ffe39030000 - 0x00007ffe3903c000 	C:\WINDOWS\SYSTEM32\CRYPTBASE.dll
0x00007ffe384d0000 - 0x00007ffe384fd000 	C:\WINDOWS\SYSTEM32\IPHLPAPI.DLL
0x00007ffe3c210000 - 0x00007ffe3c219000 	C:\WINDOWS\System32\NSI.dll
0x00007ffe34740000 - 0x00007ffe34759000 	C:\WINDOWS\SYSTEM32\dhcpcsvc6.DLL
0x00007ffe34c40000 - 0x00007ffe34c5e000 	C:\WINDOWS\SYSTEM32\dhcpcsvc.DLL
0x00007ffe38500000 - 0x00007ffe385e7000 	C:\WINDOWS\SYSTEM32\DNSAPI.dll

dbghelp: loaded successfully - version: 4.0.5 - missing functions: none
symbol engine: initialized successfully - sym options: 0x614 - pdb path: .;C:\Program Files\Java\jdk-15.0.2\bin;C:\WINDOWS\SYSTEM32;C:\WINDOWS\WinSxS\amd64_microsoft.windows.common-controls_6595b64144ccf1df_6.0.22000.120_none_9d947278b86cc467;C:\Program Files\Java\jdk-15.0.2\bin\server;D:\aa\native\8bec1ad78214c89d9ad589b4d07fe93259594b29d510b10fafb7a158f7737e5d\windows-amd64;D:\aa\native\53dbd7edfb1c66fb8903c78663c9afc45aea4f116125fa6feffd364cf09443e8\windows-amd64

VM Arguments:
jvm_args: --add-opens=java.base/java.util=ALL-UNNAMED --add-opens=java.base/java.lang=ALL-UNNAMED --add-opens=java.base/java.lang.invoke=ALL-UNNAMED --add-opens=java.base/java.util=ALL-UNNAMED --add-opens=java.prefs/java.util.prefs=ALL-UNNAMED --add-opens=java.prefs/java.util.prefs=ALL-UNNAMED --add-opens=java.base/java.nio.charset=ALL-UNNAMED --add-opens=java.base/java.net=ALL-UNNAMED --add-opens=java.base/java.util.concurrent.atomic=ALL-UNNAMED -Xmx2048m -Dfile.encoding=UTF-8 -Duser.country=IN -Duser.language=en -Duser.variant 
java_command: org.gradle.launcher.daemon.bootstrap.GradleDaemon 7.0.2
java_class_path (initial): D:\aa\wrapper\dists\gradle-7.0.2-bin\857tjihv64xamwrf0h14cai3r\gradle-7.0.2\lib\gradle-launcher-7.0.2.jar
Launcher Type: SUN_STANDARD

[Global flags]
     intx CICompilerCount                          = 4                                         {product} {ergonomic}
     uint ConcGCThreads                            = 3                                         {product} {ergonomic}
     uint G1ConcRefinementThreads                  = 10                                        {product} {ergonomic}
   size_t G1HeapRegionSize                         = 1048576                                   {product} {ergonomic}
    uintx GCDrainStackTargetSize                   = 64                                        {product} {ergonomic}
   size_t InitialHeapSize                          = 266338304                                 {product} {ergonomic}
   size_t MarkStackSize                            = 4194304                                   {product} {ergonomic}
   size_t MaxHeapSize                              = 2147483648                                {product} {command line}
   size_t MaxNewSize                               = 1287651328                                {product} {ergonomic}
   size_t MinHeapDeltaBytes                        = 1048576                                   {product} {ergonomic}
   size_t MinHeapSize                              = 8388608                                   {product} {ergonomic}
    uintx NonNMethodCodeHeapSize                   = 5839372                                {pd product} {ergonomic}
    uintx NonProfiledCodeHeapSize                  = 122909434                              {pd product} {ergonomic}
    uintx ProfiledCodeHeapSize                     = 122909434                              {pd product} {ergonomic}
    uintx ReservedCodeCacheSize                    = 251658240                              {pd product} {ergonomic}
     bool SegmentedCodeCache                       = true                                      {product} {ergonomic}
   size_t SoftMaxHeapSize                          = 2147483648                             {manageable} {ergonomic}
     bool UseCompressedClassPointers               = true                                 {lp64_product} {ergonomic}
     bool UseCompressedOops                        = true                                 {lp64_product} {ergonomic}
     bool UseG1GC                                  = true                                      {product} {ergonomic}
     bool UseLargePagesIndividualAllocation        = false                                  {pd product} {ergonomic}

Logging:
Log output configuration:
 #0: stdout all=warning uptime,level,tags
 #1: stderr all=off uptime,level,tags

Environment Variables:
JAVA_HOME=C:\Program Files\Java\jdk-15.0.2
PATH=C:\MinGW;C:\MinGW\bin;C:\Program Files\Java\jdk-15.0.2\bin;C:\Program Files\Common Files\Oracle\Java\javapath;C:\Windows\system32;C:\Windows;C:\Windows\System32\Wbem;C:\Windows\System32\WindowsPowerShell\v1.0\;C:\Windows\System32\OpenSSH\;C:\Program Files (x86)\NVIDIA Corporation\PhysX\Common;C:\Program Files\NVIDIA Corporation\NVIDIA NvDLISR;C:\WINDOWS\system32;C:\WINDOWS;C:\WINDOWS\System32\Wbem;C:\WINDOWS\System32\WindowsPowerShell\v1.0\;C:\WINDOWS\System32\OpenSSH\;C:\Program Files\Git\cmd;C:\Program Files\dotnet\;C:\Users\Deepak\Desktop\gradle1\gradle-7.0.1\bin;C:\Users\Deepak\Desktop\gradle1\gradle-7.0.1;C:\Program Files\nodejs;C:\Program Files\Google\Google Apps Sync\;C:\Program Files\Google\Google Apps Migration\;C:\Program Files\Microsoft SQL Server\150\Tools\Binn\;C:\Program Files\Microsoft SQL Server\Client SDK\ODBC\170\Tools\Binn\;C:\Program Files\MySQL\MySQL Router 8.0\bin;C:\Program Files (x86)\Microsoft SQL Server\150\Tools\Binn\;C:\Program Files\Microsoft SQL Server\150\DTS\Binn\;C:\Program Files (x86)\Microsoft SQL Server\150\DTS\Binn\;C:\Program Files\Azure Data Studio\bin;C:\Users\Deepak\anaconda3;C:\Users\Deepak\anaconda3\Library\mingw-w64\bin;C:\Users\Deepak\anaconda3\Library\usr\bin;C:\Users\Deepak\anaconda3\Library\bin;C:\Users\Deepak\anaconda3\Scripts;C:\Program Files\MySQL\MySQL Shell 8.0\bin\;C:\src\flutter\flutter\bin;C:\Users\Deepak\AppData\Local\Programs\Python\Python39\Scripts\;C:\Users\Deepak\AppData\Local\Programs\Python\Python39\;C:\Program Files\Java\jdk-15.0.2\bin;C:\Program Files\JetBrains\IntelliJ IDEA 2020.3.2\bin;;C:\Users\Deepak\AppData\Local\Microsoft\WindowsApps;C:\Users\Deepak\AppData\Local\Programs\Microsoft VS Code\bin;C:\Users\Deepak\AppData\Local\Programs\radare2\bin;C:\Modeltech_eval_6.2c\win32;C:\Modeltech_6.2c\win32;C:\Program Files\JetBrains\IntelliJ IDEA Community Edition 2021.1.2\bin;;C:\Program Files\JetBrains\PyCharm Community Edition 2021.1.2\bin;;C:\Users\Deepak\AppData\Roaming\npm;C:\Users\Deepak\AppData\Lo
USERNAME=Deepak
OS=Windows_NT
PROCESSOR_IDENTIFIER=Intel64 Family 6 Model 158 Stepping 10, GenuineIntel



---------------  S Y S T E M  ---------------

OS:
 Windows 10 , 64 bit Build 22000 (10.0.22000.434)
OS uptime: 1 days 19:38 hours

CPU: total 12 (initial active 12) (6 cores per cpu, 2 threads per core) family 6 model 158 stepping 10 microcode 0xde, cmov, cx8, fxsr, mmx, sse, sse2, sse3, ssse3, sse4.1, sse4.2, popcnt, vzeroupper, avx, avx2, aes, clmul, erms, 3dnowpref, lzcnt, ht, tsc, tscinvbit, bmi1, bmi2, adx, fma, clflush, clflushopt

Memory: 4k page, system-wide physical 16225M (2473M free)
TotalPageFile size 16225M (AvailPageFile size 6M)
current process WorkingSet (physical memory assigned to process): 567M, peak: 574M
current process commit charge ("private bytes"): 612M, peak: 613M

vm_info: Java HotSpot(TM) 64-Bit Server VM (15.0.2+7-27) for windows-amd64 JRE (15.0.2+7-27), built on Dec  7 2020 20:07:01 by "mach5one" with unknown MS VC++:1925

END.
