#
# There is insufficient memory for the Java Runtime Environment to continue.
# Native memory allocation (malloc) failed to allocate 1061616 bytes for Chunk::new
# Possible reasons:
#   The system is out of physical RAM or swap space
#   The process is running with CompressedOops enabled, and the Java Heap may be blocking the growth of the native heap
# Possible solutions:
#   Reduce memory load on the system
#   Increase physical memory or swap space
#   Check if swap backing store is full
#   Decrease Java heap size (-Xmx/-Xms)
#   Decrease number of Java threads
#   Decrease Java thread stack sizes (-Xss)
#   Set larger code cache with -XX:ReservedCodeCacheSize=
#   JVM is running with Unscaled Compressed Oops mode in which the Java heap is
#     placed in the first 4GB address space. The Java Heap base address is the
#     maximum limit for the native heap growth. Please use -XX:HeapBaseMinAddress
#     to set the Java Heap base and to place the Java Heap above 4GB virtual address.
# This output file may be truncated or incomplete.
#
#  Out of Memory Error (./open/src/hotspot/share/memory/arena.cpp:195), pid=15304, tid=17448
#
# JRE version: Java(TM) SE Runtime Environment (15.0.2+7) (build 15.0.2+7-27)
# Java VM: Java HotSpot(TM) 64-Bit Server VM (15.0.2+7-27, mixed mode, sharing, tiered, compressed oops, g1 gc, windows-amd64)
# No core dump will be written. Minidumps are not enabled by default on client versions of Windows
#

---------------  S U M M A R Y ------------

Command Line: --add-opens=java.base/java.util=ALL-UNNAMED --add-opens=java.base/java.lang=ALL-UNNAMED --add-opens=java.base/java.lang.invoke=ALL-UNNAMED --add-opens=java.base/java.util=ALL-UNNAMED --add-opens=java.prefs/java.util.prefs=ALL-UNNAMED --add-opens=java.prefs/java.util.prefs=ALL-UNNAMED --add-opens=java.base/java.nio.charset=ALL-UNNAMED --add-opens=java.base/java.net=ALL-UNNAMED --add-opens=java.base/java.util.concurrent.atomic=ALL-UNNAMED -Xmx2048m -Dfile.encoding=UTF-8 -Duser.country=IN -Duser.language=en -Duser.variant org.gradle.launcher.daemon.bootstrap.GradleDaemon 7.0.2

Host: Intel(R) Core(TM) i7-9750H CPU @ 2.60GHz, 12 cores, 15G,  Windows 10 , 64 bit Build 22000 (10.0.22000.434)
Time: Sat Feb 12 01:56:01 2022 India Standard Time elapsed time: 24.529992 seconds (0d 0h 0m 24s)

---------------  T H R E A D  ---------------

Current thread (0x000001c8d4883a00):  JavaThread "C2 CompilerThread0" daemon [_thread_in_native, id=17448, stack(0x000000546b700000,0x000000546b800000)]


Current CompileTask:
C2:  24530 8318       4       java.lang.reflect.Constructor::newInstanceWithCaller (75 bytes)

Stack: [0x000000546b700000,0x000000546b800000]
Native frames: (J=compiled Java code, j=interpreted, Vv=VM code, C=native code)
V  [jvm.dll+0x62ae9a]
V  [jvm.dll+0x7817a9]
V  [jvm.dll+0x782f03]
V  [jvm.dll+0x783563]
V  [jvm.dll+0x216325]
V  [jvm.dll+0x97f3a]
V  [jvm.dll+0x9861c]
V  [jvm.dll+0x32e2a8]
V  [jvm.dll+0x2f768a]
V  [jvm.dll+0x2f6a4a]
V  [jvm.dll+0x1ea705]
V  [jvm.dll+0x1e996e]
V  [jvm.dll+0x178567]
V  [jvm.dll+0x1f9225]
V  [jvm.dll+0x1f72cc]
V  [jvm.dll+0x74495d]
V  [jvm.dll+0x73d75a]
V  [jvm.dll+0x629c56]
C  [ucrtbase.dll+0x26c0c]
C  [KERNEL32.DLL+0x154e0]
C  [ntdll.dll+0x485b]


---------------  P R O C E S S  ---------------

Threads class SMR info:
_java_thread_list=0x000001c8d899b710, length=74, elements={
0x000001c8b4f27cb0, 0x000001c8d3f61880, 0x000001c8d3f62450, 0x000001c8d487c120,
0x000001c8d4880a00, 0x000001c8d48813c0, 0x000001c8d4883a00, 0x000001c8d488b970,
0x000001c8d488ee30, 0x000001c8d49b4b00, 0x000001c8d4a09850, 0x000001c8d680d280,
0x000001c8d5bb8a90, 0x000001c8d68df8d0, 0x000001c8d65dd950, 0x000001c8d6932fb0,
0x000001c8d6745450, 0x000001c8d5806a90, 0x000001c8d5807770, 0x000001c8d689a080,
0x000001c8d689cbd0, 0x000001c8d689a550, 0x000001c8d689b3c0, 0x000001c8d689aef0,
0x000001c8d689d570, 0x000001c8d689b890, 0x000001c8d689aa20, 0x000001c8d689d0a0,
0x000001c8d689bd60, 0x000001c8d689c230, 0x000001c8d689c700, 0x000001c8d73f4af0,
0x000001c8d73f8e50, 0x000001c8d73f6300, 0x000001c8d73f9320, 0x000001c8d73f67d0,
0x000001c8d73f9cc0, 0x000001c8d73f7b10, 0x000001c8d73f5490, 0x000001c8d73f5960,
0x000001c8d73f3c80, 0x000001c8d73f7fe0, 0x000001c8d73f4150, 0x000001c8d73fa190,
0x000001c8d73f4fc0, 0x000001c8d73f7170, 0x000001c8d73f84b0, 0x000001c8d73fa660,
0x000001c8d73f4620, 0x000001c8d73f5e30, 0x000001c8d73f7640, 0x000001c8d73f8980,
0x000001c8d73fab30, 0x000001c8d73fb000, 0x000001c8d73f37b0, 0x000001c8d6aba710,
0x000001c8d6abbf20, 0x000001c8d6ababe0, 0x000001c8d6ab8090, 0x000001c8d6abb580,
0x000001c8d6abc8c0, 0x000001c8d6ab8f00, 0x000001c8d6ab93d0, 0x000001c8d6abba50,
0x000001c8d6ab98a0, 0x000001c8d6abc3f0, 0x000001c8d6aba240, 0x000001c8d6ab7bc0,
0x000001c8d6abcd90, 0x000001c8d6abd260, 0x000001c8d6abd730, 0x000001c8d6abdc00,
0x000001c8d6abe0d0, 0x000001c8d6abea70
}

Java Threads: ( => current thread )
  0x000001c8b4f27cb0 JavaThread "main" [_thread_blocked, id=9144, stack(0x000000546ab00000,0x000000546ac00000)]
  0x000001c8d3f61880 JavaThread "Reference Handler" daemon [_thread_blocked, id=5084, stack(0x000000546b200000,0x000000546b300000)]
  0x000001c8d3f62450 JavaThread "Finalizer" daemon [_thread_blocked, id=1968, stack(0x000000546b300000,0x000000546b400000)]
  0x000001c8d487c120 JavaThread "Signal Dispatcher" daemon [_thread_blocked, id=14744, stack(0x000000546b400000,0x000000546b500000)]
  0x000001c8d4880a00 JavaThread "Attach Listener" daemon [_thread_blocked, id=10884, stack(0x000000546b500000,0x000000546b600000)]
  0x000001c8d48813c0 JavaThread "Service Thread" daemon [_thread_blocked, id=20880, stack(0x000000546b600000,0x000000546b700000)]
=>0x000001c8d4883a00 JavaThread "C2 CompilerThread0" daemon [_thread_in_native, id=17448, stack(0x000000546b700000,0x000000546b800000)]
  0x000001c8d488b970 JavaThread "C1 CompilerThread0" daemon [_thread_blocked, id=7464, stack(0x000000546b800000,0x000000546b900000)]
  0x000001c8d488ee30 JavaThread "Sweeper thread" daemon [_thread_blocked, id=19020, stack(0x000000546b900000,0x000000546ba00000)]
  0x000001c8d49b4b00 JavaThread "Common-Cleaner" daemon [_thread_blocked, id=19756, stack(0x000000546ba00000,0x000000546bb00000)]
  0x000001c8d4a09850 JavaThread "Notification Thread" daemon [_thread_blocked, id=10188, stack(0x000000546bb00000,0x000000546bc00000)]
  0x000001c8d680d280 JavaThread "Daemon health stats" [_thread_blocked, id=21164, stack(0x000000546c300000,0x000000546c400000)]
  0x000001c8d5bb8a90 JavaThread "Incoming local TCP Connector on port 49653" [_thread_in_native, id=17168, stack(0x000000546c400000,0x000000546c500000)]
  0x000001c8d68df8d0 JavaThread "Daemon periodic checks" [_thread_blocked, id=15324, stack(0x000000546c500000,0x000000546c600000)]
  0x000001c8d65dd950 JavaThread "Daemon" [_thread_blocked, id=4836, stack(0x000000546c600000,0x000000546c700000)]
  0x000001c8d6932fb0 JavaThread "Handler for socket connection from /127.0.0.1:49653 to /127.0.0.1:49654" [_thread_in_native, id=16328, stack(0x000000546c700000,0x000000546c800000)]
  0x000001c8d6745450 JavaThread "Cancel handler" [_thread_blocked, id=5840, stack(0x000000546c800000,0x000000546c900000)]
  0x000001c8d5806a90 JavaThread "Daemon worker" [_thread_in_native, id=7976, stack(0x000000546c900000,0x000000546ca00000)]
  0x000001c8d5807770 JavaThread "Asynchronous log dispatcher for DefaultDaemonConnection: socket connection from /127.0.0.1:49653 to /127.0.0.1:49654" [_thread_blocked, id=9932, stack(0x000000546ca00000,0x000000546cb00000)]
  0x000001c8d689a080 JavaThread "Stdin handler" [_thread_blocked, id=21420, stack(0x000000546cb00000,0x000000546cc00000)]
  0x000001c8d689cbd0 JavaThread "Daemon client event forwarder" [_thread_blocked, id=10128, stack(0x000000546cc00000,0x000000546cd00000)]
  0x000001c8d689a550 JavaThread "Cache worker for file hash cache (D:\aa\caches\7.0.2\fileHashes)" [_thread_blocked, id=7932, stack(0x000000546cd00000,0x000000546ce00000)]
  0x000001c8d689b3c0 JavaThread "File lock request listener" [_thread_in_native, id=14036, stack(0x000000546ce00000,0x000000546cf00000)]
  0x000001c8d689aef0 JavaThread "Cache worker for journal cache (D:\aa\caches\journal-1)" [_thread_blocked, id=7324, stack(0x000000546cf00000,0x000000546d000000)]
  0x000001c8d689d570 JavaThread "Cache worker for file hash cache (D:\app_dev\QuizApp\.gradle\7.0.2\fileHashes)" [_thread_blocked, id=2388, stack(0x000000546d100000,0x000000546d200000)]
  0x000001c8d689b890 JavaThread "File watcher server" daemon [_thread_in_native, id=12676, stack(0x000000546d200000,0x000000546d300000)]
  0x000001c8d689aa20 JavaThread "File watcher consumer" daemon [_thread_blocked, id=12420, stack(0x000000546d300000,0x000000546d400000)]
  0x000001c8d689d0a0 JavaThread "Cache worker for checksums cache (D:\app_dev\QuizApp\.gradle\checksums)" [_thread_blocked, id=5268, stack(0x000000546d400000,0x000000546d500000)]
  0x000001c8d689bd60 JavaThread "Cache worker for cache directory md-supplier (D:\aa\caches\7.0.2\md-supplier)" [_thread_blocked, id=10132, stack(0x000000546d500000,0x000000546d600000)]
  0x000001c8d689c230 JavaThread "Cache worker for cache directory md-rule (D:\aa\caches\7.0.2\md-rule)" [_thread_blocked, id=8512, stack(0x000000546d600000,0x000000546d700000)]
  0x000001c8d689c700 JavaThread "Cache worker for execution history cache (D:\aa\caches\7.0.2\executionHistory)" [_thread_blocked, id=17632, stack(0x000000546dd00000,0x000000546de00000)]
  0x000001c8d73f4af0 JavaThread "jar transforms" [_thread_blocked, id=18048, stack(0x000000546de00000,0x000000546df00000)]
  0x000001c8d73f8e50 JavaThread "jar transforms Thread 2" [_thread_blocked, id=10924, stack(0x000000546df00000,0x000000546e000000)]
  0x000001c8d73f6300 JavaThread "Cache worker for file content cache (D:\aa\caches\7.0.2\fileContent)" [_thread_blocked, id=20492, stack(0x000000546e000000,0x000000546e100000)]
  0x000001c8d73f9320 JavaThread "Cache worker for dependencies-accessors (D:\app_dev\QuizApp\.gradle\7.0.2\dependencies-accessors)" [_thread_blocked, id=11704, stack(0x000000546e100000,0x000000546e200000)]
  0x000001c8d73f67d0 JavaThread "jar transforms Thread 3" [_thread_blocked, id=7380, stack(0x000000546e200000,0x000000546e300000)]
  0x000001c8d73f9cc0 JavaThread "Cache worker for Build Output Cleanup Cache (D:\app_dev\QuizApp\.gradle\buildOutputCleanup)" [_thread_blocked, id=10064, stack(0x000000546e300000,0x000000546e400000)]
  0x000001c8d73f7b10 JavaThread "Build operations" [_thread_blocked, id=10904, stack(0x000000546bd00000,0x000000546be00000)]
  0x000001c8d73f5490 JavaThread "Build operations Thread 2" [_thread_blocked, id=12104, stack(0x000000546d000000,0x000000546d100000)]
  0x000001c8d73f5960 JavaThread "Build operations Thread 3" [_thread_blocked, id=3292, stack(0x000000546e400000,0x000000546e500000)]
  0x000001c8d73f3c80 JavaThread "Build operations Thread 4" [_thread_blocked, id=16480, stack(0x000000546e500000,0x000000546e600000)]
  0x000001c8d73f7fe0 JavaThread "Build operations Thread 5" [_thread_blocked, id=13544, stack(0x000000546e600000,0x000000546e700000)]
  0x000001c8d73f4150 JavaThread "Build operations Thread 6" [_thread_blocked, id=15520, stack(0x000000546e700000,0x000000546e800000)]
  0x000001c8d73fa190 JavaThread "Build operations Thread 7" [_thread_blocked, id=4488, stack(0x000000546e800000,0x000000546e900000)]
  0x000001c8d73f4fc0 JavaThread "Build operations Thread 8" [_thread_blocked, id=8308, stack(0x000000546e900000,0x000000546ea00000)]
  0x000001c8d73f7170 JavaThread "Build operations Thread 9" [_thread_blocked, id=20340, stack(0x000000546ea00000,0x000000546eb00000)]
  0x000001c8d73f84b0 JavaThread "Build operations Thread 10" [_thread_blocked, id=656, stack(0x000000546eb00000,0x000000546ec00000)]
  0x000001c8d73fa660 JavaThread "Build operations Thread 11" [_thread_blocked, id=16020, stack(0x000000546ec00000,0x000000546ed00000)]
  0x000001c8d73f4620 JavaThread "Build operations Thread 12" [_thread_blocked, id=19164, stack(0x000000546ed00000,0x000000546ee00000)]
  0x000001c8d73f5e30 JavaThread "jar transforms Thread 4" [_thread_blocked, id=18228, stack(0x000000546f000000,0x000000546f100000)]
  0x000001c8d73f7640 JavaThread "jar transforms Thread 5" [_thread_blocked, id=14424, stack(0x000000546f100000,0x000000546f200000)]
  0x000001c8d73f8980 JavaThread "jar transforms Thread 6" [_thread_blocked, id=19496, stack(0x000000546ef00000,0x000000546f000000)]
  0x000001c8d73fab30 JavaThread "jar transforms Thread 7" [_thread_blocked, id=20268, stack(0x000000546f200000,0x000000546f300000)]
  0x000001c8d73fb000 JavaThread "jar transforms Thread 8" [_thread_blocked, id=4248, stack(0x000000546f300000,0x000000546f400000)]
  0x000001c8d73f37b0 JavaThread "jar transforms Thread 9" [_thread_blocked, id=15396, stack(0x000000546f400000,0x000000546f500000)]
  0x000001c8d6aba710 JavaThread "jar transforms Thread 10" [_thread_blocked, id=6700, stack(0x000000546f500000,0x000000546f600000)]
  0x000001c8d6abbf20 JavaThread "jar transforms Thread 11" [_thread_blocked, id=1760, stack(0x000000546f600000,0x000000546f700000)]
  0x000001c8d6ababe0 JavaThread "jar transforms Thread 12" [_thread_blocked, id=2132, stack(0x000000546f700000,0x000000546f800000)]
  0x000001c8d6ab8090 JavaThread "Memory manager" [_thread_blocked, id=19528, stack(0x000000546f900000,0x000000546fa00000)]
  0x000001c8d6abb580 JavaThread "build event listener" [_thread_blocked, id=11428, stack(0x000000546fa00000,0x000000546fb00000)]
  0x000001c8d6abc8c0 JavaThread "pool-3-thread-1" [_thread_blocked, id=12748, stack(0x000000546fb00000,0x000000546fc00000)]
  0x000001c8d6ab8f00 JavaThread "build event listener" [_thread_blocked, id=10768, stack(0x000000546fc00000,0x000000546fd00000)]
  0x000001c8d6ab93d0 JavaThread "Execution worker for ':'" [_thread_blocked, id=9448, stack(0x000000546fd00000,0x000000546fe00000)]
  0x000001c8d6abba50 JavaThread "Execution worker for ':' Thread 2" [_thread_blocked, id=19492, stack(0x000000546fe00000,0x000000546ff00000)]
  0x000001c8d6ab98a0 JavaThread "Execution worker for ':' Thread 3" [_thread_blocked, id=14776, stack(0x000000546ff00000,0x0000005470000000)]
  0x000001c8d6abc3f0 JavaThread "Execution worker for ':' Thread 4" [_thread_blocked, id=2768, stack(0x0000005470000000,0x0000005470100000)]
  0x000001c8d6aba240 JavaThread "Execution worker for ':' Thread 5" [_thread_blocked, id=17428, stack(0x0000005470100000,0x0000005470200000)]
  0x000001c8d6ab7bc0 JavaThread "Execution worker for ':' Thread 6" [_thread_blocked, id=15348, stack(0x0000005470200000,0x0000005470300000)]
  0x000001c8d6abcd90 JavaThread "Execution worker for ':' Thread 7" [_thread_blocked, id=4780, stack(0x0000005470300000,0x0000005470400000)]
  0x000001c8d6abd260 JavaThread "Execution worker for ':' Thread 8" [_thread_blocked, id=5004, stack(0x0000005470400000,0x0000005470500000)]
  0x000001c8d6abd730 JavaThread "Execution worker for ':' Thread 9" [_thread_blocked, id=21244, stack(0x0000005470500000,0x0000005470600000)]
  0x000001c8d6abdc00 JavaThread "Execution worker for ':' Thread 10" [_thread_blocked, id=20980, stack(0x0000005470600000,0x0000005470700000)]
  0x000001c8d6abe0d0 JavaThread "Execution worker for ':' Thread 11" [_thread_blocked, id=12912, stack(0x0000005470700000,0x0000005470800000)]
  0x000001c8d6abea70 JavaThread "Cache worker for execution history cache (D:\app_dev\QuizApp\.gradle\7.0.2\executionHistory)" [_thread_blocked, id=6856, stack(0x0000005470800000,0x0000005470900000)]

Other Threads:
  0x000001c8d3f5e850 VMThread "VM Thread" [stack: 0x000000546b100000,0x000000546b200000] [id=14704]
  0x000001c8d4a0ef90 WatcherThread [stack: 0x000000546bc00000,0x000000546bd00000] [id=9600]
  0x000001c8b4f6b050 GCTaskThread "GC Thread#0" [stack: 0x000000546ac00000,0x000000546ad00000] [id=10660]
  0x000001c8d55071e0 GCTaskThread "GC Thread#1" [stack: 0x000000546be00000,0x000000546bf00000] [id=9152]
  0x000001c8d5508830 GCTaskThread "GC Thread#2" [stack: 0x000000546bf00000,0x000000546c000000] [id=18884]
  0x000001c8d5507b70 GCTaskThread "GC Thread#3" [stack: 0x000000546c000000,0x000000546c100000] [id=11916]
  0x000001c8d5507510 GCTaskThread "GC Thread#4" [stack: 0x000000546c100000,0x000000546c200000] [id=20044]
  0x000001c8d5506b80 GCTaskThread "GC Thread#5" [stack: 0x000000546c200000,0x000000546c300000] [id=17100]
  0x000001c8d5508500 GCTaskThread "GC Thread#6" [stack: 0x000000546d700000,0x000000546d800000] [id=9524]
  0x000001c8d8eaeca0 GCTaskThread "GC Thread#7" [stack: 0x000000546d800000,0x000000546d900000] [id=12908]
  0x000001c8d8eaefd0 GCTaskThread "GC Thread#8" [stack: 0x000000546d900000,0x000000546da00000] [id=1748]
  0x000001c8d8eab9a0 GCTaskThread "GC Thread#9" [stack: 0x000000546da00000,0x000000546db00000] [id=19272]
  0x000001c8b4f7d1b0 ConcurrentGCThread "G1 Main Marker" [stack: 0x000000546ad00000,0x000000546ae00000] [id=11104]
  0x000001c8b4f7edb0 ConcurrentGCThread "G1 Conc#0" [stack: 0x000000546ae00000,0x000000546af00000] [id=19824]
  0x000001c8d8eae970 ConcurrentGCThread "G1 Conc#1" [stack: 0x000000546db00000,0x000000546dc00000] [id=14676]
  0x000001c8d8eaf300 ConcurrentGCThread "G1 Conc#2" [stack: 0x000000546dc00000,0x000000546dd00000] [id=15684]
  0x000001c8b4ffd110 ConcurrentGCThread "G1 Refine#0" [stack: 0x000000546af00000,0x000000546b000000] [id=21472]
  0x000001c8dbac20f0 ConcurrentGCThread "G1 Refine#1" [stack: 0x000000546ee00000,0x000000546ef00000] [id=5476]
  0x000001c8dbac31d0 ConcurrentGCThread "G1 Refine#2" [stack: 0x000000546f800000,0x000000546f900000] [id=13668]
  0x000001c8dbac3530 ConcurrentGCThread "G1 Refine#3" [stack: 0x0000005470900000,0x0000005470a00000] [id=8804]
  0x000001c8dbac0cb0 ConcurrentGCThread "G1 Refine#4" [stack: 0x0000005470a00000,0x0000005470b00000] [id=8608]
  0x000001c8b4ffdd10 ConcurrentGCThread "G1 Young RemSet Sampling" [stack: 0x000000546b000000,0x000000546b100000] [id=16040]

Threads with active compile tasks:
C2 CompilerThread0    24577 8318       4       java.lang.reflect.Constructor::newInstanceWithCaller (75 bytes)

VM state: not at safepoint (normal execution)

VM Mutex/Monitor currently owned by a thread: None

Heap address: 0x0000000080000000, size: 2048 MB, Compressed Oops mode: 32-bit
CDS archive(s) mapped at: [0x0000000800000000-0x0000000800b50000-0x0000000800b50000), size 11862016, SharedBaseAddress: 0x0000000800000000, ArchiveRelocationMode: 0.
Compressed class space mapped at: 0x0000000800b50000-0x0000000840b50000, size: 1073741824
Narrow klass base: 0x0000000800000000, Narrow klass shift: 3, Narrow klass range: 0x100000000

GC Precious Log:
 CPUs: 12 total, 12 available
 Memory: 16225M
 Large Page Support: Disabled
 NUMA Support: Disabled
 Compressed Oops: Enabled (32-bit)
 Heap Region Size: 1M
 Heap Min Capacity: 8M
 Heap Initial Capacity: 254M
 Heap Max Capacity: 2G
 Pre-touch: Disabled
 Parallel Workers: 10
 Concurrent Workers: 3
 Concurrent Refinement Workers: 10
 Periodic GC: Disabled

Heap:
 garbage-first heap   total 141312K, used 69809K [0x0000000080000000, 0x0000000100000000)
  region size 1024K, 8 young (8192K), 7 survivors (7168K)
 Metaspace       used 72301K, capacity 73384K, committed 73680K, reserved 1114112K
  class space    used 9455K, capacity 9806K, committed 9856K, reserved 1048576K

Heap Regions: E=young(eden), S=young(survivor), O=old, HS=humongous(starts), HC=humongous(continues), CS=collection set, F=free, OA=open archive, CA=closed archive, TAMS=top-at-mark-start (previous, next)
|   0|0x0000000080000000, 0x0000000080100000, 0x0000000080100000|100%| O|  |TAMS 0x0000000080100000, 0x0000000080000000| Untracked 
|   1|0x0000000080100000, 0x0000000080200000, 0x0000000080200000|100%| O|  |TAMS 0x0000000080200000, 0x0000000080100000| Untracked 
|   2|0x0000000080200000, 0x0000000080300000, 0x0000000080300000|100%| O|  |TAMS 0x0000000080300000, 0x0000000080200000| Untracked 
|   3|0x0000000080300000, 0x0000000080400000, 0x0000000080400000|100%|HS|  |TAMS 0x0000000080400000, 0x0000000080300000| Complete 
|   4|0x0000000080400000, 0x0000000080500000, 0x0000000080500000|100%|HC|  |TAMS 0x0000000080500000, 0x0000000080400000| Complete 
|   5|0x0000000080500000, 0x0000000080600000, 0x0000000080600000|100%|HC|  |TAMS 0x0000000080600000, 0x0000000080500000| Complete 
|   6|0x0000000080600000, 0x0000000080700000, 0x0000000080700000|100%| O|  |TAMS 0x0000000080700000, 0x0000000080600000| Untracked 
|   7|0x0000000080700000, 0x0000000080800000, 0x0000000080800000|100%| O|  |TAMS 0x0000000080800000, 0x0000000080700000| Untracked 
|   8|0x0000000080800000, 0x0000000080900000, 0x0000000080900000|100%| O|  |TAMS 0x0000000080900000, 0x0000000080800000| Untracked 
|   9|0x0000000080900000, 0x0000000080a00000, 0x0000000080a00000|100%| O|  |TAMS 0x0000000080a00000, 0x0000000080900000| Untracked 
|  10|0x0000000080a00000, 0x0000000080a23e00, 0x0000000080b00000| 14%| O|  |TAMS 0x0000000080a23e00, 0x0000000080a00000| Untracked 
|  11|0x0000000080b00000, 0x0000000080c00000, 0x0000000080c00000|100%| O|  |TAMS 0x0000000080c00000, 0x0000000080b00000| Untracked 
|  12|0x0000000080c00000, 0x0000000080d00000, 0x0000000080d00000|100%| O|  |TAMS 0x0000000080d00000, 0x0000000080c00000| Untracked 
|  13|0x0000000080d00000, 0x0000000080e00000, 0x0000000080e00000|100%| O|  |TAMS 0x0000000080e00000, 0x0000000080d00000| Untracked 
|  14|0x0000000080e00000, 0x0000000080f00000, 0x0000000080f00000|100%| O|  |TAMS 0x0000000080f00000, 0x0000000080e00000| Untracked 
|  15|0x0000000080f00000, 0x0000000081000000, 0x0000000081000000|100%| O|  |TAMS 0x0000000081000000, 0x0000000080f00000| Untracked 
|  16|0x0000000081000000, 0x0000000081100000, 0x0000000081100000|100%| O|  |TAMS 0x0000000081100000, 0x0000000081000000| Untracked 
|  17|0x0000000081100000, 0x0000000081200000, 0x0000000081200000|100%| O|  |TAMS 0x0000000081200000, 0x0000000081100000| Untracked 
|  18|0x0000000081200000, 0x0000000081300000, 0x0000000081300000|100%| O|  |TAMS 0x0000000081300000, 0x0000000081200000| Untracked 
|  19|0x0000000081300000, 0x0000000081400000, 0x0000000081400000|100%| O|  |TAMS 0x0000000081400000, 0x0000000081300000| Untracked 
|  20|0x0000000081400000, 0x0000000081500000, 0x0000000081500000|100%| O|  |TAMS 0x0000000081500000, 0x0000000081400000| Untracked 
|  21|0x0000000081500000, 0x0000000081600000, 0x0000000081600000|100%| O|  |TAMS 0x0000000081600000, 0x0000000081500000| Untracked 
|  22|0x0000000081600000, 0x0000000081700000, 0x0000000081700000|100%| O|  |TAMS 0x0000000081700000, 0x0000000081600000| Untracked 
|  23|0x0000000081700000, 0x0000000081800000, 0x0000000081800000|100%| O|  |TAMS 0x0000000081800000, 0x0000000081700000| Untracked 
|  24|0x0000000081800000, 0x0000000081900000, 0x0000000081900000|100%| O|  |TAMS 0x0000000081900000, 0x0000000081800000| Untracked 
|  25|0x0000000081900000, 0x0000000081a00000, 0x0000000081a00000|100%| O|  |TAMS 0x0000000081a00000, 0x0000000081900000| Untracked 
|  26|0x0000000081a00000, 0x0000000081b00000, 0x0000000081b00000|100%| O|  |TAMS 0x0000000081b00000, 0x0000000081a00000| Untracked 
|  27|0x0000000081b00000, 0x0000000081c00000, 0x0000000081c00000|100%|HS|  |TAMS 0x0000000081c00000, 0x0000000081b00000| Complete 
|  28|0x0000000081c00000, 0x0000000081d00000, 0x0000000081d00000|100%|HS|  |TAMS 0x0000000081d00000, 0x0000000081c00000| Complete 
|  29|0x0000000081d00000, 0x0000000081e00000, 0x0000000081e00000|100%| O|  |TAMS 0x0000000081e00000, 0x0000000081d00000| Untracked 
|  30|0x0000000081e00000, 0x0000000081f00000, 0x0000000081f00000|100%| O|  |TAMS 0x0000000081f00000, 0x0000000081e00000| Untracked 
|  31|0x0000000081f00000, 0x0000000082000000, 0x0000000082000000|100%| O|  |TAMS 0x0000000082000000, 0x0000000081f00000| Untracked 
|  32|0x0000000082000000, 0x0000000082100000, 0x0000000082100000|100%| O|  |TAMS 0x0000000082100000, 0x0000000082000000| Untracked 
|  33|0x0000000082100000, 0x0000000082200000, 0x0000000082200000|100%| O|  |TAMS 0x0000000082200000, 0x0000000082100000| Untracked 
|  34|0x0000000082200000, 0x0000000082300000, 0x0000000082300000|100%| O|  |TAMS 0x0000000082300000, 0x0000000082200000| Untracked 
|  35|0x0000000082300000, 0x0000000082400000, 0x0000000082400000|100%| O|  |TAMS 0x0000000082400000, 0x0000000082300000| Untracked 
|  36|0x0000000082400000, 0x0000000082500000, 0x0000000082500000|100%| O|  |TAMS 0x0000000082500000, 0x0000000082400000| Untracked 
|  37|0x0000000082500000, 0x0000000082600000, 0x0000000082600000|100%| O|  |TAMS 0x0000000082600000, 0x0000000082500000| Untracked 
|  38|0x0000000082600000, 0x0000000082700000, 0x0000000082700000|100%| O|  |TAMS 0x0000000082700000, 0x0000000082600000| Untracked 
|  39|0x0000000082700000, 0x0000000082800000, 0x0000000082800000|100%| O|  |TAMS 0x0000000082800000, 0x0000000082700000| Untracked 
|  40|0x0000000082800000, 0x0000000082900000, 0x0000000082900000|100%|HS|  |TAMS 0x0000000082900000, 0x0000000082800000| Complete 
|  41|0x0000000082900000, 0x0000000082a00000, 0x0000000082a00000|100%|HC|  |TAMS 0x0000000082a00000, 0x0000000082900000| Complete 
|  42|0x0000000082a00000, 0x0000000082b00000, 0x0000000082b00000|100%| O|  |TAMS 0x0000000082b00000, 0x0000000082a00000| Untracked 
|  43|0x0000000082b00000, 0x0000000082c00000, 0x0000000082c00000|100%| O|  |TAMS 0x0000000082c00000, 0x0000000082b00000| Untracked 
|  44|0x0000000082c00000, 0x0000000082d00000, 0x0000000082d00000|100%| O|  |TAMS 0x0000000082d00000, 0x0000000082c00000| Untracked 
|  45|0x0000000082d00000, 0x0000000082e00000, 0x0000000082e00000|100%| O|  |TAMS 0x0000000082e00000, 0x0000000082d00000| Untracked 
|  46|0x0000000082e00000, 0x0000000082f00000, 0x0000000082f00000|100%| O|  |TAMS 0x0000000082f00000, 0x0000000082e00000| Untracked 
|  47|0x0000000082f00000, 0x0000000083000000, 0x0000000083000000|100%| O|  |TAMS 0x0000000083000000, 0x0000000082f00000| Untracked 
|  48|0x0000000083000000, 0x0000000083100000, 0x0000000083100000|100%| O|  |TAMS 0x0000000083100000, 0x0000000083000000| Untracked 
|  49|0x0000000083100000, 0x0000000083200000, 0x0000000083200000|100%| O|  |TAMS 0x0000000083200000, 0x0000000083100000| Untracked 
|  50|0x0000000083200000, 0x0000000083300000, 0x0000000083300000|100%| O|  |TAMS 0x0000000083300000, 0x0000000083200000| Untracked 
|  51|0x0000000083300000, 0x0000000083400000, 0x0000000083400000|100%| O|  |TAMS 0x0000000083400000, 0x0000000083300000| Untracked 
|  52|0x0000000083400000, 0x0000000083500000, 0x0000000083500000|100%| O|  |TAMS 0x0000000083500000, 0x0000000083400000| Untracked 
|  53|0x0000000083500000, 0x0000000083600000, 0x0000000083600000|100%| O|  |TAMS 0x0000000083600000, 0x0000000083500000| Untracked 
|  54|0x0000000083600000, 0x0000000083700000, 0x0000000083700000|100%| O|  |TAMS 0x00000000836dc400, 0x0000000083600000| Untracked 
|  55|0x0000000083700000, 0x0000000083800000, 0x0000000083800000|100%| O|  |TAMS 0x0000000083700000, 0x0000000083700000| Untracked 
|  56|0x0000000083800000, 0x0000000083900000, 0x0000000083900000|100%| O|  |TAMS 0x0000000083800000, 0x0000000083800000| Untracked 
|  57|0x0000000083900000, 0x0000000083a00000, 0x0000000083a00000|100%| O|  |TAMS 0x0000000083900000, 0x0000000083900000| Untracked 
|  58|0x0000000083a00000, 0x0000000083b00000, 0x0000000083b00000|100%| O|  |TAMS 0x0000000083a00000, 0x0000000083a00000| Untracked 
|  59|0x0000000083b00000, 0x0000000083c00000, 0x0000000083c00000|100%| O|  |TAMS 0x0000000083b00000, 0x0000000083b00000| Untracked 
|  60|0x0000000083c00000, 0x0000000083d00000, 0x0000000083d00000|100%| O|  |TAMS 0x0000000083c00000, 0x0000000083c00000| Untracked 
|  61|0x0000000083d00000, 0x0000000083e00000, 0x0000000083e00000|100%| O|  |TAMS 0x0000000083d00000, 0x0000000083d00000| Untracked 
|  62|0x0000000083e00000, 0x0000000083e08800, 0x0000000083f00000|  3%| O|  |TAMS 0x0000000083e00000, 0x0000000083e00000| Untracked 
|  63|0x0000000083f00000, 0x0000000083f00000, 0x0000000084000000|  0%| F|  |TAMS 0x0000000083f00000, 0x0000000083f00000| Untracked 
|  64|0x0000000084000000, 0x0000000084000000, 0x0000000084100000|  0%| F|  |TAMS 0x0000000084000000, 0x0000000084000000| Untracked 
|  65|0x0000000084100000, 0x0000000084100000, 0x0000000084200000|  0%| F|  |TAMS 0x0000000084100000, 0x0000000084100000| Untracked 
|  66|0x0000000084200000, 0x0000000084200000, 0x0000000084300000|  0%| F|  |TAMS 0x0000000084200000, 0x0000000084200000| Untracked 
|  67|0x0000000084300000, 0x0000000084300000, 0x0000000084400000|  0%| F|  |TAMS 0x0000000084300000, 0x0000000084300000| Untracked 
|  68|0x0000000084400000, 0x0000000084400000, 0x0000000084500000|  0%| F|  |TAMS 0x0000000084400000, 0x0000000084400000| Untracked 
|  69|0x0000000084500000, 0x0000000084500000, 0x0000000084600000|  0%| F|  |TAMS 0x0000000084500000, 0x0000000084500000| Untracked 
|  70|0x0000000084600000, 0x0000000084600000, 0x0000000084700000|  0%| F|  |TAMS 0x0000000084600000, 0x0000000084600000| Untracked 
|  71|0x0000000084700000, 0x0000000084700000, 0x0000000084800000|  0%| F|  |TAMS 0x0000000084700000, 0x0000000084700000| Untracked 
|  72|0x0000000084800000, 0x0000000084800000, 0x0000000084900000|  0%| F|  |TAMS 0x0000000084800000, 0x0000000084800000| Untracked 
|  73|0x0000000084900000, 0x0000000084900000, 0x0000000084a00000|  0%| F|  |TAMS 0x0000000084900000, 0x0000000084900000| Untracked 
|  74|0x0000000084a00000, 0x0000000084a00000, 0x0000000084b00000|  0%| F|  |TAMS 0x0000000084a00000, 0x0000000084a00000| Untracked 
|  75|0x0000000084b00000, 0x0000000084b00000, 0x0000000084c00000|  0%| F|  |TAMS 0x0000000084b00000, 0x0000000084b00000| Untracked 
|  76|0x0000000084c00000, 0x0000000084c00000, 0x0000000084d00000|  0%| F|  |TAMS 0x0000000084c00000, 0x0000000084c00000| Untracked 
|  77|0x0000000084d00000, 0x0000000084e00000, 0x0000000084e00000|100%| S|CS|TAMS 0x0000000084d00000, 0x0000000084d00000| Complete 
|  78|0x0000000084e00000, 0x0000000084f00000, 0x0000000084f00000|100%| S|CS|TAMS 0x0000000084e00000, 0x0000000084e00000| Complete 
|  79|0x0000000084f00000, 0x0000000084f00000, 0x0000000085000000|  0%| F|  |TAMS 0x0000000084f00000, 0x0000000084f00000| Untracked 
|  80|0x0000000085000000, 0x0000000085000000, 0x0000000085100000|  0%| F|  |TAMS 0x0000000085000000, 0x0000000085000000| Untracked 
|  81|0x0000000085100000, 0x0000000085100000, 0x0000000085200000|  0%| F|  |TAMS 0x0000000085100000, 0x0000000085100000| Untracked 
|  82|0x0000000085200000, 0x0000000085200000, 0x0000000085300000|  0%| F|  |TAMS 0x0000000085200000, 0x0000000085200000| Untracked 
|  83|0x0000000085300000, 0x0000000085300000, 0x0000000085400000|  0%| F|  |TAMS 0x0000000085300000, 0x0000000085300000| Untracked 
|  84|0x0000000085400000, 0x0000000085400000, 0x0000000085500000|  0%| F|  |TAMS 0x0000000085400000, 0x0000000085400000| Untracked 
|  85|0x0000000085500000, 0x0000000085600000, 0x0000000085600000|100%| S|CS|TAMS 0x0000000085500000, 0x0000000085500000| Complete 
|  86|0x0000000085600000, 0x0000000085700000, 0x0000000085700000|100%| S|CS|TAMS 0x0000000085600000, 0x0000000085600000| Complete 
|  87|0x0000000085700000, 0x0000000085800000, 0x0000000085800000|100%| S|CS|TAMS 0x0000000085700000, 0x0000000085700000| Complete 
|  88|0x0000000085800000, 0x0000000085900000, 0x0000000085900000|100%| S|CS|TAMS 0x0000000085800000, 0x0000000085800000| Complete 
|  89|0x0000000085900000, 0x0000000085a00000, 0x0000000085a00000|100%| S|CS|TAMS 0x0000000085900000, 0x0000000085900000| Complete 
|  90|0x0000000085a00000, 0x0000000085a00000, 0x0000000085b00000|  0%| F|  |TAMS 0x0000000085a00000, 0x0000000085a00000| Untracked 
|  91|0x0000000085b00000, 0x0000000085b00000, 0x0000000085c00000|  0%| F|  |TAMS 0x0000000085b00000, 0x0000000085b00000| Untracked 
|  92|0x0000000085c00000, 0x0000000085c00000, 0x0000000085d00000|  0%| F|  |TAMS 0x0000000085c00000, 0x0000000085c00000| Untracked 
|  93|0x0000000085d00000, 0x0000000085d00000, 0x0000000085e00000|  0%| F|  |TAMS 0x0000000085d00000, 0x0000000085d00000| Untracked 
|  94|0x0000000085e00000, 0x0000000085e00000, 0x0000000085f00000|  0%| F|  |TAMS 0x0000000085e00000, 0x0000000085e00000| Untracked 
|  95|0x0000000085f00000, 0x0000000085f00000, 0x0000000086000000|  0%| F|  |TAMS 0x0000000085f00000, 0x0000000085f00000| Untracked 
|  96|0x0000000086000000, 0x0000000086000000, 0x0000000086100000|  0%| F|  |TAMS 0x0000000086000000, 0x0000000086000000| Untracked 
|  97|0x0000000086100000, 0x0000000086100000, 0x0000000086200000|  0%| F|  |TAMS 0x0000000086100000, 0x0000000086100000| Untracked 
|  98|0x0000000086200000, 0x0000000086200000, 0x0000000086300000|  0%| F|  |TAMS 0x0000000086200000, 0x0000000086200000| Untracked 
|  99|0x0000000086300000, 0x0000000086300000, 0x0000000086400000|  0%| F|  |TAMS 0x0000000086300000, 0x0000000086300000| Untracked 
| 100|0x0000000086400000, 0x0000000086400000, 0x0000000086500000|  0%| F|  |TAMS 0x0000000086400000, 0x0000000086400000| Untracked 
| 101|0x0000000086500000, 0x0000000086500000, 0x0000000086600000|  0%| F|  |TAMS 0x0000000086500000, 0x0000000086500000| Untracked 
| 102|0x0000000086600000, 0x0000000086600000, 0x0000000086700000|  0%| F|  |TAMS 0x0000000086600000, 0x0000000086600000| Untracked 
| 103|0x0000000086700000, 0x0000000086700000, 0x0000000086800000|  0%| F|  |TAMS 0x0000000086700000, 0x0000000086700000| Untracked 
| 104|0x0000000086800000, 0x0000000086800000, 0x0000000086900000|  0%| F|  |TAMS 0x0000000086800000, 0x0000000086800000| Untracked 
| 105|0x0000000086900000, 0x0000000086900000, 0x0000000086a00000|  0%| F|  |TAMS 0x0000000086900000, 0x0000000086900000| Untracked 
| 106|0x0000000086a00000, 0x0000000086a00000, 0x0000000086b00000|  0%| F|  |TAMS 0x0000000086a00000, 0x0000000086a00000| Untracked 
| 107|0x0000000086b00000, 0x0000000086b00000, 0x0000000086c00000|  0%| F|  |TAMS 0x0000000086b00000, 0x0000000086b00000| Untracked 
| 108|0x0000000086c00000, 0x0000000086c00000, 0x0000000086d00000|  0%| F|  |TAMS 0x0000000086c00000, 0x0000000086c00000| Untracked 
| 109|0x0000000086d00000, 0x0000000086d00000, 0x0000000086e00000|  0%| F|  |TAMS 0x0000000086d00000, 0x0000000086d00000| Untracked 
| 110|0x0000000086e00000, 0x0000000086e00000, 0x0000000086f00000|  0%| F|  |TAMS 0x0000000086e00000, 0x0000000086e00000| Untracked 
| 111|0x0000000086f00000, 0x0000000086f00000, 0x0000000087000000|  0%| F|  |TAMS 0x0000000086f00000, 0x0000000086f00000| Untracked 
| 112|0x0000000087000000, 0x0000000087000000, 0x0000000087100000|  0%| F|  |TAMS 0x0000000087000000, 0x0000000087000000| Untracked 
| 113|0x0000000087100000, 0x0000000087100000, 0x0000000087200000|  0%| F|  |TAMS 0x0000000087100000, 0x0000000087100000| Untracked 
| 114|0x0000000087200000, 0x0000000087200000, 0x0000000087300000|  0%| F|  |TAMS 0x0000000087200000, 0x0000000087200000| Untracked 
| 115|0x0000000087300000, 0x0000000087300000, 0x0000000087400000|  0%| F|  |TAMS 0x0000000087300000, 0x0000000087300000| Untracked 
| 116|0x0000000087400000, 0x0000000087400000, 0x0000000087500000|  0%| F|  |TAMS 0x0000000087400000, 0x0000000087400000| Untracked 
| 117|0x0000000087500000, 0x0000000087500000, 0x0000000087600000|  0%| F|  |TAMS 0x0000000087500000, 0x0000000087500000| Untracked 
| 118|0x0000000087600000, 0x0000000087600000, 0x0000000087700000|  0%| F|  |TAMS 0x0000000087600000, 0x0000000087600000| Untracked 
| 119|0x0000000087700000, 0x0000000087700000, 0x0000000087800000|  0%| F|  |TAMS 0x0000000087700000, 0x0000000087700000| Untracked 
| 120|0x0000000087800000, 0x0000000087800000, 0x0000000087900000|  0%| F|  |TAMS 0x0000000087800000, 0x0000000087800000| Untracked 
| 121|0x0000000087900000, 0x0000000087900000, 0x0000000087a00000|  0%| F|  |TAMS 0x0000000087900000, 0x0000000087900000| Untracked 
| 122|0x0000000087a00000, 0x0000000087a00000, 0x0000000087b00000|  0%| F|  |TAMS 0x0000000087a00000, 0x0000000087a00000| Untracked 
| 123|0x0000000087b00000, 0x0000000087b00000, 0x0000000087c00000|  0%| F|  |TAMS 0x0000000087b00000, 0x0000000087b00000| Untracked 
| 124|0x0000000087c00000, 0x0000000087c00000, 0x0000000087d00000|  0%| F|  |TAMS 0x0000000087c00000, 0x0000000087c00000| Untracked 
| 125|0x0000000087d00000, 0x0000000087d00000, 0x0000000087e00000|  0%| F|  |TAMS 0x0000000087d00000, 0x0000000087d00000| Untracked 
| 143|0x0000000088f00000, 0x0000000088f00000, 0x0000000089000000|  0%| F|  |TAMS 0x0000000088f00000, 0x0000000088f00000| Untracked 
| 144|0x0000000089000000, 0x0000000089000000, 0x0000000089100000|  0%| F|  |TAMS 0x0000000089000000, 0x0000000089000000| Untracked 
| 145|0x0000000089100000, 0x0000000089100000, 0x0000000089200000|  0%| F|  |TAMS 0x0000000089100000, 0x0000000089100000| Untracked 
| 146|0x0000000089200000, 0x0000000089200000, 0x0000000089300000|  0%| F|  |TAMS 0x0000000089200000, 0x0000000089200000| Untracked 
| 147|0x0000000089300000, 0x0000000089300000, 0x0000000089400000|  0%| F|  |TAMS 0x0000000089300000, 0x0000000089300000| Untracked 
| 148|0x0000000089400000, 0x0000000089400000, 0x0000000089500000|  0%| F|  |TAMS 0x0000000089400000, 0x0000000089400000| Untracked 
| 149|0x0000000089500000, 0x0000000089500000, 0x0000000089600000|  0%| F|  |TAMS 0x0000000089500000, 0x0000000089500000| Untracked 
| 150|0x0000000089600000, 0x0000000089600000, 0x0000000089700000|  0%| F|  |TAMS 0x0000000089600000, 0x0000000089600000| Untracked 
| 151|0x0000000089700000, 0x0000000089700000, 0x0000000089800000|  0%| F|  |TAMS 0x0000000089700000, 0x0000000089700000| Untracked 
| 152|0x0000000089800000, 0x0000000089800000, 0x0000000089900000|  0%| F|  |TAMS 0x0000000089800000, 0x0000000089800000| Untracked 
| 252|0x000000008fc00000, 0x000000008fc00000, 0x000000008fd00000|  0%| F|  |TAMS 0x000000008fc00000, 0x000000008fc00000| Untracked 
| 253|0x000000008fd00000, 0x000000008fe00000, 0x000000008fe00000|100%| E|  |TAMS 0x000000008fd00000, 0x000000008fd00000| Complete 

Card table byte_map: [0x000001c8ccac0000,0x000001c8ccec0000] _byte_map_base: 0x000001c8cc6c0000

Marking Bits (Prev, Next): (CMBitMap*) 0x000001c8b4f6c890, (CMBitMap*) 0x000001c8b4f6c850
 Prev Bits: [0x000001c8cf2c0000, 0x000001c8d12c0000)
 Next Bits: [0x000001c8cd2c0000, 0x000001c8cf2c0000)

Polling page: 0x000001c8b2e60000

Metaspace:

Usage:
  Non-class:     62.09 MB capacity,    61.37 MB ( 99%) used,   627.40 KB ( <1%) free+waste,   104.75 KB ( <1%) overhead. 
      Class:      9.58 MB capacity,     9.23 MB ( 96%) used,   308.20 KB (  3%) free+waste,    42.44 KB ( <1%) overhead. 
       Both:     71.66 MB capacity,    70.61 MB ( 99%) used,   935.59 KB (  1%) free+waste,   147.19 KB ( <1%) overhead. 

Virtual space:
  Non-class space:       64.00 MB reserved,      62.33 MB ( 97%) committed 
      Class space:        1.00 GB reserved,       9.62 MB ( <1%) committed 
             Both:        1.06 GB reserved,      71.95 MB (  7%) committed 

Chunk freelists:
   Non-Class:  54.00 KB
       Class:  18.00 KB
        Both:  72.00 KB

MaxMetaspaceSize: 17179869184.00 GB
CompressedClassSpaceSize: 1.00 GB

CodeHeap 'non-profiled nmethods': size=120000Kb used=4659Kb max_used=4659Kb free=115340Kb
 bounds [0x000001c8c4c30000, 0x000001c8c50c0000, 0x000001c8cc160000]
CodeHeap 'profiled nmethods': size=120000Kb used=15026Kb max_used=15026Kb free=104973Kb
 bounds [0x000001c8bd700000, 0x000001c8be5b0000, 0x000001c8c4c30000]
CodeHeap 'non-nmethods': size=5760Kb used=2382Kb max_used=2511Kb free=3377Kb
 bounds [0x000001c8bd160000, 0x000001c8bd3f0000, 0x000001c8bd700000]
 total_blobs=8407 nmethods=7537 adapters=782
 compilation: enabled
              stopped_count=0, restarted_count=0
 full_count=0

Compilation events (20 events):
Event: 24.506 Thread 0x000001c8d488b970 nmethod 8352 0x000001c8be598410 code [0x000001c8be598600, 0x000001c8be598bb8]
Event: 24.506 Thread 0x000001c8d488b970 8353       3       org.gradle.internal.component.external.model.DefaultModuleComponentArtifactIdentifier::<init> (34 bytes)
Event: 24.506 Thread 0x000001c8d488b970 nmethod 8353 0x000001c8be598d90 code [0x000001c8be598f60, 0x000001c8be599338]
Event: 24.506 Thread 0x000001c8d488b970 8354       3       org.gradle.internal.component.external.model.DefaultModuleComponentArtifactMetadata::<init> (13 bytes)
Event: 24.506 Thread 0x000001c8d488b970 nmethod 8354 0x000001c8be599490 code [0x000001c8be599640, 0x000001c8be5998f8]
Event: 24.517 Thread 0x000001c8d488b970 8355       3       org.gradle.internal.component.local.model.ComponentFileArtifactIdentifier::hashCode (16 bytes)
Event: 24.517 Thread 0x000001c8d488b970 nmethod 8355 0x000001c8be599a10 code [0x000001c8be599bc0, 0x000001c8be599e78]
Event: 24.522 Thread 0x000001c8d488b970 8356       3       java.util.LinkedList::removeFirst (23 bytes)
Event: 24.522 Thread 0x000001c8d488b970 nmethod 8356 0x000001c8be599f90 code [0x000001c8be59a140, 0x000001c8be59a378]
Event: 24.522 Thread 0x000001c8d488b970 8357       3       org.gradle.internal.component.external.model.DefaultConfigurationMetadata$Builder::withoutConstraints (13 bytes)
Event: 24.522 Thread 0x000001c8d488b970 nmethod 8357 0x000001c8be59a490 code [0x000001c8be59a640, 0x000001c8be59a7c8]
Event: 24.522 Thread 0x000001c8d488b970 8358       3       org.gradle.internal.component.external.model.DefaultConfigurationMetadata$DependencyFilter::dependenciesOnly (60 bytes)
Event: 24.522 Thread 0x000001c8d488b970 nmethod 8358 0x000001c8be59a890 code [0x000001c8be59aa60, 0x000001c8be59ad68]
Event: 24.522 Thread 0x000001c8d488b970 8359       1       org.gradle.internal.component.external.model.ImmutableCapability::getName (5 bytes)
Event: 24.522 Thread 0x000001c8d488b970 nmethod 8359 0x000001c8c50bb790 code [0x000001c8c50bb920, 0x000001c8c50bb9d8]
Event: 24.524 Thread 0x000001c8d488b970 8360       1       org.gradle.internal.component.external.model.AbstractMutableModuleComponentResolveMetadata$ImmutableVariantImpl::isExternalVariant (5 bytes)
Event: 24.525 Thread 0x000001c8d488b970 nmethod 8360 0x000001c8c50bba90 code [0x000001c8c50bbc20, 0x000001c8c50bbcd8]
Event: 24.525 Thread 0x000001c8d488b970 8361       3       org.gradle.internal.component.external.model.GradleDependencyMetadata::isTransitive (13 bytes)
Event: 24.525 Thread 0x000001c8d488b970 nmethod 8361 0x000001c8be59ae90 code [0x000001c8be59b020, 0x000001c8be59b1b8]
Event: 24.527 Thread 0x000001c8d488b970 8362       3       org.gradle.internal.component.model.MutableModuleSources::of (45 bytes)

GC Heap History (20 events):
Event: 20.168 GC heap before
{Heap before GC invocations=19 (full 0):
 garbage-first heap   total 83968K, used 62149K [0x0000000080000000, 0x0000000100000000)
  region size 1024K, 18 young (18432K), 2 survivors (2048K)
 Metaspace       used 50111K, capacity 50959K, committed 51152K, reserved 1093632K
  class space    used 6499K, capacity 6767K, committed 6784K, reserved 1048576K
}
Event: 20.170 GC heap after
{Heap after GC invocations=20 (full 0):
 garbage-first heap   total 83968K, used 46931K [0x0000000080000000, 0x0000000100000000)
  region size 1024K, 3 young (3072K), 3 survivors (3072K)
 Metaspace       used 50111K, capacity 50959K, committed 51152K, reserved 1093632K
  class space    used 6499K, capacity 6767K, committed 6784K, reserved 1048576K
}
Event: 20.440 GC heap before
{Heap before GC invocations=20 (full 0):
 garbage-first heap   total 83968K, used 63315K [0x0000000080000000, 0x0000000100000000)
  region size 1024K, 20 young (20480K), 3 survivors (3072K)
 Metaspace       used 52083K, capacity 52885K, committed 53200K, reserved 1095680K
  class space    used 6714K, capacity 6960K, committed 7040K, reserved 1048576K
}
Event: 20.444 GC heap after
{Heap after GC invocations=21 (full 0):
 garbage-first heap   total 83968K, used 49091K [0x0000000080000000, 0x0000000100000000)
  region size 1024K, 3 young (3072K), 3 survivors (3072K)
 Metaspace       used 52083K, capacity 52885K, committed 53200K, reserved 1095680K
  class space    used 6714K, capacity 6960K, committed 7040K, reserved 1048576K
}
Event: 20.681 GC heap before
{Heap before GC invocations=22 (full 0):
 garbage-first heap   total 89088K, used 64451K [0x0000000080000000, 0x0000000100000000)
  region size 1024K, 19 young (19456K), 3 survivors (3072K)
 Metaspace       used 53818K, capacity 54713K, committed 54864K, reserved 1097728K
  class space    used 6926K, capacity 7158K, committed 7168K, reserved 1048576K
}
Event: 20.686 GC heap after
{Heap after GC invocations=23 (full 0):
 garbage-first heap   total 89088K, used 50607K [0x0000000080000000, 0x0000000100000000)
  region size 1024K, 2 young (2048K), 2 survivors (2048K)
 Metaspace       used 53818K, capacity 54713K, committed 54864K, reserved 1097728K
  class space    used 6926K, capacity 7158K, committed 7168K, reserved 1048576K
}
Event: 20.798 GC heap before
{Heap before GC invocations=23 (full 0):
 garbage-first heap   total 89088K, used 57775K [0x0000000080000000, 0x0000000100000000)
  region size 1024K, 10 young (10240K), 2 survivors (2048K)
 Metaspace       used 54612K, capacity 55450K, committed 55504K, reserved 1097728K
  class space    used 7001K, capacity 7254K, committed 7296K, reserved 1048576K
}
Event: 20.802 GC heap after
{Heap after GC invocations=24 (full 0):
 garbage-first heap   total 89088K, used 51337K [0x0000000080000000, 0x0000000100000000)
  region size 1024K, 3 young (3072K), 3 survivors (3072K)
 Metaspace       used 54612K, capacity 55450K, committed 55504K, reserved 1097728K
  class space    used 7001K, capacity 7254K, committed 7296K, reserved 1048576K
}
Event: 21.178 GC heap before
{Heap before GC invocations=25 (full 0):
 garbage-first heap   total 94208K, used 70793K [0x0000000080000000, 0x0000000100000000)
  region size 1024K, 21 young (21504K), 3 survivors (3072K)
 Metaspace       used 55570K, capacity 56466K, committed 56656K, reserved 1099776K
  class space    used 7147K, capacity 7396K, committed 7424K, reserved 1048576K
}
Event: 21.181 GC heap after
{Heap after GC invocations=26 (full 0):
 garbage-first heap   total 94208K, used 52733K [0x0000000080000000, 0x0000000100000000)
  region size 1024K, 3 young (3072K), 3 survivors (3072K)
 Metaspace       used 55570K, capacity 56466K, committed 56656K, reserved 1099776K
  class space    used 7147K, capacity 7396K, committed 7424K, reserved 1048576K
}
Event: 21.382 GC heap before
{Heap before GC invocations=26 (full 0):
 garbage-first heap   total 94208K, used 73213K [0x0000000080000000, 0x0000000100000000)
  region size 1024K, 23 young (23552K), 3 survivors (3072K)
 Metaspace       used 56450K, capacity 57330K, committed 57552K, reserved 1099776K
  class space    used 7244K, capacity 7534K, committed 7552K, reserved 1048576K
}
Event: 21.387 GC heap after
{Heap after GC invocations=27 (full 0):
 garbage-first heap   total 94208K, used 55241K [0x0000000080000000, 0x0000000100000000)
  region size 1024K, 3 young (3072K), 3 survivors (3072K)
 Metaspace       used 56450K, capacity 57330K, committed 57552K, reserved 1099776K
  class space    used 7244K, capacity 7534K, committed 7552K, reserved 1048576K
}
Event: 21.710 GC heap before
{Heap before GC invocations=28 (full 0):
 garbage-first heap   total 101376K, used 74697K [0x0000000080000000, 0x0000000100000000)
  region size 1024K, 22 young (22528K), 3 survivors (3072K)
 Metaspace       used 59014K, capacity 59890K, committed 60112K, reserved 1101824K
  class space    used 7681K, capacity 7982K, committed 8064K, reserved 1048576K
}
Event: 21.715 GC heap after
{Heap after GC invocations=29 (full 0):
 garbage-first heap   total 101376K, used 56505K [0x0000000080000000, 0x0000000100000000)
  region size 1024K, 2 young (2048K), 2 survivors (2048K)
 Metaspace       used 59014K, capacity 59890K, committed 60112K, reserved 1101824K
  class space    used 7681K, capacity 7982K, committed 8064K, reserved 1048576K
}
Event: 22.074 GC heap before
{Heap before GC invocations=29 (full 0):
 garbage-first heap   total 101376K, used 81081K [0x0000000080000000, 0x0000000100000000)
  region size 1024K, 26 young (26624K), 2 survivors (2048K)
 Metaspace       used 61405K, capacity 62291K, committed 62416K, reserved 1103872K
  class space    used 8044K, capacity 8308K, committed 8320K, reserved 1048576K
}
Event: 22.080 GC heap after
{Heap after GC invocations=30 (full 0):
 garbage-first heap   total 101376K, used 58443K [0x0000000080000000, 0x0000000100000000)
  region size 1024K, 4 young (4096K), 4 survivors (4096K)
 Metaspace       used 61405K, capacity 62291K, committed 62416K, reserved 1103872K
  class space    used 8044K, capacity 8308K, committed 8320K, reserved 1048576K
}
Event: 22.260 GC heap before
{Heap before GC invocations=31 (full 0):
 garbage-first heap   total 117760K, used 79947K [0x0000000080000000, 0x0000000100000000)
  region size 1024K, 25 young (25600K), 4 survivors (4096K)
 Metaspace       used 61823K, capacity 62725K, committed 62800K, reserved 1103872K
  class space    used 8102K, capacity 8388K, committed 8448K, reserved 1048576K
}
Event: 22.264 GC heap after
{Heap after GC invocations=32 (full 0):
 garbage-first heap   total 141312K, used 60104K [0x0000000080000000, 0x0000000100000000)
  region size 1024K, 2 young (2048K), 2 survivors (2048K)
 Metaspace       used 61823K, capacity 62725K, committed 62800K, reserved 1103872K
  class space    used 8102K, capacity 8388K, committed 8448K, reserved 1048576K
}
Event: 23.294 GC heap before
{Heap before GC invocations=32 (full 0):
 garbage-first heap   total 141312K, used 112328K [0x0000000080000000, 0x0000000100000000)
  region size 1024K, 53 young (54272K), 2 survivors (2048K)
 Metaspace       used 68351K, capacity 69388K, committed 69584K, reserved 1110016K
  class space    used 8997K, capacity 9286K, committed 9344K, reserved 1048576K
}
Event: 23.301 GC heap after
{Heap after GC invocations=33 (full 0):
 garbage-first heap   total 141312K, used 63494K [0x0000000080000000, 0x0000000100000000)
  region size 1024K, 6 young (6144K), 6 survivors (6144K)
 Metaspace       used 68351K, capacity 69388K, committed 69584K, reserved 1110016K
  class space    used 8997K, capacity 9286K, committed 9344K, reserved 1048576K
}

Deoptimization events (20 events):
Event: 23.839 Thread 0x000001c8d5806a90 Uncommon trap: trap_request=0xffffff45 fr.pc=0x000001c8c4d9aab8 relative=0x00000000000001f8
Event: 23.839 Thread 0x000001c8d5806a90 Uncommon trap: reason=unstable_if action=reinterpret pc=0x000001c8c4d9aab8 method=java.lang.ThreadLocal$ThreadLocalMap.set(Ljava/lang/ThreadLocal;Ljava/lang/Object;)V @ 128 c2
Event: 23.839 Thread 0x000001c8d5806a90 DEOPT PACKING pc=0x000001c8c4d9aab8 sp=0x000000546c9f9020
Event: 23.839 Thread 0x000001c8d5806a90 DEOPT UNPACKING pc=0x000001c8bd1ae42f sp=0x000000546c9f8fd8 mode 2
Event: 23.899 Thread 0x000001c8d5806a90 Uncommon trap: trap_request=0xffffffc6 fr.pc=0x000001c8c4f3b3d8 relative=0x0000000000000498
Event: 23.899 Thread 0x000001c8d5806a90 Uncommon trap: reason=bimorphic_or_optimized_type_check action=maybe_recompile pc=0x000001c8c4f3b3d8 method=java.util.Collections$SetFromMap.remove(Ljava/lang/Object;)Z @ 5 c2
Event: 23.899 Thread 0x000001c8d5806a90 DEOPT PACKING pc=0x000001c8c4f3b3d8 sp=0x000000546c9fb6d0
Event: 23.899 Thread 0x000001c8d5806a90 DEOPT UNPACKING pc=0x000001c8bd1ae42f sp=0x000000546c9fb6c8 mode 2
Event: 23.910 Thread 0x000001c8d6abea70 Uncommon trap: trap_request=0xffffffc6 fr.pc=0x000001c8c4c62264 relative=0x0000000000000764
Event: 23.910 Thread 0x000001c8d6abea70 Uncommon trap: reason=bimorphic_or_optimized_type_check action=maybe_recompile pc=0x000001c8c4c62264 method=java.util.Arrays.binarySearch0([Ljava/lang/Object;IILjava/lang/Object;Ljava/util/Comparator;)I @ 48 c2
Event: 23.910 Thread 0x000001c8d6abea70 DEOPT PACKING pc=0x000001c8c4c62264 sp=0x00000054708fe310
Event: 23.910 Thread 0x000001c8d6abea70 DEOPT UNPACKING pc=0x000001c8bd1ae42f sp=0x00000054708fe290 mode 2
Event: 23.910 Thread 0x000001c8d6abea70 Uncommon trap: trap_request=0xffffffc6 fr.pc=0x000001c8c4c62264 relative=0x0000000000000764
Event: 23.910 Thread 0x000001c8d6abea70 Uncommon trap: reason=bimorphic_or_optimized_type_check action=maybe_recompile pc=0x000001c8c4c62264 method=java.util.Arrays.binarySearch0([Ljava/lang/Object;IILjava/lang/Object;Ljava/util/Comparator;)I @ 48 c2
Event: 23.910 Thread 0x000001c8d6abea70 DEOPT PACKING pc=0x000001c8c4c62264 sp=0x00000054708fe310
Event: 23.910 Thread 0x000001c8d6abea70 DEOPT UNPACKING pc=0x000001c8bd1ae42f sp=0x00000054708fe290 mode 2
Event: 24.410 Thread 0x000001c8d5806a90 Uncommon trap: trap_request=0xffffff45 fr.pc=0x000001c8c4fed1dc relative=0x000000000000005c
Event: 24.410 Thread 0x000001c8d5806a90 Uncommon trap: reason=unstable_if action=reinterpret pc=0x000001c8c4fed1dc method=com.google.common.base.Objects.equal(Ljava/lang/Object;Ljava/lang/Object;)Z @ 6 c2
Event: 24.410 Thread 0x000001c8d5806a90 DEOPT PACKING pc=0x000001c8c4fed1dc sp=0x000000546c9f6ae0
Event: 24.410 Thread 0x000001c8d5806a90 DEOPT UNPACKING pc=0x000001c8bd1ae42f sp=0x000000546c9f6a80 mode 2

Classes unloaded (0 events):
No events

Classes redefined (0 events):
No events

Internal exceptions (20 events):
Event: 23.395 Thread 0x000001c8d5806a90 Exception <a 'java/lang/ClassNotFoundException'{0x00000000895ed520}: com/android/build/gradle/internal/api/ReadOnlyBaseConfigCustomizer> (0x00000000895ed520) 
thrown [./open/src/hotspot/share/classfile/systemDictionary.cpp, line 295]
Event: 23.396 Thread 0x000001c8d5806a90 Exception <a 'java/lang/ClassNotFoundException'{0x00000000894096a0}: com/android/build/gradle/internal/api/ReadOnlyBuildTypeCustomizer> (0x00000000894096a0) 
thrown [./open/src/hotspot/share/classfile/systemDictionary.cpp, line 295]
Event: 23.405 Thread 0x000001c8d5806a90 Exception <a 'java/lang/ClassNotFoundException'{0x000000008934d398}: com/android/build/gradle/internal/api/ImmutableFlavorListBeanInfo> (0x000000008934d398) 
thrown [./open/src/hotspot/share/classfile/systemDictionary.cpp, line 295]
Event: 23.406 Thread 0x000001c8d5806a90 Exception <a 'java/lang/ClassNotFoundException'{0x0000000089358978}: com/android/build/gradle/internal/api/ImmutableFlavorListCustomizer> (0x0000000089358978) 
thrown [./open/src/hotspot/share/classfile/systemDictionary.cpp, line 295]
Event: 23.416 Thread 0x000001c8d5806a90 Exception <a 'java/lang/ClassNotFoundException'{0x0000000089220700}: org/gradle/api/internal/file/collections/DefaultConfigurableFileCollectionBeanInfo> (0x0000000089220700) 
thrown [./open/src/hotspot/share/classfile/systemDictionary.cpp, line 295]
Event: 23.416 Thread 0x000001c8d5806a90 Exception <a 'java/lang/ClassNotFoundException'{0x000000008922ade8}: org/gradle/api/internal/file/CompositeFileCollectionBeanInfo> (0x000000008922ade8) 
thrown [./open/src/hotspot/share/classfile/systemDictionary.cpp, line 295]
Event: 23.417 Thread 0x000001c8d5806a90 Exception <a 'java/lang/ClassNotFoundException'{0x0000000089235490}: org/gradle/api/internal/file/CompositeFileCollectionCustomizer> (0x0000000089235490) 
thrown [./open/src/hotspot/share/classfile/systemDictionary.cpp, line 295]
Event: 23.418 Thread 0x000001c8d5806a90 Exception <a 'java/lang/ClassNotFoundException'{0x0000000089248260}: org/gradle/api/internal/file/collections/DefaultConfigurableFileCollectionCustomizer> (0x0000000089248260) 
thrown [./open/src/hotspot/share/classfile/systemDictionary.cpp, line 295]
Event: 23.714 Thread 0x000001c8d5806a90 Exception <a 'java/lang/NoSuchMethodError'{0x0000000086cd4218}: static Lcom/android/build/gradle/internal/profile/ProjectData;.<clinit>()V> (0x0000000086cd4218) 
thrown [./open/src/hotspot/share/prims/jni.cpp, line 1204]
Event: 23.723 Thread 0x000001c8d5806a90 Exception <a 'java/lang/NoSuchMethodError'{0x0000000086b0ae98}: static Lcom/android/build/gradle/internal/profile/TaskMetadata;.<clinit>()V> (0x0000000086b0ae98) 
thrown [./open/src/hotspot/share/prims/jni.cpp, line 1204]
Event: 23.766 Thread 0x000001c8d5806a90 Exception <a 'sun/nio/fs/WindowsException'{0x000000008690f818}> (0x000000008690f818) 
thrown [./open/src/hotspot/share/prims/jni.cpp, line 578]
Event: 23.827 Thread 0x000001c8d689cbd0 Exception <a 'java/lang/NoSuchMethodError'{0x0000000086488a60}: static Lorg/gradle/internal/build/event/types/DefaultTaskStartedProgressEvent;.<clinit>()V> (0x0000000086488a60) 
thrown [./open/src/hotspot/share/prims/jni.cpp, line 1204]
Event: 23.827 Thread 0x000001c8d689cbd0 Exception <a 'java/lang/NoSuchMethodError'{0x0000000086493cf0}: static Lorg/gradle/internal/build/event/types/DefaultTaskDescriptor;.<clinit>()V> (0x0000000086493cf0) 
thrown [./open/src/hotspot/share/prims/jni.cpp, line 1204]
Event: 23.830 Thread 0x000001c8d689cbd0 Exception <a 'java/lang/NoSuchMethodError'{0x00000000864a00f0}: static Lorg/gradle/internal/build/event/types/DefaultTaskFinishedProgressEvent;.<clinit>()V> (0x00000000864a00f0) 
thrown [./open/src/hotspot/share/prims/jni.cpp, line 1204]
Event: 23.831 Thread 0x000001c8d689cbd0 Exception <a 'java/lang/NoSuchMethodError'{0x00000000864b2a20}: static Lorg/gradle/internal/build/event/types/DefaultTaskSuccessResult;.<clinit>()V> (0x00000000864b2a20) 
thrown [./open/src/hotspot/share/prims/jni.cpp, line 1204]
Event: 23.831 Thread 0x000001c8d689cbd0 Exception <a 'java/lang/NoSuchMethodError'{0x0000000086300820}: static Lorg/gradle/internal/build/event/types/AbstractTaskResult;.<clinit>()V> (0x0000000086300820) 
thrown [./open/src/hotspot/share/prims/jni.cpp, line 1204]
Event: 23.843 Thread 0x000001c8d6abb580 Exception <a 'java/lang/NoSuchMethodError'{0x00000000863ec000}: static Lcom/android/ide/common/attribution/AndroidGradlePluginAttributionData$BuildInfo;.<clinit>()V> (0x00000000863ec000) 
thrown [./open/src/hotspot/share/prims/jni.cpp, line 1204]
Event: 23.845 Thread 0x000001c8d6abb580 Exception <a 'java/lang/NoSuchMethodError'{0x00000000862001e0}: static Lcom/android/ide/common/attribution/AndroidGradlePluginAttributionData$JavaInfo;.<clinit>()V> (0x00000000862001e0) 
thrown [./open/src/hotspot/share/prims/jni.cpp, line 1204]
Event: 23.846 Thread 0x000001c8d6abb580 Exception <a 'java/lang/NoSuchMethodError'{0x0000000086218f90}: static [Ljava/lang/String;.<clinit>()V> (0x0000000086218f90) 
thrown [./open/src/hotspot/share/prims/jni.cpp, line 1204]
Event: 23.900 Thread 0x000001c8d689cbd0 Exception <a 'java/lang/NoSuchMethodError'{0x0000000086009488}: static Lorg/gradle/internal/build/event/types/DefaultTaskSkippedResult;.<clinit>()V> (0x0000000086009488) 
thrown [./open/src/hotspot/share/prims/jni.cpp, line 1204]

Events (20 events):
Event: 23.823 Executing VM operation: HandshakeAllThreads done
Event: 23.825 Executing VM operation: HandshakeAllThreads
Event: 23.825 Executing VM operation: HandshakeAllThreads done
Event: 23.825 loading class java/util/TreeMap$KeySpliterator
Event: 23.825 loading class java/util/TreeMap$TreeMapSpliterator
Event: 23.825 loading class java/util/TreeMap$TreeMapSpliterator done
Event: 23.825 loading class java/util/TreeMap$KeySpliterator done
Event: 23.837 Executing VM operation: HandshakeAllThreads
Event: 23.837 Executing VM operation: HandshakeAllThreads done
Event: 23.856 loading class java/time/Instant$1
Event: 23.856 loading class java/time/Instant$1 done
Event: 23.896 Executing VM operation: HandshakeAllThreads
Event: 23.896 Executing VM operation: HandshakeAllThreads done
Event: 24.082 Executing VM operation: HandshakeAllThreads
Event: 24.083 Executing VM operation: HandshakeAllThreads done
Event: 24.409 Thread 0x000001c8d6c97560 Thread exited: 0x000001c8d6c97560
Event: 24.487 Executing VM operation: ICBufferFull
Event: 24.487 Executing VM operation: ICBufferFull done
Event: 24.487 Executing VM operation: HandshakeAllThreads
Event: 24.488 Executing VM operation: HandshakeAllThreads done


Dynamic libraries:
0x00007ff719d50000 - 0x00007ff719d5f000 	C:\Program Files\Java\jdk-15.0.2\bin\java.exe
0x00007ff905140000 - 0x00007ff905349000 	C:\WINDOWS\SYSTEM32\ntdll.dll
0x00007ff904d00000 - 0x00007ff904dbd000 	C:\WINDOWS\System32\KERNEL32.DLL
0x00007ff902630000 - 0x00007ff9029a4000 	C:\WINDOWS\System32\KERNELBASE.dll
0x00007ff902ce0000 - 0x00007ff902df1000 	C:\WINDOWS\System32\ucrtbase.dll
0x00007ff8f3950000 - 0x00007ff8f3969000 	C:\Program Files\Java\jdk-15.0.2\bin\VCRUNTIME140.dll
0x00007ff8f3030000 - 0x00007ff8f3048000 	C:\Program Files\Java\jdk-15.0.2\bin\jli.dll
0x00007ff904370000 - 0x00007ff90441e000 	C:\WINDOWS\System32\ADVAPI32.dll
0x00007ff905050000 - 0x00007ff9050f3000 	C:\WINDOWS\System32\msvcrt.dll
0x00007ff903500000 - 0x00007ff90359e000 	C:\WINDOWS\System32\sechost.dll
0x00007ff902fe0000 - 0x00007ff903100000 	C:\WINDOWS\System32\RPCRT4.dll
0x00007ff904e90000 - 0x00007ff90503c000 	C:\WINDOWS\System32\USER32.dll
0x00007ff902cb0000 - 0x00007ff902cd6000 	C:\WINDOWS\System32\win32u.dll
0x00007ff8e3570000 - 0x00007ff8e3815000 	C:\WINDOWS\WinSxS\amd64_microsoft.windows.common-controls_6595b64144ccf1df_6.0.22000.120_none_9d947278b86cc467\COMCTL32.dll
0x00007ff904340000 - 0x00007ff904369000 	C:\WINDOWS\System32\GDI32.dll
0x00007ff902b20000 - 0x00007ff902c32000 	C:\WINDOWS\System32\gdi32full.dll
0x00007ff902e00000 - 0x00007ff902e9d000 	C:\WINDOWS\System32\msvcp_win.dll
0x00007ff8fd8e0000 - 0x00007ff8fd8ea000 	C:\WINDOWS\SYSTEM32\VERSION.dll
0x00007ff904dc0000 - 0x00007ff904df1000 	C:\WINDOWS\System32\IMM32.DLL
0x00007ff8f2e30000 - 0x00007ff8f2e3c000 	C:\Program Files\Java\jdk-15.0.2\bin\vcruntime140_1.dll
0x00007ff8ed5d0000 - 0x00007ff8ed661000 	C:\Program Files\Java\jdk-15.0.2\bin\msvcp140.dll
0x00007ff87a450000 - 0x00007ff87afae000 	C:\Program Files\Java\jdk-15.0.2\bin\server\jvm.dll
0x00007ff9032a0000 - 0x00007ff9032a8000 	C:\WINDOWS\System32\PSAPI.DLL
0x00007ff8de2c0000 - 0x00007ff8de2c9000 	C:\WINDOWS\SYSTEM32\WSOCK32.dll
0x00007ff8f42a0000 - 0x00007ff8f42d3000 	C:\WINDOWS\SYSTEM32\WINMM.dll
0x00007ff9033a0000 - 0x00007ff90340f000 	C:\WINDOWS\System32\WS2_32.dll
0x00007ff901820000 - 0x00007ff901838000 	C:\WINDOWS\SYSTEM32\kernel.appcore.dll
0x00007ff8f2e20000 - 0x00007ff8f2e2a000 	C:\Program Files\Java\jdk-15.0.2\bin\jimage.dll
0x00007ff8f0c70000 - 0x00007ff8f0e91000 	C:\WINDOWS\SYSTEM32\DBGHELP.DLL
0x00007ff8eec00000 - 0x00007ff8eec31000 	C:\WINDOWS\SYSTEM32\dbgcore.DLL
0x00007ff902f60000 - 0x00007ff902fdf000 	C:\WINDOWS\System32\bcryptPrimitives.dll
0x00007ff8f2df0000 - 0x00007ff8f2e15000 	C:\Program Files\Java\jdk-15.0.2\bin\java.dll
0x00007ff903600000 - 0x00007ff903dae000 	C:\WINDOWS\System32\SHELL32.dll
0x00007ff9007b0000 - 0x00007ff901017000 	C:\WINDOWS\SYSTEM32\windows.storage.dll
0x00007ff9046e0000 - 0x00007ff904a58000 	C:\WINDOWS\System32\combase.dll
0x00007ff900640000 - 0x00007ff9007a6000 	C:\WINDOWS\SYSTEM32\wintypes.dll
0x00007ff9045f0000 - 0x00007ff9046da000 	C:\WINDOWS\System32\SHCORE.dll
0x00007ff903100000 - 0x00007ff90315d000 	C:\WINDOWS\System32\shlwapi.dll
0x00007ff902560000 - 0x00007ff902581000 	C:\WINDOWS\SYSTEM32\profapi.dll
0x00007ff8f25a0000 - 0x00007ff8f25b9000 	C:\Program Files\Java\jdk-15.0.2\bin\net.dll
0x00007ff8fd780000 - 0x00007ff8fd88c000 	C:\WINDOWS\SYSTEM32\WINHTTP.dll
0x00007ff901c50000 - 0x00007ff901cb7000 	C:\WINDOWS\system32\mswsock.dll
0x00007ff8f2580000 - 0x00007ff8f2592000 	C:\Program Files\Java\jdk-15.0.2\bin\nio.dll
0x00007ff8f2560000 - 0x00007ff8f2578000 	C:\Program Files\Java\jdk-15.0.2\bin\zip.dll
0x00007ff8ed570000 - 0x00007ff8ed580000 	C:\Program Files\Java\jdk-15.0.2\bin\verify.dll
0x00007ff8f7830000 - 0x00007ff8f7857000 	D:\aa\native\8bec1ad78214c89d9ad589b4d07fe93259594b29d510b10fafb7a158f7737e5d\windows-amd64\native-platform.dll
0x00007ff8ed670000 - 0x00007ff8ed7ad000 	D:\aa\native\53dbd7edfb1c66fb8903c78663c9afc45aea4f116125fa6feffd364cf09443e8\windows-amd64\native-platform-file-events.dll
0x00007ff8fec60000 - 0x00007ff8fec69000 	C:\Program Files\Java\jdk-15.0.2\bin\management.dll
0x00007ff8fec50000 - 0x00007ff8fec5b000 	C:\Program Files\Java\jdk-15.0.2\bin\management_ext.dll
0x00007ff901ea0000 - 0x00007ff901eb8000 	C:\WINDOWS\SYSTEM32\CRYPTSP.dll
0x00007ff901780000 - 0x00007ff9017b5000 	C:\WINDOWS\system32\rsaenh.dll
0x00007ff901d40000 - 0x00007ff901d69000 	C:\WINDOWS\SYSTEM32\USERENV.dll
0x00007ff902010000 - 0x00007ff902037000 	C:\WINDOWS\SYSTEM32\bcrypt.dll
0x00007ff901e90000 - 0x00007ff901e9c000 	C:\WINDOWS\SYSTEM32\CRYPTBASE.dll
0x00007ff901350000 - 0x00007ff90137d000 	C:\WINDOWS\SYSTEM32\IPHLPAPI.DLL
0x00007ff9045e0000 - 0x00007ff9045e9000 	C:\WINDOWS\System32\NSI.dll
0x00007ff8fd5c0000 - 0x00007ff8fd5d9000 	C:\WINDOWS\SYSTEM32\dhcpcsvc6.DLL
0x00007ff8fda10000 - 0x00007ff8fda2e000 	C:\WINDOWS\SYSTEM32\dhcpcsvc.DLL
0x00007ff901380000 - 0x00007ff901467000 	C:\WINDOWS\SYSTEM32\DNSAPI.dll

dbghelp: loaded successfully - version: 4.0.5 - missing functions: none
symbol engine: initialized successfully - sym options: 0x614 - pdb path: .;C:\Program Files\Java\jdk-15.0.2\bin;C:\WINDOWS\SYSTEM32;C:\WINDOWS\WinSxS\amd64_microsoft.windows.common-controls_6595b64144ccf1df_6.0.22000.120_none_9d947278b86cc467;C:\Program Files\Java\jdk-15.0.2\bin\server;D:\aa\native\8bec1ad78214c89d9ad589b4d07fe93259594b29d510b10fafb7a158f7737e5d\windows-amd64;D:\aa\native\53dbd7edfb1c66fb8903c78663c9afc45aea4f116125fa6feffd364cf09443e8\windows-amd64

VM Arguments:
jvm_args: --add-opens=java.base/java.util=ALL-UNNAMED --add-opens=java.base/java.lang=ALL-UNNAMED --add-opens=java.base/java.lang.invoke=ALL-UNNAMED --add-opens=java.base/java.util=ALL-UNNAMED --add-opens=java.prefs/java.util.prefs=ALL-UNNAMED --add-opens=java.prefs/java.util.prefs=ALL-UNNAMED --add-opens=java.base/java.nio.charset=ALL-UNNAMED --add-opens=java.base/java.net=ALL-UNNAMED --add-opens=java.base/java.util.concurrent.atomic=ALL-UNNAMED -Xmx2048m -Dfile.encoding=UTF-8 -Duser.country=IN -Duser.language=en -Duser.variant 
java_command: org.gradle.launcher.daemon.bootstrap.GradleDaemon 7.0.2
java_class_path (initial): D:\aa\wrapper\dists\gradle-7.0.2-bin\857tjihv64xamwrf0h14cai3r\gradle-7.0.2\lib\gradle-launcher-7.0.2.jar
Launcher Type: SUN_STANDARD

[Global flags]
     intx CICompilerCount                          = 4                                         {product} {ergonomic}
     uint ConcGCThreads                            = 3                                         {product} {ergonomic}
     uint G1ConcRefinementThreads                  = 10                                        {product} {ergonomic}
   size_t G1HeapRegionSize                         = 1048576                                   {product} {ergonomic}
    uintx GCDrainStackTargetSize                   = 64                                        {product} {ergonomic}
   size_t InitialHeapSize                          = 266338304                                 {product} {ergonomic}
   size_t MarkStackSize                            = 4194304                                   {product} {ergonomic}
   size_t MaxHeapSize                              = 2147483648                                {product} {command line}
   size_t MaxNewSize                               = 1287651328                                {product} {ergonomic}
   size_t MinHeapDeltaBytes                        = 1048576                                   {product} {ergonomic}
   size_t MinHeapSize                              = 8388608                                   {product} {ergonomic}
    uintx NonNMethodCodeHeapSize                   = 5839372                                {pd product} {ergonomic}
    uintx NonProfiledCodeHeapSize                  = 122909434                              {pd product} {ergonomic}
    uintx ProfiledCodeHeapSize                     = 122909434                              {pd product} {ergonomic}
    uintx ReservedCodeCacheSize                    = 251658240                              {pd product} {ergonomic}
     bool SegmentedCodeCache                       = true                                      {product} {ergonomic}
   size_t SoftMaxHeapSize                          = 2147483648                             {manageable} {ergonomic}
     bool UseCompressedClassPointers               = true                                 {lp64_product} {ergonomic}
     bool UseCompressedOops                        = true                                 {lp64_product} {ergonomic}
     bool UseG1GC                                  = true                                      {product} {ergonomic}
     bool UseLargePagesIndividualAllocation        = false                                  {pd product} {ergonomic}

Logging:
Log output configuration:
 #0: stdout all=warning uptime,level,tags
 #1: stderr all=off uptime,level,tags

Environment Variables:
JAVA_HOME=C:\Program Files\Java\jdk-15.0.2
PATH=C:\MinGW;C:\MinGW\bin;C:\Program Files\Java\jdk-15.0.2\bin;C:\Program Files\Common Files\Oracle\Java\javapath;C:\Windows\system32;C:\Windows;C:\Windows\System32\Wbem;C:\Windows\System32\WindowsPowerShell\v1.0\;C:\Windows\System32\OpenSSH\;C:\Program Files (x86)\NVIDIA Corporation\PhysX\Common;C:\Program Files\NVIDIA Corporation\NVIDIA NvDLISR;C:\WINDOWS\system32;C:\WINDOWS;C:\WINDOWS\System32\Wbem;C:\WINDOWS\System32\WindowsPowerShell\v1.0\;C:\WINDOWS\System32\OpenSSH\;C:\Program Files\Git\cmd;C:\Program Files\dotnet\;C:\Users\Deepak\Desktop\gradle1\gradle-7.0.1\bin;C:\Users\Deepak\Desktop\gradle1\gradle-7.0.1;C:\Program Files\nodejs;C:\Program Files\Google\Google Apps Sync\;C:\Program Files\Google\Google Apps Migration\;C:\Program Files\Microsoft SQL Server\150\Tools\Binn\;C:\Program Files\Microsoft SQL Server\Client SDK\ODBC\170\Tools\Binn\;C:\Program Files\MySQL\MySQL Router 8.0\bin;C:\Program Files (x86)\Microsoft SQL Server\150\Tools\Binn\;C:\Program Files\Microsoft SQL Server\150\DTS\Binn\;C:\Program Files (x86)\Microsoft SQL Server\150\DTS\Binn\;C:\Program Files\Azure Data Studio\bin;C:\Program Files (x86)\dotnet\;C:\Users\Deepak\anaconda3;C:\Users\Deepak\anaconda3\Library\mingw-w64\bin;C:\Users\Deepak\anaconda3\Library\usr\bin;C:\Users\Deepak\anaconda3\Library\bin;C:\Users\Deepak\anaconda3\Scripts;C:\Program Files\MySQL\MySQL Shell 8.0\bin\;C:\src\flutter\flutter\bin;C:\Users\Deepak\AppData\Local\Programs\Python\Python39\Scripts\;C:\Users\Deepak\AppData\Local\Programs\Python\Python39\;C:\Program Files\Java\jdk-15.0.2\bin;C:\Program Files\JetBrains\IntelliJ IDEA 2020.3.2\bin;;C:\Users\Deepak\AppData\Local\Microsoft\WindowsApps;C:\Users\Deepak\AppData\Local\Programs\Microsoft VS Code\bin;C:\Users\Deepak\AppData\Local\Programs\radare2\bin;C:\Modeltech_eval_6.2c\win32;C:\Modeltech_6.2c\win32;C:\Program Files\JetBrains\IntelliJ IDEA Community Edition 2021.1.2\bin;;C:\Program Files\JetBrains\PyCharm Community Edition 2021.1.2\bin;;C:\Users\Deepak\AppData\Roaming
USERNAME=Deepak
OS=Windows_NT
PROCESSOR_IDENTIFIER=Intel64 Family 6 Model 158 Stepping 10, GenuineIntel



---------------  S Y S T E M  ---------------

OS:
 Windows 10 , 64 bit Build 22000 (10.0.22000.434)
OS uptime: 0 days 7:30 hours

CPU: total 12 (initial active 12) (6 cores per cpu, 2 threads per core) family 6 model 158 stepping 10 microcode 0xde, cmov, cx8, fxsr, mmx, sse, sse2, sse3, ssse3, sse4.1, sse4.2, popcnt, vzeroupper, avx, avx2, aes, clmul, erms, 3dnowpref, lzcnt, ht, tsc, tscinvbit, bmi1, bmi2, adx, fma, clflush, clflushopt

Memory: 4k page, system-wide physical 16225M (2553M free)
TotalPageFile size 16225M (AvailPageFile size 6M)
current process WorkingSet (physical memory assigned to process): 367M, peak: 374M
current process commit charge ("private bytes"): 418M, peak: 450M

vm_info: Java HotSpot(TM) 64-Bit Server VM (15.0.2+7-27) for windows-amd64 JRE (15.0.2+7-27), built on Dec  7 2020 20:07:01 by "mach5one" with unknown MS VC++:1925

END.
