#
# There is insufficient memory for the Java Runtime Environment to continue.
# Native memory allocation (malloc) failed to allocate 2508928 bytes for Chunk::new
# Possible reasons:
#   The system is out of physical RAM or swap space
#   The process is running with CompressedOops enabled, and the Java Heap may be blocking the growth of the native heap
# Possible solutions:
#   Reduce memory load on the system
#   Increase physical memory or swap space
#   Check if swap backing store is full
#   Decrease Java heap size (-Xmx/-Xms)
#   Decrease number of Java threads
#   Decrease Java thread stack sizes (-Xss)
#   Set larger code cache with -XX:ReservedCodeCacheSize=
#   JVM is running with Unscaled Compressed Oops mode in which the Java heap is
#     placed in the first 4GB address space. The Java Heap base address is the
#     maximum limit for the native heap growth. Please use -XX:HeapBaseMinAddress
#     to set the Java Heap base and to place the Java Heap above 4GB virtual address.
# This output file may be truncated or incomplete.
#
#  Out of Memory Error (./open/src/hotspot/share/memory/arena.cpp:195), pid=7180, tid=13508
#
# JRE version: Java(TM) SE Runtime Environment (15.0.2+7) (build 15.0.2+7-27)
# Java VM: Java HotSpot(TM) 64-Bit Server VM (15.0.2+7-27, mixed mode, sharing, tiered, compressed oops, g1 gc, windows-amd64)
# No core dump will be written. Minidumps are not enabled by default on client versions of Windows
#

---------------  S U M M A R Y ------------

Command Line: --add-opens=java.base/java.util=ALL-UNNAMED --add-opens=java.base/java.lang=ALL-UNNAMED --add-opens=java.base/java.lang.invoke=ALL-UNNAMED --add-opens=java.base/java.util=ALL-UNNAMED --add-opens=java.prefs/java.util.prefs=ALL-UNNAMED --add-opens=java.prefs/java.util.prefs=ALL-UNNAMED --add-opens=java.base/java.nio.charset=ALL-UNNAMED --add-opens=java.base/java.net=ALL-UNNAMED --add-opens=java.base/java.util.concurrent.atomic=ALL-UNNAMED -Xmx2048m -Dfile.encoding=UTF-8 -Duser.country=IN -Duser.language=en -Duser.variant org.gradle.launcher.daemon.bootstrap.GradleDaemon 7.0.2

Host: Intel(R) Core(TM) i7-9750H CPU @ 2.60GHz, 12 cores, 15G,  Windows 10 , 64 bit Build 22000 (10.0.22000.434)
Time: Tue Feb 15 11:11:05 2022 India Standard Time elapsed time: 281.595368 seconds (0d 0h 4m 41s)

---------------  T H R E A D  ---------------

Current thread (0x000001ecf9303440):  JavaThread "C2 CompilerThread0" daemon [_thread_in_native, id=13508, stack(0x0000004bee200000,0x0000004bee300000)]


Current CompileTask:
C2: 281595 17889       4       org.gradle.internal.instantiation.generator.AbstractClassGenerator::inspectType (560 bytes)

Stack: [0x0000004bee200000,0x0000004bee300000]
Native frames: (J=compiled Java code, j=interpreted, Vv=VM code, C=native code)
V  [jvm.dll+0x62ae9a]
V  [jvm.dll+0x7817a9]
V  [jvm.dll+0x782f03]
V  [jvm.dll+0x783563]
V  [jvm.dll+0x216325]
V  [jvm.dll+0x97f3a]
V  [jvm.dll+0x9861c]
V  [jvm.dll+0x32e305]
V  [jvm.dll+0x18e3b1]
V  [jvm.dll+0x1ea822]
V  [jvm.dll+0x1e996e]
V  [jvm.dll+0x178567]
V  [jvm.dll+0x1f9225]
V  [jvm.dll+0x1f72cc]
V  [jvm.dll+0x74495d]
V  [jvm.dll+0x73d75a]
V  [jvm.dll+0x629c56]
C  [ucrtbase.dll+0x26c0c]
C  [KERNEL32.DLL+0x154e0]
C  [ntdll.dll+0x485b]


---------------  P R O C E S S  ---------------

Threads class SMR info:
_java_thread_list=0x000001ecfe407850, length=91, elements={
0x000001ecd7af6440, 0x000001ecf8ae6b40, 0x000001ecf8ae75f0, 0x000001ecf92fe120,
0x000001ecf92feae0, 0x000001ecf93015a0, 0x000001ecf9303440, 0x000001ecf9309410,
0x000001ecf9314130, 0x000001ecf94397a0, 0x000001ecf9480070, 0x000001ecfb605d30,
0x000001ecfb921ec0, 0x000001ecfb47a350, 0x000001ecfb813980, 0x000001ecfb815b30,
0x000001ecfb8134b0, 0x000001ecfb8164d0, 0x000001ecfb813e50, 0x000001ecfe21bd80,
0x000001ecfe2166e0, 0x000001ecfe217a20, 0x000001ecfe2183c0, 0x000001ecfe216bb0,
0x000001ecfe215d40, 0x000001ecfe217080, 0x000001ecfe217550, 0x000001ecfea24c90,
0x000001ecfea22140, 0x000001ecfea212d0, 0x000001ecfea217a0, 0x000001ecfea22610,
0x000001ecfea22ae0, 0x000001ecfea21c70, 0x000001ecfea242f0, 0x000001ec83645cc0,
0x000001ec83644e50, 0x000001ec81975130, 0x000001ec83646190, 0x000001ec83644980,
0x000001ec86f82060, 0x000001ec836457f0, 0x000001ec81447ce0, 0x000001ecff68ac40,
0x000001ec8353e070, 0x000001ec8353eee0, 0x000001ec8353ea10, 0x000001ec81baa6a0,
0x000001ec81ba9360, 0x000001ec81baab70, 0x000001ec81baa1d0, 0x000001ec81ba9830,
0x000001ec81ba9d00, 0x000001ecf9369c60, 0x000001ecf936a130, 0x000001ecf95754f0,
0x000001ecf936aad0, 0x000001ecfd8526b0, 0x000001ec8353f3b0, 0x000001ec8353e540,
0x000001ec8353f880, 0x000001ec83bb44a0, 0x000001ec83bb5310, 0x000001ec83bb57e0,
0x000001ec83bb5cb0, 0x000001ec83bb4970, 0x000001ec83bb4e40, 0x000001ec8353c530,
0x000001ec8353ced0, 0x000001ec8353d3a0, 0x000001ecf936a600, 0x000001ecf936be10,
0x000001ecf936c2e0, 0x000001ecf936afa0, 0x000001ecf936b470, 0x000001ecf936c7b0,
0x000001ecf9368df0, 0x000001ecf93692c0, 0x000001ecf9369790, 0x000001ecfb663cc0,
0x000001ecfb664190, 0x000001ecfb662980, 0x000001ecfb661640, 0x000001ecfb661170,
0x000001ec814481b0, 0x000001ec80ebcdc0, 0x000001ec80ebdc30, 0x000001ec83ba77d0,
0x000001ecfd487470, 0x000001ecfd484df0, 0x000001ecfd487940
}

Java Threads: ( => current thread )
  0x000001ecd7af6440 JavaThread "main" [_thread_blocked, id=12372, stack(0x0000004bed600000,0x0000004bed700000)]
  0x000001ecf8ae6b40 JavaThread "Reference Handler" daemon [_thread_blocked, id=17392, stack(0x0000004bedd00000,0x0000004bede00000)]
  0x000001ecf8ae75f0 JavaThread "Finalizer" daemon [_thread_blocked, id=8372, stack(0x0000004bede00000,0x0000004bedf00000)]
  0x000001ecf92fe120 JavaThread "Signal Dispatcher" daemon [_thread_blocked, id=16072, stack(0x0000004bedf00000,0x0000004bee000000)]
  0x000001ecf92feae0 JavaThread "Attach Listener" daemon [_thread_blocked, id=19792, stack(0x0000004bee000000,0x0000004bee100000)]
  0x000001ecf93015a0 JavaThread "Service Thread" daemon [_thread_blocked, id=24776, stack(0x0000004bee100000,0x0000004bee200000)]
=>0x000001ecf9303440 JavaThread "C2 CompilerThread0" daemon [_thread_in_native, id=13508, stack(0x0000004bee200000,0x0000004bee300000)]
  0x000001ecf9309410 JavaThread "C1 CompilerThread0" daemon [_thread_blocked, id=1972, stack(0x0000004bee300000,0x0000004bee400000)]
  0x000001ecf9314130 JavaThread "Sweeper thread" daemon [_thread_blocked, id=22252, stack(0x0000004bee400000,0x0000004bee500000)]
  0x000001ecf94397a0 JavaThread "Common-Cleaner" daemon [_thread_blocked, id=5872, stack(0x0000004bee500000,0x0000004bee600000)]
  0x000001ecf9480070 JavaThread "Notification Thread" daemon [_thread_blocked, id=24488, stack(0x0000004bee600000,0x0000004bee700000)]
  0x000001ecfb605d30 JavaThread "Daemon health stats" [_thread_blocked, id=14400, stack(0x0000004beef00000,0x0000004bef000000)]
  0x000001ecfb921ec0 JavaThread "Incoming local TCP Connector on port 60143" [_thread_in_native, id=3760, stack(0x0000004bef000000,0x0000004bef100000)]
  0x000001ecfb47a350 JavaThread "Daemon periodic checks" [_thread_blocked, id=11876, stack(0x0000004bef100000,0x0000004bef200000)]
  0x000001ecfb813980 JavaThread "Cache worker for file hash cache (D:\aa\caches\7.0.2\fileHashes)" [_thread_blocked, id=20888, stack(0x0000004bef900000,0x0000004befa00000)]
  0x000001ecfb815b30 JavaThread "File lock request listener" [_thread_in_native, id=14844, stack(0x0000004befa00000,0x0000004befb00000)]
  0x000001ecfb8134b0 JavaThread "Cache worker for journal cache (D:\aa\caches\journal-1)" [_thread_blocked, id=10276, stack(0x0000004befb00000,0x0000004befc00000)]
  0x000001ecfb8164d0 JavaThread "File watcher server" daemon [_thread_in_native, id=9856, stack(0x0000004befd00000,0x0000004befe00000)]
  0x000001ecfb813e50 JavaThread "File watcher consumer" daemon [_thread_blocked, id=10292, stack(0x0000004befe00000,0x0000004beff00000)]
  0x000001ecfe21bd80 JavaThread "Cache worker for execution history cache (D:\aa\caches\7.0.2\executionHistory)" [_thread_blocked, id=868, stack(0x0000004bf0800000,0x0000004bf0900000)]
  0x000001ecfe2166e0 JavaThread "jar transforms" [_thread_blocked, id=12664, stack(0x0000004bf0900000,0x0000004bf0a00000)]
  0x000001ecfe217a20 JavaThread "jar transforms Thread 2" [_thread_blocked, id=25420, stack(0x0000004bf0a00000,0x0000004bf0b00000)]
  0x000001ecfe2183c0 JavaThread "Cache worker for file content cache (D:\aa\caches\7.0.2\fileContent)" [_thread_blocked, id=10928, stack(0x0000004bf0b00000,0x0000004bf0c00000)]
  0x000001ecfe216bb0 JavaThread "jar transforms Thread 3" [_thread_blocked, id=10900, stack(0x0000004bf0d00000,0x0000004bf0e00000)]
  0x000001ecfe215d40 JavaThread "jar transforms Thread 4" [_thread_blocked, id=10368, stack(0x0000004bf1b00000,0x0000004bf1c00000)]
  0x000001ecfe217080 JavaThread "jar transforms Thread 5" [_thread_blocked, id=17140, stack(0x0000004bf1c00000,0x0000004bf1d00000)]
  0x000001ecfe217550 JavaThread "jar transforms Thread 6" [_thread_blocked, id=13568, stack(0x0000004bf1d00000,0x0000004bf1e00000)]
  0x000001ecfea24c90 JavaThread "jar transforms Thread 7" [_thread_blocked, id=19032, stack(0x0000004bf1e00000,0x0000004bf1f00000)]
  0x000001ecfea22140 JavaThread "jar transforms Thread 8" [_thread_blocked, id=9732, stack(0x0000004bf1f00000,0x0000004bf2000000)]
  0x000001ecfea212d0 JavaThread "jar transforms Thread 9" [_thread_blocked, id=13444, stack(0x0000004bf2000000,0x0000004bf2100000)]
  0x000001ecfea217a0 JavaThread "jar transforms Thread 10" [_thread_blocked, id=12744, stack(0x0000004bf2100000,0x0000004bf2200000)]
  0x000001ecfea22610 JavaThread "jar transforms Thread 11" [_thread_blocked, id=19240, stack(0x0000004bf2200000,0x0000004bf2300000)]
  0x000001ecfea22ae0 JavaThread "jar transforms Thread 12" [_thread_blocked, id=23180, stack(0x0000004bf2300000,0x0000004bf2400000)]
  0x000001ecfea21c70 JavaThread "Memory manager" [_thread_blocked, id=13736, stack(0x0000004bf2400000,0x0000004bf2500000)]
  0x000001ecfea242f0 JavaThread "pool-3-thread-1" [_thread_blocked, id=13276, stack(0x0000004bf2600000,0x0000004bf2700000)]
  0x000001ec83645cc0 JavaThread "ForkJoinPool.commonPool-worker-19" daemon [_thread_blocked, id=7384, stack(0x0000004bf4200000,0x0000004bf4300000)]
  0x000001ec83644e50 JavaThread "ForkJoinPool.commonPool-worker-27" daemon [_thread_blocked, id=20492, stack(0x0000004bf4600000,0x0000004bf4700000)]
  0x000001ec81975130 JavaThread "ForkJoinPool.commonPool-worker-13" daemon [_thread_blocked, id=14616, stack(0x0000004bf4700000,0x0000004bf4800000)]
  0x000001ec83646190 JavaThread "ForkJoinPool.commonPool-worker-31" daemon [_thread_blocked, id=17628, stack(0x0000004bf4800000,0x0000004bf4900000)]
  0x000001ec83644980 JavaThread "ForkJoinPool.commonPool-worker-3" daemon [_thread_blocked, id=7876, stack(0x0000004bf4a00000,0x0000004bf4b00000)]
  0x000001ec86f82060 JavaThread "ForkJoinPool.commonPool-worker-21" daemon [_thread_blocked, id=22392, stack(0x0000004bf4b00000,0x0000004bf4c00000)]
  0x000001ec836457f0 JavaThread "ForkJoinPool.commonPool-worker-7" daemon [_thread_blocked, id=22496, stack(0x0000004bf4c00000,0x0000004bf4d00000)]
  0x000001ec81447ce0 JavaThread "pool-7-thread-1" [_thread_blocked, id=23280, stack(0x0000004bf2700000,0x0000004bf2800000)]
  0x000001ecff68ac40 JavaThread "Daemon Thread 2" [_thread_blocked, id=356, stack(0x0000004bed300000,0x0000004bed400000)]
  0x000001ec8353e070 JavaThread "Handler for socket connection from /127.0.0.1:60143 to /127.0.0.1:60272" [_thread_in_native, id=18664, stack(0x0000004bed400000,0x0000004bed500000)]
  0x000001ec8353eee0 JavaThread "Cancel handler" [_thread_blocked, id=5296, stack(0x0000004bed500000,0x0000004bed600000)]
  0x000001ec8353ea10 JavaThread "Daemon worker Thread 2" [_thread_blocked, id=11724, stack(0x0000004bee800000,0x0000004bee900000)]
  0x000001ec81baa6a0 JavaThread "Asynchronous log dispatcher for DefaultDaemonConnection: socket connection from /127.0.0.1:60143 to /127.0.0.1:60272" [_thread_blocked, id=3628, stack(0x0000004bee900000,0x0000004beea00000)]
  0x000001ec81ba9360 JavaThread "Stdin handler" [_thread_blocked, id=19436, stack(0x0000004bef200000,0x0000004bef300000)]
  0x000001ec81baab70 JavaThread "Daemon client event forwarder" [_thread_blocked, id=9168, stack(0x0000004bef300000,0x0000004bef400000)]
  0x000001ec81baa1d0 JavaThread "Cache worker for file hash cache (D:\app_dev\QuizApp\.gradle\7.0.2\fileHashes)" [_thread_blocked, id=13844, stack(0x0000004bef400000,0x0000004bef500000)]
  0x000001ec81ba9830 JavaThread "Cache worker for checksums cache (D:\app_dev\QuizApp\.gradle\checksums)" [_thread_blocked, id=8032, stack(0x0000004bef500000,0x0000004bef600000)]
  0x000001ec81ba9d00 JavaThread "Cache worker for cache directory md-supplier (D:\aa\caches\7.0.2\md-supplier)" [_thread_blocked, id=1524, stack(0x0000004bef600000,0x0000004bef700000)]
  0x000001ecf9369c60 JavaThread "Cache worker for cache directory md-rule (D:\aa\caches\7.0.2\md-rule)" [_thread_blocked, id=11624, stack(0x0000004bef700000,0x0000004bef800000)]
  0x000001ecf936a130 JavaThread "Cache worker for dependencies-accessors (D:\app_dev\QuizApp\.gradle\7.0.2\dependencies-accessors)" [_thread_blocked, id=11756, stack(0x0000004bef800000,0x0000004bef900000)]
  0x000001ecf95754f0 JavaThread "C2 CompilerThread1" daemon [_thread_blocked, id=15748, stack(0x0000004befc00000,0x0000004befd00000)]
  0x000001ecf936aad0 JavaThread "Cache worker for Build Output Cleanup Cache (D:\app_dev\QuizApp\.gradle\buildOutputCleanup)" [_thread_blocked, id=1416, stack(0x0000004beff00000,0x0000004bf0000000)]
  0x000001ecfd8526b0 JavaThread "C2 CompilerThread2" daemon [_thread_blocked, id=20072, stack(0x0000004bf0000000,0x0000004bf0100000)]
  0x000001ec8353f3b0 JavaThread "Build operations" [_thread_blocked, id=8552, stack(0x0000004bf0100000,0x0000004bf0200000)]
  0x000001ec8353e540 JavaThread "Build operations Thread 2" [_thread_blocked, id=25228, stack(0x0000004bf0c00000,0x0000004bf0d00000)]
  0x000001ec8353f880 JavaThread "Build operations Thread 3" [_thread_blocked, id=5948, stack(0x0000004bf0e00000,0x0000004bf0f00000)]
  0x000001ec83bb44a0 JavaThread "Build operations Thread 4" [_thread_blocked, id=23392, stack(0x0000004bf0f00000,0x0000004bf1000000)]
  0x000001ec83bb5310 JavaThread "Build operations Thread 5" [_thread_blocked, id=20084, stack(0x0000004bf1000000,0x0000004bf1100000)]
  0x000001ec83bb57e0 JavaThread "Build operations Thread 6" [_thread_blocked, id=16872, stack(0x0000004bf1100000,0x0000004bf1200000)]
  0x000001ec83bb5cb0 JavaThread "Build operations Thread 7" [_thread_blocked, id=4164, stack(0x0000004bf1200000,0x0000004bf1300000)]
  0x000001ec83bb4970 JavaThread "Build operations Thread 8" [_thread_blocked, id=10476, stack(0x0000004bf1300000,0x0000004bf1400000)]
  0x000001ec83bb4e40 JavaThread "Build operations Thread 9" [_thread_blocked, id=7400, stack(0x0000004bf1400000,0x0000004bf1500000)]
  0x000001ec8353c530 JavaThread "Build operations Thread 10" [_thread_blocked, id=11468, stack(0x0000004bf1500000,0x0000004bf1600000)]
  0x000001ec8353ced0 JavaThread "Build operations Thread 11" [_thread_blocked, id=23528, stack(0x0000004bf1600000,0x0000004bf1700000)]
  0x000001ec8353d3a0 JavaThread "Build operations Thread 12" [_thread_blocked, id=21652, stack(0x0000004bf1700000,0x0000004bf1800000)]
  0x000001ecf936a600 JavaThread "build event listener" [_thread_blocked, id=24796, stack(0x0000004bf1800000,0x0000004bf1900000)]
  0x000001ecf936be10 JavaThread "pool-10-thread-1" [_thread_blocked, id=14244, stack(0x0000004bf1900000,0x0000004bf1a00000)]
  0x000001ecf936c2e0 JavaThread "build event listener" [_thread_blocked, id=19844, stack(0x0000004bf1a00000,0x0000004bf1b00000)]
  0x000001ecf936afa0 JavaThread "Execution worker for ':'" [_thread_blocked, id=16972, stack(0x0000004bf2500000,0x0000004bf2600000)]
  0x000001ecf936b470 JavaThread "Execution worker for ':' Thread 2" [_thread_blocked, id=17724, stack(0x0000004bf2800000,0x0000004bf2900000)]
  0x000001ecf936c7b0 JavaThread "Execution worker for ':' Thread 3" [_thread_blocked, id=24716, stack(0x0000004bf2900000,0x0000004bf2a00000)]
  0x000001ecf9368df0 JavaThread "Execution worker for ':' Thread 4" [_thread_blocked, id=2344, stack(0x0000004bf2a00000,0x0000004bf2b00000)]
  0x000001ecf93692c0 JavaThread "Execution worker for ':' Thread 5" [_thread_blocked, id=16472, stack(0x0000004bf2b00000,0x0000004bf2c00000)]
  0x000001ecf9369790 JavaThread "Execution worker for ':' Thread 6" [_thread_blocked, id=1988, stack(0x0000004bf2c00000,0x0000004bf2d00000)]
  0x000001ecfb663cc0 JavaThread "Execution worker for ':' Thread 7" [_thread_blocked, id=15372, stack(0x0000004bf2d00000,0x0000004bf2e00000)]
  0x000001ecfb664190 JavaThread "Execution worker for ':' Thread 8" [_thread_blocked, id=6008, stack(0x0000004bf2e00000,0x0000004bf2f00000)]
  0x000001ecfb662980 JavaThread "Execution worker for ':' Thread 9" [_thread_blocked, id=18080, stack(0x0000004bf2f00000,0x0000004bf3000000)]
  0x000001ecfb661640 JavaThread "Execution worker for ':' Thread 10" [_thread_blocked, id=12644, stack(0x0000004bf3000000,0x0000004bf3100000)]
  0x000001ecfb661170 JavaThread "Execution worker for ':' Thread 11" [_thread_blocked, id=17544, stack(0x0000004bf3100000,0x0000004bf3200000)]
  0x000001ec814481b0 JavaThread "Cache worker for execution history cache (D:\app_dev\QuizApp\.gradle\7.0.2\executionHistory)" [_thread_blocked, id=17144, stack(0x0000004bf3200000,0x0000004bf3300000)]
  0x000001ec80ebcdc0 JavaThread "WorkerExecutor Queue" [_thread_blocked, id=3544, stack(0x0000004bf3700000,0x0000004bf3800000)]
  0x000001ec80ebdc30 JavaThread "WorkerExecutor Queue Thread 2" [_thread_blocked, id=18300, stack(0x0000004bf3800000,0x0000004bf3900000)]
  0x000001ec83ba77d0 JavaThread "WorkerExecutor Queue Thread 3" [_thread_blocked, id=1872, stack(0x0000004bf3900000,0x0000004bf3a00000)]
  0x000001ecfd487470 JavaThread "pool-11-thread-1" [_thread_blocked, id=21220, stack(0x0000004bf3a00000,0x0000004bf3b00000)]
  0x000001ecfd484df0 JavaThread "stderr" [_thread_in_native, id=3324, stack(0x0000004bf3b00000,0x0000004bf3c00000)]
  0x000001ecfd487940 JavaThread "stdout" [_thread_in_native, id=23556, stack(0x0000004bf3c00000,0x0000004bf3d00000)]

Other Threads:
  0x000001ecf8ae05f0 VMThread "VM Thread" [stack: 0x0000004bedc00000,0x0000004bedd00000] [id=19592]
  0x000001ecf9480a10 WatcherThread [stack: 0x0000004bee700000,0x0000004bee800000] [id=16048]
  0x000001ecd7b37620 GCTaskThread "GC Thread#0" [stack: 0x0000004bed700000,0x0000004bed800000] [id=4320]
  0x000001ecfa19f3e0 GCTaskThread "GC Thread#1" [stack: 0x0000004beea00000,0x0000004beeb00000] [id=20784]
  0x000001ecfa19dd90 GCTaskThread "GC Thread#2" [stack: 0x0000004beeb00000,0x0000004beec00000] [id=18436]
  0x000001ecfa19e3f0 GCTaskThread "GC Thread#3" [stack: 0x0000004beec00000,0x0000004beed00000] [id=13412]
  0x000001ecfa1a0700 GCTaskThread "GC Thread#4" [stack: 0x0000004beed00000,0x0000004beee00000] [id=25080]
  0x000001ecfa1a1090 GCTaskThread "GC Thread#5" [stack: 0x0000004beee00000,0x0000004beef00000] [id=23488]
  0x000001ecfa1a00a0 GCTaskThread "GC Thread#6" [stack: 0x0000004bf0200000,0x0000004bf0300000] [id=16840]
  0x000001ecfa1a03d0 GCTaskThread "GC Thread#7" [stack: 0x0000004bf0300000,0x0000004bf0400000] [id=15072]
  0x000001ecfe5cb080 GCTaskThread "GC Thread#8" [stack: 0x0000004bf0400000,0x0000004bf0500000] [id=23132]
  0x000001ecfe5c93d0 GCTaskThread "GC Thread#9" [stack: 0x0000004bf0500000,0x0000004bf0600000] [id=22404]
  0x000001ecd7b49780 ConcurrentGCThread "G1 Main Marker" [stack: 0x0000004bed800000,0x0000004bed900000] [id=10884]
  0x000001ecd7b4b380 ConcurrentGCThread "G1 Conc#0" [stack: 0x0000004bed900000,0x0000004beda00000] [id=9936]
  0x000001ecfe5cc070 ConcurrentGCThread "G1 Conc#1" [stack: 0x0000004bf0600000,0x0000004bf0700000] [id=6052]
  0x000001ecfe5cc3a0 ConcurrentGCThread "G1 Conc#2" [stack: 0x0000004bf0700000,0x0000004bf0800000] [id=7348]
  0x000001ecd7bcdf90 ConcurrentGCThread "G1 Refine#0" [stack: 0x0000004beda00000,0x0000004bedb00000] [id=20372]
  0x000001ec8151b9d0 ConcurrentGCThread "G1 Refine#1" [stack: 0x0000004bf3400000,0x0000004bf3500000] [id=13160]
  0x000001ecff7ff1f0 ConcurrentGCThread "G1 Refine#2" [stack: 0x0000004bf3300000,0x0000004bf3400000] [id=6548]
  0x000001ecff7fe470 ConcurrentGCThread "G1 Refine#3" [stack: 0x0000004bf3500000,0x0000004bf3600000] [id=22540]
  0x000001ecff7fee90 ConcurrentGCThread "G1 Refine#4" [stack: 0x0000004bf3600000,0x0000004bf3700000] [id=972]
  0x000001ecd7bceb90 ConcurrentGCThread "G1 Young RemSet Sampling" [stack: 0x0000004bedb00000,0x0000004bedc00000] [id=11896]

Threads with active compile tasks:
C2 CompilerThread0   281614 17889       4       org.gradle.internal.instantiation.generator.AbstractClassGenerator::inspectType (560 bytes)

VM state: not at safepoint (normal execution)

VM Mutex/Monitor currently owned by a thread: None

Heap address: 0x0000000080000000, size: 2048 MB, Compressed Oops mode: 32-bit
CDS archive(s) mapped at: [0x0000000800000000-0x0000000800b50000-0x0000000800b50000), size 11862016, SharedBaseAddress: 0x0000000800000000, ArchiveRelocationMode: 0.
Compressed class space mapped at: 0x0000000800b50000-0x0000000840b50000, size: 1073741824
Narrow klass base: 0x0000000800000000, Narrow klass shift: 3, Narrow klass range: 0x100000000

GC Precious Log:
 CPUs: 12 total, 12 available
 Memory: 16225M
 Large Page Support: Disabled
 NUMA Support: Disabled
 Compressed Oops: Enabled (32-bit)
 Heap Region Size: 1M
 Heap Min Capacity: 8M
 Heap Initial Capacity: 254M
 Heap Max Capacity: 2G
 Pre-touch: Disabled
 Parallel Workers: 10
 Concurrent Workers: 3
 Concurrent Refinement Workers: 10
 Periodic GC: Disabled

Heap:
 garbage-first heap   total 275456K, used 199257K [0x0000000080000000, 0x0000000100000000)
  region size 1024K, 49 young (50176K), 10 survivors (10240K)
 Metaspace       used 107208K, capacity 108556K, committed 108720K, reserved 1142784K
  class space    used 14138K, capacity 14563K, committed 14592K, reserved 1048576K

Heap Regions: E=young(eden), S=young(survivor), O=old, HS=humongous(starts), HC=humongous(continues), CS=collection set, F=free, OA=open archive, CA=closed archive, TAMS=top-at-mark-start (previous, next)
|   0|0x0000000080000000, 0x0000000080100000, 0x0000000080100000|100%| O|  |TAMS 0x0000000080100000, 0x0000000080000000| Untracked 
|   1|0x0000000080100000, 0x0000000080200000, 0x0000000080200000|100%| O|  |TAMS 0x0000000080200000, 0x0000000080100000| Untracked 
|   2|0x0000000080200000, 0x0000000080300000, 0x0000000080300000|100%| O|  |TAMS 0x0000000080300000, 0x0000000080200000| Untracked 
|   3|0x0000000080300000, 0x0000000080400000, 0x0000000080400000|100%|HS|  |TAMS 0x0000000080400000, 0x0000000080300000| Complete 
|   4|0x0000000080400000, 0x0000000080500000, 0x0000000080500000|100%|HC|  |TAMS 0x0000000080500000, 0x0000000080400000| Complete 
|   5|0x0000000080500000, 0x0000000080600000, 0x0000000080600000|100%|HC|  |TAMS 0x0000000080600000, 0x0000000080500000| Complete 
|   6|0x0000000080600000, 0x0000000080700000, 0x0000000080700000|100%| O|  |TAMS 0x0000000080700000, 0x0000000080600000| Untracked 
|   7|0x0000000080700000, 0x0000000080800000, 0x0000000080800000|100%| O|  |TAMS 0x0000000080800000, 0x0000000080700000| Complete 
|   8|0x0000000080800000, 0x0000000080900000, 0x0000000080900000|100%| O|  |TAMS 0x0000000080900000, 0x0000000080800000| Untracked 
|   9|0x0000000080900000, 0x0000000080a00000, 0x0000000080a00000|100%| O|  |TAMS 0x0000000080a00000, 0x0000000080900000| Untracked 
|  10|0x0000000080a00000, 0x0000000080a4d800, 0x0000000080b00000| 30%| O|  |TAMS 0x0000000080a4d800, 0x0000000080a00000| Complete 
|  11|0x0000000080b00000, 0x0000000080c00000, 0x0000000080c00000|100%| O|  |TAMS 0x0000000080c00000, 0x0000000080b00000| Untracked 
|  12|0x0000000080c00000, 0x0000000080d00000, 0x0000000080d00000|100%| O|  |TAMS 0x0000000080d00000, 0x0000000080c00000| Untracked 
|  13|0x0000000080d00000, 0x0000000080e00000, 0x0000000080e00000|100%| O|  |TAMS 0x0000000080e00000, 0x0000000080d00000| Untracked 
|  14|0x0000000080e00000, 0x0000000080f00000, 0x0000000080f00000|100%| O|  |TAMS 0x0000000080f00000, 0x0000000080e00000| Untracked 
|  15|0x0000000080f00000, 0x0000000081000000, 0x0000000081000000|100%| O|  |TAMS 0x0000000081000000, 0x0000000080f00000| Untracked 
|  16|0x0000000081000000, 0x0000000081100000, 0x0000000081100000|100%| O|  |TAMS 0x0000000081100000, 0x0000000081000000| Untracked 
|  17|0x0000000081100000, 0x0000000081200000, 0x0000000081200000|100%| O|  |TAMS 0x0000000081200000, 0x0000000081100000| Untracked 
|  18|0x0000000081200000, 0x0000000081300000, 0x0000000081300000|100%| O|  |TAMS 0x0000000081300000, 0x0000000081200000| Untracked 
|  19|0x0000000081300000, 0x0000000081400000, 0x0000000081400000|100%| O|  |TAMS 0x0000000081400000, 0x0000000081300000| Untracked 
|  20|0x0000000081400000, 0x0000000081500000, 0x0000000081500000|100%| O|  |TAMS 0x0000000081500000, 0x0000000081400000| Complete 
|  21|0x0000000081500000, 0x0000000081600000, 0x0000000081600000|100%| O|  |TAMS 0x0000000081600000, 0x0000000081500000| Untracked 
|  22|0x0000000081600000, 0x0000000081700000, 0x0000000081700000|100%| O|  |TAMS 0x0000000081700000, 0x0000000081600000| Untracked 
|  23|0x0000000081700000, 0x0000000081800000, 0x0000000081800000|100%| O|  |TAMS 0x0000000081800000, 0x0000000081700000| Untracked 
|  24|0x0000000081800000, 0x0000000081900000, 0x0000000081900000|100%| O|  |TAMS 0x0000000081900000, 0x0000000081800000| Untracked 
|  25|0x0000000081900000, 0x0000000081a00000, 0x0000000081a00000|100%| O|  |TAMS 0x0000000081a00000, 0x0000000081900000| Complete 
|  26|0x0000000081a00000, 0x0000000081b00000, 0x0000000081b00000|100%|HS|  |TAMS 0x0000000081b00000, 0x0000000081a00000| Complete 
|  27|0x0000000081b00000, 0x0000000081c00000, 0x0000000081c00000|100%|HS|  |TAMS 0x0000000081c00000, 0x0000000081b00000| Complete 
|  28|0x0000000081c00000, 0x0000000081d00000, 0x0000000081d00000|100%|HS|  |TAMS 0x0000000081d00000, 0x0000000081c00000| Complete 
|  29|0x0000000081d00000, 0x0000000081e00000, 0x0000000081e00000|100%|HC|  |TAMS 0x0000000081e00000, 0x0000000081d00000| Complete 
|  30|0x0000000081e00000, 0x0000000081f00000, 0x0000000081f00000|100%| O|  |TAMS 0x0000000081f00000, 0x0000000081e00000| Complete 
|  31|0x0000000081f00000, 0x0000000082000000, 0x0000000082000000|100%| O|  |TAMS 0x0000000082000000, 0x0000000081f00000| Complete 
|  32|0x0000000082000000, 0x0000000082100000, 0x0000000082100000|100%| O|  |TAMS 0x0000000082100000, 0x0000000082000000| Untracked 
|  33|0x0000000082100000, 0x0000000082200000, 0x0000000082200000|100%| O|  |TAMS 0x0000000082200000, 0x0000000082100000| Untracked 
|  34|0x0000000082200000, 0x0000000082300000, 0x0000000082300000|100%| O|  |TAMS 0x0000000082300000, 0x0000000082200000| Untracked 
|  35|0x0000000082300000, 0x0000000082400000, 0x0000000082400000|100%| O|  |TAMS 0x0000000082400000, 0x0000000082300000| Untracked 
|  36|0x0000000082400000, 0x0000000082500000, 0x0000000082500000|100%| O|  |TAMS 0x0000000082500000, 0x0000000082400000| Untracked 
|  37|0x0000000082500000, 0x0000000082600000, 0x0000000082600000|100%| O|  |TAMS 0x0000000082600000, 0x0000000082500000| Untracked 
|  38|0x0000000082600000, 0x0000000082700000, 0x0000000082700000|100%| O|  |TAMS 0x0000000082700000, 0x0000000082600000| Complete 
|  39|0x0000000082700000, 0x0000000082800000, 0x0000000082800000|100%| O|  |TAMS 0x0000000082800000, 0x0000000082700000| Complete 
|  40|0x0000000082800000, 0x0000000082900000, 0x0000000082900000|100%| O|  |TAMS 0x0000000082900000, 0x0000000082800000| Untracked 
|  41|0x0000000082900000, 0x0000000082a00000, 0x0000000082a00000|100%| O|  |TAMS 0x0000000082a00000, 0x0000000082900000| Complete 
|  42|0x0000000082a00000, 0x0000000082b00000, 0x0000000082b00000|100%| O|  |TAMS 0x0000000082b00000, 0x0000000082a00000| Untracked 
|  43|0x0000000082b00000, 0x0000000082c00000, 0x0000000082c00000|100%| O|  |TAMS 0x0000000082c00000, 0x0000000082b00000| Untracked 
|  44|0x0000000082c00000, 0x0000000082d00000, 0x0000000082d00000|100%| O|  |TAMS 0x0000000082d00000, 0x0000000082c00000| Complete 
|  45|0x0000000082d00000, 0x0000000082e00000, 0x0000000082e00000|100%| O|  |TAMS 0x0000000082e00000, 0x0000000082d00000| Untracked 
|  46|0x0000000082e00000, 0x0000000082f00000, 0x0000000082f00000|100%| O|  |TAMS 0x0000000082f00000, 0x0000000082e00000| Untracked 
|  47|0x0000000082f00000, 0x0000000083000000, 0x0000000083000000|100%| O|  |TAMS 0x0000000083000000, 0x0000000082f00000| Untracked 
|  48|0x0000000083000000, 0x0000000083100000, 0x0000000083100000|100%| O|  |TAMS 0x0000000083100000, 0x0000000083000000| Untracked 
|  49|0x0000000083100000, 0x0000000083200000, 0x0000000083200000|100%| O|  |TAMS 0x0000000083200000, 0x0000000083100000| Untracked 
|  50|0x0000000083200000, 0x0000000083300000, 0x0000000083300000|100%| O|  |TAMS 0x0000000083300000, 0x0000000083200000| Untracked 
|  51|0x0000000083300000, 0x0000000083400000, 0x0000000083400000|100%| O|  |TAMS 0x0000000083400000, 0x0000000083300000| Untracked 
|  52|0x0000000083400000, 0x0000000083500000, 0x0000000083500000|100%| O|  |TAMS 0x0000000083500000, 0x0000000083400000| Untracked 
|  53|0x0000000083500000, 0x0000000083600000, 0x0000000083600000|100%| O|  |TAMS 0x0000000083600000, 0x0000000083500000| Untracked 
|  54|0x0000000083600000, 0x0000000083700000, 0x0000000083700000|100%| O|  |TAMS 0x0000000083700000, 0x0000000083600000| Untracked 
|  55|0x0000000083700000, 0x0000000083800000, 0x0000000083800000|100%| O|  |TAMS 0x0000000083800000, 0x0000000083700000| Untracked 
|  56|0x0000000083800000, 0x0000000083900000, 0x0000000083900000|100%| O|  |TAMS 0x0000000083900000, 0x0000000083800000| Untracked 
|  57|0x0000000083900000, 0x0000000083a00000, 0x0000000083a00000|100%| O|  |TAMS 0x0000000083a00000, 0x0000000083900000| Untracked 
|  58|0x0000000083a00000, 0x0000000083b00000, 0x0000000083b00000|100%| O|  |TAMS 0x0000000083b00000, 0x0000000083a00000| Untracked 
|  59|0x0000000083b00000, 0x0000000083c00000, 0x0000000083c00000|100%| O|  |TAMS 0x0000000083c00000, 0x0000000083b00000| Untracked 
|  60|0x0000000083c00000, 0x0000000083d00000, 0x0000000083d00000|100%| O|  |TAMS 0x0000000083d00000, 0x0000000083c00000| Complete 
|  61|0x0000000083d00000, 0x0000000083e00000, 0x0000000083e00000|100%| O|  |TAMS 0x0000000083e00000, 0x0000000083d00000| Untracked 
|  62|0x0000000083e00000, 0x0000000083f00000, 0x0000000083f00000|100%| O|  |TAMS 0x0000000083f00000, 0x0000000083e00000| Untracked 
|  63|0x0000000083f00000, 0x0000000084000000, 0x0000000084000000|100%| O|  |TAMS 0x0000000084000000, 0x0000000083f00000| Untracked 
|  64|0x0000000084000000, 0x0000000084100000, 0x0000000084100000|100%| O|  |TAMS 0x0000000084100000, 0x0000000084000000| Untracked 
|  65|0x0000000084100000, 0x0000000084200000, 0x0000000084200000|100%| O|  |TAMS 0x0000000084200000, 0x0000000084100000| Untracked 
|  66|0x0000000084200000, 0x0000000084300000, 0x0000000084300000|100%| O|  |TAMS 0x0000000084300000, 0x0000000084200000| Untracked 
|  67|0x0000000084300000, 0x0000000084400000, 0x0000000084400000|100%| O|  |TAMS 0x0000000084400000, 0x0000000084300000| Complete 
|  68|0x0000000084400000, 0x0000000084500000, 0x0000000084500000|100%| O|  |TAMS 0x0000000084500000, 0x0000000084400000| Complete 
|  69|0x0000000084500000, 0x0000000084600000, 0x0000000084600000|100%| O|  |TAMS 0x0000000084600000, 0x0000000084500000| Untracked 
|  70|0x0000000084600000, 0x0000000084700000, 0x0000000084700000|100%| O|  |TAMS 0x0000000084700000, 0x0000000084600000| Untracked 
|  71|0x0000000084700000, 0x0000000084800000, 0x0000000084800000|100%| O|  |TAMS 0x0000000084800000, 0x0000000084700000| Complete 
|  72|0x0000000084800000, 0x0000000084900000, 0x0000000084900000|100%| O|  |TAMS 0x0000000084900000, 0x0000000084800000| Complete 
|  73|0x0000000084900000, 0x0000000084a00000, 0x0000000084a00000|100%| O|  |TAMS 0x0000000084a00000, 0x0000000084900000| Untracked 
|  74|0x0000000084a00000, 0x0000000084b00000, 0x0000000084b00000|100%| O|  |TAMS 0x0000000084b00000, 0x0000000084a00000| Untracked 
|  75|0x0000000084b00000, 0x0000000084c00000, 0x0000000084c00000|100%| O|  |TAMS 0x0000000084c00000, 0x0000000084b00000| Untracked 
|  76|0x0000000084c00000, 0x0000000084d00000, 0x0000000084d00000|100%| O|  |TAMS 0x0000000084d00000, 0x0000000084c00000| Complete 
|  77|0x0000000084d00000, 0x0000000084e00000, 0x0000000084e00000|100%| O|  |TAMS 0x0000000084e00000, 0x0000000084d00000| Untracked 
|  78|0x0000000084e00000, 0x0000000084f00000, 0x0000000084f00000|100%| O|  |TAMS 0x0000000084f00000, 0x0000000084e00000| Untracked 
|  79|0x0000000084f00000, 0x0000000085000000, 0x0000000085000000|100%| O|  |TAMS 0x0000000085000000, 0x0000000084f00000| Complete 
|  80|0x0000000085000000, 0x0000000085100000, 0x0000000085100000|100%| O|  |TAMS 0x0000000085100000, 0x0000000085000000| Complete 
|  81|0x0000000085100000, 0x0000000085200000, 0x0000000085200000|100%| O|  |TAMS 0x0000000085200000, 0x0000000085100000| Complete 
|  82|0x0000000085200000, 0x0000000085300000, 0x0000000085300000|100%| O|  |TAMS 0x0000000085300000, 0x0000000085200000| Complete 
|  83|0x0000000085300000, 0x0000000085400000, 0x0000000085400000|100%| O|  |TAMS 0x0000000085400000, 0x0000000085300000| Complete 
|  84|0x0000000085400000, 0x0000000085500000, 0x0000000085500000|100%| O|  |TAMS 0x0000000085500000, 0x0000000085400000| Complete 
|  85|0x0000000085500000, 0x0000000085600000, 0x0000000085600000|100%| O|  |TAMS 0x0000000085600000, 0x0000000085500000| Complete 
|  86|0x0000000085600000, 0x0000000085700000, 0x0000000085700000|100%| O|  |TAMS 0x0000000085700000, 0x0000000085600000| Complete 
|  87|0x0000000085700000, 0x0000000085800000, 0x0000000085800000|100%| O|  |TAMS 0x0000000085800000, 0x0000000085700000| Complete 
|  88|0x0000000085800000, 0x0000000085900000, 0x0000000085900000|100%| O|  |TAMS 0x0000000085900000, 0x0000000085800000| Complete 
|  89|0x0000000085900000, 0x0000000085a00000, 0x0000000085a00000|100%| O|  |TAMS 0x0000000085a00000, 0x0000000085900000| Untracked 
|  90|0x0000000085a00000, 0x0000000085b00000, 0x0000000085b00000|100%| O|  |TAMS 0x0000000085b00000, 0x0000000085a00000| Complete 
|  91|0x0000000085b00000, 0x0000000085c00000, 0x0000000085c00000|100%| O|  |TAMS 0x0000000085c00000, 0x0000000085b00000| Complete 
|  92|0x0000000085c00000, 0x0000000085d00000, 0x0000000085d00000|100%| O|  |TAMS 0x0000000085d00000, 0x0000000085c00000| Complete 
|  93|0x0000000085d00000, 0x0000000085e00000, 0x0000000085e00000|100%| O|  |TAMS 0x0000000085e00000, 0x0000000085d00000| Complete 
|  94|0x0000000085e00000, 0x0000000085f00000, 0x0000000085f00000|100%| O|  |TAMS 0x0000000085f00000, 0x0000000085e00000| Complete 
|  95|0x0000000085f00000, 0x0000000086000000, 0x0000000086000000|100%| O|  |TAMS 0x0000000086000000, 0x0000000085f00000| Complete 
|  96|0x0000000086000000, 0x0000000086100000, 0x0000000086100000|100%| O|  |TAMS 0x0000000086100000, 0x0000000086000000| Complete 
|  97|0x0000000086100000, 0x0000000086200000, 0x0000000086200000|100%| O|  |TAMS 0x0000000086200000, 0x0000000086100000| Complete 
|  98|0x0000000086200000, 0x0000000086300000, 0x0000000086300000|100%| O|  |TAMS 0x0000000086300000, 0x0000000086200000| Complete 
|  99|0x0000000086300000, 0x0000000086400000, 0x0000000086400000|100%| O|  |TAMS 0x0000000086400000, 0x0000000086300000| Complete 
| 100|0x0000000086400000, 0x0000000086500000, 0x0000000086500000|100%| O|  |TAMS 0x0000000086500000, 0x0000000086400000| Complete 
| 101|0x0000000086500000, 0x0000000086600000, 0x0000000086600000|100%| O|  |TAMS 0x0000000086600000, 0x0000000086500000| Complete 
| 102|0x0000000086600000, 0x0000000086700000, 0x0000000086700000|100%| O|  |TAMS 0x0000000086600000, 0x0000000086600000| Untracked 
| 103|0x0000000086700000, 0x0000000086800000, 0x0000000086800000|100%| O|  |TAMS 0x0000000086700000, 0x0000000086700000| Untracked 
| 104|0x0000000086800000, 0x0000000086900000, 0x0000000086900000|100%| O|  |TAMS 0x0000000086900000, 0x0000000086800000| Untracked 
| 105|0x0000000086900000, 0x0000000086a00000, 0x0000000086a00000|100%| O|  |TAMS 0x0000000086a00000, 0x0000000086900000| Untracked 
| 106|0x0000000086a00000, 0x0000000086b00000, 0x0000000086b00000|100%| O|  |TAMS 0x0000000086b00000, 0x0000000086a00000| Untracked 
| 107|0x0000000086b00000, 0x0000000086c00000, 0x0000000086c00000|100%| O|  |TAMS 0x0000000086c00000, 0x0000000086b00000| Untracked 
| 108|0x0000000086c00000, 0x0000000086d00000, 0x0000000086d00000|100%| O|  |TAMS 0x0000000086d00000, 0x0000000086c00000| Untracked 
| 109|0x0000000086d00000, 0x0000000086e00000, 0x0000000086e00000|100%| O|  |TAMS 0x0000000086e00000, 0x0000000086d00000| Untracked 
| 110|0x0000000086e00000, 0x0000000086f00000, 0x0000000086f00000|100%| O|  |TAMS 0x0000000086f00000, 0x0000000086e00000| Complete 
| 111|0x0000000086f00000, 0x0000000087000000, 0x0000000087000000|100%| O|  |TAMS 0x0000000087000000, 0x0000000086f00000| Untracked 
| 112|0x0000000087000000, 0x0000000087100000, 0x0000000087100000|100%| O|  |TAMS 0x0000000087100000, 0x0000000087000000| Complete 
| 113|0x0000000087100000, 0x0000000087200000, 0x0000000087200000|100%| O|  |TAMS 0x0000000087200000, 0x0000000087100000| Untracked 
| 114|0x0000000087200000, 0x0000000087300000, 0x0000000087300000|100%| O|  |TAMS 0x0000000087300000, 0x0000000087200000| Untracked 
| 115|0x0000000087300000, 0x0000000087400000, 0x0000000087400000|100%| O|  |TAMS 0x0000000087400000, 0x0000000087300000| Untracked 
| 116|0x0000000087400000, 0x0000000087500000, 0x0000000087500000|100%| O|  |TAMS 0x0000000087474400, 0x0000000087400000| Complete 
| 117|0x0000000087500000, 0x0000000087600000, 0x0000000087600000|100%| O|  |TAMS 0x0000000087500000, 0x0000000087500000| Untracked 
| 118|0x0000000087600000, 0x0000000087700000, 0x0000000087700000|100%| O|  |TAMS 0x0000000087700000, 0x0000000087600000| Complete 
| 119|0x0000000087700000, 0x0000000087800000, 0x0000000087800000|100%| O|  |TAMS 0x0000000087800000, 0x0000000087700000| Complete 
| 120|0x0000000087800000, 0x0000000087900000, 0x0000000087900000|100%| O|  |TAMS 0x0000000087900000, 0x0000000087800000| Complete 
| 121|0x0000000087900000, 0x0000000087a00000, 0x0000000087a00000|100%| O|  |TAMS 0x0000000087900000, 0x0000000087900000| Untracked 
| 122|0x0000000087a00000, 0x0000000087b00000, 0x0000000087b00000|100%| O|  |TAMS 0x0000000087a00000, 0x0000000087a00000| Untracked 
| 123|0x0000000087b00000, 0x0000000087c00000, 0x0000000087c00000|100%| O|  |TAMS 0x0000000087b00000, 0x0000000087b00000| Untracked 
| 124|0x0000000087c00000, 0x0000000087d00000, 0x0000000087d00000|100%| O|  |TAMS 0x0000000087c00000, 0x0000000087c00000| Untracked 
| 125|0x0000000087d00000, 0x0000000087e00000, 0x0000000087e00000|100%| O|  |TAMS 0x0000000087d00000, 0x0000000087d00000| Untracked 
| 126|0x0000000087e00000, 0x0000000087f00000, 0x0000000087f00000|100%| O|  |TAMS 0x0000000087e00000, 0x0000000087e00000| Untracked 
| 127|0x0000000087f00000, 0x0000000088000000, 0x0000000088000000|100%| O|  |TAMS 0x0000000087f00000, 0x0000000087f00000| Untracked 
| 128|0x0000000088000000, 0x0000000088100000, 0x0000000088100000|100%| O|  |TAMS 0x0000000088000000, 0x0000000088000000| Untracked 
| 129|0x0000000088100000, 0x0000000088200000, 0x0000000088200000|100%| O|  |TAMS 0x0000000088100000, 0x0000000088100000| Untracked 
| 130|0x0000000088200000, 0x0000000088300000, 0x0000000088300000|100%| O|  |TAMS 0x0000000088200000, 0x0000000088200000| Untracked 
| 131|0x0000000088300000, 0x00000000883a3800, 0x0000000088400000| 63%| O|  |TAMS 0x0000000088300000, 0x0000000088300000| Untracked 
| 132|0x0000000088400000, 0x0000000088500000, 0x0000000088500000|100%|HS|  |TAMS 0x0000000088400000, 0x0000000088400000| Complete 
| 133|0x0000000088500000, 0x0000000088600000, 0x0000000088600000|100%|HS|  |TAMS 0x0000000088500000, 0x0000000088500000| Complete 
| 134|0x0000000088600000, 0x0000000088700000, 0x0000000088700000|100%|HC|  |TAMS 0x0000000088600000, 0x0000000088600000| Complete 
| 135|0x0000000088700000, 0x0000000088800000, 0x0000000088800000|100%|HS|  |TAMS 0x0000000088700000, 0x0000000088700000| Complete 
| 136|0x0000000088800000, 0x0000000088900000, 0x0000000088900000|100%|HC|  |TAMS 0x0000000088800000, 0x0000000088800000| Complete 
| 137|0x0000000088900000, 0x0000000088a00000, 0x0000000088a00000|100%|HC|  |TAMS 0x0000000088900000, 0x0000000088900000| Complete 
| 138|0x0000000088a00000, 0x0000000088b00000, 0x0000000088b00000|100%|HC|  |TAMS 0x0000000088a00000, 0x0000000088a00000| Complete 
| 139|0x0000000088b00000, 0x0000000088c00000, 0x0000000088c00000|100%|HS|  |TAMS 0x0000000088b00000, 0x0000000088b00000| Complete 
| 140|0x0000000088c00000, 0x0000000088d00000, 0x0000000088d00000|100%|HC|  |TAMS 0x0000000088c00000, 0x0000000088c00000| Complete 
| 141|0x0000000088d00000, 0x0000000088e00000, 0x0000000088e00000|100%|HS|  |TAMS 0x0000000088d00000, 0x0000000088d00000| Complete 
| 142|0x0000000088e00000, 0x0000000088f00000, 0x0000000088f00000|100%|HC|  |TAMS 0x0000000088e00000, 0x0000000088e00000| Complete 
| 143|0x0000000088f00000, 0x0000000089000000, 0x0000000089000000|100%|HC|  |TAMS 0x0000000088f00000, 0x0000000088f00000| Complete 
| 144|0x0000000089000000, 0x0000000089100000, 0x0000000089100000|100%|HC|  |TAMS 0x0000000089000000, 0x0000000089000000| Complete 
| 145|0x0000000089100000, 0x0000000089200000, 0x0000000089200000|100%|HS|  |TAMS 0x0000000089100000, 0x0000000089100000| Complete 
| 146|0x0000000089200000, 0x0000000089300000, 0x0000000089300000|100%|HC|  |TAMS 0x0000000089200000, 0x0000000089200000| Complete 
| 147|0x0000000089300000, 0x0000000089400000, 0x0000000089400000|100%|HC|  |TAMS 0x0000000089300000, 0x0000000089300000| Complete 
| 148|0x0000000089400000, 0x0000000089500000, 0x0000000089500000|100%|HC|  |TAMS 0x0000000089400000, 0x0000000089400000| Complete 
| 149|0x0000000089500000, 0x0000000089500000, 0x0000000089600000|  0%| F|  |TAMS 0x0000000089500000, 0x0000000089500000| Untracked 
| 150|0x0000000089600000, 0x0000000089600000, 0x0000000089700000|  0%| F|  |TAMS 0x0000000089600000, 0x0000000089600000| Untracked 
| 151|0x0000000089700000, 0x0000000089700000, 0x0000000089800000|  0%| F|  |TAMS 0x0000000089700000, 0x0000000089700000| Untracked 
| 152|0x0000000089800000, 0x0000000089800000, 0x0000000089900000|  0%| F|  |TAMS 0x0000000089800000, 0x0000000089800000| Untracked 
| 153|0x0000000089900000, 0x0000000089900000, 0x0000000089a00000|  0%| F|  |TAMS 0x0000000089900000, 0x0000000089900000| Untracked 
| 154|0x0000000089a00000, 0x0000000089a00000, 0x0000000089b00000|  0%| F|  |TAMS 0x0000000089a00000, 0x0000000089a00000| Untracked 
| 155|0x0000000089b00000, 0x0000000089b00000, 0x0000000089c00000|  0%| F|  |TAMS 0x0000000089b00000, 0x0000000089b00000| Untracked 
| 156|0x0000000089c00000, 0x0000000089c00000, 0x0000000089d00000|  0%| F|  |TAMS 0x0000000089c00000, 0x0000000089c00000| Untracked 
| 157|0x0000000089d00000, 0x0000000089d00000, 0x0000000089e00000|  0%| F|  |TAMS 0x0000000089d00000, 0x0000000089d00000| Untracked 
| 158|0x0000000089e00000, 0x0000000089e00000, 0x0000000089f00000|  0%| F|  |TAMS 0x0000000089e00000, 0x0000000089e00000| Untracked 
| 159|0x0000000089f00000, 0x0000000089f00000, 0x000000008a000000|  0%| F|  |TAMS 0x0000000089f00000, 0x0000000089f00000| Untracked 
| 160|0x000000008a000000, 0x000000008a000000, 0x000000008a100000|  0%| F|  |TAMS 0x000000008a000000, 0x000000008a000000| Untracked 
| 161|0x000000008a100000, 0x000000008a100000, 0x000000008a200000|  0%| F|  |TAMS 0x000000008a100000, 0x000000008a100000| Untracked 
| 162|0x000000008a200000, 0x000000008a200000, 0x000000008a300000|  0%| F|  |TAMS 0x000000008a200000, 0x000000008a200000| Untracked 
| 163|0x000000008a300000, 0x000000008a300000, 0x000000008a400000|  0%| F|  |TAMS 0x000000008a300000, 0x000000008a300000| Untracked 
| 164|0x000000008a400000, 0x000000008a400000, 0x000000008a500000|  0%| F|  |TAMS 0x000000008a400000, 0x000000008a400000| Untracked 
| 165|0x000000008a500000, 0x000000008a500000, 0x000000008a600000|  0%| F|  |TAMS 0x000000008a500000, 0x000000008a500000| Untracked 
| 166|0x000000008a600000, 0x000000008a600000, 0x000000008a700000|  0%| F|  |TAMS 0x000000008a600000, 0x000000008a600000| Untracked 
| 167|0x000000008a700000, 0x000000008a700000, 0x000000008a800000|  0%| F|  |TAMS 0x000000008a700000, 0x000000008a700000| Untracked 
| 168|0x000000008a800000, 0x000000008a800000, 0x000000008a900000|  0%| F|  |TAMS 0x000000008a800000, 0x000000008a800000| Untracked 
| 169|0x000000008a900000, 0x000000008a900000, 0x000000008aa00000|  0%| F|  |TAMS 0x000000008a900000, 0x000000008a900000| Untracked 
| 170|0x000000008aa00000, 0x000000008aa00000, 0x000000008ab00000|  0%| F|  |TAMS 0x000000008aa00000, 0x000000008aa00000| Untracked 
| 171|0x000000008ab00000, 0x000000008ab00000, 0x000000008ac00000|  0%| F|  |TAMS 0x000000008ab00000, 0x000000008ab00000| Untracked 
| 172|0x000000008ac00000, 0x000000008ac00000, 0x000000008ad00000|  0%| F|  |TAMS 0x000000008ac00000, 0x000000008ac00000| Untracked 
| 173|0x000000008ad00000, 0x000000008ad00000, 0x000000008ae00000|  0%| F|  |TAMS 0x000000008ad00000, 0x000000008ad00000| Untracked 
| 174|0x000000008ae00000, 0x000000008ae00000, 0x000000008af00000|  0%| F|  |TAMS 0x000000008ae00000, 0x000000008ae00000| Untracked 
| 175|0x000000008af00000, 0x000000008af00000, 0x000000008b000000|  0%| F|  |TAMS 0x000000008af00000, 0x000000008af00000| Untracked 
| 176|0x000000008b000000, 0x000000008b000000, 0x000000008b100000|  0%| F|  |TAMS 0x000000008b000000, 0x000000008b000000| Untracked 
| 177|0x000000008b100000, 0x000000008b100000, 0x000000008b200000|  0%| F|  |TAMS 0x000000008b100000, 0x000000008b100000| Untracked 
| 178|0x000000008b200000, 0x000000008b200000, 0x000000008b300000|  0%| F|  |TAMS 0x000000008b200000, 0x000000008b200000| Untracked 
| 179|0x000000008b300000, 0x000000008b300000, 0x000000008b400000|  0%| F|  |TAMS 0x000000008b300000, 0x000000008b300000| Untracked 
| 180|0x000000008b400000, 0x000000008b400000, 0x000000008b500000|  0%| F|  |TAMS 0x000000008b400000, 0x000000008b400000| Untracked 
| 181|0x000000008b500000, 0x000000008b500000, 0x000000008b600000|  0%| F|  |TAMS 0x000000008b500000, 0x000000008b500000| Untracked 
| 182|0x000000008b600000, 0x000000008b600000, 0x000000008b700000|  0%| F|  |TAMS 0x000000008b600000, 0x000000008b600000| Untracked 
| 183|0x000000008b700000, 0x000000008b700000, 0x000000008b800000|  0%| F|  |TAMS 0x000000008b700000, 0x000000008b700000| Untracked 
| 184|0x000000008b800000, 0x000000008b800000, 0x000000008b900000|  0%| F|  |TAMS 0x000000008b800000, 0x000000008b800000| Untracked 
| 185|0x000000008b900000, 0x000000008b900000, 0x000000008ba00000|  0%| F|  |TAMS 0x000000008b900000, 0x000000008b900000| Untracked 
| 186|0x000000008ba00000, 0x000000008ba00000, 0x000000008bb00000|  0%| F|  |TAMS 0x000000008ba00000, 0x000000008ba00000| Untracked 
| 187|0x000000008bb00000, 0x000000008bb00000, 0x000000008bc00000|  0%| F|  |TAMS 0x000000008bb00000, 0x000000008bb00000| Untracked 
| 188|0x000000008bc00000, 0x000000008bc00000, 0x000000008bd00000|  0%| F|  |TAMS 0x000000008bc00000, 0x000000008bc00000| Untracked 
| 189|0x000000008bd00000, 0x000000008bd00000, 0x000000008be00000|  0%| F|  |TAMS 0x000000008bd00000, 0x000000008bd00000| Untracked 
| 190|0x000000008be00000, 0x000000008be00000, 0x000000008bf00000|  0%| F|  |TAMS 0x000000008be00000, 0x000000008be00000| Untracked 
| 191|0x000000008bf00000, 0x000000008bf00000, 0x000000008c000000|  0%| F|  |TAMS 0x000000008bf00000, 0x000000008bf00000| Untracked 
| 192|0x000000008c000000, 0x000000008c000000, 0x000000008c100000|  0%| F|  |TAMS 0x000000008c000000, 0x000000008c000000| Untracked 
| 193|0x000000008c100000, 0x000000008c100000, 0x000000008c200000|  0%| F|  |TAMS 0x000000008c100000, 0x000000008c100000| Untracked 
| 194|0x000000008c200000, 0x000000008c200000, 0x000000008c300000|  0%| F|  |TAMS 0x000000008c200000, 0x000000008c200000| Untracked 
| 195|0x000000008c300000, 0x000000008c300000, 0x000000008c400000|  0%| F|  |TAMS 0x000000008c300000, 0x000000008c300000| Untracked 
| 196|0x000000008c400000, 0x000000008c400000, 0x000000008c500000|  0%| F|  |TAMS 0x000000008c400000, 0x000000008c400000| Untracked 
| 197|0x000000008c500000, 0x000000008c500000, 0x000000008c600000|  0%| F|  |TAMS 0x000000008c500000, 0x000000008c500000| Untracked 
| 198|0x000000008c600000, 0x000000008c600000, 0x000000008c700000|  0%| F|  |TAMS 0x000000008c600000, 0x000000008c600000| Untracked 
| 199|0x000000008c700000, 0x000000008c700000, 0x000000008c800000|  0%| F|  |TAMS 0x000000008c700000, 0x000000008c700000| Untracked 
| 200|0x000000008c800000, 0x000000008c800000, 0x000000008c900000|  0%| F|  |TAMS 0x000000008c800000, 0x000000008c800000| Untracked 
| 201|0x000000008c900000, 0x000000008c900000, 0x000000008ca00000|  0%| F|  |TAMS 0x000000008c900000, 0x000000008c900000| Untracked 
| 202|0x000000008ca00000, 0x000000008ca00000, 0x000000008cb00000|  0%| F|  |TAMS 0x000000008ca00000, 0x000000008ca00000| Untracked 
| 203|0x000000008cb00000, 0x000000008cb00000, 0x000000008cc00000|  0%| F|  |TAMS 0x000000008cb00000, 0x000000008cb00000| Untracked 
| 204|0x000000008cc00000, 0x000000008cc00000, 0x000000008cd00000|  0%| F|  |TAMS 0x000000008cc00000, 0x000000008cc00000| Untracked 
| 205|0x000000008cd00000, 0x000000008cd00000, 0x000000008ce00000|  0%| F|  |TAMS 0x000000008cd00000, 0x000000008cd00000| Untracked 
| 206|0x000000008ce00000, 0x000000008ce00000, 0x000000008cf00000|  0%| F|  |TAMS 0x000000008ce00000, 0x000000008ce00000| Untracked 
| 207|0x000000008cf00000, 0x000000008cf00000, 0x000000008d000000|  0%| F|  |TAMS 0x000000008cf00000, 0x000000008cf00000| Untracked 
| 208|0x000000008d000000, 0x000000008d000000, 0x000000008d100000|  0%| F|  |TAMS 0x000000008d000000, 0x000000008d000000| Untracked 
| 209|0x000000008d100000, 0x000000008d100000, 0x000000008d200000|  0%| F|  |TAMS 0x000000008d100000, 0x000000008d100000| Untracked 
| 210|0x000000008d200000, 0x000000008d200000, 0x000000008d300000|  0%| F|  |TAMS 0x000000008d200000, 0x000000008d200000| Untracked 
| 211|0x000000008d300000, 0x000000008d300000, 0x000000008d400000|  0%| F|  |TAMS 0x000000008d300000, 0x000000008d300000| Untracked 
| 212|0x000000008d400000, 0x000000008d400000, 0x000000008d500000|  0%| F|  |TAMS 0x000000008d400000, 0x000000008d400000| Untracked 
| 213|0x000000008d500000, 0x000000008d500000, 0x000000008d600000|  0%| F|  |TAMS 0x000000008d500000, 0x000000008d500000| Untracked 
| 214|0x000000008d600000, 0x000000008d600000, 0x000000008d700000|  0%| F|  |TAMS 0x000000008d600000, 0x000000008d600000| Untracked 
| 215|0x000000008d700000, 0x000000008d700000, 0x000000008d800000|  0%| F|  |TAMS 0x000000008d700000, 0x000000008d700000| Untracked 
| 216|0x000000008d800000, 0x000000008d800000, 0x000000008d900000|  0%| F|  |TAMS 0x000000008d800000, 0x000000008d800000| Untracked 
| 217|0x000000008d900000, 0x000000008d900000, 0x000000008da00000|  0%| F|  |TAMS 0x000000008d900000, 0x000000008d900000| Untracked 
| 218|0x000000008da00000, 0x000000008daa5798, 0x000000008db00000| 64%| S|CS|TAMS 0x000000008da00000, 0x000000008da00000| Complete 
| 219|0x000000008db00000, 0x000000008dc00000, 0x000000008dc00000|100%| S|CS|TAMS 0x000000008db00000, 0x000000008db00000| Complete 
| 220|0x000000008dc00000, 0x000000008dd00000, 0x000000008dd00000|100%| S|CS|TAMS 0x000000008dc00000, 0x000000008dc00000| Complete 
| 221|0x000000008dd00000, 0x000000008de00000, 0x000000008de00000|100%| S|CS|TAMS 0x000000008dd00000, 0x000000008dd00000| Complete 
| 222|0x000000008de00000, 0x000000008df00000, 0x000000008df00000|100%| S|CS|TAMS 0x000000008de00000, 0x000000008de00000| Complete 
| 223|0x000000008df00000, 0x000000008e000000, 0x000000008e000000|100%| S|CS|TAMS 0x000000008df00000, 0x000000008df00000| Complete 
| 224|0x000000008e000000, 0x000000008e100000, 0x000000008e100000|100%| S|CS|TAMS 0x000000008e000000, 0x000000008e000000| Complete 
| 225|0x000000008e100000, 0x000000008e200000, 0x000000008e200000|100%| S|CS|TAMS 0x000000008e100000, 0x000000008e100000| Complete 
| 226|0x000000008e200000, 0x000000008e300000, 0x000000008e300000|100%| S|CS|TAMS 0x000000008e200000, 0x000000008e200000| Complete 
| 227|0x000000008e300000, 0x000000008e400000, 0x000000008e400000|100%| S|CS|TAMS 0x000000008e300000, 0x000000008e300000| Complete 
| 228|0x000000008e400000, 0x000000008e400000, 0x000000008e500000|  0%| F|  |TAMS 0x000000008e400000, 0x000000008e400000| Untracked 
| 229|0x000000008e500000, 0x000000008e500000, 0x000000008e600000|  0%| F|  |TAMS 0x000000008e500000, 0x000000008e500000| Untracked 
| 230|0x000000008e600000, 0x000000008e660670, 0x000000008e700000| 37%| E|  |TAMS 0x000000008e600000, 0x000000008e600000| Complete 
| 231|0x000000008e700000, 0x000000008e800000, 0x000000008e800000|100%| E|CS|TAMS 0x000000008e700000, 0x000000008e700000| Complete 
| 232|0x000000008e800000, 0x000000008e900000, 0x000000008e900000|100%| E|CS|TAMS 0x000000008e800000, 0x000000008e800000| Complete 
| 233|0x000000008e900000, 0x000000008ea00000, 0x000000008ea00000|100%| E|CS|TAMS 0x000000008e900000, 0x000000008e900000| Complete 
| 234|0x000000008ea00000, 0x000000008eb00000, 0x000000008eb00000|100%| E|CS|TAMS 0x000000008ea00000, 0x000000008ea00000| Complete 
| 235|0x000000008eb00000, 0x000000008ec00000, 0x000000008ec00000|100%| E|CS|TAMS 0x000000008eb00000, 0x000000008eb00000| Complete 
| 236|0x000000008ec00000, 0x000000008ed00000, 0x000000008ed00000|100%| E|CS|TAMS 0x000000008ec00000, 0x000000008ec00000| Complete 
| 237|0x000000008ed00000, 0x000000008ee00000, 0x000000008ee00000|100%| E|CS|TAMS 0x000000008ed00000, 0x000000008ed00000| Complete 
| 238|0x000000008ee00000, 0x000000008ef00000, 0x000000008ef00000|100%| E|CS|TAMS 0x000000008ee00000, 0x000000008ee00000| Complete 
| 239|0x000000008ef00000, 0x000000008f000000, 0x000000008f000000|100%| E|CS|TAMS 0x000000008ef00000, 0x000000008ef00000| Complete 
| 240|0x000000008f000000, 0x000000008f100000, 0x000000008f100000|100%| E|CS|TAMS 0x000000008f000000, 0x000000008f000000| Complete 
| 241|0x000000008f100000, 0x000000008f200000, 0x000000008f200000|100%| E|CS|TAMS 0x000000008f100000, 0x000000008f100000| Complete 
| 242|0x000000008f200000, 0x000000008f300000, 0x000000008f300000|100%| E|CS|TAMS 0x000000008f200000, 0x000000008f200000| Complete 
| 243|0x000000008f300000, 0x000000008f400000, 0x000000008f400000|100%| E|CS|TAMS 0x000000008f300000, 0x000000008f300000| Complete 
| 244|0x000000008f400000, 0x000000008f500000, 0x000000008f500000|100%| E|CS|TAMS 0x000000008f400000, 0x000000008f400000| Complete 
| 245|0x000000008f500000, 0x000000008f600000, 0x000000008f600000|100%| E|CS|TAMS 0x000000008f500000, 0x000000008f500000| Complete 
| 246|0x000000008f600000, 0x000000008f700000, 0x000000008f700000|100%| E|  |TAMS 0x000000008f600000, 0x000000008f600000| Complete 
| 247|0x000000008f700000, 0x000000008f800000, 0x000000008f800000|100%| E|CS|TAMS 0x000000008f700000, 0x000000008f700000| Complete 
| 248|0x000000008f800000, 0x000000008f900000, 0x000000008f900000|100%| E|CS|TAMS 0x000000008f800000, 0x000000008f800000| Complete 
| 249|0x000000008f900000, 0x000000008fa00000, 0x000000008fa00000|100%| E|CS|TAMS 0x000000008f900000, 0x000000008f900000| Complete 
| 250|0x000000008fa00000, 0x000000008fb00000, 0x000000008fb00000|100%| E|CS|TAMS 0x000000008fa00000, 0x000000008fa00000| Complete 
| 251|0x000000008fb00000, 0x000000008fc00000, 0x000000008fc00000|100%| E|CS|TAMS 0x000000008fb00000, 0x000000008fb00000| Complete 
| 252|0x000000008fc00000, 0x000000008fd00000, 0x000000008fd00000|100%| E|CS|TAMS 0x000000008fc00000, 0x000000008fc00000| Complete 
| 253|0x000000008fd00000, 0x000000008fe00000, 0x000000008fe00000|100%| E|CS|TAMS 0x000000008fd00000, 0x000000008fd00000| Complete 
| 254|0x000000008fe00000, 0x000000008ff00000, 0x000000008ff00000|100%| E|CS|TAMS 0x000000008fe00000, 0x000000008fe00000| Complete 
| 255|0x000000008ff00000, 0x0000000090000000, 0x0000000090000000|100%| E|CS|TAMS 0x000000008ff00000, 0x000000008ff00000| Complete 
| 256|0x0000000090000000, 0x0000000090100000, 0x0000000090100000|100%| E|CS|TAMS 0x0000000090000000, 0x0000000090000000| Complete 
| 257|0x0000000090100000, 0x0000000090200000, 0x0000000090200000|100%| E|CS|TAMS 0x0000000090100000, 0x0000000090100000| Complete 
| 258|0x0000000090200000, 0x0000000090300000, 0x0000000090300000|100%| E|CS|TAMS 0x0000000090200000, 0x0000000090200000| Complete 
| 259|0x0000000090300000, 0x0000000090400000, 0x0000000090400000|100%| E|CS|TAMS 0x0000000090300000, 0x0000000090300000| Complete 
| 260|0x0000000090400000, 0x0000000090500000, 0x0000000090500000|100%| E|CS|TAMS 0x0000000090400000, 0x0000000090400000| Complete 
| 261|0x0000000090500000, 0x0000000090600000, 0x0000000090600000|100%| E|CS|TAMS 0x0000000090500000, 0x0000000090500000| Complete 
| 262|0x0000000090600000, 0x0000000090700000, 0x0000000090700000|100%| E|CS|TAMS 0x0000000090600000, 0x0000000090600000| Complete 
| 263|0x0000000090700000, 0x0000000090800000, 0x0000000090800000|100%| E|CS|TAMS 0x0000000090700000, 0x0000000090700000| Complete 
| 264|0x0000000090800000, 0x0000000090900000, 0x0000000090900000|100%| E|CS|TAMS 0x0000000090800000, 0x0000000090800000| Complete 
| 265|0x0000000090900000, 0x0000000090a00000, 0x0000000090a00000|100%| E|CS|TAMS 0x0000000090900000, 0x0000000090900000| Complete 
| 266|0x0000000090a00000, 0x0000000090b00000, 0x0000000090b00000|100%| E|CS|TAMS 0x0000000090a00000, 0x0000000090a00000| Complete 
| 267|0x0000000090b00000, 0x0000000090c00000, 0x0000000090c00000|100%| E|CS|TAMS 0x0000000090b00000, 0x0000000090b00000| Complete 
| 268|0x0000000090c00000, 0x0000000090d00000, 0x0000000090d00000|100%| E|CS|TAMS 0x0000000090c00000, 0x0000000090c00000| Complete 

Card table byte_map: [0x000001ecf15a0000,0x000001ecf19a0000] _byte_map_base: 0x000001ecf11a0000

Marking Bits (Prev, Next): (CMBitMap*) 0x000001ecd7b38e60, (CMBitMap*) 0x000001ecd7b38e20
 Prev Bits: [0x000001ecf3da0000, 0x000001ecf5da0000)
 Next Bits: [0x000001ecf1da0000, 0x000001ecf3da0000)

Polling page: 0x000001ecd7bd0000

Metaspace:

Usage:
  Non-class:     91.79 MB capacity,    90.89 MB (>99%) used,   766.23 KB ( <1%) free+waste,   156.94 KB ( <1%) overhead. 
      Class:     14.22 MB capacity,    13.81 MB ( 97%) used,   361.87 KB (  2%) free+waste,    62.69 KB ( <1%) overhead. 
       Both:    106.01 MB capacity,   104.70 MB ( 99%) used,     1.10 MB (  1%) free+waste,   219.62 KB ( <1%) overhead. 

Virtual space:
  Non-class space:       92.00 MB reserved,      91.92 MB (>99%) committed 
      Class space:        1.00 GB reserved,      14.25 MB (  1%) committed 
             Both:        1.09 GB reserved,     106.17 MB ( 10%) committed 

Chunk freelists:
   Non-Class:  7.00 KB
       Class:  0 bytes
        Both:  7.00 KB

MaxMetaspaceSize: 17179869184.00 GB
CompressedClassSpaceSize: 1.00 GB

CodeHeap 'non-profiled nmethods': size=120000Kb used=9399Kb max_used=9399Kb free=110600Kb
 bounds [0x000001ece8fd0000, 0x000001ece9900000, 0x000001ecf0500000]
CodeHeap 'profiled nmethods': size=120000Kb used=28408Kb max_used=28408Kb free=91592Kb
 bounds [0x000001ece1aa0000, 0x000001ece3660000, 0x000001ece8fd0000]
CodeHeap 'non-nmethods': size=5760Kb used=2463Kb max_used=2562Kb free=3296Kb
 bounds [0x000001ece1500000, 0x000001ece1790000, 0x000001ece1aa0000]
 total_blobs=16142 nmethods=15184 adapters=868
 compilation: enabled
              stopped_count=0, restarted_count=0
 full_count=0

Compilation events (20 events):
Event: 281.427 Thread 0x000001ecf9309410 17992       3       kotlin.comparisons.ComparisonsKt__ComparisonsKt::compareValues (27 bytes)
Event: 281.427 Thread 0x000001ecf9309410 nmethod 17992 0x000001ece365c890 code [0x000001ece365ca40, 0x000001ece365cce8]
Event: 281.427 Thread 0x000001ecf9309410 17995       3       com.google.common.collect.ObjectArrays::checkElementsNotNull (23 bytes)
Event: 281.428 Thread 0x000001ecf9309410 nmethod 17995 0x000001ece365cd90 code [0x000001ece365cf40, 0x000001ece365d148]
Event: 281.428 Thread 0x000001ecf9309410 17993       3       com.android.builder.internal.aapt.v2.AaptV2CommandBuilder$makeLinkCommand$$inlined$sortedBy$1::compare (48 bytes)
Event: 281.428 Thread 0x000001ecf9309410 nmethod 17993 0x000001ece365d290 code [0x000001ece365d460, 0x000001ece365d968]
Event: 281.428 Thread 0x000001ecf9309410 17994       3       com.google.common.collect.ObjectArrays::checkElementsNotNull (7 bytes)
Event: 281.428 Thread 0x000001ecf9309410 nmethod 17994 0x000001ece365db10 code [0x000001ece365dcc0, 0x000001ece365df08]
Event: 281.428 Thread 0x000001ecf9309410 17996       3       com.google.common.collect.ImmutableList$Builder::add (14 bytes)
Event: 281.428 Thread 0x000001ecf9309410 nmethod 17996 0x000001ece365e010 code [0x000001ece365e1e0, 0x000001ece365e4f8]
Event: 281.428 Thread 0x000001ecf9309410 17997       3       com.google.common.collect.ImmutableList$Builder::add (35 bytes)
Event: 281.428 Thread 0x000001ecf9309410 nmethod 17997 0x000001ece365e690 code [0x000001ece365e840, 0x000001ece365eb58]
Event: 281.450 Thread 0x000001ecf95754f0 nmethod 17971 0x000001ece98e8690 code [0x000001ece98e8a80, 0x000001ece98eb900]
Event: 281.450 Thread 0x000001ecf95754f0 17998 %     4       sun.nio.cs.UTF_8$Encoder::encodeArrayLoop @ 73 (489 bytes)
Event: 281.455 Thread 0x000001ecfd8526b0 nmethod 17845 0x000001ece98ed710 code [0x000001ece98edf20, 0x000001ece98f4de8]
Event: 281.455 Thread 0x000001ecfd8526b0 17991       4       java.util.TimSort::sort (229 bytes)
Event: 281.466 Thread 0x000001ecf95754f0 nmethod 17998% 0x000001ece98fa290 code [0x000001ece98fa4a0, 0x000001ece98fb538]
Event: 281.466 Thread 0x000001ecf95754f0 17746       4       java.lang.StringUTF16::putCharSB (12 bytes)
Event: 281.466 Thread 0x000001ecf95754f0 nmethod 17746 0x000001ece98fc110 code [0x000001ece98fc280, 0x000001ece98fc2f8]
Event: 281.469 Thread 0x000001ecfd8526b0 nmethod 17991 0x000001ece98fc410 code [0x000001ece98fc620, 0x000001ece98fd4d0]

GC Heap History (20 events):
Event: 7.368 GC heap before
{Heap before GC invocations=38 (full 0):
 garbage-first heap   total 174080K, used 142520K [0x0000000080000000, 0x0000000100000000)
  region size 1024K, 65 young (66560K), 6 survivors (6144K)
 Metaspace       used 75037K, capacity 76190K, committed 76464K, reserved 1116160K
  class space    used 9833K, capacity 10175K, committed 10240K, reserved 1048576K
}
Event: 7.373 GC heap after
{Heap after GC invocations=39 (full 0):
 garbage-first heap   total 208896K, used 86420K [0x0000000080000000, 0x0000000100000000)
  region size 1024K, 6 young (6144K), 6 survivors (6144K)
 Metaspace       used 75037K, capacity 76190K, committed 76464K, reserved 1116160K
  class space    used 9833K, capacity 10175K, committed 10240K, reserved 1048576K
}
Event: 7.959 GC heap before
{Heap before GC invocations=40 (full 0):
 garbage-first heap   total 208896K, used 174484K [0x0000000080000000, 0x0000000100000000)
  region size 1024K, 89 young (91136K), 6 survivors (6144K)
 Metaspace       used 80244K, capacity 81406K, committed 81712K, reserved 1120256K
  class space    used 10688K, capacity 11025K, committed 11136K, reserved 1048576K
}
Event: 7.968 GC heap after
{Heap after GC invocations=41 (full 0):
 garbage-first heap   total 208896K, used 96313K [0x0000000080000000, 0x0000000100000000)
  region size 1024K, 12 young (12288K), 12 survivors (12288K)
 Metaspace       used 80244K, capacity 81406K, committed 81712K, reserved 1120256K
  class space    used 10688K, capacity 11025K, committed 11136K, reserved 1048576K
}
Event: 8.225 GC heap before
{Heap before GC invocations=41 (full 0):
 garbage-first heap   total 208896K, used 167993K [0x0000000080000000, 0x0000000100000000)
  region size 1024K, 83 young (84992K), 12 survivors (12288K)
 Metaspace       used 86783K, capacity 88058K, committed 88368K, reserved 1126400K
  class space    used 11934K, capacity 12325K, committed 12416K, reserved 1048576K
}
Event: 8.235 GC heap after
{Heap after GC invocations=42 (full 0):
 garbage-first heap   total 208896K, used 104128K [0x0000000080000000, 0x0000000100000000)
  region size 1024K, 8 young (8192K), 8 survivors (8192K)
 Metaspace       used 86783K, capacity 88058K, committed 88368K, reserved 1126400K
  class space    used 11934K, capacity 12325K, committed 12416K, reserved 1048576K
}
Event: 8.412 GC heap before
{Heap before GC invocations=42 (full 0):
 garbage-first heap   total 208896K, used 167616K [0x0000000080000000, 0x0000000100000000)
  region size 1024K, 71 young (72704K), 8 survivors (8192K)
 Metaspace       used 88410K, capacity 89685K, committed 89904K, reserved 1126400K
  class space    used 12207K, capacity 12590K, committed 12672K, reserved 1048576K
}
Event: 8.418 GC heap after
{Heap after GC invocations=43 (full 0):
 garbage-first heap   total 208896K, used 106737K [0x0000000080000000, 0x0000000100000000)
  region size 1024K, 4 young (4096K), 4 survivors (4096K)
 Metaspace       used 88410K, capacity 89685K, committed 89904K, reserved 1126400K
  class space    used 12207K, capacity 12590K, committed 12672K, reserved 1048576K
}
Event: 8.620 GC heap before
{Heap before GC invocations=44 (full 0):
 garbage-first heap   total 222208K, used 169201K [0x0000000080000000, 0x0000000100000000)
  region size 1024K, 66 young (67584K), 4 survivors (4096K)
 Metaspace       used 88835K, capacity 90069K, committed 90416K, reserved 1126400K
  class space    used 12227K, capacity 12593K, committed 12672K, reserved 1048576K
}
Event: 8.625 GC heap after
{Heap after GC invocations=45 (full 0):
 garbage-first heap   total 267264K, used 107732K [0x0000000080000000, 0x0000000100000000)
  region size 1024K, 5 young (5120K), 5 survivors (5120K)
 Metaspace       used 88835K, capacity 90069K, committed 90416K, reserved 1126400K
  class space    used 12227K, capacity 12593K, committed 12672K, reserved 1048576K
}
Event: 9.557 GC heap before
{Heap before GC invocations=45 (full 0):
 garbage-first heap   total 267264K, used 217300K [0x0000000080000000, 0x0000000100000000)
  region size 1024K, 111 young (113664K), 5 survivors (5120K)
 Metaspace       used 90868K, capacity 92188K, committed 92464K, reserved 1128448K
  class space    used 12483K, capacity 12876K, committed 12928K, reserved 1048576K
}
Event: 9.563 GC heap after
{Heap after GC invocations=46 (full 0):
 garbage-first heap   total 267264K, used 114922K [0x0000000080000000, 0x0000000100000000)
  region size 1024K, 11 young (11264K), 11 survivors (11264K)
 Metaspace       used 90868K, capacity 92188K, committed 92464K, reserved 1128448K
  class space    used 12483K, capacity 12876K, committed 12928K, reserved 1048576K
}
Event: 10.223 GC heap before
{Heap before GC invocations=46 (full 0):
 garbage-first heap   total 267264K, used 185578K [0x0000000080000000, 0x0000000100000000)
  region size 1024K, 67 young (68608K), 11 survivors (11264K)
 Metaspace       used 96187K, capacity 97515K, committed 97840K, reserved 1134592K
  class space    used 13158K, capacity 13571K, committed 13696K, reserved 1048576K
}
Event: 10.229 GC heap after
{Heap after GC invocations=47 (full 0):
 garbage-first heap   total 267264K, used 124571K [0x0000000080000000, 0x0000000100000000)
  region size 1024K, 5 young (5120K), 5 survivors (5120K)
 Metaspace       used 96187K, capacity 97515K, committed 97840K, reserved 1134592K
  class space    used 13158K, capacity 13571K, committed 13696K, reserved 1048576K
}
Event: 131.079 GC heap before
{Heap before GC invocations=48 (full 0):
 garbage-first heap   total 267264K, used 216731K [0x0000000080000000, 0x0000000100000000)
  region size 1024K, 96 young (98304K), 5 survivors (5120K)
 Metaspace       used 100333K, capacity 101728K, committed 101936K, reserved 1136640K
  class space    used 13436K, capacity 13845K, committed 13952K, reserved 1048576K
}
Event: 131.091 GC heap after
{Heap after GC invocations=49 (full 0):
 garbage-first heap   total 267264K, used 111130K [0x0000000080000000, 0x0000000100000000)
  region size 1024K, 5 young (5120K), 5 survivors (5120K)
 Metaspace       used 100333K, capacity 101728K, committed 101936K, reserved 1136640K
  class space    used 13436K, capacity 13845K, committed 13952K, reserved 1048576K
}
Event: 280.697 GC heap before
{Heap before GC invocations=49 (full 0):
 garbage-first heap   total 267264K, used 220698K [0x0000000080000000, 0x0000000100000000)
  region size 1024K, 111 young (113664K), 5 survivors (5120K)
 Metaspace       used 101897K, capacity 103278K, committed 103600K, reserved 1138688K
  class space    used 13554K, capacity 13987K, committed 14080K, reserved 1048576K
}
Event: 280.707 GC heap after
{Heap after GC invocations=50 (full 0):
 garbage-first heap   total 267264K, used 133895K [0x0000000080000000, 0x0000000100000000)
  region size 1024K, 14 young (14336K), 14 survivors (14336K)
 Metaspace       used 101897K, capacity 103278K, committed 103600K, reserved 1138688K
  class space    used 13554K, capacity 13987K, committed 14080K, reserved 1048576K
}
Event: 280.937 GC heap before
{Heap before GC invocations=50 (full 0):
 garbage-first heap   total 267264K, used 165639K [0x0000000080000000, 0x0000000100000000)
  region size 1024K, 47 young (48128K), 14 survivors (14336K)
 Metaspace       used 104048K, capacity 105396K, committed 105648K, reserved 1140736K
  class space    used 13817K, capacity 14244K, committed 14336K, reserved 1048576K
}
Event: 280.947 GC heap after
{Heap after GC invocations=51 (full 0):
 garbage-first heap   total 267264K, used 143961K [0x0000000080000000, 0x0000000100000000)
  region size 1024K, 10 young (10240K), 10 survivors (10240K)
 Metaspace       used 104048K, capacity 105396K, committed 105648K, reserved 1140736K
  class space    used 13817K, capacity 14244K, committed 14336K, reserved 1048576K
}

Deoptimization events (20 events):
Event: 281.435 Thread 0x000001ec80ebcdc0 DEOPT PACKING pc=0x000001ece35f3d77 sp=0x0000004bf37fd560
Event: 281.435 Thread 0x000001ec80ebcdc0 DEOPT UNPACKING pc=0x000001ece154e23f sp=0x0000004bf37fcad8 mode 0
Event: 281.436 Thread 0x000001ec80ebcdc0 DEOPT PACKING pc=0x000001ece35f3d77 sp=0x0000004bf37fd560
Event: 281.436 Thread 0x000001ec80ebcdc0 DEOPT UNPACKING pc=0x000001ece154e23f sp=0x0000004bf37fcad8 mode 0
Event: 281.436 Thread 0x000001ec80ebcdc0 DEOPT PACKING pc=0x000001ece35f3d77 sp=0x0000004bf37fd560
Event: 281.436 Thread 0x000001ec80ebcdc0 DEOPT UNPACKING pc=0x000001ece154e23f sp=0x0000004bf37fcad8 mode 0
Event: 281.436 Thread 0x000001ec80ebcdc0 DEOPT PACKING pc=0x000001ece35f3d77 sp=0x0000004bf37fd560
Event: 281.436 Thread 0x000001ec80ebcdc0 DEOPT UNPACKING pc=0x000001ece154e23f sp=0x0000004bf37fcad8 mode 0
Event: 281.437 Thread 0x000001ec80ebcdc0 DEOPT PACKING pc=0x000001ece35f3d77 sp=0x0000004bf37fd560
Event: 281.437 Thread 0x000001ec80ebcdc0 DEOPT UNPACKING pc=0x000001ece154e23f sp=0x0000004bf37fcad8 mode 0
Event: 281.437 Thread 0x000001ec80ebcdc0 DEOPT PACKING pc=0x000001ece35f3d77 sp=0x0000004bf37fd560
Event: 281.437 Thread 0x000001ec80ebcdc0 DEOPT UNPACKING pc=0x000001ece154e23f sp=0x0000004bf37fcad8 mode 0
Event: 281.437 Thread 0x000001ec80ebcdc0 DEOPT PACKING pc=0x000001ece35f3d77 sp=0x0000004bf37fd560
Event: 281.437 Thread 0x000001ec80ebcdc0 DEOPT UNPACKING pc=0x000001ece154e23f sp=0x0000004bf37fcad8 mode 0
Event: 281.437 Thread 0x000001ec80ebcdc0 DEOPT PACKING pc=0x000001ece35f3d77 sp=0x0000004bf37fd560
Event: 281.437 Thread 0x000001ec80ebcdc0 DEOPT UNPACKING pc=0x000001ece154e23f sp=0x0000004bf37fcad8 mode 0
Event: 281.438 Thread 0x000001ec80ebcdc0 DEOPT PACKING pc=0x000001ece35f3d77 sp=0x0000004bf37fd560
Event: 281.438 Thread 0x000001ec80ebcdc0 DEOPT UNPACKING pc=0x000001ece154e23f sp=0x0000004bf37fcad8 mode 0
Event: 281.438 Thread 0x000001ec80ebcdc0 DEOPT PACKING pc=0x000001ece35f3d77 sp=0x0000004bf37fd570
Event: 281.438 Thread 0x000001ec80ebcdc0 DEOPT UNPACKING pc=0x000001ece154e23f sp=0x0000004bf37fcae8 mode 0

Classes unloaded (20 events):
Event: 10.299 Thread 0x000001ecf8ae05f0 Unloading class 0x00000008016a0440 'java/lang/invoke/LambdaForm$MH+0x00000008016a0440'
Event: 10.299 Thread 0x000001ecf8ae05f0 Unloading class 0x00000008015fac40 'java/lang/invoke/LambdaForm$DMH+0x00000008015fac40'
Event: 10.299 Thread 0x000001ecf8ae05f0 Unloading class 0x00000008015fa840 'java/lang/invoke/LambdaForm$DMH+0x00000008015fa840'
Event: 10.299 Thread 0x000001ecf8ae05f0 Unloading class 0x00000008015fbc40 'java/lang/invoke/LambdaForm$DMH+0x00000008015fbc40'
Event: 10.299 Thread 0x000001ecf8ae05f0 Unloading class 0x00000008015fb840 'java/lang/invoke/LambdaForm$DMH+0x00000008015fb840'
Event: 10.299 Thread 0x000001ecf8ae05f0 Unloading class 0x00000008015fc440 'java/lang/invoke/LambdaForm$DMH+0x00000008015fc440'
Event: 10.299 Thread 0x000001ecf8ae05f0 Unloading class 0x00000008015fc040 'java/lang/invoke/LambdaForm$DMH+0x00000008015fc040'
Event: 10.299 Thread 0x000001ecf8ae05f0 Unloading class 0x00000008015fcc40 'java/lang/invoke/LambdaForm$DMH+0x00000008015fcc40'
Event: 10.299 Thread 0x000001ecf8ae05f0 Unloading class 0x00000008015fc840 'java/lang/invoke/LambdaForm$DMH+0x00000008015fc840'
Event: 10.299 Thread 0x000001ecf8ae05f0 Unloading class 0x00000008015fd440 'java/lang/invoke/LambdaForm$DMH+0x00000008015fd440'
Event: 10.299 Thread 0x000001ecf8ae05f0 Unloading class 0x00000008015fd040 'java/lang/invoke/LambdaForm$DMH+0x00000008015fd040'
Event: 10.299 Thread 0x000001ecf8ae05f0 Unloading class 0x00000008015fdc40 'java/lang/invoke/LambdaForm$DMH+0x00000008015fdc40'
Event: 10.299 Thread 0x000001ecf8ae05f0 Unloading class 0x00000008015fe440 'java/lang/invoke/LambdaForm$DMH+0x00000008015fe440'
Event: 281.020 Thread 0x000001ecf8ae05f0 Unloading class 0x000000080153a440 'java/lang/invoke/LambdaForm$DMH+0x000000080153a440'
Event: 281.020 Thread 0x000001ecf8ae05f0 Unloading class 0x000000080153a040 'java/lang/invoke/LambdaForm$DMH+0x000000080153a040'
Event: 281.020 Thread 0x000001ecf8ae05f0 Unloading class 0x00000008014c4c40 'java/lang/invoke/LambdaForm$DMH+0x00000008014c4c40'
Event: 281.020 Thread 0x000001ecf8ae05f0 Unloading class 0x00000008015f8440 'java/lang/invoke/LambdaForm$DMH+0x00000008015f8440'
Event: 281.020 Thread 0x000001ecf8ae05f0 Unloading class 0x00000008015f8c40 'java/lang/invoke/LambdaForm$DMH+0x00000008015f8c40'
Event: 281.020 Thread 0x000001ecf8ae05f0 Unloading class 0x00000008015f8040 'java/lang/invoke/LambdaForm$DMH+0x00000008015f8040'
Event: 281.020 Thread 0x000001ecf8ae05f0 Unloading class 0x000000080172e040 'java/lang/invoke/LambdaForm$DMH+0x000000080172e040'

Classes redefined (0 events):
No events

Internal exceptions (20 events):
Event: 19.876 Thread 0x000001ecfb816000 Exception <a 'sun/nio/fs/WindowsException'{0x000000008d9684d0}> (0x000000008d9684d0) 
thrown [./open/src/hotspot/share/prims/jni.cpp, line 578]
Event: 20.167 Thread 0x000001ecfe6e17f0 Exception <a 'sun/nio/fs/WindowsException'{0x000000008a94dc68}> (0x000000008a94dc68) 
thrown [./open/src/hotspot/share/prims/jni.cpp, line 578]
Event: 280.143 Thread 0x000001ec8353ea10 Exception <a 'sun/nio/fs/WindowsException'{0x000000008ec9fe50}> (0x000000008ec9fe50) 
thrown [./open/src/hotspot/share/prims/jni.cpp, line 578]
Event: 280.168 Thread 0x000001ec8353ea10 Exception <a 'java/lang/NoClassDefFoundError'{0x000000008e92d528}: org/jetbrains/kotlin/gradle/plugin/KotlinBasePluginWrapper> (0x000000008e92d528) 
thrown [./open/src/hotspot/share/oops/constantPool.cpp, line 804]
Event: 280.184 Thread 0x000001ec8353ea10 Exception <a 'sun/nio/fs/WindowsException'{0x000000008e825348}> (0x000000008e825348) 
thrown [./open/src/hotspot/share/prims/jni.cpp, line 578]
Event: 280.190 Thread 0x000001ec8353ea10 Exception <a 'sun/nio/fs/WindowsException'{0x000000008e8c3c58}> (0x000000008e8c3c58) 
thrown [./open/src/hotspot/share/prims/jni.cpp, line 578]
Event: 280.190 Thread 0x000001ec8353ea10 Exception <a 'sun/nio/fs/WindowsException'{0x000000008e8c4d38}> (0x000000008e8c4d38) 
thrown [./open/src/hotspot/share/prims/jni.cpp, line 578]
Event: 280.190 Thread 0x000001ec8353ea10 Exception <a 'sun/nio/fs/WindowsException'{0x000000008e8c5e68}> (0x000000008e8c5e68) 
thrown [./open/src/hotspot/share/prims/jni.cpp, line 578]
Event: 280.190 Thread 0x000001ec8353ea10 Exception <a 'sun/nio/fs/WindowsException'{0x000000008e8c6f98}> (0x000000008e8c6f98) 
thrown [./open/src/hotspot/share/prims/jni.cpp, line 578]
Event: 280.242 Thread 0x000001ec8353ea10 Exception <a 'sun/nio/fs/WindowsException'{0x000000008e4cfa98}> (0x000000008e4cfa98) 
thrown [./open/src/hotspot/share/prims/jni.cpp, line 578]
Event: 280.468 Thread 0x000001ecf936afa0 Implicit null exception at 0x000001ece931bfe4 to 0x000001ece931c218
Event: 281.078 Thread 0x000001ecf936afa0 Exception <a 'java/lang/NoSuchMethodError'{0x0000000090c81b28}: static Ljava/lang/Object;.<clinit>()V> (0x0000000090c81b28) 
thrown [./open/src/hotspot/share/prims/jni.cpp, line 1204]
Event: 281.340 Thread 0x000001ecf936afa0 Exception <a 'java/lang/NoSuchMethodError'{0x000000008ea9b358}: static Lcom/android/builder/internal/aapt/AaptOptions;.<clinit>()V> (0x000000008ea9b358) 
thrown [./open/src/hotspot/share/prims/jni.cpp, line 1204]
Event: 281.341 Thread 0x000001ecf936afa0 Exception <a 'java/lang/NoSuchMethodError'{0x000000008eaae8c8}: static Ljava/lang/Object;.<clinit>()V> (0x000000008eaae8c8) 
thrown [./open/src/hotspot/share/prims/jni.cpp, line 1204]
Event: 281.368 Thread 0x000001ec80ebcdc0 Exception <a 'java/lang/NoSuchMethodError'{0x000000008e73b908}: 'void java.lang.invoke.DirectMethodHandle$Holder.invokeStatic(java.lang.Object, long)'> (0x000000008e73b908) 
thrown [./open/src/hotspot/share/interpreter/linkResolver.cpp, line 782]
Event: 281.369 Thread 0x000001ec80ebcdc0 Exception <a 'java/lang/NoSuchMethodError'{0x000000008e743fd0}: 'java.lang.Object java.lang.invoke.DirectMethodHandle$Holder.invokeStatic(java.lang.Object, java.lang.Object, long, java.lang.Object)'> (0x000000008e743fd0) 
thrown [./open/src/hotspot/share/interpreter/linkResolver.cpp, line 782]
Event: 281.370 Thread 0x000001ec80ebcdc0 Exception <a 'java/lang/NoSuchMethodError'{0x000000008e748208}: 'java.lang.Object java.lang.invoke.DirectMethodHandle$Holder.invokeStaticInit(java.lang.Object, java.lang.Object, long, java.lang.Object)'> (0x000000008e748208) 
thrown [./open/src/hotspot/share/interpreter/linkResolver.cpp, line 782]
Event: 281.370 Thread 0x000001ec80ebcdc0 Exception <a 'java/lang/NoSuchMethodError'{0x000000008e74f1e0}: 'java.lang.Object java.lang.invoke.DirectMethodHandle$Holder.newInvokeSpecial(java.lang.Object, java.lang.Object, long)'> (0x000000008e74f1e0) 
thrown [./open/src/hotspot/share/interpreter/linkResolver.cpp, line 782]
Event: 281.370 Thread 0x000001ec80ebcdc0 Exception <a 'java/lang/NoSuchMethodError'{0x000000008e7531f8}: 'java.lang.Object java.lang.invoke.Invokers$Holder.linkToTargetMethod(java.lang.Object, long, java.lang.Object)'> (0x000000008e7531f8) 
thrown [./open/src/hotspot/share/interpreter/linkResolver.cpp, line 782]
Event: 281.433 Thread 0x000001ec80ebcdc0 Exception <a 'java/lang/NoSuchMethodError'{0x000000008e655948}: 'int java.lang.invoke.DirectMethodHandle$Holder.invokeSpecialIFC(java.lang.Object, java.lang.Object, java.lang.Object)'> (0x000000008e655948) 
thrown [./open/src/hotspot/share/interpreter/linkResolver.cpp, line 782]

Events (20 events):
Event: 281.363 loading class java/util/concurrent/Executors$DelegatedExecutorService
Event: 281.363 loading class java/util/concurrent/Executors$DelegatedExecutorService done
Event: 281.363 loading class java/util/concurrent/Executors$DelegatedScheduledExecutorService done
Event: 281.363 Thread 0x000001ecfd487470 Thread added: 0x000001ecfd487470
Event: 281.365 loading class java/lang/ProcessBuilder
Event: 281.365 loading class java/lang/ProcessBuilder done
Event: 281.365 loading class java/lang/ProcessImpl
Event: 281.365 loading class java/lang/ProcessImpl done
Event: 281.369 loading class java/lang/ProcessHandleImpl
Event: 281.369 loading class java/lang/ProcessHandleImpl done
Event: 281.370 loading class java/lang/ProcessImpl$2
Event: 281.370 loading class java/lang/ProcessImpl$2 done
Event: 281.370 loading class java/lang/Process$PipeInputStream
Event: 281.370 loading class java/lang/Process$PipeInputStream done
Event: 281.372 Executing VM operation: HandshakeAllThreads
Event: 281.372 Executing VM operation: HandshakeAllThreads done
Event: 281.372 loading class jdk/internal/event/ProcessStartEvent
Event: 281.372 loading class jdk/internal/event/ProcessStartEvent done
Event: 281.373 Thread 0x000001ecfd484df0 Thread added: 0x000001ecfd484df0
Event: 281.373 Thread 0x000001ecfd487940 Thread added: 0x000001ecfd487940


Dynamic libraries:
0x00007ff775c90000 - 0x00007ff775c9f000 	C:\Program Files\Java\jdk-15.0.2\bin\java.exe
0x00007ffe3c2c0000 - 0x00007ffe3c4c9000 	C:\WINDOWS\SYSTEM32\ntdll.dll
0x00007ffe3b630000 - 0x00007ffe3b6ed000 	C:\WINDOWS\System32\KERNEL32.DLL
0x00007ffe39ab0000 - 0x00007ffe39e24000 	C:\WINDOWS\System32\KERNELBASE.dll
0x00007ffe397b0000 - 0x00007ffe398c1000 	C:\WINDOWS\System32\ucrtbase.dll
0x00007ffe36740000 - 0x00007ffe36759000 	C:\Program Files\Java\jdk-15.0.2\bin\VCRUNTIME140.dll
0x00007ffe36720000 - 0x00007ffe36738000 	C:\Program Files\Java\jdk-15.0.2\bin\jli.dll
0x00007ffe3b030000 - 0x00007ffe3b0de000 	C:\WINDOWS\System32\ADVAPI32.dll
0x00007ffe3bf50000 - 0x00007ffe3bff3000 	C:\WINDOWS\System32\msvcrt.dll
0x00007ffe3b140000 - 0x00007ffe3b1de000 	C:\WINDOWS\System32\sechost.dll
0x00007ffe3c0f0000 - 0x00007ffe3c210000 	C:\WINDOWS\System32\RPCRT4.dll
0x00007ffe3b480000 - 0x00007ffe3b62c000 	C:\WINDOWS\System32\USER32.dll
0x00007ffe1a9f0000 - 0x00007ffe1ac95000 	C:\WINDOWS\WinSxS\amd64_microsoft.windows.common-controls_6595b64144ccf1df_6.0.22000.120_none_9d947278b86cc467\COMCTL32.dll
0x00007ffe3a010000 - 0x00007ffe3a036000 	C:\WINDOWS\System32\win32u.dll
0x00007ffe3b2f0000 - 0x00007ffe3b319000 	C:\WINDOWS\System32\GDI32.dll
0x00007ffe3a040000 - 0x00007ffe3a152000 	C:\WINDOWS\System32\gdi32full.dll
0x00007ffe398d0000 - 0x00007ffe3996d000 	C:\WINDOWS\System32\msvcp_win.dll
0x00007ffe34aa0000 - 0x00007ffe34aaa000 	C:\WINDOWS\SYSTEM32\VERSION.dll
0x00007ffe3a4f0000 - 0x00007ffe3a521000 	C:\WINDOWS\System32\IMM32.DLL
0x00007ffe36710000 - 0x00007ffe3671c000 	C:\Program Files\Java\jdk-15.0.2\bin\vcruntime140_1.dll
0x00007ffe36670000 - 0x00007ffe36701000 	C:\Program Files\Java\jdk-15.0.2\bin\msvcp140.dll
0x00007ffdc4b10000 - 0x00007ffdc566e000 	C:\Program Files\Java\jdk-15.0.2\bin\server\jvm.dll
0x00007ffe3a160000 - 0x00007ffe3a168000 	C:\WINDOWS\System32\PSAPI.DLL
0x00007ffe29d70000 - 0x00007ffe29d79000 	C:\WINDOWS\SYSTEM32\WSOCK32.dll
0x00007ffe3bba0000 - 0x00007ffe3bc0f000 	C:\WINDOWS\System32\WS2_32.dll
0x00007ffe2b380000 - 0x00007ffe2b3b3000 	C:\WINDOWS\SYSTEM32\WINMM.dll
0x00007ffe389a0000 - 0x00007ffe389b8000 	C:\WINDOWS\SYSTEM32\kernel.appcore.dll
0x00007ffe36660000 - 0x00007ffe3666a000 	C:\Program Files\Java\jdk-15.0.2\bin\jimage.dll
0x00007ffe281b0000 - 0x00007ffe283d1000 	C:\WINDOWS\SYSTEM32\DBGHELP.DLL
0x00007ffe25790000 - 0x00007ffe257c1000 	C:\WINDOWS\SYSTEM32\dbgcore.DLL
0x00007ffe39a30000 - 0x00007ffe39aaf000 	C:\WINDOWS\System32\bcryptPrimitives.dll
0x00007ffe365e0000 - 0x00007ffe36605000 	C:\Program Files\Java\jdk-15.0.2\bin\java.dll
0x00007ffe3a530000 - 0x00007ffe3acde000 	C:\WINDOWS\System32\SHELL32.dll
0x00007ffe37930000 - 0x00007ffe38197000 	C:\WINDOWS\SYSTEM32\windows.storage.dll
0x00007ffe3a170000 - 0x00007ffe3a4e8000 	C:\WINDOWS\System32\combase.dll
0x00007ffe377c0000 - 0x00007ffe37926000 	C:\WINDOWS\SYSTEM32\wintypes.dll
0x00007ffe3b320000 - 0x00007ffe3b40a000 	C:\WINDOWS\System32\SHCORE.dll
0x00007ffe3b200000 - 0x00007ffe3b25d000 	C:\WINDOWS\System32\shlwapi.dll
0x00007ffe396e0000 - 0x00007ffe39701000 	C:\WINDOWS\SYSTEM32\profapi.dll
0x00007ffe36630000 - 0x00007ffe36649000 	C:\Program Files\Java\jdk-15.0.2\bin\net.dll
0x00007ffe34900000 - 0x00007ffe34a0c000 	C:\WINDOWS\SYSTEM32\WINHTTP.dll
0x00007ffe38dd0000 - 0x00007ffe38e37000 	C:\WINDOWS\system32\mswsock.dll
0x00007ffe36520000 - 0x00007ffe36532000 	C:\Program Files\Java\jdk-15.0.2\bin\nio.dll
0x00007ffe34760000 - 0x00007ffe34778000 	C:\Program Files\Java\jdk-15.0.2\bin\zip.dll
0x00007ffe31c30000 - 0x00007ffe31c40000 	C:\Program Files\Java\jdk-15.0.2\bin\verify.dll
0x00007ffe355a0000 - 0x00007ffe355c7000 	D:\aa\native\8bec1ad78214c89d9ad589b4d07fe93259594b29d510b10fafb7a158f7737e5d\windows-amd64\native-platform.dll
0x00007ffe24220000 - 0x00007ffe2435d000 	D:\aa\native\53dbd7edfb1c66fb8903c78663c9afc45aea4f116125fa6feffd364cf09443e8\windows-amd64\native-platform-file-events.dll
0x00007ffe31c20000 - 0x00007ffe31c29000 	C:\Program Files\Java\jdk-15.0.2\bin\management.dll
0x00007ffe31c10000 - 0x00007ffe31c1b000 	C:\Program Files\Java\jdk-15.0.2\bin\management_ext.dll
0x00007ffe39010000 - 0x00007ffe39028000 	C:\WINDOWS\SYSTEM32\CRYPTSP.dll
0x00007ffe38900000 - 0x00007ffe38935000 	C:\WINDOWS\system32\rsaenh.dll
0x00007ffe38ec0000 - 0x00007ffe38ee9000 	C:\WINDOWS\SYSTEM32\USERENV.dll
0x00007ffe39190000 - 0x00007ffe391b7000 	C:\WINDOWS\SYSTEM32\bcrypt.dll
0x00007ffe39030000 - 0x00007ffe3903c000 	C:\WINDOWS\SYSTEM32\CRYPTBASE.dll
0x00007ffe384d0000 - 0x00007ffe384fd000 	C:\WINDOWS\SYSTEM32\IPHLPAPI.DLL
0x00007ffe3c210000 - 0x00007ffe3c219000 	C:\WINDOWS\System32\NSI.dll
0x00007ffe34740000 - 0x00007ffe34759000 	C:\WINDOWS\SYSTEM32\dhcpcsvc6.DLL
0x00007ffe34c40000 - 0x00007ffe34c5e000 	C:\WINDOWS\SYSTEM32\dhcpcsvc.DLL
0x00007ffe38500000 - 0x00007ffe385e7000 	C:\WINDOWS\SYSTEM32\DNSAPI.dll
0x00007ffe31c00000 - 0x00007ffe31c0d000 	C:\Program Files\Java\jdk-15.0.2\bin\sunmscapi.dll
0x00007ffe39ea0000 - 0x00007ffe3a002000 	C:\WINDOWS\System32\CRYPT32.dll
0x00007ffe39160000 - 0x00007ffe39188000 	C:\WINDOWS\SYSTEM32\ncrypt.dll
0x00007ffe39120000 - 0x00007ffe39157000 	C:\WINDOWS\SYSTEM32\NTASN1.dll

dbghelp: loaded successfully - version: 4.0.5 - missing functions: none
symbol engine: initialized successfully - sym options: 0x614 - pdb path: .;C:\Program Files\Java\jdk-15.0.2\bin;C:\WINDOWS\SYSTEM32;C:\WINDOWS\WinSxS\amd64_microsoft.windows.common-controls_6595b64144ccf1df_6.0.22000.120_none_9d947278b86cc467;C:\Program Files\Java\jdk-15.0.2\bin\server;D:\aa\native\8bec1ad78214c89d9ad589b4d07fe93259594b29d510b10fafb7a158f7737e5d\windows-amd64;D:\aa\native\53dbd7edfb1c66fb8903c78663c9afc45aea4f116125fa6feffd364cf09443e8\windows-amd64

VM Arguments:
jvm_args: --add-opens=java.base/java.util=ALL-UNNAMED --add-opens=java.base/java.lang=ALL-UNNAMED --add-opens=java.base/java.lang.invoke=ALL-UNNAMED --add-opens=java.base/java.util=ALL-UNNAMED --add-opens=java.prefs/java.util.prefs=ALL-UNNAMED --add-opens=java.prefs/java.util.prefs=ALL-UNNAMED --add-opens=java.base/java.nio.charset=ALL-UNNAMED --add-opens=java.base/java.net=ALL-UNNAMED --add-opens=java.base/java.util.concurrent.atomic=ALL-UNNAMED -Xmx2048m -Dfile.encoding=UTF-8 -Duser.country=IN -Duser.language=en -Duser.variant 
java_command: org.gradle.launcher.daemon.bootstrap.GradleDaemon 7.0.2
java_class_path (initial): D:\aa\wrapper\dists\gradle-7.0.2-bin\857tjihv64xamwrf0h14cai3r\gradle-7.0.2\lib\gradle-launcher-7.0.2.jar
Launcher Type: SUN_STANDARD

[Global flags]
     intx CICompilerCount                          = 4                                         {product} {ergonomic}
     uint ConcGCThreads                            = 3                                         {product} {ergonomic}
     uint G1ConcRefinementThreads                  = 10                                        {product} {ergonomic}
   size_t G1HeapRegionSize                         = 1048576                                   {product} {ergonomic}
    uintx GCDrainStackTargetSize                   = 64                                        {product} {ergonomic}
   size_t InitialHeapSize                          = 266338304                                 {product} {ergonomic}
   size_t MarkStackSize                            = 4194304                                   {product} {ergonomic}
   size_t MaxHeapSize                              = 2147483648                                {product} {command line}
   size_t MaxNewSize                               = 1287651328                                {product} {ergonomic}
   size_t MinHeapDeltaBytes                        = 1048576                                   {product} {ergonomic}
   size_t MinHeapSize                              = 8388608                                   {product} {ergonomic}
    uintx NonNMethodCodeHeapSize                   = 5839372                                {pd product} {ergonomic}
    uintx NonProfiledCodeHeapSize                  = 122909434                              {pd product} {ergonomic}
    uintx ProfiledCodeHeapSize                     = 122909434                              {pd product} {ergonomic}
    uintx ReservedCodeCacheSize                    = 251658240                              {pd product} {ergonomic}
     bool SegmentedCodeCache                       = true                                      {product} {ergonomic}
   size_t SoftMaxHeapSize                          = 2147483648                             {manageable} {ergonomic}
     bool UseCompressedClassPointers               = true                                 {lp64_product} {ergonomic}
     bool UseCompressedOops                        = true                                 {lp64_product} {ergonomic}
     bool UseG1GC                                  = true                                      {product} {ergonomic}
     bool UseLargePagesIndividualAllocation        = false                                  {pd product} {ergonomic}

Logging:
Log output configuration:
 #0: stdout all=warning uptime,level,tags
 #1: stderr all=off uptime,level,tags

Environment Variables:
JAVA_HOME=C:\Program Files\Java\jdk-15.0.2
PATH=C:\MinGW;C:\MinGW\bin;C:\Program Files\Java\jdk-15.0.2\bin;C:\Program Files\Common Files\Oracle\Java\javapath;C:\Windows\system32;C:\Windows;C:\Windows\System32\Wbem;C:\Windows\System32\WindowsPowerShell\v1.0\;C:\Windows\System32\OpenSSH\;C:\Program Files (x86)\NVIDIA Corporation\PhysX\Common;C:\Program Files\NVIDIA Corporation\NVIDIA NvDLISR;C:\WINDOWS\system32;C:\WINDOWS;C:\WINDOWS\System32\Wbem;C:\WINDOWS\System32\WindowsPowerShell\v1.0\;C:\WINDOWS\System32\OpenSSH\;C:\Program Files\Git\cmd;C:\Program Files\dotnet\;C:\Users\Deepak\Desktop\gradle1\gradle-7.0.1\bin;C:\Users\Deepak\Desktop\gradle1\gradle-7.0.1;C:\Program Files\nodejs;C:\Program Files\Google\Google Apps Sync\;C:\Program Files\Google\Google Apps Migration\;C:\Program Files\Microsoft SQL Server\150\Tools\Binn\;C:\Program Files\Microsoft SQL Server\Client SDK\ODBC\170\Tools\Binn\;C:\Program Files\MySQL\MySQL Router 8.0\bin;C:\Program Files (x86)\Microsoft SQL Server\150\Tools\Binn\;C:\Program Files\Microsoft SQL Server\150\DTS\Binn\;C:\Program Files (x86)\Microsoft SQL Server\150\DTS\Binn\;C:\Program Files\Azure Data Studio\bin;C:\Users\Deepak\anaconda3;C:\Users\Deepak\anaconda3\Library\mingw-w64\bin;C:\Users\Deepak\anaconda3\Library\usr\bin;C:\Users\Deepak\anaconda3\Library\bin;C:\Users\Deepak\anaconda3\Scripts;C:\Program Files\MySQL\MySQL Shell 8.0\bin\;C:\src\flutter\flutter\bin;C:\Users\Deepak\AppData\Local\Programs\Python\Python39\Scripts\;C:\Users\Deepak\AppData\Local\Programs\Python\Python39\;C:\Program Files\Java\jdk-15.0.2\bin;C:\Program Files\JetBrains\IntelliJ IDEA 2020.3.2\bin;;C:\Users\Deepak\AppData\Local\Microsoft\WindowsApps;C:\Users\Deepak\AppData\Local\Programs\Microsoft VS Code\bin;C:\Users\Deepak\AppData\Local\Programs\radare2\bin;C:\Modeltech_eval_6.2c\win32;C:\Modeltech_6.2c\win32;C:\Program Files\JetBrains\IntelliJ IDEA Community Edition 2021.1.2\bin;;C:\Program Files\JetBrains\PyCharm Community Edition 2021.1.2\bin;;C:\Users\Deepak\AppData\Roaming\npm;C:\Users\Deepak\AppData\Lo
USERNAME=Deepak
OS=Windows_NT
PROCESSOR_IDENTIFIER=Intel64 Family 6 Model 158 Stepping 10, GenuineIntel



---------------  S Y S T E M  ---------------

OS:
 Windows 10 , 64 bit Build 22000 (10.0.22000.434)
OS uptime: 1 days 19:35 hours

CPU: total 12 (initial active 12) (6 cores per cpu, 2 threads per core) family 6 model 158 stepping 10 microcode 0xde, cmov, cx8, fxsr, mmx, sse, sse2, sse3, ssse3, sse4.1, sse4.2, popcnt, vzeroupper, avx, avx2, aes, clmul, erms, 3dnowpref, lzcnt, ht, tsc, tscinvbit, bmi1, bmi2, adx, fma, clflush, clflushopt

Memory: 4k page, system-wide physical 16225M (2416M free)
TotalPageFile size 16225M (AvailPageFile size 5M)
current process WorkingSet (physical memory assigned to process): 596M, peak: 603M
current process commit charge ("private bytes"): 644M, peak: 649M

vm_info: Java HotSpot(TM) 64-Bit Server VM (15.0.2+7-27) for windows-amd64 JRE (15.0.2+7-27), built on Dec  7 2020 20:07:01 by "mach5one" with unknown MS VC++:1925

END.
