#
# There is insufficient memory for the Java Runtime Environment to continue.
# Native memory allocation (mmap) failed to map 34603008 bytes for G1 virtual space
# Possible reasons:
#   The system is out of physical RAM or swap space
#   The process is running with CompressedOops enabled, and the Java Heap may be blocking the growth of the native heap
# Possible solutions:
#   Reduce memory load on the system
#   Increase physical memory or swap space
#   Check if swap backing store is full
#   Decrease Java heap size (-Xmx/-Xms)
#   Decrease number of Java threads
#   Decrease Java thread stack sizes (-Xss)
#   Set larger code cache with -XX:ReservedCodeCacheSize=
#   JVM is running with Unscaled Compressed Oops mode in which the Java heap is
#     placed in the first 4GB address space. The Java Heap base address is the
#     maximum limit for the native heap growth. Please use -XX:HeapBaseMinAddress
#     to set the Java Heap base and to place the Java Heap above 4GB virtual address.
# This output file may be truncated or incomplete.
#
#  Out of Memory Error (./open/src/hotspot/os/windows/os_windows.cpp:3321), pid=19316, tid=16736
#
# JRE version: Java(TM) SE Runtime Environment (15.0.2+7) (build 15.0.2+7-27)
# Java VM: Java HotSpot(TM) 64-Bit Server VM (15.0.2+7-27, mixed mode, sharing, tiered, compressed oops, g1 gc, windows-amd64)
# No core dump will be written. Minidumps are not enabled by default on client versions of Windows
#

---------------  S U M M A R Y ------------

Command Line: --add-opens=java.base/java.util=ALL-UNNAMED --add-opens=java.base/java.lang=ALL-UNNAMED --add-opens=java.base/java.lang.invoke=ALL-UNNAMED --add-opens=java.base/java.util=ALL-UNNAMED --add-opens=java.prefs/java.util.prefs=ALL-UNNAMED --add-opens=java.prefs/java.util.prefs=ALL-UNNAMED --add-opens=java.base/java.nio.charset=ALL-UNNAMED --add-opens=java.base/java.net=ALL-UNNAMED --add-opens=java.base/java.util.concurrent.atomic=ALL-UNNAMED -Xmx2048m -Dfile.encoding=UTF-8 -Duser.country=IN -Duser.language=en -Duser.variant org.gradle.launcher.daemon.bootstrap.GradleDaemon 7.0.2

Host: Intel(R) Core(TM) i7-9750H CPU @ 2.60GHz, 12 cores, 15G,  Windows 10 , 64 bit Build 22000 (10.0.22000.434)
Time: Tue Feb 15 11:22:19 2022 India Standard Time elapsed time: 7.744911 seconds (0d 0h 0m 7s)

---------------  T H R E A D  ---------------

Current thread (0x00000206a91421a0):  VMThread "VM Thread" [stack: 0x0000008e0a100000,0x0000008e0a200000] [id=16736]

Stack: [0x0000008e0a100000,0x0000008e0a200000]
[error occurred during error reporting (printing stack bounds), id 0xc0000005, EXCEPTION_ACCESS_VIOLATION (0xc0000005) at pc=0x0000020691b310ad]

Native frames: (J=compiled Java code, j=interpreted, Vv=VM code, C=native code)
V  [jvm.dll+0x62ae9a]
V  [jvm.dll+0x7817a9]
V  [jvm.dll+0x782f03]
V  [jvm.dll+0x7834c5]
V  [jvm.dll+0x78347b]
V  [jvm.dll+0x62a2b9]
V  [jvm.dll+0x62aa88]
C  [ntdll.dll+0xa86ef]
C  [ntdll.dll+0x35aea]
C  [ntdll.dll+0xa76fe]
C  0x0000020691b310ad

VM_Operation (0x0000008e0f4f9e60): G1CollectForAllocation, mode: safepoint, requested by thread 0x00000206abf11320


---------------  P R O C E S S  ---------------

Threads class SMR info:
_java_thread_list=0x00000206ac895440, length=76, elements={
0x00000206898f4dd0, 0x00000206a9144a30, 0x00000206a9145600, 0x00000206a915d270,
0x00000206a915fb40, 0x00000206a9160500, 0x00000206a91623a0, 0x00000206a9166280,
0x00000206a9168b90, 0x00000206a92a7da0, 0x00000206a92b8530, 0x00000206abd67010,
0x00000206aa630ef0, 0x00000206abd80340, 0x00000206ab6a0380, 0x00000206aa91afd0,
0x00000206aa3cfb10, 0x00000206aae96eb0, 0x00000206ab1b8690, 0x00000206aa863540,
0x00000206aa862200, 0x00000206aa860050, 0x00000206aa860520, 0x00000206aa8609f0,
0x00000206aa85fb80, 0x00000206aa8626d0, 0x00000206aa860ec0, 0x00000206aa862ba0,
0x00000206aa861390, 0x00000206aa863070, 0x00000206aa861860, 0x00000206ac4466e0,
0x00000206ac444ed0, 0x00000206ac447ef0, 0x00000206ac446bb0, 0x00000206ac448890,
0x00000206ac446210, 0x00000206ac445870, 0x00000206ac447080, 0x00000206ac449bd0,
0x00000206ac449700, 0x00000206ac44a0a0, 0x00000206ac44a570, 0x00000206ac44aa40,
0x00000206ac447550, 0x00000206ac448d60, 0x00000206ac445d40, 0x00000206ac444060,
0x00000206ac449230, 0x00000206ac44af10, 0x00000206ac444530, 0x00000206ac4436c0,
0x00000206ac444a00, 0x00000206ac4453a0, 0x00000206abf12190, 0x00000206abf0eca0,
0x00000206abf11cc0, 0x00000206abf0ffe0, 0x00000206abf12b30, 0x00000206abf117f0,
0x00000206abf139a0, 0x00000206abf134d0, 0x00000206abf13e70, 0x00000206abf14340,
0x00000206abf10980, 0x00000206abf0cfc0, 0x00000206abf0e7d0, 0x00000206abf0caf0,
0x00000206abf0d960, 0x00000206abf11320, 0x00000206abf0f170, 0x00000206abf0f640,
0x00000206abf0fb10, 0x00000206abf104b0, 0x00000206a9473fa0, 0x00000206ade81940
}

Java Threads: ( => current thread )
  0x00000206898f4dd0 JavaThread "main" [_thread_blocked, id=21296, stack(0x0000008e09b00000,0x0000008e09c00000)]
  0x00000206a9144a30 JavaThread "Reference Handler" daemon [_thread_blocked, id=15884, stack(0x0000008e0a200000,0x0000008e0a300000)]
  0x00000206a9145600 JavaThread "Finalizer" daemon [_thread_blocked, id=10436, stack(0x0000008e0a300000,0x0000008e0a400000)]
  0x00000206a915d270 JavaThread "Signal Dispatcher" daemon [_thread_blocked, id=21384, stack(0x0000008e0a400000,0x0000008e0a500000)]
  0x00000206a915fb40 JavaThread "Attach Listener" daemon [_thread_blocked, id=12812, stack(0x0000008e0a500000,0x0000008e0a600000)]
  0x00000206a9160500 JavaThread "Service Thread" daemon [_thread_blocked, id=20392, stack(0x0000008e0a600000,0x0000008e0a700000)]
  0x00000206a91623a0 JavaThread "C2 CompilerThread0" daemon [_thread_blocked, id=7860, stack(0x0000008e0a700000,0x0000008e0a800000)]
  0x00000206a9166280 JavaThread "C1 CompilerThread0" daemon [_thread_blocked, id=19176, stack(0x0000008e0a800000,0x0000008e0a900000)]
  0x00000206a9168b90 JavaThread "Sweeper thread" daemon [_thread_blocked, id=12164, stack(0x0000008e0a900000,0x0000008e0aa00000)]
  0x00000206a92a7da0 JavaThread "Common-Cleaner" daemon [_thread_blocked, id=5428, stack(0x0000008e0aa00000,0x0000008e0ab00000)]
  0x00000206a92b8530 JavaThread "Notification Thread" daemon [_thread_blocked, id=22408, stack(0x0000008e0ab00000,0x0000008e0ac00000)]
  0x00000206abd67010 JavaThread "Daemon health stats" [_thread_blocked, id=23040, stack(0x0000008e0b400000,0x0000008e0b500000)]
  0x00000206aa630ef0 JavaThread "Incoming local TCP Connector on port 60604" [_thread_in_native, id=25016, stack(0x0000008e0b500000,0x0000008e0b600000)]
  0x00000206abd80340 JavaThread "Daemon periodic checks" [_thread_blocked, id=5784, stack(0x0000008e0b600000,0x0000008e0b700000)]
  0x00000206ab6a0380 JavaThread "Daemon" [_thread_blocked, id=3512, stack(0x0000008e0b700000,0x0000008e0b800000)]
  0x00000206aa91afd0 JavaThread "Handler for socket connection from /127.0.0.1:60604 to /127.0.0.1:60605" [_thread_in_native, id=25192, stack(0x0000008e0b800000,0x0000008e0b900000)]
  0x00000206aa3cfb10 JavaThread "Cancel handler" [_thread_blocked, id=18028, stack(0x0000008e0b900000,0x0000008e0ba00000)]
  0x00000206aae96eb0 JavaThread "Daemon worker" [_thread_blocked, id=13304, stack(0x0000008e0ba00000,0x0000008e0bb00000)]
  0x00000206ab1b8690 JavaThread "Asynchronous log dispatcher for DefaultDaemonConnection: socket connection from /127.0.0.1:60604 to /127.0.0.1:60605" [_thread_blocked, id=6672, stack(0x0000008e0bb00000,0x0000008e0bc00000)]
  0x00000206aa863540 JavaThread "Stdin handler" [_thread_blocked, id=22764, stack(0x0000008e0bc00000,0x0000008e0bd00000)]
  0x00000206aa862200 JavaThread "Daemon client event forwarder" [_thread_blocked, id=7536, stack(0x0000008e0bd00000,0x0000008e0be00000)]
  0x00000206aa860050 JavaThread "Cache worker for file hash cache (D:\aa\caches\7.0.2\fileHashes)" [_thread_blocked, id=6680, stack(0x0000008e0be00000,0x0000008e0bf00000)]
  0x00000206aa860520 JavaThread "File lock request listener" [_thread_in_native, id=10392, stack(0x0000008e0bf00000,0x0000008e0c000000)]
  0x00000206aa8609f0 JavaThread "Cache worker for journal cache (D:\aa\caches\journal-1)" [_thread_blocked, id=16068, stack(0x0000008e0c000000,0x0000008e0c100000)]
  0x00000206aa85fb80 JavaThread "Cache worker for file hash cache (D:\app_dev\QuizApp\.gradle\7.0.2\fileHashes)" [_thread_blocked, id=4764, stack(0x0000008e0c100000,0x0000008e0c200000)]
  0x00000206aa8626d0 JavaThread "File watcher server" daemon [_thread_blocked, id=18368, stack(0x0000008e0c200000,0x0000008e0c300000)]
  0x00000206aa860ec0 JavaThread "File watcher consumer" daemon [_thread_blocked, id=10636, stack(0x0000008e0c300000,0x0000008e0c400000)]
  0x00000206aa862ba0 JavaThread "Cache worker for checksums cache (D:\app_dev\QuizApp\.gradle\checksums)" [_thread_blocked, id=11076, stack(0x0000008e0c400000,0x0000008e0c500000)]
  0x00000206aa861390 JavaThread "Cache worker for cache directory md-supplier (D:\aa\caches\7.0.2\md-supplier)" [_thread_blocked, id=17388, stack(0x0000008e0c500000,0x0000008e0c600000)]
  0x00000206aa863070 JavaThread "Cache worker for cache directory md-rule (D:\aa\caches\7.0.2\md-rule)" [_thread_blocked, id=23728, stack(0x0000008e0c600000,0x0000008e0c700000)]
  0x00000206aa861860 JavaThread "Cache worker for execution history cache (D:\aa\caches\7.0.2\executionHistory)" [_thread_blocked, id=12144, stack(0x0000008e0cd00000,0x0000008e0ce00000)]
  0x00000206ac4466e0 JavaThread "jar transforms" [_thread_blocked, id=20776, stack(0x0000008e0ce00000,0x0000008e0cf00000)]
  0x00000206ac444ed0 JavaThread "jar transforms Thread 2" [_thread_blocked, id=7388, stack(0x0000008e0cf00000,0x0000008e0d000000)]
  0x00000206ac447ef0 JavaThread "Cache worker for file content cache (D:\aa\caches\7.0.2\fileContent)" [_thread_blocked, id=10396, stack(0x0000008e0d000000,0x0000008e0d100000)]
  0x00000206ac446bb0 JavaThread "Cache worker for dependencies-accessors (D:\app_dev\QuizApp\.gradle\7.0.2\dependencies-accessors)" [_thread_blocked, id=20692, stack(0x0000008e0d100000,0x0000008e0d200000)]
  0x00000206ac448890 JavaThread "jar transforms Thread 3" [_thread_blocked, id=20804, stack(0x0000008e0d200000,0x0000008e0d300000)]
  0x00000206ac446210 JavaThread "Cache worker for Build Output Cleanup Cache (D:\app_dev\QuizApp\.gradle\buildOutputCleanup)" [_thread_blocked, id=16052, stack(0x0000008e0d300000,0x0000008e0d400000)]
  0x00000206ac445870 JavaThread "Build operations" [_thread_blocked, id=9944, stack(0x0000008e0d400000,0x0000008e0d500000)]
  0x00000206ac447080 JavaThread "Build operations Thread 2" [_thread_blocked, id=8620, stack(0x0000008e0d500000,0x0000008e0d600000)]
  0x00000206ac449bd0 JavaThread "Build operations Thread 3" [_thread_blocked, id=9408, stack(0x0000008e0d600000,0x0000008e0d700000)]
  0x00000206ac449700 JavaThread "Build operations Thread 4" [_thread_blocked, id=15212, stack(0x0000008e0d700000,0x0000008e0d800000)]
  0x00000206ac44a0a0 JavaThread "Build operations Thread 5" [_thread_blocked, id=11936, stack(0x0000008e0d800000,0x0000008e0d900000)]
  0x00000206ac44a570 JavaThread "Build operations Thread 6" [_thread_blocked, id=19820, stack(0x0000008e0d900000,0x0000008e0da00000)]
  0x00000206ac44aa40 JavaThread "Build operations Thread 7" [_thread_blocked, id=21928, stack(0x0000008e0da00000,0x0000008e0db00000)]
  0x00000206ac447550 JavaThread "Build operations Thread 8" [_thread_blocked, id=11404, stack(0x0000008e0db00000,0x0000008e0dc00000)]
  0x00000206ac448d60 JavaThread "Build operations Thread 9" [_thread_blocked, id=5852, stack(0x0000008e0dc00000,0x0000008e0dd00000)]
  0x00000206ac445d40 JavaThread "Build operations Thread 10" [_thread_blocked, id=19408, stack(0x0000008e0dd00000,0x0000008e0de00000)]
  0x00000206ac444060 JavaThread "Build operations Thread 11" [_thread_blocked, id=14340, stack(0x0000008e0de00000,0x0000008e0df00000)]
  0x00000206ac449230 JavaThread "Build operations Thread 12" [_thread_blocked, id=10696, stack(0x0000008e0df00000,0x0000008e0e000000)]
  0x00000206ac44af10 JavaThread "jar transforms Thread 4" [_thread_blocked, id=17804, stack(0x0000008e0e000000,0x0000008e0e100000)]
  0x00000206ac444530 JavaThread "jar transforms Thread 5" [_thread_blocked, id=16096, stack(0x0000008e0e100000,0x0000008e0e200000)]
  0x00000206ac4436c0 JavaThread "jar transforms Thread 6" [_thread_blocked, id=2936, stack(0x0000008e0e200000,0x0000008e0e300000)]
  0x00000206ac444a00 JavaThread "jar transforms Thread 7" [_thread_blocked, id=2868, stack(0x0000008e0e300000,0x0000008e0e400000)]
  0x00000206ac4453a0 JavaThread "jar transforms Thread 8" [_thread_blocked, id=14100, stack(0x0000008e0e400000,0x0000008e0e500000)]
  0x00000206abf12190 JavaThread "jar transforms Thread 9" [_thread_blocked, id=15848, stack(0x0000008e0e500000,0x0000008e0e600000)]
  0x00000206abf0eca0 JavaThread "jar transforms Thread 10" [_thread_blocked, id=22328, stack(0x0000008e0e600000,0x0000008e0e700000)]
  0x00000206abf11cc0 JavaThread "jar transforms Thread 11" [_thread_blocked, id=25348, stack(0x0000008e0e700000,0x0000008e0e800000)]
  0x00000206abf0ffe0 JavaThread "jar transforms Thread 12" [_thread_blocked, id=10320, stack(0x0000008e0e800000,0x0000008e0e900000)]
  0x00000206abf12b30 JavaThread "Memory manager" [_thread_blocked, id=3428, stack(0x0000008e0e900000,0x0000008e0ea00000)]
  0x00000206abf117f0 JavaThread "build event listener" [_thread_blocked, id=9300, stack(0x0000008e0ea00000,0x0000008e0eb00000)]
  0x00000206abf139a0 JavaThread "pool-3-thread-1" [_thread_blocked, id=14712, stack(0x0000008e0eb00000,0x0000008e0ec00000)]
  0x00000206abf134d0 JavaThread "build event listener" [_thread_blocked, id=13028, stack(0x0000008e0ec00000,0x0000008e0ed00000)]
  0x00000206abf13e70 JavaThread "Execution worker for ':'" [_thread_blocked, id=12668, stack(0x0000008e0ed00000,0x0000008e0ee00000)]
  0x00000206abf14340 JavaThread "Execution worker for ':' Thread 2" [_thread_blocked, id=19216, stack(0x0000008e0ee00000,0x0000008e0ef00000)]
  0x00000206abf10980 JavaThread "Execution worker for ':' Thread 3" [_thread_blocked, id=18928, stack(0x0000008e0ef00000,0x0000008e0f000000)]
  0x00000206abf0cfc0 JavaThread "Execution worker for ':' Thread 4" [_thread_blocked, id=23868, stack(0x0000008e0f000000,0x0000008e0f100000)]
  0x00000206abf0e7d0 JavaThread "Execution worker for ':' Thread 5" [_thread_blocked, id=9280, stack(0x0000008e0f100000,0x0000008e0f200000)]
  0x00000206abf0caf0 JavaThread "Execution worker for ':' Thread 6" [_thread_blocked, id=19268, stack(0x0000008e0f200000,0x0000008e0f300000)]
  0x00000206abf0d960 JavaThread "Execution worker for ':' Thread 7" [_thread_blocked, id=19892, stack(0x0000008e0f300000,0x0000008e0f400000)]
  0x00000206abf11320 JavaThread "Execution worker for ':' Thread 8" [_thread_blocked, id=21648, stack(0x0000008e0f400000,0x0000008e0f500000)]
  0x00000206abf0f170 JavaThread "Execution worker for ':' Thread 9" [_thread_blocked, id=3828, stack(0x0000008e0f500000,0x0000008e0f600000)]
  0x00000206abf0f640 JavaThread "Execution worker for ':' Thread 10" [_thread_blocked, id=22296, stack(0x0000008e0f600000,0x0000008e0f700000)]
  0x00000206abf0fb10 JavaThread "Execution worker for ':' Thread 11" [_thread_blocked, id=9972, stack(0x0000008e0f700000,0x0000008e0f800000)]
  0x00000206abf104b0 JavaThread "Cache worker for execution history cache (D:\app_dev\QuizApp\.gradle\7.0.2\executionHistory)" [_thread_blocked, id=7584, stack(0x0000008e0f800000,0x0000008e0f900000)]
  0x00000206a9473fa0 JavaThread "C2 CompilerThread1" daemon [_thread_blocked, id=23604, stack(0x0000008e0ad00000,0x0000008e0ae00000)]
  0x00000206ade81940 JavaThread "C2 CompilerThread2" daemon [_thread_blocked, id=6392, stack(0x0000008e0ae00000,0x0000008e0af00000)]

Other Threads:
=>0x00000206a91421a0 VMThread "VM Thread" [stack: 0x0000008e0a100000,0x0000008e0a200000] [id=16736]
  0x00000206a92c4a00 WatcherThread [stack: 0x0000008e0ac00000,0x0000008e0ad00000] [id=19624]
  0x0000020689938560 GCTaskThread "GC Thread#0" [stack: 0x0000008e09c00000,0x0000008e09d00000] [id=14516]
  0x00000206aa1ad6e0 GCTaskThread "GC Thread#1" [stack: 0x0000008e0af00000,0x0000008e0b000000] [id=3872]
  0x00000206aa1b0050 GCTaskThread "GC Thread#2" [stack: 0x0000008e0b000000,0x0000008e0b100000] [id=8424]
  0x00000206aa1ae3a0 GCTaskThread "GC Thread#3" [stack: 0x0000008e0b100000,0x0000008e0b200000] [id=9876]
  0x00000206aa1af060 GCTaskThread "GC Thread#4" [stack: 0x0000008e0b200000,0x0000008e0b300000] [id=12244]
  0x00000206aa1af6c0 GCTaskThread "GC Thread#5" [stack: 0x0000008e0b300000,0x0000008e0b400000] [id=19808]
  0x00000206aa1aea00 GCTaskThread "GC Thread#6" [stack: 0x0000008e0c700000,0x0000008e0c800000] [id=16120]
  0x00000206abf599b0 GCTaskThread "GC Thread#7" [stack: 0x0000008e0c800000,0x0000008e0c900000] [id=22348]
  0x00000206abf59ce0 GCTaskThread "GC Thread#8" [stack: 0x0000008e0c900000,0x0000008e0ca00000] [id=24460]
  0x00000206abf5a010 GCTaskThread "GC Thread#9" [stack: 0x0000008e0ca00000,0x0000008e0cb00000] [id=17900]
  0x000002068994b750 ConcurrentGCThread "G1 Main Marker" [stack: 0x0000008e09d00000,0x0000008e09e00000] [id=24636]
  0x000002068994d350 ConcurrentGCThread "G1 Conc#0" [stack: 0x0000008e09e00000,0x0000008e09f00000] [id=2396]
  0x00000206abf5b000 ConcurrentGCThread "G1 Conc#1" [stack: 0x0000008e0cb00000,0x0000008e0cc00000] [id=2508]
  0x00000206abf5a9a0 ConcurrentGCThread "G1 Conc#2" [stack: 0x0000008e0cc00000,0x0000008e0cd00000] [id=15104]
  0x00000206a87ba190 ConcurrentGCThread "G1 Refine#0" [stack: 0x0000008e09f00000,0x0000008e0a000000] [id=8976]
  0x00000206b0dfc770 ConcurrentGCThread "G1 Refine#1" [stack: 0x0000008e0f900000,0x0000008e0fa00000] [id=18464]
  0x00000206b0dfa910 ConcurrentGCThread "G1 Refine#2" [stack: 0x0000008e0fa00000,0x0000008e0fb00000] [id=16812]
  0x00000206b0dfd4f0 ConcurrentGCThread "G1 Refine#3" [stack: 0x0000008e0fb00000,0x0000008e0fc00000] [id=17868]
  0x00000206b0df9b90 ConcurrentGCThread "G1 Refine#4" [stack: 0x0000008e0fc00000,0x0000008e0fd00000] [id=12556]
  0x00000206a87baba0 ConcurrentGCThread "G1 Young RemSet Sampling" [stack: 0x0000008e0a000000,0x0000008e0a100000] [id=20868]

Threads with active compile tasks:
C2 CompilerThread0     7762 10548       4       com.android.ide.common.resources.ValueResourceParser2::getResource (73 bytes)
C2 CompilerThread1     7762 10549       4       com.android.ide.common.resources.ValueResourceParser2::getType (62 bytes)
C2 CompilerThread2     7762 10619       4       com.google.common.collect.LinkedListMultimap$DistinctKeyIterator::next (81 bytes)

VM state: at safepoint (normal execution)

VM Mutex/Monitor currently owned by a thread:  ([mutex/lock_event])
[0x00000206898f0f60] Threads_lock - owner thread: 0x00000206a91421a0
[0x00000206898f0b70] Heap_lock - owner thread: 0x00000206abf11320

Heap address: 0x0000000080000000, size: 2048 MB, Compressed Oops mode: 32-bit
CDS archive(s) mapped at: [0x0000000800000000-0x0000000800b50000-0x0000000800b50000), size 11862016, SharedBaseAddress: 0x0000000800000000, ArchiveRelocationMode: 0.
Compressed class space mapped at: 0x0000000800b50000-0x0000000840b50000, size: 1073741824
Narrow klass base: 0x0000000800000000, Narrow klass shift: 3, Narrow klass range: 0x100000000

GC Precious Log:
 CPUs: 12 total, 12 available
 Memory: 16225M
 Large Page Support: Disabled
 NUMA Support: Disabled
 Compressed Oops: Enabled (32-bit)
 Heap Region Size: 1M
 Heap Min Capacity: 8M
 Heap Initial Capacity: 254M
 Heap Max Capacity: 2G
 Pre-touch: Disabled
 Parallel Workers: 10
 Concurrent Workers: 3
 Concurrent Refinement Workers: 10
 Periodic GC: Disabled

Heap:
 garbage-first heap   total 202752K, used 102781K [0x0000000080000000, 0x0000000100000000)
  region size 1024K, 5 young (5120K), 5 survivors (5120K)
 Metaspace       used 76129K, capacity 77303K, committed 77616K, reserved 1116160K
  class space    used 9964K, capacity 10295K, committed 10368K, reserved 1048576K

Heap Regions: E=young(eden), S=young(survivor), O=old, HS=humongous(starts), HC=humongous(continues), CS=collection set, F=free, OA=open archive, CA=closed archive, TAMS=top-at-mark-start (previous, next)
|   0|0x0000000080000000, 0x0000000080100000, 0x0000000080100000|100%| O|  |TAMS 0x0000000080100000, 0x0000000080000000| Untracked 
|   1|0x0000000080100000, 0x0000000080200000, 0x0000000080200000|100%| O|  |TAMS 0x0000000080200000, 0x0000000080100000| Untracked 
|   2|0x0000000080200000, 0x0000000080300000, 0x0000000080300000|100%| O|  |TAMS 0x0000000080300000, 0x0000000080200000| Untracked 
|   3|0x0000000080300000, 0x0000000080400000, 0x0000000080400000|100%|HS|  |TAMS 0x0000000080400000, 0x0000000080300000| Complete 
|   4|0x0000000080400000, 0x0000000080500000, 0x0000000080500000|100%|HC|  |TAMS 0x0000000080500000, 0x0000000080400000| Complete 
|   5|0x0000000080500000, 0x0000000080600000, 0x0000000080600000|100%|HC|  |TAMS 0x0000000080600000, 0x0000000080500000| Complete 
|   6|0x0000000080600000, 0x0000000080700000, 0x0000000080700000|100%| O|  |TAMS 0x0000000080700000, 0x0000000080600000| Untracked 
|   7|0x0000000080700000, 0x0000000080800000, 0x0000000080800000|100%| O|  |TAMS 0x0000000080800000, 0x0000000080700000| Untracked 
|   8|0x0000000080800000, 0x0000000080900000, 0x0000000080900000|100%| O|  |TAMS 0x0000000080900000, 0x0000000080800000| Untracked 
|   9|0x0000000080900000, 0x0000000080a00000, 0x0000000080a00000|100%| O|  |TAMS 0x0000000080a00000, 0x0000000080900000| Untracked 
|  10|0x0000000080a00000, 0x0000000080a7d000, 0x0000000080b00000| 48%| O|  |TAMS 0x0000000080a7d000, 0x0000000080a00000| Untracked 
|  11|0x0000000080b00000, 0x0000000080c00000, 0x0000000080c00000|100%| O|  |TAMS 0x0000000080c00000, 0x0000000080b00000| Untracked 
|  12|0x0000000080c00000, 0x0000000080d00000, 0x0000000080d00000|100%| O|  |TAMS 0x0000000080d00000, 0x0000000080c00000| Untracked 
|  13|0x0000000080d00000, 0x0000000080e00000, 0x0000000080e00000|100%| O|  |TAMS 0x0000000080e00000, 0x0000000080d00000| Untracked 
|  14|0x0000000080e00000, 0x0000000080f00000, 0x0000000080f00000|100%| O|  |TAMS 0x0000000080f00000, 0x0000000080e00000| Untracked 
|  15|0x0000000080f00000, 0x0000000081000000, 0x0000000081000000|100%| O|  |TAMS 0x0000000081000000, 0x0000000080f00000| Untracked 
|  16|0x0000000081000000, 0x0000000081100000, 0x0000000081100000|100%| O|  |TAMS 0x0000000081100000, 0x0000000081000000| Untracked 
|  17|0x0000000081100000, 0x0000000081200000, 0x0000000081200000|100%| O|  |TAMS 0x0000000081200000, 0x0000000081100000| Untracked 
|  18|0x0000000081200000, 0x0000000081300000, 0x0000000081300000|100%| O|  |TAMS 0x0000000081300000, 0x0000000081200000| Untracked 
|  19|0x0000000081300000, 0x0000000081400000, 0x0000000081400000|100%| O|  |TAMS 0x0000000081400000, 0x0000000081300000| Untracked 
|  20|0x0000000081400000, 0x0000000081500000, 0x0000000081500000|100%| O|  |TAMS 0x0000000081500000, 0x0000000081400000| Untracked 
|  21|0x0000000081500000, 0x0000000081600000, 0x0000000081600000|100%| O|  |TAMS 0x0000000081600000, 0x0000000081500000| Untracked 
|  22|0x0000000081600000, 0x0000000081700000, 0x0000000081700000|100%| O|  |TAMS 0x0000000081700000, 0x0000000081600000| Untracked 
|  23|0x0000000081700000, 0x0000000081800000, 0x0000000081800000|100%| O|  |TAMS 0x0000000081800000, 0x0000000081700000| Untracked 
|  24|0x0000000081800000, 0x0000000081900000, 0x0000000081900000|100%| O|  |TAMS 0x0000000081900000, 0x0000000081800000| Untracked 
|  25|0x0000000081900000, 0x0000000081a00000, 0x0000000081a00000|100%|HS|  |TAMS 0x0000000081a00000, 0x0000000081900000| Complete 
|  26|0x0000000081a00000, 0x0000000081b00000, 0x0000000081b00000|100%|HS|  |TAMS 0x0000000081b00000, 0x0000000081a00000| Complete 
|  27|0x0000000081b00000, 0x0000000081c00000, 0x0000000081c00000|100%|HS|  |TAMS 0x0000000081c00000, 0x0000000081b00000| Complete 
|  28|0x0000000081c00000, 0x0000000081d00000, 0x0000000081d00000|100%|HC|  |TAMS 0x0000000081d00000, 0x0000000081c00000| Complete 
|  29|0x0000000081d00000, 0x0000000081e00000, 0x0000000081e00000|100%| O|  |TAMS 0x0000000081e00000, 0x0000000081d00000| Untracked 
|  30|0x0000000081e00000, 0x0000000081f00000, 0x0000000081f00000|100%| O|  |TAMS 0x0000000081f00000, 0x0000000081e00000| Untracked 
|  31|0x0000000081f00000, 0x0000000082000000, 0x0000000082000000|100%| O|  |TAMS 0x0000000082000000, 0x0000000081f00000| Untracked 
|  32|0x0000000082000000, 0x0000000082100000, 0x0000000082100000|100%| O|  |TAMS 0x0000000082100000, 0x0000000082000000| Untracked 
|  33|0x0000000082100000, 0x0000000082200000, 0x0000000082200000|100%| O|  |TAMS 0x0000000082200000, 0x0000000082100000| Untracked 
|  34|0x0000000082200000, 0x0000000082300000, 0x0000000082300000|100%| O|  |TAMS 0x0000000082300000, 0x0000000082200000| Untracked 
|  35|0x0000000082300000, 0x0000000082400000, 0x0000000082400000|100%| O|  |TAMS 0x0000000082400000, 0x0000000082300000| Untracked 
|  36|0x0000000082400000, 0x0000000082500000, 0x0000000082500000|100%| O|  |TAMS 0x0000000082500000, 0x0000000082400000| Untracked 
|  37|0x0000000082500000, 0x0000000082600000, 0x0000000082600000|100%| O|  |TAMS 0x0000000082600000, 0x0000000082500000| Untracked 
|  38|0x0000000082600000, 0x0000000082700000, 0x0000000082700000|100%| O|  |TAMS 0x0000000082700000, 0x0000000082600000| Untracked 
|  39|0x0000000082700000, 0x0000000082800000, 0x0000000082800000|100%| O|  |TAMS 0x0000000082800000, 0x0000000082700000| Untracked 
|  40|0x0000000082800000, 0x0000000082900000, 0x0000000082900000|100%| O|  |TAMS 0x0000000082900000, 0x0000000082800000| Untracked 
|  41|0x0000000082900000, 0x0000000082a00000, 0x0000000082a00000|100%| O|  |TAMS 0x0000000082a00000, 0x0000000082900000| Untracked 
|  42|0x0000000082a00000, 0x0000000082b00000, 0x0000000082b00000|100%| O|  |TAMS 0x0000000082b00000, 0x0000000082a00000| Untracked 
|  43|0x0000000082b00000, 0x0000000082c00000, 0x0000000082c00000|100%| O|  |TAMS 0x0000000082c00000, 0x0000000082b00000| Untracked 
|  44|0x0000000082c00000, 0x0000000082d00000, 0x0000000082d00000|100%| O|  |TAMS 0x0000000082d00000, 0x0000000082c00000| Untracked 
|  45|0x0000000082d00000, 0x0000000082e00000, 0x0000000082e00000|100%| O|  |TAMS 0x0000000082e00000, 0x0000000082d00000| Untracked 
|  46|0x0000000082e00000, 0x0000000082f00000, 0x0000000082f00000|100%| O|  |TAMS 0x0000000082f00000, 0x0000000082e00000| Untracked 
|  47|0x0000000082f00000, 0x0000000083000000, 0x0000000083000000|100%| O|  |TAMS 0x0000000083000000, 0x0000000082f00000| Untracked 
|  48|0x0000000083000000, 0x0000000083100000, 0x0000000083100000|100%| O|  |TAMS 0x0000000083100000, 0x0000000083000000| Untracked 
|  49|0x0000000083100000, 0x0000000083200000, 0x0000000083200000|100%| O|  |TAMS 0x0000000083200000, 0x0000000083100000| Untracked 
|  50|0x0000000083200000, 0x0000000083300000, 0x0000000083300000|100%| O|  |TAMS 0x0000000083300000, 0x0000000083200000| Untracked 
|  51|0x0000000083300000, 0x0000000083400000, 0x0000000083400000|100%| O|  |TAMS 0x0000000083400000, 0x0000000083300000| Untracked 
|  52|0x0000000083400000, 0x0000000083500000, 0x0000000083500000|100%| O|  |TAMS 0x0000000083500000, 0x0000000083400000| Untracked 
|  53|0x0000000083500000, 0x0000000083600000, 0x0000000083600000|100%| O|  |TAMS 0x0000000083600000, 0x0000000083500000| Untracked 
|  54|0x0000000083600000, 0x0000000083700000, 0x0000000083700000|100%| O|  |TAMS 0x0000000083700000, 0x0000000083600000| Untracked 
|  55|0x0000000083700000, 0x0000000083800000, 0x0000000083800000|100%| O|  |TAMS 0x0000000083800000, 0x0000000083700000| Untracked 
|  56|0x0000000083800000, 0x0000000083900000, 0x0000000083900000|100%| O|  |TAMS 0x0000000083900000, 0x0000000083800000| Untracked 
|  57|0x0000000083900000, 0x0000000083a00000, 0x0000000083a00000|100%| O|  |TAMS 0x0000000083a00000, 0x0000000083900000| Untracked 
|  58|0x0000000083a00000, 0x0000000083b00000, 0x0000000083b00000|100%| O|  |TAMS 0x0000000083b00000, 0x0000000083a00000| Untracked 
|  59|0x0000000083b00000, 0x0000000083c00000, 0x0000000083c00000|100%| O|  |TAMS 0x0000000083c00000, 0x0000000083b00000| Untracked 
|  60|0x0000000083c00000, 0x0000000083d00000, 0x0000000083d00000|100%| O|  |TAMS 0x0000000083d00000, 0x0000000083c00000| Untracked 
|  61|0x0000000083d00000, 0x0000000083e00000, 0x0000000083e00000|100%| O|  |TAMS 0x0000000083e00000, 0x0000000083d00000| Untracked 
|  62|0x0000000083e00000, 0x0000000083f00000, 0x0000000083f00000|100%| O|  |TAMS 0x0000000083f00000, 0x0000000083e00000| Untracked 
|  63|0x0000000083f00000, 0x0000000084000000, 0x0000000084000000|100%| O|  |TAMS 0x0000000084000000, 0x0000000083f00000| Untracked 
|  64|0x0000000084000000, 0x0000000084100000, 0x0000000084100000|100%| O|  |TAMS 0x0000000084100000, 0x0000000084000000| Untracked 
|  65|0x0000000084100000, 0x0000000084200000, 0x0000000084200000|100%| O|  |TAMS 0x0000000084200000, 0x0000000084100000| Untracked 
|  66|0x0000000084200000, 0x0000000084300000, 0x0000000084300000|100%| O|  |TAMS 0x0000000084300000, 0x0000000084200000| Untracked 
|  67|0x0000000084300000, 0x0000000084400000, 0x0000000084400000|100%| O|  |TAMS 0x0000000084400000, 0x0000000084300000| Untracked 
|  68|0x0000000084400000, 0x0000000084500000, 0x0000000084500000|100%| O|  |TAMS 0x0000000084500000, 0x0000000084400000| Untracked 
|  69|0x0000000084500000, 0x0000000084600000, 0x0000000084600000|100%| O|  |TAMS 0x0000000084600000, 0x0000000084500000| Untracked 
|  70|0x0000000084600000, 0x0000000084700000, 0x0000000084700000|100%| O|  |TAMS 0x0000000084700000, 0x0000000084600000| Untracked 
|  71|0x0000000084700000, 0x0000000084800000, 0x0000000084800000|100%| O|  |TAMS 0x00000000847d2200, 0x0000000084700000| Untracked 
|  72|0x0000000084800000, 0x0000000084900000, 0x0000000084900000|100%| O|  |TAMS 0x0000000084800000, 0x0000000084800000| Untracked 
|  73|0x0000000084900000, 0x0000000084a00000, 0x0000000084a00000|100%| O|  |TAMS 0x0000000084900000, 0x0000000084900000| Untracked 
|  74|0x0000000084a00000, 0x0000000084b00000, 0x0000000084b00000|100%| O|  |TAMS 0x0000000084a00000, 0x0000000084a00000| Untracked 
|  75|0x0000000084b00000, 0x0000000084c00000, 0x0000000084c00000|100%| O|  |TAMS 0x0000000084b00000, 0x0000000084b00000| Untracked 
|  76|0x0000000084c00000, 0x0000000084d00000, 0x0000000084d00000|100%| O|  |TAMS 0x0000000084c00000, 0x0000000084c00000| Untracked 
|  77|0x0000000084d00000, 0x0000000084e00000, 0x0000000084e00000|100%| O|  |TAMS 0x0000000084d00000, 0x0000000084d00000| Untracked 
|  78|0x0000000084e00000, 0x0000000084f00000, 0x0000000084f00000|100%| O|  |TAMS 0x0000000084e00000, 0x0000000084e00000| Untracked 
|  79|0x0000000084f00000, 0x0000000085000000, 0x0000000085000000|100%| O|  |TAMS 0x0000000084f00000, 0x0000000084f00000| Untracked 
|  80|0x0000000085000000, 0x0000000085100000, 0x0000000085100000|100%| O|  |TAMS 0x0000000085000000, 0x0000000085000000| Untracked 
|  81|0x0000000085100000, 0x0000000085200000, 0x0000000085200000|100%| O|  |TAMS 0x0000000085100000, 0x0000000085100000| Untracked 
|  82|0x0000000085200000, 0x0000000085200000, 0x0000000085300000|  0%| F|  |TAMS 0x0000000085200000, 0x0000000085200000| Untracked 
|  83|0x0000000085300000, 0x0000000085300000, 0x0000000085400000|  0%| F|  |TAMS 0x0000000085300000, 0x0000000085300000| Untracked 
|  84|0x0000000085400000, 0x0000000085500000, 0x0000000085500000|100%|HS|  |TAMS 0x0000000085400000, 0x0000000085400000| Complete 
|  85|0x0000000085500000, 0x0000000085600000, 0x0000000085600000|100%| O|  |TAMS 0x0000000085500000, 0x0000000085500000| Untracked 
|  86|0x0000000085600000, 0x0000000085700000, 0x0000000085700000|100%| O|  |TAMS 0x0000000085600000, 0x0000000085600000| Untracked 
|  87|0x0000000085700000, 0x0000000085800000, 0x0000000085800000|100%| O|  |TAMS 0x0000000085700000, 0x0000000085700000| Untracked 
|  88|0x0000000085800000, 0x0000000085900000, 0x0000000085900000|100%| O|  |TAMS 0x0000000085800000, 0x0000000085800000| Untracked 
|  89|0x0000000085900000, 0x0000000085a00000, 0x0000000085a00000|100%| O|  |TAMS 0x0000000085900000, 0x0000000085900000| Untracked 
|  90|0x0000000085a00000, 0x0000000085b00000, 0x0000000085b00000|100%| O|  |TAMS 0x0000000085a00000, 0x0000000085a00000| Untracked 
|  91|0x0000000085b00000, 0x0000000085c00000, 0x0000000085c00000|100%| O|  |TAMS 0x0000000085b00000, 0x0000000085b00000| Untracked 
|  92|0x0000000085c00000, 0x0000000085d00000, 0x0000000085d00000|100%| O|  |TAMS 0x0000000085c00000, 0x0000000085c00000| Untracked 
|  93|0x0000000085d00000, 0x0000000085e00000, 0x0000000085e00000|100%| O|  |TAMS 0x0000000085d00000, 0x0000000085d00000| Untracked 
|  94|0x0000000085e00000, 0x0000000085f00000, 0x0000000085f00000|100%| O|  |TAMS 0x0000000085e00000, 0x0000000085e00000| Untracked 
|  95|0x0000000085f00000, 0x0000000086000000, 0x0000000086000000|100%| O|  |TAMS 0x0000000085f00000, 0x0000000085f00000| Untracked 
|  96|0x0000000086000000, 0x0000000086100000, 0x0000000086100000|100%| O|  |TAMS 0x0000000086000000, 0x0000000086000000| Untracked 
|  97|0x0000000086100000, 0x00000000861e2400, 0x0000000086200000| 88%| O|  |TAMS 0x0000000086100000, 0x0000000086100000| Untracked 
|  98|0x0000000086200000, 0x0000000086200000, 0x0000000086300000|  0%| F|  |TAMS 0x0000000086200000, 0x0000000086200000| Untracked 
|  99|0x0000000086300000, 0x0000000086300000, 0x0000000086400000|  0%| F|  |TAMS 0x0000000086300000, 0x0000000086300000| Untracked 
| 100|0x0000000086400000, 0x0000000086400000, 0x0000000086500000|  0%| F|  |TAMS 0x0000000086400000, 0x0000000086400000| Untracked 
| 101|0x0000000086500000, 0x0000000086500000, 0x0000000086600000|  0%| F|  |TAMS 0x0000000086500000, 0x0000000086500000| Untracked 
| 102|0x0000000086600000, 0x0000000086600000, 0x0000000086700000|  0%| F|  |TAMS 0x0000000086600000, 0x0000000086600000| Untracked 
| 103|0x0000000086700000, 0x0000000086700000, 0x0000000086800000|  0%| F|  |TAMS 0x0000000086700000, 0x0000000086700000| Untracked 
| 104|0x0000000086800000, 0x0000000086800000, 0x0000000086900000|  0%| F|  |TAMS 0x0000000086800000, 0x0000000086800000| Untracked 
| 105|0x0000000086900000, 0x0000000086900000, 0x0000000086a00000|  0%| F|  |TAMS 0x0000000086900000, 0x0000000086900000| Untracked 
| 106|0x0000000086a00000, 0x0000000086a00000, 0x0000000086b00000|  0%| F|  |TAMS 0x0000000086a00000, 0x0000000086a00000| Untracked 
| 107|0x0000000086b00000, 0x0000000086b00000, 0x0000000086c00000|  0%| F|  |TAMS 0x0000000086b00000, 0x0000000086b00000| Untracked 
| 108|0x0000000086c00000, 0x0000000086c00000, 0x0000000086d00000|  0%| F|  |TAMS 0x0000000086c00000, 0x0000000086c00000| Untracked 
| 109|0x0000000086d00000, 0x0000000086d00000, 0x0000000086e00000|  0%| F|  |TAMS 0x0000000086d00000, 0x0000000086d00000| Untracked 
| 110|0x0000000086e00000, 0x0000000086e00000, 0x0000000086f00000|  0%| F|  |TAMS 0x0000000086e00000, 0x0000000086e00000| Untracked 
| 111|0x0000000086f00000, 0x0000000086f00000, 0x0000000087000000|  0%| F|  |TAMS 0x0000000086f00000, 0x0000000086f00000| Untracked 
| 112|0x0000000087000000, 0x0000000087000000, 0x0000000087100000|  0%| F|  |TAMS 0x0000000087000000, 0x0000000087000000| Untracked 
| 113|0x0000000087100000, 0x0000000087100000, 0x0000000087200000|  0%| F|  |TAMS 0x0000000087100000, 0x0000000087100000| Untracked 
| 114|0x0000000087200000, 0x0000000087200000, 0x0000000087300000|  0%| F|  |TAMS 0x0000000087200000, 0x0000000087200000| Untracked 
| 115|0x0000000087300000, 0x0000000087300000, 0x0000000087400000|  0%| F|  |TAMS 0x0000000087300000, 0x0000000087300000| Untracked 
| 116|0x0000000087400000, 0x0000000087400000, 0x0000000087500000|  0%| F|  |TAMS 0x0000000087400000, 0x0000000087400000| Untracked 
| 117|0x0000000087500000, 0x0000000087500000, 0x0000000087600000|  0%| F|  |TAMS 0x0000000087500000, 0x0000000087500000| Untracked 
| 118|0x0000000087600000, 0x0000000087600000, 0x0000000087700000|  0%| F|  |TAMS 0x0000000087600000, 0x0000000087600000| Untracked 
| 119|0x0000000087700000, 0x0000000087700000, 0x0000000087800000|  0%| F|  |TAMS 0x0000000087700000, 0x0000000087700000| Untracked 
| 120|0x0000000087800000, 0x0000000087800000, 0x0000000087900000|  0%| F|  |TAMS 0x0000000087800000, 0x0000000087800000| Untracked 
| 121|0x0000000087900000, 0x0000000087900000, 0x0000000087a00000|  0%| F|  |TAMS 0x0000000087900000, 0x0000000087900000| Untracked 
| 122|0x0000000087a00000, 0x0000000087a00000, 0x0000000087b00000|  0%| F|  |TAMS 0x0000000087a00000, 0x0000000087a00000| Untracked 
| 123|0x0000000087b00000, 0x0000000087b00000, 0x0000000087c00000|  0%| F|  |TAMS 0x0000000087b00000, 0x0000000087b00000| Untracked 
| 124|0x0000000087c00000, 0x0000000087c00000, 0x0000000087d00000|  0%| F|  |TAMS 0x0000000087c00000, 0x0000000087c00000| Untracked 
| 125|0x0000000087d00000, 0x0000000087d00000, 0x0000000087e00000|  0%| F|  |TAMS 0x0000000087d00000, 0x0000000087d00000| Untracked 
| 126|0x0000000087e00000, 0x0000000087e00000, 0x0000000087f00000|  0%| F|  |TAMS 0x0000000087e00000, 0x0000000087e00000| Untracked 
| 127|0x0000000087f00000, 0x0000000087f00000, 0x0000000088000000|  0%| F|  |TAMS 0x0000000087f00000, 0x0000000087f00000| Untracked 
| 128|0x0000000088000000, 0x0000000088000000, 0x0000000088100000|  0%| F|  |TAMS 0x0000000088000000, 0x0000000088000000| Untracked 
| 129|0x0000000088100000, 0x0000000088100000, 0x0000000088200000|  0%| F|  |TAMS 0x0000000088100000, 0x0000000088100000| Untracked 
| 130|0x0000000088200000, 0x0000000088200000, 0x0000000088300000|  0%| F|  |TAMS 0x0000000088200000, 0x0000000088200000| Untracked 
| 131|0x0000000088300000, 0x0000000088300000, 0x0000000088400000|  0%| F|  |TAMS 0x0000000088300000, 0x0000000088300000| Untracked 
| 132|0x0000000088400000, 0x0000000088500000, 0x0000000088500000|100%| S|CS|TAMS 0x0000000088400000, 0x0000000088400000| Complete 
| 133|0x0000000088500000, 0x0000000088600000, 0x0000000088600000|100%| S|CS|TAMS 0x0000000088500000, 0x0000000088500000| Complete 
| 134|0x0000000088600000, 0x0000000088700000, 0x0000000088700000|100%| S|CS|TAMS 0x0000000088600000, 0x0000000088600000| Complete 
| 135|0x0000000088700000, 0x0000000088800000, 0x0000000088800000|100%| S|CS|TAMS 0x0000000088700000, 0x0000000088700000| Complete 
| 136|0x0000000088800000, 0x0000000088900000, 0x0000000088900000|100%| S|CS|TAMS 0x0000000088800000, 0x0000000088800000| Complete 
| 137|0x0000000088900000, 0x0000000088900000, 0x0000000088a00000|  0%| F|  |TAMS 0x0000000088900000, 0x0000000088900000| Untracked 
| 138|0x0000000088a00000, 0x0000000088a00000, 0x0000000088b00000|  0%| F|  |TAMS 0x0000000088a00000, 0x0000000088a00000| Untracked 
| 139|0x0000000088b00000, 0x0000000088b00000, 0x0000000088c00000|  0%| F|  |TAMS 0x0000000088b00000, 0x0000000088b00000| Untracked 
| 140|0x0000000088c00000, 0x0000000088c00000, 0x0000000088d00000|  0%| F|  |TAMS 0x0000000088c00000, 0x0000000088c00000| Untracked 
| 141|0x0000000088d00000, 0x0000000088d00000, 0x0000000088e00000|  0%| F|  |TAMS 0x0000000088d00000, 0x0000000088d00000| Untracked 
| 142|0x0000000088e00000, 0x0000000088e00000, 0x0000000088f00000|  0%| F|  |TAMS 0x0000000088e00000, 0x0000000088e00000| Untracked 
| 143|0x0000000088f00000, 0x0000000088f00000, 0x0000000089000000|  0%| F|  |TAMS 0x0000000088f00000, 0x0000000088f00000| Untracked 
| 144|0x0000000089000000, 0x0000000089000000, 0x0000000089100000|  0%| F|  |TAMS 0x0000000089000000, 0x0000000089000000| Untracked 
| 145|0x0000000089100000, 0x0000000089100000, 0x0000000089200000|  0%| F|  |TAMS 0x0000000089100000, 0x0000000089100000| Untracked 
| 146|0x0000000089200000, 0x0000000089200000, 0x0000000089300000|  0%| F|  |TAMS 0x0000000089200000, 0x0000000089200000| Untracked 
| 147|0x0000000089300000, 0x0000000089300000, 0x0000000089400000|  0%| F|  |TAMS 0x0000000089300000, 0x0000000089300000| Untracked 
| 148|0x0000000089400000, 0x0000000089400000, 0x0000000089500000|  0%| F|  |TAMS 0x0000000089400000, 0x0000000089400000| Untracked 
| 149|0x0000000089500000, 0x0000000089500000, 0x0000000089600000|  0%| F|  |TAMS 0x0000000089500000, 0x0000000089500000| Untracked 
| 150|0x0000000089600000, 0x0000000089600000, 0x0000000089700000|  0%| F|  |TAMS 0x0000000089600000, 0x0000000089600000| Untracked 
| 151|0x0000000089700000, 0x0000000089700000, 0x0000000089800000|  0%| F|  |TAMS 0x0000000089700000, 0x0000000089700000| Untracked 
| 152|0x0000000089800000, 0x0000000089800000, 0x0000000089900000|  0%| F|  |TAMS 0x0000000089800000, 0x0000000089800000| Untracked 
| 153|0x0000000089900000, 0x0000000089900000, 0x0000000089a00000|  0%| F|  |TAMS 0x0000000089900000, 0x0000000089900000| Untracked 
| 154|0x0000000089a00000, 0x0000000089a00000, 0x0000000089b00000|  0%| F|  |TAMS 0x0000000089a00000, 0x0000000089a00000| Untracked 
| 155|0x0000000089b00000, 0x0000000089b00000, 0x0000000089c00000|  0%| F|  |TAMS 0x0000000089b00000, 0x0000000089b00000| Untracked 
| 156|0x0000000089c00000, 0x0000000089c00000, 0x0000000089d00000|  0%| F|  |TAMS 0x0000000089c00000, 0x0000000089c00000| Untracked 
| 157|0x0000000089d00000, 0x0000000089d00000, 0x0000000089e00000|  0%| F|  |TAMS 0x0000000089d00000, 0x0000000089d00000| Untracked 
| 158|0x0000000089e00000, 0x0000000089e00000, 0x0000000089f00000|  0%| F|  |TAMS 0x0000000089e00000, 0x0000000089e00000| Untracked 
| 159|0x0000000089f00000, 0x0000000089f00000, 0x000000008a000000|  0%| F|  |TAMS 0x0000000089f00000, 0x0000000089f00000| Untracked 
| 160|0x000000008a000000, 0x000000008a000000, 0x000000008a100000|  0%| F|  |TAMS 0x000000008a000000, 0x000000008a000000| Untracked 
| 161|0x000000008a100000, 0x000000008a100000, 0x000000008a200000|  0%| F|  |TAMS 0x000000008a100000, 0x000000008a100000| Untracked 
| 162|0x000000008a200000, 0x000000008a200000, 0x000000008a300000|  0%| F|  |TAMS 0x000000008a200000, 0x000000008a200000| Untracked 
| 163|0x000000008a300000, 0x000000008a300000, 0x000000008a400000|  0%| F|  |TAMS 0x000000008a300000, 0x000000008a300000| Untracked 
| 253|0x000000008fd00000, 0x000000008fd00000, 0x000000008fe00000|  0%| F|  |TAMS 0x000000008fd00000, 0x000000008fd00000| Untracked 

Card table byte_map: [0x00000206a1480000,0x00000206a1880000] _byte_map_base: 0x00000206a1080000

Marking Bits (Prev, Next): (CMBitMap*) 0x0000020689939de0, (CMBitMap*) 0x0000020689939e20
 Prev Bits: [0x00000206a1c80000, 0x00000206a3c80000)
 Next Bits: [0x00000206a3c80000, 0x00000206a5c80000)

Polling page: 0x0000020687790000

Metaspace:

Usage:
  Non-class:     65.44 MB capacity,    64.61 MB ( 99%) used,   733.19 KB (  1%) free+waste,   109.31 KB ( <1%) overhead. 
      Class:     10.05 MB capacity,     9.73 MB ( 97%) used,   287.05 KB (  3%) free+waste,    43.94 KB ( <1%) overhead. 
       Both:     75.49 MB capacity,    74.35 MB ( 98%) used,  1020.24 KB (  1%) free+waste,   153.25 KB ( <1%) overhead. 

Virtual space:
  Non-class space:       66.00 MB reserved,      65.67 MB (>99%) committed 
      Class space:        1.00 GB reserved,      10.12 MB ( <1%) committed 
             Both:        1.06 GB reserved,      75.80 MB (  7%) committed 

Chunk freelists:
   Non-Class:  48.00 KB
       Class:  41.00 KB
        Both:  89.00 KB

MaxMetaspaceSize: 17179869184.00 GB
CompressedClassSpaceSize: 1.00 GB

CodeHeap 'non-profiled nmethods': size=120000Kb used=5754Kb max_used=5754Kb free=114245Kb
 bounds [0x0000020699600000, 0x0000020699ba0000, 0x00000206a0b30000]
CodeHeap 'profiled nmethods': size=120000Kb used=19733Kb max_used=19733Kb free=100266Kb
 bounds [0x00000206920d0000, 0x0000020693420000, 0x0000020699600000]
CodeHeap 'non-nmethods': size=5760Kb used=2380Kb max_used=2475Kb free=3379Kb
 bounds [0x0000020691b30000, 0x0000020691db0000, 0x00000206920d0000]
 total_blobs=10609 nmethods=9738 adapters=783
 compilation: enabled
              stopped_count=0, restarted_count=0
 full_count=0

Compilation events (20 events):
Event: 7.717 Thread 0x00000206a9166280 10611       3       org.apache.xerces.dom.CoreDocumentImpl::createAttributeNS (11 bytes)
Event: 7.717 Thread 0x00000206a9166280 nmethod 10611 0x0000020693411990 code [0x0000020693411b80, 0x0000020693412008]
Event: 7.717 Thread 0x00000206a9166280 10612       3       org.apache.xerces.dom.AttrNSImpl::<init> (13 bytes)
Event: 7.717 Thread 0x00000206a9166280 nmethod 10612 0x0000020693412210 code [0x00000206934123e0, 0x0000020693412848]
Event: 7.721 Thread 0x00000206ade81940 nmethod 10515 0x0000020699b9bf90 code [0x0000020699b9c220, 0x0000020699b9d3f0]
Event: 7.721 Thread 0x00000206ade81940 10434       4       java.lang.StringUTF16::charAt (11 bytes)
Event: 7.721 Thread 0x00000206a9166280 10616       3       com.google.common.collect.AbstractMultimap::keySet (23 bytes)
Event: 7.721 Thread 0x00000206a9166280 nmethod 10616 0x0000020693412a10 code [0x0000020693412bc0, 0x0000020693412e48]
Event: 7.721 Thread 0x00000206a9166280 10617       3       com.google.common.collect.LinkedListMultimap::keySet (5 bytes)
Event: 7.722 Thread 0x00000206ade81940 nmethod 10434 0x0000020699b9e110 code [0x0000020699b9e280, 0x0000020699b9e2f8]
Event: 7.722 Thread 0x00000206ade81940 10614       4       com.google.common.collect.LinkedListMultimap$DistinctKeyIterator::hasNext (17 bytes)
Event: 7.722 Thread 0x00000206a9166280 nmethod 10617 0x0000020693412f10 code [0x00000206934130e0, 0x00000206934135f8]
Event: 7.722 Thread 0x00000206a9166280 10618       1       com.google.common.collect.LinkedListMultimap::access$200 (5 bytes)
Event: 7.722 Thread 0x00000206a9166280 nmethod 10618 0x0000020699b9e410 code [0x0000020699b9e5a0, 0x0000020699b9e638]
Event: 7.722 Thread 0x00000206ade81940 nmethod 10614 0x0000020699b9e710 code [0x0000020699b9e880, 0x0000020699b9e918]
Event: 7.722 Thread 0x00000206ade81940 10619       4       com.google.common.collect.LinkedListMultimap$DistinctKeyIterator::next (81 bytes)
Event: 7.722 Thread 0x00000206a9166280 10622       3       com.google.common.collect.CollectPreconditions::checkNonnegative (48 bytes)
Event: 7.723 Thread 0x00000206a9166280 nmethod 10622 0x0000020693413790 code [0x0000020693413a00, 0x0000020693414308]
Event: 7.723 Thread 0x00000206a9166280 10626       2       com.android.ide.common.resources.DataSet::checkItems (157 bytes)
Event: 7.723 Thread 0x00000206a9166280 nmethod 10626 0x0000020693414710 code [0x0000020693414980, 0x00000206934151d8]

GC Heap History (20 events):
Event: 4.555 GC heap after
{Heap after GC invocations=18 (full 0):
 garbage-first heap   total 96256K, used 55914K [0x0000000080000000, 0x0000000100000000)
  region size 1024K, 3 young (3072K), 3 survivors (3072K)
 Metaspace       used 57491K, capacity 58386K, committed 58672K, reserved 1099776K
  class space    used 7406K, capacity 7694K, committed 7808K, reserved 1048576K
}
Event: 4.753 GC heap before
{Heap before GC invocations=19 (full 0):
 garbage-first heap   total 101376K, used 77418K [0x0000000080000000, 0x0000000100000000)
  region size 1024K, 24 young (24576K), 3 survivors (3072K)
 Metaspace       used 60621K, capacity 61572K, committed 61744K, reserved 1103872K
  class space    used 7958K, capacity 8241K, committed 8320K, reserved 1048576K
}
Event: 4.755 GC heap after
{Heap after GC invocations=20 (full 0):
 garbage-first heap   total 101376K, used 57164K [0x0000000080000000, 0x0000000100000000)
  region size 1024K, 2 young (2048K), 2 survivors (2048K)
 Metaspace       used 60621K, capacity 61572K, committed 61744K, reserved 1103872K
  class space    used 7958K, capacity 8241K, committed 8320K, reserved 1048576K
}
Event: 4.872 GC heap before
{Heap before GC invocations=20 (full 0):
 garbage-first heap   total 101376K, used 81740K [0x0000000080000000, 0x0000000100000000)
  region size 1024K, 27 young (27648K), 2 survivors (2048K)
 Metaspace       used 61651K, capacity 62539K, committed 62896K, reserved 1103872K
  class space    used 8083K, capacity 8346K, committed 8448K, reserved 1048576K
}
Event: 4.875 GC heap after
{Heap after GC invocations=21 (full 0):
 garbage-first heap   total 121856K, used 59122K [0x0000000080000000, 0x0000000100000000)
  region size 1024K, 4 young (4096K), 4 survivors (4096K)
 Metaspace       used 61651K, capacity 62539K, committed 62896K, reserved 1103872K
  class space    used 8083K, capacity 8346K, committed 8448K, reserved 1048576K
}
Event: 5.238 GC heap before
{Heap before GC invocations=22 (full 0):
 garbage-first heap   total 121856K, used 100082K [0x0000000080000000, 0x0000000100000000)
  region size 1024K, 44 young (45056K), 4 survivors (4096K)
 Metaspace       used 66605K, capacity 67543K, committed 67632K, reserved 1107968K
  class space    used 8785K, capacity 9085K, committed 9088K, reserved 1048576K
}
Event: 5.242 GC heap after
{Heap after GC invocations=23 (full 0):
 garbage-first heap   total 121856K, used 62125K [0x0000000080000000, 0x0000000100000000)
  region size 1024K, 5 young (5120K), 5 survivors (5120K)
 Metaspace       used 66605K, capacity 67543K, committed 67632K, reserved 1107968K
  class space    used 8785K, capacity 9085K, committed 9088K, reserved 1048576K
}
Event: 5.513 GC heap before
{Heap before GC invocations=23 (full 0):
 garbage-first heap   total 121856K, used 100013K [0x0000000080000000, 0x0000000100000000)
  region size 1024K, 42 young (43008K), 5 survivors (5120K)
 Metaspace       used 69112K, capacity 70104K, committed 70320K, reserved 1110016K
  class space    used 9102K, capacity 9396K, committed 9472K, reserved 1048576K
}
Event: 5.517 GC heap after
{Heap after GC invocations=24 (full 0):
 garbage-first heap   total 121856K, used 65327K [0x0000000080000000, 0x0000000100000000)
  region size 1024K, 6 young (6144K), 6 survivors (6144K)
 Metaspace       used 69112K, capacity 70104K, committed 70320K, reserved 1110016K
  class space    used 9102K, capacity 9396K, committed 9472K, reserved 1048576K
}
Event: 5.878 GC heap before
{Heap before GC invocations=25 (full 0):
 garbage-first heap   total 121856K, used 99119K [0x0000000080000000, 0x0000000100000000)
  region size 1024K, 40 young (40960K), 6 survivors (6144K)
 Metaspace       used 72400K, capacity 73454K, committed 73520K, reserved 1114112K
  class space    used 9463K, capacity 9807K, committed 9856K, reserved 1048576K
}
Event: 5.884 GC heap after
{Heap after GC invocations=26 (full 0):
 garbage-first heap   total 121856K, used 70380K [0x0000000080000000, 0x0000000100000000)
  region size 1024K, 5 young (5120K), 5 survivors (5120K)
 Metaspace       used 72400K, capacity 73454K, committed 73520K, reserved 1114112K
  class space    used 9463K, capacity 9807K, committed 9856K, reserved 1048576K
}
Event: 6.036 GC heap before
{Heap before GC invocations=26 (full 0):
 garbage-first heap   total 121856K, used 98028K [0x0000000080000000, 0x0000000100000000)
  region size 1024K, 33 young (33792K), 5 survivors (5120K)
 Metaspace       used 73750K, capacity 74909K, committed 75184K, reserved 1114112K
  class space    used 9768K, capacity 10140K, committed 10240K, reserved 1048576K
}
Event: 6.041 GC heap after
{Heap after GC invocations=27 (full 0):
 garbage-first heap   total 146432K, used 73784K [0x0000000080000000, 0x0000000100000000)
  region size 1024K, 4 young (4096K), 4 survivors (4096K)
 Metaspace       used 73750K, capacity 74909K, committed 75184K, reserved 1114112K
  class space    used 9768K, capacity 10140K, committed 10240K, reserved 1048576K
}
Event: 6.203 GC heap before
{Heap before GC invocations=28 (full 0):
 garbage-first heap   total 148480K, used 116792K [0x0000000080000000, 0x0000000100000000)
  region size 1024K, 47 young (48128K), 4 survivors (4096K)
 Metaspace       used 73994K, capacity 75171K, committed 75440K, reserved 1114112K
  class space    used 9770K, capacity 10142K, committed 10240K, reserved 1048576K
}
Event: 6.206 GC heap after
{Heap after GC invocations=29 (full 0):
 garbage-first heap   total 148480K, used 75251K [0x0000000080000000, 0x0000000100000000)
  region size 1024K, 5 young (5120K), 5 survivors (5120K)
 Metaspace       used 73994K, capacity 75171K, committed 75440K, reserved 1114112K
  class space    used 9770K, capacity 10142K, committed 10240K, reserved 1048576K
}
Event: 7.004 GC heap before
{Heap before GC invocations=29 (full 0):
 garbage-first heap   total 148480K, used 120307K [0x0000000080000000, 0x0000000100000000)
  region size 1024K, 50 young (51200K), 5 survivors (5120K)
 Metaspace       used 75316K, capacity 76393K, committed 76592K, reserved 1116160K
  class space    used 9925K, capacity 10271K, committed 10368K, reserved 1048576K
}
Event: 7.008 GC heap after
{Heap after GC invocations=30 (full 0):
 garbage-first heap   total 148480K, used 78042K [0x0000000080000000, 0x0000000100000000)
  region size 1024K, 5 young (5120K), 5 survivors (5120K)
 Metaspace       used 75316K, capacity 76393K, committed 76592K, reserved 1116160K
  class space    used 9925K, capacity 10271K, committed 10368K, reserved 1048576K
}
Event: 7.480 GC heap before
{Heap before GC invocations=31 (full 0):
 garbage-first heap   total 148480K, used 115930K [0x0000000080000000, 0x0000000100000000)
  region size 1024K, 44 young (45056K), 5 survivors (5120K)
 Metaspace       used 75954K, capacity 77141K, committed 77360K, reserved 1116160K
  class space    used 9959K, capacity 10305K, committed 10368K, reserved 1048576K
}
Event: 7.486 GC heap after
{Heap after GC invocations=32 (full 0):
 garbage-first heap   total 148480K, used 89384K [0x0000000080000000, 0x0000000100000000)
  region size 1024K, 6 young (6144K), 6 survivors (6144K)
 Metaspace       used 75954K, capacity 77141K, committed 77360K, reserved 1116160K
  class space    used 9959K, capacity 10305K, committed 10368K, reserved 1048576K
}
Event: 7.724 GC heap before
{Heap before GC invocations=33 (full 0):
 garbage-first heap   total 168960K, used 120104K [0x0000000080000000, 0x0000000100000000)
  region size 1024K, 34 young (34816K), 6 survivors (6144K)
 Metaspace       used 76129K, capacity 77303K, committed 77616K, reserved 1116160K
  class space    used 9964K, capacity 10295K, committed 10368K, reserved 1048576K
}

Deoptimization events (20 events):
Event: 7.709 Thread 0x00000206abf11320 DEOPT PACKING pc=0x0000020699b0324c sp=0x0000008e0f4f9aa0
Event: 7.709 Thread 0x00000206abf11320 DEOPT UNPACKING pc=0x0000020691b7e42f sp=0x0000008e0f4f9a30 mode 2
Event: 7.709 Thread 0x00000206abf11320 Uncommon trap: trap_request=0xffffff45 fr.pc=0x0000020699b020e0 relative=0x0000000000000900
Event: 7.709 Thread 0x00000206abf11320 Uncommon trap: reason=unstable_if action=reinterpret pc=0x0000020699b020e0 method=com.android.utils.PositionXmlParser$DomBuilder.getCurrentPosition()Lcom/android/utils/PositionXmlParser$Position; @ 65 c2
Event: 7.709 Thread 0x00000206abf11320 DEOPT PACKING pc=0x0000020699b020e0 sp=0x0000008e0f4f98f0
Event: 7.709 Thread 0x00000206abf11320 DEOPT UNPACKING pc=0x0000020691b7e42f sp=0x0000008e0f4f9878 mode 2
Event: 7.709 Thread 0x00000206abf11320 Uncommon trap: trap_request=0xffffff45 fr.pc=0x0000020699b5dbfc relative=0x0000000000000a7c
Event: 7.709 Thread 0x00000206abf11320 Uncommon trap: reason=unstable_if action=reinterpret pc=0x0000020699b5dbfc method=org.apache.xerces.impl.XMLEntityScanner.scanContent(Lorg/apache/xerces/xni/XMLString;)I @ 134 c2
Event: 7.709 Thread 0x00000206abf11320 DEOPT PACKING pc=0x0000020699b5dbfc sp=0x0000008e0f4f99d0
Event: 7.709 Thread 0x00000206abf11320 DEOPT UNPACKING pc=0x0000020691b7e42f sp=0x0000008e0f4f9968 mode 2
Event: 7.711 Thread 0x00000206abf11320 Uncommon trap: trap_request=0xffffff45 fr.pc=0x0000020699b3b798 relative=0x0000000000000538
Event: 7.711 Thread 0x00000206abf11320 Uncommon trap: reason=unstable_if action=reinterpret pc=0x0000020699b3b798 method=org.apache.xerces.impl.XMLEntityScanner.skipString(Ljava/lang/String;)Z @ 65 c2
Event: 7.711 Thread 0x00000206abf11320 DEOPT PACKING pc=0x0000020699b3b798 sp=0x0000008e0f4f9ad0
Event: 7.711 Thread 0x00000206abf11320 DEOPT UNPACKING pc=0x0000020691b7e42f sp=0x0000008e0f4f9a80 mode 2
Event: 7.711 Thread 0x00000206abf11320 Uncommon trap: trap_request=0xffffff45 fr.pc=0x0000020699b13b88 relative=0x0000000000000ac8
Event: 7.711 Thread 0x00000206abf11320 Uncommon trap: reason=unstable_if action=reinterpret pc=0x0000020699b13b88 method=com.android.utils.PositionXmlParser$DomBuilder.findOpeningTag(Lcom/android/utils/PositionXmlParser$Position;)Lcom/android/utils/PositionXmlParser$Position; @ 81 c2
Event: 7.711 Thread 0x00000206abf11320 DEOPT PACKING pc=0x0000020699b13b88 sp=0x0000008e0f4f9900
Event: 7.711 Thread 0x00000206abf11320 DEOPT UNPACKING pc=0x0000020691b7e42f sp=0x0000008e0f4f9878 mode 2
Event: 7.719 Thread 0x00000206abf11320 DEOPT PACKING pc=0x00000206934094f2 sp=0x0000008e0f4f9790
Event: 7.719 Thread 0x00000206abf11320 DEOPT UNPACKING pc=0x0000020691b7e23f sp=0x0000008e0f4f8cc0 mode 0

Classes unloaded (10 events):
Event: 7.537 Thread 0x00000206a91421a0 Unloading class 0x00000008014c2040 'java/lang/invoke/LambdaForm$DMH+0x00000008014c2040'
Event: 7.537 Thread 0x00000206a91421a0 Unloading class 0x00000008014c2c40 'java/lang/invoke/LambdaForm$DMH+0x00000008014c2c40'
Event: 7.537 Thread 0x00000206a91421a0 Unloading class 0x00000008014c2840 'java/lang/invoke/LambdaForm$DMH+0x00000008014c2840'
Event: 7.537 Thread 0x00000206a91421a0 Unloading class 0x00000008014c3440 'java/lang/invoke/LambdaForm$DMH+0x00000008014c3440'
Event: 7.537 Thread 0x00000206a91421a0 Unloading class 0x00000008014c3040 'java/lang/invoke/LambdaForm$DMH+0x00000008014c3040'
Event: 7.537 Thread 0x00000206a91421a0 Unloading class 0x00000008014c3c40 'java/lang/invoke/LambdaForm$DMH+0x00000008014c3c40'
Event: 7.537 Thread 0x00000206a91421a0 Unloading class 0x00000008014c3840 'java/lang/invoke/LambdaForm$DMH+0x00000008014c3840'
Event: 7.537 Thread 0x00000206a91421a0 Unloading class 0x00000008014c4440 'java/lang/invoke/LambdaForm$DMH+0x00000008014c4440'
Event: 7.537 Thread 0x00000206a91421a0 Unloading class 0x00000008014c4040 'java/lang/invoke/LambdaForm$DMH+0x00000008014c4040'
Event: 7.537 Thread 0x00000206a91421a0 Unloading class 0x00000008014c4840 'java/lang/invoke/LambdaForm$DMH+0x00000008014c4840'

Classes redefined (0 events):
No events

Internal exceptions (20 events):
Event: 5.687 Thread 0x00000206aa862200 Exception <a 'java/lang/NoSuchMethodError'{0x00000000864e2748}: static Lorg/gradle/internal/build/event/types/AbstractTaskResult;.<clinit>()V> (0x00000000864e2748) 
thrown [./open/src/hotspot/share/prims/jni.cpp, line 1204]
Event: 5.697 Thread 0x00000206abf117f0 Exception <a 'java/lang/NoSuchMethodError'{0x00000000863c5bf0}: static Lcom/android/ide/common/attribution/AndroidGradlePluginAttributionData$BuildInfo;.<clinit>()V> (0x00000000863c5bf0) 
thrown [./open/src/hotspot/share/prims/jni.cpp, line 1204]
Event: 5.698 Thread 0x00000206abf117f0 Exception <a 'java/lang/NoSuchMethodError'{0x00000000863fa7a0}: static Lcom/android/ide/common/attribution/AndroidGradlePluginAttributionData$JavaInfo;.<clinit>()V> (0x00000000863fa7a0) 
thrown [./open/src/hotspot/share/prims/jni.cpp, line 1204]
Event: 5.700 Thread 0x00000206abf117f0 Exception <a 'java/lang/NoSuchMethodError'{0x0000000086248f40}: static [Ljava/lang/String;.<clinit>()V> (0x0000000086248f40) 
thrown [./open/src/hotspot/share/prims/jni.cpp, line 1204]
Event: 5.717 Thread 0x00000206aa862200 Exception <a 'java/lang/NoSuchMethodError'{0x00000000861e8bb8}: static Lorg/gradle/internal/build/event/types/DefaultTaskSkippedResult;.<clinit>()V> (0x00000000861e8bb8) 
thrown [./open/src/hotspot/share/prims/jni.cpp, line 1204]
Event: 5.961 Thread 0x00000206ac444060 Exception <a 'java/lang/NoSuchMethodError'{0x0000000089091250}: 'java.lang.Object java.lang.invoke.DirectMethodHandle$Holder.invokeSpecialIFC(java.lang.Object, java.lang.Object, java.lang.Object)'> (0x0000000089091250) 
thrown [./open/src/hotspot/share/interpreter/linkResolver.cpp, line 782]
Event: 5.961 Thread 0x00000206ac447080 Exception <a 'java/lang/NoSuchMethodError'{0x00000000890a4060}: 'java.lang.Object java.lang.invoke.DirectMethodHandle$Holder.invokeSpecialIFC(java.lang.Object, java.lang.Object, java.lang.Object)'> (0x00000000890a4060) 
thrown [./open/src/hotspot/share/interpreter/linkResolver.cpp, line 782]
Event: 5.961 Thread 0x00000206ac449bd0 Exception <a 'java/lang/NoSuchMethodError'{0x000000008902b108}: 'java.lang.Object java.lang.invoke.DirectMethodHandle$Holder.invokeSpecialIFC(java.lang.Object, java.lang.Object, java.lang.Object)'> (0x000000008902b108) 
thrown [./open/src/hotspot/share/interpreter/linkResolver.cpp, line 782]
Event: 5.962 Thread 0x00000206ac449230 Exception <a 'java/lang/NoSuchMethodError'{0x0000000089089350}: 'java.lang.Object java.lang.invoke.DirectMethodHandle$Holder.invokeSpecialIFC(java.lang.Object, java.lang.Object, java.lang.Object)'> (0x0000000089089350) 
thrown [./open/src/hotspot/share/interpreter/linkResolver.cpp, line 782]
Event: 5.962 Thread 0x00000206ac44a0a0 Exception <a 'java/lang/NoSuchMethodError'{0x000000008905a0c0}: 'java.lang.Object java.lang.invoke.DirectMethodHandle$Holder.invokeSpecialIFC(java.lang.Object, java.lang.Object, java.lang.Object)'> (0x000000008905a0c0) 
thrown [./open/src/hotspot/share/interpreter/linkResolver.cpp, line 782]
Event: 5.962 Thread 0x00000206ac445870 Exception <a 'java/lang/NoSuchMethodError'{0x0000000089075ca8}: 'java.lang.Object java.lang.invoke.DirectMethodHandle$Holder.invokeSpecialIFC(java.lang.Object, java.lang.Object, java.lang.Object)'> (0x0000000089075ca8) 
thrown [./open/src/hotspot/share/interpreter/linkResolver.cpp, line 782]
Event: 5.962 Thread 0x00000206ac447550 Exception <a 'java/lang/NoSuchMethodError'{0x00000000890b39c0}: 'java.lang.Object java.lang.invoke.DirectMethodHandle$Holder.invokeSpecialIFC(java.lang.Object, java.lang.Object, java.lang.Object)'> (0x00000000890b39c0) 
thrown [./open/src/hotspot/share/interpreter/linkResolver.cpp, line 782]
Event: 5.962 Thread 0x00000206ac445d40 Exception <a 'java/lang/NoSuchMethodError'{0x00000000890ab110}: 'java.lang.Object java.lang.invoke.DirectMethodHandle$Holder.invokeSpecialIFC(java.lang.Object, java.lang.Object, java.lang.Object)'> (0x00000000890ab110) 
thrown [./open/src/hotspot/share/interpreter/linkResolver.cpp, line 782]
Event: 5.961 Thread 0x00000206ac449700 Exception <a 'java/lang/NoSuchMethodError'{0x000000008909a3c0}: 'java.lang.Object java.lang.invoke.DirectMethodHandle$Holder.invokeSpecialIFC(java.lang.Object, java.lang.Object, java.lang.Object)'> (0x000000008909a3c0) 
thrown [./open/src/hotspot/share/interpreter/linkResolver.cpp, line 782]
Event: 5.961 Thread 0x00000206ac44a570 Exception <a 'java/lang/NoSuchMethodError'{0x000000008906fa80}: 'java.lang.Object java.lang.invoke.DirectMethodHandle$Holder.invokeSpecialIFC(java.lang.Object, java.lang.Object, java.lang.Object)'> (0x000000008906fa80) 
thrown [./open/src/hotspot/share/interpreter/linkResolver.cpp, line 782]
Event: 5.961 Thread 0x00000206ac44aa40 Exception <a 'java/lang/NoSuchMethodError'{0x0000000089080908}: 'java.lang.Object java.lang.invoke.DirectMethodHandle$Holder.invokeSpecialIFC(java.lang.Object, java.lang.Object, java.lang.Object)'> (0x0000000089080908) 
thrown [./open/src/hotspot/share/interpreter/linkResolver.cpp, line 782]
Event: 5.986 Thread 0x00000206ac445870 Exception <a 'java/lang/NoSuchMethodError'{0x00000000869552a8}: 'int java.lang.invoke.DirectMethodHandle$Holder.invokeStaticInit(java.lang.Object, java.lang.Object, java.lang.Object, java.lang.Object, java.lang.Object)'> (0x00000000869552a8) 
thrown [./open/src/hotspot/share/interpreter/linkResolver.cpp, line 782]
Event: 6.062 Thread 0x00000206ac44a570 Exception <a 'java/lang/NoSuchMethodError'{0x0000000089765fc8}: 'void java.lang.invoke.DirectMethodHandle$Holder.invokeVirtual(java.lang.Object, java.lang.Object)'> (0x0000000089765fc8) 
thrown [./open/src/hotspot/share/interpreter/linkResolver.cpp, line 782]
Event: 6.062 Thread 0x00000206ac449700 Exception <a 'java/lang/NoSuchMethodError'{0x00000000894bb798}: 'void java.lang.invoke.DirectMethodHandle$Holder.invokeVirtual(java.lang.Object, java.lang.Object)'> (0x00000000894bb798) 
thrown [./open/src/hotspot/share/interpreter/linkResolver.cpp, line 782]
Event: 6.224 Thread 0x00000206abf11320 Exception <a 'java/lang/IncompatibleClassChangeError'{0x000000008962b1f8}: Found class java.lang.Object, but interface was expected> (0x000000008962b1f8) 
thrown [./open/src/hotspot/share/interpreter/linkResolver.cpp, line 848]

Events (20 events):
Event: 7.677 Executing VM operation: HandshakeAllThreads
Event: 7.677 Executing VM operation: HandshakeAllThreads done
Event: 7.678 Thread 0x00000206a9168b90 flushing nmethod 0x0000020699968610
Event: 7.679 Thread 0x00000206a9168b90 flushing nmethod 0x0000020692212010
Event: 7.679 Thread 0x00000206a9168b90 flushing nmethod 0x000002069221aa90
Event: 7.680 Thread 0x00000206a9168b90 flushing nmethod 0x00000206923ffe10
Event: 7.680 Thread 0x00000206a9168b90 flushing nmethod 0x0000020692409d10
Event: 7.683 Thread 0x00000206a9168b90 flushing nmethod 0x00000206929be690
Event: 7.683 Thread 0x00000206a9168b90 flushing nmethod 0x00000206929c2d90
Event: 7.704 loading class java/util/stream/Nodes$IntFixedNodeBuilder
Event: 7.704 loading class java/util/stream/Node$Builder$OfInt
Event: 7.705 loading class java/util/stream/Node$Builder$OfInt done
Event: 7.705 loading class java/util/stream/Nodes$IntArrayNode
Event: 7.705 loading class java/util/stream/Nodes$IntArrayNode done
Event: 7.705 loading class java/util/stream/Nodes$IntFixedNodeBuilder done
Event: 7.720 loading class java/util/concurrent/ConcurrentLinkedDeque
Event: 7.720 loading class java/util/concurrent/ConcurrentLinkedDeque done
Event: 7.721 loading class java/util/concurrent/ConcurrentLinkedDeque$Node
Event: 7.721 loading class java/util/concurrent/ConcurrentLinkedDeque$Node done
Event: 7.724 Executing VM operation: G1CollectForAllocation


Dynamic libraries:
0x00007ff775c90000 - 0x00007ff775c9f000 	C:\Program Files\Java\jdk-15.0.2\bin\java.exe
0x00007ffe3c2c0000 - 0x00007ffe3c4c9000 	C:\WINDOWS\SYSTEM32\ntdll.dll
0x00007ffe3b630000 - 0x00007ffe3b6ed000 	C:\WINDOWS\System32\KERNEL32.DLL
0x00007ffe39ab0000 - 0x00007ffe39e24000 	C:\WINDOWS\System32\KERNELBASE.dll
0x00007ffe397b0000 - 0x00007ffe398c1000 	C:\WINDOWS\System32\ucrtbase.dll
0x00007ffe36a00000 - 0x00007ffe36a19000 	C:\Program Files\Java\jdk-15.0.2\bin\VCRUNTIME140.dll
0x00007ffe369e0000 - 0x00007ffe369f8000 	C:\Program Files\Java\jdk-15.0.2\bin\jli.dll
0x00007ffe3b030000 - 0x00007ffe3b0de000 	C:\WINDOWS\System32\ADVAPI32.dll
0x00007ffe3bf50000 - 0x00007ffe3bff3000 	C:\WINDOWS\System32\msvcrt.dll
0x00007ffe3b140000 - 0x00007ffe3b1de000 	C:\WINDOWS\System32\sechost.dll
0x00007ffe3c0f0000 - 0x00007ffe3c210000 	C:\WINDOWS\System32\RPCRT4.dll
0x00007ffe3b480000 - 0x00007ffe3b62c000 	C:\WINDOWS\System32\USER32.dll
0x00007ffe3a010000 - 0x00007ffe3a036000 	C:\WINDOWS\System32\win32u.dll
0x00007ffe1a9f0000 - 0x00007ffe1ac95000 	C:\WINDOWS\WinSxS\amd64_microsoft.windows.common-controls_6595b64144ccf1df_6.0.22000.120_none_9d947278b86cc467\COMCTL32.dll
0x00007ffe3b2f0000 - 0x00007ffe3b319000 	C:\WINDOWS\System32\GDI32.dll
0x00007ffe3a040000 - 0x00007ffe3a152000 	C:\WINDOWS\System32\gdi32full.dll
0x00007ffe398d0000 - 0x00007ffe3996d000 	C:\WINDOWS\System32\msvcp_win.dll
0x00007ffe34aa0000 - 0x00007ffe34aaa000 	C:\WINDOWS\SYSTEM32\VERSION.dll
0x00007ffe3a4f0000 - 0x00007ffe3a521000 	C:\WINDOWS\System32\IMM32.DLL
0x00007ffe369d0000 - 0x00007ffe369dc000 	C:\Program Files\Java\jdk-15.0.2\bin\vcruntime140_1.dll
0x00007ffe36930000 - 0x00007ffe369c1000 	C:\Program Files\Java\jdk-15.0.2\bin\msvcp140.dll
0x00007ffdc4b10000 - 0x00007ffdc566e000 	C:\Program Files\Java\jdk-15.0.2\bin\server\jvm.dll
0x00007ffe3a160000 - 0x00007ffe3a168000 	C:\WINDOWS\System32\PSAPI.DLL
0x00007ffe29d70000 - 0x00007ffe29d79000 	C:\WINDOWS\SYSTEM32\WSOCK32.dll
0x00007ffe2b380000 - 0x00007ffe2b3b3000 	C:\WINDOWS\SYSTEM32\WINMM.dll
0x00007ffe3bba0000 - 0x00007ffe3bc0f000 	C:\WINDOWS\System32\WS2_32.dll
0x00007ffe389a0000 - 0x00007ffe389b8000 	C:\WINDOWS\SYSTEM32\kernel.appcore.dll
0x00007ffe36920000 - 0x00007ffe3692a000 	C:\Program Files\Java\jdk-15.0.2\bin\jimage.dll
0x00007ffe281b0000 - 0x00007ffe283d1000 	C:\WINDOWS\SYSTEM32\DBGHELP.DLL
0x00007ffe25790000 - 0x00007ffe257c1000 	C:\WINDOWS\SYSTEM32\dbgcore.DLL
0x00007ffe39a30000 - 0x00007ffe39aaf000 	C:\WINDOWS\System32\bcryptPrimitives.dll
0x00007ffe368f0000 - 0x00007ffe36915000 	C:\Program Files\Java\jdk-15.0.2\bin\java.dll
0x00007ffe3a530000 - 0x00007ffe3acde000 	C:\WINDOWS\System32\SHELL32.dll
0x00007ffe37930000 - 0x00007ffe38197000 	C:\WINDOWS\SYSTEM32\windows.storage.dll
0x00007ffe3a170000 - 0x00007ffe3a4e8000 	C:\WINDOWS\System32\combase.dll
0x00007ffe377c0000 - 0x00007ffe37926000 	C:\WINDOWS\SYSTEM32\wintypes.dll
0x00007ffe3b320000 - 0x00007ffe3b40a000 	C:\WINDOWS\System32\SHCORE.dll
0x00007ffe3b200000 - 0x00007ffe3b25d000 	C:\WINDOWS\System32\shlwapi.dll
0x00007ffe396e0000 - 0x00007ffe39701000 	C:\WINDOWS\SYSTEM32\profapi.dll
0x00007ffe368d0000 - 0x00007ffe368e9000 	C:\Program Files\Java\jdk-15.0.2\bin\net.dll
0x00007ffe34900000 - 0x00007ffe34a0c000 	C:\WINDOWS\SYSTEM32\WINHTTP.dll
0x00007ffe38dd0000 - 0x00007ffe38e37000 	C:\WINDOWS\system32\mswsock.dll
0x00007ffe368b0000 - 0x00007ffe368c2000 	C:\Program Files\Java\jdk-15.0.2\bin\nio.dll
0x00007ffe36890000 - 0x00007ffe368a8000 	C:\Program Files\Java\jdk-15.0.2\bin\zip.dll
0x00007ffe36750000 - 0x00007ffe36760000 	C:\Program Files\Java\jdk-15.0.2\bin\verify.dll
0x00007ffe355a0000 - 0x00007ffe355c7000 	D:\aa\native\8bec1ad78214c89d9ad589b4d07fe93259594b29d510b10fafb7a158f7737e5d\windows-amd64\native-platform.dll
0x00007ffe24220000 - 0x00007ffe2435d000 	D:\aa\native\53dbd7edfb1c66fb8903c78663c9afc45aea4f116125fa6feffd364cf09443e8\windows-amd64\native-platform-file-events.dll
0x00007ffe36740000 - 0x00007ffe36749000 	C:\Program Files\Java\jdk-15.0.2\bin\management.dll
0x00007ffe36730000 - 0x00007ffe3673b000 	C:\Program Files\Java\jdk-15.0.2\bin\management_ext.dll
0x00007ffe39010000 - 0x00007ffe39028000 	C:\WINDOWS\SYSTEM32\CRYPTSP.dll
0x00007ffe38900000 - 0x00007ffe38935000 	C:\WINDOWS\system32\rsaenh.dll
0x00007ffe38ec0000 - 0x00007ffe38ee9000 	C:\WINDOWS\SYSTEM32\USERENV.dll
0x00007ffe39190000 - 0x00007ffe391b7000 	C:\WINDOWS\SYSTEM32\bcrypt.dll
0x00007ffe39030000 - 0x00007ffe3903c000 	C:\WINDOWS\SYSTEM32\CRYPTBASE.dll
0x00007ffe384d0000 - 0x00007ffe384fd000 	C:\WINDOWS\SYSTEM32\IPHLPAPI.DLL
0x00007ffe3c210000 - 0x00007ffe3c219000 	C:\WINDOWS\System32\NSI.dll
0x00007ffe34740000 - 0x00007ffe34759000 	C:\WINDOWS\SYSTEM32\dhcpcsvc6.DLL
0x00007ffe34c40000 - 0x00007ffe34c5e000 	C:\WINDOWS\SYSTEM32\dhcpcsvc.DLL
0x00007ffe38500000 - 0x00007ffe385e7000 	C:\WINDOWS\SYSTEM32\DNSAPI.dll

dbghelp: loaded successfully - version: 4.0.5 - missing functions: none
symbol engine: initialized successfully - sym options: 0x614 - pdb path: .;C:\Program Files\Java\jdk-15.0.2\bin;C:\WINDOWS\SYSTEM32;C:\WINDOWS\WinSxS\amd64_microsoft.windows.common-controls_6595b64144ccf1df_6.0.22000.120_none_9d947278b86cc467;C:\Program Files\Java\jdk-15.0.2\bin\server;D:\aa\native\8bec1ad78214c89d9ad589b4d07fe93259594b29d510b10fafb7a158f7737e5d\windows-amd64;D:\aa\native\53dbd7edfb1c66fb8903c78663c9afc45aea4f116125fa6feffd364cf09443e8\windows-amd64

VM Arguments:
jvm_args: --add-opens=java.base/java.util=ALL-UNNAMED --add-opens=java.base/java.lang=ALL-UNNAMED --add-opens=java.base/java.lang.invoke=ALL-UNNAMED --add-opens=java.base/java.util=ALL-UNNAMED --add-opens=java.prefs/java.util.prefs=ALL-UNNAMED --add-opens=java.prefs/java.util.prefs=ALL-UNNAMED --add-opens=java.base/java.nio.charset=ALL-UNNAMED --add-opens=java.base/java.net=ALL-UNNAMED --add-opens=java.base/java.util.concurrent.atomic=ALL-UNNAMED -Xmx2048m -Dfile.encoding=UTF-8 -Duser.country=IN -Duser.language=en -Duser.variant 
java_command: org.gradle.launcher.daemon.bootstrap.GradleDaemon 7.0.2
java_class_path (initial): D:\aa\wrapper\dists\gradle-7.0.2-bin\857tjihv64xamwrf0h14cai3r\gradle-7.0.2\lib\gradle-launcher-7.0.2.jar
Launcher Type: SUN_STANDARD

[Global flags]
     intx CICompilerCount                          = 4                                         {product} {ergonomic}
     uint ConcGCThreads                            = 3                                         {product} {ergonomic}
     uint G1ConcRefinementThreads                  = 10                                        {product} {ergonomic}
   size_t G1HeapRegionSize                         = 1048576                                   {product} {ergonomic}
    uintx GCDrainStackTargetSize                   = 64                                        {product} {ergonomic}
   size_t InitialHeapSize                          = 266338304                                 {product} {ergonomic}
   size_t MarkStackSize                            = 4194304                                   {product} {ergonomic}
   size_t MaxHeapSize                              = 2147483648                                {product} {command line}
   size_t MaxNewSize                               = 1287651328                                {product} {ergonomic}
   size_t MinHeapDeltaBytes                        = 1048576                                   {product} {ergonomic}
   size_t MinHeapSize                              = 8388608                                   {product} {ergonomic}
    uintx NonNMethodCodeHeapSize                   = 5839372                                {pd product} {ergonomic}
    uintx NonProfiledCodeHeapSize                  = 122909434                              {pd product} {ergonomic}
    uintx ProfiledCodeHeapSize                     = 122909434                              {pd product} {ergonomic}
    uintx ReservedCodeCacheSize                    = 251658240                              {pd product} {ergonomic}
     bool SegmentedCodeCache                       = true                                      {product} {ergonomic}
   size_t SoftMaxHeapSize                          = 2147483648                             {manageable} {ergonomic}
     bool UseCompressedClassPointers               = true                                 {lp64_product} {ergonomic}
     bool UseCompressedOops                        = true                                 {lp64_product} {ergonomic}
     bool UseG1GC                                  = true                                      {product} {ergonomic}
     bool UseLargePagesIndividualAllocation        = false                                  {pd product} {ergonomic}

Logging:
Log output configuration:
 #0: stdout all=warning uptime,level,tags
 #1: stderr all=off uptime,level,tags

Environment Variables:
JAVA_HOME=C:\Program Files\Java\jdk-15.0.2
PATH=C:\MinGW;C:\MinGW\bin;C:\Program Files\Java\jdk-15.0.2\bin;C:\Program Files\Common Files\Oracle\Java\javapath;C:\Windows\system32;C:\Windows;C:\Windows\System32\Wbem;C:\Windows\System32\WindowsPowerShell\v1.0\;C:\Windows\System32\OpenSSH\;C:\Program Files (x86)\NVIDIA Corporation\PhysX\Common;C:\Program Files\NVIDIA Corporation\NVIDIA NvDLISR;C:\WINDOWS\system32;C:\WINDOWS;C:\WINDOWS\System32\Wbem;C:\WINDOWS\System32\WindowsPowerShell\v1.0\;C:\WINDOWS\System32\OpenSSH\;C:\Program Files\Git\cmd;C:\Program Files\dotnet\;C:\Users\Deepak\Desktop\gradle1\gradle-7.0.1\bin;C:\Users\Deepak\Desktop\gradle1\gradle-7.0.1;C:\Program Files\nodejs;C:\Program Files\Google\Google Apps Sync\;C:\Program Files\Google\Google Apps Migration\;C:\Program Files\Microsoft SQL Server\150\Tools\Binn\;C:\Program Files\Microsoft SQL Server\Client SDK\ODBC\170\Tools\Binn\;C:\Program Files\MySQL\MySQL Router 8.0\bin;C:\Program Files (x86)\Microsoft SQL Server\150\Tools\Binn\;C:\Program Files\Microsoft SQL Server\150\DTS\Binn\;C:\Program Files (x86)\Microsoft SQL Server\150\DTS\Binn\;C:\Program Files\Azure Data Studio\bin;C:\Users\Deepak\anaconda3;C:\Users\Deepak\anaconda3\Library\mingw-w64\bin;C:\Users\Deepak\anaconda3\Library\usr\bin;C:\Users\Deepak\anaconda3\Library\bin;C:\Users\Deepak\anaconda3\Scripts;C:\Program Files\MySQL\MySQL Shell 8.0\bin\;C:\src\flutter\flutter\bin;C:\Users\Deepak\AppData\Local\Programs\Python\Python39\Scripts\;C:\Users\Deepak\AppData\Local\Programs\Python\Python39\;C:\Program Files\Java\jdk-15.0.2\bin;C:\Program Files\JetBrains\IntelliJ IDEA 2020.3.2\bin;;C:\Users\Deepak\AppData\Local\Microsoft\WindowsApps;C:\Users\Deepak\AppData\Local\Programs\Microsoft VS Code\bin;C:\Users\Deepak\AppData\Local\Programs\radare2\bin;C:\Modeltech_eval_6.2c\win32;C:\Modeltech_6.2c\win32;C:\Program Files\JetBrains\IntelliJ IDEA Community Edition 2021.1.2\bin;;C:\Program Files\JetBrains\PyCharm Community Edition 2021.1.2\bin;;C:\Users\Deepak\AppData\Roaming\npm;C:\Users\Deepak\AppData\Lo
USERNAME=Deepak
OS=Windows_NT
PROCESSOR_IDENTIFIER=Intel64 Family 6 Model 158 Stepping 10, GenuineIntel



---------------  S Y S T E M  ---------------

OS:
 Windows 10 , 64 bit Build 22000 (10.0.22000.434)
OS uptime: 1 days 19:46 hours

CPU: total 12 (initial active 12) (6 cores per cpu, 2 threads per core) family 6 model 158 stepping 10 microcode 0xde, cmov, cx8, fxsr, mmx, sse, sse2, sse3, ssse3, sse4.1, sse4.2, popcnt, vzeroupper, avx, avx2, aes, clmul, erms, 3dnowpref, lzcnt, ht, tsc, tscinvbit, bmi1, bmi2, adx, fma, clflush, clflushopt

Memory: 4k page, system-wide physical 16225M (2557M free)
TotalPageFile size 16225M (AvailPageFile size 30M)
current process WorkingSet (physical memory assigned to process): 410M, peak: 413M
current process commit charge ("private bytes"): 456M, peak: 489M

vm_info: Java HotSpot(TM) 64-Bit Server VM (15.0.2+7-27) for windows-amd64 JRE (15.0.2+7-27), built on Dec  7 2020 20:07:01 by "mach5one" with unknown MS VC++:1925

END.
