#
# There is insufficient memory for the Java Runtime Environment to continue.
# Native memory allocation (mmap) failed to map 113246208 bytes for Failed to commit area from 0x0000000094d00000 to 0x000000009b900000 of length 113246208.
# Possible reasons:
#   The system is out of physical RAM or swap space
#   The process is running with CompressedOops enabled, and the Java Heap may be blocking the growth of the native heap
# Possible solutions:
#   Reduce memory load on the system
#   Increase physical memory or swap space
#   Check if swap backing store is full
#   Decrease Java heap size (-Xmx/-Xms)
#   Decrease number of Java threads
#   Decrease Java thread stack sizes (-Xss)
#   Set larger code cache with -XX:ReservedCodeCacheSize=
#   JVM is running with Unscaled Compressed Oops mode in which the Java heap is
#     placed in the first 4GB address space. The Java Heap base address is the
#     maximum limit for the native heap growth. Please use -XX:HeapBaseMinAddress
#     to set the Java Heap base and to place the Java Heap above 4GB virtual address.
# This output file may be truncated or incomplete.
#
#  Out of Memory Error (./src/hotspot/os/windows/os_windows.cpp:3301), pid=1296, tid=13736
#
# JRE version: OpenJDK Runtime Environment (11.0.10) (build 11.0.10+0-b96-7249189)
# Java VM: OpenJDK 64-Bit Server VM (11.0.10+0-b96-7249189, mixed mode, tiered, compressed oops, g1 gc, windows-amd64)
# No core dump will be written. Minidumps are not enabled by default on client versions of Windows
#

---------------  S U M M A R Y ------------

Command Line: --add-opens=java.base/java.util=ALL-UNNAMED --add-opens=java.base/java.lang=ALL-UNNAMED --add-opens=java.base/java.lang.invoke=ALL-UNNAMED --add-opens=java.base/java.util=ALL-UNNAMED --add-opens=java.prefs/java.util.prefs=ALL-UNNAMED --add-opens=java.prefs/java.util.prefs=ALL-UNNAMED --add-opens=java.base/java.nio.charset=ALL-UNNAMED --add-opens=java.base/java.net=ALL-UNNAMED --add-opens=java.base/java.util.concurrent.atomic=ALL-UNNAMED -Xmx2048m -Dfile.encoding=UTF-8 -Duser.country=IN -Duser.language=en -Duser.variant org.gradle.launcher.daemon.bootstrap.GradleDaemon 7.0.2

Host: Intel(R) Core(TM) i7-9750H CPU @ 2.60GHz, 12 cores, 15G,  Windows 10 , 64 bit Build 22000 (10.0.22000.434)
Time: Sun Jan 30 17:17:59 2022 India Standard Time elapsed time: 9.314088 seconds (0d 0h 0m 9s)

---------------  T H R E A D  ---------------

Current thread (0x000002486b61c000):  VMThread "VM Thread" [stack: 0x0000008492700000,0x0000008492800000] [id=13736]

Stack: [0x0000008492700000,0x0000008492800000]
[error occurred during error reporting (printing stack bounds), id 0xc0000005, EXCEPTION_ACCESS_VIOLATION (0xc0000005) at pc=0x0000024853820f2d]

Native frames: (J=compiled Java code, j=interpreted, Vv=VM code, C=native code)
V  [jvm.dll+0x5ecfaa]
V  [jvm.dll+0x722bd5]
V  [jvm.dll+0x72412d]
V  [jvm.dll+0x724745]
V  [jvm.dll+0x7246fb]
V  [jvm.dll+0x5ec348]
V  [jvm.dll+0x5ecad8]
C  [ntdll.dll+0xa82ff]
C  [ntdll.dll+0x35a0a]
C  [ntdll.dll+0xa730e]
C  0x0000024853820f2d

VM_Operation (0x00000084959fd220): G1CollectForAllocation, mode: safepoint, requested by thread 0x000002486f56f800


---------------  P R O C E S S  ---------------

Threads class SMR info:
_java_thread_list=0x00000248717b7f60, length=100, elements={
0x000002484e541800, 0x000002486b620800, 0x000002486b62c000, 0x000002486b67f800,
0x000002486b680800, 0x000002486b681800, 0x000002486b684000, 0x000002486b68d000,
0x000002486b695000, 0x000002486b7f0000, 0x000002486c7bb000, 0x000002486ea66800,
0x000002486b956000, 0x000002486c24a000, 0x000002486e84a800, 0x000002486d878800,
0x000002486d796000, 0x000002486db27800, 0x000002486db28000, 0x000002486e979000,
0x000002486da75800, 0x000002486da76800, 0x000002486da74800, 0x000002486da74000,
0x000002486da78000, 0x000002486da77000, 0x000002486da79000, 0x000002486da79800,
0x000002486da7a800, 0x000002486f160000, 0x000002486f56b800, 0x000002486f569000,
0x000002486f56a800, 0x000002486f565800, 0x000002486f56c000, 0x000002486f56d000,
0x000002486f568000, 0x000002486f574800, 0x000002486f56f800, 0x000002486f573800,
0x000002486f56e800, 0x000002486f570800, 0x000002486f572000, 0x000002486f572800,
0x000002486f571000, 0x000002486f165000, 0x000002486f165800, 0x000002486f162800,
0x000002486f161800, 0x000002486f161000, 0x000002486f166800, 0x000002486f169000,
0x000002486f163000, 0x000002486f167800, 0x000002486f168000, 0x000002486f16a000,
0x000002486f164000, 0x000002486f16d000, 0x000002486f16c000, 0x000002486f16a800,
0x000002486f16e000, 0x000002486f16e800, 0x000002486f16f800, 0x0000024873b82000,
0x0000024873b82800, 0x0000024873b7e800, 0x0000024873b83800, 0x0000024873b7f800,
0x0000024873b7d800, 0x0000024873b81000, 0x0000024873b84000, 0x0000024873b85000,
0x0000024873b80000, 0x0000024873b8b800, 0x0000024873b87800, 0x0000024873b89000,
0x0000024873b86000, 0x0000024873b8b000, 0x0000024873b8c800, 0x0000024873b8a000,
0x0000024873b88800, 0x0000024873b86800, 0x000002486bd91800, 0x000002486bd90800,
0x000002486bd8e000, 0x000002486bd8f000, 0x000002486bd8d800, 0x000002486bd93000,
0x000002486bd94000, 0x000002486bd94800, 0x000002486bd95800, 0x000002486bd90000,
0x000002486bd96800, 0x000002486bd97000, 0x000002486bd98000, 0x000002486bd92000,
0x000002486bd99800, 0x000002486bd99000, 0x000002486bd9a800, 0x000002486bd9b000
}

Java Threads: ( => current thread )
  0x000002484e541800 JavaThread "main" [_thread_blocked, id=7892, stack(0x0000008492100000,0x0000008492200000)]
  0x000002486b620800 JavaThread "Reference Handler" daemon [_thread_blocked, id=18596, stack(0x0000008492800000,0x0000008492900000)]
  0x000002486b62c000 JavaThread "Finalizer" daemon [_thread_blocked, id=8520, stack(0x0000008492900000,0x0000008492a00000)]
  0x000002486b67f800 JavaThread "Signal Dispatcher" daemon [_thread_blocked, id=7396, stack(0x0000008492a00000,0x0000008492b00000)]
  0x000002486b680800 JavaThread "Attach Listener" daemon [_thread_blocked, id=12792, stack(0x0000008492b00000,0x0000008492c00000)]
  0x000002486b681800 JavaThread "Service Thread" daemon [_thread_blocked, id=6392, stack(0x0000008492c00000,0x0000008492d00000)]
  0x000002486b684000 JavaThread "C2 CompilerThread0" daemon [_thread_blocked, id=18344, stack(0x0000008492d00000,0x0000008492e00000)]
  0x000002486b68d000 JavaThread "C1 CompilerThread0" daemon [_thread_blocked, id=15304, stack(0x0000008492e00000,0x0000008492f00000)]
  0x000002486b695000 JavaThread "Sweeper thread" daemon [_thread_blocked, id=18572, stack(0x0000008492f00000,0x0000008493000000)]
  0x000002486b7f0000 JavaThread "Common-Cleaner" daemon [_thread_blocked, id=13964, stack(0x0000008493000000,0x0000008493100000)]
  0x000002486c7bb000 JavaThread "Daemon health stats" [_thread_blocked, id=13652, stack(0x0000008493900000,0x0000008493a00000)]
  0x000002486ea66800 JavaThread "Incoming local TCP Connector on port 59432" [_thread_in_native, id=19300, stack(0x0000008493200000,0x0000008493300000)]
  0x000002486b956000 JavaThread "Daemon periodic checks" [_thread_blocked, id=15072, stack(0x0000008493300000,0x0000008493400000)]
  0x000002486c24a000 JavaThread "Daemon" [_thread_blocked, id=9480, stack(0x0000008493a00000,0x0000008493b00000)]
  0x000002486e84a800 JavaThread "Handler for socket connection from /127.0.0.1:59432 to /127.0.0.1:59433" [_thread_in_native, id=5244, stack(0x0000008493b00000,0x0000008493c00000)]
  0x000002486d878800 JavaThread "Cancel handler" [_thread_blocked, id=3944, stack(0x0000008493c00000,0x0000008493d00000)]
  0x000002486d796000 JavaThread "C2 CompilerThread1" daemon [_thread_blocked, id=15172, stack(0x0000008493d00000,0x0000008493e00000)]
  0x000002486db27800 JavaThread "Daemon worker" [_thread_blocked, id=17204, stack(0x0000008493e00000,0x0000008493f00000)]
  0x000002486db28000 JavaThread "Asynchronous log dispatcher for DefaultDaemonConnection: socket connection from /127.0.0.1:59432 to /127.0.0.1:59433" [_thread_blocked, id=17176, stack(0x0000008493f00000,0x0000008494000000)]
  0x000002486e979000 JavaThread "Stdin handler" [_thread_blocked, id=14020, stack(0x0000008494000000,0x0000008494100000)]
  0x000002486da75800 JavaThread "Daemon client event forwarder" [_thread_blocked, id=9320, stack(0x0000008494100000,0x0000008494200000)]
  0x000002486da76800 JavaThread "Cache worker for file hash cache (D:\aa\caches\7.0.2\fileHashes)" [_thread_blocked, id=8176, stack(0x0000008494200000,0x0000008494300000)]
  0x000002486da74800 JavaThread "File lock request listener" [_thread_in_native, id=14540, stack(0x0000008494300000,0x0000008494400000)]
  0x000002486da74000 JavaThread "Cache worker for journal cache (D:\aa\caches\journal-1)" [_thread_blocked, id=7676, stack(0x0000008494a00000,0x0000008494b00000)]
  0x000002486da78000 JavaThread "Cache worker for file hash cache (D:\app_dev\QuizApp\.gradle\7.0.2\fileHashes)" [_thread_blocked, id=18388, stack(0x0000008494b00000,0x0000008494c00000)]
  0x000002486da77000 JavaThread "File watcher server" daemon [_thread_blocked, id=17564, stack(0x0000008494c00000,0x0000008494d00000)]
  0x000002486da79000 JavaThread "File watcher consumer" daemon [_thread_blocked, id=19928, stack(0x0000008494d00000,0x0000008494e00000)]
  0x000002486da79800 JavaThread "Cache worker for checksums cache (D:\app_dev\QuizApp\.gradle\checksums)" [_thread_blocked, id=17640, stack(0x0000008494e00000,0x0000008494f00000)]
  0x000002486da7a800 JavaThread "Cache worker for cache directory md-supplier (D:\aa\caches\7.0.2\md-supplier)" [_thread_blocked, id=14616, stack(0x0000008494f00000,0x0000008495000000)]
  0x000002486f160000 JavaThread "C2 CompilerThread2" daemon [_thread_in_native, id=1248, stack(0x0000008495000000,0x0000008495100000)]
  0x000002486f56b800 JavaThread "Cache worker for cache directory md-rule (D:\aa\caches\7.0.2\md-rule)" [_thread_blocked, id=15448, stack(0x0000008495100000,0x0000008495200000)]
  0x000002486f569000 JavaThread "Cache worker for execution history cache (D:\aa\caches\7.0.2\executionHistory)" [_thread_blocked, id=15104, stack(0x0000008495200000,0x0000008495300000)]
  0x000002486f56a800 JavaThread "jar transforms" [_thread_blocked, id=3332, stack(0x0000008495300000,0x0000008495400000)]
  0x000002486f565800 JavaThread "jar transforms Thread 2" [_thread_blocked, id=10968, stack(0x0000008495400000,0x0000008495500000)]
  0x000002486f56c000 JavaThread "Cache worker for file content cache (D:\aa\caches\7.0.2\fileContent)" [_thread_blocked, id=5916, stack(0x0000008495500000,0x0000008495600000)]
  0x000002486f56d000 JavaThread "Cache worker for dependencies-accessors (D:\app_dev\QuizApp\.gradle\7.0.2\dependencies-accessors)" [_thread_blocked, id=13428, stack(0x0000008495600000,0x0000008495700000)]
  0x000002486f568000 JavaThread "jar transforms Thread 3" [_thread_blocked, id=20424, stack(0x0000008495700000,0x0000008495800000)]
  0x000002486f574800 JavaThread "Cache worker for Build Output Cleanup Cache (D:\app_dev\QuizApp\.gradle\buildOutputCleanup)" [_thread_blocked, id=3512, stack(0x0000008495800000,0x0000008495900000)]
  0x000002486f56f800 JavaThread "Build operations" [_thread_blocked, id=7284, stack(0x0000008495900000,0x0000008495a00000)]
  0x000002486f573800 JavaThread "Build operations Thread 2" [_thread_blocked, id=16284, stack(0x0000008495a00000,0x0000008495b00000)]
  0x000002486f56e800 JavaThread "Build operations Thread 3" [_thread_blocked, id=5148, stack(0x0000008495b00000,0x0000008495c00000)]
  0x000002486f570800 JavaThread "Build operations Thread 4" [_thread_blocked, id=4492, stack(0x0000008495c00000,0x0000008495d00000)]
  0x000002486f572000 JavaThread "Build operations Thread 5" [_thread_blocked, id=16752, stack(0x0000008495d00000,0x0000008495e00000)]
  0x000002486f572800 JavaThread "Build operations Thread 6" [_thread_blocked, id=12336, stack(0x0000008495e00000,0x0000008495f00000)]
  0x000002486f571000 JavaThread "Build operations Thread 7" [_thread_blocked, id=9240, stack(0x0000008495f00000,0x0000008496000000)]
  0x000002486f165000 JavaThread "Build operations Thread 8" [_thread_blocked, id=10492, stack(0x0000008496000000,0x0000008496100000)]
  0x000002486f165800 JavaThread "Build operations Thread 9" [_thread_blocked, id=20372, stack(0x0000008496100000,0x0000008496200000)]
  0x000002486f162800 JavaThread "Build operations Thread 10" [_thread_blocked, id=12540, stack(0x0000008496200000,0x0000008496300000)]
  0x000002486f161800 JavaThread "Build operations Thread 11" [_thread_blocked, id=15444, stack(0x0000008496300000,0x0000008496400000)]
  0x000002486f161000 JavaThread "Build operations Thread 12" [_thread_blocked, id=15632, stack(0x0000008496400000,0x0000008496500000)]
  0x000002486f166800 JavaThread "jar transforms Thread 4" [_thread_blocked, id=15988, stack(0x0000008496500000,0x0000008496600000)]
  0x000002486f169000 JavaThread "jar transforms Thread 5" [_thread_blocked, id=11008, stack(0x0000008496600000,0x0000008496700000)]
  0x000002486f163000 JavaThread "jar transforms Thread 6" [_thread_blocked, id=2840, stack(0x0000008496700000,0x0000008496800000)]
  0x000002486f167800 JavaThread "jar transforms Thread 7" [_thread_blocked, id=9748, stack(0x0000008496800000,0x0000008496900000)]
  0x000002486f168000 JavaThread "jar transforms Thread 8" [_thread_blocked, id=11080, stack(0x0000008496900000,0x0000008496a00000)]
  0x000002486f16a000 JavaThread "jar transforms Thread 9" [_thread_blocked, id=18864, stack(0x0000008496a00000,0x0000008496b00000)]
  0x000002486f164000 JavaThread "jar transforms Thread 10" [_thread_blocked, id=7976, stack(0x0000008496b00000,0x0000008496c00000)]
  0x000002486f16d000 JavaThread "jar transforms Thread 11" [_thread_blocked, id=17536, stack(0x0000008496c00000,0x0000008496d00000)]
  0x000002486f16c000 JavaThread "jar transforms Thread 12" [_thread_blocked, id=20188, stack(0x0000008496d00000,0x0000008496e00000)]
  0x000002486f16a800 JavaThread "Memory manager" [_thread_blocked, id=17708, stack(0x0000008496e00000,0x0000008496f00000)]
  0x000002486f16e000 JavaThread "build event listener" [_thread_blocked, id=13752, stack(0x0000008496f00000,0x0000008497000000)]
  0x000002486f16e800 JavaThread "pool-3-thread-1" [_thread_blocked, id=17804, stack(0x0000008497000000,0x0000008497100000)]
  0x000002486f16f800 JavaThread "build event listener" [_thread_blocked, id=9020, stack(0x0000008497100000,0x0000008497200000)]
  0x0000024873b82000 JavaThread "Execution worker for ':'" [_thread_blocked, id=9548, stack(0x0000008497200000,0x0000008497300000)]
  0x0000024873b82800 JavaThread "Execution worker for ':' Thread 2" [_thread_blocked, id=12768, stack(0x0000008497300000,0x0000008497400000)]
  0x0000024873b7e800 JavaThread "Execution worker for ':' Thread 3" [_thread_blocked, id=1208, stack(0x0000008497400000,0x0000008497500000)]
  0x0000024873b83800 JavaThread "Execution worker for ':' Thread 4" [_thread_blocked, id=10024, stack(0x0000008497500000,0x0000008497600000)]
  0x0000024873b7f800 JavaThread "Execution worker for ':' Thread 5" [_thread_blocked, id=17944, stack(0x0000008497600000,0x0000008497700000)]
  0x0000024873b7d800 JavaThread "Execution worker for ':' Thread 6" [_thread_blocked, id=11424, stack(0x0000008497700000,0x0000008497800000)]
  0x0000024873b81000 JavaThread "Execution worker for ':' Thread 7" [_thread_blocked, id=8416, stack(0x0000008497800000,0x0000008497900000)]
  0x0000024873b84000 JavaThread "Execution worker for ':' Thread 8" [_thread_blocked, id=12832, stack(0x0000008497900000,0x0000008497a00000)]
  0x0000024873b85000 JavaThread "Execution worker for ':' Thread 9" [_thread_blocked, id=14268, stack(0x0000008497a00000,0x0000008497b00000)]
  0x0000024873b80000 JavaThread "Execution worker for ':' Thread 10" [_thread_blocked, id=15920, stack(0x0000008497b00000,0x0000008497c00000)]
  0x0000024873b8b800 JavaThread "Execution worker for ':' Thread 11" [_thread_blocked, id=2388, stack(0x0000008497c00000,0x0000008497d00000)]
  0x0000024873b87800 JavaThread "Cache worker for execution history cache (D:\app_dev\QuizApp\.gradle\7.0.2\executionHistory)" [_thread_blocked, id=14340, stack(0x0000008497d00000,0x0000008497e00000)]
  0x0000024873b89000 JavaThread "WorkerExecutor Queue" [_thread_blocked, id=11112, stack(0x0000008497e00000,0x0000008497f00000)]
  0x0000024873b86000 JavaThread "WorkerExecutor Queue Thread 2" [_thread_blocked, id=12860, stack(0x0000008497f00000,0x0000008498000000)]
  0x0000024873b8b000 JavaThread "WorkerExecutor Queue Thread 3" [_thread_blocked, id=11796, stack(0x0000008498000000,0x0000008498100000)]
  0x0000024873b8c800 JavaThread "WorkerExecutor Queue Thread 4" [_thread_blocked, id=6316, stack(0x0000008498100000,0x0000008498200000)]
  0x0000024873b8a000 JavaThread "WorkerExecutor Queue Thread 5" [_thread_blocked, id=13828, stack(0x0000008498200000,0x0000008498300000)]
  0x0000024873b88800 JavaThread "WorkerExecutor Queue Thread 6" [_thread_blocked, id=15560, stack(0x0000008498300000,0x0000008498400000)]
  0x0000024873b86800 JavaThread "WorkerExecutor Queue Thread 7" [_thread_blocked, id=6796, stack(0x0000008498400000,0x0000008498500000)]
  0x000002486bd91800 JavaThread "WorkerExecutor Queue Thread 8" [_thread_blocked, id=4928, stack(0x0000008498500000,0x0000008498600000)]
  0x000002486bd90800 JavaThread "WorkerExecutor Queue Thread 9" [_thread_blocked, id=11952, stack(0x0000008498600000,0x0000008498700000)]
  0x000002486bd8e000 JavaThread "WorkerExecutor Queue Thread 10" [_thread_blocked, id=16552, stack(0x0000008498700000,0x0000008498800000)]
  0x000002486bd8f000 JavaThread "WorkerExecutor Queue Thread 11" [_thread_blocked, id=20060, stack(0x0000008498800000,0x0000008498900000)]
  0x000002486bd8d800 JavaThread "WorkerExecutor Queue Thread 12" [_thread_blocked, id=13084, stack(0x0000008498900000,0x0000008498a00000)]
  0x000002486bd93000 JavaThread "WorkerExecutor Queue Thread 13" [_thread_blocked, id=15548, stack(0x0000008498a00000,0x0000008498b00000)]
  0x000002486bd94000 JavaThread "ForkJoinPool-1-worker-19" daemon [_thread_blocked, id=12444, stack(0x0000008498f00000,0x0000008499000000)]
  0x000002486bd94800 JavaThread "ForkJoinPool-1-worker-5" daemon [_thread_blocked, id=5624, stack(0x0000008499000000,0x0000008499100000)]
  0x000002486bd95800 JavaThread "ForkJoinPool-1-worker-23" daemon [_thread_blocked, id=17800, stack(0x0000008499100000,0x0000008499200000)]
  0x000002486bd90000 JavaThread "ForkJoinPool-1-worker-27" daemon [_thread_blocked, id=8328, stack(0x0000008499200000,0x0000008499300000)]
  0x000002486bd96800 JavaThread "ForkJoinPool-1-worker-13" daemon [_thread_blocked, id=18008, stack(0x0000008499300000,0x0000008499400000)]
  0x000002486bd97000 JavaThread "ForkJoinPool-1-worker-9" daemon [_thread_blocked, id=5656, stack(0x0000008499400000,0x0000008499500000)]
  0x000002486bd98000 JavaThread "ForkJoinPool-1-worker-31" daemon [_thread_blocked, id=20368, stack(0x0000008499500000,0x0000008499600000)]
  0x000002486bd92000 JavaThread "ForkJoinPool-1-worker-17" daemon [_thread_blocked, id=4944, stack(0x0000008499600000,0x0000008499700000)]
  0x000002486bd99800 JavaThread "ForkJoinPool-1-worker-3" daemon [_thread_blocked, id=11772, stack(0x0000008499700000,0x0000008499800000)]
  0x000002486bd99000 JavaThread "ForkJoinPool-1-worker-21" daemon [_thread_blocked, id=18892, stack(0x0000008499800000,0x0000008499900000)]
  0x000002486bd9a800 JavaThread "ForkJoinPool-1-worker-7" daemon [_thread_blocked, id=17260, stack(0x0000008499900000,0x0000008499a00000)]
  0x000002486bd9b000 JavaThread "ForkJoinPool-1-worker-25" daemon [_thread_blocked, id=5060, stack(0x0000008499a00000,0x0000008499b00000)]

Other Threads:
=>0x000002486b61c000 VMThread "VM Thread" [stack: 0x0000008492700000,0x0000008492800000] [id=13736]
  0x000002486b7f1800 WatcherThread [stack: 0x0000008493100000,0x0000008493200000] [id=15456]
  0x000002484e55a000 GCTaskThread "GC Thread#0" [stack: 0x0000008492200000,0x0000008492300000] [id=10016]
  0x000002486be50000 GCTaskThread "GC Thread#1" [stack: 0x0000008493400000,0x0000008493500000] [id=3676]
  0x000002486c674000 GCTaskThread "GC Thread#2" [stack: 0x0000008493500000,0x0000008493600000] [id=9916]
  0x000002486c4f8000 GCTaskThread "GC Thread#3" [stack: 0x0000008493600000,0x0000008493700000] [id=11564]
  0x000002486c4f9000 GCTaskThread "GC Thread#4" [stack: 0x0000008493700000,0x0000008493800000] [id=19064]
  0x000002486c540000 GCTaskThread "GC Thread#5" [stack: 0x0000008493800000,0x0000008493900000] [id=6416]
  0x000002486cd6c000 GCTaskThread "GC Thread#6" [stack: 0x0000008494400000,0x0000008494500000] [id=2544]
  0x000002486da36000 GCTaskThread "GC Thread#7" [stack: 0x0000008494500000,0x0000008494600000] [id=8312]
  0x000002486da28000 GCTaskThread "GC Thread#8" [stack: 0x0000008494600000,0x0000008494700000] [id=20472]
  0x000002486c6e4800 GCTaskThread "GC Thread#9" [stack: 0x0000008494700000,0x0000008494800000] [id=15608]
  0x000002484e58d800 ConcurrentGCThread "G1 Main Marker" [stack: 0x0000008492300000,0x0000008492400000] [id=2268]
  0x000002484e58f800 ConcurrentGCThread "G1 Conc#0" [stack: 0x0000008492400000,0x0000008492500000] [id=16424]
  0x000002486d71d800 ConcurrentGCThread "G1 Conc#1" [stack: 0x0000008494800000,0x0000008494900000] [id=18908]
  0x000002486c48f800 ConcurrentGCThread "G1 Conc#2" [stack: 0x0000008494900000,0x0000008494a00000] [id=10964]
  0x000002486ac6b800 ConcurrentGCThread "G1 Refine#0" [stack: 0x0000008492500000,0x0000008492600000] [id=20044]
  0x000002487410c000 ConcurrentGCThread "G1 Refine#1" [stack: 0x0000008498b00000,0x0000008498c00000] [id=20032]
  0x000002486d828000 ConcurrentGCThread "G1 Refine#2" [stack: 0x0000008498c00000,0x0000008498d00000] [id=1808]
  0x0000024873da4000 ConcurrentGCThread "G1 Refine#3" [stack: 0x0000008498d00000,0x0000008498e00000] [id=18216]
  0x0000024873da5000 ConcurrentGCThread "G1 Refine#4" [stack: 0x0000008498e00000,0x0000008498f00000] [id=12660]
  0x00000248777f6800 ConcurrentGCThread "G1 Refine#5" [stack: 0x0000008499b00000,0x0000008499c00000] [id=11900]
  0x0000024874369000 ConcurrentGCThread "G1 Refine#6" [stack: 0x0000008499c00000,0x0000008499d00000] [id=20084]
  0x000002487713b000 ConcurrentGCThread "G1 Refine#7" [stack: 0x0000008499d00000,0x0000008499e00000] [id=16496]
  0x000002486ac6c000 ConcurrentGCThread "G1 Young RemSet Sampling" [stack: 0x0000008492600000,0x0000008492700000] [id=10412]

Threads with active compile tasks:
C2 CompilerThread0   9327 12739       4       com.android.tools.r8.code.w1::a (4137 bytes)
C2 CompilerThread1   9327 13483   !   4       java.util.zip.InflaterInputStream::read (138 bytes)
C2 CompilerThread2   9327 12284 %     4       com.android.tools.r8.dex.j::a @ 315 (1038 bytes)

VM state:at safepoint (normal execution)

VM Mutex/Monitor currently owned by a thread:  ([mutex/lock_event])
[0x000002484e53e2e0] Threads_lock - owner thread: 0x000002486b61c000
[0x000002484e53e130] Heap_lock - owner thread: 0x000002486f56f800

Heap address: 0x0000000080000000, size: 2048 MB, Compressed Oops mode: 32-bit
Narrow klass base: 0x0000000000000000, Narrow klass shift: 3
Compressed class space size: 1073741824 Address: 0x0000000100000000

Heap:
 garbage-first heap   total 451584K, used 237782K [0x0000000080000000, 0x0000000100000000)
  region size 1024K, 6 young (6144K), 6 survivors (6144K)
 Metaspace       used 97184K, capacity 100011K, committed 103448K, reserved 1138688K
  class space    used 12725K, capacity 13813K, committed 15128K, reserved 1048576K
Heap Regions: E=young(eden), S=young(survivor), O=old, HS=humongous(starts), HC=humongous(continues), CS=collection set, F=free, A=archive, TAMS=top-at-mark-start (previous, next)
|   0|0x0000000080000000, 0x0000000080100000, 0x0000000080100000|100%| O|  |TAMS 0x0000000080100000, 0x0000000080100000| Untracked 
|   1|0x0000000080100000, 0x0000000080200000, 0x0000000080200000|100%| O|  |TAMS 0x0000000080200000, 0x0000000080200000| Untracked 
|   2|0x0000000080200000, 0x0000000080300000, 0x0000000080300000|100%| O|  |TAMS 0x0000000080300000, 0x0000000080300000| Untracked 
|   3|0x0000000080300000, 0x0000000080400000, 0x0000000080400000|100%|HS|  |TAMS 0x0000000080400000, 0x0000000080400000| Complete 
|   4|0x0000000080400000, 0x0000000080500000, 0x0000000080500000|100%|HC|  |TAMS 0x0000000080500000, 0x0000000080500000| Complete 
|   5|0x0000000080500000, 0x0000000080600000, 0x0000000080600000|100%|HC|  |TAMS 0x0000000080600000, 0x0000000080600000| Complete 
|   6|0x0000000080600000, 0x0000000080700000, 0x0000000080700000|100%| O|  |TAMS 0x0000000080700000, 0x0000000080700000| Untracked 
|   7|0x0000000080700000, 0x0000000080800000, 0x0000000080800000|100%| O|  |TAMS 0x0000000080800000, 0x0000000080800000| Untracked 
|   8|0x0000000080800000, 0x0000000080900000, 0x0000000080900000|100%| O|  |TAMS 0x0000000080900000, 0x0000000080900000| Untracked 
|   9|0x0000000080900000, 0x0000000080a00000, 0x0000000080a00000|100%| O|  |TAMS 0x0000000080a00000, 0x0000000080a00000| Untracked 
|  10|0x0000000080a00000, 0x0000000080b00000, 0x0000000080b00000|100%| O|  |TAMS 0x0000000080b00000, 0x0000000080b00000| Untracked 
|  11|0x0000000080b00000, 0x0000000080c00000, 0x0000000080c00000|100%| O|  |TAMS 0x0000000080c00000, 0x0000000080c00000| Untracked 
|  12|0x0000000080c00000, 0x0000000080d00000, 0x0000000080d00000|100%| O|  |TAMS 0x0000000080d00000, 0x0000000080d00000| Untracked 
|  13|0x0000000080d00000, 0x0000000080e00000, 0x0000000080e00000|100%| O|  |TAMS 0x0000000080e00000, 0x0000000080e00000| Untracked 
|  14|0x0000000080e00000, 0x0000000080f00000, 0x0000000080f00000|100%| O|  |TAMS 0x0000000080f00000, 0x0000000080f00000| Untracked 
|  15|0x0000000080f00000, 0x0000000081000000, 0x0000000081000000|100%| O|  |TAMS 0x0000000081000000, 0x0000000081000000| Untracked 
|  16|0x0000000081000000, 0x0000000081100000, 0x0000000081100000|100%|HS|  |TAMS 0x0000000081100000, 0x0000000081100000| Complete 
|  17|0x0000000081100000, 0x0000000081200000, 0x0000000081200000|100%|HS|  |TAMS 0x0000000081200000, 0x0000000081200000| Complete 
|  18|0x0000000081200000, 0x0000000081300000, 0x0000000081300000|100%|HS|  |TAMS 0x0000000081300000, 0x0000000081300000| Complete 
|  19|0x0000000081300000, 0x0000000081400000, 0x0000000081400000|100%|HC|  |TAMS 0x0000000081400000, 0x0000000081400000| Complete 
|  20|0x0000000081400000, 0x0000000081500000, 0x0000000081500000|100%| O|  |TAMS 0x0000000081500000, 0x0000000081500000| Untracked 
|  21|0x0000000081500000, 0x0000000081600000, 0x0000000081600000|100%| O|  |TAMS 0x0000000081600000, 0x0000000081600000| Untracked 
|  22|0x0000000081600000, 0x0000000081700000, 0x0000000081700000|100%| O|  |TAMS 0x0000000081700000, 0x0000000081700000| Untracked 
|  23|0x0000000081700000, 0x0000000081800000, 0x0000000081800000|100%| O|  |TAMS 0x0000000081800000, 0x0000000081800000| Untracked 
|  24|0x0000000081800000, 0x0000000081900000, 0x0000000081900000|100%| O|  |TAMS 0x0000000081900000, 0x0000000081900000| Untracked 
|  25|0x0000000081900000, 0x0000000081a00000, 0x0000000081a00000|100%| O|  |TAMS 0x0000000081a00000, 0x0000000081a00000| Untracked 
|  26|0x0000000081a00000, 0x0000000081b00000, 0x0000000081b00000|100%| O|  |TAMS 0x0000000081b00000, 0x0000000081b00000| Untracked 
|  27|0x0000000081b00000, 0x0000000081c00000, 0x0000000081c00000|100%| O|  |TAMS 0x0000000081c00000, 0x0000000081c00000| Untracked 
|  28|0x0000000081c00000, 0x0000000081d00000, 0x0000000081d00000|100%| O|  |TAMS 0x0000000081d00000, 0x0000000081d00000| Untracked 
|  29|0x0000000081d00000, 0x0000000081e00000, 0x0000000081e00000|100%| O|  |TAMS 0x0000000081e00000, 0x0000000081e00000| Untracked 
|  30|0x0000000081e00000, 0x0000000081f00000, 0x0000000081f00000|100%| O|  |TAMS 0x0000000081f00000, 0x0000000081f00000| Untracked 
|  31|0x0000000081f00000, 0x0000000082000000, 0x0000000082000000|100%| O|  |TAMS 0x0000000082000000, 0x0000000082000000| Untracked 
|  32|0x0000000082000000, 0x0000000082100000, 0x0000000082100000|100%| O|  |TAMS 0x0000000082100000, 0x0000000082100000| Untracked 
|  33|0x0000000082100000, 0x0000000082200000, 0x0000000082200000|100%| O|  |TAMS 0x0000000082200000, 0x0000000082200000| Untracked 
|  34|0x0000000082200000, 0x0000000082300000, 0x0000000082300000|100%| O|  |TAMS 0x0000000082300000, 0x0000000082300000| Untracked 
|  35|0x0000000082300000, 0x0000000082400000, 0x0000000082400000|100%| O|  |TAMS 0x0000000082400000, 0x0000000082400000| Untracked 
|  36|0x0000000082400000, 0x0000000082500000, 0x0000000082500000|100%| O|  |TAMS 0x0000000082500000, 0x0000000082500000| Untracked 
|  37|0x0000000082500000, 0x0000000082600000, 0x0000000082600000|100%| O|  |TAMS 0x0000000082600000, 0x0000000082600000| Untracked 
|  38|0x0000000082600000, 0x0000000082700000, 0x0000000082700000|100%| O|  |TAMS 0x0000000082700000, 0x0000000082700000| Untracked 
|  39|0x0000000082700000, 0x0000000082800000, 0x0000000082800000|100%| O|  |TAMS 0x0000000082800000, 0x0000000082800000| Untracked 
|  40|0x0000000082800000, 0x0000000082900000, 0x0000000082900000|100%| O|  |TAMS 0x0000000082900000, 0x0000000082900000| Untracked 
|  41|0x0000000082900000, 0x0000000082a00000, 0x0000000082a00000|100%| O|  |TAMS 0x0000000082a00000, 0x0000000082a00000| Untracked 
|  42|0x0000000082a00000, 0x0000000082b00000, 0x0000000082b00000|100%| O|  |TAMS 0x0000000082b00000, 0x0000000082b00000| Untracked 
|  43|0x0000000082b00000, 0x0000000082c00000, 0x0000000082c00000|100%| O|  |TAMS 0x0000000082c00000, 0x0000000082c00000| Untracked 
|  44|0x0000000082c00000, 0x0000000082d00000, 0x0000000082d00000|100%| O|  |TAMS 0x0000000082d00000, 0x0000000082d00000| Untracked 
|  45|0x0000000082d00000, 0x0000000082e00000, 0x0000000082e00000|100%| O|  |TAMS 0x0000000082e00000, 0x0000000082e00000| Untracked 
|  46|0x0000000082e00000, 0x0000000082f00000, 0x0000000082f00000|100%| O|  |TAMS 0x0000000082f00000, 0x0000000082f00000| Untracked 
|  47|0x0000000082f00000, 0x0000000083000000, 0x0000000083000000|100%| O|  |TAMS 0x0000000083000000, 0x0000000083000000| Untracked 
|  48|0x0000000083000000, 0x0000000083100000, 0x0000000083100000|100%| O|  |TAMS 0x0000000083100000, 0x0000000083100000| Untracked 
|  49|0x0000000083100000, 0x0000000083200000, 0x0000000083200000|100%| O|  |TAMS 0x0000000083200000, 0x0000000083200000| Untracked 
|  50|0x0000000083200000, 0x0000000083300000, 0x0000000083300000|100%| O|  |TAMS 0x0000000083300000, 0x0000000083300000| Untracked 
|  51|0x0000000083300000, 0x0000000083400000, 0x0000000083400000|100%| O|  |TAMS 0x0000000083400000, 0x0000000083400000| Untracked 
|  52|0x0000000083400000, 0x0000000083500000, 0x0000000083500000|100%| O|  |TAMS 0x0000000083500000, 0x0000000083500000| Untracked 
|  53|0x0000000083500000, 0x0000000083600000, 0x0000000083600000|100%| O|  |TAMS 0x0000000083600000, 0x0000000083600000| Untracked 
|  54|0x0000000083600000, 0x0000000083700000, 0x0000000083700000|100%| O|  |TAMS 0x0000000083700000, 0x0000000083700000| Untracked 
|  55|0x0000000083700000, 0x0000000083800000, 0x0000000083800000|100%| O|  |TAMS 0x0000000083800000, 0x0000000083800000| Untracked 
|  56|0x0000000083800000, 0x0000000083900000, 0x0000000083900000|100%| O|  |TAMS 0x0000000083900000, 0x0000000083900000| Untracked 
|  57|0x0000000083900000, 0x0000000083a00000, 0x0000000083a00000|100%| O|  |TAMS 0x0000000083a00000, 0x0000000083a00000| Untracked 
|  58|0x0000000083a00000, 0x0000000083b00000, 0x0000000083b00000|100%| O|  |TAMS 0x0000000083b00000, 0x0000000083b00000| Untracked 
|  59|0x0000000083b00000, 0x0000000083c00000, 0x0000000083c00000|100%| O|  |TAMS 0x0000000083c00000, 0x0000000083c00000| Untracked 
|  60|0x0000000083c00000, 0x0000000083d00000, 0x0000000083d00000|100%| O|  |TAMS 0x0000000083d00000, 0x0000000083d00000| Untracked 
|  61|0x0000000083d00000, 0x0000000083e00000, 0x0000000083e00000|100%| O|  |TAMS 0x0000000083e00000, 0x0000000083e00000| Untracked 
|  62|0x0000000083e00000, 0x0000000083f00000, 0x0000000083f00000|100%| O|  |TAMS 0x0000000083f00000, 0x0000000083f00000| Untracked 
|  63|0x0000000083f00000, 0x0000000084000000, 0x0000000084000000|100%| O|  |TAMS 0x0000000084000000, 0x0000000084000000| Untracked 
|  64|0x0000000084000000, 0x0000000084100000, 0x0000000084100000|100%| O|  |TAMS 0x0000000084100000, 0x0000000084100000| Untracked 
|  65|0x0000000084100000, 0x0000000084200000, 0x0000000084200000|100%| O|  |TAMS 0x0000000084200000, 0x0000000084200000| Untracked 
|  66|0x0000000084200000, 0x0000000084300000, 0x0000000084300000|100%|HS|  |TAMS 0x0000000084300000, 0x0000000084300000| Complete 
|  67|0x0000000084300000, 0x0000000084400000, 0x0000000084400000|100%|HC|  |TAMS 0x0000000084400000, 0x0000000084400000| Complete 
|  68|0x0000000084400000, 0x0000000084500000, 0x0000000084500000|100%|HS|  |TAMS 0x0000000084500000, 0x0000000084500000| Complete 
|  69|0x0000000084500000, 0x0000000084600000, 0x0000000084600000|100%|HS|  |TAMS 0x0000000084600000, 0x0000000084600000| Complete 
|  70|0x0000000084600000, 0x0000000084700000, 0x0000000084700000|100%|HS|  |TAMS 0x0000000084700000, 0x0000000084700000| Complete 
|  71|0x0000000084700000, 0x0000000084800000, 0x0000000084800000|100%|HS|  |TAMS 0x0000000084800000, 0x0000000084800000| Complete 
|  72|0x0000000084800000, 0x0000000084900000, 0x0000000084900000|100%|HC|  |TAMS 0x0000000084900000, 0x0000000084900000| Complete 
|  73|0x0000000084900000, 0x0000000084a00000, 0x0000000084a00000|100%|HS|  |TAMS 0x0000000084a00000, 0x0000000084a00000| Complete 
|  74|0x0000000084a00000, 0x0000000084b00000, 0x0000000084b00000|100%|HC|  |TAMS 0x0000000084b00000, 0x0000000084b00000| Complete 
|  75|0x0000000084b00000, 0x0000000084c00000, 0x0000000084c00000|100%|HC|  |TAMS 0x0000000084c00000, 0x0000000084c00000| Complete 
|  76|0x0000000084c00000, 0x0000000084d00000, 0x0000000084d00000|100%|HS|  |TAMS 0x0000000084d00000, 0x0000000084d00000| Complete 
|  77|0x0000000084d00000, 0x0000000084e00000, 0x0000000084e00000|100%|HS|  |TAMS 0x0000000084e00000, 0x0000000084e00000| Complete 
|  78|0x0000000084e00000, 0x0000000084f00000, 0x0000000084f00000|100%| O|  |TAMS 0x0000000084f00000, 0x0000000084f00000| Untracked 
|  79|0x0000000084f00000, 0x0000000085000000, 0x0000000085000000|100%| O|  |TAMS 0x0000000085000000, 0x0000000085000000| Untracked 
|  80|0x0000000085000000, 0x0000000085100000, 0x0000000085100000|100%| O|  |TAMS 0x0000000085100000, 0x0000000085100000| Untracked 
|  81|0x0000000085100000, 0x0000000085200000, 0x0000000085200000|100%| O|  |TAMS 0x0000000085200000, 0x0000000085200000| Untracked 
|  82|0x0000000085200000, 0x0000000085300000, 0x0000000085300000|100%|HS|  |TAMS 0x0000000085300000, 0x0000000085300000| Complete 
|  83|0x0000000085300000, 0x0000000085400000, 0x0000000085400000|100%|HC|  |TAMS 0x0000000085400000, 0x0000000085400000| Complete 
|  84|0x0000000085400000, 0x0000000085500000, 0x0000000085500000|100%| O|  |TAMS 0x0000000085500000, 0x0000000085500000| Untracked 
|  85|0x0000000085500000, 0x0000000085600000, 0x0000000085600000|100%|HS|  |TAMS 0x0000000085600000, 0x0000000085600000| Complete 
|  86|0x0000000085600000, 0x0000000085700000, 0x0000000085700000|100%| O|  |TAMS 0x0000000085700000, 0x0000000085700000| Untracked 
|  87|0x0000000085700000, 0x0000000085800000, 0x0000000085800000|100%|HS|  |TAMS 0x0000000085800000, 0x0000000085800000| Complete 
|  88|0x0000000085800000, 0x0000000085900000, 0x0000000085900000|100%| O|  |TAMS 0x0000000085900000, 0x0000000085900000| Untracked 
|  89|0x0000000085900000, 0x0000000085a00000, 0x0000000085a00000|100%|HS|  |TAMS 0x0000000085a00000, 0x0000000085a00000| Complete 
|  90|0x0000000085a00000, 0x0000000085b00000, 0x0000000085b00000|100%| O|  |TAMS 0x0000000085b00000, 0x0000000085b00000| Untracked 
|  91|0x0000000085b00000, 0x0000000085c00000, 0x0000000085c00000|100%| O|  |TAMS 0x0000000085c00000, 0x0000000085c00000| Untracked 
|  92|0x0000000085c00000, 0x0000000085d00000, 0x0000000085d00000|100%|HS|  |TAMS 0x0000000085d00000, 0x0000000085d00000| Complete 
|  93|0x0000000085d00000, 0x0000000085e00000, 0x0000000085e00000|100%|HC|  |TAMS 0x0000000085e00000, 0x0000000085e00000| Complete 
|  94|0x0000000085e00000, 0x0000000085f00000, 0x0000000085f00000|100%| O|  |TAMS 0x0000000085f00000, 0x0000000085f00000| Untracked 
|  95|0x0000000085f00000, 0x0000000086000000, 0x0000000086000000|100%| O|  |TAMS 0x0000000086000000, 0x0000000086000000| Untracked 
|  96|0x0000000086000000, 0x0000000086100000, 0x0000000086100000|100%| O|  |TAMS 0x0000000086100000, 0x0000000086100000| Untracked 
|  97|0x0000000086100000, 0x0000000086200000, 0x0000000086200000|100%|HS|  |TAMS 0x0000000086200000, 0x0000000086200000| Complete 
|  98|0x0000000086200000, 0x0000000086300000, 0x0000000086300000|100%|HC|  |TAMS 0x0000000086300000, 0x0000000086300000| Complete 
|  99|0x0000000086300000, 0x0000000086400000, 0x0000000086400000|100%|HC|  |TAMS 0x0000000086400000, 0x0000000086400000| Complete 
| 100|0x0000000086400000, 0x0000000086500000, 0x0000000086500000|100%| O|  |TAMS 0x0000000086500000, 0x0000000086500000| Untracked 
| 101|0x0000000086500000, 0x0000000086600000, 0x0000000086600000|100%| O|  |TAMS 0x0000000086600000, 0x0000000086600000| Untracked 
| 102|0x0000000086600000, 0x0000000086700000, 0x0000000086700000|100%| O|  |TAMS 0x0000000086700000, 0x0000000086700000| Untracked 
| 103|0x0000000086700000, 0x0000000086800000, 0x0000000086800000|100%| O|  |TAMS 0x0000000086800000, 0x0000000086800000| Untracked 
| 104|0x0000000086800000, 0x0000000086900000, 0x0000000086900000|100%| O|  |TAMS 0x0000000086900000, 0x0000000086900000| Untracked 
| 105|0x0000000086900000, 0x0000000086a00000, 0x0000000086a00000|100%| O|  |TAMS 0x0000000086a00000, 0x0000000086a00000| Untracked 
| 106|0x0000000086a00000, 0x0000000086b00000, 0x0000000086b00000|100%| O|  |TAMS 0x0000000086b00000, 0x0000000086b00000| Untracked 
| 107|0x0000000086b00000, 0x0000000086c00000, 0x0000000086c00000|100%| O|  |TAMS 0x0000000086c00000, 0x0000000086c00000| Untracked 
| 108|0x0000000086c00000, 0x0000000086d00000, 0x0000000086d00000|100%| O|  |TAMS 0x0000000086d00000, 0x0000000086d00000| Untracked 
| 109|0x0000000086d00000, 0x0000000086e00000, 0x0000000086e00000|100%| O|  |TAMS 0x0000000086e00000, 0x0000000086e00000| Untracked 
| 110|0x0000000086e00000, 0x0000000086f00000, 0x0000000086f00000|100%| O|  |TAMS 0x0000000086f00000, 0x0000000086f00000| Untracked 
| 111|0x0000000086f00000, 0x0000000087000000, 0x0000000087000000|100%| O|  |TAMS 0x0000000087000000, 0x0000000087000000| Untracked 
| 112|0x0000000087000000, 0x0000000087100000, 0x0000000087100000|100%| O|  |TAMS 0x0000000087100000, 0x0000000087100000| Untracked 
| 113|0x0000000087100000, 0x0000000087200000, 0x0000000087200000|100%| O|  |TAMS 0x0000000087200000, 0x0000000087200000| Untracked 
| 114|0x0000000087200000, 0x0000000087300000, 0x0000000087300000|100%| O|  |TAMS 0x0000000087300000, 0x0000000087300000| Untracked 
| 115|0x0000000087300000, 0x0000000087400000, 0x0000000087400000|100%| O|  |TAMS 0x0000000087400000, 0x0000000087400000| Untracked 
| 116|0x0000000087400000, 0x0000000087500000, 0x0000000087500000|100%| O|  |TAMS 0x0000000087500000, 0x0000000087500000| Untracked 
| 117|0x0000000087500000, 0x0000000087600000, 0x0000000087600000|100%| O|  |TAMS 0x0000000087600000, 0x0000000087600000| Untracked 
| 118|0x0000000087600000, 0x0000000087700000, 0x0000000087700000|100%| O|  |TAMS 0x0000000087700000, 0x0000000087700000| Untracked 
| 119|0x0000000087700000, 0x0000000087800000, 0x0000000087800000|100%| O|  |TAMS 0x0000000087800000, 0x0000000087800000| Untracked 
| 120|0x0000000087800000, 0x0000000087900000, 0x0000000087900000|100%| O|  |TAMS 0x0000000087900000, 0x0000000087900000| Untracked 
| 121|0x0000000087900000, 0x0000000087a00000, 0x0000000087a00000|100%| O|  |TAMS 0x0000000087a00000, 0x0000000087a00000| Untracked 
| 122|0x0000000087a00000, 0x0000000087b00000, 0x0000000087b00000|100%| O|  |TAMS 0x0000000087b00000, 0x0000000087b00000| Untracked 
| 123|0x0000000087b00000, 0x0000000087c00000, 0x0000000087c00000|100%| O|  |TAMS 0x0000000087c00000, 0x0000000087c00000| Untracked 
| 124|0x0000000087c00000, 0x0000000087d00000, 0x0000000087d00000|100%| O|  |TAMS 0x0000000087d00000, 0x0000000087d00000| Untracked 
| 125|0x0000000087d00000, 0x0000000087e00000, 0x0000000087e00000|100%| O|  |TAMS 0x0000000087e00000, 0x0000000087e00000| Untracked 
| 126|0x0000000087e00000, 0x0000000087f00000, 0x0000000087f00000|100%| O|  |TAMS 0x0000000087f00000, 0x0000000087f00000| Untracked 
| 127|0x0000000087f00000, 0x0000000088000000, 0x0000000088000000|100%| O|  |TAMS 0x0000000088000000, 0x0000000088000000| Untracked 
| 128|0x0000000088000000, 0x0000000088100000, 0x0000000088100000|100%| O|  |TAMS 0x0000000088100000, 0x0000000088100000| Untracked 
| 129|0x0000000088100000, 0x0000000088200000, 0x0000000088200000|100%| O|  |TAMS 0x0000000088200000, 0x0000000088200000| Untracked 
| 130|0x0000000088200000, 0x0000000088300000, 0x0000000088300000|100%| O|  |TAMS 0x0000000088300000, 0x0000000088300000| Untracked 
| 131|0x0000000088300000, 0x0000000088400000, 0x0000000088400000|100%| O|  |TAMS 0x0000000088400000, 0x0000000088400000| Untracked 
| 132|0x0000000088400000, 0x0000000088500000, 0x0000000088500000|100%| O|  |TAMS 0x0000000088500000, 0x0000000088500000| Untracked 
| 133|0x0000000088500000, 0x0000000088600000, 0x0000000088600000|100%| O|  |TAMS 0x0000000088600000, 0x0000000088600000| Untracked 
| 134|0x0000000088600000, 0x0000000088700000, 0x0000000088700000|100%| O|  |TAMS 0x0000000088700000, 0x0000000088700000| Untracked 
| 135|0x0000000088700000, 0x0000000088800000, 0x0000000088800000|100%| O|  |TAMS 0x0000000088800000, 0x0000000088800000| Untracked 
| 136|0x0000000088800000, 0x0000000088900000, 0x0000000088900000|100%| O|  |TAMS 0x0000000088900000, 0x0000000088900000| Untracked 
| 137|0x0000000088900000, 0x0000000088a00000, 0x0000000088a00000|100%| O|  |TAMS 0x0000000088a00000, 0x0000000088a00000| Untracked 
| 138|0x0000000088a00000, 0x0000000088b00000, 0x0000000088b00000|100%| O|  |TAMS 0x0000000088b00000, 0x0000000088b00000| Untracked 
| 139|0x0000000088b00000, 0x0000000088c00000, 0x0000000088c00000|100%| O|  |TAMS 0x0000000088c00000, 0x0000000088c00000| Untracked 
| 140|0x0000000088c00000, 0x0000000088d00000, 0x0000000088d00000|100%| O|  |TAMS 0x0000000088d00000, 0x0000000088d00000| Untracked 
| 141|0x0000000088d00000, 0x0000000088e00000, 0x0000000088e00000|100%| O|  |TAMS 0x0000000088e00000, 0x0000000088e00000| Untracked 
| 142|0x0000000088e00000, 0x0000000088f00000, 0x0000000088f00000|100%| O|  |TAMS 0x0000000088f00000, 0x0000000088f00000| Untracked 
| 143|0x0000000088f00000, 0x0000000089000000, 0x0000000089000000|100%| O|  |TAMS 0x0000000089000000, 0x0000000089000000| Untracked 
| 144|0x0000000089000000, 0x0000000089100000, 0x0000000089100000|100%| O|  |TAMS 0x0000000089100000, 0x0000000089100000| Untracked 
| 145|0x0000000089100000, 0x0000000089200000, 0x0000000089200000|100%| O|  |TAMS 0x0000000089200000, 0x0000000089200000| Untracked 
| 146|0x0000000089200000, 0x0000000089300000, 0x0000000089300000|100%| O|  |TAMS 0x00000000892aee00, 0x0000000089300000| Untracked 
| 147|0x0000000089300000, 0x0000000089400000, 0x0000000089400000|100%| O|  |TAMS 0x0000000089300000, 0x0000000089400000| Untracked 
| 148|0x0000000089400000, 0x0000000089500000, 0x0000000089500000|100%| O|  |TAMS 0x0000000089400000, 0x0000000089500000| Untracked 
| 149|0x0000000089500000, 0x0000000089600000, 0x0000000089600000|100%| O|  |TAMS 0x0000000089500000, 0x0000000089600000| Untracked 
| 150|0x0000000089600000, 0x0000000089700000, 0x0000000089700000|100%| O|  |TAMS 0x0000000089600000, 0x0000000089700000| Untracked 
| 151|0x0000000089700000, 0x0000000089800000, 0x0000000089800000|100%| O|  |TAMS 0x0000000089700000, 0x0000000089800000| Untracked 
| 152|0x0000000089800000, 0x0000000089900000, 0x0000000089900000|100%| O|  |TAMS 0x0000000089800000, 0x0000000089900000| Untracked 
| 153|0x0000000089900000, 0x0000000089a00000, 0x0000000089a00000|100%| O|  |TAMS 0x0000000089900000, 0x0000000089a00000| Untracked 
| 154|0x0000000089a00000, 0x0000000089b00000, 0x0000000089b00000|100%| O|  |TAMS 0x0000000089a00000, 0x0000000089b00000| Untracked 
| 155|0x0000000089b00000, 0x0000000089c00000, 0x0000000089c00000|100%| O|  |TAMS 0x0000000089b00000, 0x0000000089c00000| Untracked 
| 156|0x0000000089c00000, 0x0000000089d00000, 0x0000000089d00000|100%| O|  |TAMS 0x0000000089c00000, 0x0000000089d00000| Untracked 
| 157|0x0000000089d00000, 0x0000000089e00000, 0x0000000089e00000|100%| O|  |TAMS 0x0000000089d00000, 0x0000000089e00000| Untracked 
| 158|0x0000000089e00000, 0x0000000089f00000, 0x0000000089f00000|100%| O|  |TAMS 0x0000000089e00000, 0x0000000089f00000| Untracked 
| 159|0x0000000089f00000, 0x000000008a000000, 0x000000008a000000|100%| O|  |TAMS 0x0000000089f00000, 0x000000008a000000| Untracked 
| 160|0x000000008a000000, 0x000000008a100000, 0x000000008a100000|100%| O|  |TAMS 0x000000008a000000, 0x000000008a100000| Untracked 
| 161|0x000000008a100000, 0x000000008a200000, 0x000000008a200000|100%| O|  |TAMS 0x000000008a100000, 0x000000008a200000| Untracked 
| 162|0x000000008a200000, 0x000000008a300000, 0x000000008a300000|100%| O|  |TAMS 0x000000008a200000, 0x000000008a300000| Untracked 
| 163|0x000000008a300000, 0x000000008a400000, 0x000000008a400000|100%| O|  |TAMS 0x000000008a300000, 0x000000008a400000| Untracked 
| 164|0x000000008a400000, 0x000000008a500000, 0x000000008a500000|100%| O|  |TAMS 0x000000008a400000, 0x000000008a500000| Untracked 
| 165|0x000000008a500000, 0x000000008a600000, 0x000000008a600000|100%| O|  |TAMS 0x000000008a500000, 0x000000008a600000| Untracked 
| 166|0x000000008a600000, 0x000000008a700000, 0x000000008a700000|100%| O|  |TAMS 0x000000008a600000, 0x000000008a700000| Untracked 
| 167|0x000000008a700000, 0x000000008a800000, 0x000000008a800000|100%| O|  |TAMS 0x000000008a700000, 0x000000008a800000| Untracked 
| 168|0x000000008a800000, 0x000000008a900000, 0x000000008a900000|100%| O|  |TAMS 0x000000008a800000, 0x000000008a900000| Untracked 
| 169|0x000000008a900000, 0x000000008aa00000, 0x000000008aa00000|100%| O|  |TAMS 0x000000008a900000, 0x000000008aa00000| Untracked 
| 170|0x000000008aa00000, 0x000000008ab00000, 0x000000008ab00000|100%| O|  |TAMS 0x000000008aa00000, 0x000000008ab00000| Untracked 
| 171|0x000000008ab00000, 0x000000008ac00000, 0x000000008ac00000|100%| O|  |TAMS 0x000000008ab00000, 0x000000008ac00000| Untracked 
| 172|0x000000008ac00000, 0x000000008ad00000, 0x000000008ad00000|100%| O|  |TAMS 0x000000008ac00000, 0x000000008ad00000| Untracked 
| 173|0x000000008ad00000, 0x000000008ae00000, 0x000000008ae00000|100%| O|  |TAMS 0x000000008ad00000, 0x000000008ae00000| Untracked 
| 174|0x000000008ae00000, 0x000000008af00000, 0x000000008af00000|100%| O|  |TAMS 0x000000008ae00000, 0x000000008af00000| Untracked 
| 175|0x000000008af00000, 0x000000008b000000, 0x000000008b000000|100%| O|  |TAMS 0x000000008af00000, 0x000000008b000000| Untracked 
| 176|0x000000008b000000, 0x000000008b100000, 0x000000008b100000|100%| O|  |TAMS 0x000000008b000000, 0x000000008b100000| Untracked 
| 177|0x000000008b100000, 0x000000008b200000, 0x000000008b200000|100%| O|  |TAMS 0x000000008b100000, 0x000000008b200000| Untracked 
| 178|0x000000008b200000, 0x000000008b300000, 0x000000008b300000|100%| O|  |TAMS 0x000000008b200000, 0x000000008b300000| Untracked 
| 179|0x000000008b300000, 0x000000008b400000, 0x000000008b400000|100%| O|  |TAMS 0x000000008b300000, 0x000000008b400000| Untracked 
| 180|0x000000008b400000, 0x000000008b500000, 0x000000008b500000|100%| O|  |TAMS 0x000000008b400000, 0x000000008b500000| Untracked 
| 181|0x000000008b500000, 0x000000008b600000, 0x000000008b600000|100%| O|  |TAMS 0x000000008b500000, 0x000000008b600000| Untracked 
| 182|0x000000008b600000, 0x000000008b700000, 0x000000008b700000|100%| O|  |TAMS 0x000000008b600000, 0x000000008b700000| Untracked 
| 183|0x000000008b700000, 0x000000008b800000, 0x000000008b800000|100%| O|  |TAMS 0x000000008b700000, 0x000000008b800000| Untracked 
| 184|0x000000008b800000, 0x000000008b900000, 0x000000008b900000|100%| O|  |TAMS 0x000000008b800000, 0x000000008b900000| Untracked 
| 185|0x000000008b900000, 0x000000008ba00000, 0x000000008ba00000|100%| O|  |TAMS 0x000000008b900000, 0x000000008ba00000| Untracked 
| 186|0x000000008ba00000, 0x000000008bb00000, 0x000000008bb00000|100%| O|  |TAMS 0x000000008ba00000, 0x000000008bb00000| Untracked 
| 187|0x000000008bb00000, 0x000000008bc00000, 0x000000008bc00000|100%| O|  |TAMS 0x000000008bb00000, 0x000000008bc00000| Untracked 
| 188|0x000000008bc00000, 0x000000008bd00000, 0x000000008bd00000|100%| O|  |TAMS 0x000000008bc00000, 0x000000008bd00000| Untracked 
| 189|0x000000008bd00000, 0x000000008be00000, 0x000000008be00000|100%| O|  |TAMS 0x000000008bd00000, 0x000000008be00000| Untracked 
| 190|0x000000008be00000, 0x000000008bf00000, 0x000000008bf00000|100%| O|  |TAMS 0x000000008be00000, 0x000000008bf00000| Untracked 
| 191|0x000000008bf00000, 0x000000008c000000, 0x000000008c000000|100%| O|  |TAMS 0x000000008bf00000, 0x000000008c000000| Untracked 
| 192|0x000000008c000000, 0x000000008c100000, 0x000000008c100000|100%| O|  |TAMS 0x000000008c000000, 0x000000008c100000| Untracked 
| 193|0x000000008c100000, 0x000000008c200000, 0x000000008c200000|100%| O|  |TAMS 0x000000008c100000, 0x000000008c200000| Untracked 
| 194|0x000000008c200000, 0x000000008c300000, 0x000000008c300000|100%| O|  |TAMS 0x000000008c200000, 0x000000008c300000| Untracked 
| 195|0x000000008c300000, 0x000000008c400000, 0x000000008c400000|100%| O|  |TAMS 0x000000008c300000, 0x000000008c400000| Untracked 
| 196|0x000000008c400000, 0x000000008c500000, 0x000000008c500000|100%| O|  |TAMS 0x000000008c400000, 0x000000008c500000| Untracked 
| 197|0x000000008c500000, 0x000000008c600000, 0x000000008c600000|100%| O|  |TAMS 0x000000008c500000, 0x000000008c600000| Untracked 
| 198|0x000000008c600000, 0x000000008c700000, 0x000000008c700000|100%| O|  |TAMS 0x000000008c600000, 0x000000008c700000| Untracked 
| 199|0x000000008c700000, 0x000000008c800000, 0x000000008c800000|100%| O|  |TAMS 0x000000008c700000, 0x000000008c800000| Untracked 
| 200|0x000000008c800000, 0x000000008c900000, 0x000000008c900000|100%| O|  |TAMS 0x000000008c800000, 0x000000008c900000| Untracked 
| 201|0x000000008c900000, 0x000000008ca00000, 0x000000008ca00000|100%| O|  |TAMS 0x000000008c900000, 0x000000008c9cfc00| Untracked 
| 202|0x000000008ca00000, 0x000000008ca00000, 0x000000008cb00000|  0%| F|  |TAMS 0x000000008ca00000, 0x000000008ca00000| Untracked 
| 203|0x000000008cb00000, 0x000000008cc00000, 0x000000008cc00000|100%| O|  |TAMS 0x000000008cb00000, 0x000000008cb00000| Untracked 
| 204|0x000000008cc00000, 0x000000008cd00000, 0x000000008cd00000|100%| O|  |TAMS 0x000000008cc00000, 0x000000008cc00000| Untracked 
| 205|0x000000008cd00000, 0x000000008ce00000, 0x000000008ce00000|100%| O|  |TAMS 0x000000008cd00000, 0x000000008cd00000| Untracked 
| 206|0x000000008ce00000, 0x000000008cf00000, 0x000000008cf00000|100%| O|  |TAMS 0x000000008ce00000, 0x000000008ce00000| Untracked 
| 207|0x000000008cf00000, 0x000000008cf35a00, 0x000000008d000000| 20%| O|  |TAMS 0x000000008cf00000, 0x000000008cf00000| Untracked 
| 208|0x000000008d000000, 0x000000008d000000, 0x000000008d100000|  0%| F|  |TAMS 0x000000008d000000, 0x000000008d000000| Untracked 
| 209|0x000000008d100000, 0x000000008d100000, 0x000000008d200000|  0%| F|  |TAMS 0x000000008d100000, 0x000000008d100000| Untracked 
| 210|0x000000008d200000, 0x000000008d200000, 0x000000008d300000|  0%| F|  |TAMS 0x000000008d200000, 0x000000008d200000| Untracked 
| 211|0x000000008d300000, 0x000000008d300000, 0x000000008d400000|  0%| F|  |TAMS 0x000000008d300000, 0x000000008d300000| Untracked 
| 212|0x000000008d400000, 0x000000008d400000, 0x000000008d500000|  0%| F|  |TAMS 0x000000008d400000, 0x000000008d400000| Untracked 
| 213|0x000000008d500000, 0x000000008d500000, 0x000000008d600000|  0%| F|  |TAMS 0x000000008d500000, 0x000000008d500000| Untracked 
| 214|0x000000008d600000, 0x000000008d600000, 0x000000008d700000|  0%| F|  |TAMS 0x000000008d600000, 0x000000008d600000| Untracked 
| 215|0x000000008d700000, 0x000000008d700000, 0x000000008d800000|  0%| F|  |TAMS 0x000000008d700000, 0x000000008d700000| Untracked 
| 216|0x000000008d800000, 0x000000008d800000, 0x000000008d900000|  0%| F|  |TAMS 0x000000008d800000, 0x000000008d800000| Untracked 
| 217|0x000000008d900000, 0x000000008d900000, 0x000000008da00000|  0%| F|  |TAMS 0x000000008d900000, 0x000000008d900000| Untracked 
| 218|0x000000008da00000, 0x000000008da00000, 0x000000008db00000|  0%| F|  |TAMS 0x000000008da00000, 0x000000008da00000| Untracked 
| 219|0x000000008db00000, 0x000000008db00000, 0x000000008dc00000|  0%| F|  |TAMS 0x000000008db00000, 0x000000008db00000| Untracked 
| 220|0x000000008dc00000, 0x000000008dc00000, 0x000000008dd00000|  0%| F|  |TAMS 0x000000008dc00000, 0x000000008dc00000| Untracked 
| 221|0x000000008dd00000, 0x000000008dd00000, 0x000000008de00000|  0%| F|  |TAMS 0x000000008dd00000, 0x000000008dd00000| Untracked 
| 222|0x000000008de00000, 0x000000008de00000, 0x000000008df00000|  0%| F|  |TAMS 0x000000008de00000, 0x000000008de00000| Untracked 
| 223|0x000000008df00000, 0x000000008df00000, 0x000000008e000000|  0%| F|  |TAMS 0x000000008df00000, 0x000000008df00000| Untracked 
| 224|0x000000008e000000, 0x000000008e000000, 0x000000008e100000|  0%| F|  |TAMS 0x000000008e000000, 0x000000008e000000| Untracked 
| 225|0x000000008e100000, 0x000000008e100000, 0x000000008e200000|  0%| F|  |TAMS 0x000000008e100000, 0x000000008e100000| Untracked 
| 226|0x000000008e200000, 0x000000008e200000, 0x000000008e300000|  0%| F|  |TAMS 0x000000008e200000, 0x000000008e200000| Untracked 
| 227|0x000000008e300000, 0x000000008e300000, 0x000000008e400000|  0%| F|  |TAMS 0x000000008e300000, 0x000000008e300000| Untracked 
| 228|0x000000008e400000, 0x000000008e400000, 0x000000008e500000|  0%| F|  |TAMS 0x000000008e400000, 0x000000008e400000| Untracked 
| 229|0x000000008e500000, 0x000000008e500000, 0x000000008e600000|  0%| F|  |TAMS 0x000000008e500000, 0x000000008e500000| Untracked 
| 230|0x000000008e600000, 0x000000008e600000, 0x000000008e700000|  0%| F|  |TAMS 0x000000008e600000, 0x000000008e600000| Untracked 
| 231|0x000000008e700000, 0x000000008e700000, 0x000000008e800000|  0%| F|  |TAMS 0x000000008e700000, 0x000000008e700000| Untracked 
| 232|0x000000008e800000, 0x000000008e800000, 0x000000008e900000|  0%| F|  |TAMS 0x000000008e800000, 0x000000008e800000| Untracked 
| 233|0x000000008e900000, 0x000000008e900000, 0x000000008ea00000|  0%| F|  |TAMS 0x000000008e900000, 0x000000008e900000| Untracked 
| 234|0x000000008ea00000, 0x000000008ea00000, 0x000000008eb00000|  0%| F|  |TAMS 0x000000008ea00000, 0x000000008ea00000| Untracked 
| 235|0x000000008eb00000, 0x000000008eb00000, 0x000000008ec00000|  0%| F|  |TAMS 0x000000008eb00000, 0x000000008eb00000| Untracked 
| 236|0x000000008ec00000, 0x000000008ec00000, 0x000000008ed00000|  0%| F|  |TAMS 0x000000008ec00000, 0x000000008ec00000| Untracked 
| 237|0x000000008ed00000, 0x000000008ed00000, 0x000000008ee00000|  0%| F|  |TAMS 0x000000008ed00000, 0x000000008ed00000| Untracked 
| 238|0x000000008ee00000, 0x000000008ee00000, 0x000000008ef00000|  0%| F|  |TAMS 0x000000008ee00000, 0x000000008ee00000| Untracked 
| 239|0x000000008ef00000, 0x000000008ef00000, 0x000000008f000000|  0%| F|  |TAMS 0x000000008ef00000, 0x000000008ef00000| Untracked 
| 240|0x000000008f000000, 0x000000008f000000, 0x000000008f100000|  0%| F|  |TAMS 0x000000008f000000, 0x000000008f000000| Untracked 
| 241|0x000000008f100000, 0x000000008f100000, 0x000000008f200000|  0%| F|  |TAMS 0x000000008f100000, 0x000000008f100000| Untracked 
| 242|0x000000008f200000, 0x000000008f200000, 0x000000008f300000|  0%| F|  |TAMS 0x000000008f200000, 0x000000008f200000| Untracked 
| 243|0x000000008f300000, 0x000000008f300000, 0x000000008f400000|  0%| F|  |TAMS 0x000000008f300000, 0x000000008f300000| Untracked 
| 244|0x000000008f400000, 0x000000008f400000, 0x000000008f500000|  0%| F|  |TAMS 0x000000008f400000, 0x000000008f400000| Untracked 
| 245|0x000000008f500000, 0x000000008f500000, 0x000000008f600000|  0%| F|  |TAMS 0x000000008f500000, 0x000000008f500000| Untracked 
| 246|0x000000008f600000, 0x000000008f600000, 0x000000008f700000|  0%| F|  |TAMS 0x000000008f600000, 0x000000008f600000| Untracked 
| 247|0x000000008f700000, 0x000000008f700000, 0x000000008f800000|  0%| F|  |TAMS 0x000000008f700000, 0x000000008f700000| Untracked 
| 248|0x000000008f800000, 0x000000008f800000, 0x000000008f900000|  0%| F|  |TAMS 0x000000008f800000, 0x000000008f800000| Untracked 
| 249|0x000000008f900000, 0x000000008f900000, 0x000000008fa00000|  0%| F|  |TAMS 0x000000008f900000, 0x000000008f900000| Untracked 
| 250|0x000000008fa00000, 0x000000008fa00000, 0x000000008fb00000|  0%| F|  |TAMS 0x000000008fa00000, 0x000000008fa00000| Untracked 
| 251|0x000000008fb00000, 0x000000008fb00000, 0x000000008fc00000|  0%| F|  |TAMS 0x000000008fb00000, 0x000000008fb00000| Untracked 
| 252|0x000000008fc00000, 0x000000008fc00000, 0x000000008fd00000|  0%| F|  |TAMS 0x000000008fc00000, 0x000000008fc00000| Untracked 
| 253|0x000000008fd00000, 0x000000008fd00000, 0x000000008fe00000|  0%| F|  |TAMS 0x000000008fd00000, 0x000000008fd00000| Untracked 
| 254|0x000000008fe00000, 0x000000008fe00000, 0x000000008ff00000|  0%| F|  |TAMS 0x000000008fe00000, 0x000000008fe00000| Untracked 
| 255|0x000000008ff00000, 0x0000000090000000, 0x0000000090000000|100%| O|  |TAMS 0x0000000090000000, 0x0000000090000000| Untracked 
| 256|0x0000000090000000, 0x0000000090000000, 0x0000000090100000|  0%| F|  |TAMS 0x0000000090000000, 0x0000000090000000| Untracked 
| 257|0x0000000090100000, 0x0000000090200000, 0x0000000090200000|100%| O|  |TAMS 0x0000000090200000, 0x0000000090200000| Untracked 
| 258|0x0000000090200000, 0x0000000090200000, 0x0000000090300000|  0%| F|  |TAMS 0x0000000090200000, 0x0000000090200000| Untracked 
| 259|0x0000000090300000, 0x0000000090400000, 0x0000000090400000|100%| O|  |TAMS 0x0000000090400000, 0x0000000090400000| Untracked 
| 260|0x0000000090400000, 0x0000000090500000, 0x0000000090500000|100%| O|  |TAMS 0x0000000090500000, 0x0000000090500000| Untracked 
| 261|0x0000000090500000, 0x0000000090600000, 0x0000000090600000|100%| O|  |TAMS 0x0000000090600000, 0x0000000090600000| Untracked 
| 262|0x0000000090600000, 0x0000000090700000, 0x0000000090700000|100%| O|  |TAMS 0x0000000090700000, 0x0000000090700000| Untracked 
| 263|0x0000000090700000, 0x0000000090800000, 0x0000000090800000|100%| O|  |TAMS 0x0000000090800000, 0x0000000090800000| Untracked 
| 264|0x0000000090800000, 0x0000000090900000, 0x0000000090900000|100%| O|  |TAMS 0x0000000090900000, 0x0000000090900000| Untracked 
| 265|0x0000000090900000, 0x0000000090a00000, 0x0000000090a00000|100%| O|  |TAMS 0x0000000090a00000, 0x0000000090a00000| Untracked 
| 266|0x0000000090a00000, 0x0000000090b00000, 0x0000000090b00000|100%| O|  |TAMS 0x0000000090b00000, 0x0000000090b00000| Untracked 
| 267|0x0000000090b00000, 0x0000000090c00000, 0x0000000090c00000|100%| O|  |TAMS 0x0000000090c00000, 0x0000000090c00000| Untracked 
| 268|0x0000000090c00000, 0x0000000090d00000, 0x0000000090d00000|100%| O|  |TAMS 0x0000000090d00000, 0x0000000090d00000| Untracked 
| 269|0x0000000090d00000, 0x0000000090e00000, 0x0000000090e00000|100%| O|  |TAMS 0x0000000090e00000, 0x0000000090e00000| Untracked 
| 270|0x0000000090e00000, 0x0000000090f00000, 0x0000000090f00000|100%| O|  |TAMS 0x0000000090f00000, 0x0000000090f00000| Untracked 
| 271|0x0000000090f00000, 0x0000000091000000, 0x0000000091000000|100%| O|  |TAMS 0x0000000091000000, 0x0000000091000000| Untracked 
| 272|0x0000000091000000, 0x0000000091100000, 0x0000000091100000|100%| O|  |TAMS 0x0000000091100000, 0x0000000091100000| Untracked 
| 273|0x0000000091100000, 0x0000000091200000, 0x0000000091200000|100%| O|  |TAMS 0x0000000091200000, 0x0000000091200000| Untracked 
| 274|0x0000000091200000, 0x0000000091300000, 0x0000000091300000|100%| O|  |TAMS 0x0000000091300000, 0x0000000091300000| Untracked 
| 275|0x0000000091300000, 0x0000000091400000, 0x0000000091400000|100%| O|  |TAMS 0x0000000091400000, 0x0000000091400000| Untracked 
| 276|0x0000000091400000, 0x0000000091500000, 0x0000000091500000|100%| O|  |TAMS 0x0000000091500000, 0x0000000091500000| Untracked 
| 277|0x0000000091500000, 0x0000000091500000, 0x0000000091600000|  0%| F|  |TAMS 0x0000000091500000, 0x0000000091500000| Untracked 
| 278|0x0000000091600000, 0x0000000091600000, 0x0000000091700000|  0%| F|  |TAMS 0x0000000091600000, 0x0000000091600000| Untracked 
| 279|0x0000000091700000, 0x0000000091700000, 0x0000000091800000|  0%| F|  |TAMS 0x0000000091700000, 0x0000000091700000| Untracked 
| 280|0x0000000091800000, 0x0000000091800000, 0x0000000091900000|  0%| F|  |TAMS 0x0000000091800000, 0x0000000091800000| Untracked 
| 281|0x0000000091900000, 0x0000000091900000, 0x0000000091a00000|  0%| F|  |TAMS 0x0000000091900000, 0x0000000091900000| Untracked 
| 282|0x0000000091a00000, 0x0000000091a00000, 0x0000000091b00000|  0%| F|  |TAMS 0x0000000091a00000, 0x0000000091a00000| Untracked 
| 283|0x0000000091b00000, 0x0000000091b00000, 0x0000000091c00000|  0%| F|  |TAMS 0x0000000091b00000, 0x0000000091b00000| Untracked 
| 284|0x0000000091c00000, 0x0000000091c00000, 0x0000000091d00000|  0%| F|  |TAMS 0x0000000091c00000, 0x0000000091c00000| Untracked 
| 285|0x0000000091d00000, 0x0000000091e00000, 0x0000000091e00000|100%| S|CS|TAMS 0x0000000091d00000, 0x0000000091d00000| Complete 
| 286|0x0000000091e00000, 0x0000000091f00000, 0x0000000091f00000|100%| S|CS|TAMS 0x0000000091e00000, 0x0000000091e00000| Complete 
| 287|0x0000000091f00000, 0x0000000092000000, 0x0000000092000000|100%| S|CS|TAMS 0x0000000091f00000, 0x0000000091f00000| Complete 
| 288|0x0000000092000000, 0x0000000092100000, 0x0000000092100000|100%| S|CS|TAMS 0x0000000092000000, 0x0000000092000000| Complete 
| 289|0x0000000092100000, 0x0000000092200000, 0x0000000092200000|100%| S|CS|TAMS 0x0000000092100000, 0x0000000092100000| Complete 
| 290|0x0000000092200000, 0x0000000092300000, 0x0000000092300000|100%| S|CS|TAMS 0x0000000092200000, 0x0000000092200000| Complete 
| 291|0x0000000092300000, 0x0000000092300000, 0x0000000092400000|  0%| F|  |TAMS 0x0000000092300000, 0x0000000092300000| Untracked 
| 292|0x0000000092400000, 0x0000000092400000, 0x0000000092500000|  0%| F|  |TAMS 0x0000000092400000, 0x0000000092400000| Untracked 
| 293|0x0000000092500000, 0x0000000092500000, 0x0000000092600000|  0%| F|  |TAMS 0x0000000092500000, 0x0000000092500000| Untracked 
| 294|0x0000000092600000, 0x0000000092600000, 0x0000000092700000|  0%| F|  |TAMS 0x0000000092600000, 0x0000000092600000| Untracked 
| 295|0x0000000092700000, 0x0000000092700000, 0x0000000092800000|  0%| F|  |TAMS 0x0000000092700000, 0x0000000092700000| Untracked 
| 296|0x0000000092800000, 0x0000000092800000, 0x0000000092900000|  0%| F|  |TAMS 0x0000000092800000, 0x0000000092800000| Untracked 
| 297|0x0000000092900000, 0x0000000092900000, 0x0000000092a00000|  0%| F|  |TAMS 0x0000000092900000, 0x0000000092900000| Untracked 
| 298|0x0000000092a00000, 0x0000000092a00000, 0x0000000092b00000|  0%| F|  |TAMS 0x0000000092a00000, 0x0000000092a00000| Untracked 
| 299|0x0000000092b00000, 0x0000000092b00000, 0x0000000092c00000|  0%| F|  |TAMS 0x0000000092b00000, 0x0000000092b00000| Untracked 
| 300|0x0000000092c00000, 0x0000000092c00000, 0x0000000092d00000|  0%| F|  |TAMS 0x0000000092c00000, 0x0000000092c00000| Untracked 
| 301|0x0000000092d00000, 0x0000000092d00000, 0x0000000092e00000|  0%| F|  |TAMS 0x0000000092d00000, 0x0000000092d00000| Untracked 
| 302|0x0000000092e00000, 0x0000000092e00000, 0x0000000092f00000|  0%| F|  |TAMS 0x0000000092e00000, 0x0000000092e00000| Untracked 
| 303|0x0000000092f00000, 0x0000000092f00000, 0x0000000093000000|  0%| F|  |TAMS 0x0000000092f00000, 0x0000000092f00000| Untracked 
| 304|0x0000000093000000, 0x0000000093000000, 0x0000000093100000|  0%| F|  |TAMS 0x0000000093000000, 0x0000000093000000| Untracked 
| 305|0x0000000093100000, 0x0000000093100000, 0x0000000093200000|  0%| F|  |TAMS 0x0000000093100000, 0x0000000093100000| Untracked 
| 306|0x0000000093200000, 0x0000000093200000, 0x0000000093300000|  0%| F|  |TAMS 0x0000000093200000, 0x0000000093200000| Untracked 
| 307|0x0000000093300000, 0x0000000093300000, 0x0000000093400000|  0%| F|  |TAMS 0x0000000093300000, 0x0000000093300000| Untracked 
| 308|0x0000000093400000, 0x0000000093400000, 0x0000000093500000|  0%| F|  |TAMS 0x0000000093400000, 0x0000000093400000| Untracked 
| 309|0x0000000093500000, 0x0000000093500000, 0x0000000093600000|  0%| F|  |TAMS 0x0000000093500000, 0x0000000093500000| Untracked 
| 310|0x0000000093600000, 0x0000000093600000, 0x0000000093700000|  0%| F|  |TAMS 0x0000000093600000, 0x0000000093600000| Untracked 
| 311|0x0000000093700000, 0x0000000093700000, 0x0000000093800000|  0%| F|  |TAMS 0x0000000093700000, 0x0000000093700000| Untracked 
| 312|0x0000000093800000, 0x0000000093800000, 0x0000000093900000|  0%| F|  |TAMS 0x0000000093800000, 0x0000000093800000| Untracked 
| 313|0x0000000093900000, 0x0000000093900000, 0x0000000093a00000|  0%| F|  |TAMS 0x0000000093900000, 0x0000000093900000| Untracked 
| 314|0x0000000093a00000, 0x0000000093a00000, 0x0000000093b00000|  0%| F|  |TAMS 0x0000000093a00000, 0x0000000093a00000| Untracked 
| 315|0x0000000093b00000, 0x0000000093b00000, 0x0000000093c00000|  0%| F|  |TAMS 0x0000000093b00000, 0x0000000093b00000| Untracked 
| 316|0x0000000093c00000, 0x0000000093c00000, 0x0000000093d00000|  0%| F|  |TAMS 0x0000000093c00000, 0x0000000093c00000| Untracked 
| 317|0x0000000093d00000, 0x0000000093d00000, 0x0000000093e00000|  0%| F|  |TAMS 0x0000000093d00000, 0x0000000093d00000| Untracked 
| 318|0x0000000093e00000, 0x0000000093e00000, 0x0000000093f00000|  0%| F|  |TAMS 0x0000000093e00000, 0x0000000093e00000| Untracked 
| 319|0x0000000093f00000, 0x0000000093f00000, 0x0000000094000000|  0%| F|  |TAMS 0x0000000093f00000, 0x0000000093f00000| Untracked 
| 320|0x0000000094000000, 0x0000000094000000, 0x0000000094100000|  0%| F|  |TAMS 0x0000000094000000, 0x0000000094000000| Untracked 
| 321|0x0000000094100000, 0x0000000094100000, 0x0000000094200000|  0%| F|  |TAMS 0x0000000094100000, 0x0000000094100000| Untracked 
| 322|0x0000000094200000, 0x0000000094200000, 0x0000000094300000|  0%| F|  |TAMS 0x0000000094200000, 0x0000000094200000| Untracked 
| 323|0x0000000094300000, 0x0000000094300000, 0x0000000094400000|  0%| F|  |TAMS 0x0000000094300000, 0x0000000094300000| Untracked 
| 324|0x0000000094400000, 0x0000000094400000, 0x0000000094500000|  0%| F|  |TAMS 0x0000000094400000, 0x0000000094400000| Untracked 
| 325|0x0000000094500000, 0x0000000094500000, 0x0000000094600000|  0%| F|  |TAMS 0x0000000094500000, 0x0000000094500000| Untracked 
| 326|0x0000000094600000, 0x0000000094600000, 0x0000000094700000|  0%| F|  |TAMS 0x0000000094600000, 0x0000000094600000| Untracked 
| 327|0x0000000094700000, 0x0000000094700000, 0x0000000094800000|  0%| F|  |TAMS 0x0000000094700000, 0x0000000094700000| Untracked 
| 328|0x0000000094800000, 0x0000000094800000, 0x0000000094900000|  0%| F|  |TAMS 0x0000000094800000, 0x0000000094800000| Untracked 
| 329|0x0000000094900000, 0x0000000094900000, 0x0000000094a00000|  0%| F|  |TAMS 0x0000000094900000, 0x0000000094900000| Untracked 
| 330|0x0000000094a00000, 0x0000000094a00000, 0x0000000094b00000|  0%| F|  |TAMS 0x0000000094a00000, 0x0000000094a00000| Untracked 
| 331|0x0000000094b00000, 0x0000000094b00000, 0x0000000094c00000|  0%| F|  |TAMS 0x0000000094b00000, 0x0000000094b00000| Untracked 
| 332|0x0000000094c00000, 0x0000000094c00000, 0x0000000094d00000|  0%| F|  |TAMS 0x0000000094c00000, 0x0000000094c00000| Untracked 

Card table byte_map: [0x00000248638a0000,0x0000024863ca0000] _byte_map_base: 0x00000248634a0000

Marking Bits (Prev, Next): (CMBitMap*) 0x000002484e584e40, (CMBitMap*) 0x000002484e584e08
 Prev Bits: [0x00000248660a0000, 0x00000248680a0000)
 Next Bits: [0x00000248640a0000, 0x00000248660a0000)

Polling page: 0x000002484e620000

Metaspace:

Usage:
  Non-class:     84.18 MB capacity,    82.48 MB ( 98%) used,     1.38 MB (  2%) free+waste,   327.69 KB ( <1%) overhead. 
      Class:     13.49 MB capacity,    12.43 MB ( 92%) used,   938.33 KB (  7%) free+waste,   149.50 KB (  1%) overhead. 
       Both:     97.67 MB capacity,    94.91 MB ( 97%) used,     2.29 MB (  2%) free+waste,   477.19 KB ( <1%) overhead. 

Virtual space:
  Non-class space:       88.00 MB reserved,      86.25 MB ( 98%) committed 
      Class space:        1.00 GB reserved,      14.77 MB (  1%) committed 
             Both:        1.09 GB reserved,     101.02 MB (  9%) committed 

Chunk freelists:
   Non-Class:  2.01 MB
       Class:  1.26 MB
        Both:  3.27 MB

MaxMetaspaceSize: 17179869184.00 GB
CompressedClassSpaceSize: 1.00 GB

CodeHeap 'non-profiled nmethods': size=120000Kb used=6997Kb max_used=6997Kb free=113002Kb
 bounds [0x000002485b2f0000, 0x000002485b9d0000, 0x0000024862820000]
CodeHeap 'profiled nmethods': size=120000Kb used=26991Kb max_used=26991Kb free=93008Kb
 bounds [0x0000024853dc0000, 0x0000024855820000, 0x000002485b2f0000]
CodeHeap 'non-nmethods': size=5760Kb used=2308Kb max_used=2363Kb free=3451Kb
 bounds [0x0000024853820000, 0x0000024853a90000, 0x0000024853dc0000]
 total_blobs=13960 nmethods=13049 adapters=822
 compilation: enabled
              stopped_count=0, restarted_count=0
 full_count=0

Compilation events (20 events):
Event: 9.291 Thread 0x000002486b68d000 13523       2       org.gradle.internal.watch.vfs.impl.WatchingVirtualFileSystem::updateNotifyingListeners (47 bytes)
Event: 9.292 Thread 0x000002486b68d000 nmethod 13523 0x0000024855818890 code [0x0000024855818b20, 0x00000248558194c8]
Event: 9.292 Thread 0x000002486b68d000 13524       2       org.gradle.internal.watch.vfs.impl.WatchingVirtualFileSystem$$Lambda$316/0x00000001004de040::run (16 bytes)
Event: 9.292 Thread 0x000002486b68d000 nmethod 13524 0x0000024855819a10 code [0x0000024855819be0, 0x0000024855819e28]
Event: 9.292 Thread 0x000002486b68d000 13525       2       org.gradle.internal.watch.vfs.impl.WatchingVirtualFileSystem::lambda$updateNotifyingListeners$1 (12 bytes)
Event: 9.293 Thread 0x000002486b68d000 nmethod 13525 0x0000024855819f90 code [0x000002485581a160, 0x000002485581a3a8]
Event: 9.293 Thread 0x000002486b68d000 13526       2       org.gradle.internal.watch.vfs.impl.WatchingVirtualFileSystem$$Lambda$318/0x00000001004dd840::get$Lambda (10 bytes)
Event: 9.293 Thread 0x000002486b68d000 nmethod 13526 0x000002485581a510 code [0x000002485581a6c0, 0x000002485581a8b8]
Event: 9.293 Thread 0x000002486b68d000 13519       1       com.android.build.gradle.internal.tasks.DexMergingWorkAction$Params_Decorated::getModelIdentityDisplayName (5 bytes)
Event: 9.293 Thread 0x000002486b68d000 nmethod 13519 0x000002485b9c4f90 code [0x000002485b9c5140, 0x000002485b9c51f8]
Event: 9.293 Thread 0x000002486b68d000 13503       2       org.gradle.internal.resources.AbstractResourceLockRegistry$1::<init> (20 bytes)
Event: 9.293 Thread 0x000002486b68d000 nmethod 13503 0x000002485581a990 code [0x000002485581ab40, 0x000002485581ad58]
Event: 9.293 Thread 0x000002486b68d000 13507       2       org.gradle.api.internal.provider.MappingProvider::<init> (20 bytes)
Event: 9.293 Thread 0x000002486b68d000 nmethod 13507 0x000002485581ae10 code [0x000002485581afc0, 0x000002485581b1d8]
Event: 9.293 Thread 0x000002486b68d000 13515       2       com.android.tools.r8.internal.jf::<init> (15 bytes)
Event: 9.293 Thread 0x000002486b68d000 nmethod 13515 0x000002485581b290 code [0x000002485581b440, 0x000002485581b5d8]
Event: 9.293 Thread 0x000002486b68d000 13506       2       java.io.BufferedInputStream::<init> (32 bytes)
Event: 9.293 Thread 0x000002486b68d000 nmethod 13506 0x000002485581b690 code [0x000002485581b860, 0x000002485581bb88]
Event: 9.293 Thread 0x000002486b68d000 13504       1       org.gradle.internal.work.DefaultConditionalExecutionQueue::access$100 (5 bytes)
Event: 9.293 Thread 0x000002486b68d000 nmethod 13504 0x000002485b9c5290 code [0x000002485b9c5440, 0x000002485b9c54d8]

GC Heap History (20 events):
Event: 7.278 GC heap after
{Heap after GC invocations=12 (full 0):
 garbage-first heap   total 260096K, used 77016K [0x0000000080000000, 0x0000000100000000)
  region size 1024K, 10 young (10240K), 10 survivors (10240K)
 Metaspace       used 83388K, capacity 85898K, committed 86092K, reserved 1124352K
  class space    used 10862K, capacity 11779K, committed 11852K, reserved 1048576K
}
Event: 7.594 GC heap before
{Heap before GC invocations=12 (full 0):
 garbage-first heap   total 260096K, used 201944K [0x0000000080000000, 0x0000000100000000)
  region size 1024K, 133 young (136192K), 10 survivors (10240K)
 Metaspace       used 83960K, capacity 86516K, committed 86604K, reserved 1124352K
  class space    used 10902K, capacity 11834K, committed 11852K, reserved 1048576K
}
Event: 7.604 GC heap after
{Heap after GC invocations=13 (full 0):
 garbage-first heap   total 260096K, used 82828K [0x0000000080000000, 0x0000000100000000)
  region size 1024K, 15 young (15360K), 15 survivors (15360K)
 Metaspace       used 83960K, capacity 86516K, committed 86604K, reserved 1124352K
  class space    used 10902K, capacity 11834K, committed 11852K, reserved 1048576K
}
Event: 8.013 GC heap before
{Heap before GC invocations=13 (full 0):
 garbage-first heap   total 260096K, used 240524K [0x0000000080000000, 0x0000000100000000)
  region size 1024K, 136 young (139264K), 15 survivors (15360K)
 Metaspace       used 91653K, capacity 94789K, committed 95052K, reserved 1130496K
  class space    used 12102K, capacity 13289K, committed 13388K, reserved 1048576K
}
Event: 8.030 GC heap after
{Heap after GC invocations=14 (full 0):
 garbage-first heap   total 283648K, used 129287K [0x0000000080000000, 0x0000000100000000)
  region size 1024K, 17 young (17408K), 17 survivors (17408K)
 Metaspace       used 91653K, capacity 94789K, committed 95052K, reserved 1130496K
  class space    used 12102K, capacity 13289K, committed 13388K, reserved 1048576K
}
Event: 8.262 GC heap before
{Heap before GC invocations=14 (full 0):
 garbage-first heap   total 283648K, used 220423K [0x0000000080000000, 0x0000000100000000)
  region size 1024K, 105 young (107520K), 17 survivors (17408K)
 Metaspace       used 96392K, capacity 100206K, committed 100428K, reserved 1134592K
  class space    used 13084K, capacity 14613K, committed 14668K, reserved 1048576K
}
Event: 8.281 GC heap after
{Heap after GC invocations=15 (full 0):
 garbage-first heap   total 283648K, used 148737K [0x0000000080000000, 0x0000000100000000)
  region size 1024K, 14 young (14336K), 14 survivors (14336K)
 Metaspace       used 96392K, capacity 100206K, committed 100428K, reserved 1134592K
  class space    used 13084K, capacity 14613K, committed 14668K, reserved 1048576K
}
Event: 8.316 GC heap before
{Heap before GC invocations=15 (full 0):
 garbage-first heap   total 283648K, used 162049K [0x0000000080000000, 0x0000000100000000)
  region size 1024K, 29 young (29696K), 14 survivors (14336K)
 Metaspace       used 96878K, capacity 100759K, committed 100820K, reserved 1136640K
  class space    used 13165K, capacity 14735K, committed 14796K, reserved 1048576K
}
Event: 8.329 GC heap after
{Heap after GC invocations=16 (full 0):
 garbage-first heap   total 283648K, used 153110K [0x0000000080000000, 0x0000000100000000)
  region size 1024K, 4 young (4096K), 4 survivors (4096K)
 Metaspace       used 96878K, capacity 100759K, committed 100820K, reserved 1136640K
  class space    used 13165K, capacity 14735K, committed 14796K, reserved 1048576K
}
Event: 8.487 GC heap before
{Heap before GC invocations=16 (full 0):
 garbage-first heap   total 283648K, used 201238K [0x0000000080000000, 0x0000000100000000)
  region size 1024K, 52 young (53248K), 4 survivors (4096K)
 Metaspace       used 96771K, capacity 99916K, committed 102432K, reserved 1136640K
  class space    used 12945K, capacity 14198K, committed 15128K, reserved 1048576K
}
Event: 8.497 GC heap after
{Heap after GC invocations=17 (full 0):
 garbage-first heap   total 340992K, used 160542K [0x0000000080000000, 0x0000000100000000)
  region size 1024K, 7 young (7168K), 7 survivors (7168K)
 Metaspace       used 96771K, capacity 99916K, committed 102432K, reserved 1136640K
  class space    used 12945K, capacity 14198K, committed 15128K, reserved 1048576K
}
Event: 8.664 GC heap before
{Heap before GC invocations=18 (full 0):
 garbage-first heap   total 340992K, used 232222K [0x0000000080000000, 0x0000000100000000)
  region size 1024K, 78 young (79872K), 7 survivors (7168K)
 Metaspace       used 96965K, capacity 100124K, committed 102688K, reserved 1136640K
  class space    used 12946K, capacity 14199K, committed 15128K, reserved 1048576K
}
Event: 8.697 GC heap after
{Heap after GC invocations=19 (full 0):
 garbage-first heap   total 340992K, used 180923K [0x0000000080000000, 0x0000000100000000)
  region size 1024K, 10 young (10240K), 10 survivors (10240K)
 Metaspace       used 96965K, capacity 100124K, committed 102688K, reserved 1136640K
  class space    used 12946K, capacity 14199K, committed 15128K, reserved 1048576K
}
Event: 8.863 GC heap before
{Heap before GC invocations=19 (full 0):
 garbage-first heap   total 340992K, used 244411K [0x0000000080000000, 0x0000000100000000)
  region size 1024K, 73 young (74752K), 10 survivors (10240K)
 Metaspace       used 96361K, capacity 98996K, committed 102944K, reserved 1136640K
  class space    used 12623K, capacity 13622K, committed 15128K, reserved 1048576K
}
Event: 8.883 GC heap after
{Heap after GC invocations=20 (full 0):
 garbage-first heap   total 340992K, used 206836K [0x0000000080000000, 0x0000000100000000)
  region size 1024K, 10 young (10240K), 10 survivors (10240K)
 Metaspace       used 96361K, capacity 98996K, committed 102944K, reserved 1136640K
  class space    used 12623K, capacity 13622K, committed 15128K, reserved 1048576K
}
Event: 9.029 GC heap before
{Heap before GC invocations=21 (full 0):
 garbage-first heap   total 340992K, used 257012K [0x0000000080000000, 0x0000000100000000)
  region size 1024K, 60 young (61440K), 10 survivors (10240K)
 Metaspace       used 96636K, capacity 99351K, committed 103192K, reserved 1136640K
  class space    used 12645K, capacity 13672K, committed 15128K, reserved 1048576K
}
Event: 9.044 GC heap after
{Heap after GC invocations=22 (full 0):
 garbage-first heap   total 340992K, used 225280K [0x0000000080000000, 0x0000000100000000)
  region size 1024K, 8 young (8192K), 8 survivors (8192K)
 Metaspace       used 96636K, capacity 99351K, committed 103192K, reserved 1136640K
  class space    used 12645K, capacity 13672K, committed 15128K, reserved 1048576K
}
Event: 9.147 GC heap before
{Heap before GC invocations=22 (full 0):
 garbage-first heap   total 340992K, used 251904K [0x0000000080000000, 0x0000000100000000)
  region size 1024K, 36 young (36864K), 8 survivors (8192K)
 Metaspace       used 96893K, capacity 99595K, committed 103192K, reserved 1136640K
  class space    used 12683K, capacity 13729K, committed 15128K, reserved 1048576K
}
Event: 9.158 GC heap after
{Heap after GC invocations=23 (full 0):
 garbage-first heap   total 340992K, used 233279K [0x0000000080000000, 0x0000000100000000)
  region size 1024K, 6 young (6144K), 6 survivors (6144K)
 Metaspace       used 96893K, capacity 99595K, committed 103192K, reserved 1136640K
  class space    used 12683K, capacity 13729K, committed 15128K, reserved 1048576K
}
Event: 9.295 GC heap before
{Heap before GC invocations=23 (full 0):
 garbage-first heap   total 340992K, used 270143K [0x0000000080000000, 0x0000000100000000)
  region size 1024K, 42 young (43008K), 6 survivors (6144K)
 Metaspace       used 97184K, capacity 100011K, committed 103448K, reserved 1138688K
  class space    used 12725K, capacity 13813K, committed 15128K, reserved 1048576K
}

Deoptimization events (20 events):
Event: 9.257 Thread 0x000002486bd8e000 DEOPT PACKING pc=0x000002485b3e2ed4 sp=0x00000084987fd8e0
Event: 9.257 Thread 0x000002486bd8e000 DEOPT UNPACKING pc=0x00000248538478af sp=0x00000084987fd940 mode 2
Event: 9.257 Thread 0x000002486bd8e000 Uncommon trap: trap_request=0xffffff6e fr.pc=0x000002485b3e2ed4 relative=0x0000000000001134
Event: 9.257 Thread 0x000002486bd8e000 Uncommon trap: reason=speculate_class_check action=maybe_recompile pc=0x000002485b3e2ed4 method=java.util.zip.InflaterInputStream.read([BII)I @ 100 c2
Event: 9.257 Thread 0x000002486bd8e000 DEOPT PACKING pc=0x000002485b3e2ed4 sp=0x00000084987fd8e0
Event: 9.257 Thread 0x000002486bd8e000 DEOPT UNPACKING pc=0x00000248538478af sp=0x00000084987fd940 mode 2
Event: 9.279 Thread 0x0000024873b86000 DEOPT PACKING pc=0x00000248557cd695 sp=0x0000008497ffd520
Event: 9.279 Thread 0x0000024873b86000 DEOPT UNPACKING pc=0x00000248538476ce sp=0x0000008497ffca00 mode 0
Event: 9.280 Thread 0x000002486bd8e000 DEOPT PACKING pc=0x0000024854c7aeb2 sp=0x00000084987fd650
Event: 9.280 Thread 0x000002486bd8e000 DEOPT UNPACKING pc=0x00000248538476ce sp=0x00000084987fcb98 mode 0
Event: 9.286 Thread 0x0000024873b8c800 DEOPT PACKING pc=0x000002485576e4e7 sp=0x00000084981fd330
Event: 9.286 Thread 0x0000024873b8c800 DEOPT UNPACKING pc=0x00000248538476ce sp=0x00000084981fc850 mode 0
Event: 9.288 Thread 0x0000024873b8c800 DEOPT PACKING pc=0x000002485576e4e7 sp=0x00000084981fd330
Event: 9.288 Thread 0x0000024873b8c800 DEOPT UNPACKING pc=0x00000248538476ce sp=0x00000084981fc850 mode 0
Event: 9.290 Thread 0x0000024873b8c800 DEOPT PACKING pc=0x000002485576e4e7 sp=0x00000084981fd330
Event: 9.290 Thread 0x0000024873b8c800 DEOPT UNPACKING pc=0x00000248538476ce sp=0x00000084981fc850 mode 0
Event: 9.292 Thread 0x0000024873b8c800 DEOPT PACKING pc=0x0000024855816376 sp=0x00000084981fd330
Event: 9.292 Thread 0x0000024873b8c800 DEOPT UNPACKING pc=0x00000248538476ce sp=0x00000084981fc850 mode 0
Event: 9.294 Thread 0x0000024873b8c800 DEOPT PACKING pc=0x0000024855816376 sp=0x00000084981fd330
Event: 9.294 Thread 0x0000024873b8c800 DEOPT UNPACKING pc=0x00000248538476ce sp=0x00000084981fc850 mode 0

Classes redefined (0 events):
No events

Internal exceptions (20 events):
Event: 8.755 Thread 0x0000024873b86800 Exception <a 'sun/nio/fs/WindowsException'{0x0000000093ceef50}> (0x0000000093ceef50) thrown at [./src/hotspot/share/prims/jni.cpp, line 615]
Event: 8.761 Thread 0x0000024873b86800 Exception <a 'sun/nio/fs/WindowsException'{0x00000000938d75b8}> (0x00000000938d75b8) thrown at [./src/hotspot/share/prims/jni.cpp, line 615]
Event: 8.762 Thread 0x0000024873b86800 Exception <a 'sun/nio/fs/WindowsException'{0x00000000937df2c0}> (0x00000000937df2c0) thrown at [./src/hotspot/share/prims/jni.cpp, line 615]
Event: 8.764 Thread 0x0000024873b86800 Exception <a 'sun/nio/fs/WindowsException'{0x00000000936f85e8}> (0x00000000936f85e8) thrown at [./src/hotspot/share/prims/jni.cpp, line 615]
Event: 8.766 Thread 0x0000024873b86800 Exception <a 'sun/nio/fs/WindowsException'{0x00000000935b6690}> (0x00000000935b6690) thrown at [./src/hotspot/share/prims/jni.cpp, line 615]
Event: 8.767 Thread 0x0000024873b86800 Exception <a 'sun/nio/fs/WindowsException'{0x00000000935c0ce0}> (0x00000000935c0ce0) thrown at [./src/hotspot/share/prims/jni.cpp, line 615]
Event: 8.769 Thread 0x0000024873b86800 Exception <a 'sun/nio/fs/WindowsException'{0x00000000934bf810}> (0x00000000934bf810) thrown at [./src/hotspot/share/prims/jni.cpp, line 615]
Event: 8.772 Thread 0x0000024873b86800 Exception <a 'sun/nio/fs/WindowsException'{0x00000000934c65a0}> (0x00000000934c65a0) thrown at [./src/hotspot/share/prims/jni.cpp, line 615]
Event: 8.780 Thread 0x0000024873b86800 Exception <a 'sun/nio/fs/WindowsException'{0x0000000093057d78}> (0x0000000093057d78) thrown at [./src/hotspot/share/prims/jni.cpp, line 615]
Event: 8.781 Thread 0x0000024873b86800 Exception <a 'sun/nio/fs/WindowsException'{0x0000000093062338}> (0x0000000093062338) thrown at [./src/hotspot/share/prims/jni.cpp, line 615]
Event: 8.795 Thread 0x0000024873b86800 Exception <a 'sun/nio/fs/WindowsException'{0x0000000092f528d0}> (0x0000000092f528d0) thrown at [./src/hotspot/share/prims/jni.cpp, line 615]
Event: 8.797 Thread 0x0000024873b86800 Exception <a 'sun/nio/fs/WindowsException'{0x00000000929731d0}> (0x00000000929731d0) thrown at [./src/hotspot/share/prims/jni.cpp, line 615]
Event: 8.798 Thread 0x0000024873b86800 Exception <a 'sun/nio/fs/WindowsException'{0x000000009297e658}> (0x000000009297e658) thrown at [./src/hotspot/share/prims/jni.cpp, line 615]
Event: 8.800 Thread 0x0000024873b86800 Exception <a 'sun/nio/fs/WindowsException'{0x0000000092870cf8}> (0x0000000092870cf8) thrown at [./src/hotspot/share/prims/jni.cpp, line 615]
Event: 8.801 Thread 0x0000024873b86800 Exception <a 'sun/nio/fs/WindowsException'{0x00000000928772e8}> (0x00000000928772e8) thrown at [./src/hotspot/share/prims/jni.cpp, line 615]
Event: 8.804 Thread 0x0000024873b86800 Exception <a 'sun/nio/fs/WindowsException'{0x00000000927ff170}> (0x00000000927ff170) thrown at [./src/hotspot/share/prims/jni.cpp, line 615]
Event: 9.132 Thread 0x0000024873b86000 Exception <a 'java/lang/IncompatibleClassChangeError'{0x0000000093372040}: Found class java.lang.Object, but interface was expected> (0x0000000093372040) thrown at [./src/hotspot/share/interpreter/linkResolver.cpp, line 839]
Event: 9.231 Thread 0x000002486db27800 Exception <a 'java/lang/NoSuchMethodError'{0x00000000941c4150}: 'void java.lang.invoke.DirectMethodHandle$Holder.invokeStatic(java.lang.Object, java.lang.Object, java.lang.Object, java.lang.Object, java.lang.Object, java.lang.Object, java.lang.Object)'> (0x00000000941c4150) thrown at [./src/hotspot/share/interpreter/linkResolver.cpp, line 773]
Event: 9.237 Thread 0x000002486da75800 Exception <a 'java/lang/NoSuchMethodError'{0x0000000093f9c838}: <clinit>> (0x0000000093f9c838) thrown at [./src/hotspot/share/prims/jni.cpp, line 1362]
Event: 9.281 Thread 0x0000024873b8c800 Exception <a 'sun/nio/fs/WindowsException'{0x00000000931bfc88}> (0x00000000931bfc88) thrown at [./src/hotspot/share/prims/jni.cpp, line 615]

Events (20 events):
Event: 9.233 loading class org/gradle/internal/execution/history/impl/FileSystemSnapshotSerializer$1$1 done
Event: 9.233 loading class org/gradle/internal/execution/steps/SkipUpToDateStep$2
Event: 9.233 loading class org/gradle/internal/execution/steps/SkipUpToDateStep$2 done
Event: 9.236 loading class com/google/common/collect/ImmutableList$SerializedForm
Event: 9.236 loading class com/google/common/collect/ImmutableList$SerializedForm done
Event: 9.236 Executing VM operation: ICBufferFull
Event: 9.237 Executing VM operation: ICBufferFull done
Event: 9.249 Executing VM operation: RevokeBias
Event: 9.250 Executing VM operation: RevokeBias done
Event: 9.250 Executing VM operation: RevokeBias
Event: 9.251 Executing VM operation: RevokeBias done
Event: 9.251 Executing VM operation: RevokeBias
Event: 9.252 Executing VM operation: RevokeBias done
Event: 9.257 loading class java/io/PushbackInputStream
Event: 9.257 loading class java/io/PushbackInputStream done
Event: 9.273 loading class com/android/builder/dexing/DexEntryBucket$getDexEntriesWithContents$1$1$contents$openedJar$1
Event: 9.273 loading class com/android/builder/dexing/DexEntryBucket$getDexEntriesWithContents$1$1$contents$openedJar$1 done
Event: 9.274 loading class com/android/builder/dexing/NonIncrementalJarDexArchive
Event: 9.274 loading class com/android/builder/dexing/NonIncrementalJarDexArchive done
Event: 9.295 Executing VM operation: G1CollectForAllocation


Dynamic libraries:
0x00007ff66c170000 - 0x00007ff66c17a000 	C:\Program Files\Android\Android Studio\jre\bin\java.exe
0x00007ffdfaf20000 - 0x00007ffdfb127000 	C:\WINDOWS\SYSTEM32\ntdll.dll
0x00007ffdf9eb0000 - 0x00007ffdf9f6d000 	C:\WINDOWS\System32\KERNEL32.DLL
0x00007ffdf8660000 - 0x00007ffdf89d4000 	C:\WINDOWS\System32\KERNELBASE.dll
0x00007ffdf8540000 - 0x00007ffdf8651000 	C:\WINDOWS\System32\ucrtbase.dll
0x00007ffdecb20000 - 0x00007ffdecb39000 	C:\Program Files\Android\Android Studio\jre\bin\jli.dll
0x00007ffde9550000 - 0x00007ffde9567000 	C:\Program Files\Android\Android Studio\jre\bin\VCRUNTIME140.dll
0x00007ffdf9460000 - 0x00007ffdf960c000 	C:\WINDOWS\System32\USER32.dll
0x00007ffdf8d90000 - 0x00007ffdf8db6000 	C:\WINDOWS\System32\win32u.dll
0x00007ffde6250000 - 0x00007ffde64f5000 	C:\WINDOWS\WinSxS\amd64_microsoft.windows.common-controls_6595b64144ccf1df_6.0.22000.120_none_9d947278b86cc467\COMCTL32.dll
0x00007ffdfa490000 - 0x00007ffdfa4b9000 	C:\WINDOWS\System32\GDI32.dll
0x00007ffdf9c10000 - 0x00007ffdf9cb3000 	C:\WINDOWS\System32\msvcrt.dll
0x00007ffdf8bf0000 - 0x00007ffdf8d02000 	C:\WINDOWS\System32\gdi32full.dll
0x00007ffdf89e0000 - 0x00007ffdf8a7d000 	C:\WINDOWS\System32\msvcp_win.dll
0x00007ffdf9cc0000 - 0x00007ffdf9cf1000 	C:\WINDOWS\System32\IMM32.DLL
0x00007ffdd7e40000 - 0x00007ffdd7edd000 	C:\Program Files\Android\Android Studio\jre\bin\msvcp140.dll
0x00007ffd9df80000 - 0x00007ffd9ea4f000 	C:\Program Files\Android\Android Studio\jre\bin\server\jvm.dll
0x00007ffdf9d00000 - 0x00007ffdf9dae000 	C:\WINDOWS\System32\ADVAPI32.dll
0x00007ffdf93c0000 - 0x00007ffdf945e000 	C:\WINDOWS\System32\sechost.dll
0x00007ffdfadc0000 - 0x00007ffdfaee0000 	C:\WINDOWS\System32\RPCRT4.dll
0x00007ffdfa470000 - 0x00007ffdfa478000 	C:\WINDOWS\System32\PSAPI.DLL
0x00007ffdf2c30000 - 0x00007ffdf2c39000 	C:\WINDOWS\SYSTEM32\WSOCK32.dll
0x00007ffde82c0000 - 0x00007ffde82f3000 	C:\WINDOWS\SYSTEM32\WINMM.dll
0x00007ffdf2b60000 - 0x00007ffdf2b6a000 	C:\WINDOWS\SYSTEM32\VERSION.dll
0x00007ffdf8ec0000 - 0x00007ffdf8f2f000 	C:\WINDOWS\System32\WS2_32.dll
0x00007ffdf7600000 - 0x00007ffdf7618000 	C:\WINDOWS\SYSTEM32\kernel.appcore.dll
0x00007ffde9410000 - 0x00007ffde9421000 	C:\Program Files\Android\Android Studio\jre\bin\verify.dll
0x00007ffde5230000 - 0x00007ffde5451000 	C:\WINDOWS\SYSTEM32\DBGHELP.DLL
0x00007ffde2770000 - 0x00007ffde27a1000 	C:\WINDOWS\SYSTEM32\dbgcore.DLL
0x00007ffdf8d10000 - 0x00007ffdf8d8f000 	C:\WINDOWS\System32\bcryptPrimitives.dll
0x00007ffde1f90000 - 0x00007ffde1fb9000 	C:\Program Files\Android\Android Studio\jre\bin\java.dll
0x00007ffdec8c0000 - 0x00007ffdec8cb000 	C:\Program Files\Android\Android Studio\jre\bin\jimage.dll
0x00007ffde1ff0000 - 0x00007ffde2008000 	C:\Program Files\Android\Android Studio\jre\bin\zip.dll
0x00007ffdfa610000 - 0x00007ffdfadbe000 	C:\WINDOWS\System32\SHELL32.dll
0x00007ffdf6590000 - 0x00007ffdf6df7000 	C:\WINDOWS\SYSTEM32\windows.storage.dll
0x00007ffdf8f90000 - 0x00007ffdf9308000 	C:\WINDOWS\System32\combase.dll
0x00007ffdf6420000 - 0x00007ffdf6586000 	C:\WINDOWS\SYSTEM32\wintypes.dll
0x00007ffdfa4c0000 - 0x00007ffdfa5aa000 	C:\WINDOWS\System32\SHCORE.dll
0x00007ffdfa1b0000 - 0x00007ffdfa20d000 	C:\WINDOWS\System32\shlwapi.dll
0x00007ffdf8340000 - 0x00007ffdf8361000 	C:\WINDOWS\SYSTEM32\profapi.dll
0x00007ffde1ae0000 - 0x00007ffde1afa000 	C:\Program Files\Android\Android Studio\jre\bin\net.dll
0x00007ffdf2860000 - 0x00007ffdf296c000 	C:\WINDOWS\SYSTEM32\WINHTTP.dll
0x00007ffdf7a30000 - 0x00007ffdf7a97000 	C:\WINDOWS\system32\mswsock.dll
0x00007ffde1200000 - 0x00007ffde1214000 	C:\Program Files\Android\Android Studio\jre\bin\nio.dll
0x00007ffdf3ff0000 - 0x00007ffdf4017000 	D:\aa\native\8bec1ad78214c89d9ad589b4d07fe93259594b29d510b10fafb7a158f7737e5d\windows-amd64\native-platform.dll
0x00007ffdd7840000 - 0x00007ffdd797d000 	D:\aa\native\53dbd7edfb1c66fb8903c78663c9afc45aea4f116125fa6feffd364cf09443e8\windows-amd64\native-platform-file-events.dll
0x00007ffde1ad0000 - 0x00007ffde1ada000 	C:\Program Files\Android\Android Studio\jre\bin\management.dll
0x00007ffde1360000 - 0x00007ffde136c000 	C:\Program Files\Android\Android Studio\jre\bin\management_ext.dll
0x00007ffdf7c70000 - 0x00007ffdf7c88000 	C:\WINDOWS\SYSTEM32\CRYPTSP.dll
0x00007ffdf7560000 - 0x00007ffdf7595000 	C:\WINDOWS\system32\rsaenh.dll
0x00007ffdf7b20000 - 0x00007ffdf7b49000 	C:\WINDOWS\SYSTEM32\USERENV.dll
0x00007ffdf7df0000 - 0x00007ffdf7e17000 	C:\WINDOWS\SYSTEM32\bcrypt.dll
0x00007ffdf7c90000 - 0x00007ffdf7c9c000 	C:\WINDOWS\SYSTEM32\CRYPTBASE.dll
0x00007ffdf7130000 - 0x00007ffdf715d000 	C:\WINDOWS\SYSTEM32\IPHLPAPI.DLL
0x00007ffdf9db0000 - 0x00007ffdf9db9000 	C:\WINDOWS\System32\NSI.dll
0x00007ffdf2980000 - 0x00007ffdf2999000 	C:\WINDOWS\SYSTEM32\dhcpcsvc6.DLL
0x00007ffdf2c90000 - 0x00007ffdf2cae000 	C:\WINDOWS\SYSTEM32\dhcpcsvc.DLL
0x00007ffdf7160000 - 0x00007ffdf7247000 	C:\WINDOWS\SYSTEM32\DNSAPI.dll

dbghelp: loaded successfully - version: 4.0.5 - missing functions: none
symbol engine: initialized successfully - sym options: 0x614 - pdb path: .;C:\Program Files\Android\Android Studio\jre\bin;C:\WINDOWS\SYSTEM32;C:\WINDOWS\WinSxS\amd64_microsoft.windows.common-controls_6595b64144ccf1df_6.0.22000.120_none_9d947278b86cc467;C:\Program Files\Android\Android Studio\jre\bin\server;D:\aa\native\8bec1ad78214c89d9ad589b4d07fe93259594b29d510b10fafb7a158f7737e5d\windows-amd64;D:\aa\native\53dbd7edfb1c66fb8903c78663c9afc45aea4f116125fa6feffd364cf09443e8\windows-amd64

VM Arguments:
jvm_args: --add-opens=java.base/java.util=ALL-UNNAMED --add-opens=java.base/java.lang=ALL-UNNAMED --add-opens=java.base/java.lang.invoke=ALL-UNNAMED --add-opens=java.base/java.util=ALL-UNNAMED --add-opens=java.prefs/java.util.prefs=ALL-UNNAMED --add-opens=java.prefs/java.util.prefs=ALL-UNNAMED --add-opens=java.base/java.nio.charset=ALL-UNNAMED --add-opens=java.base/java.net=ALL-UNNAMED --add-opens=java.base/java.util.concurrent.atomic=ALL-UNNAMED -Xmx2048m -Dfile.encoding=UTF-8 -Duser.country=IN -Duser.language=en -Duser.variant 
java_command: org.gradle.launcher.daemon.bootstrap.GradleDaemon 7.0.2
java_class_path (initial): D:\aa\wrapper\dists\gradle-7.0.2-bin\857tjihv64xamwrf0h14cai3r\gradle-7.0.2\lib\gradle-launcher-7.0.2.jar
Launcher Type: SUN_STANDARD

[Global flags]
     intx CICompilerCount                          = 4                                         {product} {ergonomic}
     uint ConcGCThreads                            = 3                                         {product} {ergonomic}
     uint G1ConcRefinementThreads                  = 10                                        {product} {ergonomic}
   size_t G1HeapRegionSize                         = 1048576                                   {product} {ergonomic}
    uintx GCDrainStackTargetSize                   = 64                                        {product} {ergonomic}
   size_t InitialHeapSize                          = 266338304                                 {product} {ergonomic}
   size_t MarkStackSize                            = 4194304                                   {product} {ergonomic}
   size_t MaxHeapSize                              = 2147483648                                {product} {command line}
   size_t MaxNewSize                               = 1287651328                                {product} {ergonomic}
   size_t MinHeapDeltaBytes                        = 1048576                                   {product} {ergonomic}
    uintx NonNMethodCodeHeapSize                   = 5836300                                {pd product} {ergonomic}
    uintx NonProfiledCodeHeapSize                  = 122910970                              {pd product} {ergonomic}
    uintx ProfiledCodeHeapSize                     = 122910970                              {pd product} {ergonomic}
    uintx ReservedCodeCacheSize                    = 251658240                              {pd product} {ergonomic}
     bool SegmentedCodeCache                       = true                                      {product} {ergonomic}
     bool UseCompressedClassPointers               = true                                 {lp64_product} {ergonomic}
     bool UseCompressedOops                        = true                                 {lp64_product} {ergonomic}
     bool UseG1GC                                  = true                                      {product} {ergonomic}
     bool UseLargePagesIndividualAllocation        = false                                  {pd product} {ergonomic}

Logging:
Log output configuration:
 #0: stdout all=warning uptime,level,tags
 #1: stderr all=off uptime,level,tags

Environment Variables:
JAVA_HOME=C:\Program Files\Java\jdk-15.0.2
PATH=C:\MinGW;C:\MinGW\bin;C:\Program Files\Java\jdk-15.0.2\bin;C:\Program Files\Common Files\Oracle\Java\javapath;C:\Windows\system32;C:\Windows;C:\Windows\System32\Wbem;C:\Windows\System32\WindowsPowerShell\v1.0\;C:\Windows\System32\OpenSSH\;C:\Program Files (x86)\NVIDIA Corporation\PhysX\Common;C:\Program Files\NVIDIA Corporation\NVIDIA NvDLISR;C:\WINDOWS\system32;C:\WINDOWS;C:\WINDOWS\System32\Wbem;C:\WINDOWS\System32\WindowsPowerShell\v1.0\;C:\WINDOWS\System32\OpenSSH\;C:\Program Files\Git\cmd;C:\Program Files\dotnet\;C:\Users\Deepak\Desktop\gradle1\gradle-7.0.1\bin;C:\Users\Deepak\Desktop\gradle1\gradle-7.0.1;C:\Program Files\nodejs;C:\Program Files\Google\Google Apps Sync\;C:\Program Files\Google\Google Apps Migration\;C:\Program Files\Microsoft SQL Server\150\Tools\Binn\;C:\Program Files\Microsoft SQL Server\Client SDK\ODBC\170\Tools\Binn\;C:\Users\Deepak\anaconda3;C:\Users\Deepak\anaconda3\Library\mingw-w64\bin;C:\Users\Deepak\anaconda3\Library\usr\bin;C:\Users\Deepak\anaconda3\Library\bin;C:\Users\Deepak\anaconda3\Scripts;C:\Program Files\MySQL\MySQL Shell 8.0\bin\;C:\src\flutter\flutter\bin;C:\Users\Deepak\AppData\Local\Programs\Python\Python39\Scripts\;C:\Users\Deepak\AppData\Local\Programs\Python\Python39\;C:\Program Files\Java\jdk-15.0.2\bin;C:\Program Files\JetBrains\IntelliJ IDEA 2020.3.2\bin;;C:\Users\Deepak\AppData\Local\Microsoft\WindowsApps;C:\Users\Deepak\AppData\Local\Programs\Microsoft VS Code\bin;C:\Users\Deepak\AppData\Local\Programs\radare2\bin;C:\Modeltech_eval_6.2c\win32;C:\Modeltech_6.2c\win32;C:\Program Files\JetBrains\IntelliJ IDEA Community Edition 2021.1.2\bin;;C:\Program Files\JetBrains\PyCharm Community Edition 2021.1.2\bin;;C:\Users\Deepak\AppData\Roaming\npm;C:\Users\Deepak\AppData\Local\GitHubDesktop\bin;C:\Users\Deepak\.dotnet\tools
USERNAME=Deepak
OS=Windows_NT
PROCESSOR_IDENTIFIER=Intel64 Family 6 Model 158 Stepping 10, GenuineIntel



---------------  S Y S T E M  ---------------

OS: Windows 10 , 64 bit Build 22000 (10.0.22000.434)
OS uptime: 0 days 19:52 hours

CPU:total 12 (initial active 12) (6 cores per cpu, 2 threads per core) family 6 model 158 stepping 10 microcode 0xde, cmov, cx8, fxsr, mmx, sse, sse2, sse3, ssse3, sse4.1, sse4.2, popcnt, avx, avx2, aes, clmul, erms, 3dnowpref, lzcnt, ht, tsc, tscinvbit, bmi1, bmi2, adx, fma

Memory: 4k page, system-wide physical 16225M (2216M free)
TotalPageFile size 16225M (AvailPageFile size 54M)
current process WorkingSet (physical memory assigned to process): 640M, peak: 644M
current process commit charge ("private bytes"): 686M, peak: 794M

vm_info: OpenJDK 64-Bit Server VM (11.0.10+0-b96-7249189) for windows-amd64 JRE (11.0.10+0-b96-7249189), built on Mar 31 2021 21:44:00 by "builder" with MS VC++ 14.0 (VS2015)

END.
