#
# There is insufficient memory for the Java Runtime Environment to continue.
# Native memory allocation (mmap) failed to map 24117248 bytes for G1 virtual space
# Possible reasons:
#   The system is out of physical RAM or swap space
#   The process is running with CompressedOops enabled, and the Java Heap may be blocking the growth of the native heap
# Possible solutions:
#   Reduce memory load on the system
#   Increase physical memory or swap space
#   Check if swap backing store is full
#   Decrease Java heap size (-Xmx/-Xms)
#   Decrease number of Java threads
#   Decrease Java thread stack sizes (-Xss)
#   Set larger code cache with -XX:ReservedCodeCacheSize=
#   JVM is running with Unscaled Compressed Oops mode in which the Java heap is
#     placed in the first 4GB address space. The Java Heap base address is the
#     maximum limit for the native heap growth. Please use -XX:HeapBaseMinAddress
#     to set the Java Heap base and to place the Java Heap above 4GB virtual address.
# This output file may be truncated or incomplete.
#
#  Out of Memory Error (./open/src/hotspot/os/windows/os_windows.cpp:3321), pid=21436, tid=19596
#
# JRE version: Java(TM) SE Runtime Environment (15.0.2+7) (build 15.0.2+7-27)
# Java VM: Java HotSpot(TM) 64-Bit Server VM (15.0.2+7-27, mixed mode, sharing, tiered, compressed oops, g1 gc, windows-amd64)
# No core dump will be written. Minidumps are not enabled by default on client versions of Windows
#

---------------  S U M M A R Y ------------

Command Line: --add-opens=java.base/java.util=ALL-UNNAMED --add-opens=java.base/java.lang=ALL-UNNAMED --add-opens=java.base/java.lang.invoke=ALL-UNNAMED --add-opens=java.base/java.util=ALL-UNNAMED --add-opens=java.prefs/java.util.prefs=ALL-UNNAMED --add-opens=java.prefs/java.util.prefs=ALL-UNNAMED --add-opens=java.base/java.nio.charset=ALL-UNNAMED --add-opens=java.base/java.net=ALL-UNNAMED --add-opens=java.base/java.util.concurrent.atomic=ALL-UNNAMED -Xmx2048m -Dfile.encoding=UTF-8 -Duser.country=IN -Duser.language=en -Duser.variant org.gradle.launcher.daemon.bootstrap.GradleDaemon 7.0.2

Host: Intel(R) Core(TM) i7-9750H CPU @ 2.60GHz, 12 cores, 15G,  Windows 10 , 64 bit Build 22000 (10.0.22000.434)
Time: Tue Feb 15 11:21:47 2022 India Standard Time elapsed time: 7.509756 seconds (0d 0h 0m 7s)

---------------  T H R E A D  ---------------

Current thread (0x0000016875000bc0):  VMThread "VM Thread" [stack: 0x0000003b19d00000,0x0000003b19e00000] [id=19596]

Stack: [0x0000003b19d00000,0x0000003b19e00000]
[error occurred during error reporting (printing stack bounds), id 0xc0000005, EXCEPTION_ACCESS_VIOLATION (0xc0000005) at pc=0x000001685e1d10ad]

Native frames: (J=compiled Java code, j=interpreted, Vv=VM code, C=native code)
V  [jvm.dll+0x62ae9a]
V  [jvm.dll+0x7817a9]
V  [jvm.dll+0x782f03]
V  [jvm.dll+0x7834c5]
V  [jvm.dll+0x78347b]
V  [jvm.dll+0x62a2b9]
V  [jvm.dll+0x62aa88]
C  [ntdll.dll+0xa86ef]
C  [ntdll.dll+0x35aea]
C  [ntdll.dll+0xa76fe]
C  0x000001685e1d10ad

VM_Operation (0x0000003b199ff730): G1Concurrent, mode: safepoint, requested by thread 0x0000016855feb830


---------------  P R O C E S S  ---------------

Threads class SMR info:
_java_thread_list=0x0000016879b462f0, length=76, elements={
0x0000016855f982a0, 0x0000016875004350, 0x0000016875004e20, 0x000001687581e840,
0x0000016875821110, 0x00000168758219d0, 0x00000168758235d0, 0x0000016875825ef0,
0x00000168758267f0, 0x0000016875959110, 0x0000016875961800, 0x0000016875ab0370,
0x0000016875ec1150, 0x00000168771ab5d0, 0x00000168774693d0, 0x00000168776c43b0,
0x000001687793c840, 0x00000168776c4880, 0x00000168774bab70, 0x00000168774bb040,
0x00000168774b4020, 0x000001687729b420, 0x0000016877278440, 0x0000016877278910,
0x0000016877277aa0, 0x0000016877278de0, 0x0000016877275420, 0x00000168772758f0,
0x0000016877276760, 0x0000016877275dc0, 0x0000016877276c30, 0x0000016877276290,
0x0000016877277100, 0x0000016878374fc0, 0x0000016878375960, 0x0000016878376300,
0x0000016878375e30, 0x0000016878375490, 0x0000016878379320, 0x0000016878377b10,
0x0000016878376ca0, 0x000001687837b4d0, 0x000001687837b9a0, 0x0000016878377170,
0x000001687837c340, 0x0000016878378980, 0x0000016878377640, 0x0000016878377fe0,
0x0000016878378e50, 0x000001687837a190, 0x00000168783784b0, 0x00000168783797f0,
0x0000016878374af0, 0x0000016878379cc0, 0x000001687837a660, 0x000001687837ab30,
0x000001687837b000, 0x000001687837be70, 0x0000016879d60790, 0x0000016879d61ad0,
0x0000016879d5fdf0, 0x0000016879d62e10, 0x0000016879d60c60, 0x0000016879d61130,
0x0000016879d61600, 0x0000016879d61fa0, 0x0000016879d62470, 0x0000016879d62940,
0x00000168777d51f0, 0x00000168777d21d0, 0x00000168777d3510, 0x00000168777d56c0,
0x00000168777d5b90, 0x00000168777d6060, 0x00000168777d6530, 0x00000168777d4d20
}

Java Threads: ( => current thread )
  0x0000016855f982a0 JavaThread "main" [_thread_blocked, id=5876, stack(0x0000003b19700000,0x0000003b19800000)]
  0x0000016875004350 JavaThread "Reference Handler" daemon [_thread_blocked, id=13124, stack(0x0000003b19e00000,0x0000003b19f00000)]
  0x0000016875004e20 JavaThread "Finalizer" daemon [_thread_blocked, id=11448, stack(0x0000003b19f00000,0x0000003b1a000000)]
  0x000001687581e840 JavaThread "Signal Dispatcher" daemon [_thread_blocked, id=21664, stack(0x0000003b1a000000,0x0000003b1a100000)]
  0x0000016875821110 JavaThread "Attach Listener" daemon [_thread_blocked, id=5336, stack(0x0000003b1a100000,0x0000003b1a200000)]
  0x00000168758219d0 JavaThread "Service Thread" daemon [_thread_blocked, id=1460, stack(0x0000003b1a200000,0x0000003b1a300000)]
  0x00000168758235d0 JavaThread "C2 CompilerThread0" daemon [_thread_blocked, id=15260, stack(0x0000003b1a300000,0x0000003b1a400000)]
  0x0000016875825ef0 JavaThread "C1 CompilerThread0" daemon [_thread_blocked, id=24016, stack(0x0000003b1a400000,0x0000003b1a500000)]
  0x00000168758267f0 JavaThread "Sweeper thread" daemon [_thread_blocked, id=23648, stack(0x0000003b1a500000,0x0000003b1a600000)]
  0x0000016875959110 JavaThread "Common-Cleaner" daemon [_thread_blocked, id=24864, stack(0x0000003b1a600000,0x0000003b1a700000)]
  0x0000016875961800 JavaThread "Notification Thread" daemon [_thread_blocked, id=8312, stack(0x0000003b1a700000,0x0000003b1a800000)]
  0x0000016875ab0370 JavaThread "C2 CompilerThread1" daemon [_thread_blocked, id=15436, stack(0x0000003b1a900000,0x0000003b1aa00000)]
  0x0000016875ec1150 JavaThread "C2 CompilerThread2" daemon [_thread_blocked, id=20740, stack(0x0000003b1aa00000,0x0000003b1ab00000)]
  0x00000168771ab5d0 JavaThread "Daemon health stats" [_thread_blocked, id=7320, stack(0x0000003b1b000000,0x0000003b1b100000)]
  0x00000168774693d0 JavaThread "Incoming local TCP Connector on port 60568" [_thread_in_native, id=21276, stack(0x0000003b1b100000,0x0000003b1b200000)]
  0x00000168776c43b0 JavaThread "Daemon periodic checks" [_thread_blocked, id=25564, stack(0x0000003b1b200000,0x0000003b1b300000)]
  0x000001687793c840 JavaThread "Daemon" [_thread_blocked, id=25068, stack(0x0000003b1b300000,0x0000003b1b400000)]
  0x00000168776c4880 JavaThread "Handler for socket connection from /127.0.0.1:60568 to /127.0.0.1:60569" [_thread_in_native, id=12044, stack(0x0000003b1b400000,0x0000003b1b500000)]
  0x00000168774bab70 JavaThread "Cancel handler" [_thread_blocked, id=1764, stack(0x0000003b1b500000,0x0000003b1b600000)]
  0x00000168774bb040 JavaThread "Daemon worker" [_thread_blocked, id=10756, stack(0x0000003b1b600000,0x0000003b1b700000)]
  0x00000168774b4020 JavaThread "Asynchronous log dispatcher for DefaultDaemonConnection: socket connection from /127.0.0.1:60568 to /127.0.0.1:60569" [_thread_blocked, id=10692, stack(0x0000003b1b700000,0x0000003b1b800000)]
  0x000001687729b420 JavaThread "Stdin handler" [_thread_blocked, id=19252, stack(0x0000003b1b800000,0x0000003b1b900000)]
  0x0000016877278440 JavaThread "Daemon client event forwarder" [_thread_blocked, id=21192, stack(0x0000003b1b900000,0x0000003b1ba00000)]
  0x0000016877278910 JavaThread "Cache worker for file hash cache (D:\aa\caches\7.0.2\fileHashes)" [_thread_blocked, id=11824, stack(0x0000003b1ba00000,0x0000003b1bb00000)]
  0x0000016877277aa0 JavaThread "File lock request listener" [_thread_in_native, id=18468, stack(0x0000003b1bb00000,0x0000003b1bc00000)]
  0x0000016877278de0 JavaThread "Cache worker for journal cache (D:\aa\caches\journal-1)" [_thread_blocked, id=5752, stack(0x0000003b1bc00000,0x0000003b1bd00000)]
  0x0000016877275420 JavaThread "Cache worker for file hash cache (D:\app_dev\QuizApp\.gradle\7.0.2\fileHashes)" [_thread_blocked, id=15376, stack(0x0000003b1bd00000,0x0000003b1be00000)]
  0x00000168772758f0 JavaThread "File watcher server" daemon [_thread_blocked, id=6520, stack(0x0000003b1be00000,0x0000003b1bf00000)]
  0x0000016877276760 JavaThread "File watcher consumer" daemon [_thread_blocked, id=17904, stack(0x0000003b1bf00000,0x0000003b1c000000)]
  0x0000016877275dc0 JavaThread "Cache worker for checksums cache (D:\app_dev\QuizApp\.gradle\checksums)" [_thread_blocked, id=4360, stack(0x0000003b1c000000,0x0000003b1c100000)]
  0x0000016877276c30 JavaThread "Cache worker for cache directory md-supplier (D:\aa\caches\7.0.2\md-supplier)" [_thread_blocked, id=20824, stack(0x0000003b1c100000,0x0000003b1c200000)]
  0x0000016877276290 JavaThread "Cache worker for cache directory md-rule (D:\aa\caches\7.0.2\md-rule)" [_thread_blocked, id=8844, stack(0x0000003b1c200000,0x0000003b1c300000)]
  0x0000016877277100 JavaThread "Cache worker for execution history cache (D:\aa\caches\7.0.2\executionHistory)" [_thread_blocked, id=7928, stack(0x0000003b1c300000,0x0000003b1c400000)]
  0x0000016878374fc0 JavaThread "jar transforms" [_thread_blocked, id=22124, stack(0x0000003b1ca00000,0x0000003b1cb00000)]
  0x0000016878375960 JavaThread "jar transforms Thread 2" [_thread_blocked, id=17004, stack(0x0000003b1cb00000,0x0000003b1cc00000)]
  0x0000016878376300 JavaThread "Cache worker for file content cache (D:\aa\caches\7.0.2\fileContent)" [_thread_blocked, id=11440, stack(0x0000003b1cc00000,0x0000003b1cd00000)]
  0x0000016878375e30 JavaThread "Cache worker for dependencies-accessors (D:\app_dev\QuizApp\.gradle\7.0.2\dependencies-accessors)" [_thread_blocked, id=7608, stack(0x0000003b1cd00000,0x0000003b1ce00000)]
  0x0000016878375490 JavaThread "jar transforms Thread 3" [_thread_blocked, id=15416, stack(0x0000003b1ce00000,0x0000003b1cf00000)]
  0x0000016878379320 JavaThread "Cache worker for Build Output Cleanup Cache (D:\app_dev\QuizApp\.gradle\buildOutputCleanup)" [_thread_blocked, id=10076, stack(0x0000003b1cf00000,0x0000003b1d000000)]
  0x0000016878377b10 JavaThread "Build operations" [_thread_blocked, id=21812, stack(0x0000003b1d000000,0x0000003b1d100000)]
  0x0000016878376ca0 JavaThread "Build operations Thread 2" [_thread_blocked, id=25112, stack(0x0000003b1d100000,0x0000003b1d200000)]
  0x000001687837b4d0 JavaThread "Build operations Thread 3" [_thread_blocked, id=20916, stack(0x0000003b1d200000,0x0000003b1d300000)]
  0x000001687837b9a0 JavaThread "Build operations Thread 4" [_thread_blocked, id=14904, stack(0x0000003b1d300000,0x0000003b1d400000)]
  0x0000016878377170 JavaThread "Build operations Thread 5" [_thread_blocked, id=15928, stack(0x0000003b1d400000,0x0000003b1d500000)]
  0x000001687837c340 JavaThread "Build operations Thread 6" [_thread_blocked, id=18416, stack(0x0000003b1d500000,0x0000003b1d600000)]
  0x0000016878378980 JavaThread "Build operations Thread 7" [_thread_blocked, id=10848, stack(0x0000003b1d600000,0x0000003b1d700000)]
  0x0000016878377640 JavaThread "Build operations Thread 8" [_thread_blocked, id=8100, stack(0x0000003b1d700000,0x0000003b1d800000)]
  0x0000016878377fe0 JavaThread "Build operations Thread 9" [_thread_blocked, id=3864, stack(0x0000003b1d800000,0x0000003b1d900000)]
  0x0000016878378e50 JavaThread "Build operations Thread 10" [_thread_blocked, id=25460, stack(0x0000003b1d900000,0x0000003b1da00000)]
  0x000001687837a190 JavaThread "Build operations Thread 11" [_thread_blocked, id=16704, stack(0x0000003b1da00000,0x0000003b1db00000)]
  0x00000168783784b0 JavaThread "Build operations Thread 12" [_thread_blocked, id=12612, stack(0x0000003b1db00000,0x0000003b1dc00000)]
  0x00000168783797f0 JavaThread "jar transforms Thread 4" [_thread_blocked, id=12248, stack(0x0000003b1dc00000,0x0000003b1dd00000)]
  0x0000016878374af0 JavaThread "jar transforms Thread 5" [_thread_blocked, id=23972, stack(0x0000003b1dd00000,0x0000003b1de00000)]
  0x0000016878379cc0 JavaThread "jar transforms Thread 6" [_thread_blocked, id=16572, stack(0x0000003b1de00000,0x0000003b1df00000)]
  0x000001687837a660 JavaThread "jar transforms Thread 7" [_thread_blocked, id=11620, stack(0x0000003b1df00000,0x0000003b1e000000)]
  0x000001687837ab30 JavaThread "jar transforms Thread 8" [_thread_blocked, id=16344, stack(0x0000003b1e000000,0x0000003b1e100000)]
  0x000001687837b000 JavaThread "jar transforms Thread 9" [_thread_blocked, id=25304, stack(0x0000003b1e100000,0x0000003b1e200000)]
  0x000001687837be70 JavaThread "jar transforms Thread 10" [_thread_blocked, id=21948, stack(0x0000003b1e200000,0x0000003b1e300000)]
  0x0000016879d60790 JavaThread "jar transforms Thread 11" [_thread_blocked, id=15512, stack(0x0000003b1e300000,0x0000003b1e400000)]
  0x0000016879d61ad0 JavaThread "jar transforms Thread 12" [_thread_blocked, id=21620, stack(0x0000003b1e400000,0x0000003b1e500000)]
  0x0000016879d5fdf0 JavaThread "Memory manager" [_thread_blocked, id=21860, stack(0x0000003b1e500000,0x0000003b1e600000)]
  0x0000016879d62e10 JavaThread "build event listener" [_thread_blocked, id=15528, stack(0x0000003b1e600000,0x0000003b1e700000)]
  0x0000016879d60c60 JavaThread "pool-3-thread-1" [_thread_blocked, id=728, stack(0x0000003b1e700000,0x0000003b1e800000)]
  0x0000016879d61130 JavaThread "build event listener" [_thread_blocked, id=644, stack(0x0000003b1e800000,0x0000003b1e900000)]
  0x0000016879d61600 JavaThread "Execution worker for ':'" [_thread_blocked, id=2232, stack(0x0000003b1e900000,0x0000003b1ea00000)]
  0x0000016879d61fa0 JavaThread "Execution worker for ':' Thread 2" [_thread_blocked, id=13700, stack(0x0000003b1ea00000,0x0000003b1eb00000)]
  0x0000016879d62470 JavaThread "Execution worker for ':' Thread 3" [_thread_blocked, id=5040, stack(0x0000003b1eb00000,0x0000003b1ec00000)]
  0x0000016879d62940 JavaThread "Execution worker for ':' Thread 4" [_thread_blocked, id=20748, stack(0x0000003b1ec00000,0x0000003b1ed00000)]
  0x00000168777d51f0 JavaThread "Execution worker for ':' Thread 5" [_thread_blocked, id=14208, stack(0x0000003b1ed00000,0x0000003b1ee00000)]
  0x00000168777d21d0 JavaThread "Execution worker for ':' Thread 6" [_thread_blocked, id=8740, stack(0x0000003b1ee00000,0x0000003b1ef00000)]
  0x00000168777d3510 JavaThread "Execution worker for ':' Thread 7" [_thread_blocked, id=22412, stack(0x0000003b1ef00000,0x0000003b1f000000)]
  0x00000168777d56c0 JavaThread "Execution worker for ':' Thread 8" [_thread_blocked, id=16024, stack(0x0000003b1f000000,0x0000003b1f100000)]
  0x00000168777d5b90 JavaThread "Execution worker for ':' Thread 9" [_thread_blocked, id=13664, stack(0x0000003b1f100000,0x0000003b1f200000)]
  0x00000168777d6060 JavaThread "Execution worker for ':' Thread 10" [_thread_blocked, id=21748, stack(0x0000003b1f200000,0x0000003b1f300000)]
  0x00000168777d6530 JavaThread "Execution worker for ':' Thread 11" [_thread_blocked, id=7652, stack(0x0000003b1f300000,0x0000003b1f400000)]
  0x00000168777d4d20 JavaThread "Cache worker for execution history cache (D:\app_dev\QuizApp\.gradle\7.0.2\executionHistory)" [_thread_blocked, id=18384, stack(0x0000003b1f400000,0x0000003b1f500000)]

Other Threads:
=>0x0000016875000bc0 VMThread "VM Thread" [stack: 0x0000003b19d00000,0x0000003b19e00000] [id=19596]
  0x00000168759c9cd0 WatcherThread [stack: 0x0000003b1a800000,0x0000003b1a900000] [id=16536]
  0x0000016855fd97d0 GCTaskThread "GC Thread#0" [stack: 0x0000003b19800000,0x0000003b19900000] [id=8044]
  0x00000168764a0cd0 GCTaskThread "GC Thread#1" [stack: 0x0000003b1ab00000,0x0000003b1ac00000] [id=15160]
  0x00000168764a0340 GCTaskThread "GC Thread#2" [stack: 0x0000003b1ac00000,0x0000003b1ad00000] [id=7504]
  0x000001687649f020 GCTaskThread "GC Thread#3" [stack: 0x0000003b1ad00000,0x0000003b1ae00000] [id=1808]
  0x00000168764a0670 GCTaskThread "GC Thread#4" [stack: 0x0000003b1ae00000,0x0000003b1af00000] [id=14136]
  0x00000168764a09a0 GCTaskThread "GC Thread#5" [stack: 0x0000003b1af00000,0x0000003b1b000000] [id=17348]
  0x000001687649f9b0 GCTaskThread "GC Thread#6" [stack: 0x0000003b1c400000,0x0000003b1c500000] [id=16508]
  0x000001687649fce0 GCTaskThread "GC Thread#7" [stack: 0x0000003b1c500000,0x0000003b1c600000] [id=3328]
  0x00000168793c66a0 GCTaskThread "GC Thread#8" [stack: 0x0000003b1c600000,0x0000003b1c700000] [id=24996]
  0x00000168793c59e0 GCTaskThread "GC Thread#9" [stack: 0x0000003b1c700000,0x0000003b1c800000] [id=24616]
  0x0000016855feb830 ConcurrentGCThread "G1 Main Marker" [stack: 0x0000003b19900000,0x0000003b19a00000] [id=12512]
  0x0000016855fed330 ConcurrentGCThread "G1 Conc#0" [stack: 0x0000003b19a00000,0x0000003b19b00000] [id=7344]
  0x00000168793c7030 ConcurrentGCThread "G1 Conc#1" [stack: 0x0000003b1c800000,0x0000003b1c900000] [id=19024]
  0x00000168793c7360 ConcurrentGCThread "G1 Conc#2" [stack: 0x0000003b1c900000,0x0000003b1ca00000] [id=23088]
  0x000001685606e8f0 ConcurrentGCThread "G1 Refine#0" [stack: 0x0000003b19b00000,0x0000003b19c00000] [id=17468]
  0x000001687cec7f00 ConcurrentGCThread "G1 Refine#1" [stack: 0x0000003b1f500000,0x0000003b1f600000] [id=11892]
  0x000001687cec6400 ConcurrentGCThread "G1 Refine#2" [stack: 0x0000003b1f600000,0x0000003b1f700000] [id=1484]
  0x000001687cec85c0 ConcurrentGCThread "G1 Refine#3" [stack: 0x0000003b1f700000,0x0000003b1f800000] [id=10616]
  0x000001687cec74e0 ConcurrentGCThread "G1 Refine#4" [stack: 0x0000003b1f800000,0x0000003b1f900000] [id=22012]
  0x000001687cec5d40 ConcurrentGCThread "G1 Refine#5" [stack: 0x0000003b1f900000,0x0000003b1fa00000] [id=25296]
  0x000001687cec8920 ConcurrentGCThread "G1 Refine#6" [stack: 0x0000003b1fa00000,0x0000003b1fb00000] [id=24152]
  0x000001687cec60a0 ConcurrentGCThread "G1 Refine#7" [stack: 0x0000003b1fb00000,0x0000003b1fc00000] [id=21672]
  0x0000016874e786b0 ConcurrentGCThread "G1 Young RemSet Sampling" [stack: 0x0000003b19c00000,0x0000003b19d00000] [id=18348]

Threads with active compile tasks:
C2 CompilerThread0     7523 10757       4       org.apache.xerces.dom.CoreDocumentImpl::setUserData (183 bytes)
C1 CompilerThread0     7523 10830       3       sun.nio.cs.UTF_8$Encoder::encodeArrayLoop (489 bytes)
C2 CompilerThread1     7523 10638       4       com.google.common.collect.LinkedListMultimap$DistinctKeyIterator::next (81 bytes)
C2 CompilerThread2     7523 10814       4       com.google.common.base.CharMatcher::countIn (39 bytes)

VM state: at safepoint (normal execution)

VM Mutex/Monitor currently owned by a thread:  ([mutex/lock_event])
[0x0000016855f94430] Threads_lock - owner thread: 0x0000016875000bc0
[0x0000016855f93bc0] Heap_lock - owner thread: 0x0000016855feb830

Heap address: 0x0000000080000000, size: 2048 MB, Compressed Oops mode: 32-bit
CDS archive(s) mapped at: [0x0000000800000000-0x0000000800b50000-0x0000000800b50000), size 11862016, SharedBaseAddress: 0x0000000800000000, ArchiveRelocationMode: 0.
Compressed class space mapped at: 0x0000000800b50000-0x0000000840b50000, size: 1073741824
Narrow klass base: 0x0000000800000000, Narrow klass shift: 3, Narrow klass range: 0x100000000

GC Precious Log:
 CPUs: 12 total, 12 available
 Memory: 16225M
 Large Page Support: Disabled
 NUMA Support: Disabled
 Compressed Oops: Enabled (32-bit)
 Heap Region Size: 1M
 Heap Min Capacity: 8M
 Heap Initial Capacity: 254M
 Heap Max Capacity: 2G
 Pre-touch: Disabled
 Parallel Workers: 10
 Concurrent Workers: 3
 Concurrent Refinement Workers: 10
 Periodic GC: Disabled

Heap:
 garbage-first heap   total 201728K, used 118773K [0x0000000080000000, 0x0000000100000000)
  region size 1024K, 10 young (10240K), 5 survivors (5120K)
 Metaspace       used 76468K, capacity 77591K, committed 77872K, reserved 1116160K
  class space    used 9992K, capacity 10327K, committed 10368K, reserved 1048576K

Heap Regions: E=young(eden), S=young(survivor), O=old, HS=humongous(starts), HC=humongous(continues), CS=collection set, F=free, OA=open archive, CA=closed archive, TAMS=top-at-mark-start (previous, next)
|   0|0x0000000080000000, 0x0000000080100000, 0x0000000080100000|100%| O|  |TAMS 0x0000000080100000, 0x0000000080000000| Updating 
|   1|0x0000000080100000, 0x0000000080200000, 0x0000000080200000|100%| O|  |TAMS 0x0000000080200000, 0x0000000080100000| Updating 
|   2|0x0000000080200000, 0x0000000080300000, 0x0000000080300000|100%| O|  |TAMS 0x0000000080300000, 0x0000000080200000| Updating 
|   3|0x0000000080300000, 0x0000000080400000, 0x0000000080400000|100%|HS|  |TAMS 0x0000000080400000, 0x0000000080300000| Complete 
|   4|0x0000000080400000, 0x0000000080500000, 0x0000000080500000|100%|HC|  |TAMS 0x0000000080500000, 0x0000000080400000| Complete 
|   5|0x0000000080500000, 0x0000000080600000, 0x0000000080600000|100%|HC|  |TAMS 0x0000000080600000, 0x0000000080500000| Complete 
|   6|0x0000000080600000, 0x0000000080700000, 0x0000000080700000|100%| O|  |TAMS 0x0000000080700000, 0x0000000080600000| Updating 
|   7|0x0000000080700000, 0x0000000080800000, 0x0000000080800000|100%| O|  |TAMS 0x0000000080800000, 0x0000000080700000| Updating 
|   8|0x0000000080800000, 0x0000000080900000, 0x0000000080900000|100%| O|  |TAMS 0x0000000080900000, 0x0000000080800000| Updating 
|   9|0x0000000080900000, 0x00000000809f7e00, 0x0000000080a00000| 96%| O|  |TAMS 0x00000000809f7e00, 0x0000000080900000| Updating 
|  10|0x0000000080a00000, 0x0000000080b00000, 0x0000000080b00000|100%| O|  |TAMS 0x0000000080b00000, 0x0000000080a00000| Updating 
|  11|0x0000000080b00000, 0x0000000080c00000, 0x0000000080c00000|100%| O|  |TAMS 0x0000000080c00000, 0x0000000080b00000| Updating 
|  12|0x0000000080c00000, 0x0000000080d00000, 0x0000000080d00000|100%| O|  |TAMS 0x0000000080d00000, 0x0000000080c00000| Updating 
|  13|0x0000000080d00000, 0x0000000080e00000, 0x0000000080e00000|100%| O|  |TAMS 0x0000000080e00000, 0x0000000080d00000| Updating 
|  14|0x0000000080e00000, 0x0000000080f00000, 0x0000000080f00000|100%| O|  |TAMS 0x0000000080f00000, 0x0000000080e00000| Updating 
|  15|0x0000000080f00000, 0x0000000081000000, 0x0000000081000000|100%| O|  |TAMS 0x0000000081000000, 0x0000000080f00000| Updating 
|  16|0x0000000081000000, 0x0000000081100000, 0x0000000081100000|100%| O|  |TAMS 0x0000000081100000, 0x0000000081000000| Updating 
|  17|0x0000000081100000, 0x0000000081200000, 0x0000000081200000|100%| O|  |TAMS 0x0000000081200000, 0x0000000081100000| Updating 
|  18|0x0000000081200000, 0x0000000081300000, 0x0000000081300000|100%| O|  |TAMS 0x0000000081300000, 0x0000000081200000| Updating 
|  19|0x0000000081300000, 0x0000000081400000, 0x0000000081400000|100%| O|  |TAMS 0x0000000081400000, 0x0000000081300000| Updating 
|  20|0x0000000081400000, 0x0000000081500000, 0x0000000081500000|100%| O|  |TAMS 0x0000000081500000, 0x0000000081400000| Updating 
|  21|0x0000000081500000, 0x0000000081600000, 0x0000000081600000|100%| O|  |TAMS 0x0000000081600000, 0x0000000081500000| Updating 
|  22|0x0000000081600000, 0x0000000081700000, 0x0000000081700000|100%| O|  |TAMS 0x0000000081700000, 0x0000000081600000| Updating 
|  23|0x0000000081700000, 0x0000000081800000, 0x0000000081800000|100%| O|  |TAMS 0x0000000081800000, 0x0000000081700000| Updating 
|  24|0x0000000081800000, 0x0000000081900000, 0x0000000081900000|100%|HS|  |TAMS 0x0000000081900000, 0x0000000081800000| Complete 
|  25|0x0000000081900000, 0x0000000081a00000, 0x0000000081a00000|100%|HS|  |TAMS 0x0000000081a00000, 0x0000000081900000| Complete 
|  26|0x0000000081a00000, 0x0000000081b00000, 0x0000000081b00000|100%| O|  |TAMS 0x0000000081b00000, 0x0000000081a00000| Updating 
|  27|0x0000000081b00000, 0x0000000081c00000, 0x0000000081c00000|100%| O|  |TAMS 0x0000000081c00000, 0x0000000081b00000| Updating 
|  28|0x0000000081c00000, 0x0000000081d00000, 0x0000000081d00000|100%| O|  |TAMS 0x0000000081d00000, 0x0000000081c00000| Updating 
|  29|0x0000000081d00000, 0x0000000081e00000, 0x0000000081e00000|100%| O|  |TAMS 0x0000000081e00000, 0x0000000081d00000| Updating 
|  30|0x0000000081e00000, 0x0000000081f00000, 0x0000000081f00000|100%| O|  |TAMS 0x0000000081f00000, 0x0000000081e00000| Updating 
|  31|0x0000000081f00000, 0x0000000082000000, 0x0000000082000000|100%| O|  |TAMS 0x0000000082000000, 0x0000000081f00000| Updating 
|  32|0x0000000082000000, 0x0000000082100000, 0x0000000082100000|100%| O|  |TAMS 0x0000000082100000, 0x0000000082000000| Updating 
|  33|0x0000000082100000, 0x0000000082200000, 0x0000000082200000|100%| O|  |TAMS 0x0000000082200000, 0x0000000082100000| Updating 
|  34|0x0000000082200000, 0x0000000082300000, 0x0000000082300000|100%| O|  |TAMS 0x0000000082300000, 0x0000000082200000| Updating 
|  35|0x0000000082300000, 0x0000000082400000, 0x0000000082400000|100%| O|  |TAMS 0x0000000082400000, 0x0000000082300000| Updating 
|  36|0x0000000082400000, 0x0000000082500000, 0x0000000082500000|100%| O|  |TAMS 0x0000000082500000, 0x0000000082400000| Updating 
|  37|0x0000000082500000, 0x0000000082600000, 0x0000000082600000|100%| O|  |TAMS 0x0000000082600000, 0x0000000082500000| Updating 
|  38|0x0000000082600000, 0x0000000082700000, 0x0000000082700000|100%| O|  |TAMS 0x0000000082700000, 0x0000000082600000| Updating 
|  39|0x0000000082700000, 0x0000000082800000, 0x0000000082800000|100%|HS|  |TAMS 0x0000000082800000, 0x0000000082700000| Complete 
|  40|0x0000000082800000, 0x0000000082900000, 0x0000000082900000|100%|HC|  |TAMS 0x0000000082900000, 0x0000000082800000| Complete 
|  41|0x0000000082900000, 0x0000000082a00000, 0x0000000082a00000|100%| O|  |TAMS 0x0000000082a00000, 0x0000000082900000| Updating 
|  42|0x0000000082a00000, 0x0000000082b00000, 0x0000000082b00000|100%| O|  |TAMS 0x0000000082b00000, 0x0000000082a00000| Updating 
|  43|0x0000000082b00000, 0x0000000082c00000, 0x0000000082c00000|100%| O|  |TAMS 0x0000000082c00000, 0x0000000082b00000| Updating 
|  44|0x0000000082c00000, 0x0000000082d00000, 0x0000000082d00000|100%| O|  |TAMS 0x0000000082d00000, 0x0000000082c00000| Updating 
|  45|0x0000000082d00000, 0x0000000082e00000, 0x0000000082e00000|100%| O|  |TAMS 0x0000000082e00000, 0x0000000082d00000| Updating 
|  46|0x0000000082e00000, 0x0000000082f00000, 0x0000000082f00000|100%| O|  |TAMS 0x0000000082f00000, 0x0000000082e00000| Updating 
|  47|0x0000000082f00000, 0x0000000083000000, 0x0000000083000000|100%| O|  |TAMS 0x0000000083000000, 0x0000000082f00000| Updating 
|  48|0x0000000083000000, 0x0000000083100000, 0x0000000083100000|100%| O|  |TAMS 0x0000000083100000, 0x0000000083000000| Updating 
|  49|0x0000000083100000, 0x0000000083200000, 0x0000000083200000|100%| O|  |TAMS 0x0000000083200000, 0x0000000083100000| Updating 
|  50|0x0000000083200000, 0x0000000083300000, 0x0000000083300000|100%| O|  |TAMS 0x0000000083300000, 0x0000000083200000| Updating 
|  51|0x0000000083300000, 0x0000000083400000, 0x0000000083400000|100%| O|  |TAMS 0x0000000083400000, 0x0000000083300000| Updating 
|  52|0x0000000083400000, 0x0000000083500000, 0x0000000083500000|100%| O|  |TAMS 0x0000000083500000, 0x0000000083400000| Updating 
|  53|0x0000000083500000, 0x0000000083600000, 0x0000000083600000|100%| O|  |TAMS 0x0000000083600000, 0x0000000083500000| Updating 
|  54|0x0000000083600000, 0x0000000083700000, 0x0000000083700000|100%| O|  |TAMS 0x0000000083700000, 0x0000000083600000| Updating 
|  55|0x0000000083700000, 0x0000000083800000, 0x0000000083800000|100%| O|  |TAMS 0x0000000083800000, 0x0000000083700000| Updating 
|  56|0x0000000083800000, 0x0000000083900000, 0x0000000083900000|100%| O|  |TAMS 0x0000000083900000, 0x0000000083800000| Updating 
|  57|0x0000000083900000, 0x0000000083a00000, 0x0000000083a00000|100%| O|  |TAMS 0x0000000083a00000, 0x0000000083900000| Updating 
|  58|0x0000000083a00000, 0x0000000083b00000, 0x0000000083b00000|100%| O|  |TAMS 0x0000000083b00000, 0x0000000083a00000| Updating 
|  59|0x0000000083b00000, 0x0000000083c00000, 0x0000000083c00000|100%| O|  |TAMS 0x0000000083c00000, 0x0000000083b00000| Updating 
|  60|0x0000000083c00000, 0x0000000083d00000, 0x0000000083d00000|100%| O|  |TAMS 0x0000000083d00000, 0x0000000083c00000| Updating 
|  61|0x0000000083d00000, 0x0000000083e00000, 0x0000000083e00000|100%| O|  |TAMS 0x0000000083e00000, 0x0000000083d00000| Updating 
|  62|0x0000000083e00000, 0x0000000083f00000, 0x0000000083f00000|100%| O|  |TAMS 0x0000000083f00000, 0x0000000083e00000| Updating 
|  63|0x0000000083f00000, 0x0000000084000000, 0x0000000084000000|100%| O|  |TAMS 0x0000000084000000, 0x0000000083f00000| Updating 
|  64|0x0000000084000000, 0x0000000084100000, 0x0000000084100000|100%| O|  |TAMS 0x0000000084100000, 0x0000000084000000| Updating 
|  65|0x0000000084100000, 0x0000000084200000, 0x0000000084200000|100%| O|  |TAMS 0x0000000084200000, 0x0000000084100000| Updating 
|  66|0x0000000084200000, 0x0000000084300000, 0x0000000084300000|100%| O|  |TAMS 0x0000000084300000, 0x0000000084200000| Updating 
|  67|0x0000000084300000, 0x0000000084400000, 0x0000000084400000|100%| O|  |TAMS 0x0000000084400000, 0x0000000084300000| Updating 
|  68|0x0000000084400000, 0x0000000084500000, 0x0000000084500000|100%| O|  |TAMS 0x0000000084500000, 0x0000000084400000| Updating 
|  69|0x0000000084500000, 0x0000000084600000, 0x0000000084600000|100%| O|  |TAMS 0x0000000084600000, 0x0000000084500000| Updating 
|  70|0x0000000084600000, 0x0000000084700000, 0x0000000084700000|100%| O|  |TAMS 0x0000000084700000, 0x0000000084600000| Updating 
|  71|0x0000000084700000, 0x0000000084800000, 0x0000000084800000|100%| O|  |TAMS 0x0000000084800000, 0x0000000084700000| Updating 
|  72|0x0000000084800000, 0x0000000084900000, 0x0000000084900000|100%| O|  |TAMS 0x0000000084900000, 0x0000000084800000| Updating 
|  73|0x0000000084900000, 0x0000000084a00000, 0x0000000084a00000|100%| O|  |TAMS 0x0000000084900000, 0x0000000084900000| Untracked 
|  74|0x0000000084a00000, 0x0000000084b00000, 0x0000000084b00000|100%| O|  |TAMS 0x0000000084a00000, 0x0000000084a00000| Untracked 
|  75|0x0000000084b00000, 0x0000000084c00000, 0x0000000084c00000|100%|HS|  |TAMS 0x0000000084c00000, 0x0000000084b00000| Complete 
|  76|0x0000000084c00000, 0x0000000084d00000, 0x0000000084d00000|100%| O|  |TAMS 0x0000000084d00000, 0x0000000084c00000| Updating 
|  77|0x0000000084d00000, 0x0000000084e00000, 0x0000000084e00000|100%| O|  |TAMS 0x0000000084e00000, 0x0000000084d00000| Updating 
|  78|0x0000000084e00000, 0x0000000084f00000, 0x0000000084f00000|100%| O|  |TAMS 0x0000000084f00000, 0x0000000084e00000| Updating 
|  79|0x0000000084f00000, 0x0000000085000000, 0x0000000085000000|100%| O|  |TAMS 0x0000000085000000, 0x0000000084f00000| Updating 
|  80|0x0000000085000000, 0x0000000085100000, 0x0000000085100000|100%| O|  |TAMS 0x0000000085100000, 0x0000000085000000| Updating 
|  81|0x0000000085100000, 0x0000000085200000, 0x0000000085200000|100%| O|  |TAMS 0x0000000085200000, 0x0000000085100000| Updating 
|  82|0x0000000085200000, 0x0000000085300000, 0x0000000085300000|100%| O|  |TAMS 0x0000000085300000, 0x0000000085200000| Updating 
|  83|0x0000000085300000, 0x0000000085400000, 0x0000000085400000|100%| O|  |TAMS 0x0000000085400000, 0x0000000085300000| Updating 
|  84|0x0000000085400000, 0x0000000085500000, 0x0000000085500000|100%| O|  |TAMS 0x0000000085500000, 0x0000000085400000| Updating 
|  85|0x0000000085500000, 0x0000000085600000, 0x0000000085600000|100%| O|  |TAMS 0x0000000085600000, 0x0000000085500000| Updating 
|  86|0x0000000085600000, 0x0000000085700000, 0x0000000085700000|100%| O|  |TAMS 0x0000000085700000, 0x0000000085600000| Updating 
|  87|0x0000000085700000, 0x0000000085800000, 0x0000000085800000|100%| O|  |TAMS 0x0000000085800000, 0x0000000085700000| Updating 
|  88|0x0000000085800000, 0x0000000085900000, 0x0000000085900000|100%| O|  |TAMS 0x0000000085900000, 0x0000000085800000| Updating 
|  89|0x0000000085900000, 0x0000000085a00000, 0x0000000085a00000|100%| O|  |TAMS 0x0000000085a00000, 0x0000000085900000| Updating 
|  90|0x0000000085a00000, 0x0000000085b00000, 0x0000000085b00000|100%| O|  |TAMS 0x0000000085b00000, 0x0000000085a00000| Updating 
|  91|0x0000000085b00000, 0x0000000085c00000, 0x0000000085c00000|100%| O|  |TAMS 0x0000000085bb6800, 0x0000000085b00000| Updating 
|  92|0x0000000085c00000, 0x0000000085d00000, 0x0000000085d00000|100%| O|  |TAMS 0x0000000085c00000, 0x0000000085c00000| Untracked 
|  93|0x0000000085d00000, 0x0000000085e00000, 0x0000000085e00000|100%| O|  |TAMS 0x0000000085d00000, 0x0000000085d00000| Untracked 
|  94|0x0000000085e00000, 0x0000000085f00000, 0x0000000085f00000|100%| O|  |TAMS 0x0000000085e00000, 0x0000000085e00000| Untracked 
|  95|0x0000000085f00000, 0x0000000086000000, 0x0000000086000000|100%| O|  |TAMS 0x0000000085f00000, 0x0000000085f00000| Untracked 
|  96|0x0000000086000000, 0x0000000086100000, 0x0000000086100000|100%| O|  |TAMS 0x0000000086000000, 0x0000000086000000| Untracked 
|  97|0x0000000086100000, 0x0000000086200000, 0x0000000086200000|100%| O|  |TAMS 0x0000000086100000, 0x0000000086100000| Untracked 
|  98|0x0000000086200000, 0x0000000086300000, 0x0000000086300000|100%| O|  |TAMS 0x0000000086200000, 0x0000000086200000| Untracked 
|  99|0x0000000086300000, 0x00000000863b3a00, 0x0000000086400000| 70%| O|  |TAMS 0x0000000086300000, 0x0000000086300000| Updating 
| 100|0x0000000086400000, 0x0000000086500000, 0x0000000086500000|100%|HS|  |TAMS 0x0000000086400000, 0x0000000086400000| Complete 
| 101|0x0000000086500000, 0x0000000086600000, 0x0000000086600000|100%|HS|  |TAMS 0x0000000086500000, 0x0000000086500000| Complete 
| 102|0x0000000086600000, 0x0000000086700000, 0x0000000086700000|100%|HC|  |TAMS 0x0000000086600000, 0x0000000086600000| Complete 
| 103|0x0000000086700000, 0x0000000086800000, 0x0000000086800000|100%|HS|  |TAMS 0x0000000086700000, 0x0000000086700000| Complete 
| 104|0x0000000086800000, 0x0000000086900000, 0x0000000086900000|100%|HS|  |TAMS 0x0000000086800000, 0x0000000086800000| Complete 
| 105|0x0000000086900000, 0x0000000086a00000, 0x0000000086a00000|100%|HC|  |TAMS 0x0000000086900000, 0x0000000086900000| Complete 
| 106|0x0000000086a00000, 0x0000000086b00000, 0x0000000086b00000|100%|HS|  |TAMS 0x0000000086a00000, 0x0000000086a00000| Complete 
| 107|0x0000000086b00000, 0x0000000086c00000, 0x0000000086c00000|100%|HC|  |TAMS 0x0000000086b00000, 0x0000000086b00000| Complete 
| 108|0x0000000086c00000, 0x0000000086c00000, 0x0000000086d00000|  0%| F|  |TAMS 0x0000000086c00000, 0x0000000086c00000| Untracked 
| 109|0x0000000086d00000, 0x0000000086d00000, 0x0000000086e00000|  0%| F|  |TAMS 0x0000000086d00000, 0x0000000086d00000| Untracked 
| 110|0x0000000086e00000, 0x0000000086e00000, 0x0000000086f00000|  0%| F|  |TAMS 0x0000000086e00000, 0x0000000086e00000| Untracked 
| 111|0x0000000086f00000, 0x0000000086f00000, 0x0000000087000000|  0%| F|  |TAMS 0x0000000086f00000, 0x0000000086f00000| Untracked 
| 112|0x0000000087000000, 0x0000000087000000, 0x0000000087100000|  0%| F|  |TAMS 0x0000000087000000, 0x0000000087000000| Untracked 
| 113|0x0000000087100000, 0x0000000087100000, 0x0000000087200000|  0%| F|  |TAMS 0x0000000087100000, 0x0000000087100000| Untracked 
| 114|0x0000000087200000, 0x0000000087200000, 0x0000000087300000|  0%| F|  |TAMS 0x0000000087200000, 0x0000000087200000| Untracked 
| 115|0x0000000087300000, 0x0000000087300000, 0x0000000087400000|  0%| F|  |TAMS 0x0000000087300000, 0x0000000087300000| Untracked 
| 116|0x0000000087400000, 0x0000000087400000, 0x0000000087500000|  0%| F|  |TAMS 0x0000000087400000, 0x0000000087400000| Untracked 
| 117|0x0000000087500000, 0x0000000087500000, 0x0000000087600000|  0%| F|  |TAMS 0x0000000087500000, 0x0000000087500000| Untracked 
| 118|0x0000000087600000, 0x0000000087600000, 0x0000000087700000|  0%| F|  |TAMS 0x0000000087600000, 0x0000000087600000| Untracked 
| 119|0x0000000087700000, 0x0000000087700000, 0x0000000087800000|  0%| F|  |TAMS 0x0000000087700000, 0x0000000087700000| Untracked 
| 120|0x0000000087800000, 0x0000000087800000, 0x0000000087900000|  0%| F|  |TAMS 0x0000000087800000, 0x0000000087800000| Untracked 
| 121|0x0000000087900000, 0x0000000087900000, 0x0000000087a00000|  0%| F|  |TAMS 0x0000000087900000, 0x0000000087900000| Untracked 
| 122|0x0000000087a00000, 0x0000000087a00000, 0x0000000087b00000|  0%| F|  |TAMS 0x0000000087a00000, 0x0000000087a00000| Untracked 
| 123|0x0000000087b00000, 0x0000000087b00000, 0x0000000087c00000|  0%| F|  |TAMS 0x0000000087b00000, 0x0000000087b00000| Untracked 
| 124|0x0000000087c00000, 0x0000000087c00000, 0x0000000087d00000|  0%| F|  |TAMS 0x0000000087c00000, 0x0000000087c00000| Untracked 
| 125|0x0000000087d00000, 0x0000000087d00000, 0x0000000087e00000|  0%| F|  |TAMS 0x0000000087d00000, 0x0000000087d00000| Untracked 
| 126|0x0000000087e00000, 0x0000000087e00000, 0x0000000087f00000|  0%| F|  |TAMS 0x0000000087e00000, 0x0000000087e00000| Untracked 
| 127|0x0000000087f00000, 0x0000000087f00000, 0x0000000088000000|  0%| F|  |TAMS 0x0000000087f00000, 0x0000000087f00000| Untracked 
| 128|0x0000000088000000, 0x0000000088000000, 0x0000000088100000|  0%| F|  |TAMS 0x0000000088000000, 0x0000000088000000| Untracked 
| 129|0x0000000088100000, 0x0000000088100000, 0x0000000088200000|  0%| F|  |TAMS 0x0000000088100000, 0x0000000088100000| Untracked 
| 130|0x0000000088200000, 0x0000000088200000, 0x0000000088300000|  0%| F|  |TAMS 0x0000000088200000, 0x0000000088200000| Untracked 
| 131|0x0000000088300000, 0x0000000088300000, 0x0000000088400000|  0%| F|  |TAMS 0x0000000088300000, 0x0000000088300000| Untracked 
| 132|0x0000000088400000, 0x0000000088400000, 0x0000000088500000|  0%| F|  |TAMS 0x0000000088400000, 0x0000000088400000| Untracked 
| 133|0x0000000088500000, 0x0000000088500000, 0x0000000088600000|  0%| F|  |TAMS 0x0000000088500000, 0x0000000088500000| Untracked 
| 134|0x0000000088600000, 0x0000000088600000, 0x0000000088700000|  0%| F|  |TAMS 0x0000000088600000, 0x0000000088600000| Untracked 
| 135|0x0000000088700000, 0x0000000088700000, 0x0000000088800000|  0%| F|  |TAMS 0x0000000088700000, 0x0000000088700000| Untracked 
| 136|0x0000000088800000, 0x0000000088800000, 0x0000000088900000|  0%| F|  |TAMS 0x0000000088800000, 0x0000000088800000| Untracked 
| 137|0x0000000088900000, 0x0000000088900000, 0x0000000088a00000|  0%| F|  |TAMS 0x0000000088900000, 0x0000000088900000| Untracked 
| 138|0x0000000088a00000, 0x0000000088a00000, 0x0000000088b00000|  0%| F|  |TAMS 0x0000000088a00000, 0x0000000088a00000| Untracked 
| 139|0x0000000088b00000, 0x0000000088b00000, 0x0000000088c00000|  0%| F|  |TAMS 0x0000000088b00000, 0x0000000088b00000| Untracked 
| 140|0x0000000088c00000, 0x0000000088c00000, 0x0000000088d00000|  0%| F|  |TAMS 0x0000000088c00000, 0x0000000088c00000| Untracked 
| 141|0x0000000088d00000, 0x0000000088d00000, 0x0000000088e00000|  0%| F|  |TAMS 0x0000000088d00000, 0x0000000088d00000| Untracked 
| 142|0x0000000088e00000, 0x0000000088e00000, 0x0000000088f00000|  0%| F|  |TAMS 0x0000000088e00000, 0x0000000088e00000| Untracked 
| 143|0x0000000088f00000, 0x0000000088f00000, 0x0000000089000000|  0%| F|  |TAMS 0x0000000088f00000, 0x0000000088f00000| Untracked 
| 144|0x0000000089000000, 0x0000000089000000, 0x0000000089100000|  0%| F|  |TAMS 0x0000000089000000, 0x0000000089000000| Untracked 
| 145|0x0000000089100000, 0x0000000089100000, 0x0000000089200000|  0%| F|  |TAMS 0x0000000089100000, 0x0000000089100000| Untracked 
| 146|0x0000000089200000, 0x0000000089200000, 0x0000000089300000|  0%| F|  |TAMS 0x0000000089200000, 0x0000000089200000| Untracked 
| 147|0x0000000089300000, 0x0000000089351f10, 0x0000000089400000| 32%| S|CS|TAMS 0x0000000089300000, 0x0000000089300000| Complete 
| 148|0x0000000089400000, 0x0000000089500000, 0x0000000089500000|100%| S|CS|TAMS 0x0000000089400000, 0x0000000089400000| Complete 
| 149|0x0000000089500000, 0x0000000089600000, 0x0000000089600000|100%| S|CS|TAMS 0x0000000089500000, 0x0000000089500000| Complete 
| 150|0x0000000089600000, 0x0000000089700000, 0x0000000089700000|100%| S|CS|TAMS 0x0000000089600000, 0x0000000089600000| Complete 
| 151|0x0000000089700000, 0x0000000089800000, 0x0000000089800000|100%| S|CS|TAMS 0x0000000089700000, 0x0000000089700000| Complete 
| 152|0x0000000089800000, 0x0000000089800000, 0x0000000089900000|  0%| F|  |TAMS 0x0000000089800000, 0x0000000089800000| Untracked 
| 153|0x0000000089900000, 0x0000000089900000, 0x0000000089a00000|  0%| F|  |TAMS 0x0000000089900000, 0x0000000089900000| Untracked 
| 154|0x0000000089a00000, 0x0000000089a00000, 0x0000000089b00000|  0%| F|  |TAMS 0x0000000089a00000, 0x0000000089a00000| Untracked 
| 155|0x0000000089b00000, 0x0000000089b00000, 0x0000000089c00000|  0%| F|  |TAMS 0x0000000089b00000, 0x0000000089b00000| Untracked 
| 156|0x0000000089c00000, 0x0000000089c00000, 0x0000000089d00000|  0%| F|  |TAMS 0x0000000089c00000, 0x0000000089c00000| Untracked 
| 157|0x0000000089d00000, 0x0000000089d00000, 0x0000000089e00000|  0%| F|  |TAMS 0x0000000089d00000, 0x0000000089d00000| Untracked 
| 158|0x0000000089e00000, 0x0000000089e00000, 0x0000000089f00000|  0%| F|  |TAMS 0x0000000089e00000, 0x0000000089e00000| Untracked 
| 159|0x0000000089f00000, 0x0000000089f00000, 0x000000008a000000|  0%| F|  |TAMS 0x0000000089f00000, 0x0000000089f00000| Untracked 
| 160|0x000000008a000000, 0x000000008a000000, 0x000000008a100000|  0%| F|  |TAMS 0x000000008a000000, 0x000000008a000000| Untracked 
| 161|0x000000008a100000, 0x000000008a100000, 0x000000008a200000|  0%| F|  |TAMS 0x000000008a100000, 0x000000008a100000| Untracked 
| 162|0x000000008a200000, 0x000000008a200000, 0x000000008a300000|  0%| F|  |TAMS 0x000000008a200000, 0x000000008a200000| Untracked 
| 163|0x000000008a300000, 0x000000008a300000, 0x000000008a400000|  0%| F|  |TAMS 0x000000008a300000, 0x000000008a300000| Untracked 
| 164|0x000000008a400000, 0x000000008a400000, 0x000000008a500000|  0%| F|  |TAMS 0x000000008a400000, 0x000000008a400000| Untracked 
| 165|0x000000008a500000, 0x000000008a500000, 0x000000008a600000|  0%| F|  |TAMS 0x000000008a500000, 0x000000008a500000| Untracked 
| 166|0x000000008a600000, 0x000000008a600000, 0x000000008a700000|  0%| F|  |TAMS 0x000000008a600000, 0x000000008a600000| Untracked 
| 167|0x000000008a700000, 0x000000008a700000, 0x000000008a800000|  0%| F|  |TAMS 0x000000008a700000, 0x000000008a700000| Untracked 
| 168|0x000000008a800000, 0x000000008a800000, 0x000000008a900000|  0%| F|  |TAMS 0x000000008a800000, 0x000000008a800000| Untracked 
| 169|0x000000008a900000, 0x000000008a96ae40, 0x000000008aa00000| 41%| E|  |TAMS 0x000000008a900000, 0x000000008a900000| Complete 
| 170|0x000000008aa00000, 0x000000008ab00000, 0x000000008ab00000|100%| E|CS|TAMS 0x000000008aa00000, 0x000000008aa00000| Complete 
| 171|0x000000008ab00000, 0x000000008ac00000, 0x000000008ac00000|100%| E|CS|TAMS 0x000000008ab00000, 0x000000008ab00000| Complete 
| 172|0x000000008ac00000, 0x000000008ad00000, 0x000000008ad00000|100%| E|CS|TAMS 0x000000008ac00000, 0x000000008ac00000| Complete 
| 253|0x000000008fd00000, 0x000000008fe00000, 0x000000008fe00000|100%| E|CS|TAMS 0x000000008fd00000, 0x000000008fd00000| Complete 

Card table byte_map: [0x000001686db20000,0x000001686df20000] _byte_map_base: 0x000001686d720000

Marking Bits (Prev, Next): (CMBitMap*) 0x0000016855fdaf10, (CMBitMap*) 0x0000016855fdaed0
 Prev Bits: [0x0000016870320000, 0x0000016872320000)
 Next Bits: [0x000001686e320000, 0x0000016870320000)

Polling page: 0x0000016855770000

Metaspace:

Usage:
  Non-class:     65.69 MB capacity,    64.92 MB ( 99%) used,   678.45 KB (  1%) free+waste,   109.56 KB ( <1%) overhead. 
      Class:     10.08 MB capacity,     9.76 MB ( 97%) used,   290.02 KB (  3%) free+waste,    44.00 KB ( <1%) overhead. 
       Both:     75.77 MB capacity,    74.68 MB ( 99%) used,   968.47 KB (  1%) free+waste,   153.56 KB ( <1%) overhead. 

Virtual space:
  Non-class space:       66.00 MB reserved,      65.92 MB (>99%) committed 
      Class space:        1.00 GB reserved,      10.12 MB ( <1%) committed 
             Both:        1.06 GB reserved,      76.05 MB (  7%) committed 

Chunk freelists:
   Non-Class:  48.00 KB
       Class:  9.00 KB
        Both:  57.00 KB

MaxMetaspaceSize: 17179869184.00 GB
CompressedClassSpaceSize: 1.00 GB

CodeHeap 'non-profiled nmethods': size=120000Kb used=5673Kb max_used=6039Kb free=114326Kb
 bounds [0x0000016865ca0000, 0x0000016866290000, 0x000001686d1d0000]
CodeHeap 'profiled nmethods': size=120000Kb used=19043Kb max_used=20063Kb free=100956Kb
 bounds [0x000001685e770000, 0x000001685fb10000, 0x0000016865ca0000]
CodeHeap 'non-nmethods': size=5760Kb used=2385Kb max_used=2514Kb free=3374Kb
 bounds [0x000001685e1d0000, 0x000001685e450000, 0x000001685e770000]
 total_blobs=10462 nmethods=9588 adapters=786
 compilation: enabled
              stopped_count=0, restarted_count=0
 full_count=0

Compilation events (20 events):
Event: 7.485 Thread 0x0000016875825ef0 nmethod 10821 0x000001685fb07d90 code [0x000001685fb07f20, 0x000001685fb080f8]
Event: 7.493 Thread 0x00000168758235d0 nmethod 10818 0x000001686627d590 code [0x000001686627d780, 0x000001686627e230]
Event: 7.493 Thread 0x00000168758235d0 10757       4       org.apache.xerces.dom.CoreDocumentImpl::setUserData (183 bytes)
Event: 7.494 Thread 0x0000016875ec1150 nmethod 10637 0x000001686627ea10 code [0x000001686627ee00, 0x0000016866284938]
Event: 7.495 Thread 0x0000016875ec1150 10804       4       com.android.utils.XmlUtils::toXmlAttributeValue (89 bytes)
Event: 7.496 Thread 0x0000016875825ef0 10823       1       org.apache.xerces.dom.CoreDocumentImpl::isXML11Version (5 bytes)
Event: 7.496 Thread 0x0000016875825ef0 nmethod 10823 0x0000016865d84f10 code [0x0000016865d850a0, 0x0000016865d85158]
Event: 7.497 Thread 0x0000016875825ef0 10824 %     3       sun.nio.cs.UTF_8$Encoder::encodeArrayLoop @ 109 (489 bytes)
Event: 7.500 Thread 0x0000016875825ef0 nmethod 10824% 0x000001685e966290 code [0x000001685e966840, 0x000001685e969d88]
Event: 7.500 Thread 0x0000016875825ef0 10825       1       com.google.common.cache.LocalCache$2::poll (2 bytes)
Event: 7.500 Thread 0x0000016875ec1150 nmethod 10804 0x0000016865f48590 code [0x0000016865f48720, 0x0000016865f48c78]
Event: 7.500 Thread 0x0000016875825ef0 nmethod 10825 0x0000016865dde110 code [0x0000016865dde2a0, 0x0000016865dde358]
Event: 7.500 Thread 0x0000016875ec1150 10806       4       com.android.utils.XmlUtils::toXmlTextValue (65 bytes)
Event: 7.500 Thread 0x0000016875825ef0 10828 %     3       sun.nio.cs.UTF_8$Encoder::encodeArrayLoop @ 73 (489 bytes)
Event: 7.503 Thread 0x0000016875825ef0 nmethod 10828% 0x000001685ee26a90 code [0x000001685ee27040, 0x000001685ee2a5a8]
Event: 7.503 Thread 0x0000016875825ef0 10829       2       org.apache.xerces.dom.AttributeMap::setNamedItem (314 bytes)
Event: 7.504 Thread 0x0000016875825ef0 nmethod 10829 0x000001685ea4bd90 code [0x000001685ea4c0a0, 0x000001685ea4cc98]
Event: 7.504 Thread 0x0000016875825ef0 10830       3       sun.nio.cs.UTF_8$Encoder::encodeArrayLoop (489 bytes)
Event: 7.505 Thread 0x0000016875ec1150 nmethod 10806 0x0000016865df4510 code [0x0000016865df46a0, 0x0000016865df4a18]
Event: 7.505 Thread 0x0000016875ec1150 10814       4       com.google.common.base.CharMatcher::countIn (39 bytes)

GC Heap History (20 events):
Event: 4.611 GC heap before
{Heap before GC invocations=23 (full 0):
 garbage-first heap   total 113664K, used 88949K [0x0000000080000000, 0x0000000100000000)
  region size 1024K, 37 young (37888K), 3 survivors (3072K)
 Metaspace       used 58631K, capacity 59538K, committed 59824K, reserved 1101824K
  class space    used 7620K, capacity 7886K, committed 7936K, reserved 1048576K
}
Event: 4.614 GC heap after
{Heap after GC invocations=24 (full 0):
 garbage-first heap   total 113664K, used 57024K [0x0000000080000000, 0x0000000100000000)
  region size 1024K, 5 young (5120K), 5 survivors (5120K)
 Metaspace       used 58631K, capacity 59538K, committed 59824K, reserved 1101824K
  class space    used 7620K, capacity 7886K, committed 7936K, reserved 1048576K
}
Event: 4.848 GC heap before
{Heap before GC invocations=25 (full 0):
 garbage-first heap   total 113664K, used 90816K [0x0000000080000000, 0x0000000100000000)
  region size 1024K, 38 young (38912K), 5 survivors (5120K)
 Metaspace       used 61370K, capacity 62297K, committed 62512K, reserved 1103872K
  class space    used 8049K, capacity 8310K, committed 8320K, reserved 1048576K
}
Event: 4.852 GC heap after
{Heap after GC invocations=26 (full 0):
 garbage-first heap   total 113664K, used 59915K [0x0000000080000000, 0x0000000100000000)
  region size 1024K, 3 young (3072K), 3 survivors (3072K)
 Metaspace       used 61370K, capacity 62297K, committed 62512K, reserved 1103872K
  class space    used 8049K, capacity 8310K, committed 8320K, reserved 1048576K
}
Event: 5.082 GC heap before
{Heap before GC invocations=26 (full 0):
 garbage-first heap   total 113664K, used 91659K [0x0000000080000000, 0x0000000100000000)
  region size 1024K, 34 young (34816K), 3 survivors (3072K)
 Metaspace       used 63563K, capacity 64579K, committed 64688K, reserved 1105920K
  class space    used 8374K, capacity 8683K, committed 8704K, reserved 1048576K
}
Event: 5.085 GC heap after
{Heap after GC invocations=27 (full 0):
 garbage-first heap   total 113664K, used 62027K [0x0000000080000000, 0x0000000100000000)
  region size 1024K, 5 young (5120K), 5 survivors (5120K)
 Metaspace       used 63563K, capacity 64579K, committed 64688K, reserved 1105920K
  class space    used 8374K, capacity 8683K, committed 8704K, reserved 1048576K
}
Event: 5.378 GC heap before
{Heap before GC invocations=28 (full 0):
 garbage-first heap   total 113664K, used 92747K [0x0000000080000000, 0x0000000100000000)
  region size 1024K, 35 young (35840K), 5 survivors (5120K)
 Metaspace       used 67886K, capacity 68907K, committed 69168K, reserved 1110016K
  class space    used 8963K, capacity 9254K, committed 9344K, reserved 1048576K
}
Event: 5.382 GC heap after
{Heap after GC invocations=29 (full 0):
 garbage-first heap   total 137216K, used 64255K [0x0000000080000000, 0x0000000100000000)
  region size 1024K, 5 young (5120K), 5 survivors (5120K)
 Metaspace       used 67886K, capacity 68907K, committed 69168K, reserved 1110016K
  class space    used 8963K, capacity 9254K, committed 9344K, reserved 1048576K
}
Event: 5.769 GC heap before
{Heap before GC invocations=29 (full 0):
 garbage-first heap   total 137216K, used 110335K [0x0000000080000000, 0x0000000100000000)
  region size 1024K, 50 young (51200K), 5 survivors (5120K)
 Metaspace       used 71721K, capacity 72830K, committed 73008K, reserved 1112064K
  class space    used 9411K, capacity 9733K, committed 9856K, reserved 1048576K
}
Event: 5.774 GC heap after
{Heap after GC invocations=30 (full 0):
 garbage-first heap   total 137216K, used 69836K [0x0000000080000000, 0x0000000100000000)
  region size 1024K, 7 young (7168K), 7 survivors (7168K)
 Metaspace       used 71721K, capacity 72830K, committed 73008K, reserved 1112064K
  class space    used 9411K, capacity 9733K, committed 9856K, reserved 1048576K
}
Event: 6.060 GC heap before
{Heap before GC invocations=30 (full 0):
 garbage-first heap   total 137216K, used 108748K [0x0000000080000000, 0x0000000100000000)
  region size 1024K, 46 young (47104K), 7 survivors (7168K)
 Metaspace       used 73713K, capacity 74847K, committed 75184K, reserved 1114112K
  class space    used 9769K, capacity 10141K, committed 10240K, reserved 1048576K
}
Event: 6.066 GC heap after
{Heap after GC invocations=31 (full 0):
 garbage-first heap   total 137216K, used 74241K [0x0000000080000000, 0x0000000100000000)
  region size 1024K, 5 young (5120K), 5 survivors (5120K)
 Metaspace       used 73713K, capacity 74847K, committed 75184K, reserved 1114112K
  class space    used 9769K, capacity 10141K, committed 10240K, reserved 1048576K
}
Event: 6.209 GC heap before
{Heap before GC invocations=32 (full 0):
 garbage-first heap   total 148480K, used 109057K [0x0000000080000000, 0x0000000100000000)
  region size 1024K, 40 young (40960K), 5 survivors (5120K)
 Metaspace       used 73947K, capacity 75046K, committed 75184K, reserved 1114112K
  class space    used 9771K, capacity 10143K, committed 10240K, reserved 1048576K
}
Event: 6.212 GC heap after
{Heap after GC invocations=33 (full 0):
 garbage-first heap   total 148480K, used 76687K [0x0000000080000000, 0x0000000100000000)
  region size 1024K, 3 young (3072K), 3 survivors (3072K)
 Metaspace       used 73947K, capacity 75046K, committed 75184K, reserved 1114112K
  class space    used 9771K, capacity 10143K, committed 10240K, reserved 1048576K
}
Event: 6.470 GC heap before
{Heap before GC invocations=33 (full 0):
 garbage-first heap   total 148480K, used 119695K [0x0000000080000000, 0x0000000100000000)
  region size 1024K, 46 young (47104K), 3 survivors (3072K)
 Metaspace       used 74376K, capacity 75430K, committed 75696K, reserved 1114112K
  class space    used 9796K, capacity 10143K, committed 10240K, reserved 1048576K
}
Event: 6.473 GC heap after
{Heap after GC invocations=34 (full 0):
 garbage-first heap   total 178176K, used 78956K [0x0000000080000000, 0x0000000100000000)
  region size 1024K, 5 young (5120K), 5 survivors (5120K)
 Metaspace       used 74376K, capacity 75430K, committed 75696K, reserved 1114112K
  class space    used 9796K, capacity 10143K, committed 10240K, reserved 1048576K
}
Event: 7.232 GC heap before
{Heap before GC invocations=35 (full 0):
 garbage-first heap   total 178176K, used 145516K [0x0000000080000000, 0x0000000100000000)
  region size 1024K, 68 young (69632K), 5 survivors (5120K)
 Metaspace       used 75941K, capacity 77111K, committed 77360K, reserved 1116160K
  class space    used 9952K, capacity 10295K, committed 10368K, reserved 1048576K
}
Event: 7.241 GC heap after
{Heap after GC invocations=36 (full 0):
 garbage-first heap   total 178176K, used 101049K [0x0000000080000000, 0x0000000100000000)
  region size 1024K, 9 young (9216K), 9 survivors (9216K)
 Metaspace       used 75941K, capacity 77111K, committed 77360K, reserved 1116160K
  class space    used 9952K, capacity 10295K, committed 10368K, reserved 1048576K
}
Event: 7.434 GC heap before
{Heap before GC invocations=36 (full 0):
 garbage-first heap   total 178176K, used 122553K [0x0000000080000000, 0x0000000100000000)
  region size 1024K, 31 young (31744K), 9 survivors (9216K)
 Metaspace       used 76371K, capacity 77495K, committed 77616K, reserved 1116160K
  class space    used 9982K, capacity 10295K, committed 10368K, reserved 1048576K
}
Event: 7.440 GC heap after
{Heap after GC invocations=37 (full 0):
 garbage-first heap   total 178176K, used 106485K [0x0000000080000000, 0x0000000100000000)
  region size 1024K, 5 young (5120K), 5 survivors (5120K)
 Metaspace       used 76371K, capacity 77495K, committed 77616K, reserved 1116160K
  class space    used 9982K, capacity 10295K, committed 10368K, reserved 1048576K
}

Deoptimization events (20 events):
Event: 7.487 Thread 0x00000168777d56c0 DEOPT PACKING pc=0x000001685faf2168 sp=0x0000003b1f0f9570
Event: 7.487 Thread 0x00000168777d56c0 DEOPT UNPACKING pc=0x000001685e21e23f sp=0x0000003b1f0f8a80 mode 0
Event: 7.496 Thread 0x00000168777d56c0 DEOPT PACKING pc=0x000001685faf2168 sp=0x0000003b1f0f9570
Event: 7.496 Thread 0x00000168777d56c0 DEOPT UNPACKING pc=0x000001685e21e23f sp=0x0000003b1f0f8a80 mode 0
Event: 7.496 Thread 0x00000168777d56c0 DEOPT PACKING pc=0x000001685faf65e0 sp=0x0000003b1f0f9570
Event: 7.496 Thread 0x00000168777d56c0 DEOPT UNPACKING pc=0x000001685e21e23f sp=0x0000003b1f0f8a80 mode 0
Event: 7.497 Thread 0x00000168777d56c0 Uncommon trap: trap_request=0xffffff45 fr.pc=0x000001686627dd80 relative=0x0000000000000600
Event: 7.497 Thread 0x00000168777d56c0 Uncommon trap: reason=unstable_if action=reinterpret pc=0x000001686627dd80 method=sun.nio.cs.UTF_8$Encoder.encodeArrayLoop(Ljava/nio/CharBuffer;Ljava/nio/ByteBuffer;)Ljava/nio/charset/CoderResult; @ 87 c2
Event: 7.497 Thread 0x00000168777d56c0 DEOPT PACKING pc=0x000001686627dd80 sp=0x0000003b1f0f95d0
Event: 7.497 Thread 0x00000168777d56c0 DEOPT UNPACKING pc=0x000001685e21e42f sp=0x0000003b1f0f9568 mode 2
Event: 7.500 Thread 0x00000168777d56c0 DEOPT PACKING pc=0x000001685faf2168 sp=0x0000003b1f0f9570
Event: 7.500 Thread 0x00000168777d56c0 DEOPT UNPACKING pc=0x000001685e21e23f sp=0x0000003b1f0f8a80 mode 0
Event: 7.504 Thread 0x00000168777d56c0 DEOPT PACKING pc=0x000001685e96971e sp=0x0000003b1f0f94c0
Event: 7.504 Thread 0x00000168777d56c0 DEOPT UNPACKING pc=0x000001685e21e23f sp=0x0000003b1f0f8a68 mode 0
Event: 7.505 Thread 0x00000168777d56c0 DEOPT PACKING pc=0x000001685faf8da4 sp=0x0000003b1f0f9530
Event: 7.505 Thread 0x00000168777d56c0 DEOPT UNPACKING pc=0x000001685e21e23f sp=0x0000003b1f0f89c8 mode 0
Event: 7.505 Thread 0x00000168777d56c0 DEOPT PACKING pc=0x000001685faf65e0 sp=0x0000003b1f0f9570
Event: 7.505 Thread 0x00000168777d56c0 DEOPT UNPACKING pc=0x000001685e21e23f sp=0x0000003b1f0f8a80 mode 0
Event: 7.506 Thread 0x00000168777d56c0 DEOPT PACKING pc=0x000001685e96971e sp=0x0000003b1f0f94c0
Event: 7.506 Thread 0x00000168777d56c0 DEOPT UNPACKING pc=0x000001685e21e23f sp=0x0000003b1f0f8a68 mode 0

Classes unloaded (11 events):
Event: 6.518 Thread 0x0000016875000bc0 Unloading class 0x00000008014ca440 'java/lang/invoke/LambdaForm$DMH+0x00000008014ca440'
Event: 6.518 Thread 0x0000016875000bc0 Unloading class 0x00000008014ca040 'java/lang/invoke/LambdaForm$DMH+0x00000008014ca040'
Event: 6.518 Thread 0x0000016875000bc0 Unloading class 0x00000008014cac40 'java/lang/invoke/LambdaForm$DMH+0x00000008014cac40'
Event: 6.518 Thread 0x0000016875000bc0 Unloading class 0x00000008014ca840 'java/lang/invoke/LambdaForm$DMH+0x00000008014ca840'
Event: 6.518 Thread 0x0000016875000bc0 Unloading class 0x00000008014cb440 'java/lang/invoke/LambdaForm$DMH+0x00000008014cb440'
Event: 6.518 Thread 0x0000016875000bc0 Unloading class 0x00000008014cb040 'java/lang/invoke/LambdaForm$DMH+0x00000008014cb040'
Event: 6.518 Thread 0x0000016875000bc0 Unloading class 0x00000008014cbc40 'java/lang/invoke/LambdaForm$DMH+0x00000008014cbc40'
Event: 6.518 Thread 0x0000016875000bc0 Unloading class 0x00000008014cc040 'java/lang/invoke/LambdaForm$DMH+0x00000008014cc040'
Event: 6.518 Thread 0x0000016875000bc0 Unloading class 0x00000008014cb840 'java/lang/invoke/LambdaForm$DMH+0x00000008014cb840'
Event: 6.518 Thread 0x0000016875000bc0 Unloading class 0x00000008014ccc40 'java/lang/invoke/LambdaForm$DMH+0x00000008014ccc40'
Event: 6.518 Thread 0x0000016875000bc0 Unloading class 0x00000008014cc840 'java/lang/invoke/LambdaForm$DMH+0x00000008014cc840'

Classes redefined (0 events):
No events

Internal exceptions (20 events):
Event: 5.742 Thread 0x0000016879d62e10 Exception <a 'java/lang/NoSuchMethodError'{0x0000000086bb4e78}: static [Ljava/lang/String;.<clinit>()V> (0x0000000086bb4e78) 
thrown [./open/src/hotspot/share/prims/jni.cpp, line 1204]
Event: 5.760 Thread 0x0000016877278440 Exception <a 'java/lang/NoSuchMethodError'{0x00000000859b7000}: static Lorg/gradle/internal/build/event/types/DefaultTaskSkippedResult;.<clinit>()V> (0x00000000859b7000) 
thrown [./open/src/hotspot/share/prims/jni.cpp, line 1204]
Event: 5.987 Thread 0x0000016878376ca0 Exception <a 'java/lang/NoSuchMethodError'{0x000000008711d810}: 'java.lang.Object java.lang.invoke.DirectMethodHandle$Holder.invokeSpecialIFC(java.lang.Object, java.lang.Object, java.lang.Object)'> (0x000000008711d810) 
thrown [./open/src/hotspot/share/interpreter/linkResolver.cpp, line 782]
Event: 5.987 Thread 0x000001687837b4d0 Exception <a 'java/lang/NoSuchMethodError'{0x00000000872e6040}: 'java.lang.Object java.lang.invoke.DirectMethodHandle$Holder.invokeSpecialIFC(java.lang.Object, java.lang.Object, java.lang.Object)'> (0x00000000872e6040) 
thrown [./open/src/hotspot/share/interpreter/linkResolver.cpp, line 782]
Event: 5.987 Thread 0x0000016878377170 Exception <a 'java/lang/NoSuchMethodError'{0x0000000087152598}: 'java.lang.Object java.lang.invoke.DirectMethodHandle$Holder.invokeSpecialIFC(java.lang.Object, java.lang.Object, java.lang.Object)'> (0x0000000087152598) 
thrown [./open/src/hotspot/share/interpreter/linkResolver.cpp, line 782]
Event: 5.987 Thread 0x0000016878378e50 Exception <a 'java/lang/NoSuchMethodError'{0x00000000871607a8}: 'java.lang.Object java.lang.invoke.DirectMethodHandle$Holder.invokeSpecialIFC(java.lang.Object, java.lang.Object, java.lang.Object)'> (0x00000000871607a8) 
thrown [./open/src/hotspot/share/interpreter/linkResolver.cpp, line 782]
Event: 5.987 Thread 0x000001687837b9a0 Exception <a 'java/lang/NoSuchMethodError'{0x000000008712aad8}: 'java.lang.Object java.lang.invoke.DirectMethodHandle$Holder.invokeSpecialIFC(java.lang.Object, java.lang.Object, java.lang.Object)'> (0x000000008712aad8) 
thrown [./open/src/hotspot/share/interpreter/linkResolver.cpp, line 782]
Event: 5.987 Thread 0x0000016878378980 Exception <a 'java/lang/NoSuchMethodError'{0x0000000087137590}: 'java.lang.Object java.lang.invoke.DirectMethodHandle$Holder.invokeSpecialIFC(java.lang.Object, java.lang.Object, java.lang.Object)'> (0x0000000087137590) 
thrown [./open/src/hotspot/share/interpreter/linkResolver.cpp, line 782]
Event: 5.987 Thread 0x0000016878377fe0 Exception <a 'java/lang/NoSuchMethodError'{0x00000000872ce9d8}: 'java.lang.Object java.lang.invoke.DirectMethodHandle$Holder.invokeSpecialIFC(java.lang.Object, java.lang.Object, java.lang.Object)'> (0x00000000872ce9d8) 
thrown [./open/src/hotspot/share/interpreter/linkResolver.cpp, line 782]
Event: 5.987 Thread 0x00000168783784b0 Exception <a 'java/lang/NoSuchMethodError'{0x00000000872983f0}: 'java.lang.Object java.lang.invoke.DirectMethodHandle$Holder.invokeSpecialIFC(java.lang.Object, java.lang.Object, java.lang.Object)'> (0x00000000872983f0) 
thrown [./open/src/hotspot/share/interpreter/linkResolver.cpp, line 782]
Event: 5.987 Thread 0x000001687837a190 Exception <a 'java/lang/NoSuchMethodError'{0x0000000087144850}: 'java.lang.Object java.lang.invoke.DirectMethodHandle$Holder.invokeSpecialIFC(java.lang.Object, java.lang.Object, java.lang.Object)'> (0x0000000087144850) 
thrown [./open/src/hotspot/share/interpreter/linkResolver.cpp, line 782]
Event: 5.987 Thread 0x000001687837c340 Exception <a 'java/lang/NoSuchMethodError'{0x00000000872bc990}: 'java.lang.Object java.lang.invoke.DirectMethodHandle$Holder.invokeSpecialIFC(java.lang.Object, java.lang.Object, java.lang.Object)'> (0x00000000872bc990) 
thrown [./open/src/hotspot/share/interpreter/linkResolver.cpp, line 782]
Event: 5.987 Thread 0x0000016878377b10 Exception <a 'java/lang/NoSuchMethodError'{0x00000000872b1e38}: 'java.lang.Object java.lang.invoke.DirectMethodHandle$Holder.invokeSpecialIFC(java.lang.Object, java.lang.Object, java.lang.Object)'> (0x00000000872b1e38) 
thrown [./open/src/hotspot/share/interpreter/linkResolver.cpp, line 782]
Event: 5.988 Thread 0x0000016878377640 Exception <a 'java/lang/NoSuchMethodError'{0x000000008716e3e8}: 'java.lang.Object java.lang.invoke.DirectMethodHandle$Holder.invokeSpecialIFC(java.lang.Object, java.lang.Object, java.lang.Object)'> (0x000000008716e3e8) 
thrown [./open/src/hotspot/share/interpreter/linkResolver.cpp, line 782]
Event: 6.013 Thread 0x000001687837b4d0 Exception <a 'java/lang/NoSuchMethodError'{0x0000000086c28408}: 'int java.lang.invoke.DirectMethodHandle$Holder.invokeStaticInit(java.lang.Object, java.lang.Object, java.lang.Object, java.lang.Object, java.lang.Object)'> (0x0000000086c28408) 
thrown [./open/src/hotspot/share/interpreter/linkResolver.cpp, line 782]
Event: 6.084 Thread 0x0000016878376ca0 Exception <a 'java/lang/NoSuchMethodError'{0x000000008fd09e08}: 'void java.lang.invoke.DirectMethodHandle$Holder.invokeVirtual(java.lang.Object, java.lang.Object)'> (0x000000008fd09e08) 
thrown [./open/src/hotspot/share/interpreter/linkResolver.cpp, line 782]
Event: 6.084 Thread 0x0000016878378e50 Exception <a 'java/lang/NoSuchMethodError'{0x000000008927b078}: 'void java.lang.invoke.DirectMethodHandle$Holder.invokeVirtual(java.lang.Object, java.lang.Object)'> (0x000000008927b078) 
thrown [./open/src/hotspot/share/interpreter/linkResolver.cpp, line 782]
Event: 6.281 Thread 0x00000168777d56c0 Exception <a 'java/lang/IncompatibleClassChangeError'{0x0000000088df80b8}: Found class java.lang.Object, but interface was expected> (0x0000000088df80b8) 
thrown [./open/src/hotspot/share/interpreter/linkResolver.cpp, line 848]
Event: 7.093 Thread 0x00000168777d56c0 Implicit null exception at 0x00000168662212a1 to 0x0000016866221530
Event: 7.350 Thread 0x00000168777d56c0 Implicit null exception at 0x000001686621ea77 to 0x000001686621f726

Events (20 events):
Event: 7.504 Thread 0x00000168758267f0 flushing nmethod 0x000001685f209b90
Event: 7.504 Thread 0x00000168758267f0 flushing nmethod 0x000001685f20b210
Event: 7.504 Thread 0x00000168758267f0 flushing nmethod 0x000001685f211d90
Event: 7.504 Thread 0x00000168758267f0 flushing nmethod 0x000001685f212690
Event: 7.504 Thread 0x00000168758267f0 flushing nmethod 0x000001685f240090
Event: 7.504 Thread 0x00000168758267f0 flushing nmethod 0x000001685f25c010
Event: 7.504 Thread 0x00000168758267f0 flushing nmethod 0x000001685f28b710
Event: 7.504 Thread 0x00000168758267f0 flushing nmethod 0x000001685f28ba90
Event: 7.504 Thread 0x00000168758267f0 flushing nmethod 0x000001685f2b0210
Event: 7.504 Thread 0x00000168758267f0 flushing nmethod 0x000001685f312f10
Event: 7.504 Thread 0x00000168758267f0 flushing nmethod 0x000001685f332210
Event: 7.504 Thread 0x00000168758267f0 flushing nmethod 0x000001685f333510
Event: 7.504 Thread 0x00000168758267f0 flushing nmethod 0x000001685f354890
Event: 7.504 Thread 0x00000168758267f0 flushing nmethod 0x000001685f354c10
Event: 7.505 Thread 0x00000168758267f0 flushing nmethod 0x000001685f399d10
Event: 7.505 Thread 0x00000168758267f0 flushing nmethod 0x000001685f39a190
Event: 7.505 Thread 0x00000168758267f0 flushing nmethod 0x000001685f39a910
Event: 7.505 Thread 0x00000168758267f0 flushing nmethod 0x000001685f3cc190
Event: 7.505 Thread 0x00000168758267f0 flushing nmethod 0x000001685f4cde90
Event: 7.506 Executing VM operation: G1Concurrent


Dynamic libraries:
0x00007ff775c90000 - 0x00007ff775c9f000 	C:\Program Files\Java\jdk-15.0.2\bin\java.exe
0x00007ffe3c2c0000 - 0x00007ffe3c4c9000 	C:\WINDOWS\SYSTEM32\ntdll.dll
0x00007ffe3b630000 - 0x00007ffe3b6ed000 	C:\WINDOWS\System32\KERNEL32.DLL
0x00007ffe39ab0000 - 0x00007ffe39e24000 	C:\WINDOWS\System32\KERNELBASE.dll
0x00007ffe397b0000 - 0x00007ffe398c1000 	C:\WINDOWS\System32\ucrtbase.dll
0x00007ffe36a00000 - 0x00007ffe36a19000 	C:\Program Files\Java\jdk-15.0.2\bin\VCRUNTIME140.dll
0x00007ffe369e0000 - 0x00007ffe369f8000 	C:\Program Files\Java\jdk-15.0.2\bin\jli.dll
0x00007ffe3b030000 - 0x00007ffe3b0de000 	C:\WINDOWS\System32\ADVAPI32.dll
0x00007ffe3bf50000 - 0x00007ffe3bff3000 	C:\WINDOWS\System32\msvcrt.dll
0x00007ffe3b140000 - 0x00007ffe3b1de000 	C:\WINDOWS\System32\sechost.dll
0x00007ffe3c0f0000 - 0x00007ffe3c210000 	C:\WINDOWS\System32\RPCRT4.dll
0x00007ffe3b480000 - 0x00007ffe3b62c000 	C:\WINDOWS\System32\USER32.dll
0x00007ffe3a010000 - 0x00007ffe3a036000 	C:\WINDOWS\System32\win32u.dll
0x00007ffe1a9f0000 - 0x00007ffe1ac95000 	C:\WINDOWS\WinSxS\amd64_microsoft.windows.common-controls_6595b64144ccf1df_6.0.22000.120_none_9d947278b86cc467\COMCTL32.dll
0x00007ffe3b2f0000 - 0x00007ffe3b319000 	C:\WINDOWS\System32\GDI32.dll
0x00007ffe3a040000 - 0x00007ffe3a152000 	C:\WINDOWS\System32\gdi32full.dll
0x00007ffe398d0000 - 0x00007ffe3996d000 	C:\WINDOWS\System32\msvcp_win.dll
0x00007ffe34aa0000 - 0x00007ffe34aaa000 	C:\WINDOWS\SYSTEM32\VERSION.dll
0x00007ffe3a4f0000 - 0x00007ffe3a521000 	C:\WINDOWS\System32\IMM32.DLL
0x00007ffe369d0000 - 0x00007ffe369dc000 	C:\Program Files\Java\jdk-15.0.2\bin\vcruntime140_1.dll
0x00007ffe36930000 - 0x00007ffe369c1000 	C:\Program Files\Java\jdk-15.0.2\bin\msvcp140.dll
0x00007ffdc4b10000 - 0x00007ffdc566e000 	C:\Program Files\Java\jdk-15.0.2\bin\server\jvm.dll
0x00007ffe3a160000 - 0x00007ffe3a168000 	C:\WINDOWS\System32\PSAPI.DLL
0x00007ffe29d70000 - 0x00007ffe29d79000 	C:\WINDOWS\SYSTEM32\WSOCK32.dll
0x00007ffe2b380000 - 0x00007ffe2b3b3000 	C:\WINDOWS\SYSTEM32\WINMM.dll
0x00007ffe3bba0000 - 0x00007ffe3bc0f000 	C:\WINDOWS\System32\WS2_32.dll
0x00007ffe389a0000 - 0x00007ffe389b8000 	C:\WINDOWS\SYSTEM32\kernel.appcore.dll
0x00007ffe36920000 - 0x00007ffe3692a000 	C:\Program Files\Java\jdk-15.0.2\bin\jimage.dll
0x00007ffe281b0000 - 0x00007ffe283d1000 	C:\WINDOWS\SYSTEM32\DBGHELP.DLL
0x00007ffe25790000 - 0x00007ffe257c1000 	C:\WINDOWS\SYSTEM32\dbgcore.DLL
0x00007ffe39a30000 - 0x00007ffe39aaf000 	C:\WINDOWS\System32\bcryptPrimitives.dll
0x00007ffe368f0000 - 0x00007ffe36915000 	C:\Program Files\Java\jdk-15.0.2\bin\java.dll
0x00007ffe3a530000 - 0x00007ffe3acde000 	C:\WINDOWS\System32\SHELL32.dll
0x00007ffe37930000 - 0x00007ffe38197000 	C:\WINDOWS\SYSTEM32\windows.storage.dll
0x00007ffe3a170000 - 0x00007ffe3a4e8000 	C:\WINDOWS\System32\combase.dll
0x00007ffe377c0000 - 0x00007ffe37926000 	C:\WINDOWS\SYSTEM32\wintypes.dll
0x00007ffe3b320000 - 0x00007ffe3b40a000 	C:\WINDOWS\System32\SHCORE.dll
0x00007ffe3b200000 - 0x00007ffe3b25d000 	C:\WINDOWS\System32\shlwapi.dll
0x00007ffe396e0000 - 0x00007ffe39701000 	C:\WINDOWS\SYSTEM32\profapi.dll
0x00007ffe368d0000 - 0x00007ffe368e9000 	C:\Program Files\Java\jdk-15.0.2\bin\net.dll
0x00007ffe34900000 - 0x00007ffe34a0c000 	C:\WINDOWS\SYSTEM32\WINHTTP.dll
0x00007ffe38dd0000 - 0x00007ffe38e37000 	C:\WINDOWS\system32\mswsock.dll
0x00007ffe368b0000 - 0x00007ffe368c2000 	C:\Program Files\Java\jdk-15.0.2\bin\nio.dll
0x00007ffe36890000 - 0x00007ffe368a8000 	C:\Program Files\Java\jdk-15.0.2\bin\zip.dll
0x00007ffe36750000 - 0x00007ffe36760000 	C:\Program Files\Java\jdk-15.0.2\bin\verify.dll
0x00007ffe355a0000 - 0x00007ffe355c7000 	D:\aa\native\8bec1ad78214c89d9ad589b4d07fe93259594b29d510b10fafb7a158f7737e5d\windows-amd64\native-platform.dll
0x00007ffe24220000 - 0x00007ffe2435d000 	D:\aa\native\53dbd7edfb1c66fb8903c78663c9afc45aea4f116125fa6feffd364cf09443e8\windows-amd64\native-platform-file-events.dll
0x00007ffe36740000 - 0x00007ffe36749000 	C:\Program Files\Java\jdk-15.0.2\bin\management.dll
0x00007ffe36730000 - 0x00007ffe3673b000 	C:\Program Files\Java\jdk-15.0.2\bin\management_ext.dll
0x00007ffe39010000 - 0x00007ffe39028000 	C:\WINDOWS\SYSTEM32\CRYPTSP.dll
0x00007ffe38900000 - 0x00007ffe38935000 	C:\WINDOWS\system32\rsaenh.dll
0x00007ffe38ec0000 - 0x00007ffe38ee9000 	C:\WINDOWS\SYSTEM32\USERENV.dll
0x00007ffe39190000 - 0x00007ffe391b7000 	C:\WINDOWS\SYSTEM32\bcrypt.dll
0x00007ffe39030000 - 0x00007ffe3903c000 	C:\WINDOWS\SYSTEM32\CRYPTBASE.dll
0x00007ffe384d0000 - 0x00007ffe384fd000 	C:\WINDOWS\SYSTEM32\IPHLPAPI.DLL
0x00007ffe3c210000 - 0x00007ffe3c219000 	C:\WINDOWS\System32\NSI.dll
0x00007ffe34740000 - 0x00007ffe34759000 	C:\WINDOWS\SYSTEM32\dhcpcsvc6.DLL
0x00007ffe34c40000 - 0x00007ffe34c5e000 	C:\WINDOWS\SYSTEM32\dhcpcsvc.DLL
0x00007ffe38500000 - 0x00007ffe385e7000 	C:\WINDOWS\SYSTEM32\DNSAPI.dll

dbghelp: loaded successfully - version: 4.0.5 - missing functions: none
symbol engine: initialized successfully - sym options: 0x614 - pdb path: .;C:\Program Files\Java\jdk-15.0.2\bin;C:\WINDOWS\SYSTEM32;C:\WINDOWS\WinSxS\amd64_microsoft.windows.common-controls_6595b64144ccf1df_6.0.22000.120_none_9d947278b86cc467;C:\Program Files\Java\jdk-15.0.2\bin\server;D:\aa\native\8bec1ad78214c89d9ad589b4d07fe93259594b29d510b10fafb7a158f7737e5d\windows-amd64;D:\aa\native\53dbd7edfb1c66fb8903c78663c9afc45aea4f116125fa6feffd364cf09443e8\windows-amd64

VM Arguments:
jvm_args: --add-opens=java.base/java.util=ALL-UNNAMED --add-opens=java.base/java.lang=ALL-UNNAMED --add-opens=java.base/java.lang.invoke=ALL-UNNAMED --add-opens=java.base/java.util=ALL-UNNAMED --add-opens=java.prefs/java.util.prefs=ALL-UNNAMED --add-opens=java.prefs/java.util.prefs=ALL-UNNAMED --add-opens=java.base/java.nio.charset=ALL-UNNAMED --add-opens=java.base/java.net=ALL-UNNAMED --add-opens=java.base/java.util.concurrent.atomic=ALL-UNNAMED -Xmx2048m -Dfile.encoding=UTF-8 -Duser.country=IN -Duser.language=en -Duser.variant 
java_command: org.gradle.launcher.daemon.bootstrap.GradleDaemon 7.0.2
java_class_path (initial): D:\aa\wrapper\dists\gradle-7.0.2-bin\857tjihv64xamwrf0h14cai3r\gradle-7.0.2\lib\gradle-launcher-7.0.2.jar
Launcher Type: SUN_STANDARD

[Global flags]
     intx CICompilerCount                          = 4                                         {product} {ergonomic}
     uint ConcGCThreads                            = 3                                         {product} {ergonomic}
     uint G1ConcRefinementThreads                  = 10                                        {product} {ergonomic}
   size_t G1HeapRegionSize                         = 1048576                                   {product} {ergonomic}
    uintx GCDrainStackTargetSize                   = 64                                        {product} {ergonomic}
   size_t InitialHeapSize                          = 266338304                                 {product} {ergonomic}
   size_t MarkStackSize                            = 4194304                                   {product} {ergonomic}
   size_t MaxHeapSize                              = 2147483648                                {product} {command line}
   size_t MaxNewSize                               = 1287651328                                {product} {ergonomic}
   size_t MinHeapDeltaBytes                        = 1048576                                   {product} {ergonomic}
   size_t MinHeapSize                              = 8388608                                   {product} {ergonomic}
    uintx NonNMethodCodeHeapSize                   = 5839372                                {pd product} {ergonomic}
    uintx NonProfiledCodeHeapSize                  = 122909434                              {pd product} {ergonomic}
    uintx ProfiledCodeHeapSize                     = 122909434                              {pd product} {ergonomic}
    uintx ReservedCodeCacheSize                    = 251658240                              {pd product} {ergonomic}
     bool SegmentedCodeCache                       = true                                      {product} {ergonomic}
   size_t SoftMaxHeapSize                          = 2147483648                             {manageable} {ergonomic}
     bool UseCompressedClassPointers               = true                                 {lp64_product} {ergonomic}
     bool UseCompressedOops                        = true                                 {lp64_product} {ergonomic}
     bool UseG1GC                                  = true                                      {product} {ergonomic}
     bool UseLargePagesIndividualAllocation        = false                                  {pd product} {ergonomic}

Logging:
Log output configuration:
 #0: stdout all=warning uptime,level,tags
 #1: stderr all=off uptime,level,tags

Environment Variables:
JAVA_HOME=C:\Program Files\Java\jdk-15.0.2
PATH=C:\MinGW;C:\MinGW\bin;C:\Program Files\Java\jdk-15.0.2\bin;C:\Program Files\Common Files\Oracle\Java\javapath;C:\Windows\system32;C:\Windows;C:\Windows\System32\Wbem;C:\Windows\System32\WindowsPowerShell\v1.0\;C:\Windows\System32\OpenSSH\;C:\Program Files (x86)\NVIDIA Corporation\PhysX\Common;C:\Program Files\NVIDIA Corporation\NVIDIA NvDLISR;C:\WINDOWS\system32;C:\WINDOWS;C:\WINDOWS\System32\Wbem;C:\WINDOWS\System32\WindowsPowerShell\v1.0\;C:\WINDOWS\System32\OpenSSH\;C:\Program Files\Git\cmd;C:\Program Files\dotnet\;C:\Users\Deepak\Desktop\gradle1\gradle-7.0.1\bin;C:\Users\Deepak\Desktop\gradle1\gradle-7.0.1;C:\Program Files\nodejs;C:\Program Files\Google\Google Apps Sync\;C:\Program Files\Google\Google Apps Migration\;C:\Program Files\Microsoft SQL Server\150\Tools\Binn\;C:\Program Files\Microsoft SQL Server\Client SDK\ODBC\170\Tools\Binn\;C:\Program Files\MySQL\MySQL Router 8.0\bin;C:\Program Files (x86)\Microsoft SQL Server\150\Tools\Binn\;C:\Program Files\Microsoft SQL Server\150\DTS\Binn\;C:\Program Files (x86)\Microsoft SQL Server\150\DTS\Binn\;C:\Program Files\Azure Data Studio\bin;C:\Users\Deepak\anaconda3;C:\Users\Deepak\anaconda3\Library\mingw-w64\bin;C:\Users\Deepak\anaconda3\Library\usr\bin;C:\Users\Deepak\anaconda3\Library\bin;C:\Users\Deepak\anaconda3\Scripts;C:\Program Files\MySQL\MySQL Shell 8.0\bin\;C:\src\flutter\flutter\bin;C:\Users\Deepak\AppData\Local\Programs\Python\Python39\Scripts\;C:\Users\Deepak\AppData\Local\Programs\Python\Python39\;C:\Program Files\Java\jdk-15.0.2\bin;C:\Program Files\JetBrains\IntelliJ IDEA 2020.3.2\bin;;C:\Users\Deepak\AppData\Local\Microsoft\WindowsApps;C:\Users\Deepak\AppData\Local\Programs\Microsoft VS Code\bin;C:\Users\Deepak\AppData\Local\Programs\radare2\bin;C:\Modeltech_eval_6.2c\win32;C:\Modeltech_6.2c\win32;C:\Program Files\JetBrains\IntelliJ IDEA Community Edition 2021.1.2\bin;;C:\Program Files\JetBrains\PyCharm Community Edition 2021.1.2\bin;;C:\Users\Deepak\AppData\Roaming\npm;C:\Users\Deepak\AppData\Lo
USERNAME=Deepak
OS=Windows_NT
PROCESSOR_IDENTIFIER=Intel64 Family 6 Model 158 Stepping 10, GenuineIntel



---------------  S Y S T E M  ---------------

OS:
 Windows 10 , 64 bit Build 22000 (10.0.22000.434)
OS uptime: 1 days 19:45 hours

CPU: total 12 (initial active 12) (6 cores per cpu, 2 threads per core) family 6 model 158 stepping 10 microcode 0xde, cmov, cx8, fxsr, mmx, sse, sse2, sse3, ssse3, sse4.1, sse4.2, popcnt, vzeroupper, avx, avx2, aes, clmul, erms, 3dnowpref, lzcnt, ht, tsc, tscinvbit, bmi1, bmi2, adx, fma, clflush, clflushopt

Memory: 4k page, system-wide physical 16225M (2510M free)
TotalPageFile size 16225M (AvailPageFile size 17M)
current process WorkingSet (physical memory assigned to process): 440M, peak: 446M
current process commit charge ("private bytes"): 485M, peak: 508M

vm_info: Java HotSpot(TM) 64-Bit Server VM (15.0.2+7-27) for windows-amd64 JRE (15.0.2+7-27), built on Dec  7 2020 20:07:01 by "mach5one" with unknown MS VC++:1925

END.
