#
# There is insufficient memory for the Java Runtime Environment to continue.
# Native memory allocation (mmap) failed to map 72351744 bytes for Failed to commit area from 0x0000000093500000 to 0x0000000097a00000 of length 72351744.
# Possible reasons:
#   The system is out of physical RAM or swap space
#   The process is running with CompressedOops enabled, and the Java Heap may be blocking the growth of the native heap
# Possible solutions:
#   Reduce memory load on the system
#   Increase physical memory or swap space
#   Check if swap backing store is full
#   Decrease Java heap size (-Xmx/-Xms)
#   Decrease number of Java threads
#   Decrease Java thread stack sizes (-Xss)
#   Set larger code cache with -XX:ReservedCodeCacheSize=
#   JVM is running with Unscaled Compressed Oops mode in which the Java heap is
#     placed in the first 4GB address space. The Java Heap base address is the
#     maximum limit for the native heap growth. Please use -XX:HeapBaseMinAddress
#     to set the Java Heap base and to place the Java Heap above 4GB virtual address.
# This output file may be truncated or incomplete.
#
#  Out of Memory Error (./src/hotspot/os/windows/os_windows.cpp:3301), pid=11964, tid=3324
#
# JRE version: OpenJDK Runtime Environment (11.0.10) (build 11.0.10+0-b96-7249189)
# Java VM: OpenJDK 64-Bit Server VM (11.0.10+0-b96-7249189, mixed mode, tiered, compressed oops, g1 gc, windows-amd64)
# No core dump will be written. Minidumps are not enabled by default on client versions of Windows
#

---------------  S U M M A R Y ------------

Command Line: --add-opens=java.base/java.util=ALL-UNNAMED --add-opens=java.base/java.lang=ALL-UNNAMED --add-opens=java.base/java.lang.invoke=ALL-UNNAMED --add-opens=java.base/java.util=ALL-UNNAMED --add-opens=java.prefs/java.util.prefs=ALL-UNNAMED --add-opens=java.prefs/java.util.prefs=ALL-UNNAMED --add-opens=java.base/java.nio.charset=ALL-UNNAMED --add-opens=java.base/java.net=ALL-UNNAMED --add-opens=java.base/java.util.concurrent.atomic=ALL-UNNAMED -Xmx2048m -Dfile.encoding=UTF-8 -Duser.country=IN -Duser.language=en -Duser.variant org.gradle.launcher.daemon.bootstrap.GradleDaemon 7.0.2

Host: Intel(R) Core(TM) i7-9750H CPU @ 2.60GHz, 12 cores, 15G,  Windows 10 , 64 bit Build 22000 (10.0.22000.434)
Time: Sun Jan 30 17:18:20 2022 India Standard Time elapsed time: 9.686952 seconds (0d 0h 0m 9s)

---------------  T H R E A D  ---------------

Current thread (0x0000026148d99000):  VMThread "VM Thread" [stack: 0x000000a7ffe00000,0x000000a7fff00000] [id=3324]

Stack: [0x000000a7ffe00000,0x000000a7fff00000]
[error occurred during error reporting (printing stack bounds), id 0xc0000005, EXCEPTION_ACCESS_VIOLATION (0xc0000005) at pc=0x0000026131770f2d]

Native frames: (J=compiled Java code, j=interpreted, Vv=VM code, C=native code)
V  [jvm.dll+0x5ecfaa]
V  [jvm.dll+0x722bd5]
V  [jvm.dll+0x72412d]
V  [jvm.dll+0x724745]
V  [jvm.dll+0x7246fb]
V  [jvm.dll+0x5ec348]
V  [jvm.dll+0x5ecad8]
C  [ntdll.dll+0xa82ff]
C  [ntdll.dll+0x35a0a]
C  [ntdll.dll+0xa730e]
C  0x0000026131770f2d

VM_Operation (0x000000a7857fcdb0): G1CollectForAllocation, mode: safepoint, requested by thread 0x000002614fb67800


---------------  P R O C E S S  ---------------

Threads class SMR info:
_java_thread_list=0x000002614c35ef60, length=100, elements={
0x000002612dc80800, 0x0000026148d9c800, 0x0000026148da7800, 0x0000026148dfb800,
0x0000026148dfc800, 0x0000026148dfe000, 0x0000026148e01000, 0x0000026148e0d800,
0x0000026148e1b000, 0x0000026148f77800, 0x000002614a4fd000, 0x000002614b050000,
0x000002614b371800, 0x00000261494f7800, 0x0000026149068800, 0x000002614b890800,
0x000002614a5de000, 0x000002614b632000, 0x000002614aec0800, 0x000002614aa6e000,
0x000002614b33e000, 0x000002614b33f800, 0x000002614b343000, 0x000002614b340800,
0x000002614b341000, 0x000002614b342000, 0x000002614b33d000, 0x000002614b343800,
0x000002614b33e800, 0x000002614ca1a800, 0x000002614ec20000, 0x000002614ec1d800,
0x000002614ec25000, 0x000002614ec21000, 0x000002614ec22800, 0x000002614ec26800,
0x000002614ec27800, 0x000002614ec2a800, 0x000002614ec28000, 0x000002614ec29000,
0x000002614ec2a000, 0x000002614ec25800, 0x000002614ec2c000, 0x000002614ed08800,
0x000002614ed04000, 0x000002614ed04800, 0x000002614ed05800, 0x000002614ed06800,
0x000002614ed07000, 0x000002614ed08000, 0x000002614ed03000, 0x000002614ed0d800,
0x000002614ed0d000, 0x000002614ed0e800, 0x000002614ed09800, 0x000002614ed0b000,
0x000002614ed0c000, 0x000002614ed0f800, 0x000002614ed10000, 0x000002614ed0a800,
0x000002614ed11000, 0x000002614fb5e800, 0x000002614fb5c800, 0x000002614fb5b800,
0x000002614fb5a000, 0x000002614fb5a800, 0x000002614fb59000, 0x000002614fb5d000,
0x000002614fb61000, 0x000002614fb5f800, 0x000002614fb62000, 0x000002614fb60800,
0x000002614fb63000, 0x000002614fb63800, 0x000002614fb5e000, 0x000002614fb67000,
0x000002614fb65800, 0x000002614fb67800, 0x0000026151012000, 0x0000026151012800,
0x000002615100d800, 0x000002615100e800, 0x0000026151011000, 0x000002615100f800,
0x0000026151010000, 0x000002615100d000, 0x0000026151013800, 0x0000026151014000,
0x0000026151016800, 0x0000026151019000, 0x000002615101a000, 0x0000026151018800,
0x0000026151015000, 0x000002615101a800, 0x000002615101b800, 0x0000026151016000,
0x0000026151017800, 0x0000026154b1b800, 0x0000026154b1f000, 0x0000026154b1a800
}

Java Threads: ( => current thread )
  0x000002612dc80800 JavaThread "main" [_thread_blocked, id=17096, stack(0x000000a7ff800000,0x000000a7ff900000)]
  0x0000026148d9c800 JavaThread "Reference Handler" daemon [_thread_blocked, id=11056, stack(0x000000a7fff00000,0x000000a800000000)]
  0x0000026148da7800 JavaThread "Finalizer" daemon [_thread_blocked, id=5172, stack(0x000000a780000000,0x000000a780100000)]
  0x0000026148dfb800 JavaThread "Signal Dispatcher" daemon [_thread_blocked, id=13024, stack(0x000000a780100000,0x000000a780200000)]
  0x0000026148dfc800 JavaThread "Attach Listener" daemon [_thread_blocked, id=11992, stack(0x000000a780200000,0x000000a780300000)]
  0x0000026148dfe000 JavaThread "Service Thread" daemon [_thread_blocked, id=15000, stack(0x000000a780300000,0x000000a780400000)]
  0x0000026148e01000 JavaThread "C2 CompilerThread0" daemon [_thread_in_native, id=6376, stack(0x000000a780400000,0x000000a780500000)]
  0x0000026148e0d800 JavaThread "C1 CompilerThread0" daemon [_thread_blocked, id=20348, stack(0x000000a780500000,0x000000a780600000)]
  0x0000026148e1b000 JavaThread "Sweeper thread" daemon [_thread_blocked, id=1576, stack(0x000000a780600000,0x000000a780700000)]
  0x0000026148f77800 JavaThread "Common-Cleaner" daemon [_thread_blocked, id=17696, stack(0x000000a780700000,0x000000a780800000)]
  0x000002614a4fd000 JavaThread "Daemon health stats" [_thread_blocked, id=5884, stack(0x000000a781000000,0x000000a781100000)]
  0x000002614b050000 JavaThread "Incoming local TCP Connector on port 59459" [_thread_in_native, id=8744, stack(0x000000a780900000,0x000000a780a00000)]
  0x000002614b371800 JavaThread "Daemon periodic checks" [_thread_blocked, id=19528, stack(0x000000a780a00000,0x000000a780b00000)]
  0x00000261494f7800 JavaThread "Daemon" [_thread_blocked, id=19120, stack(0x000000a781100000,0x000000a781200000)]
  0x0000026149068800 JavaThread "Handler for socket connection from /127.0.0.1:59459 to /127.0.0.1:59460" [_thread_in_native, id=6024, stack(0x000000a781200000,0x000000a781300000)]
  0x000002614b890800 JavaThread "Cancel handler" [_thread_blocked, id=17516, stack(0x000000a781300000,0x000000a781400000)]
  0x000002614a5de000 JavaThread "C2 CompilerThread1" daemon [_thread_in_native, id=11004, stack(0x000000a781400000,0x000000a781500000)]
  0x000002614b632000 JavaThread "Daemon worker" [_thread_blocked, id=14236, stack(0x000000a781500000,0x000000a781600000)]
  0x000002614aec0800 JavaThread "Asynchronous log dispatcher for DefaultDaemonConnection: socket connection from /127.0.0.1:59459 to /127.0.0.1:59460" [_thread_blocked, id=16972, stack(0x000000a781600000,0x000000a781700000)]
  0x000002614aa6e000 JavaThread "Stdin handler" [_thread_blocked, id=18036, stack(0x000000a781700000,0x000000a781800000)]
  0x000002614b33e000 JavaThread "Daemon client event forwarder" [_thread_blocked, id=10072, stack(0x000000a781800000,0x000000a781900000)]
  0x000002614b33f800 JavaThread "Cache worker for file hash cache (D:\aa\caches\7.0.2\fileHashes)" [_thread_blocked, id=9088, stack(0x000000a781900000,0x000000a781a00000)]
  0x000002614b343000 JavaThread "File lock request listener" [_thread_in_native, id=14920, stack(0x000000a781a00000,0x000000a781b00000)]
  0x000002614b340800 JavaThread "Cache worker for journal cache (D:\aa\caches\journal-1)" [_thread_blocked, id=14924, stack(0x000000a782100000,0x000000a782200000)]
  0x000002614b341000 JavaThread "Cache worker for file hash cache (D:\app_dev\QuizApp\.gradle\7.0.2\fileHashes)" [_thread_blocked, id=11752, stack(0x000000a782200000,0x000000a782300000)]
  0x000002614b342000 JavaThread "File watcher server" daemon [_thread_blocked, id=12740, stack(0x000000a782300000,0x000000a782400000)]
  0x000002614b33d000 JavaThread "File watcher consumer" daemon [_thread_blocked, id=18212, stack(0x000000a782400000,0x000000a782500000)]
  0x000002614b343800 JavaThread "Cache worker for checksums cache (D:\app_dev\QuizApp\.gradle\checksums)" [_thread_blocked, id=14928, stack(0x000000a782500000,0x000000a782600000)]
  0x000002614b33e800 JavaThread "Cache worker for cache directory md-supplier (D:\aa\caches\7.0.2\md-supplier)" [_thread_blocked, id=18736, stack(0x000000a782600000,0x000000a782700000)]
  0x000002614ca1a800 JavaThread "C2 CompilerThread2" daemon [_thread_in_native, id=14568, stack(0x000000a782700000,0x000000a782800000)]
  0x000002614ec20000 JavaThread "Cache worker for cache directory md-rule (D:\aa\caches\7.0.2\md-rule)" [_thread_blocked, id=12040, stack(0x000000a782800000,0x000000a782900000)]
  0x000002614ec1d800 JavaThread "Cache worker for execution history cache (D:\aa\caches\7.0.2\executionHistory)" [_thread_blocked, id=15384, stack(0x000000a782900000,0x000000a782a00000)]
  0x000002614ec25000 JavaThread "jar transforms" [_thread_blocked, id=18012, stack(0x000000a782a00000,0x000000a782b00000)]
  0x000002614ec21000 JavaThread "jar transforms Thread 2" [_thread_blocked, id=13156, stack(0x000000a782b00000,0x000000a782c00000)]
  0x000002614ec22800 JavaThread "Cache worker for file content cache (D:\aa\caches\7.0.2\fileContent)" [_thread_blocked, id=13740, stack(0x000000a782c00000,0x000000a782d00000)]
  0x000002614ec26800 JavaThread "Cache worker for dependencies-accessors (D:\app_dev\QuizApp\.gradle\7.0.2\dependencies-accessors)" [_thread_blocked, id=19844, stack(0x000000a782d00000,0x000000a782e00000)]
  0x000002614ec27800 JavaThread "jar transforms Thread 3" [_thread_blocked, id=8456, stack(0x000000a782e00000,0x000000a782f00000)]
  0x000002614ec2a800 JavaThread "Cache worker for Build Output Cleanup Cache (D:\app_dev\QuizApp\.gradle\buildOutputCleanup)" [_thread_blocked, id=15176, stack(0x000000a782f00000,0x000000a783000000)]
  0x000002614ec28000 JavaThread "Build operations" [_thread_blocked, id=9556, stack(0x000000a783000000,0x000000a783100000)]
  0x000002614ec29000 JavaThread "Build operations Thread 2" [_thread_blocked, id=12384, stack(0x000000a783100000,0x000000a783200000)]
  0x000002614ec2a000 JavaThread "Build operations Thread 3" [_thread_blocked, id=9172, stack(0x000000a783200000,0x000000a783300000)]
  0x000002614ec25800 JavaThread "Build operations Thread 4" [_thread_blocked, id=9876, stack(0x000000a783300000,0x000000a783400000)]
  0x000002614ec2c000 JavaThread "Build operations Thread 5" [_thread_blocked, id=1308, stack(0x000000a783400000,0x000000a783500000)]
  0x000002614ed08800 JavaThread "Build operations Thread 6" [_thread_blocked, id=11576, stack(0x000000a783500000,0x000000a783600000)]
  0x000002614ed04000 JavaThread "Build operations Thread 7" [_thread_blocked, id=10604, stack(0x000000a783600000,0x000000a783700000)]
  0x000002614ed04800 JavaThread "Build operations Thread 8" [_thread_blocked, id=11148, stack(0x000000a783700000,0x000000a783800000)]
  0x000002614ed05800 JavaThread "Build operations Thread 9" [_thread_blocked, id=18472, stack(0x000000a783800000,0x000000a783900000)]
  0x000002614ed06800 JavaThread "Build operations Thread 10" [_thread_blocked, id=18700, stack(0x000000a783900000,0x000000a783a00000)]
  0x000002614ed07000 JavaThread "Build operations Thread 11" [_thread_blocked, id=17448, stack(0x000000a783a00000,0x000000a783b00000)]
  0x000002614ed08000 JavaThread "Build operations Thread 12" [_thread_blocked, id=9432, stack(0x000000a783b00000,0x000000a783c00000)]
  0x000002614ed03000 JavaThread "jar transforms Thread 4" [_thread_blocked, id=12904, stack(0x000000a783c00000,0x000000a783d00000)]
  0x000002614ed0d800 JavaThread "jar transforms Thread 5" [_thread_blocked, id=17140, stack(0x000000a783d00000,0x000000a783e00000)]
  0x000002614ed0d000 JavaThread "jar transforms Thread 6" [_thread_blocked, id=20388, stack(0x000000a783e00000,0x000000a783f00000)]
  0x000002614ed0e800 JavaThread "jar transforms Thread 7" [_thread_blocked, id=20112, stack(0x000000a783f00000,0x000000a784000000)]
  0x000002614ed09800 JavaThread "jar transforms Thread 8" [_thread_blocked, id=9868, stack(0x000000a784000000,0x000000a784100000)]
  0x000002614ed0b000 JavaThread "jar transforms Thread 9" [_thread_blocked, id=15680, stack(0x000000a784100000,0x000000a784200000)]
  0x000002614ed0c000 JavaThread "jar transforms Thread 10" [_thread_blocked, id=15024, stack(0x000000a784200000,0x000000a784300000)]
  0x000002614ed0f800 JavaThread "jar transforms Thread 11" [_thread_blocked, id=1888, stack(0x000000a784300000,0x000000a784400000)]
  0x000002614ed10000 JavaThread "jar transforms Thread 12" [_thread_blocked, id=13568, stack(0x000000a784400000,0x000000a784500000)]
  0x000002614ed0a800 JavaThread "Memory manager" [_thread_blocked, id=2768, stack(0x000000a784500000,0x000000a784600000)]
  0x000002614ed11000 JavaThread "build event listener" [_thread_blocked, id=14124, stack(0x000000a784600000,0x000000a784700000)]
  0x000002614fb5e800 JavaThread "pool-3-thread-1" [_thread_blocked, id=9372, stack(0x000000a784700000,0x000000a784800000)]
  0x000002614fb5c800 JavaThread "build event listener" [_thread_blocked, id=17948, stack(0x000000a784800000,0x000000a784900000)]
  0x000002614fb5b800 JavaThread "Execution worker for ':'" [_thread_blocked, id=1784, stack(0x000000a784900000,0x000000a784a00000)]
  0x000002614fb5a000 JavaThread "Execution worker for ':' Thread 2" [_thread_blocked, id=3504, stack(0x000000a784a00000,0x000000a784b00000)]
  0x000002614fb5a800 JavaThread "Execution worker for ':' Thread 3" [_thread_blocked, id=2756, stack(0x000000a784b00000,0x000000a784c00000)]
  0x000002614fb59000 JavaThread "Execution worker for ':' Thread 4" [_thread_blocked, id=5844, stack(0x000000a784c00000,0x000000a784d00000)]
  0x000002614fb5d000 JavaThread "Execution worker for ':' Thread 5" [_thread_blocked, id=9492, stack(0x000000a784d00000,0x000000a784e00000)]
  0x000002614fb61000 JavaThread "Execution worker for ':' Thread 6" [_thread_blocked, id=10204, stack(0x000000a784e00000,0x000000a784f00000)]
  0x000002614fb5f800 JavaThread "Execution worker for ':' Thread 7" [_thread_blocked, id=2408, stack(0x000000a784f00000,0x000000a785000000)]
  0x000002614fb62000 JavaThread "Execution worker for ':' Thread 8" [_thread_blocked, id=18052, stack(0x000000a785000000,0x000000a785100000)]
  0x000002614fb60800 JavaThread "Execution worker for ':' Thread 9" [_thread_blocked, id=7336, stack(0x000000a785100000,0x000000a785200000)]
  0x000002614fb63000 JavaThread "Execution worker for ':' Thread 10" [_thread_blocked, id=6076, stack(0x000000a785200000,0x000000a785300000)]
  0x000002614fb63800 JavaThread "Execution worker for ':' Thread 11" [_thread_blocked, id=3520, stack(0x000000a785300000,0x000000a785400000)]
  0x000002614fb5e000 JavaThread "Cache worker for execution history cache (D:\app_dev\QuizApp\.gradle\7.0.2\executionHistory)" [_thread_blocked, id=16304, stack(0x000000a785400000,0x000000a785500000)]
  0x000002614fb67000 JavaThread "WorkerExecutor Queue" [_thread_blocked, id=4332, stack(0x000000a785500000,0x000000a785600000)]
  0x000002614fb65800 JavaThread "WorkerExecutor Queue Thread 2" [_thread_blocked, id=19956, stack(0x000000a785600000,0x000000a785700000)]
  0x000002614fb67800 JavaThread "WorkerExecutor Queue Thread 3" [_thread_blocked, id=12776, stack(0x000000a785700000,0x000000a785800000)]
  0x0000026151012000 JavaThread "WorkerExecutor Queue Thread 4" [_thread_blocked, id=19360, stack(0x000000a785800000,0x000000a785900000)]
  0x0000026151012800 JavaThread "WorkerExecutor Queue Thread 5" [_thread_blocked, id=5644, stack(0x000000a785900000,0x000000a785a00000)]
  0x000002615100d800 JavaThread "WorkerExecutor Queue Thread 6" [_thread_blocked, id=14860, stack(0x000000a785a00000,0x000000a785b00000)]
  0x000002615100e800 JavaThread "WorkerExecutor Queue Thread 7" [_thread_blocked, id=10584, stack(0x000000a785b00000,0x000000a785c00000)]
  0x0000026151011000 JavaThread "WorkerExecutor Queue Thread 8" [_thread_blocked, id=11548, stack(0x000000a785c00000,0x000000a785d00000)]
  0x000002615100f800 JavaThread "WorkerExecutor Queue Thread 9" [_thread_blocked, id=19112, stack(0x000000a785d00000,0x000000a785e00000)]
  0x0000026151010000 JavaThread "WorkerExecutor Queue Thread 10" [_thread_blocked, id=1696, stack(0x000000a785e00000,0x000000a785f00000)]
  0x000002615100d000 JavaThread "WorkerExecutor Queue Thread 11" [_thread_blocked, id=13772, stack(0x000000a785f00000,0x000000a786000000)]
  0x0000026151013800 JavaThread "WorkerExecutor Queue Thread 12" [_thread_blocked, id=13504, stack(0x000000a786000000,0x000000a786100000)]
  0x0000026151014000 JavaThread "WorkerExecutor Queue Thread 13" [_thread_blocked, id=6224, stack(0x000000a786100000,0x000000a786200000)]
  0x0000026151016800 JavaThread "ForkJoinPool-1-worker-19" daemon [_thread_blocked, id=7068, stack(0x000000a786700000,0x000000a786800000)]
  0x0000026151019000 JavaThread "ForkJoinPool-1-worker-5" daemon [_thread_blocked, id=12116, stack(0x000000a786800000,0x000000a786900000)]
  0x000002615101a000 JavaThread "ForkJoinPool-1-worker-23" daemon [_thread_blocked, id=18496, stack(0x000000a786900000,0x000000a786a00000)]
  0x0000026151018800 JavaThread "ForkJoinPool-1-worker-9" daemon [_thread_blocked, id=2608, stack(0x000000a786a00000,0x000000a786b00000)]
  0x0000026151015000 JavaThread "ForkJoinPool-1-worker-27" daemon [_thread_blocked, id=3180, stack(0x000000a786b00000,0x000000a786c00000)]
  0x000002615101a800 JavaThread "ForkJoinPool-1-worker-13" daemon [_thread_blocked, id=18992, stack(0x000000a786c00000,0x000000a786d00000)]
  0x000002615101b800 JavaThread "ForkJoinPool-1-worker-31" daemon [_thread_blocked, id=4916, stack(0x000000a786d00000,0x000000a786e00000)]
  0x0000026151016000 JavaThread "ForkJoinPool-1-worker-3" daemon [_thread_blocked, id=19552, stack(0x000000a786e00000,0x000000a786f00000)]
  0x0000026151017800 JavaThread "ForkJoinPool-1-worker-21" daemon [_thread_blocked, id=8276, stack(0x000000a786f00000,0x000000a787000000)]
  0x0000026154b1b800 JavaThread "ForkJoinPool-1-worker-17" daemon [_thread_blocked, id=13612, stack(0x000000a787000000,0x000000a787100000)]
  0x0000026154b1f000 JavaThread "ForkJoinPool-1-worker-7" daemon [_thread_blocked, id=8024, stack(0x000000a787100000,0x000000a787200000)]
  0x0000026154b1a800 JavaThread "ForkJoinPool-1-worker-25" daemon [_thread_blocked, id=15296, stack(0x000000a787200000,0x000000a787300000)]

Other Threads:
=>0x0000026148d99000 VMThread "VM Thread" [stack: 0x000000a7ffe00000,0x000000a7fff00000] [id=3324]
  0x0000026148fce800 WatcherThread [stack: 0x000000a780800000,0x000000a780900000] [id=8332]
  0x000002612dc99000 GCTaskThread "GC Thread#0" [stack: 0x000000a7ff900000,0x000000a7ffa00000] [id=15128]
  0x0000026149d04800 GCTaskThread "GC Thread#1" [stack: 0x000000a780b00000,0x000000a780c00000] [id=7780]
  0x0000026149c6a800 GCTaskThread "GC Thread#2" [stack: 0x000000a780c00000,0x000000a780d00000] [id=6340]
  0x0000026149370800 GCTaskThread "GC Thread#3" [stack: 0x000000a780d00000,0x000000a780e00000] [id=12316]
  0x0000026149d4d000 GCTaskThread "GC Thread#4" [stack: 0x000000a780e00000,0x000000a780f00000] [id=1260]
  0x0000026149682800 GCTaskThread "GC Thread#5" [stack: 0x000000a780f00000,0x000000a781000000] [id=6860]
  0x000002614a0c2000 GCTaskThread "GC Thread#6" [stack: 0x000000a781b00000,0x000000a781c00000] [id=12328]
  0x000002614b3f9800 GCTaskThread "GC Thread#7" [stack: 0x000000a781c00000,0x000000a781d00000] [id=17156]
  0x000002614c072800 GCTaskThread "GC Thread#8" [stack: 0x000000a781d00000,0x000000a781e00000] [id=12388]
  0x000002614a3f2800 GCTaskThread "GC Thread#9" [stack: 0x000000a781e00000,0x000000a781f00000] [id=5096]
  0x000002612dccd800 ConcurrentGCThread "G1 Main Marker" [stack: 0x000000a7ffa00000,0x000000a7ffb00000] [id=16472]
  0x000002612dccf000 ConcurrentGCThread "G1 Conc#0" [stack: 0x000000a7ffb00000,0x000000a7ffc00000] [id=8932]
  0x0000026149e05800 ConcurrentGCThread "G1 Conc#1" [stack: 0x000000a781f00000,0x000000a782000000] [id=2112]
  0x000002614a25d000 ConcurrentGCThread "G1 Conc#2" [stack: 0x000000a782000000,0x000000a782100000] [id=7544]
  0x00000261483e8800 ConcurrentGCThread "G1 Refine#0" [stack: 0x000000a7ffc00000,0x000000a7ffd00000] [id=8104]
  0x00000261511fa000 ConcurrentGCThread "G1 Refine#1" [stack: 0x000000a786200000,0x000000a786300000] [id=19696]
  0x00000261511fa800 ConcurrentGCThread "G1 Refine#2" [stack: 0x000000a786300000,0x000000a786400000] [id=14072]
  0x0000026151ef9000 ConcurrentGCThread "G1 Refine#3" [stack: 0x000000a786400000,0x000000a786500000] [id=14040]
  0x0000026151efa800 ConcurrentGCThread "G1 Refine#4" [stack: 0x000000a786500000,0x000000a786600000] [id=9716]
  0x0000026151efc000 ConcurrentGCThread "G1 Refine#5" [stack: 0x000000a786600000,0x000000a786700000] [id=6008]
  0x0000026151efc800 ConcurrentGCThread "G1 Refine#6" [stack: 0x000000a787300000,0x000000a787400000] [id=20280]
  0x00000261483e9000 ConcurrentGCThread "G1 Young RemSet Sampling" [stack: 0x000000a7ffd00000,0x000000a7ffe00000] [id=9428]

Threads with active compile tasks:
C2 CompilerThread0   9701 11651       4       com.android.tools.r8.code.w1::a (4137 bytes)
C2 CompilerThread1   9701 11855       4       com.android.tools.r8.dex.j::e (654 bytes)
C2 CompilerThread2   9701 11632       4       com.android.tools.r8.dex.j::a (1038 bytes)

VM state:at safepoint (normal execution)

VM Mutex/Monitor currently owned by a thread:  ([mutex/lock_event])
[0x000002612dc7cc60] Threads_lock - owner thread: 0x0000026148d99000
[0x000002612dc7ccf0] Heap_lock - owner thread: 0x000002614fb67800

Heap address: 0x0000000080000000, size: 2048 MB, Compressed Oops mode: 32-bit
Narrow klass base: 0x0000000000000000, Narrow klass shift: 3
Compressed class space size: 1073741824 Address: 0x0000000100000000

Heap:
 garbage-first heap   total 387072K, used 224256K [0x0000000080000000, 0x0000000100000000)
  region size 1024K, 5 young (5120K), 5 survivors (5120K)
 Metaspace       used 92548K, capacity 95030K, committed 98508K, reserved 1134592K
  class space    used 12121K, capacity 13028K, committed 14284K, reserved 1048576K
Heap Regions: E=young(eden), S=young(survivor), O=old, HS=humongous(starts), HC=humongous(continues), CS=collection set, F=free, A=archive, TAMS=top-at-mark-start (previous, next)
|   0|0x0000000080000000, 0x0000000080100000, 0x0000000080100000|100%| O|  |TAMS 0x0000000080100000, 0x0000000080100000| Untracked 
|   1|0x0000000080100000, 0x0000000080200000, 0x0000000080200000|100%| O|  |TAMS 0x0000000080200000, 0x0000000080200000| Untracked 
|   2|0x0000000080200000, 0x0000000080300000, 0x0000000080300000|100%| O|  |TAMS 0x0000000080300000, 0x0000000080300000| Untracked 
|   3|0x0000000080300000, 0x0000000080400000, 0x0000000080400000|100%|HS|  |TAMS 0x0000000080400000, 0x0000000080400000| Complete 
|   4|0x0000000080400000, 0x0000000080500000, 0x0000000080500000|100%|HC|  |TAMS 0x0000000080500000, 0x0000000080500000| Complete 
|   5|0x0000000080500000, 0x0000000080600000, 0x0000000080600000|100%|HC|  |TAMS 0x0000000080600000, 0x0000000080600000| Complete 
|   6|0x0000000080600000, 0x0000000080700000, 0x0000000080700000|100%| O|  |TAMS 0x0000000080700000, 0x0000000080700000| Untracked 
|   7|0x0000000080700000, 0x0000000080800000, 0x0000000080800000|100%| O|  |TAMS 0x0000000080800000, 0x0000000080800000| Untracked 
|   8|0x0000000080800000, 0x0000000080900000, 0x0000000080900000|100%| O|  |TAMS 0x0000000080900000, 0x0000000080900000| Untracked 
|   9|0x0000000080900000, 0x0000000080a00000, 0x0000000080a00000|100%| O|  |TAMS 0x0000000080a00000, 0x0000000080a00000| Untracked 
|  10|0x0000000080a00000, 0x0000000080b00000, 0x0000000080b00000|100%| O|  |TAMS 0x0000000080b00000, 0x0000000080b00000| Untracked 
|  11|0x0000000080b00000, 0x0000000080c00000, 0x0000000080c00000|100%| O|  |TAMS 0x0000000080c00000, 0x0000000080c00000| Untracked 
|  12|0x0000000080c00000, 0x0000000080d00000, 0x0000000080d00000|100%| O|  |TAMS 0x0000000080d00000, 0x0000000080d00000| Untracked 
|  13|0x0000000080d00000, 0x0000000080e00000, 0x0000000080e00000|100%| O|  |TAMS 0x0000000080e00000, 0x0000000080e00000| Untracked 
|  14|0x0000000080e00000, 0x0000000080f00000, 0x0000000080f00000|100%| O|  |TAMS 0x0000000080f00000, 0x0000000080f00000| Untracked 
|  15|0x0000000080f00000, 0x0000000081000000, 0x0000000081000000|100%| O|  |TAMS 0x0000000081000000, 0x0000000081000000| Untracked 
|  16|0x0000000081000000, 0x0000000081100000, 0x0000000081100000|100%|HS|  |TAMS 0x0000000081100000, 0x0000000081100000| Complete 
|  17|0x0000000081100000, 0x0000000081200000, 0x0000000081200000|100%|HS|  |TAMS 0x0000000081200000, 0x0000000081200000| Complete 
|  18|0x0000000081200000, 0x0000000081300000, 0x0000000081300000|100%|HS|  |TAMS 0x0000000081300000, 0x0000000081300000| Complete 
|  19|0x0000000081300000, 0x0000000081400000, 0x0000000081400000|100%|HC|  |TAMS 0x0000000081400000, 0x0000000081400000| Complete 
|  20|0x0000000081400000, 0x0000000081500000, 0x0000000081500000|100%| O|  |TAMS 0x0000000081500000, 0x0000000081500000| Untracked 
|  21|0x0000000081500000, 0x0000000081600000, 0x0000000081600000|100%| O|  |TAMS 0x0000000081600000, 0x0000000081600000| Untracked 
|  22|0x0000000081600000, 0x0000000081700000, 0x0000000081700000|100%| O|  |TAMS 0x0000000081700000, 0x0000000081700000| Untracked 
|  23|0x0000000081700000, 0x0000000081800000, 0x0000000081800000|100%| O|  |TAMS 0x0000000081800000, 0x0000000081800000| Untracked 
|  24|0x0000000081800000, 0x0000000081900000, 0x0000000081900000|100%| O|  |TAMS 0x0000000081900000, 0x0000000081900000| Untracked 
|  25|0x0000000081900000, 0x0000000081a00000, 0x0000000081a00000|100%| O|  |TAMS 0x0000000081a00000, 0x0000000081a00000| Untracked 
|  26|0x0000000081a00000, 0x0000000081b00000, 0x0000000081b00000|100%| O|  |TAMS 0x0000000081b00000, 0x0000000081b00000| Untracked 
|  27|0x0000000081b00000, 0x0000000081c00000, 0x0000000081c00000|100%| O|  |TAMS 0x0000000081c00000, 0x0000000081c00000| Untracked 
|  28|0x0000000081c00000, 0x0000000081d00000, 0x0000000081d00000|100%| O|  |TAMS 0x0000000081d00000, 0x0000000081d00000| Untracked 
|  29|0x0000000081d00000, 0x0000000081e00000, 0x0000000081e00000|100%| O|  |TAMS 0x0000000081e00000, 0x0000000081e00000| Untracked 
|  30|0x0000000081e00000, 0x0000000081f00000, 0x0000000081f00000|100%| O|  |TAMS 0x0000000081f00000, 0x0000000081f00000| Untracked 
|  31|0x0000000081f00000, 0x0000000082000000, 0x0000000082000000|100%| O|  |TAMS 0x0000000082000000, 0x0000000082000000| Untracked 
|  32|0x0000000082000000, 0x0000000082100000, 0x0000000082100000|100%| O|  |TAMS 0x0000000082100000, 0x0000000082100000| Untracked 
|  33|0x0000000082100000, 0x0000000082200000, 0x0000000082200000|100%| O|  |TAMS 0x0000000082200000, 0x0000000082200000| Untracked 
|  34|0x0000000082200000, 0x0000000082300000, 0x0000000082300000|100%| O|  |TAMS 0x0000000082300000, 0x0000000082300000| Untracked 
|  35|0x0000000082300000, 0x0000000082400000, 0x0000000082400000|100%| O|  |TAMS 0x0000000082400000, 0x0000000082400000| Untracked 
|  36|0x0000000082400000, 0x0000000082500000, 0x0000000082500000|100%| O|  |TAMS 0x0000000082500000, 0x0000000082500000| Untracked 
|  37|0x0000000082500000, 0x0000000082600000, 0x0000000082600000|100%| O|  |TAMS 0x0000000082600000, 0x0000000082600000| Untracked 
|  38|0x0000000082600000, 0x0000000082700000, 0x0000000082700000|100%| O|  |TAMS 0x0000000082700000, 0x0000000082700000| Untracked 
|  39|0x0000000082700000, 0x0000000082800000, 0x0000000082800000|100%| O|  |TAMS 0x0000000082800000, 0x0000000082800000| Untracked 
|  40|0x0000000082800000, 0x0000000082900000, 0x0000000082900000|100%| O|  |TAMS 0x0000000082900000, 0x0000000082900000| Untracked 
|  41|0x0000000082900000, 0x0000000082a00000, 0x0000000082a00000|100%| O|  |TAMS 0x0000000082a00000, 0x0000000082a00000| Untracked 
|  42|0x0000000082a00000, 0x0000000082b00000, 0x0000000082b00000|100%| O|  |TAMS 0x0000000082b00000, 0x0000000082b00000| Untracked 
|  43|0x0000000082b00000, 0x0000000082c00000, 0x0000000082c00000|100%| O|  |TAMS 0x0000000082c00000, 0x0000000082c00000| Untracked 
|  44|0x0000000082c00000, 0x0000000082d00000, 0x0000000082d00000|100%| O|  |TAMS 0x0000000082d00000, 0x0000000082d00000| Untracked 
|  45|0x0000000082d00000, 0x0000000082e00000, 0x0000000082e00000|100%| O|  |TAMS 0x0000000082e00000, 0x0000000082e00000| Untracked 
|  46|0x0000000082e00000, 0x0000000082f00000, 0x0000000082f00000|100%| O|  |TAMS 0x0000000082f00000, 0x0000000082f00000| Untracked 
|  47|0x0000000082f00000, 0x0000000083000000, 0x0000000083000000|100%| O|  |TAMS 0x0000000083000000, 0x0000000083000000| Untracked 
|  48|0x0000000083000000, 0x0000000083100000, 0x0000000083100000|100%| O|  |TAMS 0x0000000083100000, 0x0000000083100000| Untracked 
|  49|0x0000000083100000, 0x0000000083200000, 0x0000000083200000|100%| O|  |TAMS 0x0000000083200000, 0x0000000083200000| Untracked 
|  50|0x0000000083200000, 0x0000000083300000, 0x0000000083300000|100%| O|  |TAMS 0x0000000083300000, 0x0000000083300000| Untracked 
|  51|0x0000000083300000, 0x0000000083400000, 0x0000000083400000|100%| O|  |TAMS 0x0000000083400000, 0x0000000083400000| Untracked 
|  52|0x0000000083400000, 0x0000000083500000, 0x0000000083500000|100%| O|  |TAMS 0x0000000083500000, 0x0000000083500000| Untracked 
|  53|0x0000000083500000, 0x0000000083600000, 0x0000000083600000|100%| O|  |TAMS 0x0000000083600000, 0x0000000083600000| Untracked 
|  54|0x0000000083600000, 0x0000000083700000, 0x0000000083700000|100%| O|  |TAMS 0x0000000083700000, 0x0000000083700000| Untracked 
|  55|0x0000000083700000, 0x0000000083800000, 0x0000000083800000|100%| O|  |TAMS 0x0000000083800000, 0x0000000083800000| Untracked 
|  56|0x0000000083800000, 0x0000000083900000, 0x0000000083900000|100%| O|  |TAMS 0x0000000083900000, 0x0000000083900000| Untracked 
|  57|0x0000000083900000, 0x0000000083a00000, 0x0000000083a00000|100%| O|  |TAMS 0x0000000083a00000, 0x0000000083a00000| Untracked 
|  58|0x0000000083a00000, 0x0000000083b00000, 0x0000000083b00000|100%| O|  |TAMS 0x0000000083b00000, 0x0000000083b00000| Untracked 
|  59|0x0000000083b00000, 0x0000000083c00000, 0x0000000083c00000|100%| O|  |TAMS 0x0000000083c00000, 0x0000000083c00000| Untracked 
|  60|0x0000000083c00000, 0x0000000083d00000, 0x0000000083d00000|100%| O|  |TAMS 0x0000000083d00000, 0x0000000083d00000| Untracked 
|  61|0x0000000083d00000, 0x0000000083e00000, 0x0000000083e00000|100%| O|  |TAMS 0x0000000083e00000, 0x0000000083e00000| Untracked 
|  62|0x0000000083e00000, 0x0000000083f00000, 0x0000000083f00000|100%| O|  |TAMS 0x0000000083f00000, 0x0000000083f00000| Untracked 
|  63|0x0000000083f00000, 0x0000000084000000, 0x0000000084000000|100%| O|  |TAMS 0x0000000084000000, 0x0000000084000000| Untracked 
|  64|0x0000000084000000, 0x0000000084100000, 0x0000000084100000|100%| O|  |TAMS 0x0000000084100000, 0x0000000084100000| Untracked 
|  65|0x0000000084100000, 0x0000000084200000, 0x0000000084200000|100%| O|  |TAMS 0x0000000084200000, 0x0000000084200000| Untracked 
|  66|0x0000000084200000, 0x0000000084300000, 0x0000000084300000|100%| O|  |TAMS 0x0000000084300000, 0x0000000084300000| Untracked 
|  67|0x0000000084300000, 0x0000000084400000, 0x0000000084400000|100%| O|  |TAMS 0x0000000084400000, 0x0000000084400000| Untracked 
|  68|0x0000000084400000, 0x0000000084500000, 0x0000000084500000|100%|HS|  |TAMS 0x0000000084500000, 0x0000000084500000| Complete 
|  69|0x0000000084500000, 0x0000000084600000, 0x0000000084600000|100%|HC|  |TAMS 0x0000000084600000, 0x0000000084600000| Complete 
|  70|0x0000000084600000, 0x0000000084700000, 0x0000000084700000|100%|HS|  |TAMS 0x0000000084700000, 0x0000000084700000| Complete 
|  71|0x0000000084700000, 0x0000000084800000, 0x0000000084800000|100%|HS|  |TAMS 0x0000000084800000, 0x0000000084800000| Complete 
|  72|0x0000000084800000, 0x0000000084900000, 0x0000000084900000|100%|HS|  |TAMS 0x0000000084900000, 0x0000000084900000| Complete 
|  73|0x0000000084900000, 0x0000000084a00000, 0x0000000084a00000|100%|HS|  |TAMS 0x0000000084a00000, 0x0000000084a00000| Complete 
|  74|0x0000000084a00000, 0x0000000084b00000, 0x0000000084b00000|100%|HC|  |TAMS 0x0000000084b00000, 0x0000000084b00000| Complete 
|  75|0x0000000084b00000, 0x0000000084c00000, 0x0000000084c00000|100%|HS|  |TAMS 0x0000000084c00000, 0x0000000084c00000| Complete 
|  76|0x0000000084c00000, 0x0000000084d00000, 0x0000000084d00000|100%|HC|  |TAMS 0x0000000084d00000, 0x0000000084d00000| Complete 
|  77|0x0000000084d00000, 0x0000000084e00000, 0x0000000084e00000|100%|HC|  |TAMS 0x0000000084e00000, 0x0000000084e00000| Complete 
|  78|0x0000000084e00000, 0x0000000084f00000, 0x0000000084f00000|100%| O|  |TAMS 0x0000000084f00000, 0x0000000084f00000| Untracked 
|  79|0x0000000084f00000, 0x0000000085000000, 0x0000000085000000|100%| O|  |TAMS 0x0000000085000000, 0x0000000085000000| Untracked 
|  80|0x0000000085000000, 0x0000000085100000, 0x0000000085100000|100%| O|  |TAMS 0x0000000085100000, 0x0000000085100000| Untracked 
|  81|0x0000000085100000, 0x0000000085200000, 0x0000000085200000|100%| O|  |TAMS 0x0000000085200000, 0x0000000085200000| Untracked 
|  82|0x0000000085200000, 0x0000000085300000, 0x0000000085300000|100%| O|  |TAMS 0x0000000085300000, 0x0000000085300000| Untracked 
|  83|0x0000000085300000, 0x0000000085400000, 0x0000000085400000|100%| O|  |TAMS 0x0000000085400000, 0x0000000085400000| Untracked 
|  84|0x0000000085400000, 0x0000000085500000, 0x0000000085500000|100%| O|  |TAMS 0x0000000085500000, 0x0000000085500000| Untracked 
|  85|0x0000000085500000, 0x0000000085600000, 0x0000000085600000|100%| O|  |TAMS 0x0000000085600000, 0x0000000085600000| Untracked 
|  86|0x0000000085600000, 0x0000000085700000, 0x0000000085700000|100%| O|  |TAMS 0x0000000085700000, 0x0000000085700000| Untracked 
|  87|0x0000000085700000, 0x0000000085800000, 0x0000000085800000|100%| O|  |TAMS 0x0000000085800000, 0x0000000085800000| Untracked 
|  88|0x0000000085800000, 0x0000000085900000, 0x0000000085900000|100%|HS|  |TAMS 0x0000000085900000, 0x0000000085900000| Complete 
|  89|0x0000000085900000, 0x0000000085a00000, 0x0000000085a00000|100%|HC|  |TAMS 0x0000000085a00000, 0x0000000085a00000| Complete 
|  90|0x0000000085a00000, 0x0000000085b00000, 0x0000000085b00000|100%| O|  |TAMS 0x0000000085b00000, 0x0000000085b00000| Untracked 
|  91|0x0000000085b00000, 0x0000000085c00000, 0x0000000085c00000|100%|HS|  |TAMS 0x0000000085c00000, 0x0000000085c00000| Complete 
|  92|0x0000000085c00000, 0x0000000085d00000, 0x0000000085d00000|100%| O|  |TAMS 0x0000000085d00000, 0x0000000085d00000| Untracked 
|  93|0x0000000085d00000, 0x0000000085e00000, 0x0000000085e00000|100%|HS|  |TAMS 0x0000000085e00000, 0x0000000085e00000| Complete 
|  94|0x0000000085e00000, 0x0000000085f00000, 0x0000000085f00000|100%| O|  |TAMS 0x0000000085f00000, 0x0000000085f00000| Untracked 
|  95|0x0000000085f00000, 0x0000000086000000, 0x0000000086000000|100%|HS|  |TAMS 0x0000000086000000, 0x0000000086000000| Complete 
|  96|0x0000000086000000, 0x0000000086100000, 0x0000000086100000|100%| O|  |TAMS 0x0000000086100000, 0x0000000086100000| Untracked 
|  97|0x0000000086100000, 0x0000000086200000, 0x0000000086200000|100%| O|  |TAMS 0x0000000086200000, 0x0000000086200000| Untracked 
|  98|0x0000000086200000, 0x0000000086300000, 0x0000000086300000|100%|HS|  |TAMS 0x0000000086300000, 0x0000000086300000| Complete 
|  99|0x0000000086300000, 0x0000000086400000, 0x0000000086400000|100%|HC|  |TAMS 0x0000000086400000, 0x0000000086400000| Complete 
| 100|0x0000000086400000, 0x0000000086500000, 0x0000000086500000|100%| O|  |TAMS 0x0000000086500000, 0x0000000086500000| Untracked 
| 101|0x0000000086500000, 0x0000000086600000, 0x0000000086600000|100%| O|  |TAMS 0x0000000086600000, 0x0000000086600000| Untracked 
| 102|0x0000000086600000, 0x0000000086700000, 0x0000000086700000|100%| O|  |TAMS 0x0000000086700000, 0x0000000086700000| Untracked 
| 103|0x0000000086700000, 0x0000000086800000, 0x0000000086800000|100%|HS|  |TAMS 0x0000000086800000, 0x0000000086800000| Complete 
| 104|0x0000000086800000, 0x0000000086900000, 0x0000000086900000|100%|HC|  |TAMS 0x0000000086900000, 0x0000000086900000| Complete 
| 105|0x0000000086900000, 0x0000000086a00000, 0x0000000086a00000|100%|HC|  |TAMS 0x0000000086a00000, 0x0000000086a00000| Complete 
| 106|0x0000000086a00000, 0x0000000086b00000, 0x0000000086b00000|100%|HS|  |TAMS 0x0000000086b00000, 0x0000000086b00000| Complete 
| 107|0x0000000086b00000, 0x0000000086c00000, 0x0000000086c00000|100%|HS|  |TAMS 0x0000000086c00000, 0x0000000086c00000| Complete 
| 108|0x0000000086c00000, 0x0000000086d00000, 0x0000000086d00000|100%| O|  |TAMS 0x0000000086d00000, 0x0000000086d00000| Untracked 
| 109|0x0000000086d00000, 0x0000000086e00000, 0x0000000086e00000|100%| O|  |TAMS 0x0000000086e00000, 0x0000000086e00000| Untracked 
| 110|0x0000000086e00000, 0x0000000086f00000, 0x0000000086f00000|100%| O|  |TAMS 0x0000000086f00000, 0x0000000086f00000| Untracked 
| 111|0x0000000086f00000, 0x0000000087000000, 0x0000000087000000|100%| O|  |TAMS 0x0000000087000000, 0x0000000087000000| Untracked 
| 112|0x0000000087000000, 0x0000000087100000, 0x0000000087100000|100%| O|  |TAMS 0x0000000087100000, 0x0000000087100000| Untracked 
| 113|0x0000000087100000, 0x0000000087200000, 0x0000000087200000|100%| O|  |TAMS 0x0000000087200000, 0x0000000087200000| Untracked 
| 114|0x0000000087200000, 0x0000000087300000, 0x0000000087300000|100%| O|  |TAMS 0x0000000087300000, 0x0000000087300000| Untracked 
| 115|0x0000000087300000, 0x0000000087400000, 0x0000000087400000|100%| O|  |TAMS 0x0000000087400000, 0x0000000087400000| Untracked 
| 116|0x0000000087400000, 0x0000000087500000, 0x0000000087500000|100%| O|  |TAMS 0x0000000087500000, 0x0000000087500000| Untracked 
| 117|0x0000000087500000, 0x0000000087600000, 0x0000000087600000|100%| O|  |TAMS 0x0000000087600000, 0x0000000087600000| Untracked 
| 118|0x0000000087600000, 0x0000000087700000, 0x0000000087700000|100%| O|  |TAMS 0x0000000087700000, 0x0000000087700000| Untracked 
| 119|0x0000000087700000, 0x0000000087800000, 0x0000000087800000|100%| O|  |TAMS 0x0000000087800000, 0x0000000087800000| Untracked 
| 120|0x0000000087800000, 0x0000000087900000, 0x0000000087900000|100%| O|  |TAMS 0x0000000087900000, 0x0000000087900000| Untracked 
| 121|0x0000000087900000, 0x0000000087a00000, 0x0000000087a00000|100%| O|  |TAMS 0x0000000087a00000, 0x0000000087a00000| Untracked 
| 122|0x0000000087a00000, 0x0000000087b00000, 0x0000000087b00000|100%| O|  |TAMS 0x0000000087b00000, 0x0000000087b00000| Untracked 
| 123|0x0000000087b00000, 0x0000000087c00000, 0x0000000087c00000|100%| O|  |TAMS 0x0000000087c00000, 0x0000000087c00000| Untracked 
| 124|0x0000000087c00000, 0x0000000087d00000, 0x0000000087d00000|100%| O|  |TAMS 0x0000000087d00000, 0x0000000087d00000| Untracked 
| 125|0x0000000087d00000, 0x0000000087e00000, 0x0000000087e00000|100%| O|  |TAMS 0x0000000087e00000, 0x0000000087e00000| Untracked 
| 126|0x0000000087e00000, 0x0000000087f00000, 0x0000000087f00000|100%| O|  |TAMS 0x0000000087f00000, 0x0000000087f00000| Untracked 
| 127|0x0000000087f00000, 0x0000000088000000, 0x0000000088000000|100%| O|  |TAMS 0x0000000088000000, 0x0000000088000000| Untracked 
| 128|0x0000000088000000, 0x0000000088100000, 0x0000000088100000|100%| O|  |TAMS 0x0000000088100000, 0x0000000088100000| Untracked 
| 129|0x0000000088100000, 0x0000000088200000, 0x0000000088200000|100%|HS|  |TAMS 0x0000000088200000, 0x0000000088200000| Complete 
| 130|0x0000000088200000, 0x0000000088300000, 0x0000000088300000|100%| O|  |TAMS 0x0000000088300000, 0x0000000088300000| Untracked 
| 131|0x0000000088300000, 0x0000000088400000, 0x0000000088400000|100%| O|  |TAMS 0x0000000088400000, 0x0000000088400000| Untracked 
| 132|0x0000000088400000, 0x0000000088500000, 0x0000000088500000|100%| O|  |TAMS 0x0000000088500000, 0x0000000088500000| Untracked 
| 133|0x0000000088500000, 0x0000000088600000, 0x0000000088600000|100%| O|  |TAMS 0x0000000088600000, 0x0000000088600000| Untracked 
| 134|0x0000000088600000, 0x0000000088700000, 0x0000000088700000|100%| O|  |TAMS 0x0000000088700000, 0x0000000088700000| Untracked 
| 135|0x0000000088700000, 0x0000000088800000, 0x0000000088800000|100%| O|  |TAMS 0x0000000088800000, 0x0000000088800000| Untracked 
| 136|0x0000000088800000, 0x0000000088900000, 0x0000000088900000|100%| O|  |TAMS 0x0000000088900000, 0x0000000088900000| Untracked 
| 137|0x0000000088900000, 0x0000000088a00000, 0x0000000088a00000|100%| O|  |TAMS 0x0000000088a00000, 0x0000000088a00000| Untracked 
| 138|0x0000000088a00000, 0x0000000088b00000, 0x0000000088b00000|100%| O|  |TAMS 0x0000000088b00000, 0x0000000088b00000| Untracked 
| 139|0x0000000088b00000, 0x0000000088c00000, 0x0000000088c00000|100%| O|  |TAMS 0x0000000088c00000, 0x0000000088c00000| Untracked 
| 140|0x0000000088c00000, 0x0000000088d00000, 0x0000000088d00000|100%| O|  |TAMS 0x0000000088d00000, 0x0000000088d00000| Untracked 
| 141|0x0000000088d00000, 0x0000000088e00000, 0x0000000088e00000|100%| O|  |TAMS 0x0000000088e00000, 0x0000000088e00000| Untracked 
| 142|0x0000000088e00000, 0x0000000088f00000, 0x0000000088f00000|100%| O|  |TAMS 0x0000000088f00000, 0x0000000088f00000| Untracked 
| 143|0x0000000088f00000, 0x0000000089000000, 0x0000000089000000|100%| O|  |TAMS 0x0000000089000000, 0x0000000089000000| Untracked 
| 144|0x0000000089000000, 0x0000000089100000, 0x0000000089100000|100%| O|  |TAMS 0x0000000089100000, 0x0000000089100000| Untracked 
| 145|0x0000000089100000, 0x0000000089200000, 0x0000000089200000|100%| O|  |TAMS 0x0000000089200000, 0x0000000089200000| Untracked 
| 146|0x0000000089200000, 0x0000000089300000, 0x0000000089300000|100%| O|  |TAMS 0x0000000089300000, 0x0000000089300000| Untracked 
| 147|0x0000000089300000, 0x0000000089400000, 0x0000000089400000|100%| O|  |TAMS 0x0000000089400000, 0x0000000089400000| Untracked 
| 148|0x0000000089400000, 0x0000000089500000, 0x0000000089500000|100%| O|  |TAMS 0x0000000089500000, 0x0000000089500000| Untracked 
| 149|0x0000000089500000, 0x0000000089600000, 0x0000000089600000|100%| O|  |TAMS 0x0000000089600000, 0x0000000089600000| Untracked 
| 150|0x0000000089600000, 0x0000000089700000, 0x0000000089700000|100%| O|  |TAMS 0x0000000089700000, 0x0000000089700000| Untracked 
| 151|0x0000000089700000, 0x0000000089800000, 0x0000000089800000|100%| O|  |TAMS 0x0000000089800000, 0x0000000089800000| Untracked 
| 152|0x0000000089800000, 0x0000000089900000, 0x0000000089900000|100%| O|  |TAMS 0x0000000089900000, 0x0000000089900000| Untracked 
| 153|0x0000000089900000, 0x0000000089a00000, 0x0000000089a00000|100%| O|  |TAMS 0x0000000089a00000, 0x0000000089a00000| Untracked 
| 154|0x0000000089a00000, 0x0000000089b00000, 0x0000000089b00000|100%| O|  |TAMS 0x0000000089b00000, 0x0000000089b00000| Untracked 
| 155|0x0000000089b00000, 0x0000000089c00000, 0x0000000089c00000|100%| O|  |TAMS 0x0000000089c00000, 0x0000000089c00000| Untracked 
| 156|0x0000000089c00000, 0x0000000089d00000, 0x0000000089d00000|100%| O|  |TAMS 0x0000000089d00000, 0x0000000089d00000| Untracked 
| 157|0x0000000089d00000, 0x0000000089e00000, 0x0000000089e00000|100%| O|  |TAMS 0x0000000089e00000, 0x0000000089e00000| Untracked 
| 158|0x0000000089e00000, 0x0000000089f00000, 0x0000000089f00000|100%| O|  |TAMS 0x0000000089f00000, 0x0000000089f00000| Untracked 
| 159|0x0000000089f00000, 0x000000008a000000, 0x000000008a000000|100%| O|  |TAMS 0x000000008a000000, 0x000000008a000000| Untracked 
| 160|0x000000008a000000, 0x000000008a100000, 0x000000008a100000|100%| O|  |TAMS 0x000000008a100000, 0x000000008a100000| Untracked 
| 161|0x000000008a100000, 0x000000008a200000, 0x000000008a200000|100%| O|  |TAMS 0x000000008a200000, 0x000000008a200000| Untracked 
| 162|0x000000008a200000, 0x000000008a300000, 0x000000008a300000|100%| O|  |TAMS 0x000000008a300000, 0x000000008a300000| Untracked 
| 163|0x000000008a300000, 0x000000008a400000, 0x000000008a400000|100%| O|  |TAMS 0x000000008a400000, 0x000000008a400000| Untracked 
| 164|0x000000008a400000, 0x000000008a500000, 0x000000008a500000|100%| O|  |TAMS 0x000000008a500000, 0x000000008a500000| Untracked 
| 165|0x000000008a500000, 0x000000008a600000, 0x000000008a600000|100%| O|  |TAMS 0x000000008a555600, 0x000000008a600000| Untracked 
| 166|0x000000008a600000, 0x000000008a700000, 0x000000008a700000|100%|HS|  |TAMS 0x000000008a600000, 0x000000008a700000| Complete 
| 167|0x000000008a700000, 0x000000008a800000, 0x000000008a800000|100%|HS|  |TAMS 0x000000008a700000, 0x000000008a800000| Complete 
| 168|0x000000008a800000, 0x000000008a900000, 0x000000008a900000|100%| O|  |TAMS 0x000000008a800000, 0x000000008a900000| Untracked 
| 169|0x000000008a900000, 0x000000008aa00000, 0x000000008aa00000|100%| O|  |TAMS 0x000000008a900000, 0x000000008aa00000| Untracked 
| 170|0x000000008aa00000, 0x000000008ab00000, 0x000000008ab00000|100%| O|  |TAMS 0x000000008aa00000, 0x000000008ab00000| Untracked 
| 171|0x000000008ab00000, 0x000000008ac00000, 0x000000008ac00000|100%| O|  |TAMS 0x000000008ab00000, 0x000000008ac00000| Untracked 
| 172|0x000000008ac00000, 0x000000008ad00000, 0x000000008ad00000|100%| O|  |TAMS 0x000000008ac00000, 0x000000008ad00000| Untracked 
| 173|0x000000008ad00000, 0x000000008ae00000, 0x000000008ae00000|100%| O|  |TAMS 0x000000008ad00000, 0x000000008ae00000| Untracked 
| 174|0x000000008ae00000, 0x000000008af00000, 0x000000008af00000|100%| O|  |TAMS 0x000000008ae00000, 0x000000008af00000| Untracked 
| 175|0x000000008af00000, 0x000000008b000000, 0x000000008b000000|100%| O|  |TAMS 0x000000008af00000, 0x000000008b000000| Untracked 
| 176|0x000000008b000000, 0x000000008b100000, 0x000000008b100000|100%| O|  |TAMS 0x000000008b000000, 0x000000008b100000| Untracked 
| 177|0x000000008b100000, 0x000000008b200000, 0x000000008b200000|100%| O|  |TAMS 0x000000008b100000, 0x000000008b200000| Untracked 
| 178|0x000000008b200000, 0x000000008b300000, 0x000000008b300000|100%| O|  |TAMS 0x000000008b200000, 0x000000008b300000| Untracked 
| 179|0x000000008b300000, 0x000000008b400000, 0x000000008b400000|100%| O|  |TAMS 0x000000008b300000, 0x000000008b400000| Untracked 
| 180|0x000000008b400000, 0x000000008b500000, 0x000000008b500000|100%| O|  |TAMS 0x000000008b400000, 0x000000008b500000| Untracked 
| 181|0x000000008b500000, 0x000000008b600000, 0x000000008b600000|100%| O|  |TAMS 0x000000008b500000, 0x000000008b600000| Untracked 
| 182|0x000000008b600000, 0x000000008b700000, 0x000000008b700000|100%| O|  |TAMS 0x000000008b600000, 0x000000008b700000| Untracked 
| 183|0x000000008b700000, 0x000000008b800000, 0x000000008b800000|100%| O|  |TAMS 0x000000008b700000, 0x000000008b800000| Untracked 
| 184|0x000000008b800000, 0x000000008b900000, 0x000000008b900000|100%| O|  |TAMS 0x000000008b800000, 0x000000008b900000| Untracked 
| 185|0x000000008b900000, 0x000000008ba00000, 0x000000008ba00000|100%| O|  |TAMS 0x000000008b900000, 0x000000008ba00000| Untracked 
| 186|0x000000008ba00000, 0x000000008bb00000, 0x000000008bb00000|100%| O|  |TAMS 0x000000008ba00000, 0x000000008bb00000| Untracked 
| 187|0x000000008bb00000, 0x000000008bc00000, 0x000000008bc00000|100%| O|  |TAMS 0x000000008bb00000, 0x000000008bc00000| Untracked 
| 188|0x000000008bc00000, 0x000000008bd00000, 0x000000008bd00000|100%| O|  |TAMS 0x000000008bc00000, 0x000000008bd00000| Untracked 
| 189|0x000000008bd00000, 0x000000008be00000, 0x000000008be00000|100%| O|  |TAMS 0x000000008bd00000, 0x000000008be00000| Untracked 
| 190|0x000000008be00000, 0x000000008bf00000, 0x000000008bf00000|100%| O|  |TAMS 0x000000008be00000, 0x000000008bf00000| Untracked 
| 191|0x000000008bf00000, 0x000000008c000000, 0x000000008c000000|100%| O|  |TAMS 0x000000008bf00000, 0x000000008c000000| Untracked 
| 192|0x000000008c000000, 0x000000008c100000, 0x000000008c100000|100%| O|  |TAMS 0x000000008c000000, 0x000000008c100000| Untracked 
| 193|0x000000008c100000, 0x000000008c200000, 0x000000008c200000|100%| O|  |TAMS 0x000000008c100000, 0x000000008c200000| Untracked 
| 194|0x000000008c200000, 0x000000008c300000, 0x000000008c300000|100%| O|  |TAMS 0x000000008c200000, 0x000000008c300000| Untracked 
| 195|0x000000008c300000, 0x000000008c400000, 0x000000008c400000|100%| O|  |TAMS 0x000000008c300000, 0x000000008c400000| Untracked 
| 196|0x000000008c400000, 0x000000008c500000, 0x000000008c500000|100%| O|  |TAMS 0x000000008c400000, 0x000000008c500000| Untracked 
| 197|0x000000008c500000, 0x000000008c600000, 0x000000008c600000|100%| O|  |TAMS 0x000000008c500000, 0x000000008c600000| Untracked 
| 198|0x000000008c600000, 0x000000008c700000, 0x000000008c700000|100%| O|  |TAMS 0x000000008c600000, 0x000000008c700000| Untracked 
| 199|0x000000008c700000, 0x000000008c800000, 0x000000008c800000|100%| O|  |TAMS 0x000000008c700000, 0x000000008c800000| Untracked 
| 200|0x000000008c800000, 0x000000008c900000, 0x000000008c900000|100%| O|  |TAMS 0x000000008c800000, 0x000000008c900000| Untracked 
| 201|0x000000008c900000, 0x000000008ca00000, 0x000000008ca00000|100%| O|  |TAMS 0x000000008c900000, 0x000000008ca00000| Untracked 
| 202|0x000000008ca00000, 0x000000008cb00000, 0x000000008cb00000|100%| O|  |TAMS 0x000000008ca00000, 0x000000008cb00000| Untracked 
| 203|0x000000008cb00000, 0x000000008cc00000, 0x000000008cc00000|100%| O|  |TAMS 0x000000008cb00000, 0x000000008cc00000| Untracked 
| 204|0x000000008cc00000, 0x000000008cd00000, 0x000000008cd00000|100%| O|  |TAMS 0x000000008cc00000, 0x000000008cd00000| Untracked 
| 205|0x000000008cd00000, 0x000000008ce00000, 0x000000008ce00000|100%| O|  |TAMS 0x000000008cd00000, 0x000000008ce00000| Untracked 
| 206|0x000000008ce00000, 0x000000008cf00000, 0x000000008cf00000|100%| O|  |TAMS 0x000000008ce00000, 0x000000008cf00000| Untracked 
| 207|0x000000008cf00000, 0x000000008d000000, 0x000000008d000000|100%| O|  |TAMS 0x000000008cf00000, 0x000000008d000000| Untracked 
| 208|0x000000008d000000, 0x000000008d100000, 0x000000008d100000|100%| O|  |TAMS 0x000000008d000000, 0x000000008d100000| Untracked 
| 209|0x000000008d100000, 0x000000008d200000, 0x000000008d200000|100%| O|  |TAMS 0x000000008d100000, 0x000000008d200000| Untracked 
| 210|0x000000008d200000, 0x000000008d300000, 0x000000008d300000|100%| O|  |TAMS 0x000000008d200000, 0x000000008d300000| Untracked 
| 211|0x000000008d300000, 0x000000008d300000, 0x000000008d400000|  0%| F|  |TAMS 0x000000008d300000, 0x000000008d300000| Untracked 
| 212|0x000000008d400000, 0x000000008d400000, 0x000000008d500000|  0%| F|  |TAMS 0x000000008d400000, 0x000000008d400000| Untracked 
| 213|0x000000008d500000, 0x000000008d500000, 0x000000008d600000|  0%| F|  |TAMS 0x000000008d500000, 0x000000008d500000| Untracked 
| 214|0x000000008d600000, 0x000000008d600000, 0x000000008d700000|  0%| F|  |TAMS 0x000000008d600000, 0x000000008d600000| Untracked 
| 215|0x000000008d700000, 0x000000008d700000, 0x000000008d800000|  0%| F|  |TAMS 0x000000008d700000, 0x000000008d700000| Untracked 
| 216|0x000000008d800000, 0x000000008d800000, 0x000000008d900000|  0%| F|  |TAMS 0x000000008d800000, 0x000000008d800000| Untracked 
| 217|0x000000008d900000, 0x000000008d900000, 0x000000008da00000|  0%| F|  |TAMS 0x000000008d900000, 0x000000008d900000| Untracked 
| 218|0x000000008da00000, 0x000000008da00000, 0x000000008db00000|  0%| F|  |TAMS 0x000000008da00000, 0x000000008da00000| Untracked 
| 219|0x000000008db00000, 0x000000008db00000, 0x000000008dc00000|  0%| F|  |TAMS 0x000000008db00000, 0x000000008db00000| Untracked 
| 220|0x000000008dc00000, 0x000000008dc00000, 0x000000008dd00000|  0%| F|  |TAMS 0x000000008dc00000, 0x000000008dc00000| Untracked 
| 221|0x000000008dd00000, 0x000000008dd00000, 0x000000008de00000|  0%| F|  |TAMS 0x000000008dd00000, 0x000000008dd00000| Untracked 
| 222|0x000000008de00000, 0x000000008de00000, 0x000000008df00000|  0%| F|  |TAMS 0x000000008de00000, 0x000000008de00000| Untracked 
| 223|0x000000008df00000, 0x000000008df00000, 0x000000008e000000|  0%| F|  |TAMS 0x000000008df00000, 0x000000008df00000| Untracked 
| 224|0x000000008e000000, 0x000000008e000000, 0x000000008e100000|  0%| F|  |TAMS 0x000000008e000000, 0x000000008e000000| Untracked 
| 225|0x000000008e100000, 0x000000008e100000, 0x000000008e200000|  0%| F|  |TAMS 0x000000008e100000, 0x000000008e100000| Untracked 
| 226|0x000000008e200000, 0x000000008e200000, 0x000000008e300000|  0%| F|  |TAMS 0x000000008e200000, 0x000000008e200000| Untracked 
| 227|0x000000008e300000, 0x000000008e300000, 0x000000008e400000|  0%| F|  |TAMS 0x000000008e300000, 0x000000008e300000| Untracked 
| 228|0x000000008e400000, 0x000000008e400000, 0x000000008e500000|  0%| F|  |TAMS 0x000000008e400000, 0x000000008e400000| Untracked 
| 229|0x000000008e500000, 0x000000008e500000, 0x000000008e600000|  0%| F|  |TAMS 0x000000008e500000, 0x000000008e500000| Untracked 
| 230|0x000000008e600000, 0x000000008e600000, 0x000000008e700000|  0%| F|  |TAMS 0x000000008e600000, 0x000000008e600000| Untracked 
| 231|0x000000008e700000, 0x000000008e700000, 0x000000008e800000|  0%| F|  |TAMS 0x000000008e700000, 0x000000008e700000| Untracked 
| 232|0x000000008e800000, 0x000000008e800000, 0x000000008e900000|  0%| F|  |TAMS 0x000000008e800000, 0x000000008e800000| Untracked 
| 233|0x000000008e900000, 0x000000008e900000, 0x000000008ea00000|  0%| F|  |TAMS 0x000000008e900000, 0x000000008e900000| Untracked 
| 234|0x000000008ea00000, 0x000000008ea00000, 0x000000008eb00000|  0%| F|  |TAMS 0x000000008ea00000, 0x000000008ea00000| Untracked 
| 235|0x000000008eb00000, 0x000000008eb00000, 0x000000008ec00000|  0%| F|  |TAMS 0x000000008eb00000, 0x000000008eb00000| Untracked 
| 236|0x000000008ec00000, 0x000000008ec00000, 0x000000008ed00000|  0%| F|  |TAMS 0x000000008ec00000, 0x000000008ec00000| Untracked 
| 237|0x000000008ed00000, 0x000000008ed00000, 0x000000008ee00000|  0%| F|  |TAMS 0x000000008ed00000, 0x000000008ed00000| Untracked 
| 238|0x000000008ee00000, 0x000000008ee00000, 0x000000008ef00000|  0%| F|  |TAMS 0x000000008ee00000, 0x000000008ee00000| Untracked 
| 239|0x000000008ef00000, 0x000000008ef00000, 0x000000008f000000|  0%| F|  |TAMS 0x000000008ef00000, 0x000000008ef00000| Untracked 
| 240|0x000000008f000000, 0x000000008f000000, 0x000000008f100000|  0%| F|  |TAMS 0x000000008f000000, 0x000000008f000000| Untracked 
| 241|0x000000008f100000, 0x000000008f100000, 0x000000008f200000|  0%| F|  |TAMS 0x000000008f100000, 0x000000008f100000| Untracked 
| 242|0x000000008f200000, 0x000000008f200000, 0x000000008f300000|  0%| F|  |TAMS 0x000000008f200000, 0x000000008f200000| Untracked 
| 243|0x000000008f300000, 0x000000008f300000, 0x000000008f400000|  0%| F|  |TAMS 0x000000008f300000, 0x000000008f300000| Untracked 
| 244|0x000000008f400000, 0x000000008f400000, 0x000000008f500000|  0%| F|  |TAMS 0x000000008f400000, 0x000000008f400000| Untracked 
| 245|0x000000008f500000, 0x000000008f500000, 0x000000008f600000|  0%| F|  |TAMS 0x000000008f500000, 0x000000008f500000| Untracked 
| 246|0x000000008f600000, 0x000000008f600000, 0x000000008f700000|  0%| F|  |TAMS 0x000000008f600000, 0x000000008f600000| Untracked 
| 247|0x000000008f700000, 0x000000008f700000, 0x000000008f800000|  0%| F|  |TAMS 0x000000008f700000, 0x000000008f700000| Untracked 
| 248|0x000000008f800000, 0x000000008f800000, 0x000000008f900000|  0%| F|  |TAMS 0x000000008f800000, 0x000000008f800000| Untracked 
| 249|0x000000008f900000, 0x000000008f900000, 0x000000008fa00000|  0%| F|  |TAMS 0x000000008f900000, 0x000000008f900000| Untracked 
| 250|0x000000008fa00000, 0x000000008fa00000, 0x000000008fb00000|  0%| F|  |TAMS 0x000000008fa00000, 0x000000008fa00000| Untracked 
| 251|0x000000008fb00000, 0x000000008fb00000, 0x000000008fc00000|  0%| F|  |TAMS 0x000000008fb00000, 0x000000008fb00000| Untracked 
| 252|0x000000008fc00000, 0x000000008fc00000, 0x000000008fd00000|  0%| F|  |TAMS 0x000000008fc00000, 0x000000008fc00000| Untracked 
| 253|0x000000008fd00000, 0x000000008fd00000, 0x000000008fe00000|  0%| F|  |TAMS 0x000000008fd00000, 0x000000008fd00000| Untracked 
| 254|0x000000008fe00000, 0x000000008ff00000, 0x000000008ff00000|100%| O|  |TAMS 0x000000008ff00000, 0x000000008ff00000| Untracked 
| 255|0x000000008ff00000, 0x0000000090000000, 0x0000000090000000|100%| O|  |TAMS 0x0000000090000000, 0x0000000090000000| Untracked 
| 256|0x0000000090000000, 0x0000000090100000, 0x0000000090100000|100%| O|  |TAMS 0x0000000090100000, 0x0000000090100000| Untracked 
| 257|0x0000000090100000, 0x0000000090100000, 0x0000000090200000|  0%| F|  |TAMS 0x0000000090100000, 0x0000000090100000| Untracked 
| 258|0x0000000090200000, 0x0000000090200000, 0x0000000090300000|  0%| F|  |TAMS 0x0000000090200000, 0x0000000090200000| Untracked 
| 259|0x0000000090300000, 0x0000000090300000, 0x0000000090400000|  0%| F|  |TAMS 0x0000000090300000, 0x0000000090300000| Untracked 
| 260|0x0000000090400000, 0x0000000090400000, 0x0000000090500000|  0%| F|  |TAMS 0x0000000090400000, 0x0000000090400000| Untracked 
| 261|0x0000000090500000, 0x0000000090500000, 0x0000000090600000|  0%| F|  |TAMS 0x0000000090500000, 0x0000000090500000| Untracked 
| 262|0x0000000090600000, 0x0000000090600000, 0x0000000090700000|  0%| F|  |TAMS 0x0000000090600000, 0x0000000090600000| Untracked 
| 263|0x0000000090700000, 0x0000000090700000, 0x0000000090800000|  0%| F|  |TAMS 0x0000000090700000, 0x0000000090700000| Untracked 
| 264|0x0000000090800000, 0x0000000090800000, 0x0000000090900000|  0%| F|  |TAMS 0x0000000090800000, 0x0000000090800000| Untracked 
| 265|0x0000000090900000, 0x0000000090900000, 0x0000000090a00000|  0%| F|  |TAMS 0x0000000090900000, 0x0000000090900000| Untracked 
| 266|0x0000000090a00000, 0x0000000090a00000, 0x0000000090b00000|  0%| F|  |TAMS 0x0000000090a00000, 0x0000000090a00000| Untracked 
| 267|0x0000000090b00000, 0x0000000090b00000, 0x0000000090c00000|  0%| F|  |TAMS 0x0000000090b00000, 0x0000000090b00000| Untracked 
| 268|0x0000000090c00000, 0x0000000090c00000, 0x0000000090d00000|  0%| F|  |TAMS 0x0000000090c00000, 0x0000000090c00000| Untracked 
| 269|0x0000000090d00000, 0x0000000090d00000, 0x0000000090e00000|  0%| F|  |TAMS 0x0000000090d00000, 0x0000000090d00000| Untracked 
| 270|0x0000000090e00000, 0x0000000090e00000, 0x0000000090f00000|  0%| F|  |TAMS 0x0000000090e00000, 0x0000000090e00000| Untracked 
| 271|0x0000000090f00000, 0x0000000090f00000, 0x0000000091000000|  0%| F|  |TAMS 0x0000000090f00000, 0x0000000090f00000| Untracked 
| 272|0x0000000091000000, 0x0000000091000000, 0x0000000091100000|  0%| F|  |TAMS 0x0000000091000000, 0x0000000091000000| Untracked 
| 273|0x0000000091100000, 0x0000000091100000, 0x0000000091200000|  0%| F|  |TAMS 0x0000000091100000, 0x0000000091100000| Untracked 
| 274|0x0000000091200000, 0x0000000091200000, 0x0000000091300000|  0%| F|  |TAMS 0x0000000091200000, 0x0000000091200000| Untracked 
| 275|0x0000000091300000, 0x0000000091400000, 0x0000000091400000|100%| S|CS|TAMS 0x0000000091300000, 0x0000000091300000| Complete 
| 276|0x0000000091400000, 0x0000000091500000, 0x0000000091500000|100%| S|CS|TAMS 0x0000000091400000, 0x0000000091400000| Complete 
| 277|0x0000000091500000, 0x0000000091600000, 0x0000000091600000|100%| S|CS|TAMS 0x0000000091500000, 0x0000000091500000| Complete 
| 278|0x0000000091600000, 0x0000000091700000, 0x0000000091700000|100%| S|CS|TAMS 0x0000000091600000, 0x0000000091600000| Complete 
| 279|0x0000000091700000, 0x0000000091800000, 0x0000000091800000|100%| S|CS|TAMS 0x0000000091700000, 0x0000000091700000| Complete 
| 280|0x0000000091800000, 0x0000000091800000, 0x0000000091900000|  0%| F|  |TAMS 0x0000000091800000, 0x0000000091800000| Untracked 
| 281|0x0000000091900000, 0x0000000091900000, 0x0000000091a00000|  0%| F|  |TAMS 0x0000000091900000, 0x0000000091900000| Untracked 
| 282|0x0000000091a00000, 0x0000000091a00000, 0x0000000091b00000|  0%| F|  |TAMS 0x0000000091a00000, 0x0000000091a00000| Untracked 
| 283|0x0000000091b00000, 0x0000000091b00000, 0x0000000091c00000|  0%| F|  |TAMS 0x0000000091b00000, 0x0000000091b00000| Untracked 
| 284|0x0000000091c00000, 0x0000000091c00000, 0x0000000091d00000|  0%| F|  |TAMS 0x0000000091c00000, 0x0000000091c00000| Untracked 
| 285|0x0000000091d00000, 0x0000000091d00000, 0x0000000091e00000|  0%| F|  |TAMS 0x0000000091d00000, 0x0000000091d00000| Untracked 
| 286|0x0000000091e00000, 0x0000000091e00000, 0x0000000091f00000|  0%| F|  |TAMS 0x0000000091e00000, 0x0000000091e00000| Untracked 
| 287|0x0000000091f00000, 0x0000000091f00000, 0x0000000092000000|  0%| F|  |TAMS 0x0000000091f00000, 0x0000000091f00000| Untracked 
| 288|0x0000000092000000, 0x0000000092000000, 0x0000000092100000|  0%| F|  |TAMS 0x0000000092000000, 0x0000000092000000| Untracked 
| 289|0x0000000092100000, 0x0000000092100000, 0x0000000092200000|  0%| F|  |TAMS 0x0000000092100000, 0x0000000092100000| Untracked 
| 290|0x0000000092200000, 0x0000000092200000, 0x0000000092300000|  0%| F|  |TAMS 0x0000000092200000, 0x0000000092200000| Untracked 
| 291|0x0000000092300000, 0x0000000092300000, 0x0000000092400000|  0%| F|  |TAMS 0x0000000092300000, 0x0000000092300000| Untracked 
| 292|0x0000000092400000, 0x0000000092400000, 0x0000000092500000|  0%| F|  |TAMS 0x0000000092400000, 0x0000000092400000| Untracked 
| 293|0x0000000092500000, 0x0000000092500000, 0x0000000092600000|  0%| F|  |TAMS 0x0000000092500000, 0x0000000092500000| Untracked 
| 294|0x0000000092600000, 0x0000000092600000, 0x0000000092700000|  0%| F|  |TAMS 0x0000000092600000, 0x0000000092600000| Untracked 
| 295|0x0000000092700000, 0x0000000092700000, 0x0000000092800000|  0%| F|  |TAMS 0x0000000092700000, 0x0000000092700000| Untracked 
| 296|0x0000000092800000, 0x0000000092800000, 0x0000000092900000|  0%| F|  |TAMS 0x0000000092800000, 0x0000000092800000| Untracked 
| 297|0x0000000092900000, 0x0000000092900000, 0x0000000092a00000|  0%| F|  |TAMS 0x0000000092900000, 0x0000000092900000| Untracked 
| 298|0x0000000092a00000, 0x0000000092a00000, 0x0000000092b00000|  0%| F|  |TAMS 0x0000000092a00000, 0x0000000092a00000| Untracked 
| 299|0x0000000092b00000, 0x0000000092b00000, 0x0000000092c00000|  0%| F|  |TAMS 0x0000000092b00000, 0x0000000092b00000| Untracked 
| 300|0x0000000092c00000, 0x0000000092c00000, 0x0000000092d00000|  0%| F|  |TAMS 0x0000000092c00000, 0x0000000092c00000| Untracked 
| 301|0x0000000092d00000, 0x0000000092d00000, 0x0000000092e00000|  0%| F|  |TAMS 0x0000000092d00000, 0x0000000092d00000| Untracked 
| 302|0x0000000092e00000, 0x0000000092e00000, 0x0000000092f00000|  0%| F|  |TAMS 0x0000000092e00000, 0x0000000092e00000| Untracked 
| 303|0x0000000092f00000, 0x0000000092f00000, 0x0000000093000000|  0%| F|  |TAMS 0x0000000092f00000, 0x0000000092f00000| Untracked 
| 304|0x0000000093000000, 0x0000000093000000, 0x0000000093100000|  0%| F|  |TAMS 0x0000000093000000, 0x0000000093000000| Untracked 
| 305|0x0000000093100000, 0x0000000093100000, 0x0000000093200000|  0%| F|  |TAMS 0x0000000093100000, 0x0000000093100000| Untracked 
| 306|0x0000000093200000, 0x0000000093200000, 0x0000000093300000|  0%| F|  |TAMS 0x0000000093200000, 0x0000000093200000| Untracked 
| 307|0x0000000093300000, 0x0000000093300000, 0x0000000093400000|  0%| F|  |TAMS 0x0000000093300000, 0x0000000093300000| Untracked 
| 308|0x0000000093400000, 0x0000000093400000, 0x0000000093500000|  0%| F|  |TAMS 0x0000000093400000, 0x0000000093400000| Untracked 

Card table byte_map: [0x00000261410c0000,0x00000261414c0000] _byte_map_base: 0x0000026140cc0000

Marking Bits (Prev, Next): (CMBitMap*) 0x000002612dcc4e80, (CMBitMap*) 0x000002612dcc4e48
 Prev Bits: [0x00000261438c0000, 0x00000261458c0000)
 Next Bits: [0x00000261418c0000, 0x00000261438c0000)

Polling page: 0x000002612be30000

Metaspace:

Usage:
  Non-class:     80.08 MB capacity,    78.54 MB ( 98%) used,     1.26 MB (  2%) free+waste,   287.06 KB ( <1%) overhead. 
      Class:     12.72 MB capacity,    11.84 MB ( 93%) used,   779.05 KB (  6%) free+waste,   127.56 KB ( <1%) overhead. 
       Both:     92.80 MB capacity,    90.38 MB ( 97%) used,     2.02 MB (  2%) free+waste,   414.63 KB ( <1%) overhead. 

Virtual space:
  Non-class space:       84.00 MB reserved,      82.25 MB ( 98%) committed 
      Class space:        1.00 GB reserved,      13.95 MB (  1%) committed 
             Both:        1.08 GB reserved,      96.20 MB (  9%) committed 

Chunk freelists:
   Non-Class:  2.11 MB
       Class:  1.15 MB
        Both:  3.26 MB

MaxMetaspaceSize: 17179869184.00 GB
CompressedClassSpaceSize: 1.00 GB

CodeHeap 'non-profiled nmethods': size=120000Kb used=6679Kb max_used=6679Kb free=113320Kb
 bounds [0x0000026139240000, 0x00000261398d0000, 0x0000026140770000]
CodeHeap 'profiled nmethods': size=120000Kb used=24844Kb max_used=24844Kb free=95155Kb
 bounds [0x0000026131d10000, 0x0000026133560000, 0x0000026139240000]
CodeHeap 'non-nmethods': size=5760Kb used=2294Kb max_used=2345Kb free=3465Kb
 bounds [0x0000026131770000, 0x00000261319e0000, 0x0000026131d10000]
 total_blobs=12975 nmethods=12080 adapters=806
 compilation: enabled
              stopped_count=0, restarted_count=0
 full_count=0

Compilation events (20 events):
Event: 9.667 Thread 0x0000026148e0d800 12229       2       com.android.tools.r8.graph.Z$$Lambda$1875/0x0000000100d49040::get$Lambda (10 bytes)
Event: 9.667 Thread 0x0000026148e0d800 nmethod 12229 0x000002613354fd10 code [0x000002613354fec0, 0x00000261335500b8]
Event: 9.667 Thread 0x0000026148e0d800 12230       2       com.android.tools.r8.graph.Z$$Lambda$1875/0x0000000100d49040::<init> (15 bytes)
Event: 9.667 Thread 0x0000026148e0d800 nmethod 12230 0x0000026133550190 code [0x0000026133550340, 0x00000261335504d8]
Event: 9.667 Thread 0x0000026148e0d800 12231       2       com.android.tools.r8.internal.hr::c (15 bytes)
Event: 9.667 Thread 0x0000026148e0d800 nmethod 12231 0x0000026133550590 code [0x0000026133550760, 0x0000026133550b68]
Event: 9.667 Thread 0x0000026148e0d800 12238       2       com.android.tools.r8.internal.S8::a (17 bytes)
Event: 9.668 Thread 0x0000026148e0d800 nmethod 12238 0x0000026133550d90 code [0x0000026133550fa0, 0x00000261335515d8]
Event: 9.668 Thread 0x0000026148e0d800 12232       2       com.android.tools.r8.internal.hr$$Lambda$1882/0x0000000100d4a840::get$Lambda (10 bytes)
Event: 9.668 Thread 0x0000026148e0d800 nmethod 12232 0x0000026133551910 code [0x0000026133551ac0, 0x0000026133551cb8]
Event: 9.668 Thread 0x0000026148e0d800 12233       2       com.android.tools.r8.internal.hr$$Lambda$1882/0x0000000100d4a840::<init> (15 bytes)
Event: 9.668 Thread 0x0000026148e0d800 nmethod 12233 0x0000026133551d90 code [0x0000026133551f40, 0x00000261335520d8]
Event: 9.668 Thread 0x0000026148e0d800 12235       2       com.android.tools.r8.internal.ir::b (13 bytes)
Event: 9.668 Thread 0x0000026148e0d800 nmethod 12235 0x0000026133552190 code [0x0000026133552360, 0x0000026133552648]
Event: 9.668 Thread 0x0000026148e0d800 12236       2       com.android.tools.r8.internal.ir$$Lambda$1887/0x0000000100d4c040::get$Lambda (9 bytes)
Event: 9.668 Thread 0x0000026148e0d800 nmethod 12236 0x0000026133552790 code [0x0000026133552940, 0x0000026133552ab8]
Event: 9.668 Thread 0x0000026148e0d800 12237       2       com.android.tools.r8.internal.ir$$Lambda$1887/0x0000000100d4c040::<init> (10 bytes)
Event: 9.668 Thread 0x0000026148e0d800 nmethod 12237 0x0000026133552b90 code [0x0000026133552d40, 0x0000026133552e78]
Event: 9.668 Thread 0x0000026148e0d800 12227       2       com.android.tools.r8.internal.S8$$Lambda$1869/0x0000000100d3c840::<init> (20 bytes)
Event: 9.668 Thread 0x0000026148e0d800 nmethod 12227 0x0000026133552f10 code [0x00000261335530c0, 0x00000261335532d8]

GC Heap History (20 events):
Event: 7.468 GC heap after
{Heap after GC invocations=14 (full 0):
 garbage-first heap   total 260096K, used 68599K [0x0000000080000000, 0x0000000100000000)
  region size 1024K, 14 young (14336K), 14 survivors (14336K)
 Metaspace       used 81253K, capacity 83318K, committed 83532K, reserved 1122304K
  class space    used 10513K, capacity 11225K, committed 11340K, reserved 1048576K
}
Event: 7.904 GC heap before
{Heap before GC invocations=14 (full 0):
 garbage-first heap   total 260096K, used 170999K [0x0000000080000000, 0x0000000100000000)
  region size 1024K, 115 young (117760K), 14 survivors (14336K)
 Metaspace       used 83281K, capacity 85874K, committed 86092K, reserved 1124352K
  class space    used 10865K, capacity 11814K, committed 11852K, reserved 1048576K
}
Event: 7.916 GC heap after
{Heap after GC invocations=15 (full 0):
 garbage-first heap   total 260096K, used 76078K [0x0000000080000000, 0x0000000100000000)
  region size 1024K, 8 young (8192K), 8 survivors (8192K)
 Metaspace       used 83281K, capacity 85874K, committed 86092K, reserved 1124352K
  class space    used 10865K, capacity 11814K, committed 11852K, reserved 1048576K
}
Event: 8.241 GC heap before
{Heap before GC invocations=15 (full 0):
 garbage-first heap   total 260096K, used 178478K [0x0000000080000000, 0x0000000100000000)
  region size 1024K, 109 young (111616K), 8 survivors (8192K)
 Metaspace       used 84054K, capacity 86566K, committed 86732K, reserved 1124352K
  class space    used 10928K, capacity 11874K, committed 11980K, reserved 1048576K
}
Event: 8.249 GC heap after
{Heap after GC invocations=16 (full 0):
 garbage-first heap   total 260096K, used 80957K [0x0000000080000000, 0x0000000100000000)
  region size 1024K, 12 young (12288K), 12 survivors (12288K)
 Metaspace       used 84054K, capacity 86566K, committed 86732K, reserved 1124352K
  class space    used 10928K, capacity 11874K, committed 11980K, reserved 1048576K
}
Event: 8.650 GC heap before
{Heap before GC invocations=16 (full 0):
 garbage-first heap   total 260096K, used 195645K [0x0000000080000000, 0x0000000100000000)
  region size 1024K, 115 young (117760K), 12 survivors (12288K)
 Metaspace       used 87335K, capacity 90113K, committed 90316K, reserved 1126400K
  class space    used 11417K, capacity 12466K, committed 12492K, reserved 1048576K
}
Event: 8.661 GC heap after
{Heap after GC invocations=17 (full 0):
 garbage-first heap   total 260096K, used 102563K [0x0000000080000000, 0x0000000100000000)
  region size 1024K, 15 young (15360K), 15 survivors (15360K)
 Metaspace       used 87335K, capacity 90113K, committed 90316K, reserved 1126400K
  class space    used 11417K, capacity 12466K, committed 12492K, reserved 1048576K
}
Event: 8.925 GC heap before
{Heap before GC invocations=17 (full 0):
 garbage-first heap   total 260096K, used 216227K [0x0000000080000000, 0x0000000100000000)
  region size 1024K, 105 young (107520K), 15 survivors (15360K)
 Metaspace       used 93044K, capacity 96588K, committed 96844K, reserved 1132544K
  class space    used 12551K, capacity 13859K, committed 13900K, reserved 1048576K
}
Event: 8.950 GC heap after
{Heap after GC invocations=18 (full 0):
 garbage-first heap   total 263168K, used 144944K [0x0000000080000000, 0x0000000100000000)
  region size 1024K, 14 young (14336K), 14 survivors (14336K)
 Metaspace       used 93044K, capacity 96588K, committed 96844K, reserved 1132544K
  class space    used 12551K, capacity 13859K, committed 13900K, reserved 1048576K
}
Event: 9.009 GC heap before
{Heap before GC invocations=18 (full 0):
 garbage-first heap   total 263168K, used 164400K [0x0000000080000000, 0x0000000100000000)
  region size 1024K, 35 young (35840K), 14 survivors (14336K)
 Metaspace       used 93966K, capacity 97757K, committed 97996K, reserved 1132544K
  class space    used 12735K, capacity 14166K, committed 14284K, reserved 1048576K
}
Event: 9.029 GC heap after
{Heap after GC invocations=19 (full 0):
 garbage-first heap   total 263168K, used 153105K [0x0000000080000000, 0x0000000100000000)
  region size 1024K, 8 young (8192K), 8 survivors (8192K)
 Metaspace       used 93966K, capacity 97757K, committed 97996K, reserved 1132544K
  class space    used 12735K, capacity 14166K, committed 14284K, reserved 1048576K
}
Event: 9.231 GC heap before
{Heap before GC invocations=20 (full 0):
 garbage-first heap   total 263168K, used 194065K [0x0000000080000000, 0x0000000100000000)
  region size 1024K, 48 young (49152K), 8 survivors (8192K)
 Metaspace       used 93301K, capacity 96457K, committed 98252K, reserved 1132544K
  class space    used 12449K, capacity 13622K, committed 14284K, reserved 1048576K
}
Event: 9.253 GC heap after
{Heap after GC invocations=21 (full 0):
 garbage-first heap   total 316416K, used 171072K [0x0000000080000000, 0x0000000100000000)
  region size 1024K, 6 young (6144K), 6 survivors (6144K)
 Metaspace       used 93301K, capacity 96457K, committed 98252K, reserved 1132544K
  class space    used 12449K, capacity 13622K, committed 14284K, reserved 1048576K
}
Event: 9.272 GC heap before
{Heap before GC invocations=21 (full 0):
 garbage-first heap   total 316416K, used 176192K [0x0000000080000000, 0x0000000100000000)
  region size 1024K, 13 young (13312K), 6 survivors (6144K)
 Metaspace       used 93305K, capacity 96457K, committed 98252K, reserved 1132544K
  class space    used 12449K, capacity 13622K, committed 14284K, reserved 1048576K
}
Event: 9.283 GC heap after
{Heap after GC invocations=22 (full 0):
 garbage-first heap   total 316416K, used 176844K [0x0000000080000000, 0x0000000100000000)
  region size 1024K, 5 young (5120K), 5 survivors (5120K)
 Metaspace       used 93305K, capacity 96457K, committed 98252K, reserved 1132544K
  class space    used 12449K, capacity 13622K, committed 14284K, reserved 1048576K
}
Event: 9.412 GC heap before
{Heap before GC invocations=22 (full 0):
 garbage-first heap   total 316416K, used 219852K [0x0000000080000000, 0x0000000100000000)
  region size 1024K, 46 young (47104K), 5 survivors (5120K)
 Metaspace       used 93429K, capacity 96614K, committed 98508K, reserved 1134592K
  class space    used 12449K, capacity 13622K, committed 14284K, reserved 1048576K
}
Event: 9.425 GC heap after
{Heap after GC invocations=23 (full 0):
 garbage-first heap   total 316416K, used 198130K [0x0000000080000000, 0x0000000100000000)
  region size 1024K, 6 young (6144K), 6 survivors (6144K)
 Metaspace       used 93429K, capacity 96614K, committed 98508K, reserved 1134592K
  class space    used 12449K, capacity 13622K, committed 14284K, reserved 1048576K
}
Event: 9.546 GC heap before
{Heap before GC invocations=24 (full 0):
 garbage-first heap   total 316416K, used 232946K [0x0000000080000000, 0x0000000100000000)
  region size 1024K, 41 young (41984K), 6 survivors (6144K)
 Metaspace       used 92405K, capacity 94886K, committed 98508K, reserved 1134592K
  class space    used 12099K, capacity 13003K, committed 14284K, reserved 1048576K
}
Event: 9.562 GC heap after
{Heap after GC invocations=25 (full 0):
 garbage-first heap   total 316416K, used 216064K [0x0000000080000000, 0x0000000100000000)
  region size 1024K, 6 young (6144K), 6 survivors (6144K)
 Metaspace       used 92405K, capacity 94886K, committed 98508K, reserved 1134592K
  class space    used 12099K, capacity 13003K, committed 14284K, reserved 1048576K
}
Event: 9.670 GC heap before
{Heap before GC invocations=25 (full 0):
 garbage-first heap   total 316416K, used 245760K [0x0000000080000000, 0x0000000100000000)
  region size 1024K, 35 young (35840K), 6 survivors (6144K)
 Metaspace       used 92548K, capacity 95030K, committed 98508K, reserved 1134592K
  class space    used 12121K, capacity 13028K, committed 14284K, reserved 1048576K
}

Deoptimization events (20 events):
Event: 9.628 Thread 0x0000026154b1f000 DEOPT PACKING pc=0x00000261398a0904 sp=0x000000a7871febe0
Event: 9.628 Thread 0x0000026154b1f000 DEOPT UNPACKING pc=0x00000261317978af sp=0x000000a7871febc8 mode 2
Event: 9.628 Thread 0x0000026154b1f000 Uncommon trap: trap_request=0xffffffc6 fr.pc=0x00000261398a0904 relative=0x0000000000000764
Event: 9.628 Thread 0x0000026154b1f000 Uncommon trap: reason=bimorphic_or_optimized_type_check action=maybe_recompile pc=0x00000261398a0904 method=com.android.tools.r8.internal.Jj.next()Ljava/lang/Object; @ 18 c2
Event: 9.628 Thread 0x0000026154b1f000 DEOPT PACKING pc=0x00000261398a0904 sp=0x000000a7871febe0
Event: 9.628 Thread 0x0000026154b1f000 DEOPT UNPACKING pc=0x00000261317978af sp=0x000000a7871febc8 mode 2
Event: 9.628 Thread 0x0000026154b1f000 Uncommon trap: trap_request=0xffffffc6 fr.pc=0x00000261398a0904 relative=0x0000000000000764
Event: 9.628 Thread 0x0000026154b1f000 Uncommon trap: reason=bimorphic_or_optimized_type_check action=maybe_recompile pc=0x00000261398a0904 method=com.android.tools.r8.internal.Jj.next()Ljava/lang/Object; @ 18 c2
Event: 9.628 Thread 0x0000026154b1f000 DEOPT PACKING pc=0x00000261398a0904 sp=0x000000a7871febe0
Event: 9.628 Thread 0x0000026154b1f000 DEOPT UNPACKING pc=0x00000261317978af sp=0x000000a7871febc8 mode 2
Event: 9.628 Thread 0x0000026154b1f000 Uncommon trap: trap_request=0xffffffc6 fr.pc=0x00000261398a0904 relative=0x0000000000000764
Event: 9.628 Thread 0x0000026154b1f000 Uncommon trap: reason=bimorphic_or_optimized_type_check action=maybe_recompile pc=0x00000261398a0904 method=com.android.tools.r8.internal.Jj.next()Ljava/lang/Object; @ 18 c2
Event: 9.628 Thread 0x0000026154b1f000 DEOPT PACKING pc=0x00000261398a0904 sp=0x000000a7871febe0
Event: 9.628 Thread 0x0000026154b1f000 DEOPT UNPACKING pc=0x00000261317978af sp=0x000000a7871febc8 mode 2
Event: 9.642 Thread 0x000002615101a800 DEOPT PACKING pc=0x00000261334d2910 sp=0x000000a786cfea20
Event: 9.642 Thread 0x000002615101a800 DEOPT UNPACKING pc=0x00000261317976ce sp=0x000000a786cfdf58 mode 0
Event: 9.651 Thread 0x0000026151016000 DEOPT PACKING pc=0x0000026133525fe6 sp=0x000000a786efe9b0
Event: 9.651 Thread 0x0000026151016000 DEOPT UNPACKING pc=0x00000261317976ce sp=0x000000a786efdfc0 mode 0
Event: 9.651 Thread 0x0000026154b1f000 DEOPT PACKING pc=0x0000026133527a23 sp=0x000000a7871fea50
Event: 9.651 Thread 0x0000026154b1f000 DEOPT UNPACKING pc=0x00000261317976ce sp=0x000000a7871fdee0 mode 0

Classes redefined (0 events):
No events

Internal exceptions (20 events):
Event: 8.897 Thread 0x000002615100d000 Exception <a 'java/lang/NoSuchMethodError'{0x000000008ac26658}: 'java.lang.Object java.lang.invoke.Invokers$Holder.linkToTargetMethod(java.lang.Object, java.lang.Object, java.lang.Object, java.lang.Object, java.lang.Object, java.lang.Object, java.lang.Object)'> (0x000000008ac26658) thrown at [./src/hotspot/share/interpreter/linkResolver.cpp, line 773]
Event: 8.899 Thread 0x000002615100d800 Exception <a 'java/lang/NoSuchMethodError'{0x000000008acb9b18}: 'void java.lang.invoke.DirectMethodHandle$Holder.invokeStatic(java.lang.Object, java.lang.Object, java.lang.Object, java.lang.Object, java.lang.Object, java.lang.Object, java.lang.Object, java.lang.Object)'> (0x000000008acb9b18) thrown at [./src/hotspot/share/interpreter/linkResolver.cpp, line 773]
Event: 8.899 Thread 0x000002615100d000 Exception <a 'java/lang/NoSuchMethodError'{0x000000008acc15c0}: 'void java.lang.invoke.DirectMethodHandle$Holder.invokeStatic(java.lang.Object, java.lang.Object, java.lang.Object, java.lang.Object, java.lang.Object, java.lang.Object, java.lang.Object, java.lang.Object)'> (0x000000008acc15c0) thrown at [./src/hotspot/share/interpreter/linkResolver.cpp, line 773]
Event: 8.899 Thread 0x0000026151010000 Exception <a 'java/lang/NoSuchMethodError'{0x000000008ac92cf8}: 'void java.lang.invoke.DirectMethodHandle$Holder.invokeStatic(java.lang.Object, java.lang.Object, java.lang.Object, java.lang.Object, java.lang.Object, java.lang.Object, java.lang.Object, java.lang.Object)'> (0x000000008ac92cf8) thrown at [./src/hotspot/share/interpreter/linkResolver.cpp, line 773]
Event: 8.899 Thread 0x000002615100e800 Exception <a 'java/lang/NoSuchMethodError'{0x000000008acce378}: 'void java.lang.invoke.DirectMethodHandle$Holder.invokeStatic(java.lang.Object, java.lang.Object, java.lang.Object, java.lang.Object, java.lang.Object, java.lang.Object, java.lang.Object, java.lang.Object)'> (0x000000008acce378) thrown at [./src/hotspot/share/interpreter/linkResolver.cpp, line 773]
Event: 8.961 Thread 0x000002615100d000 Exception <a 'java/lang/IncompatibleClassChangeError'{0x000000008fc100e8}: Found class java.lang.Object, but interface was expected> (0x000000008fc100e8) thrown at [./src/hotspot/share/interpreter/linkResolver.cpp, line 839]
Event: 8.987 Thread 0x0000026151014000 Exception <a 'java/lang/NoSuchMethodError'{0x000000008f18be38}: 'void java.lang.invoke.DirectMethodHandle$Holder.invokeVirtual(java.lang.Object, java.lang.Object, int)'> (0x000000008f18be38) thrown at [./src/hotspot/share/interpreter/linkResolver.cpp, line 773]
Event: 8.987 Thread 0x000002615100e800 Exception <a 'java/lang/NoSuchMethodError'{0x000000008f1e8ca0}: 'void java.lang.invoke.DirectMethodHandle$Holder.invokeVirtual(java.lang.Object, java.lang.Object, int)'> (0x000000008f1e8ca0) thrown at [./src/hotspot/share/interpreter/linkResolver.cpp, line 773]
Event: 8.987 Thread 0x0000026151011000 Exception <a 'java/lang/NoSuchMethodError'{0x000000008f1d1ed8}: 'void java.lang.invoke.DirectMethodHandle$Holder.invokeVirtual(java.lang.Object, java.lang.Object, int)'> (0x000000008f1d1ed8) thrown at [./src/hotspot/share/interpreter/linkResolver.cpp, line 773]
Event: 8.987 Thread 0x000002615100d000 Exception <a 'java/lang/NoSuchMethodError'{0x000000008f018438}: 'void java.lang.invoke.DirectMethodHandle$Holder.invokeVirtual(java.lang.Object, java.lang.Object, int)'> (0x000000008f018438) thrown at [./src/hotspot/share/interpreter/linkResolver.cpp, line 773]
Event: 9.000 Thread 0x000002615100e800 Exception <a 'sun/nio/fs/WindowsException'{0x000000008ec94c70}> (0x000000008ec94c70) thrown at [./src/hotspot/share/prims/jni.cpp, line 615]
Event: 9.000 Thread 0x000002615100d000 Exception <a 'sun/nio/fs/WindowsException'{0x000000008ec6d8a8}> (0x000000008ec6d8a8) thrown at [./src/hotspot/share/prims/jni.cpp, line 615]
Event: 9.000 Thread 0x0000026151010000 Exception <a 'sun/nio/fs/WindowsException'{0x000000008ec7fdd8}> (0x000000008ec7fdd8) thrown at [./src/hotspot/share/prims/jni.cpp, line 615]
Event: 9.000 Thread 0x000002615100d800 Exception <a 'sun/nio/fs/WindowsException'{0x000000008ec77d50}> (0x000000008ec77d50) thrown at [./src/hotspot/share/prims/jni.cpp, line 615]
Event: 9.000 Thread 0x0000026151014000 Exception <a 'sun/nio/fs/WindowsException'{0x000000008ec0e968}> (0x000000008ec0e968) thrown at [./src/hotspot/share/prims/jni.cpp, line 615]
Event: 9.000 Thread 0x0000026151011000 Exception <a 'sun/nio/fs/WindowsException'{0x000000008ec84cf8}> (0x000000008ec84cf8) thrown at [./src/hotspot/share/prims/jni.cpp, line 615]
Event: 9.002 Thread 0x0000026151013800 Exception <a 'sun/nio/fs/WindowsException'{0x000000008eb034b0}> (0x000000008eb034b0) thrown at [./src/hotspot/share/prims/jni.cpp, line 615]
Event: 9.459 Thread 0x0000026151012000 Exception <a 'sun/nio/fs/WindowsException'{0x0000000092dda228}> (0x0000000092dda228) thrown at [./src/hotspot/share/prims/jni.cpp, line 615]
Event: 9.495 Thread 0x000002614fb5a000 Exception <a 'java/lang/NoSuchMethodError'{0x0000000092094eb0}: 'void java.lang.invoke.DirectMethodHandle$Holder.invokeStatic(java.lang.Object, java.lang.Object, java.lang.Object, java.lang.Object, java.lang.Object, java.lang.Object, java.lang.Object)'> (0x0000000092094eb0) thrown at [./src/hotspot/share/interpreter/linkResolver.cpp, line 773]
Event: 9.506 Thread 0x000002614b33e000 Exception <a 'java/lang/NoSuchMethodError'{0x0000000091c63d28}: <clinit>> (0x0000000091c63d28) thrown at [./src/hotspot/share/prims/jni.cpp, line 1362]

Events (20 events):
Event: 9.628 Executing coalesced safepoint VM operation: RevokeBias
Event: 9.628 Executing coalesced safepoint VM operation: RevokeBias done
Event: 9.628 Executing coalesced safepoint VM operation: RevokeBias
Event: 9.628 Executing coalesced safepoint VM operation: RevokeBias done
Event: 9.628 Executing coalesced safepoint VM operation: RevokeBias
Event: 9.628 Executing coalesced safepoint VM operation: RevokeBias done
Event: 9.628 Executing coalesced safepoint VM operation: RevokeBias
Event: 9.628 Executing coalesced safepoint VM operation: RevokeBias done
Event: 9.628 Executing coalesced safepoint VM operation: RevokeBias
Event: 9.628 Executing coalesced safepoint VM operation: RevokeBias done
Event: 9.628 Executing coalesced safepoint VM operation: RevokeBias
Event: 9.628 Executing coalesced safepoint VM operation: RevokeBias done
Event: 9.628 Executing VM operation: RevokeBias done
Event: 9.646 Executing VM operation: RevokeBias
Event: 9.646 Executing VM operation: RevokeBias done
Event: 9.654 Executing VM operation: BulkRevokeBias
Event: 9.656 Executing VM operation: BulkRevokeBias done
Event: 9.658 Executing VM operation: RevokeBias
Event: 9.658 Executing VM operation: RevokeBias done
Event: 9.670 Executing VM operation: G1CollectForAllocation


Dynamic libraries:
0x00007ff66c170000 - 0x00007ff66c17a000 	C:\Program Files\Android\Android Studio\jre\bin\java.exe
0x00007ffdfaf20000 - 0x00007ffdfb127000 	C:\WINDOWS\SYSTEM32\ntdll.dll
0x00007ffdf9eb0000 - 0x00007ffdf9f6d000 	C:\WINDOWS\System32\KERNEL32.DLL
0x00007ffdf8660000 - 0x00007ffdf89d4000 	C:\WINDOWS\System32\KERNELBASE.dll
0x00007ffdf8540000 - 0x00007ffdf8651000 	C:\WINDOWS\System32\ucrtbase.dll
0x00007ffde9550000 - 0x00007ffde9567000 	C:\Program Files\Android\Android Studio\jre\bin\VCRUNTIME140.dll
0x00007ffdecb20000 - 0x00007ffdecb39000 	C:\Program Files\Android\Android Studio\jre\bin\jli.dll
0x00007ffdf9460000 - 0x00007ffdf960c000 	C:\WINDOWS\System32\USER32.dll
0x00007ffde6250000 - 0x00007ffde64f5000 	C:\WINDOWS\WinSxS\amd64_microsoft.windows.common-controls_6595b64144ccf1df_6.0.22000.120_none_9d947278b86cc467\COMCTL32.dll
0x00007ffdf8d90000 - 0x00007ffdf8db6000 	C:\WINDOWS\System32\win32u.dll
0x00007ffdf9c10000 - 0x00007ffdf9cb3000 	C:\WINDOWS\System32\msvcrt.dll
0x00007ffdfa490000 - 0x00007ffdfa4b9000 	C:\WINDOWS\System32\GDI32.dll
0x00007ffdf8bf0000 - 0x00007ffdf8d02000 	C:\WINDOWS\System32\gdi32full.dll
0x00007ffdf89e0000 - 0x00007ffdf8a7d000 	C:\WINDOWS\System32\msvcp_win.dll
0x00007ffdf9cc0000 - 0x00007ffdf9cf1000 	C:\WINDOWS\System32\IMM32.DLL
0x00007ffdd7e40000 - 0x00007ffdd7edd000 	C:\Program Files\Android\Android Studio\jre\bin\msvcp140.dll
0x00007ffd9df80000 - 0x00007ffd9ea4f000 	C:\Program Files\Android\Android Studio\jre\bin\server\jvm.dll
0x00007ffdf9d00000 - 0x00007ffdf9dae000 	C:\WINDOWS\System32\ADVAPI32.dll
0x00007ffdf93c0000 - 0x00007ffdf945e000 	C:\WINDOWS\System32\sechost.dll
0x00007ffdfadc0000 - 0x00007ffdfaee0000 	C:\WINDOWS\System32\RPCRT4.dll
0x00007ffdfa470000 - 0x00007ffdfa478000 	C:\WINDOWS\System32\PSAPI.DLL
0x00007ffdf2c30000 - 0x00007ffdf2c39000 	C:\WINDOWS\SYSTEM32\WSOCK32.dll
0x00007ffdf2b60000 - 0x00007ffdf2b6a000 	C:\WINDOWS\SYSTEM32\VERSION.dll
0x00007ffde82c0000 - 0x00007ffde82f3000 	C:\WINDOWS\SYSTEM32\WINMM.dll
0x00007ffdf8ec0000 - 0x00007ffdf8f2f000 	C:\WINDOWS\System32\WS2_32.dll
0x00007ffdf7600000 - 0x00007ffdf7618000 	C:\WINDOWS\SYSTEM32\kernel.appcore.dll
0x00007ffde9410000 - 0x00007ffde9421000 	C:\Program Files\Android\Android Studio\jre\bin\verify.dll
0x00007ffde5230000 - 0x00007ffde5451000 	C:\WINDOWS\SYSTEM32\DBGHELP.DLL
0x00007ffde2770000 - 0x00007ffde27a1000 	C:\WINDOWS\SYSTEM32\dbgcore.DLL
0x00007ffdf8d10000 - 0x00007ffdf8d8f000 	C:\WINDOWS\System32\bcryptPrimitives.dll
0x00007ffde1f90000 - 0x00007ffde1fb9000 	C:\Program Files\Android\Android Studio\jre\bin\java.dll
0x00007ffdec8c0000 - 0x00007ffdec8cb000 	C:\Program Files\Android\Android Studio\jre\bin\jimage.dll
0x00007ffde1ff0000 - 0x00007ffde2008000 	C:\Program Files\Android\Android Studio\jre\bin\zip.dll
0x00007ffdfa610000 - 0x00007ffdfadbe000 	C:\WINDOWS\System32\SHELL32.dll
0x00007ffdf6590000 - 0x00007ffdf6df7000 	C:\WINDOWS\SYSTEM32\windows.storage.dll
0x00007ffdf8f90000 - 0x00007ffdf9308000 	C:\WINDOWS\System32\combase.dll
0x00007ffdf6420000 - 0x00007ffdf6586000 	C:\WINDOWS\SYSTEM32\wintypes.dll
0x00007ffdfa4c0000 - 0x00007ffdfa5aa000 	C:\WINDOWS\System32\SHCORE.dll
0x00007ffdfa1b0000 - 0x00007ffdfa20d000 	C:\WINDOWS\System32\shlwapi.dll
0x00007ffdf8340000 - 0x00007ffdf8361000 	C:\WINDOWS\SYSTEM32\profapi.dll
0x00007ffde1ae0000 - 0x00007ffde1afa000 	C:\Program Files\Android\Android Studio\jre\bin\net.dll
0x00007ffdf2860000 - 0x00007ffdf296c000 	C:\WINDOWS\SYSTEM32\WINHTTP.dll
0x00007ffdf7a30000 - 0x00007ffdf7a97000 	C:\WINDOWS\system32\mswsock.dll
0x00007ffde1200000 - 0x00007ffde1214000 	C:\Program Files\Android\Android Studio\jre\bin\nio.dll
0x00007ffdf3ff0000 - 0x00007ffdf4017000 	D:\aa\native\8bec1ad78214c89d9ad589b4d07fe93259594b29d510b10fafb7a158f7737e5d\windows-amd64\native-platform.dll
0x00007ffdd7840000 - 0x00007ffdd797d000 	D:\aa\native\53dbd7edfb1c66fb8903c78663c9afc45aea4f116125fa6feffd364cf09443e8\windows-amd64\native-platform-file-events.dll
0x00007ffde1ad0000 - 0x00007ffde1ada000 	C:\Program Files\Android\Android Studio\jre\bin\management.dll
0x00007ffde1360000 - 0x00007ffde136c000 	C:\Program Files\Android\Android Studio\jre\bin\management_ext.dll
0x00007ffdf7c70000 - 0x00007ffdf7c88000 	C:\WINDOWS\SYSTEM32\CRYPTSP.dll
0x00007ffdf7560000 - 0x00007ffdf7595000 	C:\WINDOWS\system32\rsaenh.dll
0x00007ffdf7b20000 - 0x00007ffdf7b49000 	C:\WINDOWS\SYSTEM32\USERENV.dll
0x00007ffdf7df0000 - 0x00007ffdf7e17000 	C:\WINDOWS\SYSTEM32\bcrypt.dll
0x00007ffdf7c90000 - 0x00007ffdf7c9c000 	C:\WINDOWS\SYSTEM32\CRYPTBASE.dll
0x00007ffdf7130000 - 0x00007ffdf715d000 	C:\WINDOWS\SYSTEM32\IPHLPAPI.DLL
0x00007ffdf9db0000 - 0x00007ffdf9db9000 	C:\WINDOWS\System32\NSI.dll
0x00007ffdf2980000 - 0x00007ffdf2999000 	C:\WINDOWS\SYSTEM32\dhcpcsvc6.DLL
0x00007ffdf2c90000 - 0x00007ffdf2cae000 	C:\WINDOWS\SYSTEM32\dhcpcsvc.DLL
0x00007ffdf7160000 - 0x00007ffdf7247000 	C:\WINDOWS\SYSTEM32\DNSAPI.dll

dbghelp: loaded successfully - version: 4.0.5 - missing functions: none
symbol engine: initialized successfully - sym options: 0x614 - pdb path: .;C:\Program Files\Android\Android Studio\jre\bin;C:\WINDOWS\SYSTEM32;C:\WINDOWS\WinSxS\amd64_microsoft.windows.common-controls_6595b64144ccf1df_6.0.22000.120_none_9d947278b86cc467;C:\Program Files\Android\Android Studio\jre\bin\server;D:\aa\native\8bec1ad78214c89d9ad589b4d07fe93259594b29d510b10fafb7a158f7737e5d\windows-amd64;D:\aa\native\53dbd7edfb1c66fb8903c78663c9afc45aea4f116125fa6feffd364cf09443e8\windows-amd64

VM Arguments:
jvm_args: --add-opens=java.base/java.util=ALL-UNNAMED --add-opens=java.base/java.lang=ALL-UNNAMED --add-opens=java.base/java.lang.invoke=ALL-UNNAMED --add-opens=java.base/java.util=ALL-UNNAMED --add-opens=java.prefs/java.util.prefs=ALL-UNNAMED --add-opens=java.prefs/java.util.prefs=ALL-UNNAMED --add-opens=java.base/java.nio.charset=ALL-UNNAMED --add-opens=java.base/java.net=ALL-UNNAMED --add-opens=java.base/java.util.concurrent.atomic=ALL-UNNAMED -Xmx2048m -Dfile.encoding=UTF-8 -Duser.country=IN -Duser.language=en -Duser.variant 
java_command: org.gradle.launcher.daemon.bootstrap.GradleDaemon 7.0.2
java_class_path (initial): D:\aa\wrapper\dists\gradle-7.0.2-bin\857tjihv64xamwrf0h14cai3r\gradle-7.0.2\lib\gradle-launcher-7.0.2.jar
Launcher Type: SUN_STANDARD

[Global flags]
     intx CICompilerCount                          = 4                                         {product} {ergonomic}
     uint ConcGCThreads                            = 3                                         {product} {ergonomic}
     uint G1ConcRefinementThreads                  = 10                                        {product} {ergonomic}
   size_t G1HeapRegionSize                         = 1048576                                   {product} {ergonomic}
    uintx GCDrainStackTargetSize                   = 64                                        {product} {ergonomic}
   size_t InitialHeapSize                          = 266338304                                 {product} {ergonomic}
   size_t MarkStackSize                            = 4194304                                   {product} {ergonomic}
   size_t MaxHeapSize                              = 2147483648                                {product} {command line}
   size_t MaxNewSize                               = 1287651328                                {product} {ergonomic}
   size_t MinHeapDeltaBytes                        = 1048576                                   {product} {ergonomic}
    uintx NonNMethodCodeHeapSize                   = 5836300                                {pd product} {ergonomic}
    uintx NonProfiledCodeHeapSize                  = 122910970                              {pd product} {ergonomic}
    uintx ProfiledCodeHeapSize                     = 122910970                              {pd product} {ergonomic}
    uintx ReservedCodeCacheSize                    = 251658240                              {pd product} {ergonomic}
     bool SegmentedCodeCache                       = true                                      {product} {ergonomic}
     bool UseCompressedClassPointers               = true                                 {lp64_product} {ergonomic}
     bool UseCompressedOops                        = true                                 {lp64_product} {ergonomic}
     bool UseG1GC                                  = true                                      {product} {ergonomic}
     bool UseLargePagesIndividualAllocation        = false                                  {pd product} {ergonomic}

Logging:
Log output configuration:
 #0: stdout all=warning uptime,level,tags
 #1: stderr all=off uptime,level,tags

Environment Variables:
JAVA_HOME=C:\Program Files\Java\jdk-15.0.2
PATH=C:\MinGW;C:\MinGW\bin;C:\Program Files\Java\jdk-15.0.2\bin;C:\Program Files\Common Files\Oracle\Java\javapath;C:\Windows\system32;C:\Windows;C:\Windows\System32\Wbem;C:\Windows\System32\WindowsPowerShell\v1.0\;C:\Windows\System32\OpenSSH\;C:\Program Files (x86)\NVIDIA Corporation\PhysX\Common;C:\Program Files\NVIDIA Corporation\NVIDIA NvDLISR;C:\WINDOWS\system32;C:\WINDOWS;C:\WINDOWS\System32\Wbem;C:\WINDOWS\System32\WindowsPowerShell\v1.0\;C:\WINDOWS\System32\OpenSSH\;C:\Program Files\Git\cmd;C:\Program Files\dotnet\;C:\Users\Deepak\Desktop\gradle1\gradle-7.0.1\bin;C:\Users\Deepak\Desktop\gradle1\gradle-7.0.1;C:\Program Files\nodejs;C:\Program Files\Google\Google Apps Sync\;C:\Program Files\Google\Google Apps Migration\;C:\Program Files\Microsoft SQL Server\150\Tools\Binn\;C:\Program Files\Microsoft SQL Server\Client SDK\ODBC\170\Tools\Binn\;C:\Users\Deepak\anaconda3;C:\Users\Deepak\anaconda3\Library\mingw-w64\bin;C:\Users\Deepak\anaconda3\Library\usr\bin;C:\Users\Deepak\anaconda3\Library\bin;C:\Users\Deepak\anaconda3\Scripts;C:\Program Files\MySQL\MySQL Shell 8.0\bin\;C:\src\flutter\flutter\bin;C:\Users\Deepak\AppData\Local\Programs\Python\Python39\Scripts\;C:\Users\Deepak\AppData\Local\Programs\Python\Python39\;C:\Program Files\Java\jdk-15.0.2\bin;C:\Program Files\JetBrains\IntelliJ IDEA 2020.3.2\bin;;C:\Users\Deepak\AppData\Local\Microsoft\WindowsApps;C:\Users\Deepak\AppData\Local\Programs\Microsoft VS Code\bin;C:\Users\Deepak\AppData\Local\Programs\radare2\bin;C:\Modeltech_eval_6.2c\win32;C:\Modeltech_6.2c\win32;C:\Program Files\JetBrains\IntelliJ IDEA Community Edition 2021.1.2\bin;;C:\Program Files\JetBrains\PyCharm Community Edition 2021.1.2\bin;;C:\Users\Deepak\AppData\Roaming\npm;C:\Users\Deepak\AppData\Local\GitHubDesktop\bin;C:\Users\Deepak\.dotnet\tools
USERNAME=Deepak
OS=Windows_NT
PROCESSOR_IDENTIFIER=Intel64 Family 6 Model 158 Stepping 10, GenuineIntel



---------------  S Y S T E M  ---------------

OS: Windows 10 , 64 bit Build 22000 (10.0.22000.434)
OS uptime: 0 days 19:52 hours

CPU:total 12 (initial active 12) (6 cores per cpu, 2 threads per core) family 6 model 158 stepping 10 microcode 0xde, cmov, cx8, fxsr, mmx, sse, sse2, sse3, ssse3, sse4.1, sse4.2, popcnt, avx, avx2, aes, clmul, erms, 3dnowpref, lzcnt, ht, tsc, tscinvbit, bmi1, bmi2, adx, fma

Memory: 4k page, system-wide physical 16225M (2204M free)
TotalPageFile size 16225M (AvailPageFile size 50M)
current process WorkingSet (physical memory assigned to process): 631M, peak: 632M
current process commit charge ("private bytes"): 678M, peak: 746M

vm_info: OpenJDK 64-Bit Server VM (11.0.10+0-b96-7249189) for windows-amd64 JRE (11.0.10+0-b96-7249189), built on Mar 31 2021 21:44:00 by "builder" with MS VC++ 14.0 (VS2015)

END.
