#
# There is insufficient memory for the Java Runtime Environment to continue.
# Native memory allocation (mmap) failed to map 69206016 bytes for Failed to commit area from 0x0000000094700000 to 0x0000000098900000 of length 69206016.
# Possible reasons:
#   The system is out of physical RAM or swap space
#   The process is running with CompressedOops enabled, and the Java Heap may be blocking the growth of the native heap
# Possible solutions:
#   Reduce memory load on the system
#   Increase physical memory or swap space
#   Check if swap backing store is full
#   Decrease Java heap size (-Xmx/-Xms)
#   Decrease number of Java threads
#   Decrease Java thread stack sizes (-Xss)
#   Set larger code cache with -XX:ReservedCodeCacheSize=
#   JVM is running with Unscaled Compressed Oops mode in which the Java heap is
#     placed in the first 4GB address space. The Java Heap base address is the
#     maximum limit for the native heap growth. Please use -XX:HeapBaseMinAddress
#     to set the Java Heap base and to place the Java Heap above 4GB virtual address.
# This output file may be truncated or incomplete.
#
#  Out of Memory Error (./src/hotspot/os/windows/os_windows.cpp:3301), pid=7324, tid=19544
#
# JRE version: OpenJDK Runtime Environment (11.0.10) (build 11.0.10+0-b96-7249189)
# Java VM: OpenJDK 64-Bit Server VM (11.0.10+0-b96-7249189, mixed mode, tiered, compressed oops, g1 gc, windows-amd64)
# No core dump will be written. Minidumps are not enabled by default on client versions of Windows
#

---------------  S U M M A R Y ------------

Command Line: --add-opens=java.base/java.util=ALL-UNNAMED --add-opens=java.base/java.lang=ALL-UNNAMED --add-opens=java.base/java.lang.invoke=ALL-UNNAMED --add-opens=java.base/java.util=ALL-UNNAMED --add-opens=java.prefs/java.util.prefs=ALL-UNNAMED --add-opens=java.prefs/java.util.prefs=ALL-UNNAMED --add-opens=java.base/java.nio.charset=ALL-UNNAMED --add-opens=java.base/java.net=ALL-UNNAMED --add-opens=java.base/java.util.concurrent.atomic=ALL-UNNAMED -Xmx2048m -Dfile.encoding=UTF-8 -Duser.country=IN -Duser.language=en -Duser.variant org.gradle.launcher.daemon.bootstrap.GradleDaemon 7.0.2

Host: Intel(R) Core(TM) i7-9750H CPU @ 2.60GHz, 12 cores, 15G,  Windows 10 , 64 bit Build 22000 (10.0.22000.434)
Time: Sun Jan 30 17:20:40 2022 India Standard Time elapsed time: 10.177084 seconds (0d 0h 0m 10s)

---------------  T H R E A D  ---------------

Current thread (0x000001e8cd725000):  VMThread "VM Thread" [stack: 0x0000000538200000,0x0000000538300000] [id=19544]

Stack: [0x0000000538200000,0x0000000538300000]
[error occurred during error reporting (printing stack bounds), id 0xc0000005, EXCEPTION_ACCESS_VIOLATION (0xc0000005) at pc=0x000001e8b58e0f2d]

Native frames: (J=compiled Java code, j=interpreted, Vv=VM code, C=native code)
V  [jvm.dll+0x5ecfaa]
V  [jvm.dll+0x722bd5]
V  [jvm.dll+0x72412d]
V  [jvm.dll+0x724745]
V  [jvm.dll+0x7246fb]
V  [jvm.dll+0x5ec348]
V  [jvm.dll+0x5ecad8]
C  [ntdll.dll+0xa82ff]
C  [ntdll.dll+0x35a0a]
C  [ntdll.dll+0xa730e]
C  0x000001e8b58e0f2d

VM_Operation (0x000000053dcfc7a0): G1CollectForAllocation, mode: safepoint, requested by thread 0x000001e8d4dec800


---------------  P R O C E S S  ---------------

Threads class SMR info:
_java_thread_list=0x000001e8da3ed110, length=102, elements={
0x000001e8b061f800, 0x000001e8cce83000, 0x000001e8cce8e800, 0x000001e8cd76f800,
0x000001e8cd771000, 0x000001e8cd772000, 0x000001e8cd779000, 0x000001e8cd77d800,
0x000001e8cd77f800, 0x000001e8cd8d4000, 0x000001e8d0318800, 0x000001e8cda0f000,
0x000001e8cda87800, 0x000001e8d0877000, 0x000001e8cfa3f800, 0x000001e8d0244000,
0x000001e8cfeb0800, 0x000001e8d098b000, 0x000001e8cf9b5800, 0x000001e8cedc9000,
0x000001e8d0102000, 0x000001e8d0101000, 0x000001e8d0107800, 0x000001e8d0104800,
0x000001e8d0106000, 0x000001e8d0107000, 0x000001e8d0105000, 0x000001e8d0103800,
0x000001e8d0102800, 0x000001e8d1224000, 0x000001e8d10ee000, 0x000001e8d1226800,
0x000001e8d1229000, 0x000001e8d1225000, 0x000001e8d1223800, 0x000001e8d122a800,
0x000001e8d122b800, 0x000001e8d1225800, 0x000001e8d122e800, 0x000001e8d122d000,
0x000001e8d122f800, 0x000001e8d1230800, 0x000001e8d1231000, 0x000001e8d1232000,
0x000001e8d122c800, 0x000001e8d122e000, 0x000001e8d0899800, 0x000001e8d089a800,
0x000001e8d0896000, 0x000001e8d089b000, 0x000001e8d0898800, 0x000001e8d089c000,
0x000001e8d089c800, 0x000001e8d0897000, 0x000001e8d089d800, 0x000001e8d0898000,
0x000001e8d08a1000, 0x000001e8d089e800, 0x000001e8d08a1800, 0x000001e8d08a2800,
0x000001e8d089f000, 0x000001e8d08a3000, 0x000001e8d08a0000, 0x000001e8d08a4000,
0x000001e8d4de7000, 0x000001e8d4de7800, 0x000001e8d4de8800, 0x000001e8d4de9800,
0x000001e8d4de3800, 0x000001e8d4de6000, 0x000001e8d4dea000, 0x000001e8d4de4800,
0x000001e8d4deb000, 0x000001e8d4de5800, 0x000001e8d4dec000, 0x000001e8d4def000,
0x000001e8d4ded800, 0x000001e8d4dee000, 0x000001e8d4dec800, 0x000001e8d4df0000,
0x000001e8d4df1800, 0x000001e8d4df0800, 0x000001e8d4df2800, 0x000001e8d4cf1800,
0x000001e8d4cf5000, 0x000001e8d4cf5800, 0x000001e8d4cf2800, 0x000001e8d4cf4000,
0x000001e8d4cf3000, 0x000001e8d4cf6800, 0x000001e8d4cf0800, 0x000001e8d4cf8000,
0x000001e8d4cf7000, 0x000001e8d4cfc000, 0x000001e8d4cf9000, 0x000001e8d4cfd000,
0x000001e8d4cfb800, 0x000001e8d4cfe000, 0x000001e8d4cf9800, 0x000001e8d4cfa800,
0x000001e8d4cfe800, 0x000001e8d4cff800
}

Java Threads: ( => current thread )
  0x000001e8b061f800 JavaThread "main" [_thread_blocked, id=13228, stack(0x0000000537c00000,0x0000000537d00000)]
  0x000001e8cce83000 JavaThread "Reference Handler" daemon [_thread_blocked, id=7256, stack(0x0000000538300000,0x0000000538400000)]
  0x000001e8cce8e800 JavaThread "Finalizer" daemon [_thread_blocked, id=13916, stack(0x0000000538400000,0x0000000538500000)]
  0x000001e8cd76f800 JavaThread "Signal Dispatcher" daemon [_thread_blocked, id=8344, stack(0x0000000538500000,0x0000000538600000)]
  0x000001e8cd771000 JavaThread "Attach Listener" daemon [_thread_blocked, id=13088, stack(0x0000000538600000,0x0000000538700000)]
  0x000001e8cd772000 JavaThread "Service Thread" daemon [_thread_blocked, id=5888, stack(0x0000000538700000,0x0000000538800000)]
  0x000001e8cd779000 JavaThread "C2 CompilerThread0" daemon [_thread_in_native, id=13472, stack(0x0000000538800000,0x0000000538900000)]
  0x000001e8cd77d800 JavaThread "C1 CompilerThread0" daemon [_thread_blocked, id=13376, stack(0x0000000538900000,0x0000000538a00000)]
  0x000001e8cd77f800 JavaThread "Sweeper thread" daemon [_thread_blocked, id=11524, stack(0x0000000538a00000,0x0000000538b00000)]
  0x000001e8cd8d4000 JavaThread "Common-Cleaner" daemon [_thread_blocked, id=12012, stack(0x0000000538b00000,0x0000000538c00000)]
  0x000001e8d0318800 JavaThread "Daemon health stats" [_thread_blocked, id=17784, stack(0x0000000539400000,0x0000000539500000)]
  0x000001e8cda0f000 JavaThread "Incoming local TCP Connector on port 59610" [_thread_in_native, id=19016, stack(0x0000000538d00000,0x0000000538e00000)]
  0x000001e8cda87800 JavaThread "Daemon periodic checks" [_thread_blocked, id=6404, stack(0x0000000538e00000,0x0000000538f00000)]
  0x000001e8d0877000 JavaThread "Daemon" [_thread_blocked, id=17712, stack(0x0000000539500000,0x0000000539600000)]
  0x000001e8cfa3f800 JavaThread "Handler for socket connection from /127.0.0.1:59610 to /127.0.0.1:59611" [_thread_in_native, id=12392, stack(0x0000000539600000,0x0000000539700000)]
  0x000001e8d0244000 JavaThread "C2 CompilerThread1" daemon [_thread_in_native, id=2816, stack(0x0000000539700000,0x0000000539800000)]
  0x000001e8cfeb0800 JavaThread "Cancel handler" [_thread_blocked, id=10344, stack(0x0000000539800000,0x0000000539900000)]
  0x000001e8d098b000 JavaThread "Daemon worker" [_thread_blocked, id=16780, stack(0x0000000539900000,0x0000000539a00000)]
  0x000001e8cf9b5800 JavaThread "Asynchronous log dispatcher for DefaultDaemonConnection: socket connection from /127.0.0.1:59610 to /127.0.0.1:59611" [_thread_blocked, id=16544, stack(0x0000000539a00000,0x0000000539b00000)]
  0x000001e8cedc9000 JavaThread "Stdin handler" [_thread_blocked, id=9196, stack(0x0000000539b00000,0x0000000539c00000)]
  0x000001e8d0102000 JavaThread "Daemon client event forwarder" [_thread_blocked, id=7784, stack(0x0000000539c00000,0x0000000539d00000)]
  0x000001e8d0101000 JavaThread "Cache worker for file hash cache (D:\aa\caches\7.0.2\fileHashes)" [_thread_blocked, id=8924, stack(0x0000000539d00000,0x0000000539e00000)]
  0x000001e8d0107800 JavaThread "File lock request listener" [_thread_in_native, id=18628, stack(0x0000000539e00000,0x0000000539f00000)]
  0x000001e8d0104800 JavaThread "Cache worker for journal cache (D:\aa\caches\journal-1)" [_thread_blocked, id=18120, stack(0x000000053a500000,0x000000053a600000)]
  0x000001e8d0106000 JavaThread "Cache worker for file hash cache (D:\app_dev\QuizApp\.gradle\7.0.2\fileHashes)" [_thread_blocked, id=6200, stack(0x000000053a600000,0x000000053a700000)]
  0x000001e8d0107000 JavaThread "File watcher server" daemon [_thread_blocked, id=13676, stack(0x000000053a700000,0x000000053a800000)]
  0x000001e8d0105000 JavaThread "File watcher consumer" daemon [_thread_blocked, id=5548, stack(0x000000053a800000,0x000000053a900000)]
  0x000001e8d0103800 JavaThread "Cache worker for checksums cache (D:\app_dev\QuizApp\.gradle\checksums)" [_thread_blocked, id=2856, stack(0x000000053a900000,0x000000053aa00000)]
  0x000001e8d0102800 JavaThread "Cache worker for cache directory md-supplier (D:\aa\caches\7.0.2\md-supplier)" [_thread_blocked, id=17572, stack(0x000000053aa00000,0x000000053ab00000)]
  0x000001e8d1224000 JavaThread "Cache worker for cache directory md-rule (D:\aa\caches\7.0.2\md-rule)" [_thread_blocked, id=19140, stack(0x000000053ab00000,0x000000053ac00000)]
  0x000001e8d10ee000 JavaThread "C2 CompilerThread2" daemon [_thread_in_native, id=2556, stack(0x000000053ac00000,0x000000053ad00000)]
  0x000001e8d1226800 JavaThread "Cache worker for execution history cache (D:\aa\caches\7.0.2\executionHistory)" [_thread_blocked, id=9488, stack(0x000000053ad00000,0x000000053ae00000)]
  0x000001e8d1229000 JavaThread "jar transforms" [_thread_blocked, id=20464, stack(0x000000053ae00000,0x000000053af00000)]
  0x000001e8d1225000 JavaThread "jar transforms Thread 2" [_thread_blocked, id=6128, stack(0x000000053af00000,0x000000053b000000)]
  0x000001e8d1223800 JavaThread "Cache worker for file content cache (D:\aa\caches\7.0.2\fileContent)" [_thread_blocked, id=18600, stack(0x000000053b000000,0x000000053b100000)]
  0x000001e8d122a800 JavaThread "Cache worker for dependencies-accessors (D:\app_dev\QuizApp\.gradle\7.0.2\dependencies-accessors)" [_thread_blocked, id=19960, stack(0x000000053b100000,0x000000053b200000)]
  0x000001e8d122b800 JavaThread "jar transforms Thread 3" [_thread_blocked, id=2460, stack(0x000000053b200000,0x000000053b300000)]
  0x000001e8d1225800 JavaThread "Cache worker for Build Output Cleanup Cache (D:\app_dev\QuizApp\.gradle\buildOutputCleanup)" [_thread_blocked, id=5840, stack(0x000000053b300000,0x000000053b400000)]
  0x000001e8d122e800 JavaThread "Build operations" [_thread_blocked, id=5632, stack(0x000000053b400000,0x000000053b500000)]
  0x000001e8d122d000 JavaThread "Build operations Thread 2" [_thread_blocked, id=2184, stack(0x000000053b500000,0x000000053b600000)]
  0x000001e8d122f800 JavaThread "Build operations Thread 3" [_thread_blocked, id=15284, stack(0x000000053b600000,0x000000053b700000)]
  0x000001e8d1230800 JavaThread "Build operations Thread 4" [_thread_blocked, id=19028, stack(0x000000053b700000,0x000000053b800000)]
  0x000001e8d1231000 JavaThread "Build operations Thread 5" [_thread_blocked, id=10708, stack(0x000000053b800000,0x000000053b900000)]
  0x000001e8d1232000 JavaThread "Build operations Thread 6" [_thread_blocked, id=12468, stack(0x000000053b900000,0x000000053ba00000)]
  0x000001e8d122c800 JavaThread "Build operations Thread 7" [_thread_blocked, id=15808, stack(0x000000053ba00000,0x000000053bb00000)]
  0x000001e8d122e000 JavaThread "Build operations Thread 8" [_thread_blocked, id=9052, stack(0x000000053bb00000,0x000000053bc00000)]
  0x000001e8d0899800 JavaThread "Build operations Thread 9" [_thread_blocked, id=13624, stack(0x000000053bc00000,0x000000053bd00000)]
  0x000001e8d089a800 JavaThread "Build operations Thread 10" [_thread_blocked, id=12984, stack(0x000000053bd00000,0x000000053be00000)]
  0x000001e8d0896000 JavaThread "Build operations Thread 11" [_thread_blocked, id=20284, stack(0x000000053be00000,0x000000053bf00000)]
  0x000001e8d089b000 JavaThread "Build operations Thread 12" [_thread_blocked, id=13348, stack(0x000000053bf00000,0x000000053c000000)]
  0x000001e8d0898800 JavaThread "jar transforms Thread 4" [_thread_blocked, id=13776, stack(0x000000053c000000,0x000000053c100000)]
  0x000001e8d089c000 JavaThread "jar transforms Thread 5" [_thread_blocked, id=18800, stack(0x000000053c100000,0x000000053c200000)]
  0x000001e8d089c800 JavaThread "jar transforms Thread 6" [_thread_blocked, id=12132, stack(0x000000053c200000,0x000000053c300000)]
  0x000001e8d0897000 JavaThread "jar transforms Thread 7" [_thread_blocked, id=18632, stack(0x000000053c300000,0x000000053c400000)]
  0x000001e8d089d800 JavaThread "jar transforms Thread 8" [_thread_blocked, id=20036, stack(0x000000053c400000,0x000000053c500000)]
  0x000001e8d0898000 JavaThread "jar transforms Thread 9" [_thread_blocked, id=16376, stack(0x000000053c500000,0x000000053c600000)]
  0x000001e8d08a1000 JavaThread "jar transforms Thread 10" [_thread_blocked, id=7724, stack(0x000000053c600000,0x000000053c700000)]
  0x000001e8d089e800 JavaThread "jar transforms Thread 11" [_thread_blocked, id=20364, stack(0x000000053c700000,0x000000053c800000)]
  0x000001e8d08a1800 JavaThread "jar transforms Thread 12" [_thread_blocked, id=16452, stack(0x000000053c800000,0x000000053c900000)]
  0x000001e8d08a2800 JavaThread "Memory manager" [_thread_blocked, id=11620, stack(0x000000053c900000,0x000000053ca00000)]
  0x000001e8d089f000 JavaThread "build event listener" [_thread_blocked, id=3024, stack(0x000000053ca00000,0x000000053cb00000)]
  0x000001e8d08a3000 JavaThread "pool-3-thread-1" [_thread_blocked, id=11468, stack(0x000000053cb00000,0x000000053cc00000)]
  0x000001e8d08a0000 JavaThread "build event listener" [_thread_blocked, id=11996, stack(0x000000053cc00000,0x000000053cd00000)]
  0x000001e8d08a4000 JavaThread "Execution worker for ':'" [_thread_blocked, id=10416, stack(0x000000053cd00000,0x000000053ce00000)]
  0x000001e8d4de7000 JavaThread "Execution worker for ':' Thread 2" [_thread_blocked, id=1064, stack(0x000000053ce00000,0x000000053cf00000)]
  0x000001e8d4de7800 JavaThread "Execution worker for ':' Thread 3" [_thread_blocked, id=17396, stack(0x000000053cf00000,0x000000053d000000)]
  0x000001e8d4de8800 JavaThread "Execution worker for ':' Thread 4" [_thread_blocked, id=9100, stack(0x000000053d000000,0x000000053d100000)]
  0x000001e8d4de9800 JavaThread "Execution worker for ':' Thread 5" [_thread_blocked, id=14204, stack(0x000000053d100000,0x000000053d200000)]
  0x000001e8d4de3800 JavaThread "Execution worker for ':' Thread 6" [_thread_blocked, id=16116, stack(0x000000053d200000,0x000000053d300000)]
  0x000001e8d4de6000 JavaThread "Execution worker for ':' Thread 7" [_thread_blocked, id=9768, stack(0x000000053d300000,0x000000053d400000)]
  0x000001e8d4dea000 JavaThread "Execution worker for ':' Thread 8" [_thread_blocked, id=15004, stack(0x000000053d400000,0x000000053d500000)]
  0x000001e8d4de4800 JavaThread "Execution worker for ':' Thread 9" [_thread_blocked, id=18104, stack(0x000000053d500000,0x000000053d600000)]
  0x000001e8d4deb000 JavaThread "Execution worker for ':' Thread 10" [_thread_blocked, id=3464, stack(0x000000053d600000,0x000000053d700000)]
  0x000001e8d4de5800 JavaThread "Execution worker for ':' Thread 11" [_thread_blocked, id=5932, stack(0x000000053d700000,0x000000053d800000)]
  0x000001e8d4dec000 JavaThread "Cache worker for execution history cache (D:\app_dev\QuizApp\.gradle\7.0.2\executionHistory)" [_thread_blocked, id=16848, stack(0x000000053d800000,0x000000053d900000)]
  0x000001e8d4def000 JavaThread "Cache worker for Java compile cache (D:\aa\caches\7.0.2\javaCompile)" [_thread_blocked, id=14068, stack(0x000000053d900000,0x000000053da00000)]
  0x000001e8d4ded800 JavaThread "Cache worker for Java compile cache (D:\app_dev\QuizApp\.gradle\7.0.2\javaCompile)" [_thread_blocked, id=8624, stack(0x000000053da00000,0x000000053db00000)]
  0x000001e8d4dee000 JavaThread "WorkerExecutor Queue" [_thread_blocked, id=11948, stack(0x000000053db00000,0x000000053dc00000)]
  0x000001e8d4dec800 JavaThread "WorkerExecutor Queue Thread 2" [_thread_blocked, id=14596, stack(0x000000053dc00000,0x000000053dd00000)]
  0x000001e8d4df0000 JavaThread "WorkerExecutor Queue Thread 3" [_thread_blocked, id=6596, stack(0x000000053dd00000,0x000000053de00000)]
  0x000001e8d4df1800 JavaThread "WorkerExecutor Queue Thread 4" [_thread_blocked, id=19176, stack(0x000000053de00000,0x000000053df00000)]
  0x000001e8d4df0800 JavaThread "WorkerExecutor Queue Thread 5" [_thread_blocked, id=14332, stack(0x000000053df00000,0x000000053e000000)]
  0x000001e8d4df2800 JavaThread "WorkerExecutor Queue Thread 6" [_thread_blocked, id=12196, stack(0x000000053e000000,0x000000053e100000)]
  0x000001e8d4cf1800 JavaThread "WorkerExecutor Queue Thread 7" [_thread_blocked, id=13044, stack(0x000000053e100000,0x000000053e200000)]
  0x000001e8d4cf5000 JavaThread "WorkerExecutor Queue Thread 8" [_thread_blocked, id=5588, stack(0x000000053e200000,0x000000053e300000)]
  0x000001e8d4cf5800 JavaThread "WorkerExecutor Queue Thread 9" [_thread_blocked, id=15260, stack(0x000000053e300000,0x000000053e400000)]
  0x000001e8d4cf2800 JavaThread "WorkerExecutor Queue Thread 10" [_thread_blocked, id=13220, stack(0x000000053e400000,0x000000053e500000)]
  0x000001e8d4cf4000 JavaThread "WorkerExecutor Queue Thread 11" [_thread_blocked, id=8372, stack(0x000000053e500000,0x000000053e600000)]
  0x000001e8d4cf3000 JavaThread "WorkerExecutor Queue Thread 12" [_thread_blocked, id=11644, stack(0x000000053e600000,0x000000053e700000)]
  0x000001e8d4cf6800 JavaThread "WorkerExecutor Queue Thread 13" [_thread_blocked, id=12028, stack(0x000000053e700000,0x000000053e800000)]
  0x000001e8d4cf0800 JavaThread "ForkJoinPool-1-worker-19" daemon [_thread_blocked, id=13264, stack(0x000000053e800000,0x000000053e900000)]
  0x000001e8d4cf8000 JavaThread "ForkJoinPool-1-worker-5" daemon [_thread_blocked, id=19780, stack(0x000000053e900000,0x000000053ea00000)]
  0x000001e8d4cf7000 JavaThread "ForkJoinPool-1-worker-23" daemon [_thread_blocked, id=10044, stack(0x000000053ea00000,0x000000053eb00000)]
  0x000001e8d4cfc000 JavaThread "ForkJoinPool-1-worker-9" daemon [_thread_blocked, id=13824, stack(0x000000053eb00000,0x000000053ec00000)]
  0x000001e8d4cf9000 JavaThread "ForkJoinPool-1-worker-27" daemon [_thread_blocked, id=7116, stack(0x000000053ec00000,0x000000053ed00000)]
  0x000001e8d4cfd000 JavaThread "ForkJoinPool-1-worker-13" daemon [_thread_blocked, id=1268, stack(0x000000053ed00000,0x000000053ee00000)]
  0x000001e8d4cfb800 JavaThread "ForkJoinPool-1-worker-31" daemon [_thread_blocked, id=2160, stack(0x000000053ee00000,0x000000053ef00000)]
  0x000001e8d4cfe000 JavaThread "ForkJoinPool-1-worker-17" daemon [_thread_blocked, id=984, stack(0x000000053ef00000,0x000000053f000000)]
  0x000001e8d4cf9800 JavaThread "ForkJoinPool-1-worker-3" daemon [_thread_blocked, id=10656, stack(0x000000053f000000,0x000000053f100000)]
  0x000001e8d4cfa800 JavaThread "ForkJoinPool-1-worker-21" daemon [_thread_blocked, id=19200, stack(0x000000053f100000,0x000000053f200000)]
  0x000001e8d4cfe800 JavaThread "ForkJoinPool-1-worker-7" daemon [_thread_blocked, id=4388, stack(0x000000053f200000,0x000000053f300000)]
  0x000001e8d4cff800 JavaThread "ForkJoinPool-1-worker-25" daemon [_thread_blocked, id=13420, stack(0x000000053f300000,0x000000053f400000)]

Other Threads:
=>0x000001e8cd725000 VMThread "VM Thread" [stack: 0x0000000538200000,0x0000000538300000] [id=19544]
  0x000001e8cd8f5000 WatcherThread [stack: 0x0000000538c00000,0x0000000538d00000] [id=19596]
  0x000001e8b063a000 GCTaskThread "GC Thread#0" [stack: 0x0000000537d00000,0x0000000537e00000] [id=11640]
  0x000001e8ce7b5000 GCTaskThread "GC Thread#1" [stack: 0x0000000538f00000,0x0000000539000000] [id=5704]
  0x000001e8ce92f800 GCTaskThread "GC Thread#2" [stack: 0x0000000539000000,0x0000000539100000] [id=9284]
  0x000001e8ce804000 GCTaskThread "GC Thread#3" [stack: 0x0000000539100000,0x0000000539200000] [id=19808]
  0x000001e8ce2e0800 GCTaskThread "GC Thread#4" [stack: 0x0000000539200000,0x0000000539300000] [id=3044]
  0x000001e8ce2e1000 GCTaskThread "GC Thread#5" [stack: 0x0000000539300000,0x0000000539400000] [id=4676]
  0x000001e8cfa87800 GCTaskThread "GC Thread#6" [stack: 0x0000000539f00000,0x000000053a000000] [id=14284]
  0x000001e8d0570800 GCTaskThread "GC Thread#7" [stack: 0x000000053a000000,0x000000053a100000] [id=8964]
  0x000001e8d04de000 GCTaskThread "GC Thread#8" [stack: 0x000000053a100000,0x000000053a200000] [id=15196]
  0x000001e8cfe06800 GCTaskThread "GC Thread#9" [stack: 0x000000053a200000,0x000000053a300000] [id=10272]
  0x000001e8b0669800 ConcurrentGCThread "G1 Main Marker" [stack: 0x0000000537e00000,0x0000000537f00000] [id=8032]
  0x000001e8b066b800 ConcurrentGCThread "G1 Conc#0" [stack: 0x0000000537f00000,0x0000000538000000] [id=17184]
  0x000001e8ce7e1000 ConcurrentGCThread "G1 Conc#1" [stack: 0x000000053a300000,0x000000053a400000] [id=20232]
  0x000001e8cfcbe800 ConcurrentGCThread "G1 Conc#2" [stack: 0x000000053a400000,0x000000053a500000] [id=7280]
  0x000001e8ccd4f000 ConcurrentGCThread "G1 Refine#0" [stack: 0x0000000538000000,0x0000000538100000] [id=8200]
  0x000001e8d1264000 ConcurrentGCThread "G1 Refine#1" [stack: 0x000000053f400000,0x000000053f500000] [id=18020]
  0x000001e8d1262000 ConcurrentGCThread "G1 Refine#2" [stack: 0x000000053f500000,0x000000053f600000] [id=7640]
  0x000001e8d1260800 ConcurrentGCThread "G1 Refine#3" [stack: 0x000000053f600000,0x000000053f700000] [id=18368]
  0x000001e8d125e000 ConcurrentGCThread "G1 Refine#4" [stack: 0x000000053f700000,0x000000053f800000] [id=13640]
  0x000001e8d1261000 ConcurrentGCThread "G1 Refine#5" [stack: 0x000000053f800000,0x000000053f900000] [id=19332]
  0x000001e8d1262800 ConcurrentGCThread "G1 Refine#6" [stack: 0x000000053f900000,0x000000053fa00000] [id=18224]
  0x000001e8d525b800 ConcurrentGCThread "G1 Refine#7" [stack: 0x000000053fa00000,0x000000053fb00000] [id=13184]
  0x000001e8d525d000 ConcurrentGCThread "G1 Refine#8" [stack: 0x000000053fb00000,0x000000053fc00000] [id=19156]
  0x000001e8d525b000 ConcurrentGCThread "G1 Refine#9" [stack: 0x000000053fc00000,0x000000053fd00000] [id=9404]
  0x000001e8ccd50000 ConcurrentGCThread "G1 Young RemSet Sampling" [stack: 0x0000000538100000,0x0000000538200000] [id=7588]

Threads with active compile tasks:
C2 CompilerThread0  10194 13320       4       java.util.TimSort::sort (229 bytes)
C1 CompilerThread0  10194 13594       2       com.android.tools.r8.graph.Z0$$Lambda$2157/0x0000000100644840::<init> (15 bytes)
C2 CompilerThread1  10194 12279 %     4       com.android.tools.r8.dex.j::a @ 315 (1038 bytes)
C2 CompilerThread2  10194 12914       4       com.android.tools.r8.dex.j::e (654 bytes)

VM state:at safepoint (normal execution)

VM Mutex/Monitor currently owned by a thread:  ([mutex/lock_event])
[0x000001e8b061cf10] Threads_lock - owner thread: 0x000001e8cd725000
[0x000001e8b061c6a0] Heap_lock - owner thread: 0x000001e8d4dec800

Heap address: 0x0000000080000000, size: 2048 MB, Compressed Oops mode: 32-bit
Narrow klass base: 0x0000000000000000, Narrow klass shift: 3
Compressed class space size: 1073741824 Address: 0x0000000100000000

Heap:
 garbage-first heap   total 402432K, used 236467K [0x0000000080000000, 0x0000000100000000)
  region size 1024K, 4 young (4096K), 4 survivors (4096K)
 Metaspace       used 105029K, capacity 108006K, committed 108244K, reserved 1142784K
  class space    used 13769K, capacity 14895K, committed 14924K, reserved 1048576K
Heap Regions: E=young(eden), S=young(survivor), O=old, HS=humongous(starts), HC=humongous(continues), CS=collection set, F=free, A=archive, TAMS=top-at-mark-start (previous, next)
|   0|0x0000000080000000, 0x0000000080100000, 0x0000000080100000|100%| O|  |TAMS 0x0000000080100000, 0x0000000080100000| Untracked 
|   1|0x0000000080100000, 0x0000000080200000, 0x0000000080200000|100%| O|  |TAMS 0x0000000080200000, 0x0000000080200000| Untracked 
|   2|0x0000000080200000, 0x0000000080300000, 0x0000000080300000|100%| O|  |TAMS 0x0000000080300000, 0x0000000080300000| Untracked 
|   3|0x0000000080300000, 0x0000000080400000, 0x0000000080400000|100%|HS|  |TAMS 0x0000000080400000, 0x0000000080400000| Complete 
|   4|0x0000000080400000, 0x0000000080500000, 0x0000000080500000|100%|HC|  |TAMS 0x0000000080500000, 0x0000000080500000| Complete 
|   5|0x0000000080500000, 0x0000000080600000, 0x0000000080600000|100%|HC|  |TAMS 0x0000000080600000, 0x0000000080600000| Complete 
|   6|0x0000000080600000, 0x0000000080700000, 0x0000000080700000|100%| O|  |TAMS 0x0000000080700000, 0x0000000080700000| Untracked 
|   7|0x0000000080700000, 0x0000000080800000, 0x0000000080800000|100%| O|  |TAMS 0x0000000080800000, 0x0000000080800000| Untracked 
|   8|0x0000000080800000, 0x0000000080900000, 0x0000000080900000|100%| O|  |TAMS 0x0000000080900000, 0x0000000080900000| Untracked 
|   9|0x0000000080900000, 0x0000000080a00000, 0x0000000080a00000|100%| O|  |TAMS 0x0000000080a00000, 0x0000000080a00000| Untracked 
|  10|0x0000000080a00000, 0x0000000080b00000, 0x0000000080b00000|100%| O|  |TAMS 0x0000000080b00000, 0x0000000080b00000| Untracked 
|  11|0x0000000080b00000, 0x0000000080c00000, 0x0000000080c00000|100%| O|  |TAMS 0x0000000080c00000, 0x0000000080c00000| Untracked 
|  12|0x0000000080c00000, 0x0000000080d00000, 0x0000000080d00000|100%| O|  |TAMS 0x0000000080d00000, 0x0000000080d00000| Untracked 
|  13|0x0000000080d00000, 0x0000000080e00000, 0x0000000080e00000|100%| O|  |TAMS 0x0000000080e00000, 0x0000000080e00000| Untracked 
|  14|0x0000000080e00000, 0x0000000080f00000, 0x0000000080f00000|100%| O|  |TAMS 0x0000000080f00000, 0x0000000080f00000| Untracked 
|  15|0x0000000080f00000, 0x0000000081000000, 0x0000000081000000|100%| O|  |TAMS 0x0000000081000000, 0x0000000081000000| Untracked 
|  16|0x0000000081000000, 0x0000000081100000, 0x0000000081100000|100%| O|  |TAMS 0x0000000081100000, 0x0000000081100000| Untracked 
|  17|0x0000000081100000, 0x0000000081200000, 0x0000000081200000|100%|HS|  |TAMS 0x0000000081200000, 0x0000000081200000| Complete 
|  18|0x0000000081200000, 0x0000000081300000, 0x0000000081300000|100%|HS|  |TAMS 0x0000000081300000, 0x0000000081300000| Complete 
|  19|0x0000000081300000, 0x0000000081400000, 0x0000000081400000|100%|HS|  |TAMS 0x0000000081400000, 0x0000000081400000| Complete 
|  20|0x0000000081400000, 0x0000000081500000, 0x0000000081500000|100%|HC|  |TAMS 0x0000000081500000, 0x0000000081500000| Complete 
|  21|0x0000000081500000, 0x0000000081600000, 0x0000000081600000|100%| O|  |TAMS 0x0000000081600000, 0x0000000081600000| Untracked 
|  22|0x0000000081600000, 0x0000000081700000, 0x0000000081700000|100%| O|  |TAMS 0x0000000081700000, 0x0000000081700000| Untracked 
|  23|0x0000000081700000, 0x0000000081800000, 0x0000000081800000|100%| O|  |TAMS 0x0000000081800000, 0x0000000081800000| Untracked 
|  24|0x0000000081800000, 0x0000000081900000, 0x0000000081900000|100%| O|  |TAMS 0x0000000081900000, 0x0000000081900000| Untracked 
|  25|0x0000000081900000, 0x0000000081a00000, 0x0000000081a00000|100%| O|  |TAMS 0x0000000081a00000, 0x0000000081a00000| Untracked 
|  26|0x0000000081a00000, 0x0000000081b00000, 0x0000000081b00000|100%| O|  |TAMS 0x0000000081b00000, 0x0000000081b00000| Untracked 
|  27|0x0000000081b00000, 0x0000000081c00000, 0x0000000081c00000|100%| O|  |TAMS 0x0000000081c00000, 0x0000000081c00000| Untracked 
|  28|0x0000000081c00000, 0x0000000081d00000, 0x0000000081d00000|100%| O|  |TAMS 0x0000000081d00000, 0x0000000081d00000| Untracked 
|  29|0x0000000081d00000, 0x0000000081e00000, 0x0000000081e00000|100%| O|  |TAMS 0x0000000081e00000, 0x0000000081e00000| Untracked 
|  30|0x0000000081e00000, 0x0000000081f00000, 0x0000000081f00000|100%| O|  |TAMS 0x0000000081f00000, 0x0000000081f00000| Untracked 
|  31|0x0000000081f00000, 0x0000000082000000, 0x0000000082000000|100%| O|  |TAMS 0x0000000082000000, 0x0000000082000000| Untracked 
|  32|0x0000000082000000, 0x0000000082100000, 0x0000000082100000|100%| O|  |TAMS 0x0000000082100000, 0x0000000082100000| Untracked 
|  33|0x0000000082100000, 0x0000000082200000, 0x0000000082200000|100%| O|  |TAMS 0x0000000082200000, 0x0000000082200000| Untracked 
|  34|0x0000000082200000, 0x0000000082300000, 0x0000000082300000|100%| O|  |TAMS 0x0000000082300000, 0x0000000082300000| Untracked 
|  35|0x0000000082300000, 0x0000000082400000, 0x0000000082400000|100%| O|  |TAMS 0x0000000082400000, 0x0000000082400000| Untracked 
|  36|0x0000000082400000, 0x0000000082500000, 0x0000000082500000|100%| O|  |TAMS 0x0000000082500000, 0x0000000082500000| Untracked 
|  37|0x0000000082500000, 0x0000000082600000, 0x0000000082600000|100%| O|  |TAMS 0x0000000082600000, 0x0000000082600000| Untracked 
|  38|0x0000000082600000, 0x0000000082700000, 0x0000000082700000|100%| O|  |TAMS 0x0000000082700000, 0x0000000082700000| Untracked 
|  39|0x0000000082700000, 0x0000000082800000, 0x0000000082800000|100%| O|  |TAMS 0x0000000082800000, 0x0000000082800000| Untracked 
|  40|0x0000000082800000, 0x0000000082900000, 0x0000000082900000|100%| O|  |TAMS 0x0000000082900000, 0x0000000082900000| Untracked 
|  41|0x0000000082900000, 0x0000000082a00000, 0x0000000082a00000|100%| O|  |TAMS 0x0000000082a00000, 0x0000000082a00000| Untracked 
|  42|0x0000000082a00000, 0x0000000082b00000, 0x0000000082b00000|100%| O|  |TAMS 0x0000000082b00000, 0x0000000082b00000| Untracked 
|  43|0x0000000082b00000, 0x0000000082c00000, 0x0000000082c00000|100%| O|  |TAMS 0x0000000082c00000, 0x0000000082c00000| Untracked 
|  44|0x0000000082c00000, 0x0000000082d00000, 0x0000000082d00000|100%| O|  |TAMS 0x0000000082d00000, 0x0000000082d00000| Untracked 
|  45|0x0000000082d00000, 0x0000000082e00000, 0x0000000082e00000|100%| O|  |TAMS 0x0000000082e00000, 0x0000000082e00000| Untracked 
|  46|0x0000000082e00000, 0x0000000082f00000, 0x0000000082f00000|100%| O|  |TAMS 0x0000000082f00000, 0x0000000082f00000| Untracked 
|  47|0x0000000082f00000, 0x0000000083000000, 0x0000000083000000|100%| O|  |TAMS 0x0000000083000000, 0x0000000083000000| Untracked 
|  48|0x0000000083000000, 0x0000000083100000, 0x0000000083100000|100%| O|  |TAMS 0x0000000083100000, 0x0000000083100000| Untracked 
|  49|0x0000000083100000, 0x0000000083200000, 0x0000000083200000|100%| O|  |TAMS 0x0000000083200000, 0x0000000083200000| Untracked 
|  50|0x0000000083200000, 0x0000000083300000, 0x0000000083300000|100%| O|  |TAMS 0x0000000083300000, 0x0000000083300000| Untracked 
|  51|0x0000000083300000, 0x0000000083400000, 0x0000000083400000|100%| O|  |TAMS 0x0000000083400000, 0x0000000083400000| Untracked 
|  52|0x0000000083400000, 0x0000000083500000, 0x0000000083500000|100%| O|  |TAMS 0x0000000083500000, 0x0000000083500000| Untracked 
|  53|0x0000000083500000, 0x0000000083600000, 0x0000000083600000|100%| O|  |TAMS 0x0000000083600000, 0x0000000083600000| Untracked 
|  54|0x0000000083600000, 0x0000000083700000, 0x0000000083700000|100%| O|  |TAMS 0x0000000083700000, 0x0000000083700000| Untracked 
|  55|0x0000000083700000, 0x0000000083800000, 0x0000000083800000|100%| O|  |TAMS 0x0000000083800000, 0x0000000083800000| Untracked 
|  56|0x0000000083800000, 0x0000000083900000, 0x0000000083900000|100%| O|  |TAMS 0x0000000083900000, 0x0000000083900000| Untracked 
|  57|0x0000000083900000, 0x0000000083a00000, 0x0000000083a00000|100%| O|  |TAMS 0x0000000083a00000, 0x0000000083a00000| Untracked 
|  58|0x0000000083a00000, 0x0000000083b00000, 0x0000000083b00000|100%| O|  |TAMS 0x0000000083b00000, 0x0000000083b00000| Untracked 
|  59|0x0000000083b00000, 0x0000000083c00000, 0x0000000083c00000|100%| O|  |TAMS 0x0000000083c00000, 0x0000000083c00000| Untracked 
|  60|0x0000000083c00000, 0x0000000083d00000, 0x0000000083d00000|100%| O|  |TAMS 0x0000000083d00000, 0x0000000083d00000| Untracked 
|  61|0x0000000083d00000, 0x0000000083e00000, 0x0000000083e00000|100%| O|  |TAMS 0x0000000083e00000, 0x0000000083e00000| Untracked 
|  62|0x0000000083e00000, 0x0000000083f00000, 0x0000000083f00000|100%| O|  |TAMS 0x0000000083f00000, 0x0000000083f00000| Untracked 
|  63|0x0000000083f00000, 0x0000000084000000, 0x0000000084000000|100%| O|  |TAMS 0x0000000084000000, 0x0000000084000000| Untracked 
|  64|0x0000000084000000, 0x0000000084100000, 0x0000000084100000|100%| O|  |TAMS 0x0000000084100000, 0x0000000084100000| Untracked 
|  65|0x0000000084100000, 0x0000000084200000, 0x0000000084200000|100%| O|  |TAMS 0x0000000084200000, 0x0000000084200000| Untracked 
|  66|0x0000000084200000, 0x0000000084300000, 0x0000000084300000|100%| O|  |TAMS 0x0000000084300000, 0x0000000084300000| Untracked 
|  67|0x0000000084300000, 0x0000000084400000, 0x0000000084400000|100%| O|  |TAMS 0x0000000084400000, 0x0000000084400000| Untracked 
|  68|0x0000000084400000, 0x0000000084500000, 0x0000000084500000|100%| O|  |TAMS 0x0000000084500000, 0x0000000084500000| Untracked 
|  69|0x0000000084500000, 0x0000000084600000, 0x0000000084600000|100%| O|  |TAMS 0x0000000084600000, 0x0000000084600000| Untracked 
|  70|0x0000000084600000, 0x0000000084700000, 0x0000000084700000|100%| O|  |TAMS 0x0000000084700000, 0x0000000084700000| Untracked 
|  71|0x0000000084700000, 0x0000000084800000, 0x0000000084800000|100%| O|  |TAMS 0x0000000084800000, 0x0000000084800000| Untracked 
|  72|0x0000000084800000, 0x0000000084900000, 0x0000000084900000|100%| O|  |TAMS 0x0000000084900000, 0x0000000084900000| Untracked 
|  73|0x0000000084900000, 0x0000000084a00000, 0x0000000084a00000|100%| O|  |TAMS 0x0000000084a00000, 0x0000000084a00000| Untracked 
|  74|0x0000000084a00000, 0x0000000084b00000, 0x0000000084b00000|100%| O|  |TAMS 0x0000000084b00000, 0x0000000084b00000| Untracked 
|  75|0x0000000084b00000, 0x0000000084c00000, 0x0000000084c00000|100%| O|  |TAMS 0x0000000084c00000, 0x0000000084c00000| Untracked 
|  76|0x0000000084c00000, 0x0000000084d00000, 0x0000000084d00000|100%|HS|  |TAMS 0x0000000084d00000, 0x0000000084d00000| Complete 
|  77|0x0000000084d00000, 0x0000000084e00000, 0x0000000084e00000|100%| O|  |TAMS 0x0000000084e00000, 0x0000000084e00000| Untracked 
|  78|0x0000000084e00000, 0x0000000084f00000, 0x0000000084f00000|100%| O|  |TAMS 0x0000000084f00000, 0x0000000084f00000| Untracked 
|  79|0x0000000084f00000, 0x0000000085000000, 0x0000000085000000|100%| O|  |TAMS 0x0000000085000000, 0x0000000085000000| Untracked 
|  80|0x0000000085000000, 0x0000000085100000, 0x0000000085100000|100%| O|  |TAMS 0x0000000085100000, 0x0000000085100000| Untracked 
|  81|0x0000000085100000, 0x0000000085200000, 0x0000000085200000|100%| O|  |TAMS 0x0000000085200000, 0x0000000085200000| Untracked 
|  82|0x0000000085200000, 0x0000000085300000, 0x0000000085300000|100%| O|  |TAMS 0x0000000085300000, 0x0000000085300000| Untracked 
|  83|0x0000000085300000, 0x0000000085400000, 0x0000000085400000|100%| O|  |TAMS 0x0000000085400000, 0x0000000085400000| Untracked 
|  84|0x0000000085400000, 0x0000000085500000, 0x0000000085500000|100%| O|  |TAMS 0x0000000085500000, 0x0000000085500000| Untracked 
|  85|0x0000000085500000, 0x0000000085600000, 0x0000000085600000|100%| O|  |TAMS 0x0000000085600000, 0x0000000085600000| Untracked 
|  86|0x0000000085600000, 0x0000000085700000, 0x0000000085700000|100%| O|  |TAMS 0x0000000085700000, 0x0000000085700000| Untracked 
|  87|0x0000000085700000, 0x0000000085800000, 0x0000000085800000|100%| O|  |TAMS 0x0000000085800000, 0x0000000085800000| Untracked 
|  88|0x0000000085800000, 0x0000000085900000, 0x0000000085900000|100%|HS|  |TAMS 0x0000000085900000, 0x0000000085900000| Complete 
|  89|0x0000000085900000, 0x0000000085a00000, 0x0000000085a00000|100%|HC|  |TAMS 0x0000000085a00000, 0x0000000085a00000| Complete 
|  90|0x0000000085a00000, 0x0000000085b00000, 0x0000000085b00000|100%|HS|  |TAMS 0x0000000085b00000, 0x0000000085b00000| Complete 
|  91|0x0000000085b00000, 0x0000000085c00000, 0x0000000085c00000|100%|HS|  |TAMS 0x0000000085c00000, 0x0000000085c00000| Complete 
|  92|0x0000000085c00000, 0x0000000085d00000, 0x0000000085d00000|100%|HS|  |TAMS 0x0000000085d00000, 0x0000000085d00000| Complete 
|  93|0x0000000085d00000, 0x0000000085e00000, 0x0000000085e00000|100%|HS|  |TAMS 0x0000000085e00000, 0x0000000085e00000| Complete 
|  94|0x0000000085e00000, 0x0000000085f00000, 0x0000000085f00000|100%|HC|  |TAMS 0x0000000085f00000, 0x0000000085f00000| Complete 
|  95|0x0000000085f00000, 0x0000000086000000, 0x0000000086000000|100%|HS|  |TAMS 0x0000000086000000, 0x0000000086000000| Complete 
|  96|0x0000000086000000, 0x0000000086100000, 0x0000000086100000|100%|HC|  |TAMS 0x0000000086100000, 0x0000000086100000| Complete 
|  97|0x0000000086100000, 0x0000000086200000, 0x0000000086200000|100%|HC|  |TAMS 0x0000000086200000, 0x0000000086200000| Complete 
|  98|0x0000000086200000, 0x0000000086300000, 0x0000000086300000|100%| O|  |TAMS 0x0000000086300000, 0x0000000086300000| Untracked 
|  99|0x0000000086300000, 0x0000000086400000, 0x0000000086400000|100%| O|  |TAMS 0x0000000086400000, 0x0000000086400000| Untracked 
| 100|0x0000000086400000, 0x0000000086500000, 0x0000000086500000|100%|HS|  |TAMS 0x0000000086500000, 0x0000000086500000| Complete 
| 101|0x0000000086500000, 0x0000000086600000, 0x0000000086600000|100%|HC|  |TAMS 0x0000000086600000, 0x0000000086600000| Complete 
| 102|0x0000000086600000, 0x0000000086700000, 0x0000000086700000|100%| O|  |TAMS 0x0000000086700000, 0x0000000086700000| Untracked 
| 103|0x0000000086700000, 0x0000000086800000, 0x0000000086800000|100%|HS|  |TAMS 0x0000000086800000, 0x0000000086800000| Complete 
| 104|0x0000000086800000, 0x0000000086900000, 0x0000000086900000|100%| O|  |TAMS 0x0000000086900000, 0x0000000086900000| Untracked 
| 105|0x0000000086900000, 0x0000000086a00000, 0x0000000086a00000|100%|HS|  |TAMS 0x0000000086a00000, 0x0000000086a00000| Complete 
| 106|0x0000000086a00000, 0x0000000086b00000, 0x0000000086b00000|100%| O|  |TAMS 0x0000000086b00000, 0x0000000086b00000| Untracked 
| 107|0x0000000086b00000, 0x0000000086c00000, 0x0000000086c00000|100%|HS|  |TAMS 0x0000000086c00000, 0x0000000086c00000| Complete 
| 108|0x0000000086c00000, 0x0000000086d00000, 0x0000000086d00000|100%| O|  |TAMS 0x0000000086d00000, 0x0000000086d00000| Untracked 
| 109|0x0000000086d00000, 0x0000000086e00000, 0x0000000086e00000|100%| O|  |TAMS 0x0000000086e00000, 0x0000000086e00000| Untracked 
| 110|0x0000000086e00000, 0x0000000086f00000, 0x0000000086f00000|100%|HS|  |TAMS 0x0000000086f00000, 0x0000000086f00000| Complete 
| 111|0x0000000086f00000, 0x0000000087000000, 0x0000000087000000|100%|HC|  |TAMS 0x0000000087000000, 0x0000000087000000| Complete 
| 112|0x0000000087000000, 0x0000000087100000, 0x0000000087100000|100%|HS|  |TAMS 0x0000000087100000, 0x0000000087100000| Complete 
| 113|0x0000000087100000, 0x0000000087200000, 0x0000000087200000|100%| O|  |TAMS 0x0000000087200000, 0x0000000087200000| Untracked 
| 114|0x0000000087200000, 0x0000000087300000, 0x0000000087300000|100%| O|  |TAMS 0x0000000087300000, 0x0000000087300000| Untracked 
| 115|0x0000000087300000, 0x0000000087400000, 0x0000000087400000|100%| O|  |TAMS 0x0000000087400000, 0x0000000087400000| Untracked 
| 116|0x0000000087400000, 0x0000000087500000, 0x0000000087500000|100%| O|  |TAMS 0x0000000087500000, 0x0000000087500000| Untracked 
| 117|0x0000000087500000, 0x0000000087600000, 0x0000000087600000|100%| O|  |TAMS 0x0000000087600000, 0x0000000087600000| Untracked 
| 118|0x0000000087600000, 0x0000000087700000, 0x0000000087700000|100%| O|  |TAMS 0x0000000087700000, 0x0000000087700000| Untracked 
| 119|0x0000000087700000, 0x0000000087800000, 0x0000000087800000|100%|HS|  |TAMS 0x0000000087800000, 0x0000000087800000| Complete 
| 120|0x0000000087800000, 0x0000000087900000, 0x0000000087900000|100%|HC|  |TAMS 0x0000000087900000, 0x0000000087900000| Complete 
| 121|0x0000000087900000, 0x0000000087a00000, 0x0000000087a00000|100%|HC|  |TAMS 0x0000000087a00000, 0x0000000087a00000| Complete 
| 122|0x0000000087a00000, 0x0000000087b00000, 0x0000000087b00000|100%| O|  |TAMS 0x0000000087b00000, 0x0000000087b00000| Untracked 
| 123|0x0000000087b00000, 0x0000000087c00000, 0x0000000087c00000|100%| O|  |TAMS 0x0000000087c00000, 0x0000000087c00000| Untracked 
| 124|0x0000000087c00000, 0x0000000087d00000, 0x0000000087d00000|100%| O|  |TAMS 0x0000000087d00000, 0x0000000087d00000| Untracked 
| 125|0x0000000087d00000, 0x0000000087e00000, 0x0000000087e00000|100%| O|  |TAMS 0x0000000087e00000, 0x0000000087e00000| Untracked 
| 126|0x0000000087e00000, 0x0000000087f00000, 0x0000000087f00000|100%| O|  |TAMS 0x0000000087f00000, 0x0000000087f00000| Untracked 
| 127|0x0000000087f00000, 0x0000000088000000, 0x0000000088000000|100%| O|  |TAMS 0x0000000088000000, 0x0000000088000000| Untracked 
| 128|0x0000000088000000, 0x0000000088100000, 0x0000000088100000|100%| O|  |TAMS 0x0000000088100000, 0x0000000088100000| Untracked 
| 129|0x0000000088100000, 0x0000000088200000, 0x0000000088200000|100%| O|  |TAMS 0x0000000088200000, 0x0000000088200000| Untracked 
| 130|0x0000000088200000, 0x0000000088300000, 0x0000000088300000|100%| O|  |TAMS 0x0000000088300000, 0x0000000088300000| Untracked 
| 131|0x0000000088300000, 0x0000000088400000, 0x0000000088400000|100%| O|  |TAMS 0x0000000088400000, 0x0000000088400000| Untracked 
| 132|0x0000000088400000, 0x0000000088500000, 0x0000000088500000|100%| O|  |TAMS 0x0000000088500000, 0x0000000088500000| Untracked 
| 133|0x0000000088500000, 0x0000000088600000, 0x0000000088600000|100%| O|  |TAMS 0x0000000088600000, 0x0000000088600000| Untracked 
| 134|0x0000000088600000, 0x0000000088700000, 0x0000000088700000|100%| O|  |TAMS 0x0000000088700000, 0x0000000088700000| Untracked 
| 135|0x0000000088700000, 0x0000000088800000, 0x0000000088800000|100%| O|  |TAMS 0x0000000088800000, 0x0000000088800000| Untracked 
| 136|0x0000000088800000, 0x0000000088900000, 0x0000000088900000|100%| O|  |TAMS 0x0000000088900000, 0x0000000088900000| Untracked 
| 137|0x0000000088900000, 0x0000000088a00000, 0x0000000088a00000|100%| O|  |TAMS 0x0000000088a00000, 0x0000000088a00000| Untracked 
| 138|0x0000000088a00000, 0x0000000088b00000, 0x0000000088b00000|100%| O|  |TAMS 0x0000000088b00000, 0x0000000088b00000| Untracked 
| 139|0x0000000088b00000, 0x0000000088c00000, 0x0000000088c00000|100%| O|  |TAMS 0x0000000088c00000, 0x0000000088c00000| Untracked 
| 140|0x0000000088c00000, 0x0000000088d00000, 0x0000000088d00000|100%| O|  |TAMS 0x0000000088d00000, 0x0000000088d00000| Untracked 
| 141|0x0000000088d00000, 0x0000000088e00000, 0x0000000088e00000|100%| O|  |TAMS 0x0000000088e00000, 0x0000000088e00000| Untracked 
| 142|0x0000000088e00000, 0x0000000088f00000, 0x0000000088f00000|100%| O|  |TAMS 0x0000000088f00000, 0x0000000088f00000| Untracked 
| 143|0x0000000088f00000, 0x0000000089000000, 0x0000000089000000|100%| O|  |TAMS 0x0000000089000000, 0x0000000089000000| Untracked 
| 144|0x0000000089000000, 0x0000000089100000, 0x0000000089100000|100%| O|  |TAMS 0x0000000089100000, 0x0000000089100000| Untracked 
| 145|0x0000000089100000, 0x0000000089200000, 0x0000000089200000|100%| O|  |TAMS 0x0000000089200000, 0x0000000089200000| Untracked 
| 146|0x0000000089200000, 0x0000000089300000, 0x0000000089300000|100%| O|  |TAMS 0x0000000089300000, 0x0000000089300000| Untracked 
| 147|0x0000000089300000, 0x0000000089400000, 0x0000000089400000|100%| O|  |TAMS 0x0000000089400000, 0x0000000089400000| Untracked 
| 148|0x0000000089400000, 0x0000000089500000, 0x0000000089500000|100%| O|  |TAMS 0x0000000089500000, 0x0000000089500000| Untracked 
| 149|0x0000000089500000, 0x0000000089600000, 0x0000000089600000|100%| O|  |TAMS 0x0000000089600000, 0x0000000089600000| Untracked 
| 150|0x0000000089600000, 0x0000000089700000, 0x0000000089700000|100%| O|  |TAMS 0x0000000089700000, 0x0000000089700000| Untracked 
| 151|0x0000000089700000, 0x0000000089800000, 0x0000000089800000|100%| O|  |TAMS 0x0000000089800000, 0x0000000089800000| Untracked 
| 152|0x0000000089800000, 0x0000000089900000, 0x0000000089900000|100%| O|  |TAMS 0x0000000089900000, 0x0000000089900000| Untracked 
| 153|0x0000000089900000, 0x0000000089a00000, 0x0000000089a00000|100%| O|  |TAMS 0x0000000089a00000, 0x0000000089a00000| Untracked 
| 154|0x0000000089a00000, 0x0000000089b00000, 0x0000000089b00000|100%| O|  |TAMS 0x0000000089b00000, 0x0000000089b00000| Untracked 
| 155|0x0000000089b00000, 0x0000000089c00000, 0x0000000089c00000|100%| O|  |TAMS 0x0000000089c00000, 0x0000000089c00000| Untracked 
| 156|0x0000000089c00000, 0x0000000089d00000, 0x0000000089d00000|100%| O|  |TAMS 0x0000000089d00000, 0x0000000089d00000| Untracked 
| 157|0x0000000089d00000, 0x0000000089e00000, 0x0000000089e00000|100%| O|  |TAMS 0x0000000089e00000, 0x0000000089e00000| Untracked 
| 158|0x0000000089e00000, 0x0000000089f00000, 0x0000000089f00000|100%| O|  |TAMS 0x0000000089f00000, 0x0000000089f00000| Untracked 
| 159|0x0000000089f00000, 0x000000008a000000, 0x000000008a000000|100%| O|  |TAMS 0x000000008a000000, 0x000000008a000000| Untracked 
| 160|0x000000008a000000, 0x000000008a100000, 0x000000008a100000|100%| O|  |TAMS 0x000000008a100000, 0x000000008a100000| Untracked 
| 161|0x000000008a100000, 0x000000008a200000, 0x000000008a200000|100%| O|  |TAMS 0x000000008a200000, 0x000000008a200000| Untracked 
| 162|0x000000008a200000, 0x000000008a300000, 0x000000008a300000|100%| O|  |TAMS 0x000000008a300000, 0x000000008a300000| Untracked 
| 163|0x000000008a300000, 0x000000008a400000, 0x000000008a400000|100%| O|  |TAMS 0x000000008a400000, 0x000000008a400000| Untracked 
| 164|0x000000008a400000, 0x000000008a500000, 0x000000008a500000|100%| O|  |TAMS 0x000000008a500000, 0x000000008a500000| Untracked 
| 165|0x000000008a500000, 0x000000008a600000, 0x000000008a600000|100%| O|  |TAMS 0x000000008a600000, 0x000000008a600000| Untracked 
| 166|0x000000008a600000, 0x000000008a700000, 0x000000008a700000|100%| O|  |TAMS 0x000000008a700000, 0x000000008a700000| Untracked 
| 167|0x000000008a700000, 0x000000008a800000, 0x000000008a800000|100%| O|  |TAMS 0x000000008a800000, 0x000000008a800000| Untracked 
| 168|0x000000008a800000, 0x000000008a900000, 0x000000008a900000|100%| O|  |TAMS 0x000000008a900000, 0x000000008a900000| Untracked 
| 169|0x000000008a900000, 0x000000008aa00000, 0x000000008aa00000|100%| O|  |TAMS 0x000000008aa00000, 0x000000008aa00000| Untracked 
| 170|0x000000008aa00000, 0x000000008ab00000, 0x000000008ab00000|100%| O|  |TAMS 0x000000008ab00000, 0x000000008ab00000| Untracked 
| 171|0x000000008ab00000, 0x000000008ac00000, 0x000000008ac00000|100%| O|  |TAMS 0x000000008ac00000, 0x000000008ac00000| Untracked 
| 172|0x000000008ac00000, 0x000000008ad00000, 0x000000008ad00000|100%| O|  |TAMS 0x000000008ad00000, 0x000000008ad00000| Untracked 
| 173|0x000000008ad00000, 0x000000008ae00000, 0x000000008ae00000|100%| O|  |TAMS 0x000000008ae00000, 0x000000008ae00000| Untracked 
| 174|0x000000008ae00000, 0x000000008af00000, 0x000000008af00000|100%| O|  |TAMS 0x000000008af00000, 0x000000008af00000| Untracked 
| 175|0x000000008af00000, 0x000000008b000000, 0x000000008b000000|100%| O|  |TAMS 0x000000008b000000, 0x000000008b000000| Untracked 
| 176|0x000000008b000000, 0x000000008b100000, 0x000000008b100000|100%| O|  |TAMS 0x000000008b000000, 0x000000008b100000| Untracked 
| 177|0x000000008b100000, 0x000000008b200000, 0x000000008b200000|100%| O|  |TAMS 0x000000008b100000, 0x000000008b200000| Untracked 
| 178|0x000000008b200000, 0x000000008b300000, 0x000000008b300000|100%| O|  |TAMS 0x000000008b200000, 0x000000008b300000| Untracked 
| 179|0x000000008b300000, 0x000000008b400000, 0x000000008b400000|100%| O|  |TAMS 0x000000008b300000, 0x000000008b400000| Untracked 
| 180|0x000000008b400000, 0x000000008b500000, 0x000000008b500000|100%| O|  |TAMS 0x000000008b400000, 0x000000008b500000| Untracked 
| 181|0x000000008b500000, 0x000000008b600000, 0x000000008b600000|100%| O|  |TAMS 0x000000008b500000, 0x000000008b600000| Untracked 
| 182|0x000000008b600000, 0x000000008b700000, 0x000000008b700000|100%| O|  |TAMS 0x000000008b600000, 0x000000008b700000| Untracked 
| 183|0x000000008b700000, 0x000000008b800000, 0x000000008b800000|100%| O|  |TAMS 0x000000008b700000, 0x000000008b800000| Untracked 
| 184|0x000000008b800000, 0x000000008b900000, 0x000000008b900000|100%| O|  |TAMS 0x000000008b800000, 0x000000008b900000| Untracked 
| 185|0x000000008b900000, 0x000000008ba00000, 0x000000008ba00000|100%| O|  |TAMS 0x000000008b900000, 0x000000008ba00000| Untracked 
| 186|0x000000008ba00000, 0x000000008bb00000, 0x000000008bb00000|100%| O|  |TAMS 0x000000008ba00000, 0x000000008bb00000| Untracked 
| 187|0x000000008bb00000, 0x000000008bc00000, 0x000000008bc00000|100%| O|  |TAMS 0x000000008bb00000, 0x000000008bc00000| Untracked 
| 188|0x000000008bc00000, 0x000000008bd00000, 0x000000008bd00000|100%| O|  |TAMS 0x000000008bc00000, 0x000000008bd00000| Untracked 
| 189|0x000000008bd00000, 0x000000008be00000, 0x000000008be00000|100%| O|  |TAMS 0x000000008bd00000, 0x000000008be00000| Untracked 
| 190|0x000000008be00000, 0x000000008bf00000, 0x000000008bf00000|100%| O|  |TAMS 0x000000008be00000, 0x000000008bf00000| Untracked 
| 191|0x000000008bf00000, 0x000000008c000000, 0x000000008c000000|100%| O|  |TAMS 0x000000008bf00000, 0x000000008c000000| Untracked 
| 192|0x000000008c000000, 0x000000008c100000, 0x000000008c100000|100%| O|  |TAMS 0x000000008c000000, 0x000000008c100000| Untracked 
| 193|0x000000008c100000, 0x000000008c200000, 0x000000008c200000|100%| O|  |TAMS 0x000000008c100000, 0x000000008c200000| Untracked 
| 194|0x000000008c200000, 0x000000008c300000, 0x000000008c300000|100%| O|  |TAMS 0x000000008c200000, 0x000000008c300000| Untracked 
| 195|0x000000008c300000, 0x000000008c400000, 0x000000008c400000|100%| O|  |TAMS 0x000000008c300000, 0x000000008c400000| Untracked 
| 196|0x000000008c400000, 0x000000008c500000, 0x000000008c500000|100%| O|  |TAMS 0x000000008c400000, 0x000000008c500000| Untracked 
| 197|0x000000008c500000, 0x000000008c600000, 0x000000008c600000|100%| O|  |TAMS 0x000000008c500000, 0x000000008c600000| Untracked 
| 198|0x000000008c600000, 0x000000008c700000, 0x000000008c700000|100%| O|  |TAMS 0x000000008c600000, 0x000000008c700000| Untracked 
| 199|0x000000008c700000, 0x000000008c800000, 0x000000008c800000|100%| O|  |TAMS 0x000000008c700000, 0x000000008c800000| Untracked 
| 200|0x000000008c800000, 0x000000008c900000, 0x000000008c900000|100%| O|  |TAMS 0x000000008c800000, 0x000000008c900000| Untracked 
| 201|0x000000008c900000, 0x000000008ca00000, 0x000000008ca00000|100%| O|  |TAMS 0x000000008c900000, 0x000000008ca00000| Untracked 
| 202|0x000000008ca00000, 0x000000008cb00000, 0x000000008cb00000|100%| O|  |TAMS 0x000000008ca00000, 0x000000008cb00000| Untracked 
| 203|0x000000008cb00000, 0x000000008cc00000, 0x000000008cc00000|100%| O|  |TAMS 0x000000008cb00000, 0x000000008cc00000| Untracked 
| 204|0x000000008cc00000, 0x000000008cd00000, 0x000000008cd00000|100%| O|  |TAMS 0x000000008cc00000, 0x000000008cd00000| Untracked 
| 205|0x000000008cd00000, 0x000000008ce00000, 0x000000008ce00000|100%| O|  |TAMS 0x000000008cd00000, 0x000000008ce00000| Untracked 
| 206|0x000000008ce00000, 0x000000008cf00000, 0x000000008cf00000|100%| O|  |TAMS 0x000000008ce00000, 0x000000008cf00000| Untracked 
| 207|0x000000008cf00000, 0x000000008d000000, 0x000000008d000000|100%| O|  |TAMS 0x000000008cf00000, 0x000000008d000000| Untracked 
| 208|0x000000008d000000, 0x000000008d100000, 0x000000008d100000|100%| O|  |TAMS 0x000000008d000000, 0x000000008d100000| Untracked 
| 209|0x000000008d100000, 0x000000008d200000, 0x000000008d200000|100%| O|  |TAMS 0x000000008d100000, 0x000000008d200000| Untracked 
| 210|0x000000008d200000, 0x000000008d300000, 0x000000008d300000|100%| O|  |TAMS 0x000000008d200000, 0x000000008d300000| Untracked 
| 211|0x000000008d300000, 0x000000008d400000, 0x000000008d400000|100%| O|  |TAMS 0x000000008d300000, 0x000000008d400000| Untracked 
| 212|0x000000008d400000, 0x000000008d500000, 0x000000008d500000|100%| O|  |TAMS 0x000000008d400000, 0x000000008d500000| Untracked 
| 213|0x000000008d500000, 0x000000008d600000, 0x000000008d600000|100%| O|  |TAMS 0x000000008d500000, 0x000000008d600000| Untracked 
| 214|0x000000008d600000, 0x000000008d700000, 0x000000008d700000|100%| O|  |TAMS 0x000000008d600000, 0x000000008d700000| Untracked 
| 215|0x000000008d700000, 0x000000008d800000, 0x000000008d800000|100%| O|  |TAMS 0x000000008d700000, 0x000000008d800000| Untracked 
| 216|0x000000008d800000, 0x000000008d900000, 0x000000008d900000|100%| O|  |TAMS 0x000000008d800000, 0x000000008d900000| Untracked 
| 217|0x000000008d900000, 0x000000008da00000, 0x000000008da00000|100%| O|  |TAMS 0x000000008d900000, 0x000000008da00000| Untracked 
| 218|0x000000008da00000, 0x000000008db00000, 0x000000008db00000|100%| O|  |TAMS 0x000000008da00000, 0x000000008db00000| Untracked 
| 219|0x000000008db00000, 0x000000008dc00000, 0x000000008dc00000|100%| O|  |TAMS 0x000000008db00000, 0x000000008dc00000| Untracked 
| 220|0x000000008dc00000, 0x000000008dd00000, 0x000000008dd00000|100%| O|  |TAMS 0x000000008dc00000, 0x000000008dd00000| Untracked 
| 221|0x000000008dd00000, 0x000000008de00000, 0x000000008de00000|100%| O|  |TAMS 0x000000008dd00000, 0x000000008de00000| Untracked 
| 222|0x000000008de00000, 0x000000008df00000, 0x000000008df00000|100%| O|  |TAMS 0x000000008de00000, 0x000000008de52c00| Untracked 
| 223|0x000000008df00000, 0x000000008e000000, 0x000000008e000000|100%|HS|  |TAMS 0x000000008df00000, 0x000000008df00000| Complete 
| 224|0x000000008e000000, 0x000000008e100000, 0x000000008e100000|100%|HS|  |TAMS 0x000000008e000000, 0x000000008e000000| Complete 
| 225|0x000000008e100000, 0x000000008e200000, 0x000000008e200000|100%| O|  |TAMS 0x000000008e100000, 0x000000008e100000| Untracked 
| 226|0x000000008e200000, 0x000000008e2ecc00, 0x000000008e300000| 92%| O|  |TAMS 0x000000008e200000, 0x000000008e200000| Untracked 
| 227|0x000000008e300000, 0x000000008e300000, 0x000000008e400000|  0%| F|  |TAMS 0x000000008e300000, 0x000000008e300000| Untracked 
| 228|0x000000008e400000, 0x000000008e400000, 0x000000008e500000|  0%| F|  |TAMS 0x000000008e400000, 0x000000008e400000| Untracked 
| 229|0x000000008e500000, 0x000000008e500000, 0x000000008e600000|  0%| F|  |TAMS 0x000000008e500000, 0x000000008e500000| Untracked 
| 230|0x000000008e600000, 0x000000008e600000, 0x000000008e700000|  0%| F|  |TAMS 0x000000008e600000, 0x000000008e600000| Untracked 
| 231|0x000000008e700000, 0x000000008e700000, 0x000000008e800000|  0%| F|  |TAMS 0x000000008e700000, 0x000000008e700000| Untracked 
| 232|0x000000008e800000, 0x000000008e800000, 0x000000008e900000|  0%| F|  |TAMS 0x000000008e800000, 0x000000008e800000| Untracked 
| 233|0x000000008e900000, 0x000000008e900000, 0x000000008ea00000|  0%| F|  |TAMS 0x000000008e900000, 0x000000008e900000| Untracked 
| 234|0x000000008ea00000, 0x000000008ea00000, 0x000000008eb00000|  0%| F|  |TAMS 0x000000008ea00000, 0x000000008ea00000| Untracked 
| 235|0x000000008eb00000, 0x000000008eb00000, 0x000000008ec00000|  0%| F|  |TAMS 0x000000008eb00000, 0x000000008eb00000| Untracked 
| 236|0x000000008ec00000, 0x000000008ec00000, 0x000000008ed00000|  0%| F|  |TAMS 0x000000008ec00000, 0x000000008ec00000| Untracked 
| 237|0x000000008ed00000, 0x000000008ed00000, 0x000000008ee00000|  0%| F|  |TAMS 0x000000008ed00000, 0x000000008ed00000| Untracked 
| 238|0x000000008ee00000, 0x000000008ee00000, 0x000000008ef00000|  0%| F|  |TAMS 0x000000008ee00000, 0x000000008ee00000| Untracked 
| 239|0x000000008ef00000, 0x000000008ef00000, 0x000000008f000000|  0%| F|  |TAMS 0x000000008ef00000, 0x000000008ef00000| Untracked 
| 240|0x000000008f000000, 0x000000008f000000, 0x000000008f100000|  0%| F|  |TAMS 0x000000008f000000, 0x000000008f000000| Untracked 
| 241|0x000000008f100000, 0x000000008f100000, 0x000000008f200000|  0%| F|  |TAMS 0x000000008f100000, 0x000000008f100000| Untracked 
| 242|0x000000008f200000, 0x000000008f200000, 0x000000008f300000|  0%| F|  |TAMS 0x000000008f200000, 0x000000008f200000| Untracked 
| 243|0x000000008f300000, 0x000000008f300000, 0x000000008f400000|  0%| F|  |TAMS 0x000000008f300000, 0x000000008f300000| Untracked 
| 244|0x000000008f400000, 0x000000008f400000, 0x000000008f500000|  0%| F|  |TAMS 0x000000008f400000, 0x000000008f400000| Untracked 
| 245|0x000000008f500000, 0x000000008f500000, 0x000000008f600000|  0%| F|  |TAMS 0x000000008f500000, 0x000000008f500000| Untracked 
| 246|0x000000008f600000, 0x000000008f600000, 0x000000008f700000|  0%| F|  |TAMS 0x000000008f600000, 0x000000008f600000| Untracked 
| 247|0x000000008f700000, 0x000000008f700000, 0x000000008f800000|  0%| F|  |TAMS 0x000000008f700000, 0x000000008f700000| Untracked 
| 248|0x000000008f800000, 0x000000008f800000, 0x000000008f900000|  0%| F|  |TAMS 0x000000008f800000, 0x000000008f800000| Untracked 
| 249|0x000000008f900000, 0x000000008f900000, 0x000000008fa00000|  0%| F|  |TAMS 0x000000008f900000, 0x000000008f900000| Untracked 
| 250|0x000000008fa00000, 0x000000008fa00000, 0x000000008fb00000|  0%| F|  |TAMS 0x000000008fa00000, 0x000000008fa00000| Untracked 
| 251|0x000000008fb00000, 0x000000008fb00000, 0x000000008fc00000|  0%| F|  |TAMS 0x000000008fb00000, 0x000000008fb00000| Untracked 
| 252|0x000000008fc00000, 0x000000008fc00000, 0x000000008fd00000|  0%| F|  |TAMS 0x000000008fc00000, 0x000000008fc00000| Untracked 
| 253|0x000000008fd00000, 0x000000008fd00000, 0x000000008fe00000|  0%| F|  |TAMS 0x000000008fd00000, 0x000000008fd00000| Untracked 
| 254|0x000000008fe00000, 0x000000008fe00000, 0x000000008ff00000|  0%| F|  |TAMS 0x000000008fe00000, 0x000000008fe00000| Untracked 
| 255|0x000000008ff00000, 0x000000008ff00000, 0x0000000090000000|  0%| F|  |TAMS 0x000000008ff00000, 0x000000008ff00000| Untracked 
| 256|0x0000000090000000, 0x0000000090000000, 0x0000000090100000|  0%| F|  |TAMS 0x0000000090000000, 0x0000000090000000| Untracked 
| 257|0x0000000090100000, 0x0000000090100000, 0x0000000090200000|  0%| F|  |TAMS 0x0000000090100000, 0x0000000090100000| Untracked 
| 258|0x0000000090200000, 0x0000000090200000, 0x0000000090300000|  0%| F|  |TAMS 0x0000000090200000, 0x0000000090200000| Untracked 
| 259|0x0000000090300000, 0x0000000090300000, 0x0000000090400000|  0%| F|  |TAMS 0x0000000090300000, 0x0000000090300000| Untracked 
| 260|0x0000000090400000, 0x0000000090400000, 0x0000000090500000|  0%| F|  |TAMS 0x0000000090400000, 0x0000000090400000| Untracked 
| 261|0x0000000090500000, 0x0000000090500000, 0x0000000090600000|  0%| F|  |TAMS 0x0000000090500000, 0x0000000090500000| Untracked 
| 262|0x0000000090600000, 0x0000000090600000, 0x0000000090700000|  0%| F|  |TAMS 0x0000000090600000, 0x0000000090600000| Untracked 
| 263|0x0000000090700000, 0x0000000090700000, 0x0000000090800000|  0%| F|  |TAMS 0x0000000090700000, 0x0000000090700000| Untracked 
| 264|0x0000000090800000, 0x0000000090800000, 0x0000000090900000|  0%| F|  |TAMS 0x0000000090800000, 0x0000000090800000| Untracked 
| 265|0x0000000090900000, 0x0000000090900000, 0x0000000090a00000|  0%| F|  |TAMS 0x0000000090900000, 0x0000000090900000| Untracked 
| 266|0x0000000090a00000, 0x0000000090a00000, 0x0000000090b00000|  0%| F|  |TAMS 0x0000000090a00000, 0x0000000090a00000| Untracked 
| 267|0x0000000090b00000, 0x0000000090b00000, 0x0000000090c00000|  0%| F|  |TAMS 0x0000000090b00000, 0x0000000090b00000| Untracked 
| 268|0x0000000090c00000, 0x0000000090c00000, 0x0000000090d00000|  0%| F|  |TAMS 0x0000000090c00000, 0x0000000090c00000| Untracked 
| 269|0x0000000090d00000, 0x0000000090d00000, 0x0000000090e00000|  0%| F|  |TAMS 0x0000000090d00000, 0x0000000090d00000| Untracked 
| 270|0x0000000090e00000, 0x0000000090e00000, 0x0000000090f00000|  0%| F|  |TAMS 0x0000000090e00000, 0x0000000090e00000| Untracked 
| 271|0x0000000090f00000, 0x0000000090f00000, 0x0000000091000000|  0%| F|  |TAMS 0x0000000090f00000, 0x0000000090f00000| Untracked 
| 272|0x0000000091000000, 0x0000000091000000, 0x0000000091100000|  0%| F|  |TAMS 0x0000000091000000, 0x0000000091000000| Untracked 
| 273|0x0000000091100000, 0x0000000091100000, 0x0000000091200000|  0%| F|  |TAMS 0x0000000091100000, 0x0000000091100000| Untracked 
| 274|0x0000000091200000, 0x0000000091200000, 0x0000000091300000|  0%| F|  |TAMS 0x0000000091200000, 0x0000000091200000| Untracked 
| 275|0x0000000091300000, 0x0000000091300000, 0x0000000091400000|  0%| F|  |TAMS 0x0000000091300000, 0x0000000091300000| Untracked 
| 276|0x0000000091400000, 0x0000000091400000, 0x0000000091500000|  0%| F|  |TAMS 0x0000000091400000, 0x0000000091400000| Untracked 
| 277|0x0000000091500000, 0x0000000091500000, 0x0000000091600000|  0%| F|  |TAMS 0x0000000091500000, 0x0000000091500000| Untracked 
| 278|0x0000000091600000, 0x0000000091600000, 0x0000000091700000|  0%| F|  |TAMS 0x0000000091600000, 0x0000000091600000| Untracked 
| 279|0x0000000091700000, 0x0000000091700000, 0x0000000091800000|  0%| F|  |TAMS 0x0000000091700000, 0x0000000091700000| Untracked 
| 280|0x0000000091800000, 0x0000000091800000, 0x0000000091900000|  0%| F|  |TAMS 0x0000000091800000, 0x0000000091800000| Untracked 
| 281|0x0000000091900000, 0x0000000091900000, 0x0000000091a00000|  0%| F|  |TAMS 0x0000000091900000, 0x0000000091900000| Untracked 
| 282|0x0000000091a00000, 0x0000000091a00000, 0x0000000091b00000|  0%| F|  |TAMS 0x0000000091a00000, 0x0000000091a00000| Untracked 
| 283|0x0000000091b00000, 0x0000000091b00000, 0x0000000091c00000|  0%| F|  |TAMS 0x0000000091b00000, 0x0000000091b00000| Untracked 
| 284|0x0000000091c00000, 0x0000000091c00000, 0x0000000091d00000|  0%| F|  |TAMS 0x0000000091c00000, 0x0000000091c00000| Untracked 
| 285|0x0000000091d00000, 0x0000000091d00000, 0x0000000091e00000|  0%| F|  |TAMS 0x0000000091d00000, 0x0000000091d00000| Untracked 
| 286|0x0000000091e00000, 0x0000000091e00000, 0x0000000091f00000|  0%| F|  |TAMS 0x0000000091e00000, 0x0000000091e00000| Untracked 
| 287|0x0000000091f00000, 0x0000000091f00000, 0x0000000092000000|  0%| F|  |TAMS 0x0000000091f00000, 0x0000000091f00000| Untracked 
| 288|0x0000000092000000, 0x0000000092000000, 0x0000000092100000|  0%| F|  |TAMS 0x0000000092000000, 0x0000000092000000| Untracked 
| 289|0x0000000092100000, 0x0000000092100000, 0x0000000092200000|  0%| F|  |TAMS 0x0000000092100000, 0x0000000092100000| Untracked 
| 290|0x0000000092200000, 0x0000000092200000, 0x0000000092300000|  0%| F|  |TAMS 0x0000000092200000, 0x0000000092200000| Untracked 
| 291|0x0000000092300000, 0x0000000092300000, 0x0000000092400000|  0%| F|  |TAMS 0x0000000092300000, 0x0000000092300000| Untracked 
| 292|0x0000000092400000, 0x0000000092500000, 0x0000000092500000|100%| S|CS|TAMS 0x0000000092400000, 0x0000000092400000| Complete 
| 293|0x0000000092500000, 0x0000000092600000, 0x0000000092600000|100%| S|CS|TAMS 0x0000000092500000, 0x0000000092500000| Complete 
| 294|0x0000000092600000, 0x0000000092700000, 0x0000000092700000|100%| S|CS|TAMS 0x0000000092600000, 0x0000000092600000| Complete 
| 295|0x0000000092700000, 0x0000000092800000, 0x0000000092800000|100%| S|CS|TAMS 0x0000000092700000, 0x0000000092700000| Complete 
| 296|0x0000000092800000, 0x0000000092800000, 0x0000000092900000|  0%| F|  |TAMS 0x0000000092800000, 0x0000000092800000| Untracked 
| 297|0x0000000092900000, 0x0000000092900000, 0x0000000092a00000|  0%| F|  |TAMS 0x0000000092900000, 0x0000000092900000| Untracked 
| 298|0x0000000092a00000, 0x0000000092a00000, 0x0000000092b00000|  0%| F|  |TAMS 0x0000000092a00000, 0x0000000092a00000| Untracked 
| 299|0x0000000092b00000, 0x0000000092b00000, 0x0000000092c00000|  0%| F|  |TAMS 0x0000000092b00000, 0x0000000092b00000| Untracked 
| 300|0x0000000092c00000, 0x0000000092c00000, 0x0000000092d00000|  0%| F|  |TAMS 0x0000000092c00000, 0x0000000092c00000| Untracked 
| 301|0x0000000092d00000, 0x0000000092d00000, 0x0000000092e00000|  0%| F|  |TAMS 0x0000000092d00000, 0x0000000092d00000| Untracked 
| 302|0x0000000092e00000, 0x0000000092e00000, 0x0000000092f00000|  0%| F|  |TAMS 0x0000000092e00000, 0x0000000092e00000| Untracked 
| 303|0x0000000092f00000, 0x0000000092f00000, 0x0000000093000000|  0%| F|  |TAMS 0x0000000092f00000, 0x0000000092f00000| Untracked 
| 304|0x0000000093000000, 0x0000000093000000, 0x0000000093100000|  0%| F|  |TAMS 0x0000000093000000, 0x0000000093000000| Untracked 
| 305|0x0000000093100000, 0x0000000093100000, 0x0000000093200000|  0%| F|  |TAMS 0x0000000093100000, 0x0000000093100000| Untracked 
| 306|0x0000000093200000, 0x0000000093200000, 0x0000000093300000|  0%| F|  |TAMS 0x0000000093200000, 0x0000000093200000| Untracked 
| 307|0x0000000093300000, 0x0000000093300000, 0x0000000093400000|  0%| F|  |TAMS 0x0000000093300000, 0x0000000093300000| Untracked 
| 308|0x0000000093400000, 0x0000000093400000, 0x0000000093500000|  0%| F|  |TAMS 0x0000000093400000, 0x0000000093400000| Untracked 
| 309|0x0000000093500000, 0x0000000093500000, 0x0000000093600000|  0%| F|  |TAMS 0x0000000093500000, 0x0000000093500000| Untracked 
| 310|0x0000000093600000, 0x0000000093600000, 0x0000000093700000|  0%| F|  |TAMS 0x0000000093600000, 0x0000000093600000| Untracked 
| 311|0x0000000093700000, 0x0000000093700000, 0x0000000093800000|  0%| F|  |TAMS 0x0000000093700000, 0x0000000093700000| Untracked 
| 312|0x0000000093800000, 0x0000000093800000, 0x0000000093900000|  0%| F|  |TAMS 0x0000000093800000, 0x0000000093800000| Untracked 
| 313|0x0000000093900000, 0x0000000093900000, 0x0000000093a00000|  0%| F|  |TAMS 0x0000000093900000, 0x0000000093900000| Untracked 
| 314|0x0000000093a00000, 0x0000000093a00000, 0x0000000093b00000|  0%| F|  |TAMS 0x0000000093a00000, 0x0000000093a00000| Untracked 
| 315|0x0000000093b00000, 0x0000000093b00000, 0x0000000093c00000|  0%| F|  |TAMS 0x0000000093b00000, 0x0000000093b00000| Untracked 
| 316|0x0000000093c00000, 0x0000000093c00000, 0x0000000093d00000|  0%| F|  |TAMS 0x0000000093c00000, 0x0000000093c00000| Untracked 
| 317|0x0000000093d00000, 0x0000000093d00000, 0x0000000093e00000|  0%| F|  |TAMS 0x0000000093d00000, 0x0000000093d00000| Untracked 
| 318|0x0000000093e00000, 0x0000000093e00000, 0x0000000093f00000|  0%| F|  |TAMS 0x0000000093e00000, 0x0000000093e00000| Untracked 
| 319|0x0000000093f00000, 0x0000000093f00000, 0x0000000094000000|  0%| F|  |TAMS 0x0000000093f00000, 0x0000000093f00000| Untracked 
| 320|0x0000000094000000, 0x0000000094000000, 0x0000000094100000|  0%| F|  |TAMS 0x0000000094000000, 0x0000000094000000| Untracked 
| 321|0x0000000094100000, 0x0000000094100000, 0x0000000094200000|  0%| F|  |TAMS 0x0000000094100000, 0x0000000094100000| Untracked 
| 322|0x0000000094200000, 0x0000000094200000, 0x0000000094300000|  0%| F|  |TAMS 0x0000000094200000, 0x0000000094200000| Untracked 
| 323|0x0000000094300000, 0x0000000094300000, 0x0000000094400000|  0%| F|  |TAMS 0x0000000094300000, 0x0000000094300000| Untracked 
| 324|0x0000000094400000, 0x0000000094400000, 0x0000000094500000|  0%| F|  |TAMS 0x0000000094400000, 0x0000000094400000| Untracked 
| 325|0x0000000094500000, 0x0000000094500000, 0x0000000094600000|  0%| F|  |TAMS 0x0000000094500000, 0x0000000094500000| Untracked 
| 326|0x0000000094600000, 0x0000000094600000, 0x0000000094700000|  0%| F|  |TAMS 0x0000000094600000, 0x0000000094600000| Untracked 

Card table byte_map: [0x000001e8c5970000,0x000001e8c5d70000] _byte_map_base: 0x000001e8c5570000

Marking Bits (Prev, Next): (CMBitMap*) 0x000001e8b0660738, (CMBitMap*) 0x000001e8b0660770
 Prev Bits: [0x000001e8c6170000, 0x000001e8c8170000)
 Next Bits: [0x000001e8c8170000, 0x000001e8ca170000)

Polling page: 0x000001e8b1eb0000

Metaspace:

Usage:
  Non-class:     90.93 MB capacity,    89.12 MB ( 98%) used,     1.47 MB (  2%) free+waste,   351.38 KB ( <1%) overhead. 
      Class:     14.55 MB capacity,    13.45 MB ( 92%) used,   964.21 KB (  6%) free+waste,   160.88 KB (  1%) overhead. 
       Both:    105.47 MB capacity,   102.57 MB ( 97%) used,     2.41 MB (  2%) free+waste,   512.25 KB ( <1%) overhead. 

Virtual space:
  Non-class space:       92.00 MB reserved,      91.13 MB (>99%) committed 
      Class space:        1.00 GB reserved,      14.57 MB (  1%) committed 
             Both:        1.09 GB reserved,     105.71 MB (  9%) committed 

Chunk freelists:
   Non-Class:  17.00 KB
       Class:  17.00 KB
        Both:  34.00 KB

MaxMetaspaceSize: 17179869184.00 GB
CompressedClassSpaceSize: 1.00 GB

CodeHeap 'non-profiled nmethods': size=120000Kb used=7588Kb max_used=7588Kb free=112411Kb
 bounds [0x000001e8bd3b0000, 0x000001e8bdb20000, 0x000001e8c48e0000]
CodeHeap 'profiled nmethods': size=120000Kb used=27259Kb max_used=27259Kb free=92740Kb
 bounds [0x000001e8b5e80000, 0x000001e8b7920000, 0x000001e8bd3b0000]
CodeHeap 'non-nmethods': size=5760Kb used=2316Kb max_used=2391Kb free=3443Kb
 bounds [0x000001e8b58e0000, 0x000001e8b5b50000, 0x000001e8b5e80000]
 total_blobs=14306 nmethods=13381 adapters=836
 compilation: enabled
              stopped_count=0, restarted_count=0
 full_count=0

Compilation events (20 events):
Event: 10.153 Thread 0x000001e8cd77d800 nmethod 13586 0x000001e8b7919290 code [0x000001e8b7919440, 0x000001e8b7919548]
Event: 10.153 Thread 0x000001e8cd77d800 13587       2       com.android.tools.r8.dex.o::a (10 bytes)
Event: 10.154 Thread 0x000001e8cd77d800 nmethod 13587 0x000001e8b7919610 code [0x000001e8b79197e0, 0x000001e8b7919958]
Event: 10.154 Thread 0x000001e8cd77d800 13588       2       com.android.tools.r8.internal.gr::e (6 bytes)
Event: 10.154 Thread 0x000001e8cd77d800 nmethod 13588 0x000001e8b7919a90 code [0x000001e8b7919c40, 0x000001e8b7919d38]
Event: 10.154 Thread 0x000001e8cd77d800 13589       2       com.android.tools.r8.internal.gr::i (32 bytes)
Event: 10.154 Thread 0x000001e8cd77d800 nmethod 13589 0x000001e8b7919e10 code [0x000001e8b7919fe0, 0x000001e8b791a248]
Event: 10.154 Thread 0x000001e8cd77d800 13590       2       com.android.tools.r8.internal.gr::f (6 bytes)
Event: 10.154 Thread 0x000001e8cd77d800 nmethod 13590 0x000001e8b791a390 code [0x000001e8b791a540, 0x000001e8b791a638]
Event: 10.154 Thread 0x000001e8cd77d800 13591       2       com.android.tools.r8.dex.m$$Lambda$2000/0x0000000100b1bc40::accept (12 bytes)
Event: 10.154 Thread 0x000001e8cd77d800 nmethod 13591 0x000001e8b791a710 code [0x000001e8b791a900, 0x000001e8b791ab78]
Event: 10.154 Thread 0x000001e8cd77d800 13592       2       com.android.tools.r8.dex.m::a (35 bytes)
Event: 10.155 Thread 0x000001e8cd77d800 nmethod 13592 0x000001e8b791ad90 code [0x000001e8b791af80, 0x000001e8b791b1b8]
Event: 10.155 Thread 0x000001e8cd77d800 13596       2       com.android.tools.r8.graph.Z0::a (783 bytes)
Event: 10.157 Thread 0x000001e8cd77d800 nmethod 13596 0x000001e8b791b310 code [0x000001e8b791b7e0, 0x000001e8b791d008]
Event: 10.157 Thread 0x000001e8cd77d800 13593       2       com.android.tools.r8.graph.Z0$$Lambda$2157/0x0000000100644840::get$Lambda (10 bytes)
Event: 10.157 Thread 0x000001e8cd77d800 nmethod 13593 0x000001e8b791e710 code [0x000001e8b791e8c0, 0x000001e8b791eab8]
Event: 10.157 Thread 0x000001e8cd77d800 13595       2       com.android.tools.r8.graph.Z0$$Lambda$2157/0x0000000100644840::apply (16 bytes)
Event: 10.157 Thread 0x000001e8cd77d800 nmethod 13595 0x000001e8b791eb90 code [0x000001e8b791ed40, 0x000001e8b791eea8]
Event: 10.157 Thread 0x000001e8cd77d800 13594       2       com.android.tools.r8.graph.Z0$$Lambda$2157/0x0000000100644840::<init> (15 bytes)

GC Heap History (20 events):
Event: 7.459 GC heap after
{Heap after GC invocations=13 (full 0):
 garbage-first heap   total 260096K, used 77504K [0x0000000080000000, 0x0000000100000000)
  region size 1024K, 10 young (10240K), 10 survivors (10240K)
 Metaspace       used 83256K, capacity 85863K, committed 86092K, reserved 1124352K
  class space    used 10862K, capacity 11829K, committed 11852K, reserved 1048576K
}
Event: 7.942 GC heap before
{Heap before GC invocations=13 (full 0):
 garbage-first heap   total 260096K, used 197312K [0x0000000080000000, 0x0000000100000000)
  region size 1024K, 128 young (131072K), 10 survivors (10240K)
 Metaspace       used 86771K, capacity 89517K, committed 89804K, reserved 1126400K
  class space    used 11334K, capacity 12370K, committed 12492K, reserved 1048576K
}
Event: 7.952 GC heap after
{Heap after GC invocations=14 (full 0):
 garbage-first heap   total 260096K, used 88543K [0x0000000080000000, 0x0000000100000000)
  region size 1024K, 11 young (11264K), 11 survivors (11264K)
 Metaspace       used 86771K, capacity 89517K, committed 89804K, reserved 1126400K
  class space    used 11334K, capacity 12370K, committed 12492K, reserved 1048576K
}
Event: 8.754 GC heap before
{Heap before GC invocations=14 (full 0):
 garbage-first heap   total 260096K, used 202207K [0x0000000080000000, 0x0000000100000000)
  region size 1024K, 121 young (123904K), 11 survivors (11264K)
 Metaspace       used 93308K, capacity 96175K, committed 96460K, reserved 1132544K
  class space    used 12111K, capacity 13168K, committed 13260K, reserved 1048576K
}
Event: 8.763 GC heap after
{Heap after GC invocations=15 (full 0):
 garbage-first heap   total 260096K, used 94747K [0x0000000080000000, 0x0000000100000000)
  region size 1024K, 5 young (5120K), 5 survivors (5120K)
 Metaspace       used 93308K, capacity 96175K, committed 96460K, reserved 1132544K
  class space    used 12111K, capacity 13168K, committed 13260K, reserved 1048576K
}
Event: 9.006 GC heap before
{Heap before GC invocations=15 (full 0):
 garbage-first heap   total 260096K, used 202267K [0x0000000080000000, 0x0000000100000000)
  region size 1024K, 85 young (87040K), 5 survivors (5120K)
 Metaspace       used 97121K, capacity 100091K, committed 100300K, reserved 1136640K
  class space    used 12645K, capacity 13755K, committed 13772K, reserved 1048576K
}
Event: 9.012 GC heap after
{Heap after GC invocations=16 (full 0):
 garbage-first heap   total 260096K, used 127396K [0x0000000080000000, 0x0000000100000000)
  region size 1024K, 15 young (15360K), 15 survivors (15360K)
 Metaspace       used 97121K, capacity 100091K, committed 100300K, reserved 1136640K
  class space    used 12645K, capacity 13755K, committed 13772K, reserved 1048576K
}
Event: 9.229 GC heap before
{Heap before GC invocations=17 (full 0):
 garbage-first heap   total 260096K, used 182692K [0x0000000080000000, 0x0000000100000000)
  region size 1024K, 66 young (67584K), 15 survivors (15360K)
 Metaspace       used 100180K, capacity 102784K, committed 104148K, reserved 1138688K
  class space    used 12982K, capacity 13923K, committed 14412K, reserved 1048576K
}
Event: 9.270 GC heap after
{Heap after GC invocations=18 (full 0):
 garbage-first heap   total 260096K, used 143474K [0x0000000080000000, 0x0000000100000000)
  region size 1024K, 12 young (12288K), 12 survivors (12288K)
 Metaspace       used 100180K, capacity 102784K, committed 104148K, reserved 1138688K
  class space    used 12982K, capacity 13923K, committed 14412K, reserved 1048576K
}
Event: 9.496 GC heap before
{Heap before GC invocations=19 (full 0):
 garbage-first heap   total 260096K, used 200818K [0x0000000080000000, 0x0000000100000000)
  region size 1024K, 67 young (68608K), 12 survivors (12288K)
 Metaspace       used 103339K, capacity 106122K, committed 106964K, reserved 1140736K
  class space    used 13578K, capacity 14636K, committed 14924K, reserved 1048576K
}
Event: 9.518 GC heap after
{Heap after GC invocations=20 (full 0):
 garbage-first heap   total 260096K, used 166108K [0x0000000080000000, 0x0000000100000000)
  region size 1024K, 9 young (9216K), 9 survivors (9216K)
 Metaspace       used 103339K, capacity 106122K, committed 106964K, reserved 1140736K
  class space    used 13578K, capacity 14636K, committed 14924K, reserved 1048576K
}
Event: 9.593 GC heap before
{Heap before GC invocations=20 (full 0):
 garbage-first heap   total 260096K, used 202972K [0x0000000080000000, 0x0000000100000000)
  region size 1024K, 46 young (47104K), 9 survivors (9216K)
 Metaspace       used 104130K, capacity 107040K, committed 107476K, reserved 1142784K
  class space    used 13692K, capacity 14771K, committed 14924K, reserved 1048576K
}
Event: 9.617 GC heap after
{Heap after GC invocations=21 (full 0):
 garbage-first heap   total 334848K, used 186368K [0x0000000080000000, 0x0000000100000000)
  region size 1024K, 6 young (6144K), 6 survivors (6144K)
 Metaspace       used 104130K, capacity 107040K, committed 107476K, reserved 1142784K
  class space    used 13692K, capacity 14771K, committed 14924K, reserved 1048576K
}
Event: 9.813 GC heap before
{Heap before GC invocations=21 (full 0):
 garbage-first heap   total 334848K, used 240640K [0x0000000080000000, 0x0000000100000000)
  region size 1024K, 60 young (61440K), 6 survivors (6144K)
 Metaspace       used 104398K, capacity 107275K, committed 107732K, reserved 1142784K
  class space    used 13696K, capacity 14793K, committed 14924K, reserved 1048576K
}
Event: 9.830 GC heap after
{Heap after GC invocations=22 (full 0):
 garbage-first heap   total 334848K, used 208677K [0x0000000080000000, 0x0000000100000000)
  region size 1024K, 8 young (8192K), 8 survivors (8192K)
 Metaspace       used 104398K, capacity 107275K, committed 107732K, reserved 1142784K
  class space    used 13696K, capacity 14793K, committed 14924K, reserved 1048576K
}
Event: 9.922 GC heap before
{Heap before GC invocations=23 (full 0):
 garbage-first heap   total 334848K, used 253733K [0x0000000080000000, 0x0000000100000000)
  region size 1024K, 53 young (54272K), 8 survivors (8192K)
 Metaspace       used 104580K, capacity 107439K, committed 107732K, reserved 1142784K
  class space    used 13704K, capacity 14797K, committed 14924K, reserved 1048576K
}
Event: 9.938 GC heap after
{Heap after GC invocations=24 (full 0):
 garbage-first heap   total 334848K, used 226304K [0x0000000080000000, 0x0000000100000000)
  region size 1024K, 7 young (7168K), 7 survivors (7168K)
 Metaspace       used 104580K, capacity 107439K, committed 107732K, reserved 1142784K
  class space    used 13704K, capacity 14797K, committed 14924K, reserved 1048576K
}
Event: 9.967 GC heap before
{Heap before GC invocations=24 (full 0):
 garbage-first heap   total 334848K, used 231424K [0x0000000080000000, 0x0000000100000000)
  region size 1024K, 13 young (13312K), 7 survivors (7168K)
 Metaspace       used 104666K, capacity 107538K, committed 107988K, reserved 1142784K
  class space    used 13713K, capacity 14807K, committed 14924K, reserved 1048576K
}
Event: 9.975 GC heap after
{Heap after GC invocations=25 (full 0):
 garbage-first heap   total 334848K, used 229642K [0x0000000080000000, 0x0000000100000000)
  region size 1024K, 2 young (2048K), 2 survivors (2048K)
 Metaspace       used 104666K, capacity 107538K, committed 107988K, reserved 1142784K
  class space    used 13713K, capacity 14807K, committed 14924K, reserved 1048576K
}
Event: 10.158 GC heap before
{Heap before GC invocations=25 (full 0):
 garbage-first heap   total 334848K, used 260362K [0x0000000080000000, 0x0000000100000000)
  region size 1024K, 31 young (31744K), 2 survivors (2048K)
 Metaspace       used 105029K, capacity 108006K, committed 108244K, reserved 1142784K
  class space    used 13769K, capacity 14895K, committed 14924K, reserved 1048576K
}

Deoptimization events (20 events):
Event: 10.090 Thread 0x000001e8d4dec800 Uncommon trap: trap_request=0xffffff4d fr.pc=0x000001e8bd9b4460 relative=0x0000000000000200
Event: 10.090 Thread 0x000001e8d4dec800 Uncommon trap: reason=unstable_if action=reinterpret pc=0x000001e8bd9b4460 method=java.nio.HeapByteBuffer.put(Ljava/nio/ByteBuffer;)Ljava/nio/ByteBuffer; @ 4 c2
Event: 10.090 Thread 0x000001e8d4dec800 DEOPT PACKING pc=0x000001e8bd9b4460 sp=0x000000053dcfcd50
Event: 10.090 Thread 0x000001e8d4dec800 DEOPT UNPACKING pc=0x000001e8b59078af sp=0x000000053dcfcd30 mode 2
Event: 10.092 Thread 0x000001e8d4dec800 Uncommon trap: trap_request=0xffffffc6 fr.pc=0x000001e8bdafd5d4 relative=0x00000000000002d4
Event: 10.092 Thread 0x000001e8d4dec800 Uncommon trap: reason=bimorphic_or_optimized_type_check action=maybe_recompile pc=0x000001e8bdafd5d4 method=java.util.function.Function.lambda$andThen$1(Ljava/util/function/Function;Ljava/lang/Object;)Ljava/lang/Object; @ 8 c2
Event: 10.092 Thread 0x000001e8d4dec800 DEOPT PACKING pc=0x000001e8bdafd5d4 sp=0x000000053dcfd020
Event: 10.092 Thread 0x000001e8d4dec800 DEOPT UNPACKING pc=0x000001e8b59078af sp=0x000000053dcfcf48 mode 2
Event: 10.094 Thread 0x000001e8d4dec800 Uncommon trap: trap_request=0xffffffc6 fr.pc=0x000001e8bdafd5d4 relative=0x00000000000002d4
Event: 10.094 Thread 0x000001e8d4dec800 Uncommon trap: reason=bimorphic_or_optimized_type_check action=maybe_recompile pc=0x000001e8bdafd5d4 method=java.util.function.Function.lambda$andThen$1(Ljava/util/function/Function;Ljava/lang/Object;)Ljava/lang/Object; @ 8 c2
Event: 10.094 Thread 0x000001e8d4dec800 DEOPT PACKING pc=0x000001e8bdafd5d4 sp=0x000000053dcfd020
Event: 10.094 Thread 0x000001e8d4dec800 DEOPT UNPACKING pc=0x000001e8b59078af sp=0x000000053dcfcf48 mode 2
Event: 10.099 Thread 0x000001e8d4dec800 Uncommon trap: trap_request=0xffffffc6 fr.pc=0x000001e8bdafd5d4 relative=0x00000000000002d4
Event: 10.099 Thread 0x000001e8d4dec800 Uncommon trap: reason=bimorphic_or_optimized_type_check action=maybe_recompile pc=0x000001e8bdafd5d4 method=java.util.function.Function.lambda$andThen$1(Ljava/util/function/Function;Ljava/lang/Object;)Ljava/lang/Object; @ 8 c2
Event: 10.099 Thread 0x000001e8d4dec800 DEOPT PACKING pc=0x000001e8bdafd5d4 sp=0x000000053dcfd020
Event: 10.099 Thread 0x000001e8d4dec800 DEOPT UNPACKING pc=0x000001e8b59078af sp=0x000000053dcfcf48 mode 2
Event: 10.099 Thread 0x000001e8d4dec800 Uncommon trap: trap_request=0xffffffc6 fr.pc=0x000001e8bdafd5d4 relative=0x00000000000002d4
Event: 10.099 Thread 0x000001e8d4dec800 Uncommon trap: reason=bimorphic_or_optimized_type_check action=maybe_recompile pc=0x000001e8bdafd5d4 method=java.util.function.Function.lambda$andThen$1(Ljava/util/function/Function;Ljava/lang/Object;)Ljava/lang/Object; @ 8 c2
Event: 10.099 Thread 0x000001e8d4dec800 DEOPT PACKING pc=0x000001e8bdafd5d4 sp=0x000000053dcfd020
Event: 10.099 Thread 0x000001e8d4dec800 DEOPT UNPACKING pc=0x000001e8b59078af sp=0x000000053dcfcf48 mode 2

Classes redefined (0 events):
No events

Internal exceptions (20 events):
Event: 9.527 Thread 0x000001e8d4cf1800 Exception <a 'java/lang/NoSuchMethodError'{0x000000008fb2aa10}: 'void java.lang.invoke.DirectMethodHandle$Holder.invokeStatic(java.lang.Object, java.lang.Object, java.lang.Object, java.lang.Object, java.lang.Object, java.lang.Object, java.lang.Object, java.lang.Object)'> (0x000000008fb2aa10) thrown at [./src/hotspot/share/interpreter/linkResolver.cpp, line 773]
Event: 9.575 Thread 0x000001e8d4cf1800 Exception <a 'java/lang/IncompatibleClassChangeError'{0x000000008df66a98}: Found class java.lang.Object, but interface was expected> (0x000000008df66a98) thrown at [./src/hotspot/share/interpreter/linkResolver.cpp, line 839]
Event: 9.582 Thread 0x000001e8d4cf1800 Exception <a 'java/lang/NoSuchMethodError'{0x000000008dc844f8}: 'void java.lang.invoke.DirectMethodHandle$Holder.invokeVirtual(java.lang.Object, java.lang.Object, int)'> (0x000000008dc844f8) thrown at [./src/hotspot/share/interpreter/linkResolver.cpp, line 773]
Event: 9.629 Thread 0x000001e8d4cf1800 Exception <a 'sun/nio/fs/WindowsException'{0x0000000094553300}> (0x0000000094553300) thrown at [./src/hotspot/share/prims/jni.cpp, line 615]
Event: 9.706 Thread 0x000001e8d4df0800 Exception <a 'sun/nio/fs/WindowsException'{0x00000000932563e0}> (0x00000000932563e0) thrown at [./src/hotspot/share/prims/jni.cpp, line 615]
Event: 9.707 Thread 0x000001e8d4cf1800 Exception <a 'sun/nio/fs/WindowsException'{0x0000000094345938}> (0x0000000094345938) thrown at [./src/hotspot/share/prims/jni.cpp, line 615]
Event: 9.709 Thread 0x000001e8d4df1800 Exception <a 'sun/nio/fs/WindowsException'{0x000000009311a1d8}> (0x000000009311a1d8) thrown at [./src/hotspot/share/prims/jni.cpp, line 615]
Event: 9.710 Thread 0x000001e8d4cf5000 Exception <a 'sun/nio/fs/WindowsException'{0x0000000093148280}> (0x0000000093148280) thrown at [./src/hotspot/share/prims/jni.cpp, line 615]
Event: 9.712 Thread 0x000001e8d4cf2800 Exception <a 'sun/nio/fs/WindowsException'{0x0000000093009f30}> (0x0000000093009f30) thrown at [./src/hotspot/share/prims/jni.cpp, line 615]
Event: 9.714 Thread 0x000001e8d4df0000 Exception <a 'sun/nio/fs/WindowsException'{0x00000000930dcc98}> (0x00000000930dcc98) thrown at [./src/hotspot/share/prims/jni.cpp, line 615]
Event: 9.724 Thread 0x000001e8d4df0800 Exception <a 'sun/nio/fs/WindowsException'{0x0000000092d999a8}> (0x0000000092d999a8) thrown at [./src/hotspot/share/prims/jni.cpp, line 615]
Event: 9.736 Thread 0x000001e8d4cf3000 Exception <a 'sun/nio/fs/WindowsException'{0x0000000092807428}> (0x0000000092807428) thrown at [./src/hotspot/share/prims/jni.cpp, line 615]
Event: 9.763 Thread 0x000001e8d4df2800 Exception <a 'sun/nio/fs/WindowsException'{0x0000000091fc8d40}> (0x0000000091fc8d40) thrown at [./src/hotspot/share/prims/jni.cpp, line 615]
Event: 9.790 Thread 0x000001e8d4cf2800 Exception <a 'sun/nio/fs/WindowsException'{0x0000000091a1e598}> (0x0000000091a1e598) thrown at [./src/hotspot/share/prims/jni.cpp, line 615]
Event: 9.795 Thread 0x000001e8d4cf1800 Exception <a 'sun/nio/fs/WindowsException'{0x00000000919dbc38}> (0x00000000919dbc38) thrown at [./src/hotspot/share/prims/jni.cpp, line 615]
Event: 9.801 Thread 0x000001e8d4cf5000 Exception <a 'sun/nio/fs/WindowsException'{0x0000000091699d90}> (0x0000000091699d90) thrown at [./src/hotspot/share/prims/jni.cpp, line 615]
Event: 9.802 Thread 0x000001e8d4df1800 Exception <a 'sun/nio/fs/WindowsException'{0x00000000916ae958}> (0x00000000916ae958) thrown at [./src/hotspot/share/prims/jni.cpp, line 615]
Event: 9.811 Thread 0x000001e8d4df0000 Exception <a 'sun/nio/fs/WindowsException'{0x00000000913ee8c8}> (0x00000000913ee8c8) thrown at [./src/hotspot/share/prims/jni.cpp, line 615]
Event: 9.851 Thread 0x000001e8d4df2800 Exception <a 'sun/nio/fs/WindowsException'{0x0000000093ca0040}> (0x0000000093ca0040) thrown at [./src/hotspot/share/prims/jni.cpp, line 615]
Event: 10.090 Thread 0x000001e8d4dec800 Exception <a 'java/lang/IncompatibleClassChangeError'{0x0000000092d22988}: Found class java.lang.Object, but interface was expected> (0x0000000092d22988) thrown at [./src/hotspot/share/interpreter/linkResolver.cpp, line 839]

Events (20 events):
Event: 10.127 loading class com/android/tools/r8/internal/Ht done
Event: 10.127 loading class com/android/tools/r8/internal/Ht
Event: 10.127 loading class com/android/tools/r8/internal/Ht done
Event: 10.132 loading class com/android/tools/r8/graph/Z
Event: 10.132 loading class com/android/tools/r8/graph/Z done
Event: 10.132 loading class com/android/tools/r8/graph/d0
Event: 10.132 loading class com/android/tools/r8/graph/d0 done
Event: 10.132 loading class com/android/tools/r8/graph/Z0
Event: 10.132 loading class com/android/tools/r8/graph/Z0 done
Event: 10.134 loading class com/android/tools/r8/internal/qr
Event: 10.134 loading class com/android/tools/r8/internal/qr done
Event: 10.135 loading class com/android/tools/r8/internal/qr
Event: 10.135 loading class com/android/tools/r8/internal/qr done
Event: 10.135 loading class com/android/tools/r8/graph/P
Event: 10.135 loading class com/android/tools/r8/graph/P done
Event: 10.135 loading class com/android/tools/r8/internal/qr
Event: 10.135 loading class com/android/tools/r8/internal/qr done
Event: 10.135 loading class com/android/tools/r8/internal/qr
Event: 10.135 loading class com/android/tools/r8/internal/qr done
Event: 10.157 Executing VM operation: G1CollectForAllocation


Dynamic libraries:
0x00007ff66c170000 - 0x00007ff66c17a000 	C:\Program Files\Android\Android Studio\jre\bin\java.exe
0x00007ffdfaf20000 - 0x00007ffdfb127000 	C:\WINDOWS\SYSTEM32\ntdll.dll
0x00007ffdf9eb0000 - 0x00007ffdf9f6d000 	C:\WINDOWS\System32\KERNEL32.DLL
0x00007ffdf8660000 - 0x00007ffdf89d4000 	C:\WINDOWS\System32\KERNELBASE.dll
0x00007ffdf8540000 - 0x00007ffdf8651000 	C:\WINDOWS\System32\ucrtbase.dll
0x00007ffdf3d60000 - 0x00007ffdf3d77000 	C:\Program Files\Android\Android Studio\jre\bin\VCRUNTIME140.dll
0x00007ffdecb20000 - 0x00007ffdecb39000 	C:\Program Files\Android\Android Studio\jre\bin\jli.dll
0x00007ffdf9460000 - 0x00007ffdf960c000 	C:\WINDOWS\System32\USER32.dll
0x00007ffde6250000 - 0x00007ffde64f5000 	C:\WINDOWS\WinSxS\amd64_microsoft.windows.common-controls_6595b64144ccf1df_6.0.22000.120_none_9d947278b86cc467\COMCTL32.dll
0x00007ffdf8d90000 - 0x00007ffdf8db6000 	C:\WINDOWS\System32\win32u.dll
0x00007ffdfa490000 - 0x00007ffdfa4b9000 	C:\WINDOWS\System32\GDI32.dll
0x00007ffdf9c10000 - 0x00007ffdf9cb3000 	C:\WINDOWS\System32\msvcrt.dll
0x00007ffdf8bf0000 - 0x00007ffdf8d02000 	C:\WINDOWS\System32\gdi32full.dll
0x00007ffdf89e0000 - 0x00007ffdf8a7d000 	C:\WINDOWS\System32\msvcp_win.dll
0x00007ffdf9cc0000 - 0x00007ffdf9cf1000 	C:\WINDOWS\System32\IMM32.DLL
0x00007ffdd7c60000 - 0x00007ffdd7cfd000 	C:\Program Files\Android\Android Studio\jre\bin\msvcp140.dll
0x00007ffd9df80000 - 0x00007ffd9ea4f000 	C:\Program Files\Android\Android Studio\jre\bin\server\jvm.dll
0x00007ffdf9d00000 - 0x00007ffdf9dae000 	C:\WINDOWS\System32\ADVAPI32.dll
0x00007ffdf93c0000 - 0x00007ffdf945e000 	C:\WINDOWS\System32\sechost.dll
0x00007ffdfadc0000 - 0x00007ffdfaee0000 	C:\WINDOWS\System32\RPCRT4.dll
0x00007ffdfa470000 - 0x00007ffdfa478000 	C:\WINDOWS\System32\PSAPI.DLL
0x00007ffdf2c30000 - 0x00007ffdf2c39000 	C:\WINDOWS\SYSTEM32\WSOCK32.dll
0x00007ffde82c0000 - 0x00007ffde82f3000 	C:\WINDOWS\SYSTEM32\WINMM.dll
0x00007ffdf2b60000 - 0x00007ffdf2b6a000 	C:\WINDOWS\SYSTEM32\VERSION.dll
0x00007ffdf8ec0000 - 0x00007ffdf8f2f000 	C:\WINDOWS\System32\WS2_32.dll
0x00007ffdf7600000 - 0x00007ffdf7618000 	C:\WINDOWS\SYSTEM32\kernel.appcore.dll
0x00007ffde9410000 - 0x00007ffde9421000 	C:\Program Files\Android\Android Studio\jre\bin\verify.dll
0x00007ffde5230000 - 0x00007ffde5451000 	C:\WINDOWS\SYSTEM32\DBGHELP.DLL
0x00007ffde2770000 - 0x00007ffde27a1000 	C:\WINDOWS\SYSTEM32\dbgcore.DLL
0x00007ffdf8d10000 - 0x00007ffdf8d8f000 	C:\WINDOWS\System32\bcryptPrimitives.dll
0x00007ffde1f90000 - 0x00007ffde1fb9000 	C:\Program Files\Android\Android Studio\jre\bin\java.dll
0x00007ffdec8c0000 - 0x00007ffdec8cb000 	C:\Program Files\Android\Android Studio\jre\bin\jimage.dll
0x00007ffde1ff0000 - 0x00007ffde2008000 	C:\Program Files\Android\Android Studio\jre\bin\zip.dll
0x00007ffdfa610000 - 0x00007ffdfadbe000 	C:\WINDOWS\System32\SHELL32.dll
0x00007ffdf6590000 - 0x00007ffdf6df7000 	C:\WINDOWS\SYSTEM32\windows.storage.dll
0x00007ffdf8f90000 - 0x00007ffdf9308000 	C:\WINDOWS\System32\combase.dll
0x00007ffdf6420000 - 0x00007ffdf6586000 	C:\WINDOWS\SYSTEM32\wintypes.dll
0x00007ffdfa4c0000 - 0x00007ffdfa5aa000 	C:\WINDOWS\System32\SHCORE.dll
0x00007ffdfa1b0000 - 0x00007ffdfa20d000 	C:\WINDOWS\System32\shlwapi.dll
0x00007ffdf8340000 - 0x00007ffdf8361000 	C:\WINDOWS\SYSTEM32\profapi.dll
0x00007ffde1ae0000 - 0x00007ffde1afa000 	C:\Program Files\Android\Android Studio\jre\bin\net.dll
0x00007ffdf2860000 - 0x00007ffdf296c000 	C:\WINDOWS\SYSTEM32\WINHTTP.dll
0x00007ffdf7a30000 - 0x00007ffdf7a97000 	C:\WINDOWS\system32\mswsock.dll
0x00007ffde1200000 - 0x00007ffde1214000 	C:\Program Files\Android\Android Studio\jre\bin\nio.dll
0x00007ffdf3ff0000 - 0x00007ffdf4017000 	D:\aa\native\8bec1ad78214c89d9ad589b4d07fe93259594b29d510b10fafb7a158f7737e5d\windows-amd64\native-platform.dll
0x00007ffdd7840000 - 0x00007ffdd797d000 	D:\aa\native\53dbd7edfb1c66fb8903c78663c9afc45aea4f116125fa6feffd364cf09443e8\windows-amd64\native-platform-file-events.dll
0x00007ffde1ad0000 - 0x00007ffde1ada000 	C:\Program Files\Android\Android Studio\jre\bin\management.dll
0x00007ffde1360000 - 0x00007ffde136c000 	C:\Program Files\Android\Android Studio\jre\bin\management_ext.dll
0x00007ffdf7c70000 - 0x00007ffdf7c88000 	C:\WINDOWS\SYSTEM32\CRYPTSP.dll
0x00007ffdf7560000 - 0x00007ffdf7595000 	C:\WINDOWS\system32\rsaenh.dll
0x00007ffdf7b20000 - 0x00007ffdf7b49000 	C:\WINDOWS\SYSTEM32\USERENV.dll
0x00007ffdf7df0000 - 0x00007ffdf7e17000 	C:\WINDOWS\SYSTEM32\bcrypt.dll
0x00007ffdf7c90000 - 0x00007ffdf7c9c000 	C:\WINDOWS\SYSTEM32\CRYPTBASE.dll
0x00007ffdf7130000 - 0x00007ffdf715d000 	C:\WINDOWS\SYSTEM32\IPHLPAPI.DLL
0x00007ffdf9db0000 - 0x00007ffdf9db9000 	C:\WINDOWS\System32\NSI.dll
0x00007ffdf2980000 - 0x00007ffdf2999000 	C:\WINDOWS\SYSTEM32\dhcpcsvc6.DLL
0x00007ffdf2c90000 - 0x00007ffdf2cae000 	C:\WINDOWS\SYSTEM32\dhcpcsvc.DLL
0x00007ffdf7160000 - 0x00007ffdf7247000 	C:\WINDOWS\SYSTEM32\DNSAPI.dll

dbghelp: loaded successfully - version: 4.0.5 - missing functions: none
symbol engine: initialized successfully - sym options: 0x614 - pdb path: .;C:\Program Files\Android\Android Studio\jre\bin;C:\WINDOWS\SYSTEM32;C:\WINDOWS\WinSxS\amd64_microsoft.windows.common-controls_6595b64144ccf1df_6.0.22000.120_none_9d947278b86cc467;C:\Program Files\Android\Android Studio\jre\bin\server;D:\aa\native\8bec1ad78214c89d9ad589b4d07fe93259594b29d510b10fafb7a158f7737e5d\windows-amd64;D:\aa\native\53dbd7edfb1c66fb8903c78663c9afc45aea4f116125fa6feffd364cf09443e8\windows-amd64

VM Arguments:
jvm_args: --add-opens=java.base/java.util=ALL-UNNAMED --add-opens=java.base/java.lang=ALL-UNNAMED --add-opens=java.base/java.lang.invoke=ALL-UNNAMED --add-opens=java.base/java.util=ALL-UNNAMED --add-opens=java.prefs/java.util.prefs=ALL-UNNAMED --add-opens=java.prefs/java.util.prefs=ALL-UNNAMED --add-opens=java.base/java.nio.charset=ALL-UNNAMED --add-opens=java.base/java.net=ALL-UNNAMED --add-opens=java.base/java.util.concurrent.atomic=ALL-UNNAMED -Xmx2048m -Dfile.encoding=UTF-8 -Duser.country=IN -Duser.language=en -Duser.variant 
java_command: org.gradle.launcher.daemon.bootstrap.GradleDaemon 7.0.2
java_class_path (initial): D:\aa\wrapper\dists\gradle-7.0.2-bin\857tjihv64xamwrf0h14cai3r\gradle-7.0.2\lib\gradle-launcher-7.0.2.jar
Launcher Type: SUN_STANDARD

[Global flags]
     intx CICompilerCount                          = 4                                         {product} {ergonomic}
     uint ConcGCThreads                            = 3                                         {product} {ergonomic}
     uint G1ConcRefinementThreads                  = 10                                        {product} {ergonomic}
   size_t G1HeapRegionSize                         = 1048576                                   {product} {ergonomic}
    uintx GCDrainStackTargetSize                   = 64                                        {product} {ergonomic}
   size_t InitialHeapSize                          = 266338304                                 {product} {ergonomic}
   size_t MarkStackSize                            = 4194304                                   {product} {ergonomic}
   size_t MaxHeapSize                              = 2147483648                                {product} {command line}
   size_t MaxNewSize                               = 1287651328                                {product} {ergonomic}
   size_t MinHeapDeltaBytes                        = 1048576                                   {product} {ergonomic}
    uintx NonNMethodCodeHeapSize                   = 5836300                                {pd product} {ergonomic}
    uintx NonProfiledCodeHeapSize                  = 122910970                              {pd product} {ergonomic}
    uintx ProfiledCodeHeapSize                     = 122910970                              {pd product} {ergonomic}
    uintx ReservedCodeCacheSize                    = 251658240                              {pd product} {ergonomic}
     bool SegmentedCodeCache                       = true                                      {product} {ergonomic}
     bool UseCompressedClassPointers               = true                                 {lp64_product} {ergonomic}
     bool UseCompressedOops                        = true                                 {lp64_product} {ergonomic}
     bool UseG1GC                                  = true                                      {product} {ergonomic}
     bool UseLargePagesIndividualAllocation        = false                                  {pd product} {ergonomic}

Logging:
Log output configuration:
 #0: stdout all=warning uptime,level,tags
 #1: stderr all=off uptime,level,tags

Environment Variables:
JAVA_HOME=C:\Program Files\Java\jdk-15.0.2
PATH=C:\MinGW;C:\MinGW\bin;C:\Program Files\Java\jdk-15.0.2\bin;C:\Program Files\Common Files\Oracle\Java\javapath;C:\Windows\system32;C:\Windows;C:\Windows\System32\Wbem;C:\Windows\System32\WindowsPowerShell\v1.0\;C:\Windows\System32\OpenSSH\;C:\Program Files (x86)\NVIDIA Corporation\PhysX\Common;C:\Program Files\NVIDIA Corporation\NVIDIA NvDLISR;C:\WINDOWS\system32;C:\WINDOWS;C:\WINDOWS\System32\Wbem;C:\WINDOWS\System32\WindowsPowerShell\v1.0\;C:\WINDOWS\System32\OpenSSH\;C:\Program Files\Git\cmd;C:\Program Files\dotnet\;C:\Users\Deepak\Desktop\gradle1\gradle-7.0.1\bin;C:\Users\Deepak\Desktop\gradle1\gradle-7.0.1;C:\Program Files\nodejs;C:\Program Files\Google\Google Apps Sync\;C:\Program Files\Google\Google Apps Migration\;C:\Program Files\Microsoft SQL Server\150\Tools\Binn\;C:\Program Files\Microsoft SQL Server\Client SDK\ODBC\170\Tools\Binn\;C:\Users\Deepak\anaconda3;C:\Users\Deepak\anaconda3\Library\mingw-w64\bin;C:\Users\Deepak\anaconda3\Library\usr\bin;C:\Users\Deepak\anaconda3\Library\bin;C:\Users\Deepak\anaconda3\Scripts;C:\Program Files\MySQL\MySQL Shell 8.0\bin\;C:\src\flutter\flutter\bin;C:\Users\Deepak\AppData\Local\Programs\Python\Python39\Scripts\;C:\Users\Deepak\AppData\Local\Programs\Python\Python39\;C:\Program Files\Java\jdk-15.0.2\bin;C:\Program Files\JetBrains\IntelliJ IDEA 2020.3.2\bin;;C:\Users\Deepak\AppData\Local\Microsoft\WindowsApps;C:\Users\Deepak\AppData\Local\Programs\Microsoft VS Code\bin;C:\Users\Deepak\AppData\Local\Programs\radare2\bin;C:\Modeltech_eval_6.2c\win32;C:\Modeltech_6.2c\win32;C:\Program Files\JetBrains\IntelliJ IDEA Community Edition 2021.1.2\bin;;C:\Program Files\JetBrains\PyCharm Community Edition 2021.1.2\bin;;C:\Users\Deepak\AppData\Roaming\npm;C:\Users\Deepak\AppData\Local\GitHubDesktop\bin;C:\Users\Deepak\.dotnet\tools
USERNAME=Deepak
OS=Windows_NT
PROCESSOR_IDENTIFIER=Intel64 Family 6 Model 158 Stepping 10, GenuineIntel



---------------  S Y S T E M  ---------------

OS: Windows 10 , 64 bit Build 22000 (10.0.22000.434)
OS uptime: 0 days 19:54 hours

CPU:total 12 (initial active 12) (6 cores per cpu, 2 threads per core) family 6 model 158 stepping 10 microcode 0xde, cmov, cx8, fxsr, mmx, sse, sse2, sse3, ssse3, sse4.1, sse4.2, popcnt, avx, avx2, aes, clmul, erms, 3dnowpref, lzcnt, ht, tsc, tscinvbit, bmi1, bmi2, adx, fma

Memory: 4k page, system-wide physical 16225M (2178M free)
TotalPageFile size 16225M (AvailPageFile size 33M)
current process WorkingSet (physical memory assigned to process): 639M, peak: 644M
current process commit charge ("private bytes"): 691M, peak: 759M

vm_info: OpenJDK 64-Bit Server VM (11.0.10+0-b96-7249189) for windows-amd64 JRE (11.0.10+0-b96-7249189), built on Mar 31 2021 21:44:00 by "builder" with MS VC++ 14.0 (VS2015)

END.
