#
# There is insufficient memory for the Java Runtime Environment to continue.
# Native memory allocation (mmap) failed to map 28311552 bytes for G1 virtual space
# Possible reasons:
#   The system is out of physical RAM or swap space
#   The process is running with CompressedOops enabled, and the Java Heap may be blocking the growth of the native heap
# Possible solutions:
#   Reduce memory load on the system
#   Increase physical memory or swap space
#   Check if swap backing store is full
#   Decrease Java heap size (-Xmx/-Xms)
#   Decrease number of Java threads
#   Decrease Java thread stack sizes (-Xss)
#   Set larger code cache with -XX:ReservedCodeCacheSize=
#   JVM is running with Unscaled Compressed Oops mode in which the Java heap is
#     placed in the first 4GB address space. The Java Heap base address is the
#     maximum limit for the native heap growth. Please use -XX:HeapBaseMinAddress
#     to set the Java Heap base and to place the Java Heap above 4GB virtual address.
# This output file may be truncated or incomplete.
#
#  Out of Memory Error (./open/src/hotspot/os/windows/os_windows.cpp:3321), pid=21984, tid=11084
#
# JRE version: Java(TM) SE Runtime Environment (15.0.2+7) (build 15.0.2+7-27)
# Java VM: Java HotSpot(TM) 64-Bit Server VM (15.0.2+7-27, mixed mode, sharing, tiered, compressed oops, g1 gc, windows-amd64)
# No core dump will be written. Minidumps are not enabled by default on client versions of Windows
#

---------------  S U M M A R Y ------------

Command Line: --add-opens=java.base/java.util=ALL-UNNAMED --add-opens=java.base/java.lang=ALL-UNNAMED --add-opens=java.base/java.lang.invoke=ALL-UNNAMED --add-opens=java.base/java.util=ALL-UNNAMED --add-opens=java.prefs/java.util.prefs=ALL-UNNAMED --add-opens=java.prefs/java.util.prefs=ALL-UNNAMED --add-opens=java.base/java.nio.charset=ALL-UNNAMED --add-opens=java.base/java.net=ALL-UNNAMED --add-opens=java.base/java.util.concurrent.atomic=ALL-UNNAMED -Xmx2048m -Dfile.encoding=UTF-8 -Duser.country=IN -Duser.language=en -Duser.variant org.gradle.launcher.daemon.bootstrap.GradleDaemon 7.0.2

Host: Intel(R) Core(TM) i7-9750H CPU @ 2.60GHz, 12 cores, 15G,  Windows 10 , 64 bit Build 22000 (10.0.22000.434)
Time: Tue Feb 15 11:21:32 2022 India Standard Time elapsed time: 6.645946 seconds (0d 0h 0m 6s)

---------------  T H R E A D  ---------------

Current thread (0x0000027beb9d0380):  VMThread "VM Thread" [stack: 0x000000b350800000,0x000000b350900000] [id=11084]

Stack: [0x000000b350800000,0x000000b350900000]
[error occurred during error reporting (printing stack bounds), id 0xc0000005, EXCEPTION_ACCESS_VIOLATION (0xc0000005) at pc=0x0000027bd4bd10ad]

Native frames: (J=compiled Java code, j=interpreted, Vv=VM code, C=native code)
V  [jvm.dll+0x62ae9a]
V  [jvm.dll+0x7817a9]
V  [jvm.dll+0x782f03]
V  [jvm.dll+0x7834c5]
V  [jvm.dll+0x78347b]
V  [jvm.dll+0x62a2b9]
V  [jvm.dll+0x62aa88]
C  [ntdll.dll+0xa86ef]
C  [ntdll.dll+0x35aea]
C  [ntdll.dll+0xa76fe]
C  0x0000027bd4bd10ad

VM_Operation (0x000000b3504ff670): G1Concurrent, mode: safepoint, requested by thread 0x0000027bcc9eba00


---------------  P R O C E S S  ---------------

Threads class SMR info:
_java_thread_list=0x0000027bf45e6f70, length=76, elements={
0x0000027bca93bfc0, 0x0000027beb9d1b10, 0x0000027beb9d25f0, 0x0000027bec2ed060,
0x0000027bec2ef930, 0x0000027bec2f01f0, 0x0000027bec2f1fa0, 0x0000027bec2f9590,
0x0000027bec302eb0, 0x0000027bec427920, 0x0000027bec42d110, 0x0000027bec532cb0,
0x0000027bec5331c0, 0x0000027bede22990, 0x0000027beef12ac0, 0x0000027bed982ac0,
0x0000027bee42cea0, 0x0000027bee429840, 0x0000027bed9605b0, 0x0000027bef0f6df0,
0x0000027bed0cc1e0, 0x0000027bef299010, 0x0000027bee21ca20, 0x0000027bee219060,
0x0000027bee219ed0, 0x0000027bee219530, 0x0000027bee21ad40, 0x0000027bee21b210,
0x0000027bee219a00, 0x0000027bee21b6e0, 0x0000027bee21a3a0, 0x0000027bee21bbb0,
0x0000027bee21c080, 0x0000027bef7aa290, 0x0000027bef7af930, 0x0000027bef7a80e0,
0x0000027bef7a85b0, 0x0000027bef7abf70, 0x0000027bef7ad2b0, 0x0000027bef7aa760,
0x0000027bef7a9420, 0x0000027bef7ac440, 0x0000027bef7af460, 0x0000027bef7abaa0,
0x0000027bef7a8a80, 0x0000027bef7aac30, 0x0000027bef7a8f50, 0x0000027bef7a98f0,
0x0000027bef7ae120, 0x0000027bef7ac910, 0x0000027bef7a9dc0, 0x0000027bef7ab100,
0x0000027bef7ad780, 0x0000027bef7aeac0, 0x0000027bef7adc50, 0x0000027bef7ae5f0,
0x0000027bf39108a0, 0x0000027bf39150d0, 0x0000027bf39138c0, 0x0000027bf3912a50,
0x0000027bf3914c00, 0x0000027bf3912f20, 0x0000027bf3912580, 0x0000027bf39103d0,
0x0000027bf3911710, 0x0000027bf3911be0, 0x0000027bf3911240, 0x0000027bf39155a0,
0x0000027bf3915a70, 0x0000027bf39133f0, 0x0000027bf3914260, 0x0000027bf3914730,
0x0000027bf3915f40, 0x0000027bf3916410, 0x0000027bf3916db0, 0x0000027bf39120b0
}

Java Threads: ( => current thread )
  0x0000027bca93bfc0 JavaThread "main" [_thread_blocked, id=16468, stack(0x000000b350200000,0x000000b350300000)]
  0x0000027beb9d1b10 JavaThread "Reference Handler" daemon [_thread_blocked, id=10856, stack(0x000000b350900000,0x000000b350a00000)]
  0x0000027beb9d25f0 JavaThread "Finalizer" daemon [_thread_blocked, id=10216, stack(0x000000b350a00000,0x000000b350b00000)]
  0x0000027bec2ed060 JavaThread "Signal Dispatcher" daemon [_thread_blocked, id=8452, stack(0x000000b350b00000,0x000000b350c00000)]
  0x0000027bec2ef930 JavaThread "Attach Listener" daemon [_thread_blocked, id=16580, stack(0x000000b350c00000,0x000000b350d00000)]
  0x0000027bec2f01f0 JavaThread "Service Thread" daemon [_thread_blocked, id=21156, stack(0x000000b350d00000,0x000000b350e00000)]
  0x0000027bec2f1fa0 JavaThread "C2 CompilerThread0" daemon [_thread_blocked, id=2304, stack(0x000000b350e00000,0x000000b350f00000)]
  0x0000027bec2f9590 JavaThread "C1 CompilerThread0" daemon [_thread_blocked, id=19928, stack(0x000000b350f00000,0x000000b351000000)]
  0x0000027bec302eb0 JavaThread "Sweeper thread" daemon [_thread_blocked, id=1636, stack(0x000000b351000000,0x000000b351100000)]
  0x0000027bec427920 JavaThread "Common-Cleaner" daemon [_thread_blocked, id=18944, stack(0x000000b351100000,0x000000b351200000)]
  0x0000027bec42d110 JavaThread "Notification Thread" daemon [_thread_blocked, id=8736, stack(0x000000b351200000,0x000000b351300000)]
  0x0000027bec532cb0 JavaThread "C2 CompilerThread1" daemon [_thread_blocked, id=13136, stack(0x000000b351400000,0x000000b351500000)]
  0x0000027bec5331c0 JavaThread "C2 CompilerThread2" daemon [_thread_blocked, id=10424, stack(0x000000b351500000,0x000000b351600000)]
  0x0000027bede22990 JavaThread "Daemon health stats" [_thread_blocked, id=17224, stack(0x000000b351b00000,0x000000b351c00000)]
  0x0000027beef12ac0 JavaThread "Incoming local TCP Connector on port 60553" [_thread_in_native, id=12036, stack(0x000000b351c00000,0x000000b351d00000)]
  0x0000027bed982ac0 JavaThread "Daemon periodic checks" [_thread_blocked, id=3540, stack(0x000000b351d00000,0x000000b351e00000)]
  0x0000027bee42cea0 JavaThread "Daemon" [_thread_blocked, id=7908, stack(0x000000b351e00000,0x000000b351f00000)]
  0x0000027bee429840 JavaThread "Handler for socket connection from /127.0.0.1:60553 to /127.0.0.1:60554" [_thread_in_native, id=2028, stack(0x000000b351f00000,0x000000b352000000)]
  0x0000027bed9605b0 JavaThread "Cancel handler" [_thread_blocked, id=8820, stack(0x000000b352000000,0x000000b352100000)]
  0x0000027bef0f6df0 JavaThread "Daemon worker" [_thread_blocked, id=12384, stack(0x000000b352100000,0x000000b352200000)]
  0x0000027bed0cc1e0 JavaThread "Asynchronous log dispatcher for DefaultDaemonConnection: socket connection from /127.0.0.1:60553 to /127.0.0.1:60554" [_thread_blocked, id=572, stack(0x000000b352200000,0x000000b352300000)]
  0x0000027bef299010 JavaThread "Stdin handler" [_thread_blocked, id=16288, stack(0x000000b352300000,0x000000b352400000)]
  0x0000027bee21ca20 JavaThread "Daemon client event forwarder" [_thread_blocked, id=17576, stack(0x000000b352400000,0x000000b352500000)]
  0x0000027bee219060 JavaThread "Cache worker for file hash cache (D:\aa\caches\7.0.2\fileHashes)" [_thread_blocked, id=6904, stack(0x000000b352500000,0x000000b352600000)]
  0x0000027bee219ed0 JavaThread "File lock request listener" [_thread_in_native, id=12424, stack(0x000000b352600000,0x000000b352700000)]
  0x0000027bee219530 JavaThread "Cache worker for journal cache (D:\aa\caches\journal-1)" [_thread_blocked, id=10136, stack(0x000000b352700000,0x000000b352800000)]
  0x0000027bee21ad40 JavaThread "Cache worker for file hash cache (D:\app_dev\QuizApp\.gradle\7.0.2\fileHashes)" [_thread_blocked, id=5308, stack(0x000000b352800000,0x000000b352900000)]
  0x0000027bee21b210 JavaThread "File watcher server" daemon [_thread_blocked, id=9088, stack(0x000000b352900000,0x000000b352a00000)]
  0x0000027bee219a00 JavaThread "File watcher consumer" daemon [_thread_blocked, id=13476, stack(0x000000b352a00000,0x000000b352b00000)]
  0x0000027bee21b6e0 JavaThread "Cache worker for checksums cache (D:\app_dev\QuizApp\.gradle\checksums)" [_thread_blocked, id=19776, stack(0x000000b352b00000,0x000000b352c00000)]
  0x0000027bee21a3a0 JavaThread "Cache worker for cache directory md-supplier (D:\aa\caches\7.0.2\md-supplier)" [_thread_blocked, id=12848, stack(0x000000b352c00000,0x000000b352d00000)]
  0x0000027bee21bbb0 JavaThread "Cache worker for cache directory md-rule (D:\aa\caches\7.0.2\md-rule)" [_thread_blocked, id=12172, stack(0x000000b352d00000,0x000000b352e00000)]
  0x0000027bee21c080 JavaThread "Cache worker for execution history cache (D:\aa\caches\7.0.2\executionHistory)" [_thread_blocked, id=5072, stack(0x000000b352e00000,0x000000b352f00000)]
  0x0000027bef7aa290 JavaThread "jar transforms" [_thread_blocked, id=21576, stack(0x000000b353500000,0x000000b353600000)]
  0x0000027bef7af930 JavaThread "jar transforms Thread 2" [_thread_blocked, id=13800, stack(0x000000b353600000,0x000000b353700000)]
  0x0000027bef7a80e0 JavaThread "Cache worker for file content cache (D:\aa\caches\7.0.2\fileContent)" [_thread_blocked, id=12620, stack(0x000000b353700000,0x000000b353800000)]
  0x0000027bef7a85b0 JavaThread "Cache worker for dependencies-accessors (D:\app_dev\QuizApp\.gradle\7.0.2\dependencies-accessors)" [_thread_blocked, id=25224, stack(0x000000b353800000,0x000000b353900000)]
  0x0000027bef7abf70 JavaThread "jar transforms Thread 3" [_thread_blocked, id=18996, stack(0x000000b353900000,0x000000b353a00000)]
  0x0000027bef7ad2b0 JavaThread "Cache worker for Build Output Cleanup Cache (D:\app_dev\QuizApp\.gradle\buildOutputCleanup)" [_thread_blocked, id=18388, stack(0x000000b353a00000,0x000000b353b00000)]
  0x0000027bef7aa760 JavaThread "Build operations" [_thread_blocked, id=3120, stack(0x000000b353b00000,0x000000b353c00000)]
  0x0000027bef7a9420 JavaThread "Build operations Thread 2" [_thread_blocked, id=11320, stack(0x000000b353c00000,0x000000b353d00000)]
  0x0000027bef7ac440 JavaThread "Build operations Thread 3" [_thread_blocked, id=20488, stack(0x000000b353d00000,0x000000b353e00000)]
  0x0000027bef7af460 JavaThread "Build operations Thread 4" [_thread_blocked, id=16060, stack(0x000000b353e00000,0x000000b353f00000)]
  0x0000027bef7abaa0 JavaThread "Build operations Thread 5" [_thread_blocked, id=22880, stack(0x000000b353f00000,0x000000b354000000)]
  0x0000027bef7a8a80 JavaThread "Build operations Thread 6" [_thread_blocked, id=19568, stack(0x000000b354000000,0x000000b354100000)]
  0x0000027bef7aac30 JavaThread "Build operations Thread 7" [_thread_blocked, id=16380, stack(0x000000b354100000,0x000000b354200000)]
  0x0000027bef7a8f50 JavaThread "Build operations Thread 8" [_thread_blocked, id=21584, stack(0x000000b354200000,0x000000b354300000)]
  0x0000027bef7a98f0 JavaThread "Build operations Thread 9" [_thread_blocked, id=21232, stack(0x000000b354300000,0x000000b354400000)]
  0x0000027bef7ae120 JavaThread "Build operations Thread 10" [_thread_blocked, id=22040, stack(0x000000b354400000,0x000000b354500000)]
  0x0000027bef7ac910 JavaThread "Build operations Thread 11" [_thread_blocked, id=3024, stack(0x000000b354500000,0x000000b354600000)]
  0x0000027bef7a9dc0 JavaThread "Build operations Thread 12" [_thread_blocked, id=18116, stack(0x000000b354600000,0x000000b354700000)]
  0x0000027bef7ab100 JavaThread "jar transforms Thread 4" [_thread_blocked, id=12344, stack(0x000000b354700000,0x000000b354800000)]
  0x0000027bef7ad780 JavaThread "jar transforms Thread 5" [_thread_blocked, id=19060, stack(0x000000b354800000,0x000000b354900000)]
  0x0000027bef7aeac0 JavaThread "jar transforms Thread 6" [_thread_blocked, id=10028, stack(0x000000b354900000,0x000000b354a00000)]
  0x0000027bef7adc50 JavaThread "jar transforms Thread 7" [_thread_blocked, id=10376, stack(0x000000b354a00000,0x000000b354b00000)]
  0x0000027bef7ae5f0 JavaThread "jar transforms Thread 8" [_thread_blocked, id=9388, stack(0x000000b354b00000,0x000000b354c00000)]
  0x0000027bf39108a0 JavaThread "jar transforms Thread 9" [_thread_blocked, id=13784, stack(0x000000b354c00000,0x000000b354d00000)]
  0x0000027bf39150d0 JavaThread "jar transforms Thread 10" [_thread_blocked, id=24132, stack(0x000000b354d00000,0x000000b354e00000)]
  0x0000027bf39138c0 JavaThread "jar transforms Thread 11" [_thread_blocked, id=10548, stack(0x000000b354e00000,0x000000b354f00000)]
  0x0000027bf3912a50 JavaThread "jar transforms Thread 12" [_thread_blocked, id=11504, stack(0x000000b354f00000,0x000000b355000000)]
  0x0000027bf3914c00 JavaThread "Memory manager" [_thread_blocked, id=15236, stack(0x000000b355000000,0x000000b355100000)]
  0x0000027bf3912f20 JavaThread "build event listener" [_thread_blocked, id=12324, stack(0x000000b355100000,0x000000b355200000)]
  0x0000027bf3912580 JavaThread "pool-3-thread-1" [_thread_blocked, id=7992, stack(0x000000b355200000,0x000000b355300000)]
  0x0000027bf39103d0 JavaThread "build event listener" [_thread_blocked, id=24436, stack(0x000000b355300000,0x000000b355400000)]
  0x0000027bf3911710 JavaThread "Execution worker for ':'" [_thread_blocked, id=13128, stack(0x000000b355400000,0x000000b355500000)]
  0x0000027bf3911be0 JavaThread "Execution worker for ':' Thread 2" [_thread_blocked, id=23428, stack(0x000000b355500000,0x000000b355600000)]
  0x0000027bf3911240 JavaThread "Execution worker for ':' Thread 3" [_thread_blocked, id=17568, stack(0x000000b355600000,0x000000b355700000)]
  0x0000027bf39155a0 JavaThread "Execution worker for ':' Thread 4" [_thread_blocked, id=24968, stack(0x000000b355700000,0x000000b355800000)]
  0x0000027bf3915a70 JavaThread "Execution worker for ':' Thread 5" [_thread_blocked, id=8508, stack(0x000000b355800000,0x000000b355900000)]
  0x0000027bf39133f0 JavaThread "Execution worker for ':' Thread 6" [_thread_blocked, id=25148, stack(0x000000b355900000,0x000000b355a00000)]
  0x0000027bf3914260 JavaThread "Execution worker for ':' Thread 7" [_thread_blocked, id=15504, stack(0x000000b355a00000,0x000000b355b00000)]
  0x0000027bf3914730 JavaThread "Execution worker for ':' Thread 8" [_thread_blocked, id=18880, stack(0x000000b355b00000,0x000000b355c00000)]
  0x0000027bf3915f40 JavaThread "Execution worker for ':' Thread 9" [_thread_blocked, id=16548, stack(0x000000b355c00000,0x000000b355d00000)]
  0x0000027bf3916410 JavaThread "Execution worker for ':' Thread 10" [_thread_blocked, id=17720, stack(0x000000b355d00000,0x000000b355e00000)]
  0x0000027bf3916db0 JavaThread "Execution worker for ':' Thread 11" [_thread_blocked, id=20212, stack(0x000000b355e00000,0x000000b355f00000)]
  0x0000027bf39120b0 JavaThread "Cache worker for execution history cache (D:\app_dev\QuizApp\.gradle\7.0.2\executionHistory)" [_thread_blocked, id=22924, stack(0x000000b355f00000,0x000000b356000000)]

Other Threads:
=>0x0000027beb9d0380 VMThread "VM Thread" [stack: 0x000000b350800000,0x000000b350900000] [id=11084]
  0x0000027bec431a00 WatcherThread [stack: 0x000000b351300000,0x000000b351400000] [id=24564]
  0x0000027bcc9d9c50 GCTaskThread "GC Thread#0" [stack: 0x000000b350300000,0x000000b350400000] [id=16556]
  0x0000027bed63fd40 GCTaskThread "GC Thread#1" [stack: 0x000000b351600000,0x000000b351700000] [id=14156]
  0x0000027bed6426b0 GCTaskThread "GC Thread#2" [stack: 0x000000b351700000,0x000000b351800000] [id=18788]
  0x0000027bed641060 GCTaskThread "GC Thread#3" [stack: 0x000000b351800000,0x000000b351900000] [id=5300]
  0x0000027bed643040 GCTaskThread "GC Thread#4" [stack: 0x000000b351900000,0x000000b351a00000] [id=19532]
  0x0000027bed642380 GCTaskThread "GC Thread#5" [stack: 0x000000b351a00000,0x000000b351b00000] [id=11300]
  0x0000027bed641d20 GCTaskThread "GC Thread#6" [stack: 0x000000b352f00000,0x000000b353000000] [id=20200]
  0x0000027bed642050 GCTaskThread "GC Thread#7" [stack: 0x000000b353000000,0x000000b353100000] [id=21768]
  0x0000027bef8f6cd0 GCTaskThread "GC Thread#8" [stack: 0x000000b353100000,0x000000b353200000] [id=3696]
  0x0000027bef8f8fe0 GCTaskThread "GC Thread#9" [stack: 0x000000b353200000,0x000000b353300000] [id=6416]
  0x0000027bcc9eba00 ConcurrentGCThread "G1 Main Marker" [stack: 0x000000b350400000,0x000000b350500000] [id=11920]
  0x0000027bcc9ec240 ConcurrentGCThread "G1 Conc#0" [stack: 0x000000b350500000,0x000000b350600000] [id=15060]
  0x0000027bef8f59b0 ConcurrentGCThread "G1 Conc#1" [stack: 0x000000b353300000,0x000000b353400000] [id=4060]
  0x0000027bef8f7990 ConcurrentGCThread "G1 Conc#2" [stack: 0x000000b353400000,0x000000b353500000] [id=7604]
  0x0000027bcca6d550 ConcurrentGCThread "G1 Refine#0" [stack: 0x000000b350600000,0x000000b350700000] [id=21484]
  0x0000027bec4c0290 ConcurrentGCThread "G1 Refine#1" [stack: 0x000000b356000000,0x000000b356100000] [id=20832]
  0x0000027bee044580 ConcurrentGCThread "G1 Refine#2" [stack: 0x000000b356100000,0x000000b356200000] [id=13064]
  0x0000027bf42e67a0 ConcurrentGCThread "G1 Refine#3" [stack: 0x000000b356200000,0x000000b356300000] [id=17464]
  0x0000027bf5bfdaa0 ConcurrentGCThread "G1 Refine#4" [stack: 0x000000b356300000,0x000000b356400000] [id=12412]
  0x0000027bf13a21d0 ConcurrentGCThread "G1 Refine#5" [stack: 0x000000b356400000,0x000000b356500000] [id=13960]
  0x0000027bcca6dda0 ConcurrentGCThread "G1 Young RemSet Sampling" [stack: 0x000000b350700000,0x000000b350800000] [id=2360]

Threads with active compile tasks:
C2 CompilerThread0     6659 10127 % !   4       com.android.ide.common.resources.DataMerger::mergeData @ 247 (611 bytes)
C2 CompilerThread1     6659 10455       4       com.android.utils.XmlUtils::append (647 bytes)
C2 CompilerThread2     6659 10460 %     4       java.lang.StringUTF16::getChars @ 16 (42 bytes)

VM state: at safepoint (normal execution)

VM Mutex/Monitor currently owned by a thread:  ([mutex/lock_event])
[0x0000027bcc998bf0] Threads_lock - owner thread: 0x0000027beb9d0380
[0x0000027bcc997720] Heap_lock - owner thread: 0x0000027bcc9eba00

Heap address: 0x0000000080000000, size: 2048 MB, Compressed Oops mode: 32-bit
CDS archive(s) mapped at: [0x0000000800000000-0x0000000800b50000-0x0000000800b50000), size 11862016, SharedBaseAddress: 0x0000000800000000, ArchiveRelocationMode: 0.
Compressed class space mapped at: 0x0000000800b50000-0x0000000840b50000, size: 1073741824
Narrow klass base: 0x0000000800000000, Narrow klass shift: 3, Narrow klass range: 0x100000000

GC Precious Log:
 CPUs: 12 total, 12 available
 Memory: 16225M
 Large Page Support: Disabled
 NUMA Support: Disabled
 Compressed Oops: Enabled (32-bit)
 Heap Region Size: 1M
 Heap Min Capacity: 8M
 Heap Initial Capacity: 254M
 Heap Max Capacity: 2G
 Pre-touch: Disabled
 Parallel Workers: 10
 Concurrent Workers: 3
 Concurrent Refinement Workers: 10
 Periodic GC: Disabled

Heap:
 garbage-first heap   total 208896K, used 122474K [0x0000000080000000, 0x0000000100000000)
  region size 1024K, 10 young (10240K), 8 survivors (8192K)
 Metaspace       used 77961K, capacity 79051K, committed 79152K, reserved 1118208K
  class space    used 10229K, capacity 10581K, committed 10624K, reserved 1048576K

Heap Regions: E=young(eden), S=young(survivor), O=old, HS=humongous(starts), HC=humongous(continues), CS=collection set, F=free, OA=open archive, CA=closed archive, TAMS=top-at-mark-start (previous, next)
|   0|0x0000000080000000, 0x0000000080100000, 0x0000000080100000|100%| O|  |TAMS 0x0000000080100000, 0x0000000080000000| Updating 
|   1|0x0000000080100000, 0x0000000080200000, 0x0000000080200000|100%| O|  |TAMS 0x0000000080200000, 0x0000000080100000| Updating 
|   2|0x0000000080200000, 0x0000000080300000, 0x0000000080300000|100%| O|  |TAMS 0x0000000080300000, 0x0000000080200000| Updating 
|   3|0x0000000080300000, 0x0000000080400000, 0x0000000080400000|100%|HS|  |TAMS 0x0000000080400000, 0x0000000080300000| Complete 
|   4|0x0000000080400000, 0x0000000080500000, 0x0000000080500000|100%|HC|  |TAMS 0x0000000080500000, 0x0000000080400000| Complete 
|   5|0x0000000080500000, 0x0000000080600000, 0x0000000080600000|100%|HC|  |TAMS 0x0000000080600000, 0x0000000080500000| Complete 
|   6|0x0000000080600000, 0x0000000080700000, 0x0000000080700000|100%| O|  |TAMS 0x0000000080700000, 0x0000000080600000| Updating 
|   7|0x0000000080700000, 0x0000000080800000, 0x0000000080800000|100%| O|  |TAMS 0x0000000080800000, 0x0000000080700000| Updating 
|   8|0x0000000080800000, 0x0000000080900000, 0x0000000080900000|100%| O|  |TAMS 0x0000000080900000, 0x0000000080800000| Updating 
|   9|0x0000000080900000, 0x0000000080a00000, 0x0000000080a00000|100%| O|  |TAMS 0x0000000080a00000, 0x0000000080900000| Updating 
|  10|0x0000000080a00000, 0x0000000080a49c00, 0x0000000080b00000| 28%| O|  |TAMS 0x0000000080a49c00, 0x0000000080a00000| Updating 
|  11|0x0000000080b00000, 0x0000000080c00000, 0x0000000080c00000|100%| O|  |TAMS 0x0000000080c00000, 0x0000000080b00000| Updating 
|  12|0x0000000080c00000, 0x0000000080d00000, 0x0000000080d00000|100%| O|  |TAMS 0x0000000080d00000, 0x0000000080c00000| Updating 
|  13|0x0000000080d00000, 0x0000000080e00000, 0x0000000080e00000|100%| O|  |TAMS 0x0000000080e00000, 0x0000000080d00000| Updating 
|  14|0x0000000080e00000, 0x0000000080f00000, 0x0000000080f00000|100%| O|  |TAMS 0x0000000080f00000, 0x0000000080e00000| Updating 
|  15|0x0000000080f00000, 0x0000000081000000, 0x0000000081000000|100%| O|  |TAMS 0x0000000081000000, 0x0000000080f00000| Updating 
|  16|0x0000000081000000, 0x0000000081100000, 0x0000000081100000|100%| O|  |TAMS 0x0000000081100000, 0x0000000081000000| Updating 
|  17|0x0000000081100000, 0x0000000081200000, 0x0000000081200000|100%| O|  |TAMS 0x0000000081200000, 0x0000000081100000| Updating 
|  18|0x0000000081200000, 0x0000000081300000, 0x0000000081300000|100%| O|  |TAMS 0x0000000081300000, 0x0000000081200000| Updating 
|  19|0x0000000081300000, 0x0000000081400000, 0x0000000081400000|100%| O|  |TAMS 0x0000000081400000, 0x0000000081300000| Updating 
|  20|0x0000000081400000, 0x0000000081500000, 0x0000000081500000|100%| O|  |TAMS 0x0000000081500000, 0x0000000081400000| Updating 
|  21|0x0000000081500000, 0x0000000081600000, 0x0000000081600000|100%| O|  |TAMS 0x0000000081600000, 0x0000000081500000| Updating 
|  22|0x0000000081600000, 0x0000000081700000, 0x0000000081700000|100%| O|  |TAMS 0x0000000081700000, 0x0000000081600000| Updating 
|  23|0x0000000081700000, 0x0000000081800000, 0x0000000081800000|100%| O|  |TAMS 0x0000000081800000, 0x0000000081700000| Updating 
|  24|0x0000000081800000, 0x0000000081900000, 0x0000000081900000|100%| O|  |TAMS 0x0000000081900000, 0x0000000081800000| Updating 
|  25|0x0000000081900000, 0x0000000081a00000, 0x0000000081a00000|100%| O|  |TAMS 0x0000000081a00000, 0x0000000081900000| Updating 
|  26|0x0000000081a00000, 0x0000000081b00000, 0x0000000081b00000|100%|HS|  |TAMS 0x0000000081b00000, 0x0000000081a00000| Complete 
|  27|0x0000000081b00000, 0x0000000081c00000, 0x0000000081c00000|100%|HS|  |TAMS 0x0000000081c00000, 0x0000000081b00000| Complete 
|  28|0x0000000081c00000, 0x0000000081d00000, 0x0000000081d00000|100%| O|  |TAMS 0x0000000081d00000, 0x0000000081c00000| Updating 
|  29|0x0000000081d00000, 0x0000000081e00000, 0x0000000081e00000|100%| O|  |TAMS 0x0000000081e00000, 0x0000000081d00000| Updating 
|  30|0x0000000081e00000, 0x0000000081f00000, 0x0000000081f00000|100%| O|  |TAMS 0x0000000081f00000, 0x0000000081e00000| Updating 
|  31|0x0000000081f00000, 0x0000000082000000, 0x0000000082000000|100%| O|  |TAMS 0x0000000082000000, 0x0000000081f00000| Updating 
|  32|0x0000000082000000, 0x0000000082100000, 0x0000000082100000|100%| O|  |TAMS 0x0000000082100000, 0x0000000082000000| Updating 
|  33|0x0000000082100000, 0x0000000082200000, 0x0000000082200000|100%| O|  |TAMS 0x0000000082200000, 0x0000000082100000| Updating 
|  34|0x0000000082200000, 0x0000000082300000, 0x0000000082300000|100%| O|  |TAMS 0x0000000082300000, 0x0000000082200000| Updating 
|  35|0x0000000082300000, 0x0000000082400000, 0x0000000082400000|100%| O|  |TAMS 0x0000000082400000, 0x0000000082300000| Updating 
|  36|0x0000000082400000, 0x0000000082500000, 0x0000000082500000|100%| O|  |TAMS 0x0000000082500000, 0x0000000082400000| Updating 
|  37|0x0000000082500000, 0x0000000082600000, 0x0000000082600000|100%| O|  |TAMS 0x0000000082600000, 0x0000000082500000| Updating 
|  38|0x0000000082600000, 0x0000000082700000, 0x0000000082700000|100%| O|  |TAMS 0x0000000082700000, 0x0000000082600000| Updating 
|  39|0x0000000082700000, 0x0000000082800000, 0x0000000082800000|100%|HS|  |TAMS 0x0000000082800000, 0x0000000082700000| Complete 
|  40|0x0000000082800000, 0x0000000082900000, 0x0000000082900000|100%|HC|  |TAMS 0x0000000082900000, 0x0000000082800000| Complete 
|  41|0x0000000082900000, 0x0000000082a00000, 0x0000000082a00000|100%| O|  |TAMS 0x0000000082a00000, 0x0000000082900000| Updating 
|  42|0x0000000082a00000, 0x0000000082b00000, 0x0000000082b00000|100%| O|  |TAMS 0x0000000082b00000, 0x0000000082a00000| Updating 
|  43|0x0000000082b00000, 0x0000000082c00000, 0x0000000082c00000|100%| O|  |TAMS 0x0000000082c00000, 0x0000000082b00000| Updating 
|  44|0x0000000082c00000, 0x0000000082d00000, 0x0000000082d00000|100%| O|  |TAMS 0x0000000082d00000, 0x0000000082c00000| Updating 
|  45|0x0000000082d00000, 0x0000000082e00000, 0x0000000082e00000|100%| O|  |TAMS 0x0000000082e00000, 0x0000000082d00000| Updating 
|  46|0x0000000082e00000, 0x0000000082f00000, 0x0000000082f00000|100%| O|  |TAMS 0x0000000082f00000, 0x0000000082e00000| Updating 
|  47|0x0000000082f00000, 0x0000000083000000, 0x0000000083000000|100%| O|  |TAMS 0x0000000083000000, 0x0000000082f00000| Updating 
|  48|0x0000000083000000, 0x0000000083100000, 0x0000000083100000|100%| O|  |TAMS 0x0000000083100000, 0x0000000083000000| Updating 
|  49|0x0000000083100000, 0x0000000083200000, 0x0000000083200000|100%| O|  |TAMS 0x0000000083200000, 0x0000000083100000| Updating 
|  50|0x0000000083200000, 0x0000000083300000, 0x0000000083300000|100%| O|  |TAMS 0x0000000083300000, 0x0000000083200000| Updating 
|  51|0x0000000083300000, 0x0000000083400000, 0x0000000083400000|100%| O|  |TAMS 0x0000000083400000, 0x0000000083300000| Updating 
|  52|0x0000000083400000, 0x0000000083500000, 0x0000000083500000|100%| O|  |TAMS 0x0000000083500000, 0x0000000083400000| Updating 
|  53|0x0000000083500000, 0x0000000083600000, 0x0000000083600000|100%| O|  |TAMS 0x0000000083600000, 0x0000000083500000| Updating 
|  54|0x0000000083600000, 0x0000000083700000, 0x0000000083700000|100%| O|  |TAMS 0x0000000083700000, 0x0000000083600000| Updating 
|  55|0x0000000083700000, 0x0000000083800000, 0x0000000083800000|100%| O|  |TAMS 0x0000000083800000, 0x0000000083700000| Updating 
|  56|0x0000000083800000, 0x0000000083900000, 0x0000000083900000|100%| O|  |TAMS 0x0000000083900000, 0x0000000083800000| Updating 
|  57|0x0000000083900000, 0x0000000083a00000, 0x0000000083a00000|100%| O|  |TAMS 0x0000000083a00000, 0x0000000083900000| Updating 
|  58|0x0000000083a00000, 0x0000000083b00000, 0x0000000083b00000|100%| O|  |TAMS 0x0000000083b00000, 0x0000000083a00000| Updating 
|  59|0x0000000083b00000, 0x0000000083c00000, 0x0000000083c00000|100%| O|  |TAMS 0x0000000083c00000, 0x0000000083b00000| Updating 
|  60|0x0000000083c00000, 0x0000000083d00000, 0x0000000083d00000|100%| O|  |TAMS 0x0000000083d00000, 0x0000000083c00000| Updating 
|  61|0x0000000083d00000, 0x0000000083e00000, 0x0000000083e00000|100%| O|  |TAMS 0x0000000083e00000, 0x0000000083d00000| Updating 
|  62|0x0000000083e00000, 0x0000000083f00000, 0x0000000083f00000|100%| O|  |TAMS 0x0000000083f00000, 0x0000000083e00000| Updating 
|  63|0x0000000083f00000, 0x0000000084000000, 0x0000000084000000|100%| O|  |TAMS 0x0000000084000000, 0x0000000083f00000| Updating 
|  64|0x0000000084000000, 0x0000000084100000, 0x0000000084100000|100%| O|  |TAMS 0x0000000084100000, 0x0000000084000000| Updating 
|  65|0x0000000084100000, 0x0000000084200000, 0x0000000084200000|100%| O|  |TAMS 0x0000000084200000, 0x0000000084100000| Updating 
|  66|0x0000000084200000, 0x0000000084300000, 0x0000000084300000|100%| O|  |TAMS 0x0000000084300000, 0x0000000084200000| Updating 
|  67|0x0000000084300000, 0x0000000084400000, 0x0000000084400000|100%| O|  |TAMS 0x0000000084400000, 0x0000000084300000| Updating 
|  68|0x0000000084400000, 0x0000000084500000, 0x0000000084500000|100%| O|  |TAMS 0x0000000084500000, 0x0000000084400000| Updating 
|  69|0x0000000084500000, 0x0000000084600000, 0x0000000084600000|100%| O|  |TAMS 0x0000000084600000, 0x0000000084500000| Updating 
|  70|0x0000000084600000, 0x0000000084700000, 0x0000000084700000|100%| O|  |TAMS 0x0000000084700000, 0x0000000084600000| Updating 
|  71|0x0000000084700000, 0x0000000084800000, 0x0000000084800000|100%| O|  |TAMS 0x0000000084800000, 0x0000000084700000| Updating 
|  72|0x0000000084800000, 0x0000000084900000, 0x0000000084900000|100%| O|  |TAMS 0x0000000084800000, 0x0000000084800000| Untracked 
|  73|0x0000000084900000, 0x0000000084a00000, 0x0000000084a00000|100%| O|  |TAMS 0x0000000084900000, 0x0000000084900000| Untracked 
|  74|0x0000000084a00000, 0x0000000084b00000, 0x0000000084b00000|100%| O|  |TAMS 0x0000000084b00000, 0x0000000084a00000| Updating 
|  75|0x0000000084b00000, 0x0000000084c00000, 0x0000000084c00000|100%| O|  |TAMS 0x0000000084c00000, 0x0000000084b00000| Updating 
|  76|0x0000000084c00000, 0x0000000084d00000, 0x0000000084d00000|100%| O|  |TAMS 0x0000000084d00000, 0x0000000084c00000| Updating 
|  77|0x0000000084d00000, 0x0000000084e00000, 0x0000000084e00000|100%| O|  |TAMS 0x0000000084e00000, 0x0000000084d00000| Updating 
|  78|0x0000000084e00000, 0x0000000084f00000, 0x0000000084f00000|100%| O|  |TAMS 0x0000000084f00000, 0x0000000084e00000| Updating 
|  79|0x0000000084f00000, 0x0000000085000000, 0x0000000085000000|100%| O|  |TAMS 0x0000000085000000, 0x0000000084f00000| Updating 
|  80|0x0000000085000000, 0x0000000085100000, 0x0000000085100000|100%| O|  |TAMS 0x0000000085100000, 0x0000000085000000| Updating 
|  81|0x0000000085100000, 0x0000000085200000, 0x0000000085200000|100%| O|  |TAMS 0x0000000085200000, 0x0000000085100000| Updating 
|  82|0x0000000085200000, 0x0000000085300000, 0x0000000085300000|100%| O|  |TAMS 0x0000000085300000, 0x0000000085200000| Updating 
|  83|0x0000000085300000, 0x0000000085400000, 0x0000000085400000|100%| O|  |TAMS 0x0000000085400000, 0x0000000085300000| Updating 
|  84|0x0000000085400000, 0x0000000085500000, 0x0000000085500000|100%| O|  |TAMS 0x0000000085500000, 0x0000000085400000| Updating 
|  85|0x0000000085500000, 0x0000000085600000, 0x0000000085600000|100%| O|  |TAMS 0x0000000085595200, 0x0000000085500000| Updating 
|  86|0x0000000085600000, 0x0000000085700000, 0x0000000085700000|100%| O|  |TAMS 0x0000000085600000, 0x0000000085600000| Untracked 
|  87|0x0000000085700000, 0x0000000085800000, 0x0000000085800000|100%| O|  |TAMS 0x0000000085700000, 0x0000000085700000| Untracked 
|  88|0x0000000085800000, 0x0000000085900000, 0x0000000085900000|100%| O|  |TAMS 0x0000000085800000, 0x0000000085800000| Untracked 
|  89|0x0000000085900000, 0x0000000085a00000, 0x0000000085a00000|100%| O|  |TAMS 0x0000000085900000, 0x0000000085900000| Untracked 
|  90|0x0000000085a00000, 0x0000000085b00000, 0x0000000085b00000|100%| O|  |TAMS 0x0000000085a00000, 0x0000000085a00000| Untracked 
|  91|0x0000000085b00000, 0x0000000085c00000, 0x0000000085c00000|100%| O|  |TAMS 0x0000000085b00000, 0x0000000085b00000| Untracked 
|  92|0x0000000085c00000, 0x0000000085d00000, 0x0000000085d00000|100%| O|  |TAMS 0x0000000085c00000, 0x0000000085c00000| Untracked 
|  93|0x0000000085d00000, 0x0000000085e00000, 0x0000000085e00000|100%| O|  |TAMS 0x0000000085d00000, 0x0000000085d00000| Untracked 
|  94|0x0000000085e00000, 0x0000000085e50c00, 0x0000000085f00000| 31%| O|  |TAMS 0x0000000085e00000, 0x0000000085e00000| Updating 
|  95|0x0000000085f00000, 0x0000000086000000, 0x0000000086000000|100%|HS|  |TAMS 0x0000000085f00000, 0x0000000085f00000| Complete 
|  96|0x0000000086000000, 0x0000000086100000, 0x0000000086100000|100%|HS|  |TAMS 0x0000000086000000, 0x0000000086000000| Complete 
|  97|0x0000000086100000, 0x0000000086200000, 0x0000000086200000|100%|HC|  |TAMS 0x0000000086100000, 0x0000000086100000| Complete 
|  98|0x0000000086200000, 0x0000000086300000, 0x0000000086300000|100%|HS|  |TAMS 0x0000000086200000, 0x0000000086200000| Complete 
|  99|0x0000000086300000, 0x0000000086400000, 0x0000000086400000|100%|HC|  |TAMS 0x0000000086300000, 0x0000000086300000| Complete 
| 100|0x0000000086400000, 0x0000000086500000, 0x0000000086500000|100%|HC|  |TAMS 0x0000000086400000, 0x0000000086400000| Complete 
| 101|0x0000000086500000, 0x0000000086600000, 0x0000000086600000|100%|HC|  |TAMS 0x0000000086500000, 0x0000000086500000| Complete 
| 102|0x0000000086600000, 0x0000000086700000, 0x0000000086700000|100%|HS|  |TAMS 0x0000000086600000, 0x0000000086600000| Complete 
| 103|0x0000000086700000, 0x0000000086800000, 0x0000000086800000|100%|HC|  |TAMS 0x0000000086700000, 0x0000000086700000| Complete 
| 104|0x0000000086800000, 0x0000000086900000, 0x0000000086900000|100%|HS|  |TAMS 0x0000000086800000, 0x0000000086800000| Complete 
| 105|0x0000000086900000, 0x0000000086a00000, 0x0000000086a00000|100%|HC|  |TAMS 0x0000000086900000, 0x0000000086900000| Complete 
| 106|0x0000000086a00000, 0x0000000086b00000, 0x0000000086b00000|100%|HC|  |TAMS 0x0000000086a00000, 0x0000000086a00000| Complete 
| 107|0x0000000086b00000, 0x0000000086c00000, 0x0000000086c00000|100%|HC|  |TAMS 0x0000000086b00000, 0x0000000086b00000| Complete 
| 108|0x0000000086c00000, 0x0000000086d00000, 0x0000000086d00000|100%|HS|  |TAMS 0x0000000086c00000, 0x0000000086c00000| Complete 
| 109|0x0000000086d00000, 0x0000000086e00000, 0x0000000086e00000|100%|HC|  |TAMS 0x0000000086d00000, 0x0000000086d00000| Complete 
| 110|0x0000000086e00000, 0x0000000086f00000, 0x0000000086f00000|100%|HC|  |TAMS 0x0000000086e00000, 0x0000000086e00000| Complete 
| 111|0x0000000086f00000, 0x0000000087000000, 0x0000000087000000|100%|HC|  |TAMS 0x0000000086f00000, 0x0000000086f00000| Complete 
| 112|0x0000000087000000, 0x0000000087000000, 0x0000000087100000|  0%| F|  |TAMS 0x0000000087000000, 0x0000000087000000| Untracked 
| 113|0x0000000087100000, 0x0000000087100000, 0x0000000087200000|  0%| F|  |TAMS 0x0000000087100000, 0x0000000087100000| Untracked 
| 114|0x0000000087200000, 0x0000000087200000, 0x0000000087300000|  0%| F|  |TAMS 0x0000000087200000, 0x0000000087200000| Untracked 
| 115|0x0000000087300000, 0x0000000087300000, 0x0000000087400000|  0%| F|  |TAMS 0x0000000087300000, 0x0000000087300000| Untracked 
| 116|0x0000000087400000, 0x0000000087400000, 0x0000000087500000|  0%| F|  |TAMS 0x0000000087400000, 0x0000000087400000| Untracked 
| 117|0x0000000087500000, 0x0000000087500000, 0x0000000087600000|  0%| F|  |TAMS 0x0000000087500000, 0x0000000087500000| Untracked 
| 118|0x0000000087600000, 0x0000000087600000, 0x0000000087700000|  0%| F|  |TAMS 0x0000000087600000, 0x0000000087600000| Untracked 
| 119|0x0000000087700000, 0x0000000087700000, 0x0000000087800000|  0%| F|  |TAMS 0x0000000087700000, 0x0000000087700000| Untracked 
| 120|0x0000000087800000, 0x0000000087800000, 0x0000000087900000|  0%| F|  |TAMS 0x0000000087800000, 0x0000000087800000| Untracked 
| 121|0x0000000087900000, 0x0000000087900000, 0x0000000087a00000|  0%| F|  |TAMS 0x0000000087900000, 0x0000000087900000| Untracked 
| 122|0x0000000087a00000, 0x0000000087a00000, 0x0000000087b00000|  0%| F|  |TAMS 0x0000000087a00000, 0x0000000087a00000| Untracked 
| 123|0x0000000087b00000, 0x0000000087b00000, 0x0000000087c00000|  0%| F|  |TAMS 0x0000000087b00000, 0x0000000087b00000| Untracked 
| 124|0x0000000087c00000, 0x0000000087c00000, 0x0000000087d00000|  0%| F|  |TAMS 0x0000000087c00000, 0x0000000087c00000| Untracked 
| 125|0x0000000087d00000, 0x0000000087d00000, 0x0000000087e00000|  0%| F|  |TAMS 0x0000000087d00000, 0x0000000087d00000| Untracked 
| 126|0x0000000087e00000, 0x0000000087e00000, 0x0000000087f00000|  0%| F|  |TAMS 0x0000000087e00000, 0x0000000087e00000| Untracked 
| 127|0x0000000087f00000, 0x0000000087f00000, 0x0000000088000000|  0%| F|  |TAMS 0x0000000087f00000, 0x0000000087f00000| Untracked 
| 128|0x0000000088000000, 0x0000000088000000, 0x0000000088100000|  0%| F|  |TAMS 0x0000000088000000, 0x0000000088000000| Untracked 
| 129|0x0000000088100000, 0x0000000088100000, 0x0000000088200000|  0%| F|  |TAMS 0x0000000088100000, 0x0000000088100000| Untracked 
| 130|0x0000000088200000, 0x0000000088200000, 0x0000000088300000|  0%| F|  |TAMS 0x0000000088200000, 0x0000000088200000| Untracked 
| 131|0x0000000088300000, 0x0000000088300000, 0x0000000088400000|  0%| F|  |TAMS 0x0000000088300000, 0x0000000088300000| Untracked 
| 132|0x0000000088400000, 0x0000000088400000, 0x0000000088500000|  0%| F|  |TAMS 0x0000000088400000, 0x0000000088400000| Untracked 
| 133|0x0000000088500000, 0x0000000088500000, 0x0000000088600000|  0%| F|  |TAMS 0x0000000088500000, 0x0000000088500000| Untracked 
| 134|0x0000000088600000, 0x0000000088600000, 0x0000000088700000|  0%| F|  |TAMS 0x0000000088600000, 0x0000000088600000| Untracked 
| 135|0x0000000088700000, 0x0000000088700000, 0x0000000088800000|  0%| F|  |TAMS 0x0000000088700000, 0x0000000088700000| Untracked 
| 136|0x0000000088800000, 0x0000000088800000, 0x0000000088900000|  0%| F|  |TAMS 0x0000000088800000, 0x0000000088800000| Untracked 
| 137|0x0000000088900000, 0x0000000088900000, 0x0000000088a00000|  0%| F|  |TAMS 0x0000000088900000, 0x0000000088900000| Untracked 
| 138|0x0000000088a00000, 0x0000000088a00000, 0x0000000088b00000|  0%| F|  |TAMS 0x0000000088a00000, 0x0000000088a00000| Untracked 
| 139|0x0000000088b00000, 0x0000000088b00000, 0x0000000088c00000|  0%| F|  |TAMS 0x0000000088b00000, 0x0000000088b00000| Untracked 
| 140|0x0000000088c00000, 0x0000000088c00000, 0x0000000088d00000|  0%| F|  |TAMS 0x0000000088c00000, 0x0000000088c00000| Untracked 
| 141|0x0000000088d00000, 0x0000000088d00000, 0x0000000088e00000|  0%| F|  |TAMS 0x0000000088d00000, 0x0000000088d00000| Untracked 
| 142|0x0000000088e00000, 0x0000000088e00000, 0x0000000088f00000|  0%| F|  |TAMS 0x0000000088e00000, 0x0000000088e00000| Untracked 
| 143|0x0000000088f00000, 0x0000000088f00000, 0x0000000089000000|  0%| F|  |TAMS 0x0000000088f00000, 0x0000000088f00000| Untracked 
| 144|0x0000000089000000, 0x0000000089000000, 0x0000000089100000|  0%| F|  |TAMS 0x0000000089000000, 0x0000000089000000| Untracked 
| 145|0x0000000089100000, 0x0000000089100000, 0x0000000089200000|  0%| F|  |TAMS 0x0000000089100000, 0x0000000089100000| Untracked 
| 146|0x0000000089200000, 0x0000000089300000, 0x0000000089300000|100%| S|CS|TAMS 0x0000000089200000, 0x0000000089200000| Complete 
| 147|0x0000000089300000, 0x0000000089400000, 0x0000000089400000|100%| S|CS|TAMS 0x0000000089300000, 0x0000000089300000| Complete 
| 148|0x0000000089400000, 0x0000000089500000, 0x0000000089500000|100%| S|CS|TAMS 0x0000000089400000, 0x0000000089400000| Complete 
| 149|0x0000000089500000, 0x0000000089600000, 0x0000000089600000|100%| S|CS|TAMS 0x0000000089500000, 0x0000000089500000| Complete 
| 150|0x0000000089600000, 0x0000000089700000, 0x0000000089700000|100%| S|CS|TAMS 0x0000000089600000, 0x0000000089600000| Complete 
| 151|0x0000000089700000, 0x0000000089800000, 0x0000000089800000|100%| S|CS|TAMS 0x0000000089700000, 0x0000000089700000| Complete 
| 152|0x0000000089800000, 0x0000000089900000, 0x0000000089900000|100%| S|CS|TAMS 0x0000000089800000, 0x0000000089800000| Complete 
| 153|0x0000000089900000, 0x0000000089a00000, 0x0000000089a00000|100%| S|CS|TAMS 0x0000000089900000, 0x0000000089900000| Complete 
| 154|0x0000000089a00000, 0x0000000089a00000, 0x0000000089b00000|  0%| F|  |TAMS 0x0000000089a00000, 0x0000000089a00000| Untracked 
| 155|0x0000000089b00000, 0x0000000089b00000, 0x0000000089c00000|  0%| F|  |TAMS 0x0000000089b00000, 0x0000000089b00000| Untracked 
| 156|0x0000000089c00000, 0x0000000089c00000, 0x0000000089d00000|  0%| F|  |TAMS 0x0000000089c00000, 0x0000000089c00000| Untracked 
| 157|0x0000000089d00000, 0x0000000089d00000, 0x0000000089e00000|  0%| F|  |TAMS 0x0000000089d00000, 0x0000000089d00000| Untracked 
| 158|0x0000000089e00000, 0x0000000089e00000, 0x0000000089f00000|  0%| F|  |TAMS 0x0000000089e00000, 0x0000000089e00000| Untracked 
| 159|0x0000000089f00000, 0x0000000089f00000, 0x000000008a000000|  0%| F|  |TAMS 0x0000000089f00000, 0x0000000089f00000| Untracked 
| 160|0x000000008a000000, 0x000000008a000000, 0x000000008a100000|  0%| F|  |TAMS 0x000000008a000000, 0x000000008a000000| Untracked 
| 161|0x000000008a100000, 0x000000008a100000, 0x000000008a200000|  0%| F|  |TAMS 0x000000008a100000, 0x000000008a100000| Untracked 
| 162|0x000000008a200000, 0x000000008a200000, 0x000000008a300000|  0%| F|  |TAMS 0x000000008a200000, 0x000000008a200000| Untracked 
| 163|0x000000008a300000, 0x000000008a300000, 0x000000008a400000|  0%| F|  |TAMS 0x000000008a300000, 0x000000008a300000| Untracked 
| 164|0x000000008a400000, 0x000000008a400000, 0x000000008a500000|  0%| F|  |TAMS 0x000000008a400000, 0x000000008a400000| Untracked 
| 165|0x000000008a500000, 0x000000008a500000, 0x000000008a600000|  0%| F|  |TAMS 0x000000008a500000, 0x000000008a500000| Untracked 
| 166|0x000000008a600000, 0x000000008a600000, 0x000000008a700000|  0%| F|  |TAMS 0x000000008a600000, 0x000000008a600000| Untracked 
| 167|0x000000008a700000, 0x000000008a700000, 0x000000008a800000|  0%| F|  |TAMS 0x000000008a700000, 0x000000008a700000| Untracked 
| 168|0x000000008a800000, 0x000000008a800000, 0x000000008a900000|  0%| F|  |TAMS 0x000000008a800000, 0x000000008a800000| Untracked 
| 169|0x000000008a900000, 0x000000008a900000, 0x000000008aa00000|  0%| F|  |TAMS 0x000000008a900000, 0x000000008a900000| Untracked 
| 170|0x000000008aa00000, 0x000000008aa00000, 0x000000008ab00000|  0%| F|  |TAMS 0x000000008aa00000, 0x000000008aa00000| Untracked 
| 171|0x000000008ab00000, 0x000000008ab00000, 0x000000008ac00000|  0%| F|  |TAMS 0x000000008ab00000, 0x000000008ab00000| Untracked 
| 172|0x000000008ac00000, 0x000000008ac00000, 0x000000008ad00000|  0%| F|  |TAMS 0x000000008ac00000, 0x000000008ac00000| Untracked 
| 173|0x000000008ad00000, 0x000000008ad00000, 0x000000008ae00000|  0%| F|  |TAMS 0x000000008ad00000, 0x000000008ad00000| Untracked 
| 174|0x000000008ae00000, 0x000000008ae00000, 0x000000008af00000|  0%| F|  |TAMS 0x000000008ae00000, 0x000000008ae00000| Untracked 
| 175|0x000000008af00000, 0x000000008afd6b98, 0x000000008b000000| 83%| E|  |TAMS 0x000000008af00000, 0x000000008af00000| Complete 
| 253|0x000000008fd00000, 0x000000008fe00000, 0x000000008fe00000|100%| E|CS|TAMS 0x000000008fd00000, 0x000000008fd00000| Complete 

Card table byte_map: [0x0000027be4520000,0x0000027be4920000] _byte_map_base: 0x0000027be4120000

Marking Bits (Prev, Next): (CMBitMap*) 0x0000027bcc9db0e0, (CMBitMap*) 0x0000027bcc9db0a0
 Prev Bits: [0x0000027be6d20000, 0x0000027be8d20000)
 Next Bits: [0x0000027be4d20000, 0x0000027be6d20000)

Polling page: 0x0000027bca810000

Metaspace:

Usage:
  Non-class:     66.87 MB capacity,    66.14 MB ( 99%) used,   627.56 KB ( <1%) free+waste,   110.50 KB ( <1%) overhead. 
      Class:     10.33 MB capacity,     9.99 MB ( 97%) used,   307.38 KB (  3%) free+waste,    44.38 KB ( <1%) overhead. 
       Both:     77.20 MB capacity,    76.13 MB ( 99%) used,   934.95 KB (  1%) free+waste,   154.88 KB ( <1%) overhead. 

Virtual space:
  Non-class space:       68.00 MB reserved,      66.92 MB ( 98%) committed 
      Class space:        1.00 GB reserved,      10.38 MB (  1%) committed 
             Both:        1.07 GB reserved,      77.30 MB (  7%) committed 

Chunk freelists:
   Non-Class:  58.00 KB
       Class:  11.00 KB
        Both:  69.00 KB

MaxMetaspaceSize: 17179869184.00 GB
CompressedClassSpaceSize: 1.00 GB

CodeHeap 'non-profiled nmethods': size=120000Kb used=4915Kb max_used=5440Kb free=115084Kb
 bounds [0x0000027bdc6a0000, 0x0000027bdcc00000, 0x0000027be3bd0000]
CodeHeap 'profiled nmethods': size=120000Kb used=16580Kb max_used=18823Kb free=103419Kb
 bounds [0x0000027bd5170000, 0x0000027bd63e0000, 0x0000027bdc6a0000]
CodeHeap 'non-nmethods': size=5760Kb used=2393Kb max_used=2525Kb free=3366Kb
 bounds [0x0000027bd4bd0000, 0x0000027bd4e60000, 0x0000027bd5170000]
 total_blobs=9700 nmethods=8819 adapters=793
 compilation: enabled
              stopped_count=0, restarted_count=0
 full_count=0

Compilation events (20 events):
Event: 6.612 Thread 0x0000027bec2f9590 10451       3       com.google.common.base.CharMatcher::countIn (39 bytes)
Event: 6.612 Thread 0x0000027bec2f9590 nmethod 10451 0x0000027bd5486b10 code [0x0000027bd5486ce0, 0x0000027bd5487168]
Event: 6.614 Thread 0x0000027bec2f9590 10453       3       com.android.utils.XmlUtils::toXmlAttributeValue (89 bytes)
Event: 6.615 Thread 0x0000027bec2f9590 nmethod 10453 0x0000027bd5624c90 code [0x0000027bd5624f40, 0x0000027bd5625df8]
Event: 6.627 Thread 0x0000027bec5331c0 nmethod 10449 0x0000027bdc6f2210 code [0x0000027bdc6f23e0, 0x0000027bdc6f3228]
Event: 6.627 Thread 0x0000027bec532cb0 nmethod 10448 0x0000027bdc87c510 code [0x0000027bdc87c6e0, 0x0000027bdc87d528]
Event: 6.627 Thread 0x0000027bec5331c0 10454       4       com.android.utils.XmlUtils::toXmlAttributeValue (89 bytes)
Event: 6.627 Thread 0x0000027bec532cb0 10455       4       com.android.utils.XmlUtils::append (647 bytes)
Event: 6.634 Thread 0x0000027bec5331c0 nmethod 10454 0x0000027bdc702a90 code [0x0000027bdc702c40, 0x0000027bdc703338]
Event: 6.634 Thread 0x0000027bec5331c0 10456       4       java.lang.StringUTF16::lastIndexOf (47 bytes)
Event: 6.636 Thread 0x0000027bec5331c0 nmethod 10456 0x0000027bdcabba90 code [0x0000027bdcabbc00, 0x0000027bdcabbd78]
Event: 6.636 Thread 0x0000027bec5331c0 10457       4       com.google.common.base.CharMatcher::countIn (39 bytes)
Event: 6.639 Thread 0x0000027bec2f9590 10458 %     3       java.lang.StringUTF16::getChars @ 16 (42 bytes)
Event: 6.640 Thread 0x0000027bec2f9590 nmethod 10458% 0x0000027bd5630090 code [0x0000027bd5630260, 0x0000027bd5630628]
Event: 6.640 Thread 0x0000027bec5331c0 nmethod 10457 0x0000027bdc6b1b10 code [0x0000027bdc6b1ca0, 0x0000027bdc6b1fd8]
Event: 6.640 Thread 0x0000027bec2f9590 10459       3       java.lang.StringUTF16::getChars (42 bytes)
Event: 6.640 Thread 0x0000027bec5331c0 10452       4       java.util.HashSet::remove (20 bytes)
Event: 6.640 Thread 0x0000027bec2f9590 nmethod 10459 0x0000027bd51d5210 code [0x0000027bd51d53e0, 0x0000027bd51d5728]
Event: 6.640 Thread 0x0000027bec5331c0 nmethod 10452 0x0000027bdc7a0690 code [0x0000027bdc7a0820, 0x0000027bdc7a0908]
Event: 6.640 Thread 0x0000027bec5331c0 10460 %     4       java.lang.StringUTF16::getChars @ 16 (42 bytes)

GC Heap History (20 events):
Event: 4.418 GC heap before
{Heap before GC invocations=23 (full 0):
 garbage-first heap   total 113664K, used 86486K [0x0000000080000000, 0x0000000100000000)
  region size 1024K, 36 young (36864K), 3 survivors (3072K)
 Metaspace       used 58245K, capacity 59090K, committed 59312K, reserved 1101824K
  class space    used 7554K, capacity 7822K, committed 7936K, reserved 1048576K
}
Event: 4.421 GC heap after
{Heap after GC invocations=24 (full 0):
 garbage-first heap   total 113664K, used 55774K [0x0000000080000000, 0x0000000100000000)
  region size 1024K, 5 young (5120K), 5 survivors (5120K)
 Metaspace       used 58245K, capacity 59090K, committed 59312K, reserved 1101824K
  class space    used 7554K, capacity 7822K, committed 7936K, reserved 1048576K
}
Event: 4.655 GC heap before
{Heap before GC invocations=25 (full 0):
 garbage-first heap   total 113664K, used 88542K [0x0000000080000000, 0x0000000100000000)
  region size 1024K, 37 young (37888K), 5 survivors (5120K)
 Metaspace       used 61302K, capacity 62169K, committed 62256K, reserved 1103872K
  class space    used 8042K, capacity 8310K, committed 8320K, reserved 1048576K
}
Event: 4.659 GC heap after
{Heap after GC invocations=26 (full 0):
 garbage-first heap   total 113664K, used 58376K [0x0000000080000000, 0x0000000100000000)
  region size 1024K, 3 young (3072K), 3 survivors (3072K)
 Metaspace       used 61302K, capacity 62169K, committed 62256K, reserved 1103872K
  class space    used 8042K, capacity 8310K, committed 8320K, reserved 1048576K
}
Event: 4.818 GC heap before
{Heap before GC invocations=26 (full 0):
 garbage-first heap   total 113664K, used 89096K [0x0000000080000000, 0x0000000100000000)
  region size 1024K, 33 young (33792K), 3 survivors (3072K)
 Metaspace       used 62713K, capacity 63593K, committed 63792K, reserved 1103872K
  class space    used 8247K, capacity 8524K, committed 8576K, reserved 1048576K
}
Event: 4.821 GC heap after
{Heap after GC invocations=27 (full 0):
 garbage-first heap   total 113664K, used 60737K [0x0000000080000000, 0x0000000100000000)
  region size 1024K, 5 young (5120K), 5 survivors (5120K)
 Metaspace       used 62713K, capacity 63593K, committed 63792K, reserved 1103872K
  class space    used 8247K, capacity 8524K, committed 8576K, reserved 1048576K
}
Event: 5.117 GC heap before
{Heap before GC invocations=28 (full 0):
 garbage-first heap   total 113664K, used 90433K [0x0000000080000000, 0x0000000100000000)
  region size 1024K, 34 young (34816K), 5 survivors (5120K)
 Metaspace       used 67372K, capacity 68405K, committed 68656K, reserved 1107968K
  class space    used 8898K, capacity 9218K, committed 9344K, reserved 1048576K
}
Event: 5.121 GC heap after
{Heap after GC invocations=29 (full 0):
 garbage-first heap   total 137216K, used 62765K [0x0000000080000000, 0x0000000100000000)
  region size 1024K, 5 young (5120K), 5 survivors (5120K)
 Metaspace       used 67372K, capacity 68405K, committed 68656K, reserved 1107968K
  class space    used 8898K, capacity 9218K, committed 9344K, reserved 1048576K
}
Event: 5.426 GC heap before
{Heap before GC invocations=29 (full 0):
 garbage-first heap   total 137216K, used 107821K [0x0000000080000000, 0x0000000100000000)
  region size 1024K, 50 young (51200K), 5 survivors (5120K)
 Metaspace       used 70941K, capacity 71984K, committed 72240K, reserved 1112064K
  class space    used 9278K, capacity 9592K, committed 9600K, reserved 1048576K
}
Event: 5.430 GC heap after
{Heap after GC invocations=30 (full 0):
 garbage-first heap   total 137216K, used 67916K [0x0000000080000000, 0x0000000100000000)
  region size 1024K, 7 young (7168K), 7 survivors (7168K)
 Metaspace       used 70941K, capacity 71984K, committed 72240K, reserved 1112064K
  class space    used 9278K, capacity 9592K, committed 9600K, reserved 1048576K
}
Event: 5.755 GC heap before
{Heap before GC invocations=30 (full 0):
 garbage-first heap   total 137216K, used 108876K [0x0000000080000000, 0x0000000100000000)
  region size 1024K, 47 young (48128K), 7 survivors (7168K)
 Metaspace       used 73653K, capacity 74783K, committed 74928K, reserved 1114112K
  class space    used 9760K, capacity 10141K, committed 10240K, reserved 1048576K
}
Event: 5.761 GC heap after
{Heap after GC invocations=31 (full 0):
 garbage-first heap   total 137216K, used 72650K [0x0000000080000000, 0x0000000100000000)
  region size 1024K, 5 young (5120K), 5 survivors (5120K)
 Metaspace       used 73653K, capacity 74783K, committed 74928K, reserved 1114112K
  class space    used 9760K, capacity 10141K, committed 10240K, reserved 1048576K
}
Event: 5.891 GC heap before
{Heap before GC invocations=32 (full 0):
 garbage-first heap   total 150528K, used 108490K [0x0000000080000000, 0x0000000100000000)
  region size 1024K, 41 young (41984K), 5 survivors (5120K)
 Metaspace       used 73856K, capacity 74978K, committed 75184K, reserved 1114112K
  class space    used 9762K, capacity 10142K, committed 10240K, reserved 1048576K
}
Event: 5.894 GC heap after
{Heap after GC invocations=33 (full 0):
 garbage-first heap   total 150528K, used 74959K [0x0000000080000000, 0x0000000100000000)
  region size 1024K, 3 young (3072K), 3 survivors (3072K)
 Metaspace       used 73856K, capacity 74978K, committed 75184K, reserved 1114112K
  class space    used 9762K, capacity 10142K, committed 10240K, reserved 1048576K
}
Event: 6.029 GC heap before
{Heap before GC invocations=33 (full 0):
 garbage-first heap   total 150528K, used 120015K [0x0000000080000000, 0x0000000100000000)
  region size 1024K, 48 young (49152K), 3 survivors (3072K)
 Metaspace       used 74261K, capacity 75363K, committed 75696K, reserved 1114112K
  class space    used 9783K, capacity 10142K, committed 10240K, reserved 1048576K
}
Event: 6.032 GC heap after
{Heap after GC invocations=34 (full 0):
 garbage-first heap   total 181248K, used 77312K [0x0000000080000000, 0x0000000100000000)
  region size 1024K, 5 young (5120K), 5 survivors (5120K)
 Metaspace       used 74261K, capacity 75363K, committed 75696K, reserved 1114112K
  class space    used 9783K, capacity 10142K, committed 10240K, reserved 1048576K
}
Event: 6.472 GC heap before
{Heap before GC invocations=35 (full 0):
 garbage-first heap   total 181248K, used 148992K [0x0000000080000000, 0x0000000100000000)
  region size 1024K, 73 young (74752K), 5 survivors (5120K)
 Metaspace       used 77806K, capacity 78923K, committed 79152K, reserved 1118208K
  class space    used 10221K, capacity 10581K, committed 10624K, reserved 1048576K
}
Event: 6.480 GC heap after
{Heap after GC invocations=36 (full 0):
 garbage-first heap   total 181248K, used 95099K [0x0000000080000000, 0x0000000100000000)
  region size 1024K, 10 young (10240K), 10 survivors (10240K)
 Metaspace       used 77806K, capacity 78923K, committed 79152K, reserved 1118208K
  class space    used 10221K, capacity 10581K, committed 10624K, reserved 1048576K
}
Event: 6.590 GC heap before
{Heap before GC invocations=36 (full 0):
 garbage-first heap   total 181248K, used 116603K [0x0000000080000000, 0x0000000100000000)
  region size 1024K, 33 young (33792K), 10 survivors (10240K)
 Metaspace       used 77947K, capacity 79051K, committed 79152K, reserved 1118208K
  class space    used 10227K, capacity 10581K, committed 10624K, reserved 1048576K
}
Event: 6.598 GC heap after
{Heap after GC invocations=37 (full 0):
 garbage-first heap   total 181248K, used 104042K [0x0000000080000000, 0x0000000100000000)
  region size 1024K, 8 young (8192K), 8 survivors (8192K)
 Metaspace       used 77947K, capacity 79051K, committed 79152K, reserved 1118208K
  class space    used 10227K, capacity 10581K, committed 10624K, reserved 1048576K
}

Deoptimization events (20 events):
Event: 6.642 Thread 0x0000027bf3914260 DEOPT PACKING pc=0x0000027bd563058a sp=0x000000b355af9dd0
Event: 6.642 Thread 0x0000027bf3914260 DEOPT UNPACKING pc=0x0000027bd4c1e23f sp=0x000000b355af92e0 mode 0
Event: 6.642 Thread 0x0000027bf3914260 DEOPT PACKING pc=0x0000027bd563058a sp=0x000000b355af9dd0
Event: 6.642 Thread 0x0000027bf3914260 DEOPT UNPACKING pc=0x0000027bd4c1e23f sp=0x000000b355af92e0 mode 0
Event: 6.642 Thread 0x0000027bf3914260 DEOPT PACKING pc=0x0000027bd563058a sp=0x000000b355af9dd0
Event: 6.642 Thread 0x0000027bf3914260 DEOPT UNPACKING pc=0x0000027bd4c1e23f sp=0x000000b355af92e0 mode 0
Event: 6.642 Thread 0x0000027bf3914260 DEOPT PACKING pc=0x0000027bd563058a sp=0x000000b355af9dd0
Event: 6.642 Thread 0x0000027bf3914260 DEOPT UNPACKING pc=0x0000027bd4c1e23f sp=0x000000b355af92e0 mode 0
Event: 6.642 Thread 0x0000027bf3914260 DEOPT PACKING pc=0x0000027bd563058a sp=0x000000b355af9dd0
Event: 6.642 Thread 0x0000027bf3914260 DEOPT UNPACKING pc=0x0000027bd4c1e23f sp=0x000000b355af92e0 mode 0
Event: 6.642 Thread 0x0000027bf3914260 DEOPT PACKING pc=0x0000027bd563058a sp=0x000000b355af9dd0
Event: 6.642 Thread 0x0000027bf3914260 DEOPT UNPACKING pc=0x0000027bd4c1e23f sp=0x000000b355af92e0 mode 0
Event: 6.642 Thread 0x0000027bf3914260 DEOPT PACKING pc=0x0000027bd563058a sp=0x000000b355af9dd0
Event: 6.642 Thread 0x0000027bf3914260 DEOPT UNPACKING pc=0x0000027bd4c1e23f sp=0x000000b355af92e0 mode 0
Event: 6.642 Thread 0x0000027bf3914260 DEOPT PACKING pc=0x0000027bd563058a sp=0x000000b355af9dd0
Event: 6.642 Thread 0x0000027bf3914260 DEOPT UNPACKING pc=0x0000027bd4c1e23f sp=0x000000b355af92e0 mode 0
Event: 6.642 Thread 0x0000027bf3914260 DEOPT PACKING pc=0x0000027bd563058a sp=0x000000b355af9dd0
Event: 6.642 Thread 0x0000027bf3914260 DEOPT UNPACKING pc=0x0000027bd4c1e23f sp=0x000000b355af92e0 mode 0
Event: 6.642 Thread 0x0000027bf3914260 DEOPT PACKING pc=0x0000027bd563058a sp=0x000000b355af9dd0
Event: 6.642 Thread 0x0000027bf3914260 DEOPT UNPACKING pc=0x0000027bd4c1e23f sp=0x000000b355af92e0 mode 0

Classes unloaded (11 events):
Event: 6.071 Thread 0x0000027beb9d0380 Unloading class 0x00000008014ca440 'java/lang/invoke/LambdaForm$DMH+0x00000008014ca440'
Event: 6.071 Thread 0x0000027beb9d0380 Unloading class 0x00000008014ca040 'java/lang/invoke/LambdaForm$DMH+0x00000008014ca040'
Event: 6.071 Thread 0x0000027beb9d0380 Unloading class 0x00000008014cac40 'java/lang/invoke/LambdaForm$DMH+0x00000008014cac40'
Event: 6.071 Thread 0x0000027beb9d0380 Unloading class 0x00000008014ca840 'java/lang/invoke/LambdaForm$DMH+0x00000008014ca840'
Event: 6.071 Thread 0x0000027beb9d0380 Unloading class 0x00000008014cb440 'java/lang/invoke/LambdaForm$DMH+0x00000008014cb440'
Event: 6.071 Thread 0x0000027beb9d0380 Unloading class 0x00000008014cb040 'java/lang/invoke/LambdaForm$DMH+0x00000008014cb040'
Event: 6.071 Thread 0x0000027beb9d0380 Unloading class 0x00000008014cbc40 'java/lang/invoke/LambdaForm$DMH+0x00000008014cbc40'
Event: 6.071 Thread 0x0000027beb9d0380 Unloading class 0x00000008014cb840 'java/lang/invoke/LambdaForm$DMH+0x00000008014cb840'
Event: 6.071 Thread 0x0000027beb9d0380 Unloading class 0x00000008014cc440 'java/lang/invoke/LambdaForm$DMH+0x00000008014cc440'
Event: 6.071 Thread 0x0000027beb9d0380 Unloading class 0x00000008014cc040 'java/lang/invoke/LambdaForm$DMH+0x00000008014cc040'
Event: 6.071 Thread 0x0000027beb9d0380 Unloading class 0x00000008014cc840 'java/lang/invoke/LambdaForm$DMH+0x00000008014cc840'

Classes redefined (0 events):
No events

Internal exceptions (20 events):
Event: 5.450 Thread 0x0000027bf3912f20 Exception <a 'java/lang/NoSuchMethodError'{0x00000000897a0980}: static [Ljava/lang/String;.<clinit>()V> (0x00000000897a0980) 
thrown [./open/src/hotspot/share/prims/jni.cpp, line 1204]
Event: 5.475 Thread 0x0000027bee21ca20 Exception <a 'java/lang/NoSuchMethodError'{0x00000000895d0120}: static Lorg/gradle/internal/build/event/types/DefaultTaskSkippedResult;.<clinit>()V> (0x00000000895d0120) 
thrown [./open/src/hotspot/share/prims/jni.cpp, line 1204]
Event: 5.695 Thread 0x0000027bef7aa760 Exception <a 'java/lang/NoSuchMethodError'{0x0000000086b46898}: 'java.lang.Object java.lang.invoke.DirectMethodHandle$Holder.invokeSpecialIFC(java.lang.Object, java.lang.Object, java.lang.Object)'> (0x0000000086b46898) 
thrown [./open/src/hotspot/share/interpreter/linkResolver.cpp, line 782]
Event: 5.695 Thread 0x0000027bef7aac30 Exception <a 'java/lang/NoSuchMethodError'{0x0000000086b0c618}: 'java.lang.Object java.lang.invoke.DirectMethodHandle$Holder.invokeSpecialIFC(java.lang.Object, java.lang.Object, java.lang.Object)'> (0x0000000086b0c618) 
thrown [./open/src/hotspot/share/interpreter/linkResolver.cpp, line 782]
Event: 5.695 Thread 0x0000027bef7ac440 Exception <a 'java/lang/NoSuchMethodError'{0x0000000086b2ae88}: 'java.lang.Object java.lang.invoke.DirectMethodHandle$Holder.invokeSpecialIFC(java.lang.Object, java.lang.Object, java.lang.Object)'> (0x0000000086b2ae88) 
thrown [./open/src/hotspot/share/interpreter/linkResolver.cpp, line 782]
Event: 5.695 Thread 0x0000027bef7ae120 Exception <a 'java/lang/NoSuchMethodError'{0x0000000086ca6d10}: 'java.lang.Object java.lang.invoke.DirectMethodHandle$Holder.invokeSpecialIFC(java.lang.Object, java.lang.Object, java.lang.Object)'> (0x0000000086ca6d10) 
thrown [./open/src/hotspot/share/interpreter/linkResolver.cpp, line 782]
Event: 5.695 Thread 0x0000027bef7ac910 Exception <a 'java/lang/NoSuchMethodError'{0x0000000086b17d10}: 'java.lang.Object java.lang.invoke.DirectMethodHandle$Holder.invokeSpecialIFC(java.lang.Object, java.lang.Object, java.lang.Object)'> (0x0000000086b17d10) 
thrown [./open/src/hotspot/share/interpreter/linkResolver.cpp, line 782]
Event: 5.695 Thread 0x0000027bef7a9420 Exception <a 'java/lang/NoSuchMethodError'{0x0000000086b734c0}: 'java.lang.Object java.lang.invoke.DirectMethodHandle$Holder.invokeSpecialIFC(java.lang.Object, java.lang.Object, java.lang.Object)'> (0x0000000086b734c0) 
thrown [./open/src/hotspot/share/interpreter/linkResolver.cpp, line 782]
Event: 5.695 Thread 0x0000027bef7a98f0 Exception <a 'java/lang/NoSuchMethodError'{0x0000000086b38350}: 'java.lang.Object java.lang.invoke.DirectMethodHandle$Holder.invokeSpecialIFC(java.lang.Object, java.lang.Object, java.lang.Object)'> (0x0000000086b38350) 
thrown [./open/src/hotspot/share/interpreter/linkResolver.cpp, line 782]
Event: 5.695 Thread 0x0000027bef7a8a80 Exception <a 'java/lang/NoSuchMethodError'{0x0000000086b80758}: 'java.lang.Object java.lang.invoke.DirectMethodHandle$Holder.invokeSpecialIFC(java.lang.Object, java.lang.Object, java.lang.Object)'> (0x0000000086b80758) 
thrown [./open/src/hotspot/share/interpreter/linkResolver.cpp, line 782]
Event: 5.695 Thread 0x0000027bef7a9dc0 Exception <a 'java/lang/NoSuchMethodError'{0x0000000086b52c20}: 'java.lang.Object java.lang.invoke.DirectMethodHandle$Holder.invokeSpecialIFC(java.lang.Object, java.lang.Object, java.lang.Object)'> (0x0000000086b52c20) 
thrown [./open/src/hotspot/share/interpreter/linkResolver.cpp, line 782]
Event: 5.695 Thread 0x0000027bef7abaa0 Exception <a 'java/lang/NoSuchMethodError'{0x0000000086cfa2f0}: 'java.lang.Object java.lang.invoke.DirectMethodHandle$Holder.invokeSpecialIFC(java.lang.Object, java.lang.Object, java.lang.Object)'> (0x0000000086cfa2f0) 
thrown [./open/src/hotspot/share/interpreter/linkResolver.cpp, line 782]
Event: 5.695 Thread 0x0000027bef7a8f50 Exception <a 'java/lang/NoSuchMethodError'{0x0000000086cdb878}: 'java.lang.Object java.lang.invoke.DirectMethodHandle$Holder.invokeSpecialIFC(java.lang.Object, java.lang.Object, java.lang.Object)'> (0x0000000086cdb878) 
thrown [./open/src/hotspot/share/interpreter/linkResolver.cpp, line 782]
Event: 5.695 Thread 0x0000027bef7af460 Exception <a 'java/lang/NoSuchMethodError'{0x0000000086b61a00}: 'java.lang.Object java.lang.invoke.DirectMethodHandle$Holder.invokeSpecialIFC(java.lang.Object, java.lang.Object, java.lang.Object)'> (0x0000000086b61a00) 
thrown [./open/src/hotspot/share/interpreter/linkResolver.cpp, line 782]
Event: 5.720 Thread 0x0000027bef7a8a80 Exception <a 'java/lang/NoSuchMethodError'{0x0000000086618628}: 'int java.lang.invoke.DirectMethodHandle$Holder.invokeStaticInit(java.lang.Object, java.lang.Object, java.lang.Object, java.lang.Object, java.lang.Object)'> (0x0000000086618628) 
thrown [./open/src/hotspot/share/interpreter/linkResolver.cpp, line 782]
Event: 5.771 Thread 0x0000027bef7a9420 Exception <a 'java/lang/NoSuchMethodError'{0x00000000898675f8}: 'void java.lang.invoke.DirectMethodHandle$Holder.invokeVirtual(java.lang.Object, java.lang.Object)'> (0x00000000898675f8) 
thrown [./open/src/hotspot/share/interpreter/linkResolver.cpp, line 782]
Event: 5.929 Thread 0x0000027bf3914260 Exception <a 'java/lang/IncompatibleClassChangeError'{0x000000008852ed28}: Found class java.lang.Object, but interface was expected> (0x000000008852ed28) 
thrown [./open/src/hotspot/share/interpreter/linkResolver.cpp, line 848]
Event: 6.167 Thread 0x0000027bf3914260 Implicit null exception at 0x0000027bdc9befe4 to 0x0000027bdc9bf218
Event: 6.408 Thread 0x0000027bf3914260 Exception <a 'java/lang/NoSuchMethodError'{0x000000008720b7a0}: 'java.lang.Object java.lang.invoke.Invokers$Holder.invoke_MT(java.lang.Object, java.lang.Object, java.lang.Object)'> (0x000000008720b7a0) 
thrown [./open/src/hotspot/share/interpreter/linkResolver.cpp, line 782]
Event: 6.452 Thread 0x0000027bf3914260 Implicit null exception at 0x0000027bdca802c9 to 0x0000027bdca82130

Events (20 events):
Event: 6.574 Thread 0x0000027bec302eb0 flushing nmethod 0x0000027bd631dd90
Event: 6.574 Thread 0x0000027bec302eb0 flushing nmethod 0x0000027bd632a510
Event: 6.574 Thread 0x0000027bec302eb0 flushing nmethod 0x0000027bd632c410
Event: 6.574 Thread 0x0000027bec302eb0 flushing nmethod 0x0000027bd632f410
Event: 6.574 Thread 0x0000027bec302eb0 flushing nmethod 0x0000027bd6338790
Event: 6.574 Thread 0x0000027bec302eb0 flushing nmethod 0x0000027bd6339090
Event: 6.574 Thread 0x0000027bec302eb0 flushing nmethod 0x0000027bd6339810
Event: 6.574 Thread 0x0000027bec302eb0 flushing nmethod 0x0000027bd6339d10
Event: 6.574 Thread 0x0000027bec302eb0 flushing nmethod 0x0000027bd633d090
Event: 6.574 Thread 0x0000027bec302eb0 flushing nmethod 0x0000027bd6340310
Event: 6.574 Thread 0x0000027bec302eb0 flushing nmethod 0x0000027bd6340710
Event: 6.575 Thread 0x0000027bec302eb0 flushing nmethod 0x0000027bd638f310
Event: 6.575 Thread 0x0000027bec302eb0 flushing nmethod 0x0000027bd6391810
Event: 6.575 Thread 0x0000027bec302eb0 flushing nmethod 0x0000027bd6397090
Event: 6.575 Thread 0x0000027bec302eb0 flushing nmethod 0x0000027bd639b410
Event: 6.577 Executing VM operation: ICBufferFull
Event: 6.578 Executing VM operation: ICBufferFull done
Event: 6.590 Executing VM operation: G1TryInitiateConcMark
Event: 6.598 Executing VM operation: G1TryInitiateConcMark done
Event: 6.642 Executing VM operation: G1Concurrent


Dynamic libraries:
0x00007ff775c90000 - 0x00007ff775c9f000 	C:\Program Files\Java\jdk-15.0.2\bin\java.exe
0x00007ffe3c2c0000 - 0x00007ffe3c4c9000 	C:\WINDOWS\SYSTEM32\ntdll.dll
0x00007ffe3b630000 - 0x00007ffe3b6ed000 	C:\WINDOWS\System32\KERNEL32.DLL
0x00007ffe39ab0000 - 0x00007ffe39e24000 	C:\WINDOWS\System32\KERNELBASE.dll
0x00007ffe397b0000 - 0x00007ffe398c1000 	C:\WINDOWS\System32\ucrtbase.dll
0x00007ffe36a00000 - 0x00007ffe36a19000 	C:\Program Files\Java\jdk-15.0.2\bin\VCRUNTIME140.dll
0x00007ffe369e0000 - 0x00007ffe369f8000 	C:\Program Files\Java\jdk-15.0.2\bin\jli.dll
0x00007ffe3b030000 - 0x00007ffe3b0de000 	C:\WINDOWS\System32\ADVAPI32.dll
0x00007ffe3bf50000 - 0x00007ffe3bff3000 	C:\WINDOWS\System32\msvcrt.dll
0x00007ffe3b140000 - 0x00007ffe3b1de000 	C:\WINDOWS\System32\sechost.dll
0x00007ffe3c0f0000 - 0x00007ffe3c210000 	C:\WINDOWS\System32\RPCRT4.dll
0x00007ffe3b480000 - 0x00007ffe3b62c000 	C:\WINDOWS\System32\USER32.dll
0x00007ffe1a9f0000 - 0x00007ffe1ac95000 	C:\WINDOWS\WinSxS\amd64_microsoft.windows.common-controls_6595b64144ccf1df_6.0.22000.120_none_9d947278b86cc467\COMCTL32.dll
0x00007ffe3a010000 - 0x00007ffe3a036000 	C:\WINDOWS\System32\win32u.dll
0x00007ffe3b2f0000 - 0x00007ffe3b319000 	C:\WINDOWS\System32\GDI32.dll
0x00007ffe3a040000 - 0x00007ffe3a152000 	C:\WINDOWS\System32\gdi32full.dll
0x00007ffe398d0000 - 0x00007ffe3996d000 	C:\WINDOWS\System32\msvcp_win.dll
0x00007ffe34aa0000 - 0x00007ffe34aaa000 	C:\WINDOWS\SYSTEM32\VERSION.dll
0x00007ffe3a4f0000 - 0x00007ffe3a521000 	C:\WINDOWS\System32\IMM32.DLL
0x00007ffe369d0000 - 0x00007ffe369dc000 	C:\Program Files\Java\jdk-15.0.2\bin\vcruntime140_1.dll
0x00007ffe36930000 - 0x00007ffe369c1000 	C:\Program Files\Java\jdk-15.0.2\bin\msvcp140.dll
0x00007ffdc4b10000 - 0x00007ffdc566e000 	C:\Program Files\Java\jdk-15.0.2\bin\server\jvm.dll
0x00007ffe3a160000 - 0x00007ffe3a168000 	C:\WINDOWS\System32\PSAPI.DLL
0x00007ffe29d70000 - 0x00007ffe29d79000 	C:\WINDOWS\SYSTEM32\WSOCK32.dll
0x00007ffe2b380000 - 0x00007ffe2b3b3000 	C:\WINDOWS\SYSTEM32\WINMM.dll
0x00007ffe3bba0000 - 0x00007ffe3bc0f000 	C:\WINDOWS\System32\WS2_32.dll
0x00007ffe389a0000 - 0x00007ffe389b8000 	C:\WINDOWS\SYSTEM32\kernel.appcore.dll
0x00007ffe36920000 - 0x00007ffe3692a000 	C:\Program Files\Java\jdk-15.0.2\bin\jimage.dll
0x00007ffe281b0000 - 0x00007ffe283d1000 	C:\WINDOWS\SYSTEM32\DBGHELP.DLL
0x00007ffe25790000 - 0x00007ffe257c1000 	C:\WINDOWS\SYSTEM32\dbgcore.DLL
0x00007ffe39a30000 - 0x00007ffe39aaf000 	C:\WINDOWS\System32\bcryptPrimitives.dll
0x00007ffe368f0000 - 0x00007ffe36915000 	C:\Program Files\Java\jdk-15.0.2\bin\java.dll
0x00007ffe3a530000 - 0x00007ffe3acde000 	C:\WINDOWS\System32\SHELL32.dll
0x00007ffe37930000 - 0x00007ffe38197000 	C:\WINDOWS\SYSTEM32\windows.storage.dll
0x00007ffe3a170000 - 0x00007ffe3a4e8000 	C:\WINDOWS\System32\combase.dll
0x00007ffe377c0000 - 0x00007ffe37926000 	C:\WINDOWS\SYSTEM32\wintypes.dll
0x00007ffe3b320000 - 0x00007ffe3b40a000 	C:\WINDOWS\System32\SHCORE.dll
0x00007ffe3b200000 - 0x00007ffe3b25d000 	C:\WINDOWS\System32\shlwapi.dll
0x00007ffe396e0000 - 0x00007ffe39701000 	C:\WINDOWS\SYSTEM32\profapi.dll
0x00007ffe368d0000 - 0x00007ffe368e9000 	C:\Program Files\Java\jdk-15.0.2\bin\net.dll
0x00007ffe34900000 - 0x00007ffe34a0c000 	C:\WINDOWS\SYSTEM32\WINHTTP.dll
0x00007ffe38dd0000 - 0x00007ffe38e37000 	C:\WINDOWS\system32\mswsock.dll
0x00007ffe368b0000 - 0x00007ffe368c2000 	C:\Program Files\Java\jdk-15.0.2\bin\nio.dll
0x00007ffe36890000 - 0x00007ffe368a8000 	C:\Program Files\Java\jdk-15.0.2\bin\zip.dll
0x00007ffe36750000 - 0x00007ffe36760000 	C:\Program Files\Java\jdk-15.0.2\bin\verify.dll
0x00007ffe355a0000 - 0x00007ffe355c7000 	D:\aa\native\8bec1ad78214c89d9ad589b4d07fe93259594b29d510b10fafb7a158f7737e5d\windows-amd64\native-platform.dll
0x00007ffe24220000 - 0x00007ffe2435d000 	D:\aa\native\53dbd7edfb1c66fb8903c78663c9afc45aea4f116125fa6feffd364cf09443e8\windows-amd64\native-platform-file-events.dll
0x00007ffe36740000 - 0x00007ffe36749000 	C:\Program Files\Java\jdk-15.0.2\bin\management.dll
0x00007ffe36730000 - 0x00007ffe3673b000 	C:\Program Files\Java\jdk-15.0.2\bin\management_ext.dll
0x00007ffe39010000 - 0x00007ffe39028000 	C:\WINDOWS\SYSTEM32\CRYPTSP.dll
0x00007ffe38900000 - 0x00007ffe38935000 	C:\WINDOWS\system32\rsaenh.dll
0x00007ffe38ec0000 - 0x00007ffe38ee9000 	C:\WINDOWS\SYSTEM32\USERENV.dll
0x00007ffe39190000 - 0x00007ffe391b7000 	C:\WINDOWS\SYSTEM32\bcrypt.dll
0x00007ffe39030000 - 0x00007ffe3903c000 	C:\WINDOWS\SYSTEM32\CRYPTBASE.dll
0x00007ffe384d0000 - 0x00007ffe384fd000 	C:\WINDOWS\SYSTEM32\IPHLPAPI.DLL
0x00007ffe3c210000 - 0x00007ffe3c219000 	C:\WINDOWS\System32\NSI.dll
0x00007ffe34740000 - 0x00007ffe34759000 	C:\WINDOWS\SYSTEM32\dhcpcsvc6.DLL
0x00007ffe34c40000 - 0x00007ffe34c5e000 	C:\WINDOWS\SYSTEM32\dhcpcsvc.DLL
0x00007ffe38500000 - 0x00007ffe385e7000 	C:\WINDOWS\SYSTEM32\DNSAPI.dll

dbghelp: loaded successfully - version: 4.0.5 - missing functions: none
symbol engine: initialized successfully - sym options: 0x614 - pdb path: .;C:\Program Files\Java\jdk-15.0.2\bin;C:\WINDOWS\SYSTEM32;C:\WINDOWS\WinSxS\amd64_microsoft.windows.common-controls_6595b64144ccf1df_6.0.22000.120_none_9d947278b86cc467;C:\Program Files\Java\jdk-15.0.2\bin\server;D:\aa\native\8bec1ad78214c89d9ad589b4d07fe93259594b29d510b10fafb7a158f7737e5d\windows-amd64;D:\aa\native\53dbd7edfb1c66fb8903c78663c9afc45aea4f116125fa6feffd364cf09443e8\windows-amd64

VM Arguments:
jvm_args: --add-opens=java.base/java.util=ALL-UNNAMED --add-opens=java.base/java.lang=ALL-UNNAMED --add-opens=java.base/java.lang.invoke=ALL-UNNAMED --add-opens=java.base/java.util=ALL-UNNAMED --add-opens=java.prefs/java.util.prefs=ALL-UNNAMED --add-opens=java.prefs/java.util.prefs=ALL-UNNAMED --add-opens=java.base/java.nio.charset=ALL-UNNAMED --add-opens=java.base/java.net=ALL-UNNAMED --add-opens=java.base/java.util.concurrent.atomic=ALL-UNNAMED -Xmx2048m -Dfile.encoding=UTF-8 -Duser.country=IN -Duser.language=en -Duser.variant 
java_command: org.gradle.launcher.daemon.bootstrap.GradleDaemon 7.0.2
java_class_path (initial): D:\aa\wrapper\dists\gradle-7.0.2-bin\857tjihv64xamwrf0h14cai3r\gradle-7.0.2\lib\gradle-launcher-7.0.2.jar
Launcher Type: SUN_STANDARD

[Global flags]
     intx CICompilerCount                          = 4                                         {product} {ergonomic}
     uint ConcGCThreads                            = 3                                         {product} {ergonomic}
     uint G1ConcRefinementThreads                  = 10                                        {product} {ergonomic}
   size_t G1HeapRegionSize                         = 1048576                                   {product} {ergonomic}
    uintx GCDrainStackTargetSize                   = 64                                        {product} {ergonomic}
   size_t InitialHeapSize                          = 266338304                                 {product} {ergonomic}
   size_t MarkStackSize                            = 4194304                                   {product} {ergonomic}
   size_t MaxHeapSize                              = 2147483648                                {product} {command line}
   size_t MaxNewSize                               = 1287651328                                {product} {ergonomic}
   size_t MinHeapDeltaBytes                        = 1048576                                   {product} {ergonomic}
   size_t MinHeapSize                              = 8388608                                   {product} {ergonomic}
    uintx NonNMethodCodeHeapSize                   = 5839372                                {pd product} {ergonomic}
    uintx NonProfiledCodeHeapSize                  = 122909434                              {pd product} {ergonomic}
    uintx ProfiledCodeHeapSize                     = 122909434                              {pd product} {ergonomic}
    uintx ReservedCodeCacheSize                    = 251658240                              {pd product} {ergonomic}
     bool SegmentedCodeCache                       = true                                      {product} {ergonomic}
   size_t SoftMaxHeapSize                          = 2147483648                             {manageable} {ergonomic}
     bool UseCompressedClassPointers               = true                                 {lp64_product} {ergonomic}
     bool UseCompressedOops                        = true                                 {lp64_product} {ergonomic}
     bool UseG1GC                                  = true                                      {product} {ergonomic}
     bool UseLargePagesIndividualAllocation        = false                                  {pd product} {ergonomic}

Logging:
Log output configuration:
 #0: stdout all=warning uptime,level,tags
 #1: stderr all=off uptime,level,tags

Environment Variables:
JAVA_HOME=C:\Program Files\Java\jdk-15.0.2
PATH=C:\MinGW;C:\MinGW\bin;C:\Program Files\Java\jdk-15.0.2\bin;C:\Program Files\Common Files\Oracle\Java\javapath;C:\Windows\system32;C:\Windows;C:\Windows\System32\Wbem;C:\Windows\System32\WindowsPowerShell\v1.0\;C:\Windows\System32\OpenSSH\;C:\Program Files (x86)\NVIDIA Corporation\PhysX\Common;C:\Program Files\NVIDIA Corporation\NVIDIA NvDLISR;C:\WINDOWS\system32;C:\WINDOWS;C:\WINDOWS\System32\Wbem;C:\WINDOWS\System32\WindowsPowerShell\v1.0\;C:\WINDOWS\System32\OpenSSH\;C:\Program Files\Git\cmd;C:\Program Files\dotnet\;C:\Users\Deepak\Desktop\gradle1\gradle-7.0.1\bin;C:\Users\Deepak\Desktop\gradle1\gradle-7.0.1;C:\Program Files\nodejs;C:\Program Files\Google\Google Apps Sync\;C:\Program Files\Google\Google Apps Migration\;C:\Program Files\Microsoft SQL Server\150\Tools\Binn\;C:\Program Files\Microsoft SQL Server\Client SDK\ODBC\170\Tools\Binn\;C:\Program Files\MySQL\MySQL Router 8.0\bin;C:\Program Files (x86)\Microsoft SQL Server\150\Tools\Binn\;C:\Program Files\Microsoft SQL Server\150\DTS\Binn\;C:\Program Files (x86)\Microsoft SQL Server\150\DTS\Binn\;C:\Program Files\Azure Data Studio\bin;C:\Users\Deepak\anaconda3;C:\Users\Deepak\anaconda3\Library\mingw-w64\bin;C:\Users\Deepak\anaconda3\Library\usr\bin;C:\Users\Deepak\anaconda3\Library\bin;C:\Users\Deepak\anaconda3\Scripts;C:\Program Files\MySQL\MySQL Shell 8.0\bin\;C:\src\flutter\flutter\bin;C:\Users\Deepak\AppData\Local\Programs\Python\Python39\Scripts\;C:\Users\Deepak\AppData\Local\Programs\Python\Python39\;C:\Program Files\Java\jdk-15.0.2\bin;C:\Program Files\JetBrains\IntelliJ IDEA 2020.3.2\bin;;C:\Users\Deepak\AppData\Local\Microsoft\WindowsApps;C:\Users\Deepak\AppData\Local\Programs\Microsoft VS Code\bin;C:\Users\Deepak\AppData\Local\Programs\radare2\bin;C:\Modeltech_eval_6.2c\win32;C:\Modeltech_6.2c\win32;C:\Program Files\JetBrains\IntelliJ IDEA Community Edition 2021.1.2\bin;;C:\Program Files\JetBrains\PyCharm Community Edition 2021.1.2\bin;;C:\Users\Deepak\AppData\Roaming\npm;C:\Users\Deepak\AppData\Lo
USERNAME=Deepak
OS=Windows_NT
PROCESSOR_IDENTIFIER=Intel64 Family 6 Model 158 Stepping 10, GenuineIntel



---------------  S Y S T E M  ---------------

OS:
 Windows 10 , 64 bit Build 22000 (10.0.22000.434)
OS uptime: 1 days 19:45 hours

CPU: total 12 (initial active 12) (6 cores per cpu, 2 threads per core) family 6 model 158 stepping 10 microcode 0xde, cmov, cx8, fxsr, mmx, sse, sse2, sse3, ssse3, sse4.1, sse4.2, popcnt, vzeroupper, avx, avx2, aes, clmul, erms, 3dnowpref, lzcnt, ht, tsc, tscinvbit, bmi1, bmi2, adx, fma, clflush, clflushopt

Memory: 4k page, system-wide physical 16225M (2535M free)
TotalPageFile size 16225M (AvailPageFile size 29M)
current process WorkingSet (physical memory assigned to process): 426M, peak: 429M
current process commit charge ("private bytes"): 474M, peak: 503M

vm_info: Java HotSpot(TM) 64-Bit Server VM (15.0.2+7-27) for windows-amd64 JRE (15.0.2+7-27), built on Dec  7 2020 20:07:01 by "mach5one" with unknown MS VC++:1925

END.
