#
# There is insufficient memory for the Java Runtime Environment to continue.
# Native memory allocation (mmap) failed to map 168820736 bytes for Failed to commit area from 0x000000008fe00000 to 0x0000000099f00000 of length 168820736.
# Possible reasons:
#   The system is out of physical RAM or swap space
#   The process is running with CompressedOops enabled, and the Java Heap may be blocking the growth of the native heap
# Possible solutions:
#   Reduce memory load on the system
#   Increase physical memory or swap space
#   Check if swap backing store is full
#   Decrease Java heap size (-Xmx/-Xms)
#   Decrease number of Java threads
#   Decrease Java thread stack sizes (-Xss)
#   Set larger code cache with -XX:ReservedCodeCacheSize=
#   JVM is running with Unscaled Compressed Oops mode in which the Java heap is
#     placed in the first 4GB address space. The Java Heap base address is the
#     maximum limit for the native heap growth. Please use -XX:HeapBaseMinAddress
#     to set the Java Heap base and to place the Java Heap above 4GB virtual address.
# This output file may be truncated or incomplete.
#
#  Out of Memory Error (./src/hotspot/os/windows/os_windows.cpp:3301), pid=16132, tid=8956
#
# JRE version: OpenJDK Runtime Environment (11.0.10) (build 11.0.10+0-b96-7249189)
# Java VM: OpenJDK 64-Bit Server VM (11.0.10+0-b96-7249189, mixed mode, tiered, compressed oops, g1 gc, windows-amd64)
# No core dump will be written. Minidumps are not enabled by default on client versions of Windows
#

---------------  S U M M A R Y ------------

Command Line: --add-opens=java.base/java.util=ALL-UNNAMED --add-opens=java.base/java.lang=ALL-UNNAMED --add-opens=java.base/java.lang.invoke=ALL-UNNAMED --add-opens=java.base/java.util=ALL-UNNAMED --add-opens=java.prefs/java.util.prefs=ALL-UNNAMED --add-opens=java.prefs/java.util.prefs=ALL-UNNAMED --add-opens=java.base/java.nio.charset=ALL-UNNAMED --add-opens=java.base/java.net=ALL-UNNAMED --add-opens=java.base/java.util.concurrent.atomic=ALL-UNNAMED -Xmx2048m -Dfile.encoding=UTF-8 -Duser.country=IN -Duser.language=en -Duser.variant org.gradle.launcher.daemon.bootstrap.GradleDaemon 7.0.2

Host: Intel(R) Core(TM) i7-9750H CPU @ 2.60GHz, 12 cores, 15G,  Windows 10 , 64 bit Build 22000 (10.0.22000.434)
Time: Sun Jan 30 17:17:33 2022 India Standard Time elapsed time: 876.696214 seconds (0d 0h 14m 36s)

---------------  T H R E A D  ---------------

Current thread (0x0000024e06c69800):  VMThread "VM Thread" [stack: 0x0000007ae5e00000,0x0000007ae5f00000] [id=8956]

Stack: [0x0000007ae5e00000,0x0000007ae5f00000]
[error occurred during error reporting (printing stack bounds), id 0xc0000005, EXCEPTION_ACCESS_VIOLATION (0xc0000005) at pc=0x0000024e6f5f0f2d]

Native frames: (J=compiled Java code, j=interpreted, Vv=VM code, C=native code)
V  [jvm.dll+0x5ecfaa]
V  [jvm.dll+0x722bd5]
V  [jvm.dll+0x72412d]
V  [jvm.dll+0x724745]
V  [jvm.dll+0x7246fb]
V  [jvm.dll+0x5ec348]
V  [jvm.dll+0x5ecad8]
C  [ntdll.dll+0xa82ff]
C  [ntdll.dll+0x35a0a]
C  [ntdll.dll+0xa730e]
C  0x0000024e6f5f0f2d

VM_Operation (0x0000007ae84feee0): G1CollectForAllocation, mode: safepoint, requested by thread 0x0000024e09476800


---------------  P R O C E S S  ---------------

Threads class SMR info:
_java_thread_list=0x0000024e0ee0f290, length=116, elements={
0x0000024e6bb01000, 0x0000024e06c6e000, 0x0000024e06c79000, 0x0000024e06ccc000,
0x0000024e06cce000, 0x0000024e06ccf000, 0x0000024e06cdc800, 0x0000024e06cdd800,
0x0000024e06ce1800, 0x0000024e06e38000, 0x0000024e093e8800, 0x0000024e093ed800,
0x0000024e093ec000, 0x0000024e09474000, 0x0000024e09474800, 0x0000024e09475800,
0x0000024e09472800, 0x0000024e09476800, 0x0000024e0947b800, 0x0000024e09479800,
0x0000024e09478000, 0x0000024e0947c000, 0x0000024e09479000, 0x0000024e0e20f000,
0x0000024e0e213000, 0x0000024e0e20d800, 0x0000024e0e214800, 0x0000024e0e215800,
0x0000024e0e216000, 0x0000024e0e214000, 0x0000024e0e210800, 0x0000024e0e218800,
0x0000024e0e217000, 0x0000024e0e21b000, 0x0000024e0aabc000, 0x0000024e09470800,
0x0000024e0e212000, 0x0000024e0aac6800, 0x0000024e0ed9a800, 0x0000024e0ed9d000,
0x0000024e0aabd800, 0x0000024e0e164000, 0x0000024e0e164800, 0x0000024e0e160800,
0x0000024e0e168800, 0x0000024e0e169800, 0x0000024e0e165800, 0x0000024e0e168000,
0x0000024e0e167000, 0x0000024e0e16a800, 0x0000024e0e166800, 0x0000024e0e15e000,
0x0000024e0e15d800, 0x0000024e0e162000, 0x0000024e0e15c800, 0x0000024e0e161800,
0x0000024e0e163000, 0x0000024e0e15f000, 0x0000024e0e16b000, 0x0000024e0aab8800,
0x0000024e0aabe800, 0x0000024e0aabf000, 0x0000024e0aab9800, 0x0000024e0aac0000,
0x0000024e0aaba800, 0x0000024e0aabb000, 0x0000024e0aac1800, 0x0000024e0aac1000,
0x0000024e0aac2800, 0x0000024e0aabd000, 0x0000024e0aac5000, 0x0000024e0aac4000,
0x0000024e0aac3800, 0x0000024e0aac6000, 0x0000024e0aac7800, 0x0000024e0ed9f800,
0x0000024e0ed9c800, 0x0000024e0ed9e000, 0x0000024e0ed9f000, 0x0000024e0eda0800,
0x0000024e0ed9b800, 0x0000024e0eda2000, 0x0000024e0eda5800, 0x0000024e0eda7000,
0x0000024e0eda3800, 0x0000024e0eda4800, 0x0000024e0eda3000, 0x0000024e0eda8000,
0x0000024e0eda8800, 0x0000024e0eda6000, 0x0000024e0eda9800, 0x0000024e093ea800,
0x0000024e093eb000, 0x0000024e093e8000, 0x0000024e093e9800, 0x0000024e093ec800,
0x0000024e093ee800, 0x0000024e09470000, 0x0000024e09473000, 0x0000024e09477000,
0x0000024e09471800, 0x0000024e0947d800, 0x0000024e0e211800, 0x0000024e0e20e000,
0x0000024e0e20f800, 0x0000024e08f98800, 0x0000024e08f93000, 0x0000024e08f96000,
0x0000024e08f94800, 0x0000024e08f98000, 0x0000024e08f97000, 0x0000024e08f99800,
0x0000024e08f93800, 0x0000024e08f9a000, 0x0000024e08f9b000, 0x0000024e08f9c800
}

Java Threads: ( => current thread )
  0x0000024e6bb01000 JavaThread "main" [_thread_blocked, id=15116, stack(0x0000007ae5800000,0x0000007ae5900000)]
  0x0000024e06c6e000 JavaThread "Reference Handler" daemon [_thread_blocked, id=3044, stack(0x0000007ae5f00000,0x0000007ae6000000)]
  0x0000024e06c79000 JavaThread "Finalizer" daemon [_thread_blocked, id=4676, stack(0x0000007ae6000000,0x0000007ae6100000)]
  0x0000024e06ccc000 JavaThread "Signal Dispatcher" daemon [_thread_blocked, id=19796, stack(0x0000007ae6100000,0x0000007ae6200000)]
  0x0000024e06cce000 JavaThread "Attach Listener" daemon [_thread_blocked, id=14160, stack(0x0000007ae6200000,0x0000007ae6300000)]
  0x0000024e06ccf000 JavaThread "Service Thread" daemon [_thread_blocked, id=6960, stack(0x0000007ae6300000,0x0000007ae6400000)]
  0x0000024e06cdc800 JavaThread "C2 CompilerThread0" daemon [_thread_blocked, id=18412, stack(0x0000007ae6400000,0x0000007ae6500000)]
  0x0000024e06cdd800 JavaThread "C1 CompilerThread0" daemon [_thread_blocked, id=17224, stack(0x0000007ae6500000,0x0000007ae6600000)]
  0x0000024e06ce1800 JavaThread "Sweeper thread" daemon [_thread_blocked, id=4888, stack(0x0000007ae6600000,0x0000007ae6700000)]
  0x0000024e06e38000 JavaThread "Common-Cleaner" daemon [_thread_blocked, id=7696, stack(0x0000007ae6700000,0x0000007ae6800000)]
  0x0000024e093e8800 JavaThread "Daemon health stats" [_thread_blocked, id=7660, stack(0x0000007ae7000000,0x0000007ae7100000)]
  0x0000024e093ed800 JavaThread "Incoming local TCP Connector on port 58376" [_thread_in_native, id=15284, stack(0x0000007ae6900000,0x0000007ae6a00000)]
  0x0000024e093ec000 JavaThread "Daemon periodic checks" [_thread_blocked, id=15940, stack(0x0000007ae7100000,0x0000007ae7200000)]
  0x0000024e09474000 JavaThread "Cache worker for file hash cache (D:\aa\caches\7.0.2\fileHashes)" [_thread_blocked, id=7980, stack(0x0000007ae7900000,0x0000007ae7a00000)]
  0x0000024e09474800 JavaThread "File lock request listener" [_thread_in_native, id=11616, stack(0x0000007ae7a00000,0x0000007ae7b00000)]
  0x0000024e09475800 JavaThread "Cache worker for journal cache (D:\aa\caches\journal-1)" [_thread_blocked, id=15824, stack(0x0000007ae8100000,0x0000007ae8200000)]
  0x0000024e09472800 JavaThread "File watcher server" daemon [_thread_blocked, id=17712, stack(0x0000007ae8300000,0x0000007ae8400000)]
  0x0000024e09476800 JavaThread "File watcher consumer" daemon [_thread_blocked, id=12392, stack(0x0000007ae8400000,0x0000007ae8500000)]
  0x0000024e0947b800 JavaThread "Cache worker for execution history cache (D:\aa\caches\7.0.2\executionHistory)" [_thread_blocked, id=16780, stack(0x0000007ae8900000,0x0000007ae8a00000)]
  0x0000024e09479800 JavaThread "jar transforms" [_thread_blocked, id=19652, stack(0x0000007ae8a00000,0x0000007ae8b00000)]
  0x0000024e09478000 JavaThread "jar transforms Thread 2" [_thread_blocked, id=14848, stack(0x0000007ae8b00000,0x0000007ae8c00000)]
  0x0000024e0947c000 JavaThread "Cache worker for file content cache (D:\aa\caches\7.0.2\fileContent)" [_thread_blocked, id=16544, stack(0x0000007ae8c00000,0x0000007ae8d00000)]
  0x0000024e09479000 JavaThread "jar transforms Thread 3" [_thread_blocked, id=8924, stack(0x0000007ae8e00000,0x0000007ae8f00000)]
  0x0000024e0e20f000 JavaThread "jar transforms Thread 4" [_thread_blocked, id=5548, stack(0x0000007ae9c00000,0x0000007ae9d00000)]
  0x0000024e0e213000 JavaThread "jar transforms Thread 5" [_thread_blocked, id=2856, stack(0x0000007ae9d00000,0x0000007ae9e00000)]
  0x0000024e0e20d800 JavaThread "jar transforms Thread 6" [_thread_blocked, id=17572, stack(0x0000007ae9e00000,0x0000007ae9f00000)]
  0x0000024e0e214800 JavaThread "jar transforms Thread 7" [_thread_blocked, id=19140, stack(0x0000007ae9f00000,0x0000007aea000000)]
  0x0000024e0e215800 JavaThread "jar transforms Thread 8" [_thread_blocked, id=2556, stack(0x0000007aea000000,0x0000007aea100000)]
  0x0000024e0e216000 JavaThread "jar transforms Thread 9" [_thread_blocked, id=9488, stack(0x0000007aea100000,0x0000007aea200000)]
  0x0000024e0e214000 JavaThread "jar transforms Thread 10" [_thread_blocked, id=5076, stack(0x0000007aea200000,0x0000007aea300000)]
  0x0000024e0e210800 JavaThread "jar transforms Thread 11" [_thread_blocked, id=20464, stack(0x0000007aea300000,0x0000007aea400000)]
  0x0000024e0e218800 JavaThread "jar transforms Thread 12" [_thread_blocked, id=6128, stack(0x0000007aea400000,0x0000007aea500000)]
  0x0000024e0e217000 JavaThread "Memory manager" [_thread_blocked, id=18600, stack(0x0000007aea500000,0x0000007aea600000)]
  0x0000024e0e21b000 JavaThread "pool-3-thread-1" [_thread_blocked, id=5840, stack(0x0000007aea700000,0x0000007aea800000)]
  0x0000024e0aabc000 JavaThread "ForkJoinPool.commonPool-worker-27" daemon [_thread_blocked, id=20036, stack(0x0000007aebb00000,0x0000007aebc00000)]
  0x0000024e09470800 JavaThread "pool-7-thread-1" [_thread_blocked, id=7724, stack(0x0000007ae9a00000,0x0000007ae9b00000)]
  0x0000024e0e212000 JavaThread "Cache worker for Java compile cache (D:\aa\caches\7.0.2\javaCompile)" [_thread_blocked, id=10272, stack(0x0000007aeb300000,0x0000007aeb400000)]
  0x0000024e0aac6800 JavaThread "pool-11-thread-1" [_thread_blocked, id=18232, stack(0x0000007ae9b00000,0x0000007ae9c00000)]
  0x0000024e0ed9a800 JavaThread "Daemon Thread 3" [_thread_blocked, id=11620, stack(0x0000007ae5500000,0x0000007ae5600000)]
  0x0000024e0ed9d000 JavaThread "Daemon worker Thread 3" [_thread_blocked, id=13624, stack(0x0000007ae6a00000,0x0000007ae6b00000)]
  0x0000024e0aabd800 JavaThread "pool-15-thread-1" [_thread_blocked, id=17904, stack(0x0000007aea600000,0x0000007aea700000)]
  0x0000024e0e164000 JavaThread "ForkJoinPool.commonPool-worker-29" daemon [_thread_blocked, id=9100, stack(0x0000007aec600000,0x0000007aec700000)]
  0x0000024e0e164800 JavaThread "ForkJoinPool.commonPool-worker-15" daemon [_thread_blocked, id=19016, stack(0x0000007aec700000,0x0000007aec800000)]
  0x0000024e0e160800 JavaThread "ForkJoinPool.commonPool-worker-1" daemon [_thread_blocked, id=12072, stack(0x0000007aec800000,0x0000007aec900000)]
  0x0000024e0e168800 JavaThread "ForkJoinPool.commonPool-worker-19" daemon [_thread_blocked, id=16376, stack(0x0000007aec900000,0x0000007aeca00000)]
  0x0000024e0e169800 JavaThread "ForkJoinPool.commonPool-worker-5" daemon [_thread_blocked, id=11996, stack(0x0000007aeca00000,0x0000007aecb00000)]
  0x0000024e0e165800 JavaThread "ForkJoinPool.commonPool-worker-9" daemon [_thread_blocked, id=2816, stack(0x0000007aecb00000,0x0000007aecc00000)]
  0x0000024e0e168000 JavaThread "ForkJoinPool.commonPool-worker-23" daemon [_thread_blocked, id=20232, stack(0x0000007aecc00000,0x0000007aecd00000)]
  0x0000024e0e167000 JavaThread "ForkJoinPool.commonPool-worker-31" daemon [_thread_blocked, id=14204, stack(0x0000007aecd00000,0x0000007aece00000)]
  0x0000024e0e16a800 JavaThread "ForkJoinPool.commonPool-worker-13" daemon [_thread_blocked, id=16116, stack(0x0000007aece00000,0x0000007aecf00000)]
  0x0000024e0e166800 JavaThread "ForkJoinPool.commonPool-worker-3" daemon [_thread_blocked, id=9768, stack(0x0000007aecf00000,0x0000007aed000000)]
  0x0000024e0e15e000 JavaThread "Handler for socket connection from /127.0.0.1:58376 to /127.0.0.1:59407" [_thread_in_native, id=8388, stack(0x0000007ae5600000,0x0000007ae5700000)]
  0x0000024e0e15d800 JavaThread "Cancel handler" [_thread_blocked, id=6200, stack(0x0000007ae5700000,0x0000007ae5800000)]
  0x0000024e0e162000 JavaThread "Asynchronous log dispatcher for DefaultDaemonConnection: socket connection from /127.0.0.1:58376 to /127.0.0.1:59407" [_thread_blocked, id=13348, stack(0x0000007ae7200000,0x0000007ae7300000)]
  0x0000024e0e15c800 JavaThread "Stdin handler" [_thread_blocked, id=20284, stack(0x0000007ae7300000,0x0000007ae7400000)]
  0x0000024e0e161800 JavaThread "Daemon client event forwarder" [_thread_blocked, id=20072, stack(0x0000007ae7400000,0x0000007ae7500000)]
  0x0000024e0e163000 JavaThread "Cache worker for file hash cache (D:\app_dev\QuizApp\.gradle\7.0.2\fileHashes)" [_thread_blocked, id=2184, stack(0x0000007ae7500000,0x0000007ae7600000)]
  0x0000024e0e15f000 JavaThread "Cache worker for checksums cache (D:\app_dev\QuizApp\.gradle\checksums)" [_thread_blocked, id=3748, stack(0x0000007ae7600000,0x0000007ae7700000)]
  0x0000024e0e16b000 JavaThread "Cache worker for cache directory md-supplier (D:\aa\caches\7.0.2\md-supplier)" [_thread_blocked, id=18104, stack(0x0000007ae7700000,0x0000007ae7800000)]
  0x0000024e0aab8800 JavaThread "Cache worker for cache directory md-rule (D:\aa\caches\7.0.2\md-rule)" [_thread_blocked, id=8356, stack(0x0000007ae7800000,0x0000007ae7900000)]
  0x0000024e0aabe800 JavaThread "Cache worker for dependencies-accessors (D:\app_dev\QuizApp\.gradle\7.0.2\dependencies-accessors)" [_thread_blocked, id=18612, stack(0x0000007ae8200000,0x0000007ae8300000)]
  0x0000024e0aabf000 JavaThread "Cache worker for Build Output Cleanup Cache (D:\app_dev\QuizApp\.gradle\buildOutputCleanup)" [_thread_blocked, id=13440, stack(0x0000007ae8500000,0x0000007ae8600000)]
  0x0000024e0aab9800 JavaThread "C2 CompilerThread1" daemon [_thread_blocked, id=14504, stack(0x0000007ae8600000,0x0000007ae8700000)]
  0x0000024e0aac0000 JavaThread "C2 CompilerThread2" daemon [_thread_blocked, id=15808, stack(0x0000007ae8700000,0x0000007ae8800000)]
  0x0000024e0aaba800 JavaThread "Build operations" [_thread_blocked, id=12468, stack(0x0000007ae8800000,0x0000007ae8900000)]
  0x0000024e0aabb000 JavaThread "Build operations Thread 2" [_thread_blocked, id=10344, stack(0x0000007ae8d00000,0x0000007ae8e00000)]
  0x0000024e0aac1800 JavaThread "Build operations Thread 3" [_thread_blocked, id=3036, stack(0x0000007ae8f00000,0x0000007ae9000000)]
  0x0000024e0aac1000 JavaThread "Build operations Thread 4" [_thread_blocked, id=3104, stack(0x0000007ae9000000,0x0000007ae9100000)]
  0x0000024e0aac2800 JavaThread "Build operations Thread 5" [_thread_blocked, id=16556, stack(0x0000007ae9100000,0x0000007ae9200000)]
  0x0000024e0aabd000 JavaThread "Build operations Thread 6" [_thread_blocked, id=10416, stack(0x0000007ae9200000,0x0000007ae9300000)]
  0x0000024e0aac5000 JavaThread "Build operations Thread 7" [_thread_blocked, id=14492, stack(0x0000007ae9300000,0x0000007ae9400000)]
  0x0000024e0aac4000 JavaThread "Build operations Thread 8" [_thread_blocked, id=14556, stack(0x0000007ae9400000,0x0000007ae9500000)]
  0x0000024e0aac3800 JavaThread "Build operations Thread 9" [_thread_blocked, id=13676, stack(0x0000007ae9500000,0x0000007ae9600000)]
  0x0000024e0aac6000 JavaThread "Build operations Thread 10" [_thread_blocked, id=12420, stack(0x0000007ae9600000,0x0000007ae9700000)]
  0x0000024e0aac7800 JavaThread "Build operations Thread 11" [_thread_blocked, id=17396, stack(0x0000007ae9700000,0x0000007ae9800000)]
  0x0000024e0ed9f800 JavaThread "Build operations Thread 12" [_thread_blocked, id=12228, stack(0x0000007ae9800000,0x0000007ae9900000)]
  0x0000024e0ed9c800 JavaThread "build event listener" [_thread_blocked, id=18996, stack(0x0000007ae9900000,0x0000007ae9a00000)]
  0x0000024e0ed9e000 JavaThread "pool-19-thread-1" [_thread_blocked, id=12984, stack(0x0000007aea800000,0x0000007aea900000)]
  0x0000024e0ed9f000 JavaThread "build event listener" [_thread_blocked, id=5544, stack(0x0000007aea900000,0x0000007aeaa00000)]
  0x0000024e0eda0800 JavaThread "Execution worker for ':'" [_thread_blocked, id=8052, stack(0x0000007aeaa00000,0x0000007aeab00000)]
  0x0000024e0ed9b800 JavaThread "Execution worker for ':' Thread 2" [_thread_blocked, id=1064, stack(0x0000007aeab00000,0x0000007aeac00000)]
  0x0000024e0eda2000 JavaThread "Execution worker for ':' Thread 3" [_thread_blocked, id=19028, stack(0x0000007aeac00000,0x0000007aead00000)]
  0x0000024e0eda5800 JavaThread "Execution worker for ':' Thread 4" [_thread_blocked, id=3024, stack(0x0000007aead00000,0x0000007aeae00000)]
  0x0000024e0eda7000 JavaThread "Execution worker for ':' Thread 5" [_thread_blocked, id=18728, stack(0x0000007aeae00000,0x0000007aeaf00000)]
  0x0000024e0eda3800 JavaThread "Execution worker for ':' Thread 6" [_thread_blocked, id=19960, stack(0x0000007aeaf00000,0x0000007aeb000000)]
  0x0000024e0eda4800 JavaThread "Execution worker for ':' Thread 7" [_thread_blocked, id=7784, stack(0x0000007aeb000000,0x0000007aeb100000)]
  0x0000024e0eda3000 JavaThread "Execution worker for ':' Thread 8" [_thread_blocked, id=9052, stack(0x0000007aeb100000,0x0000007aeb200000)]
  0x0000024e0eda8000 JavaThread "Execution worker for ':' Thread 9" [_thread_blocked, id=6404, stack(0x0000007aeb200000,0x0000007aeb300000)]
  0x0000024e0eda8800 JavaThread "Cache worker for execution history cache (D:\app_dev\QuizApp\.gradle\7.0.2\executionHistory)" [_thread_blocked, id=8964, stack(0x0000007aeb400000,0x0000007aeb500000)]
  0x0000024e0eda6000 JavaThread "Execution worker for ':' Thread 10" [_thread_blocked, id=16452, stack(0x0000007aeb600000,0x0000007aeb700000)]
  0x0000024e0eda9800 JavaThread "Execution worker for ':' Thread 11" [_thread_blocked, id=17032, stack(0x0000007aeb700000,0x0000007aeb800000)]
  0x0000024e093ea800 JavaThread "WorkerExecutor Queue" [_thread_blocked, id=12364, stack(0x0000007aeb800000,0x0000007aeb900000)]
  0x0000024e093eb000 JavaThread "WorkerExecutor Queue Thread 2" [_thread_blocked, id=7280, stack(0x0000007aeb900000,0x0000007aeba00000)]
  0x0000024e093e8000 JavaThread "WorkerExecutor Queue Thread 3" [_thread_blocked, id=20364, stack(0x0000007aeba00000,0x0000007aebb00000)]
  0x0000024e093e9800 JavaThread "WorkerExecutor Queue Thread 4" [_thread_blocked, id=1316, stack(0x0000007aebc00000,0x0000007aebd00000)]
  0x0000024e093ec800 JavaThread "WorkerExecutor Queue Thread 5" [_thread_blocked, id=18632, stack(0x0000007aebd00000,0x0000007aebe00000)]
  0x0000024e093ee800 JavaThread "WorkerExecutor Queue Thread 6" [_thread_blocked, id=13776, stack(0x0000007aebe00000,0x0000007aebf00000)]
  0x0000024e09470000 JavaThread "WorkerExecutor Queue Thread 7" [_thread_blocked, id=12132, stack(0x0000007aebf00000,0x0000007aec000000)]
  0x0000024e09473000 JavaThread "WorkerExecutor Queue Thread 8" [_thread_blocked, id=5632, stack(0x0000007aec000000,0x0000007aec100000)]
  0x0000024e09477000 JavaThread "WorkerExecutor Queue Thread 9" [_thread_blocked, id=14284, stack(0x0000007aec100000,0x0000007aec200000)]
  0x0000024e09471800 JavaThread "WorkerExecutor Queue Thread 10" [_thread_blocked, id=18628, stack(0x0000007aec200000,0x0000007aec300000)]
  0x0000024e0947d800 JavaThread "WorkerExecutor Queue Thread 11" [_thread_blocked, id=17784, stack(0x0000007aec300000,0x0000007aec400000)]
  0x0000024e0e211800 JavaThread "WorkerExecutor Queue Thread 12" [_thread_blocked, id=3464, stack(0x0000007aec400000,0x0000007aec500000)]
  0x0000024e0e20e000 JavaThread "WorkerExecutor Queue Thread 13" [_thread_blocked, id=2460, stack(0x0000007aec500000,0x0000007aec600000)]
  0x0000024e0e20f800 JavaThread "ForkJoinPool-1-worker-19" daemon [_thread_blocked, id=18120, stack(0x0000007aed000000,0x0000007aed100000)]
  0x0000024e08f98800 JavaThread "ForkJoinPool-1-worker-5" daemon [_thread_blocked, id=9196, stack(0x0000007aed100000,0x0000007aed200000)]
  0x0000024e08f93000 JavaThread "ForkJoinPool-1-worker-23" daemon [_thread_blocked, id=10708, stack(0x0000007aed200000,0x0000007aed300000)]
  0x0000024e08f96000 JavaThread "ForkJoinPool-1-worker-9" daemon [_thread_blocked, id=15004, stack(0x0000007aed300000,0x0000007aed400000)]
  0x0000024e08f94800 JavaThread "ForkJoinPool-1-worker-27" daemon [_thread_blocked, id=13188, stack(0x0000007aed400000,0x0000007aed500000)]
  0x0000024e08f98000 JavaThread "ForkJoinPool-1-worker-13" daemon [_thread_blocked, id=15196, stack(0x0000007aed500000,0x0000007aed600000)]
  0x0000024e08f97000 JavaThread "ForkJoinPool-1-worker-31" daemon [_thread_blocked, id=7108, stack(0x0000007aed600000,0x0000007aed700000)]
  0x0000024e08f99800 JavaThread "ForkJoinPool-1-worker-17" daemon [_thread_blocked, id=11468, stack(0x0000007aed700000,0x0000007aed800000)]
  0x0000024e08f93800 JavaThread "ForkJoinPool-1-worker-3" daemon [_thread_blocked, id=5932, stack(0x0000007aed800000,0x0000007aed900000)]
  0x0000024e08f9a000 JavaThread "ForkJoinPool-1-worker-21" daemon [_thread_blocked, id=16848, stack(0x0000007aed900000,0x0000007aeda00000)]
  0x0000024e08f9b000 JavaThread "ForkJoinPool-1-worker-7" daemon [_thread_blocked, id=12532, stack(0x0000007aeda00000,0x0000007aedb00000)]
  0x0000024e08f9c800 JavaThread "ForkJoinPool-1-worker-25" daemon [_thread_blocked, id=15356, stack(0x0000007aedb00000,0x0000007aedc00000)]

Other Threads:
=>0x0000024e06c69800 VMThread "VM Thread" [stack: 0x0000007ae5e00000,0x0000007ae5f00000] [id=8956]
  0x0000024e06e51000 WatcherThread [stack: 0x0000007ae6800000,0x0000007ae6900000] [id=10364]
  0x0000024e6bb1b800 GCTaskThread "GC Thread#0" [stack: 0x0000007ae5900000,0x0000007ae5a00000] [id=8036]
  0x0000024e07b11000 GCTaskThread "GC Thread#1" [stack: 0x0000007ae6b00000,0x0000007ae6c00000] [id=17452]
  0x0000024e074f6000 GCTaskThread "GC Thread#2" [stack: 0x0000007ae6c00000,0x0000007ae6d00000] [id=19884]
  0x0000024e07ac8800 GCTaskThread "GC Thread#3" [stack: 0x0000007ae6d00000,0x0000007ae6e00000] [id=9564]
  0x0000024e07c32800 GCTaskThread "GC Thread#4" [stack: 0x0000007ae6e00000,0x0000007ae6f00000] [id=19236]
  0x0000024e07fbb800 GCTaskThread "GC Thread#5" [stack: 0x0000007ae6f00000,0x0000007ae7000000] [id=9628]
  0x0000024e082ef000 GCTaskThread "GC Thread#6" [stack: 0x0000007ae7b00000,0x0000007ae7c00000] [id=8912]
  0x0000024e09a83800 GCTaskThread "GC Thread#7" [stack: 0x0000007ae7c00000,0x0000007ae7d00000] [id=12096]
  0x0000024e08845800 GCTaskThread "GC Thread#8" [stack: 0x0000007ae7d00000,0x0000007ae7e00000] [id=17352]
  0x0000024e09a9d800 GCTaskThread "GC Thread#9" [stack: 0x0000007ae7e00000,0x0000007ae7f00000] [id=15364]
  0x0000024e6bb4f000 ConcurrentGCThread "G1 Main Marker" [stack: 0x0000007ae5a00000,0x0000007ae5b00000] [id=10528]
  0x0000024e6bb50000 ConcurrentGCThread "G1 Conc#0" [stack: 0x0000007ae5b00000,0x0000007ae5c00000] [id=5704]
  0x0000024e088f8800 ConcurrentGCThread "G1 Conc#1" [stack: 0x0000007ae7f00000,0x0000007ae8000000] [id=9400]
  0x0000024e0840f800 ConcurrentGCThread "G1 Conc#2" [stack: 0x0000007ae8000000,0x0000007ae8100000] [id=9872]
  0x0000024e6bbde000 ConcurrentGCThread "G1 Refine#0" [stack: 0x0000007ae5c00000,0x0000007ae5d00000] [id=9284]
  0x0000024e07e8e000 ConcurrentGCThread "G1 Refine#1" [stack: 0x0000007aeb500000,0x0000007aeb600000] [id=18800]
  0x0000024e0ab0c000 ConcurrentGCThread "G1 Refine#2" [stack: 0x0000007aedc00000,0x0000007aedd00000] [id=3768]
  0x0000024e062bb800 ConcurrentGCThread "G1 Young RemSet Sampling" [stack: 0x0000007ae5d00000,0x0000007ae5e00000] [id=19808]

Threads with active compile tasks:
C2 CompilerThread0 876708 19623       4       com.android.tools.r8.dex.j::e (654 bytes)
C2 CompilerThread1 876708 19516 %     4       com.android.tools.r8.dex.j::a @ 315 (1038 bytes)
C2 CompilerThread2 876708 19087 %     4       com.android.tools.r8.dex.j::m @ 64 (2086 bytes)

VM state:at safepoint (normal execution)

VM Mutex/Monitor currently owned by a thread:  ([mutex/lock_event])
[0x0000024e6bafd7e0] Threads_lock - owner thread: 0x0000024e06c69800
[0x0000024e6bafc4c0] Heap_lock - owner thread: 0x0000024e09476800

Heap address: 0x0000000080000000, size: 2048 MB, Compressed Oops mode: 32-bit
Narrow klass base: 0x0000000000000000, Narrow klass shift: 3
Compressed class space size: 1073741824 Address: 0x0000000100000000

Heap:
 garbage-first heap   total 424960K, used 219135K [0x0000000080000000, 0x0000000100000000)
  region size 1024K, 2 young (2048K), 2 survivors (2048K)
 Metaspace       used 117297K, capacity 120338K, committed 120632K, reserved 1155072K
  class space    used 14705K, capacity 15885K, committed 15928K, reserved 1048576K
Heap Regions: E=young(eden), S=young(survivor), O=old, HS=humongous(starts), HC=humongous(continues), CS=collection set, F=free, A=archive, TAMS=top-at-mark-start (previous, next)
|   0|0x0000000080000000, 0x0000000080100000, 0x0000000080100000|100%| O|  |TAMS 0x0000000080100000, 0x0000000080100000| Untracked 
|   1|0x0000000080100000, 0x0000000080200000, 0x0000000080200000|100%| O|  |TAMS 0x0000000080200000, 0x0000000080200000| Untracked 
|   2|0x0000000080200000, 0x0000000080300000, 0x0000000080300000|100%| O|  |TAMS 0x0000000080300000, 0x0000000080300000| Untracked 
|   3|0x0000000080300000, 0x0000000080400000, 0x0000000080400000|100%|HS|  |TAMS 0x0000000080400000, 0x0000000080400000| Complete 
|   4|0x0000000080400000, 0x0000000080500000, 0x0000000080500000|100%|HC|  |TAMS 0x0000000080500000, 0x0000000080500000| Complete 
|   5|0x0000000080500000, 0x0000000080600000, 0x0000000080600000|100%|HC|  |TAMS 0x0000000080600000, 0x0000000080600000| Complete 
|   6|0x0000000080600000, 0x0000000080700000, 0x0000000080700000|100%| O|  |TAMS 0x0000000080700000, 0x0000000080700000| Untracked 
|   7|0x0000000080700000, 0x0000000080800000, 0x0000000080800000|100%| O|  |TAMS 0x0000000080800000, 0x0000000080800000| Untracked 
|   8|0x0000000080800000, 0x0000000080900000, 0x0000000080900000|100%| O|  |TAMS 0x0000000080900000, 0x0000000080900000| Untracked 
|   9|0x0000000080900000, 0x0000000080a00000, 0x0000000080a00000|100%| O|  |TAMS 0x0000000080a00000, 0x0000000080a00000| Untracked 
|  10|0x0000000080a00000, 0x0000000080b00000, 0x0000000080b00000|100%| O|  |TAMS 0x0000000080b00000, 0x0000000080b00000| Untracked 
|  11|0x0000000080b00000, 0x0000000080c00000, 0x0000000080c00000|100%| O|  |TAMS 0x0000000080c00000, 0x0000000080c00000| Untracked 
|  12|0x0000000080c00000, 0x0000000080cffff8, 0x0000000080d00000| 99%| O|  |TAMS 0x0000000080cffff8, 0x0000000080cffff8| Untracked 
|  13|0x0000000080d00000, 0x0000000080e00000, 0x0000000080e00000|100%| O|  |TAMS 0x0000000080e00000, 0x0000000080e00000| Untracked 
|  14|0x0000000080e00000, 0x0000000080f00000, 0x0000000080f00000|100%| O|  |TAMS 0x0000000080f00000, 0x0000000080f00000| Untracked 
|  15|0x0000000080f00000, 0x0000000081000000, 0x0000000081000000|100%| O|  |TAMS 0x0000000081000000, 0x0000000081000000| Untracked 
|  16|0x0000000081000000, 0x0000000081100000, 0x0000000081100000|100%|HS|  |TAMS 0x0000000081100000, 0x0000000081100000| Complete 
|  17|0x0000000081100000, 0x0000000081200000, 0x0000000081200000|100%|HS|  |TAMS 0x0000000081200000, 0x0000000081200000| Complete 
|  18|0x0000000081200000, 0x0000000081300000, 0x0000000081300000|100%|HS|  |TAMS 0x0000000081300000, 0x0000000081300000| Complete 
|  19|0x0000000081300000, 0x0000000081400000, 0x0000000081400000|100%|HC|  |TAMS 0x0000000081400000, 0x0000000081400000| Complete 
|  20|0x0000000081400000, 0x0000000081500000, 0x0000000081500000|100%| O|  |TAMS 0x0000000081500000, 0x0000000081500000| Untracked 
|  21|0x0000000081500000, 0x0000000081600000, 0x0000000081600000|100%| O|  |TAMS 0x0000000081600000, 0x0000000081600000| Untracked 
|  22|0x0000000081600000, 0x0000000081700000, 0x0000000081700000|100%| O|  |TAMS 0x0000000081700000, 0x0000000081700000| Untracked 
|  23|0x0000000081700000, 0x0000000081800000, 0x0000000081800000|100%| O|  |TAMS 0x0000000081800000, 0x0000000081800000| Untracked 
|  24|0x0000000081800000, 0x0000000081900000, 0x0000000081900000|100%| O|  |TAMS 0x0000000081900000, 0x0000000081900000| Untracked 
|  25|0x0000000081900000, 0x0000000081a00000, 0x0000000081a00000|100%| O|  |TAMS 0x0000000081a00000, 0x0000000081a00000| Untracked 
|  26|0x0000000081a00000, 0x0000000081b00000, 0x0000000081b00000|100%| O|  |TAMS 0x0000000081b00000, 0x0000000081b00000| Untracked 
|  27|0x0000000081b00000, 0x0000000081c00000, 0x0000000081c00000|100%| O|  |TAMS 0x0000000081c00000, 0x0000000081c00000| Untracked 
|  28|0x0000000081c00000, 0x0000000081d00000, 0x0000000081d00000|100%| O|  |TAMS 0x0000000081c00000, 0x0000000081d00000| Untracked 
|  29|0x0000000081d00000, 0x0000000081e00000, 0x0000000081e00000|100%| O|  |TAMS 0x0000000081e00000, 0x0000000081e00000| Untracked 
|  30|0x0000000081e00000, 0x0000000081f00000, 0x0000000081f00000|100%| O|  |TAMS 0x0000000081f00000, 0x0000000081f00000| Untracked 
|  31|0x0000000081f00000, 0x0000000082000000, 0x0000000082000000|100%| O|  |TAMS 0x0000000082000000, 0x0000000082000000| Untracked 
|  32|0x0000000082000000, 0x0000000082100000, 0x0000000082100000|100%| O|  |TAMS 0x0000000082100000, 0x0000000082100000| Untracked 
|  33|0x0000000082100000, 0x0000000082200000, 0x0000000082200000|100%| O|  |TAMS 0x0000000082200000, 0x0000000082200000| Untracked 
|  34|0x0000000082200000, 0x0000000082300000, 0x0000000082300000|100%| O|  |TAMS 0x0000000082300000, 0x0000000082300000| Untracked 
|  35|0x0000000082300000, 0x0000000082400000, 0x0000000082400000|100%| O|  |TAMS 0x0000000082400000, 0x0000000082400000| Untracked 
|  36|0x0000000082400000, 0x0000000082500000, 0x0000000082500000|100%| O|  |TAMS 0x0000000082500000, 0x0000000082500000| Untracked 
|  37|0x0000000082500000, 0x0000000082600000, 0x0000000082600000|100%| O|  |TAMS 0x0000000082600000, 0x0000000082600000| Untracked 
|  38|0x0000000082600000, 0x0000000082700000, 0x0000000082700000|100%| O|  |TAMS 0x0000000082700000, 0x0000000082700000| Untracked 
|  39|0x0000000082700000, 0x0000000082800000, 0x0000000082800000|100%| O|  |TAMS 0x0000000082800000, 0x0000000082800000| Untracked 
|  40|0x0000000082800000, 0x0000000082900000, 0x0000000082900000|100%| O|  |TAMS 0x0000000082900000, 0x0000000082900000| Untracked 
|  41|0x0000000082900000, 0x0000000082a00000, 0x0000000082a00000|100%| O|  |TAMS 0x0000000082a00000, 0x0000000082a00000| Untracked 
|  42|0x0000000082a00000, 0x0000000082b00000, 0x0000000082b00000|100%| O|  |TAMS 0x0000000082b00000, 0x0000000082b00000| Untracked 
|  43|0x0000000082b00000, 0x0000000082c00000, 0x0000000082c00000|100%| O|  |TAMS 0x0000000082c00000, 0x0000000082c00000| Untracked 
|  44|0x0000000082c00000, 0x0000000082d00000, 0x0000000082d00000|100%| O|  |TAMS 0x0000000082d00000, 0x0000000082d00000| Untracked 
|  45|0x0000000082d00000, 0x0000000082e00000, 0x0000000082e00000|100%| O|  |TAMS 0x0000000082e00000, 0x0000000082e00000| Untracked 
|  46|0x0000000082e00000, 0x0000000082f00000, 0x0000000082f00000|100%| O|  |TAMS 0x0000000082f00000, 0x0000000082f00000| Untracked 
|  47|0x0000000082f00000, 0x0000000083000000, 0x0000000083000000|100%| O|  |TAMS 0x0000000083000000, 0x0000000083000000| Untracked 
|  48|0x0000000083000000, 0x0000000083100000, 0x0000000083100000|100%| O|  |TAMS 0x0000000083100000, 0x0000000083100000| Untracked 
|  49|0x0000000083100000, 0x0000000083200000, 0x0000000083200000|100%| O|  |TAMS 0x0000000083200000, 0x0000000083200000| Untracked 
|  50|0x0000000083200000, 0x0000000083300000, 0x0000000083300000|100%| O|  |TAMS 0x0000000083300000, 0x0000000083300000| Untracked 
|  51|0x0000000083300000, 0x0000000083400000, 0x0000000083400000|100%| O|  |TAMS 0x0000000083400000, 0x0000000083400000| Untracked 
|  52|0x0000000083400000, 0x0000000083500000, 0x0000000083500000|100%| O|  |TAMS 0x0000000083500000, 0x0000000083500000| Untracked 
|  53|0x0000000083500000, 0x0000000083600000, 0x0000000083600000|100%| O|  |TAMS 0x0000000083500000, 0x0000000083600000| Untracked 
|  54|0x0000000083600000, 0x0000000083700000, 0x0000000083700000|100%| O|  |TAMS 0x0000000083700000, 0x0000000083700000| Untracked 
|  55|0x0000000083700000, 0x0000000083800000, 0x0000000083800000|100%| O|  |TAMS 0x0000000083800000, 0x0000000083800000| Untracked 
|  56|0x0000000083800000, 0x0000000083900000, 0x0000000083900000|100%| O|  |TAMS 0x0000000083900000, 0x0000000083900000| Untracked 
|  57|0x0000000083900000, 0x0000000083a00000, 0x0000000083a00000|100%| O|  |TAMS 0x0000000083a00000, 0x0000000083a00000| Untracked 
|  58|0x0000000083a00000, 0x0000000083b00000, 0x0000000083b00000|100%| O|  |TAMS 0x0000000083b00000, 0x0000000083b00000| Untracked 
|  59|0x0000000083b00000, 0x0000000083c00000, 0x0000000083c00000|100%| O|  |TAMS 0x0000000083c00000, 0x0000000083c00000| Untracked 
|  60|0x0000000083c00000, 0x0000000083d00000, 0x0000000083d00000|100%| O|  |TAMS 0x0000000083d00000, 0x0000000083d00000| Untracked 
|  61|0x0000000083d00000, 0x0000000083e00000, 0x0000000083e00000|100%| O|  |TAMS 0x0000000083e00000, 0x0000000083e00000| Untracked 
|  62|0x0000000083e00000, 0x0000000083f00000, 0x0000000083f00000|100%| O|  |TAMS 0x0000000083f00000, 0x0000000083f00000| Untracked 
|  63|0x0000000083f00000, 0x0000000084000000, 0x0000000084000000|100%| O|  |TAMS 0x0000000084000000, 0x0000000084000000| Untracked 
|  64|0x0000000084000000, 0x0000000084100000, 0x0000000084100000|100%| O|  |TAMS 0x0000000084100000, 0x0000000084100000| Untracked 
|  65|0x0000000084100000, 0x0000000084200000, 0x0000000084200000|100%| O|  |TAMS 0x0000000084200000, 0x0000000084200000| Untracked 
|  66|0x0000000084200000, 0x0000000084300000, 0x0000000084300000|100%| O|  |TAMS 0x0000000084200000, 0x0000000084300000| Untracked 
|  67|0x0000000084300000, 0x0000000084400000, 0x0000000084400000|100%| O|  |TAMS 0x0000000084400000, 0x0000000084400000| Untracked 
|  68|0x0000000084400000, 0x0000000084500000, 0x0000000084500000|100%|HS|  |TAMS 0x0000000084500000, 0x0000000084500000| Complete 
|  69|0x0000000084500000, 0x0000000084600000, 0x0000000084600000|100%| O|  |TAMS 0x0000000084600000, 0x0000000084600000| Untracked 
|  70|0x0000000084600000, 0x0000000084700000, 0x0000000084700000|100%| O|  |TAMS 0x0000000084700000, 0x0000000084700000| Untracked 
|  71|0x0000000084700000, 0x0000000084800000, 0x0000000084800000|100%| O|  |TAMS 0x0000000084800000, 0x0000000084800000| Untracked 
|  72|0x0000000084800000, 0x0000000084900000, 0x0000000084900000|100%| O|  |TAMS 0x0000000084900000, 0x0000000084900000| Untracked 
|  73|0x0000000084900000, 0x0000000084a00000, 0x0000000084a00000|100%| O|  |TAMS 0x0000000084a00000, 0x0000000084a00000| Untracked 
|  74|0x0000000084a00000, 0x0000000084b00000, 0x0000000084b00000|100%| O|  |TAMS 0x0000000084b00000, 0x0000000084b00000| Untracked 
|  75|0x0000000084b00000, 0x0000000084c00000, 0x0000000084c00000|100%|HS|  |TAMS 0x0000000084c00000, 0x0000000084c00000| Complete 
|  76|0x0000000084c00000, 0x0000000084d00000, 0x0000000084d00000|100%|HC|  |TAMS 0x0000000084d00000, 0x0000000084d00000| Complete 
|  77|0x0000000084d00000, 0x0000000084e00000, 0x0000000084e00000|100%|HS|  |TAMS 0x0000000084e00000, 0x0000000084e00000| Complete 
|  78|0x0000000084e00000, 0x0000000084f00000, 0x0000000084f00000|100%|HS|  |TAMS 0x0000000084e00000, 0x0000000084e00000| Complete 
|  79|0x0000000084f00000, 0x0000000085000000, 0x0000000085000000|100%| O|  |TAMS 0x0000000085000000, 0x0000000085000000| Untracked 
|  80|0x0000000085000000, 0x0000000085100000, 0x0000000085100000|100%| O|  |TAMS 0x0000000085100000, 0x0000000085100000| Untracked 
|  81|0x0000000085100000, 0x0000000085200000, 0x0000000085200000|100%| O|  |TAMS 0x0000000085200000, 0x0000000085200000| Untracked 
|  82|0x0000000085200000, 0x0000000085300000, 0x0000000085300000|100%|HS|  |TAMS 0x0000000085300000, 0x0000000085300000| Complete 
|  83|0x0000000085300000, 0x0000000085400000, 0x0000000085400000|100%| O|  |TAMS 0x0000000085300000, 0x0000000085300000| Untracked 
|  84|0x0000000085400000, 0x0000000085500000, 0x0000000085500000|100%| O|  |TAMS 0x0000000085400000, 0x0000000085400000| Untracked 
|  85|0x0000000085500000, 0x0000000085600000, 0x0000000085600000|100%| O|  |TAMS 0x0000000085500000, 0x0000000085500000| Untracked 
|  86|0x0000000085600000, 0x0000000085700000, 0x0000000085700000|100%| O|  |TAMS 0x0000000085600000, 0x0000000085600000| Untracked 
|  87|0x0000000085700000, 0x0000000085800000, 0x0000000085800000|100%| O|  |TAMS 0x0000000085800000, 0x0000000085800000| Untracked 
|  88|0x0000000085800000, 0x0000000085900000, 0x0000000085900000|100%| O|  |TAMS 0x0000000085900000, 0x0000000085900000| Untracked 
|  89|0x0000000085900000, 0x0000000085a00000, 0x0000000085a00000|100%| O|  |TAMS 0x0000000085a00000, 0x0000000085a00000| Untracked 
|  90|0x0000000085a00000, 0x0000000085b00000, 0x0000000085b00000|100%| O|  |TAMS 0x0000000085b00000, 0x0000000085b00000| Untracked 
|  91|0x0000000085b00000, 0x0000000085c00000, 0x0000000085c00000|100%| O|  |TAMS 0x0000000085b00000, 0x0000000085b00000| Untracked 
|  92|0x0000000085c00000, 0x0000000085d00000, 0x0000000085d00000|100%| O|  |TAMS 0x0000000085c00000, 0x0000000085c00000| Untracked 
|  93|0x0000000085d00000, 0x0000000085e00000, 0x0000000085e00000|100%| O|  |TAMS 0x0000000085e00000, 0x0000000085e00000| Untracked 
|  94|0x0000000085e00000, 0x0000000085f00000, 0x0000000085f00000|100%| O|  |TAMS 0x0000000085f00000, 0x0000000085f00000| Untracked 
|  95|0x0000000085f00000, 0x0000000086000000, 0x0000000086000000|100%| O|  |TAMS 0x0000000086000000, 0x0000000086000000| Untracked 
|  96|0x0000000086000000, 0x0000000086100000, 0x0000000086100000|100%| O|  |TAMS 0x0000000086100000, 0x0000000086100000| Untracked 
|  97|0x0000000086100000, 0x0000000086200000, 0x0000000086200000|100%| O|  |TAMS 0x0000000086200000, 0x0000000086200000| Untracked 
|  98|0x0000000086200000, 0x0000000086300000, 0x0000000086300000|100%| O|  |TAMS 0x0000000086200000, 0x0000000086200000| Untracked 
|  99|0x0000000086300000, 0x0000000086400000, 0x0000000086400000|100%| O|  |TAMS 0x0000000086400000, 0x0000000086400000| Untracked 
| 100|0x0000000086400000, 0x0000000086500000, 0x0000000086500000|100%| O|  |TAMS 0x0000000086500000, 0x0000000086500000| Untracked 
| 101|0x0000000086500000, 0x0000000086600000, 0x0000000086600000|100%| O|  |TAMS 0x0000000086600000, 0x0000000086600000| Untracked 
| 102|0x0000000086600000, 0x0000000086700000, 0x0000000086700000|100%| O|  |TAMS 0x0000000086700000, 0x0000000086700000| Untracked 
| 103|0x0000000086700000, 0x0000000086800000, 0x0000000086800000|100%| O|  |TAMS 0x0000000086800000, 0x0000000086800000| Untracked 
| 104|0x0000000086800000, 0x0000000086900000, 0x0000000086900000|100%| O|  |TAMS 0x0000000086900000, 0x0000000086900000| Untracked 
| 105|0x0000000086900000, 0x0000000086a00000, 0x0000000086a00000|100%|HS|  |TAMS 0x0000000086a00000, 0x0000000086a00000| Complete 
| 106|0x0000000086a00000, 0x0000000086b00000, 0x0000000086b00000|100%|HC|  |TAMS 0x0000000086b00000, 0x0000000086b00000| Complete 
| 107|0x0000000086b00000, 0x0000000086c00000, 0x0000000086c00000|100%|HS|  |TAMS 0x0000000086c00000, 0x0000000086c00000| Complete 
| 108|0x0000000086c00000, 0x0000000086d00000, 0x0000000086d00000|100%|HC|  |TAMS 0x0000000086d00000, 0x0000000086d00000| Complete 
| 109|0x0000000086d00000, 0x0000000086e00000, 0x0000000086e00000|100%|HC|  |TAMS 0x0000000086e00000, 0x0000000086e00000| Complete 
| 110|0x0000000086e00000, 0x0000000086f00000, 0x0000000086f00000|100%| O|  |TAMS 0x0000000086f00000, 0x0000000086f00000| Untracked 
| 111|0x0000000086f00000, 0x0000000087000000, 0x0000000087000000|100%| O|  |TAMS 0x0000000087000000, 0x0000000087000000| Untracked 
| 112|0x0000000087000000, 0x0000000087100000, 0x0000000087100000|100%| O|  |TAMS 0x0000000087100000, 0x0000000087100000| Untracked 
| 113|0x0000000087100000, 0x0000000087200000, 0x0000000087200000|100%| O|  |TAMS 0x0000000087200000, 0x0000000087200000| Untracked 
| 114|0x0000000087200000, 0x0000000087300000, 0x0000000087300000|100%| O|  |TAMS 0x0000000087300000, 0x0000000087300000| Untracked 
| 115|0x0000000087300000, 0x0000000087400000, 0x0000000087400000|100%| O|  |TAMS 0x0000000087400000, 0x0000000087400000| Untracked 
| 116|0x0000000087400000, 0x0000000087500000, 0x0000000087500000|100%| O|  |TAMS 0x0000000087500000, 0x0000000087500000| Untracked 
| 117|0x0000000087500000, 0x0000000087600000, 0x0000000087600000|100%| O|  |TAMS 0x0000000087600000, 0x0000000087600000| Untracked 
| 118|0x0000000087600000, 0x0000000087700000, 0x0000000087700000|100%| O|  |TAMS 0x0000000087600000, 0x0000000087600000| Untracked 
| 119|0x0000000087700000, 0x0000000087800000, 0x0000000087800000|100%| O|  |TAMS 0x0000000087800000, 0x0000000087800000| Untracked 
| 120|0x0000000087800000, 0x0000000087900000, 0x0000000087900000|100%| O|  |TAMS 0x0000000087900000, 0x0000000087900000| Untracked 
| 121|0x0000000087900000, 0x0000000087a00000, 0x0000000087a00000|100%| O|  |TAMS 0x0000000087a00000, 0x0000000087a00000| Untracked 
| 122|0x0000000087a00000, 0x0000000087b00000, 0x0000000087b00000|100%| O|  |TAMS 0x0000000087b00000, 0x0000000087b00000| Untracked 
| 123|0x0000000087b00000, 0x0000000087c00000, 0x0000000087c00000|100%| O|  |TAMS 0x0000000087c00000, 0x0000000087c00000| Untracked 
| 124|0x0000000087c00000, 0x0000000087d00000, 0x0000000087d00000|100%| O|  |TAMS 0x0000000087d00000, 0x0000000087d00000| Untracked 
| 125|0x0000000087d00000, 0x0000000087e00000, 0x0000000087e00000|100%| O|  |TAMS 0x0000000087d00000, 0x0000000087d00000| Untracked 
| 126|0x0000000087e00000, 0x0000000087f00000, 0x0000000087f00000|100%| O|  |TAMS 0x0000000087e00000, 0x0000000087e00000| Untracked 
| 127|0x0000000087f00000, 0x0000000088000000, 0x0000000088000000|100%| O|  |TAMS 0x0000000088000000, 0x0000000088000000| Untracked 
| 128|0x0000000088000000, 0x0000000088100000, 0x0000000088100000|100%| O|  |TAMS 0x0000000088100000, 0x0000000088100000| Untracked 
| 129|0x0000000088100000, 0x0000000088200000, 0x0000000088200000|100%| O|  |TAMS 0x0000000088200000, 0x0000000088200000| Untracked 
| 130|0x0000000088200000, 0x0000000088300000, 0x0000000088300000|100%|HS|  |TAMS 0x0000000088300000, 0x0000000088300000| Complete 
| 131|0x0000000088300000, 0x0000000088400000, 0x0000000088400000|100%|HC|  |TAMS 0x0000000088400000, 0x0000000088400000| Complete 
| 132|0x0000000088400000, 0x0000000088500000, 0x0000000088500000|100%| O|  |TAMS 0x0000000088500000, 0x0000000088500000| Untracked 
| 133|0x0000000088500000, 0x0000000088600000, 0x0000000088600000|100%|HS|  |TAMS 0x0000000088600000, 0x0000000088600000| Complete 
| 134|0x0000000088600000, 0x0000000088700000, 0x0000000088700000|100%| O|  |TAMS 0x0000000088700000, 0x0000000088700000| Untracked 
| 135|0x0000000088700000, 0x0000000088800000, 0x0000000088800000|100%|HS|  |TAMS 0x0000000088800000, 0x0000000088800000| Complete 
| 136|0x0000000088800000, 0x0000000088900000, 0x0000000088900000|100%| O|  |TAMS 0x0000000088900000, 0x0000000088900000| Untracked 
| 137|0x0000000088900000, 0x0000000088a00000, 0x0000000088a00000|100%|HS|  |TAMS 0x0000000088a00000, 0x0000000088a00000| Complete 
| 138|0x0000000088a00000, 0x0000000088b00000, 0x0000000088b00000|100%| O|  |TAMS 0x0000000088a00000, 0x0000000088a00000| Untracked 
| 139|0x0000000088b00000, 0x0000000088c00000, 0x0000000088c00000|100%| O|  |TAMS 0x0000000088c00000, 0x0000000088c00000| Untracked 
| 140|0x0000000088c00000, 0x0000000088d00000, 0x0000000088d00000|100%|HS|  |TAMS 0x0000000088d00000, 0x0000000088d00000| Complete 
| 141|0x0000000088d00000, 0x0000000088e00000, 0x0000000088e00000|100%|HC|  |TAMS 0x0000000088e00000, 0x0000000088e00000| Complete 
| 142|0x0000000088e00000, 0x0000000088f00000, 0x0000000088f00000|100%| O|  |TAMS 0x0000000088f00000, 0x0000000088f00000| Untracked 
| 143|0x0000000088f00000, 0x0000000089000000, 0x0000000089000000|100%| O|  |TAMS 0x0000000089000000, 0x0000000089000000| Untracked 
| 144|0x0000000089000000, 0x0000000089100000, 0x0000000089100000|100%| O|  |TAMS 0x0000000089100000, 0x0000000089100000| Untracked 
| 145|0x0000000089100000, 0x0000000089200000, 0x0000000089200000|100%|HS|  |TAMS 0x0000000089200000, 0x0000000089200000| Complete 
| 146|0x0000000089200000, 0x0000000089300000, 0x0000000089300000|100%|HC|  |TAMS 0x0000000089300000, 0x0000000089300000| Complete 
| 147|0x0000000089300000, 0x0000000089400000, 0x0000000089400000|100%|HC|  |TAMS 0x0000000089400000, 0x0000000089400000| Complete 
| 148|0x0000000089400000, 0x0000000089500000, 0x0000000089500000|100%| O|  |TAMS 0x0000000089500000, 0x0000000089500000| Untracked 
| 149|0x0000000089500000, 0x0000000089600000, 0x0000000089600000|100%| O|  |TAMS 0x0000000089600000, 0x0000000089600000| Untracked 
| 150|0x0000000089600000, 0x0000000089700000, 0x0000000089700000|100%| O|  |TAMS 0x0000000089700000, 0x0000000089700000| Untracked 
| 151|0x0000000089700000, 0x0000000089800000, 0x0000000089800000|100%| O|  |TAMS 0x0000000089800000, 0x0000000089800000| Untracked 
| 152|0x0000000089800000, 0x0000000089900000, 0x0000000089900000|100%| O|  |TAMS 0x0000000089900000, 0x0000000089900000| Untracked 
| 153|0x0000000089900000, 0x0000000089a00000, 0x0000000089a00000|100%| O|  |TAMS 0x0000000089a00000, 0x0000000089a00000| Untracked 
| 154|0x0000000089a00000, 0x0000000089b00000, 0x0000000089b00000|100%| O|  |TAMS 0x0000000089b00000, 0x0000000089b00000| Untracked 
| 155|0x0000000089b00000, 0x0000000089c00000, 0x0000000089c00000|100%| O|  |TAMS 0x0000000089c00000, 0x0000000089c00000| Untracked 
| 156|0x0000000089c00000, 0x0000000089d00000, 0x0000000089d00000|100%| O|  |TAMS 0x0000000089d00000, 0x0000000089d00000| Untracked 
| 157|0x0000000089d00000, 0x0000000089e00000, 0x0000000089e00000|100%| O|  |TAMS 0x0000000089e00000, 0x0000000089e00000| Untracked 
| 158|0x0000000089e00000, 0x0000000089f00000, 0x0000000089f00000|100%| O|  |TAMS 0x0000000089f00000, 0x0000000089f00000| Untracked 
| 159|0x0000000089f00000, 0x000000008a000000, 0x000000008a000000|100%| O|  |TAMS 0x000000008a000000, 0x000000008a000000| Untracked 
| 160|0x000000008a000000, 0x000000008a100000, 0x000000008a100000|100%| O|  |TAMS 0x000000008a000000, 0x000000008a000000| Untracked 
| 161|0x000000008a100000, 0x000000008a200000, 0x000000008a200000|100%|HS|  |TAMS 0x000000008a100000, 0x000000008a200000| Complete 
| 162|0x000000008a200000, 0x000000008a300000, 0x000000008a300000|100%|HS|  |TAMS 0x000000008a200000, 0x000000008a300000| Complete 
| 163|0x000000008a300000, 0x000000008a400000, 0x000000008a400000|100%| O|  |TAMS 0x000000008a300000, 0x000000008a400000| Untracked 
| 164|0x000000008a400000, 0x000000008a500000, 0x000000008a500000|100%| O|  |TAMS 0x000000008a400000, 0x000000008a500000| Untracked 
| 165|0x000000008a500000, 0x000000008a600000, 0x000000008a600000|100%| O|  |TAMS 0x000000008a500000, 0x000000008a600000| Untracked 
| 166|0x000000008a600000, 0x000000008a700000, 0x000000008a700000|100%| O|  |TAMS 0x000000008a600000, 0x000000008a700000| Untracked 
| 167|0x000000008a700000, 0x000000008a800000, 0x000000008a800000|100%| O|  |TAMS 0x000000008a700000, 0x000000008a800000| Untracked 
| 168|0x000000008a800000, 0x000000008a900000, 0x000000008a900000|100%| O|  |TAMS 0x000000008a800000, 0x000000008a900000| Untracked 
| 169|0x000000008a900000, 0x000000008aa00000, 0x000000008aa00000|100%| O|  |TAMS 0x000000008a900000, 0x000000008aa00000| Untracked 
| 170|0x000000008aa00000, 0x000000008ab00000, 0x000000008ab00000|100%| O|  |TAMS 0x000000008aa00000, 0x000000008ab00000| Untracked 
| 171|0x000000008ab00000, 0x000000008ac00000, 0x000000008ac00000|100%| O|  |TAMS 0x000000008ab00000, 0x000000008ac00000| Untracked 
| 172|0x000000008ac00000, 0x000000008ad00000, 0x000000008ad00000|100%| O|  |TAMS 0x000000008ac00000, 0x000000008ad00000| Untracked 
| 173|0x000000008ad00000, 0x000000008ae00000, 0x000000008ae00000|100%| O|  |TAMS 0x000000008ad00000, 0x000000008ae00000| Untracked 
| 174|0x000000008ae00000, 0x000000008af00000, 0x000000008af00000|100%| O|  |TAMS 0x000000008ae00000, 0x000000008af00000| Untracked 
| 175|0x000000008af00000, 0x000000008b000000, 0x000000008b000000|100%| O|  |TAMS 0x000000008af00000, 0x000000008b000000| Untracked 
| 176|0x000000008b000000, 0x000000008b100000, 0x000000008b100000|100%| O|  |TAMS 0x000000008b000000, 0x000000008b100000| Untracked 
| 177|0x000000008b100000, 0x000000008b200000, 0x000000008b200000|100%| O|  |TAMS 0x000000008b100000, 0x000000008b200000| Untracked 
| 178|0x000000008b200000, 0x000000008b300000, 0x000000008b300000|100%| O|  |TAMS 0x000000008b200000, 0x000000008b300000| Untracked 
| 179|0x000000008b300000, 0x000000008b400000, 0x000000008b400000|100%| O|  |TAMS 0x000000008b300000, 0x000000008b400000| Untracked 
| 180|0x000000008b400000, 0x000000008b500000, 0x000000008b500000|100%| O|  |TAMS 0x000000008b400000, 0x000000008b500000| Untracked 
| 181|0x000000008b500000, 0x000000008b600000, 0x000000008b600000|100%| O|  |TAMS 0x000000008b500000, 0x000000008b600000| Untracked 
| 182|0x000000008b600000, 0x000000008b700000, 0x000000008b700000|100%| O|  |TAMS 0x000000008b600000, 0x000000008b700000| Untracked 
| 183|0x000000008b700000, 0x000000008b800000, 0x000000008b800000|100%| O|  |TAMS 0x000000008b700000, 0x000000008b800000| Untracked 
| 184|0x000000008b800000, 0x000000008b900000, 0x000000008b900000|100%| O|  |TAMS 0x000000008b800000, 0x000000008b900000| Untracked 
| 185|0x000000008b900000, 0x000000008ba00000, 0x000000008ba00000|100%| O|  |TAMS 0x000000008b900000, 0x000000008ba00000| Untracked 
| 186|0x000000008ba00000, 0x000000008bb00000, 0x000000008bb00000|100%| O|  |TAMS 0x000000008ba00000, 0x000000008bb00000| Untracked 
| 187|0x000000008bb00000, 0x000000008bc00000, 0x000000008bc00000|100%| O|  |TAMS 0x000000008bb00000, 0x000000008bc00000| Untracked 
| 188|0x000000008bc00000, 0x000000008bd00000, 0x000000008bd00000|100%| O|  |TAMS 0x000000008bc00000, 0x000000008bd00000| Untracked 
| 189|0x000000008bd00000, 0x000000008be00000, 0x000000008be00000|100%| O|  |TAMS 0x000000008bd00000, 0x000000008be00000| Untracked 
| 190|0x000000008be00000, 0x000000008bf00000, 0x000000008bf00000|100%| O|  |TAMS 0x000000008be00000, 0x000000008bf00000| Untracked 
| 191|0x000000008bf00000, 0x000000008c000000, 0x000000008c000000|100%| O|  |TAMS 0x000000008bf00000, 0x000000008c000000| Untracked 
| 192|0x000000008c000000, 0x000000008c100000, 0x000000008c100000|100%| O|  |TAMS 0x000000008c000000, 0x000000008c100000| Untracked 
| 193|0x000000008c100000, 0x000000008c200000, 0x000000008c200000|100%| O|  |TAMS 0x000000008c100000, 0x000000008c200000| Untracked 
| 194|0x000000008c200000, 0x000000008c300000, 0x000000008c300000|100%| O|  |TAMS 0x000000008c200000, 0x000000008c300000| Untracked 
| 195|0x000000008c300000, 0x000000008c400000, 0x000000008c400000|100%| O|  |TAMS 0x000000008c300000, 0x000000008c400000| Untracked 
| 196|0x000000008c400000, 0x000000008c500000, 0x000000008c500000|100%| O|  |TAMS 0x000000008c400000, 0x000000008c500000| Untracked 
| 197|0x000000008c500000, 0x000000008c600000, 0x000000008c600000|100%| O|  |TAMS 0x000000008c500000, 0x000000008c600000| Untracked 
| 198|0x000000008c600000, 0x000000008c700000, 0x000000008c700000|100%| O|  |TAMS 0x000000008c600000, 0x000000008c700000| Untracked 
| 199|0x000000008c700000, 0x000000008c800000, 0x000000008c800000|100%| O|  |TAMS 0x000000008c700000, 0x000000008c800000| Untracked 
| 200|0x000000008c800000, 0x000000008c900000, 0x000000008c900000|100%| O|  |TAMS 0x000000008c800000, 0x000000008c900000| Untracked 
| 201|0x000000008c900000, 0x000000008ca00000, 0x000000008ca00000|100%| O|  |TAMS 0x000000008c900000, 0x000000008ca00000| Untracked 
| 202|0x000000008ca00000, 0x000000008cb00000, 0x000000008cb00000|100%| O|  |TAMS 0x000000008ca00000, 0x000000008cb00000| Untracked 
| 203|0x000000008cb00000, 0x000000008cc00000, 0x000000008cc00000|100%| O|  |TAMS 0x000000008cb00000, 0x000000008cc00000| Untracked 
| 204|0x000000008cc00000, 0x000000008cd00000, 0x000000008cd00000|100%| O|  |TAMS 0x000000008cc00000, 0x000000008cd00000| Untracked 
| 205|0x000000008cd00000, 0x000000008ce00000, 0x000000008ce00000|100%| O|  |TAMS 0x000000008cd00000, 0x000000008ce00000| Untracked 
| 206|0x000000008ce00000, 0x000000008cf00000, 0x000000008cf00000|100%| O|  |TAMS 0x000000008ce00000, 0x000000008cf00000| Untracked 
| 207|0x000000008cf00000, 0x000000008d000000, 0x000000008d000000|100%| O|  |TAMS 0x000000008cf00000, 0x000000008d000000| Untracked 
| 208|0x000000008d000000, 0x000000008d100000, 0x000000008d100000|100%| O|  |TAMS 0x000000008d000000, 0x000000008d000000| Untracked 
| 209|0x000000008d100000, 0x000000008d200000, 0x000000008d200000|100%| O|  |TAMS 0x000000008d100000, 0x000000008d100000| Untracked 
| 210|0x000000008d200000, 0x000000008d300000, 0x000000008d300000|100%| O|  |TAMS 0x000000008d200000, 0x000000008d200000| Untracked 
| 211|0x000000008d300000, 0x000000008d400000, 0x000000008d400000|100%| O|  |TAMS 0x000000008d300000, 0x000000008d300000| Untracked 
| 212|0x000000008d400000, 0x000000008d400000, 0x000000008d500000|  0%| F|  |TAMS 0x000000008d400000, 0x000000008d400000| Untracked 
| 213|0x000000008d500000, 0x000000008d500000, 0x000000008d600000|  0%| F|  |TAMS 0x000000008d500000, 0x000000008d500000| Untracked 
| 214|0x000000008d600000, 0x000000008d600000, 0x000000008d700000|  0%| F|  |TAMS 0x000000008d600000, 0x000000008d600000| Untracked 
| 215|0x000000008d700000, 0x000000008d700000, 0x000000008d800000|  0%| F|  |TAMS 0x000000008d700000, 0x000000008d700000| Untracked 
| 216|0x000000008d800000, 0x000000008d800000, 0x000000008d900000|  0%| F|  |TAMS 0x000000008d800000, 0x000000008d800000| Untracked 
| 217|0x000000008d900000, 0x000000008d900000, 0x000000008da00000|  0%| F|  |TAMS 0x000000008d900000, 0x000000008d900000| Untracked 
| 218|0x000000008da00000, 0x000000008da00000, 0x000000008db00000|  0%| F|  |TAMS 0x000000008da00000, 0x000000008da00000| Untracked 
| 219|0x000000008db00000, 0x000000008db00000, 0x000000008dc00000|  0%| F|  |TAMS 0x000000008db00000, 0x000000008db00000| Untracked 
| 220|0x000000008dc00000, 0x000000008dc00000, 0x000000008dd00000|  0%| F|  |TAMS 0x000000008dc00000, 0x000000008dc00000| Untracked 
| 221|0x000000008dd00000, 0x000000008dd00000, 0x000000008de00000|  0%| F|  |TAMS 0x000000008dd00000, 0x000000008dd00000| Untracked 
| 222|0x000000008de00000, 0x000000008de00000, 0x000000008df00000|  0%| F|  |TAMS 0x000000008de00000, 0x000000008de00000| Untracked 
| 223|0x000000008df00000, 0x000000008df00000, 0x000000008e000000|  0%| F|  |TAMS 0x000000008df00000, 0x000000008df00000| Untracked 
| 224|0x000000008e000000, 0x000000008e000000, 0x000000008e100000|  0%| F|  |TAMS 0x000000008e000000, 0x000000008e000000| Untracked 
| 225|0x000000008e100000, 0x000000008e100000, 0x000000008e200000|  0%| F|  |TAMS 0x000000008e100000, 0x000000008e100000| Untracked 
| 226|0x000000008e200000, 0x000000008e200000, 0x000000008e300000|  0%| F|  |TAMS 0x000000008e200000, 0x000000008e200000| Untracked 
| 227|0x000000008e300000, 0x000000008e300000, 0x000000008e400000|  0%| F|  |TAMS 0x000000008e300000, 0x000000008e300000| Untracked 
| 228|0x000000008e400000, 0x000000008e400000, 0x000000008e500000|  0%| F|  |TAMS 0x000000008e400000, 0x000000008e400000| Untracked 
| 229|0x000000008e500000, 0x000000008e500000, 0x000000008e600000|  0%| F|  |TAMS 0x000000008e500000, 0x000000008e500000| Untracked 
| 230|0x000000008e600000, 0x000000008e600000, 0x000000008e700000|  0%| F|  |TAMS 0x000000008e600000, 0x000000008e600000| Untracked 
| 231|0x000000008e700000, 0x000000008e700000, 0x000000008e800000|  0%| F|  |TAMS 0x000000008e700000, 0x000000008e700000| Untracked 
| 232|0x000000008e800000, 0x000000008e800000, 0x000000008e900000|  0%| F|  |TAMS 0x000000008e800000, 0x000000008e800000| Untracked 
| 233|0x000000008e900000, 0x000000008e900000, 0x000000008ea00000|  0%| F|  |TAMS 0x000000008e900000, 0x000000008e900000| Untracked 
| 234|0x000000008ea00000, 0x000000008ea00000, 0x000000008eb00000|  0%| F|  |TAMS 0x000000008ea00000, 0x000000008ea00000| Untracked 
| 235|0x000000008eb00000, 0x000000008eb00000, 0x000000008ec00000|  0%| F|  |TAMS 0x000000008eb00000, 0x000000008eb00000| Untracked 
| 236|0x000000008ec00000, 0x000000008ec00000, 0x000000008ed00000|  0%| F|  |TAMS 0x000000008ec00000, 0x000000008ec00000| Untracked 
| 237|0x000000008ed00000, 0x000000008ed00000, 0x000000008ee00000|  0%| F|  |TAMS 0x000000008ed00000, 0x000000008ed00000| Untracked 
| 238|0x000000008ee00000, 0x000000008ee00000, 0x000000008ef00000|  0%| F|  |TAMS 0x000000008ee00000, 0x000000008ee00000| Untracked 
| 239|0x000000008ef00000, 0x000000008ef00000, 0x000000008f000000|  0%| F|  |TAMS 0x000000008ef00000, 0x000000008ef00000| Untracked 
| 240|0x000000008f000000, 0x000000008f100000, 0x000000008f100000|100%| S|CS|TAMS 0x000000008f000000, 0x000000008f000000| Complete 
| 241|0x000000008f100000, 0x000000008f100000, 0x000000008f200000|  0%| F|  |TAMS 0x000000008f100000, 0x000000008f100000| Untracked 
| 242|0x000000008f200000, 0x000000008f200000, 0x000000008f300000|  0%| F|  |TAMS 0x000000008f200000, 0x000000008f200000| Untracked 
| 243|0x000000008f300000, 0x000000008f400000, 0x000000008f400000|100%| S|CS|TAMS 0x000000008f300000, 0x000000008f300000| Complete 
| 244|0x000000008f400000, 0x000000008f400000, 0x000000008f500000|  0%| F|  |TAMS 0x000000008f400000, 0x000000008f400000| Untracked 
| 245|0x000000008f500000, 0x000000008f500000, 0x000000008f600000|  0%| F|  |TAMS 0x000000008f500000, 0x000000008f500000| Untracked 
| 246|0x000000008f600000, 0x000000008f600000, 0x000000008f700000|  0%| F|  |TAMS 0x000000008f600000, 0x000000008f600000| Untracked 
| 247|0x000000008f700000, 0x000000008f700000, 0x000000008f800000|  0%| F|  |TAMS 0x000000008f700000, 0x000000008f700000| Untracked 
| 248|0x000000008f800000, 0x000000008f800000, 0x000000008f900000|  0%| F|  |TAMS 0x000000008f800000, 0x000000008f800000| Untracked 
| 249|0x000000008f900000, 0x000000008f900000, 0x000000008fa00000|  0%| F|  |TAMS 0x000000008f900000, 0x000000008f900000| Untracked 
| 250|0x000000008fa00000, 0x000000008fa00000, 0x000000008fb00000|  0%| F|  |TAMS 0x000000008fa00000, 0x000000008fa00000| Untracked 
| 251|0x000000008fb00000, 0x000000008fb00000, 0x000000008fc00000|  0%| F|  |TAMS 0x000000008fb00000, 0x000000008fb00000| Untracked 
| 252|0x000000008fc00000, 0x000000008fc00000, 0x000000008fd00000|  0%| F|  |TAMS 0x000000008fc00000, 0x000000008fc00000| Untracked 
| 253|0x000000008fd00000, 0x000000008fd00000, 0x000000008fe00000|  0%| F|  |TAMS 0x000000008fd00000, 0x000000008fd00000| Untracked 

Card table byte_map: [0x0000024e7ef50000,0x0000024e7f350000] _byte_map_base: 0x0000024e7eb50000

Marking Bits (Prev, Next): (CMBitMap*) 0x0000024e6bb46020, (CMBitMap*) 0x0000024e6bb45fe8
 Prev Bits: [0x0000024e02000000, 0x0000024e04000000)
 Next Bits: [0x0000024e00000000, 0x0000024e02000000)

Polling page: 0x0000024e69af0000

Metaspace:

Usage:
  Non-class:    102.00 MB capacity,   100.19 MB ( 98%) used,     1.44 MB (  1%) free+waste,   382.25 KB ( <1%) overhead. 
      Class:     15.51 MB capacity,    14.36 MB ( 93%) used,  1011.38 KB (  6%) free+waste,   168.50 KB (  1%) overhead. 
       Both:    117.52 MB capacity,   114.55 MB ( 97%) used,     2.43 MB (  2%) free+waste,   550.75 KB ( <1%) overhead. 

Virtual space:
  Non-class space:      104.00 MB reserved,     102.25 MB ( 98%) committed 
      Class space:        1.00 GB reserved,      15.55 MB (  2%) committed 
             Both:        1.10 GB reserved,     117.80 MB ( 10%) committed 

Chunk freelists:
   Non-Class:  0 bytes
       Class:  19.00 KB
        Both:  19.00 KB

MaxMetaspaceSize: 17179869184.00 GB
CompressedClassSpaceSize: 1.00 GB

CodeHeap 'non-profiled nmethods': size=120000Kb used=11912Kb max_used=11912Kb free=108088Kb
 bounds [0x0000024e770c0000, 0x0000024e77c70000, 0x0000024e7e5f0000]
CodeHeap 'profiled nmethods': size=120000Kb used=40634Kb max_used=40634Kb free=79365Kb
 bounds [0x0000024e6fb90000, 0x0000024e72340000, 0x0000024e770c0000]
CodeHeap 'non-nmethods': size=5760Kb used=2336Kb max_used=2412Kb free=3423Kb
 bounds [0x0000024e6f5f0000, 0x0000024e6f860000, 0x0000024e6fb90000]
 total_blobs=20142 nmethods=19191 adapters=861
 compilation: enabled
              stopped_count=0, restarted_count=0
 full_count=0

Compilation events (20 events):
Event: 876.681 Thread 0x0000024e06cdd800 19678       2       com.android.tools.r8.graph.f0$d::I (2 bytes)
Event: 876.681 Thread 0x0000024e06cdd800 nmethod 19678 0x0000024e72339290 code [0x0000024e72339440, 0x0000024e72339538]
Event: 876.682 Thread 0x0000024e06cdd800 19679       3       com.android.tools.r8.dex.j::a (266 bytes)
Event: 876.684 Thread 0x0000024e06cdd800 nmethod 19679 0x0000024e72339610 code [0x0000024e723399a0, 0x0000024e7233b138]
Event: 876.685 Thread 0x0000024e06cdd800 19681       2       com.android.tools.r8.code.k0::<init> (7 bytes)
Event: 876.685 Thread 0x0000024e06cdd800 nmethod 19681 0x0000024e7233bd10 code [0x0000024e7233bec0, 0x0000024e7233c018]
Event: 876.685 Thread 0x0000024e06cdd800 19682       2       com.android.tools.r8.internal.qr::b (142 bytes)
Event: 876.686 Thread 0x0000024e06cdd800 nmethod 19682 0x0000024e7233c110 code [0x0000024e7233c360, 0x0000024e7233cb08]
Event: 876.686 Thread 0x0000024e06cdd800 19684       2       com.android.tools.r8.code.r::<init> (7 bytes)
Event: 876.686 Thread 0x0000024e06cdd800 nmethod 19684 0x0000024e7233cf90 code [0x0000024e7233d140, 0x0000024e7233d298]
Event: 876.686 Thread 0x0000024e06cdd800 19683       2       com.android.tools.r8.code.S0::<init> (20 bytes)
Event: 876.687 Thread 0x0000024e06cdd800 nmethod 19683 0x0000024e7233d390 code [0x0000024e7233d560, 0x0000024e7233d7b8]
Event: 876.689 Thread 0x0000024e06cdd800 19685       2       com.android.tools.r8.internal.mu$a::<init> (12 bytes)
Event: 876.689 Thread 0x0000024e06cdd800 nmethod 19685 0x0000024e7233d990 code [0x0000024e7233db40, 0x0000024e7233dca8]
Event: 876.689 Thread 0x0000024e06cdd800 19686       2       com.android.tools.r8.internal.mu$f::<init> (6 bytes)
Event: 876.689 Thread 0x0000024e06cdd800 nmethod 19686 0x0000024e7233dd90 code [0x0000024e7233df40, 0x0000024e7233e048]
Event: 876.689 Thread 0x0000024e06cdd800 19687       2       com.android.tools.r8.internal.A0::iterator (5 bytes)
Event: 876.689 Thread 0x0000024e06cdd800 nmethod 19687 0x0000024e7233e110 code [0x0000024e7233e2c0, 0x0000024e7233e3e8]
Event: 876.689 Thread 0x0000024e06cdd800 19688       2       com.android.tools.r8.internal.mu$e::iterator (12 bytes)
Event: 876.689 Thread 0x0000024e06cdd800 nmethod 19688 0x0000024e7233e490 code [0x0000024e7233e640, 0x0000024e7233e828]

GC Heap History (20 events):
Event: 876.097 GC heap after
{Heap after GC invocations=33 (full 0):
 garbage-first heap   total 260096K, used 158560K [0x0000000080000000, 0x0000000100000000)
  region size 1024K, 8 young (8192K), 8 survivors (8192K)
 Metaspace       used 116237K, capacity 119330K, committed 119608K, reserved 1153024K
  class space    used 14686K, capacity 15878K, committed 15928K, reserved 1048576K
}
Event: 876.178 GC heap before
{Heap before GC invocations=34 (full 0):
 garbage-first heap   total 260096K, used 202592K [0x0000000080000000, 0x0000000100000000)
  region size 1024K, 52 young (53248K), 8 survivors (8192K)
 Metaspace       used 116295K, capacity 119400K, committed 119608K, reserved 1153024K
  class space    used 14687K, capacity 15879K, committed 15928K, reserved 1048576K
}
Event: 876.185 GC heap after
{Heap after GC invocations=35 (full 0):
 garbage-first heap   total 260096K, used 162164K [0x0000000080000000, 0x0000000100000000)
  region size 1024K, 5 young (5120K), 5 survivors (5120K)
 Metaspace       used 116295K, capacity 119400K, committed 119608K, reserved 1153024K
  class space    used 14687K, capacity 15879K, committed 15928K, reserved 1048576K
}
Event: 876.198 GC heap before
{Heap before GC invocations=35 (full 0):
 garbage-first heap   total 260096K, used 168308K [0x0000000080000000, 0x0000000100000000)
  region size 1024K, 12 young (12288K), 5 survivors (5120K)
 Metaspace       used 116308K, capacity 119402K, committed 119608K, reserved 1153024K
  class space    used 14687K, capacity 15879K, committed 15928K, reserved 1048576K
}
Event: 876.203 GC heap after
{Heap after GC invocations=36 (full 0):
 garbage-first heap   total 260096K, used 161470K [0x0000000080000000, 0x0000000100000000)
  region size 1024K, 2 young (2048K), 2 survivors (2048K)
 Metaspace       used 116308K, capacity 119402K, committed 119608K, reserved 1153024K
  class space    used 14687K, capacity 15879K, committed 15928K, reserved 1048576K
}
Event: 876.306 GC heap before
{Heap before GC invocations=36 (full 0):
 garbage-first heap   total 260096K, used 203454K [0x0000000080000000, 0x0000000100000000)
  region size 1024K, 45 young (46080K), 2 survivors (2048K)
 Metaspace       used 116533K, capacity 119666K, committed 119864K, reserved 1153024K
  class space    used 14689K, capacity 15879K, committed 15928K, reserved 1048576K
}
Event: 876.315 GC heap after
{Heap after GC invocations=37 (full 0):
 garbage-first heap   total 260096K, used 171007K [0x0000000080000000, 0x0000000100000000)
  region size 1024K, 6 young (6144K), 6 survivors (6144K)
 Metaspace       used 116533K, capacity 119666K, committed 119864K, reserved 1153024K
  class space    used 14689K, capacity 15879K, committed 15928K, reserved 1048576K
}
Event: 876.481 GC heap before
{Heap before GC invocations=37 (full 0):
 garbage-first heap   total 260096K, used 211967K [0x0000000080000000, 0x0000000100000000)
  region size 1024K, 45 young (46080K), 6 survivors (6144K)
 Metaspace       used 117116K, capacity 120197K, committed 120376K, reserved 1153024K
  class space    used 14705K, capacity 15885K, committed 15928K, reserved 1048576K
}
Event: 876.496 GC heap after
{Heap after GC invocations=38 (full 0):
 garbage-first heap   total 260096K, used 186367K [0x0000000080000000, 0x0000000100000000)
  region size 1024K, 6 young (6144K), 6 survivors (6144K)
 Metaspace       used 117116K, capacity 120197K, committed 120376K, reserved 1153024K
  class space    used 14705K, capacity 15885K, committed 15928K, reserved 1048576K
}
Event: 876.560 GC heap before
{Heap before GC invocations=39 (full 0):
 garbage-first heap   total 260096K, used 212991K [0x0000000080000000, 0x0000000100000000)
  region size 1024K, 33 young (33792K), 6 survivors (6144K)
 Metaspace       used 117175K, capacity 120263K, committed 120376K, reserved 1153024K
  class space    used 14705K, capacity 15885K, committed 15928K, reserved 1048576K
}
Event: 876.573 GC heap after
{Heap after GC invocations=40 (full 0):
 garbage-first heap   total 260096K, used 201284K [0x0000000080000000, 0x0000000100000000)
  region size 1024K, 5 young (5120K), 5 survivors (5120K)
 Metaspace       used 117175K, capacity 120263K, committed 120376K, reserved 1153024K
  class space    used 14705K, capacity 15885K, committed 15928K, reserved 1048576K
}
Event: 876.587 GC heap before
{Heap before GC invocations=40 (full 0):
 garbage-first heap   total 260096K, used 208452K [0x0000000080000000, 0x0000000100000000)
  region size 1024K, 12 young (12288K), 5 survivors (5120K)
 Metaspace       used 117207K, capacity 120265K, committed 120376K, reserved 1153024K
  class space    used 14705K, capacity 15885K, committed 15928K, reserved 1048576K
}
Event: 876.599 GC heap after
{Heap after GC invocations=41 (full 0):
 garbage-first heap   total 260096K, used 198655K [0x0000000080000000, 0x0000000100000000)
  region size 1024K, 2 young (2048K), 2 survivors (2048K)
 Metaspace       used 117207K, capacity 120265K, committed 120376K, reserved 1153024K
  class space    used 14705K, capacity 15885K, committed 15928K, reserved 1048576K
}
Event: 876.601 GC heap before
{Heap before GC invocations=41 (full 0):
 garbage-first heap   total 260096K, used 198655K [0x0000000080000000, 0x0000000100000000)
  region size 1024K, 3 young (3072K), 2 survivors (2048K)
 Metaspace       used 117213K, capacity 120265K, committed 120376K, reserved 1153024K
  class space    used 14705K, capacity 15885K, committed 15928K, reserved 1048576K
}
Event: 876.606 GC heap after
{Heap after GC invocations=42 (full 0):
 garbage-first heap   total 260096K, used 200433K [0x0000000080000000, 0x0000000100000000)
  region size 1024K, 1 young (1024K), 1 survivors (1024K)
 Metaspace       used 117213K, capacity 120265K, committed 120376K, reserved 1153024K
  class space    used 14705K, capacity 15885K, committed 15928K, reserved 1048576K
}
Event: 876.637 GC heap before
{Heap before GC invocations=42 (full 0):
 garbage-first heap   total 260096K, used 213745K [0x0000000080000000, 0x0000000100000000)
  region size 1024K, 14 young (14336K), 1 survivors (1024K)
 Metaspace       used 117262K, capacity 120336K, committed 120632K, reserved 1155072K
  class space    used 14705K, capacity 15885K, committed 15928K, reserved 1048576K
}
Event: 876.641 GC heap after
{Heap after GC invocations=43 (full 0):
 garbage-first heap   total 260096K, used 208062K [0x0000000080000000, 0x0000000100000000)
  region size 1024K, 2 young (2048K), 2 survivors (2048K)
 Metaspace       used 117262K, capacity 120336K, committed 120632K, reserved 1155072K
  class space    used 14705K, capacity 15885K, committed 15928K, reserved 1048576K
}
Event: 876.667 GC heap before
{Heap before GC invocations=43 (full 0):
 garbage-first heap   total 260096K, used 219326K [0x0000000080000000, 0x0000000100000000)
  region size 1024K, 13 young (13312K), 2 survivors (2048K)
 Metaspace       used 117284K, capacity 120336K, committed 120632K, reserved 1155072K
  class space    used 14705K, capacity 15885K, committed 15928K, reserved 1048576K
}
Event: 876.672 GC heap after
{Heap after GC invocations=44 (full 0):
 garbage-first heap   total 260096K, used 213939K [0x0000000080000000, 0x0000000100000000)
  region size 1024K, 2 young (2048K), 2 survivors (2048K)
 Metaspace       used 117284K, capacity 120336K, committed 120632K, reserved 1155072K
  class space    used 14705K, capacity 15885K, committed 15928K, reserved 1048576K
}
Event: 876.690 GC heap before
{Heap before GC invocations=44 (full 0):
 garbage-first heap   total 260096K, used 223155K [0x0000000080000000, 0x0000000100000000)
  region size 1024K, 12 young (12288K), 2 survivors (2048K)
 Metaspace       used 117297K, capacity 120338K, committed 120632K, reserved 1155072K
  class space    used 14705K, capacity 15885K, committed 15928K, reserved 1048576K
}

Deoptimization events (20 events):
Event: 876.522 Thread 0x0000024e08f94800 DEOPT PACKING pc=0x0000024e7227c0e0 sp=0x0000007aed4fe930
Event: 876.522 Thread 0x0000024e08f94800 DEOPT UNPACKING pc=0x0000024e6f6176ce sp=0x0000007aed4fdf58 mode 0
Event: 876.526 Thread 0x0000024e08f93800 DEOPT PACKING pc=0x0000024e722832fe sp=0x0000007aed8fe460
Event: 876.526 Thread 0x0000024e08f93800 DEOPT UNPACKING pc=0x0000024e6f6176ce sp=0x0000007aed8fd9e8 mode 0
Event: 876.527 Thread 0x0000024e0947d800 DEOPT PACKING pc=0x0000024e7225f05b sp=0x0000007aec3fcff0
Event: 876.527 Thread 0x0000024e0947d800 DEOPT UNPACKING pc=0x0000024e6f6176ce sp=0x0000007aec3fc490 mode 0
Event: 876.528 Thread 0x0000024e0947d800 DEOPT PACKING pc=0x0000024e7225d8bc sp=0x0000007aec3fce90
Event: 876.528 Thread 0x0000024e0947d800 DEOPT UNPACKING pc=0x0000024e6f6176ce sp=0x0000007aec3fc3a8 mode 0
Event: 876.533 Thread 0x0000024e0947d800 DEOPT PACKING pc=0x0000024e7225d8bc sp=0x0000007aec3fce90
Event: 876.533 Thread 0x0000024e0947d800 DEOPT UNPACKING pc=0x0000024e6f6176ce sp=0x0000007aec3fc3a8 mode 0
Event: 876.534 Thread 0x0000024e08f93800 DEOPT PACKING pc=0x0000024e72288139 sp=0x0000007aed8fe320
Event: 876.534 Thread 0x0000024e08f93800 DEOPT UNPACKING pc=0x0000024e6f6176ce sp=0x0000007aed8fd9e8 mode 0
Event: 876.546 Thread 0x0000024e0947d800 Uncommon trap: trap_request=0xffffff4d fr.pc=0x0000024e77c3fbc4 relative=0x0000000000001bc4
Event: 876.546 Thread 0x0000024e0947d800 Uncommon trap: reason=unstable_if action=reinterpret pc=0x0000024e77c3fbc4 method=java.util.TimSort.countRunAndMakeAscending([Ljava/lang/Object;IILjava/util/Comparator;)I @ 27 c2
Event: 876.546 Thread 0x0000024e0947d800 DEOPT PACKING pc=0x0000024e77c3fbc4 sp=0x0000007aec3fd1e0
Event: 876.546 Thread 0x0000024e0947d800 DEOPT UNPACKING pc=0x0000024e6f6178af sp=0x0000007aec3fd118 mode 2
Event: 876.601 Thread 0x0000024e0947d800 Uncommon trap: trap_request=0xffffff4d fr.pc=0x0000024e7790d310 relative=0x0000000000000070
Event: 876.601 Thread 0x0000024e0947d800 Uncommon trap: reason=unstable_if action=reinterpret pc=0x0000024e7790d310 method=com.android.tools.r8.dex.i.c(I)V @ 8 c2
Event: 876.601 Thread 0x0000024e0947d800 DEOPT PACKING pc=0x0000024e7790d310 sp=0x0000007aec3fd060
Event: 876.601 Thread 0x0000024e0947d800 DEOPT UNPACKING pc=0x0000024e6f6178af sp=0x0000007aec3fcfd8 mode 2

Classes redefined (0 events):
No events

Internal exceptions (20 events):
Event: 876.165 Thread 0x0000024e093ec800 Exception <a 'sun/nio/fs/WindowsException'{0x000000008d9f1918}> (0x000000008d9f1918) thrown at [./src/hotspot/share/prims/jni.cpp, line 615]
Event: 876.166 Thread 0x0000024e093ec800 Exception <a 'sun/nio/fs/WindowsException'{0x000000008d8fa250}> (0x000000008d8fa250) thrown at [./src/hotspot/share/prims/jni.cpp, line 615]
Event: 876.207 Thread 0x0000024e09470000 Exception <a 'sun/nio/fs/WindowsException'{0x000000008fb3a9d8}> (0x000000008fb3a9d8) thrown at [./src/hotspot/share/prims/jni.cpp, line 615]
Event: 876.209 Thread 0x0000024e09470000 Exception <a 'sun/nio/fs/WindowsException'{0x000000008fb435b8}> (0x000000008fb435b8) thrown at [./src/hotspot/share/prims/jni.cpp, line 615]
Event: 876.210 Thread 0x0000024e09470000 Exception <a 'sun/nio/fs/WindowsException'{0x000000008f904f60}> (0x000000008f904f60) thrown at [./src/hotspot/share/prims/jni.cpp, line 615]
Event: 876.212 Thread 0x0000024e09470000 Exception <a 'sun/nio/fs/WindowsException'{0x000000008f9b6260}> (0x000000008f9b6260) thrown at [./src/hotspot/share/prims/jni.cpp, line 615]
Event: 876.213 Thread 0x0000024e09470000 Exception <a 'sun/nio/fs/WindowsException'{0x000000008f9c04d8}> (0x000000008f9c04d8) thrown at [./src/hotspot/share/prims/jni.cpp, line 615]
Event: 876.214 Thread 0x0000024e09470000 Exception <a 'sun/nio/fs/WindowsException'{0x000000008f740bd8}> (0x000000008f740bd8) thrown at [./src/hotspot/share/prims/jni.cpp, line 615]
Event: 876.215 Thread 0x0000024e09470000 Exception <a 'sun/nio/fs/WindowsException'{0x000000008f7487c0}> (0x000000008f7487c0) thrown at [./src/hotspot/share/prims/jni.cpp, line 615]
Event: 876.216 Thread 0x0000024e09470000 Exception <a 'sun/nio/fs/WindowsException'{0x000000008f752b80}> (0x000000008f752b80) thrown at [./src/hotspot/share/prims/jni.cpp, line 615]
Event: 876.218 Thread 0x0000024e09470000 Exception <a 'sun/nio/fs/WindowsException'{0x000000008f45d8f0}> (0x000000008f45d8f0) thrown at [./src/hotspot/share/prims/jni.cpp, line 615]
Event: 876.219 Thread 0x0000024e09470000 Exception <a 'sun/nio/fs/WindowsException'{0x000000008f464690}> (0x000000008f464690) thrown at [./src/hotspot/share/prims/jni.cpp, line 615]
Event: 876.220 Thread 0x0000024e09470000 Exception <a 'sun/nio/fs/WindowsException'{0x000000008f3e3d18}> (0x000000008f3e3d18) thrown at [./src/hotspot/share/prims/jni.cpp, line 615]
Event: 876.222 Thread 0x0000024e09470000 Exception <a 'sun/nio/fs/WindowsException'{0x000000008f3edfe0}> (0x000000008f3edfe0) thrown at [./src/hotspot/share/prims/jni.cpp, line 615]
Event: 876.223 Thread 0x0000024e09470000 Exception <a 'sun/nio/fs/WindowsException'{0x000000008f3f7230}> (0x000000008f3f7230) thrown at [./src/hotspot/share/prims/jni.cpp, line 615]
Event: 876.226 Thread 0x0000024e09470000 Exception <a 'sun/nio/fs/WindowsException'{0x000000008f14c290}> (0x000000008f14c290) thrown at [./src/hotspot/share/prims/jni.cpp, line 615]
Event: 876.227 Thread 0x0000024e09470000 Exception <a 'sun/nio/fs/WindowsException'{0x000000008f0a3ae0}> (0x000000008f0a3ae0) thrown at [./src/hotspot/share/prims/jni.cpp, line 615]
Event: 876.229 Thread 0x0000024e09470000 Exception <a 'sun/nio/fs/WindowsException'{0x000000008f0acb10}> (0x000000008f0acb10) thrown at [./src/hotspot/share/prims/jni.cpp, line 615]
Event: 876.230 Thread 0x0000024e09470000 Exception <a 'sun/nio/fs/WindowsException'{0x000000008f0b3148}> (0x000000008f0b3148) thrown at [./src/hotspot/share/prims/jni.cpp, line 615]
Event: 876.232 Thread 0x0000024e09470000 Exception <a 'sun/nio/fs/WindowsException'{0x000000008efe8fd8}> (0x000000008efe8fd8) thrown at [./src/hotspot/share/prims/jni.cpp, line 615]

Events (20 events):
Event: 876.445 loading class com/android/tools/r8/internal/mu$d done
Event: 876.445 loading class com/android/tools/r8/internal/nu
Event: 876.445 loading class com/android/tools/r8/internal/nu done
Event: 876.481 Executing VM operation: G1CollectForAllocation
Event: 876.496 Executing VM operation: G1CollectForAllocation done
Event: 876.505 Executing VM operation: CGC_Operation
Event: 876.505 Executing VM operation: CGC_Operation done
Event: 876.560 Executing VM operation: G1CollectForAllocation
Event: 876.573 Executing VM operation: G1CollectForAllocation done
Event: 876.587 Executing VM operation: G1CollectForAllocation
Event: 876.599 Executing VM operation: G1CollectForAllocation done
Event: 876.601 Executing VM operation: G1CollectForAllocation
Event: 876.606 Executing VM operation: G1CollectForAllocation done
Event: 876.637 Executing VM operation: G1CollectForAllocation
Event: 876.641 Executing VM operation: G1CollectForAllocation done
Event: 876.662 Executing VM operation: G1CollectForAllocation
Event: 876.662 Executing VM operation: G1CollectForAllocation done
Event: 876.667 Executing VM operation: G1CollectForAllocation
Event: 876.672 Executing VM operation: G1CollectForAllocation done
Event: 876.690 Executing VM operation: G1CollectForAllocation


Dynamic libraries:
0x00007ff66c170000 - 0x00007ff66c17a000 	C:\Program Files\Android\Android Studio\jre\bin\java.exe
0x00007ffdfaf20000 - 0x00007ffdfb127000 	C:\WINDOWS\SYSTEM32\ntdll.dll
0x00007ffdf9eb0000 - 0x00007ffdf9f6d000 	C:\WINDOWS\System32\KERNEL32.DLL
0x00007ffdf8660000 - 0x00007ffdf89d4000 	C:\WINDOWS\System32\KERNELBASE.dll
0x00007ffdf8540000 - 0x00007ffdf8651000 	C:\WINDOWS\System32\ucrtbase.dll
0x00007ffdecb20000 - 0x00007ffdecb39000 	C:\Program Files\Android\Android Studio\jre\bin\jli.dll
0x00007ffde9550000 - 0x00007ffde9567000 	C:\Program Files\Android\Android Studio\jre\bin\VCRUNTIME140.dll
0x00007ffdf9460000 - 0x00007ffdf960c000 	C:\WINDOWS\System32\USER32.dll
0x00007ffde6250000 - 0x00007ffde64f5000 	C:\WINDOWS\WinSxS\amd64_microsoft.windows.common-controls_6595b64144ccf1df_6.0.22000.120_none_9d947278b86cc467\COMCTL32.dll
0x00007ffdf8d90000 - 0x00007ffdf8db6000 	C:\WINDOWS\System32\win32u.dll
0x00007ffdf9c10000 - 0x00007ffdf9cb3000 	C:\WINDOWS\System32\msvcrt.dll
0x00007ffdfa490000 - 0x00007ffdfa4b9000 	C:\WINDOWS\System32\GDI32.dll
0x00007ffdf8bf0000 - 0x00007ffdf8d02000 	C:\WINDOWS\System32\gdi32full.dll
0x00007ffdf89e0000 - 0x00007ffdf8a7d000 	C:\WINDOWS\System32\msvcp_win.dll
0x00007ffdf9cc0000 - 0x00007ffdf9cf1000 	C:\WINDOWS\System32\IMM32.DLL
0x00007ffdd7d00000 - 0x00007ffdd7d9d000 	C:\Program Files\Android\Android Studio\jre\bin\msvcp140.dll
0x00007ffd9df80000 - 0x00007ffd9ea4f000 	C:\Program Files\Android\Android Studio\jre\bin\server\jvm.dll
0x00007ffdf9d00000 - 0x00007ffdf9dae000 	C:\WINDOWS\System32\ADVAPI32.dll
0x00007ffdf93c0000 - 0x00007ffdf945e000 	C:\WINDOWS\System32\sechost.dll
0x00007ffdfadc0000 - 0x00007ffdfaee0000 	C:\WINDOWS\System32\RPCRT4.dll
0x00007ffdfa470000 - 0x00007ffdfa478000 	C:\WINDOWS\System32\PSAPI.DLL
0x00007ffdf2c30000 - 0x00007ffdf2c39000 	C:\WINDOWS\SYSTEM32\WSOCK32.dll
0x00007ffde82c0000 - 0x00007ffde82f3000 	C:\WINDOWS\SYSTEM32\WINMM.dll
0x00007ffdf2b60000 - 0x00007ffdf2b6a000 	C:\WINDOWS\SYSTEM32\VERSION.dll
0x00007ffdf8ec0000 - 0x00007ffdf8f2f000 	C:\WINDOWS\System32\WS2_32.dll
0x00007ffdf7600000 - 0x00007ffdf7618000 	C:\WINDOWS\SYSTEM32\kernel.appcore.dll
0x00007ffde9410000 - 0x00007ffde9421000 	C:\Program Files\Android\Android Studio\jre\bin\verify.dll
0x00007ffde5230000 - 0x00007ffde5451000 	C:\WINDOWS\SYSTEM32\DBGHELP.DLL
0x00007ffde2770000 - 0x00007ffde27a1000 	C:\WINDOWS\SYSTEM32\dbgcore.DLL
0x00007ffdf8d10000 - 0x00007ffdf8d8f000 	C:\WINDOWS\System32\bcryptPrimitives.dll
0x00007ffde1f90000 - 0x00007ffde1fb9000 	C:\Program Files\Android\Android Studio\jre\bin\java.dll
0x00007ffdec8c0000 - 0x00007ffdec8cb000 	C:\Program Files\Android\Android Studio\jre\bin\jimage.dll
0x00007ffde1ff0000 - 0x00007ffde2008000 	C:\Program Files\Android\Android Studio\jre\bin\zip.dll
0x00007ffdfa610000 - 0x00007ffdfadbe000 	C:\WINDOWS\System32\SHELL32.dll
0x00007ffdf6590000 - 0x00007ffdf6df7000 	C:\WINDOWS\SYSTEM32\windows.storage.dll
0x00007ffdf8f90000 - 0x00007ffdf9308000 	C:\WINDOWS\System32\combase.dll
0x00007ffdf6420000 - 0x00007ffdf6586000 	C:\WINDOWS\SYSTEM32\wintypes.dll
0x00007ffdfa4c0000 - 0x00007ffdfa5aa000 	C:\WINDOWS\System32\SHCORE.dll
0x00007ffdfa1b0000 - 0x00007ffdfa20d000 	C:\WINDOWS\System32\shlwapi.dll
0x00007ffdf8340000 - 0x00007ffdf8361000 	C:\WINDOWS\SYSTEM32\profapi.dll
0x00007ffde1ae0000 - 0x00007ffde1afa000 	C:\Program Files\Android\Android Studio\jre\bin\net.dll
0x00007ffdf2860000 - 0x00007ffdf296c000 	C:\WINDOWS\SYSTEM32\WINHTTP.dll
0x00007ffdf7a30000 - 0x00007ffdf7a97000 	C:\WINDOWS\system32\mswsock.dll
0x00007ffde1200000 - 0x00007ffde1214000 	C:\Program Files\Android\Android Studio\jre\bin\nio.dll
0x00007ffdf3ff0000 - 0x00007ffdf4017000 	D:\aa\native\8bec1ad78214c89d9ad589b4d07fe93259594b29d510b10fafb7a158f7737e5d\windows-amd64\native-platform.dll
0x00007ffdd7840000 - 0x00007ffdd797d000 	D:\aa\native\53dbd7edfb1c66fb8903c78663c9afc45aea4f116125fa6feffd364cf09443e8\windows-amd64\native-platform-file-events.dll
0x00007ffde1ad0000 - 0x00007ffde1ada000 	C:\Program Files\Android\Android Studio\jre\bin\management.dll
0x00007ffde1360000 - 0x00007ffde136c000 	C:\Program Files\Android\Android Studio\jre\bin\management_ext.dll
0x00007ffdf7c70000 - 0x00007ffdf7c88000 	C:\WINDOWS\SYSTEM32\CRYPTSP.dll
0x00007ffdf7560000 - 0x00007ffdf7595000 	C:\WINDOWS\system32\rsaenh.dll
0x00007ffdf7b20000 - 0x00007ffdf7b49000 	C:\WINDOWS\SYSTEM32\USERENV.dll
0x00007ffdf7df0000 - 0x00007ffdf7e17000 	C:\WINDOWS\SYSTEM32\bcrypt.dll
0x00007ffdf7c90000 - 0x00007ffdf7c9c000 	C:\WINDOWS\SYSTEM32\CRYPTBASE.dll
0x00007ffdf7130000 - 0x00007ffdf715d000 	C:\WINDOWS\SYSTEM32\IPHLPAPI.DLL
0x00007ffdf9db0000 - 0x00007ffdf9db9000 	C:\WINDOWS\System32\NSI.dll
0x00007ffdf2980000 - 0x00007ffdf2999000 	C:\WINDOWS\SYSTEM32\dhcpcsvc6.DLL
0x00007ffdf2c90000 - 0x00007ffdf2cae000 	C:\WINDOWS\SYSTEM32\dhcpcsvc.DLL
0x00007ffdf7160000 - 0x00007ffdf7247000 	C:\WINDOWS\SYSTEM32\DNSAPI.dll
0x00007ffdecbf0000 - 0x00007ffdecc17000 	C:\Program Files\Android\Android Studio\jre\bin\sunec.dll

dbghelp: loaded successfully - version: 4.0.5 - missing functions: none
symbol engine: initialized successfully - sym options: 0x614 - pdb path: .;C:\Program Files\Android\Android Studio\jre\bin;C:\WINDOWS\SYSTEM32;C:\WINDOWS\WinSxS\amd64_microsoft.windows.common-controls_6595b64144ccf1df_6.0.22000.120_none_9d947278b86cc467;C:\Program Files\Android\Android Studio\jre\bin\server;D:\aa\native\8bec1ad78214c89d9ad589b4d07fe93259594b29d510b10fafb7a158f7737e5d\windows-amd64;D:\aa\native\53dbd7edfb1c66fb8903c78663c9afc45aea4f116125fa6feffd364cf09443e8\windows-amd64

VM Arguments:
jvm_args: --add-opens=java.base/java.util=ALL-UNNAMED --add-opens=java.base/java.lang=ALL-UNNAMED --add-opens=java.base/java.lang.invoke=ALL-UNNAMED --add-opens=java.base/java.util=ALL-UNNAMED --add-opens=java.prefs/java.util.prefs=ALL-UNNAMED --add-opens=java.prefs/java.util.prefs=ALL-UNNAMED --add-opens=java.base/java.nio.charset=ALL-UNNAMED --add-opens=java.base/java.net=ALL-UNNAMED --add-opens=java.base/java.util.concurrent.atomic=ALL-UNNAMED -Xmx2048m -Dfile.encoding=UTF-8 -Duser.country=IN -Duser.language=en -Duser.variant 
java_command: org.gradle.launcher.daemon.bootstrap.GradleDaemon 7.0.2
java_class_path (initial): D:\aa\wrapper\dists\gradle-7.0.2-bin\857tjihv64xamwrf0h14cai3r\gradle-7.0.2\lib\gradle-launcher-7.0.2.jar
Launcher Type: SUN_STANDARD

[Global flags]
     intx CICompilerCount                          = 4                                         {product} {ergonomic}
     uint ConcGCThreads                            = 3                                         {product} {ergonomic}
     uint G1ConcRefinementThreads                  = 10                                        {product} {ergonomic}
   size_t G1HeapRegionSize                         = 1048576                                   {product} {ergonomic}
    uintx GCDrainStackTargetSize                   = 64                                        {product} {ergonomic}
   size_t InitialHeapSize                          = 266338304                                 {product} {ergonomic}
   size_t MarkStackSize                            = 4194304                                   {product} {ergonomic}
   size_t MaxHeapSize                              = 2147483648                                {product} {command line}
   size_t MaxNewSize                               = 1287651328                                {product} {ergonomic}
   size_t MinHeapDeltaBytes                        = 1048576                                   {product} {ergonomic}
    uintx NonNMethodCodeHeapSize                   = 5836300                                {pd product} {ergonomic}
    uintx NonProfiledCodeHeapSize                  = 122910970                              {pd product} {ergonomic}
    uintx ProfiledCodeHeapSize                     = 122910970                              {pd product} {ergonomic}
    uintx ReservedCodeCacheSize                    = 251658240                              {pd product} {ergonomic}
     bool SegmentedCodeCache                       = true                                      {product} {ergonomic}
     bool UseCompressedClassPointers               = true                                 {lp64_product} {ergonomic}
     bool UseCompressedOops                        = true                                 {lp64_product} {ergonomic}
     bool UseG1GC                                  = true                                      {product} {ergonomic}
     bool UseLargePagesIndividualAllocation        = false                                  {pd product} {ergonomic}

Logging:
Log output configuration:
 #0: stdout all=warning uptime,level,tags
 #1: stderr all=off uptime,level,tags

Environment Variables:
JAVA_HOME=C:\Program Files\Java\jdk-15.0.2
PATH=C:\MinGW;C:\MinGW\bin;C:\Program Files\Java\jdk-15.0.2\bin;C:\Program Files\Common Files\Oracle\Java\javapath;C:\Windows\system32;C:\Windows;C:\Windows\System32\Wbem;C:\Windows\System32\WindowsPowerShell\v1.0\;C:\Windows\System32\OpenSSH\;C:\Program Files (x86)\NVIDIA Corporation\PhysX\Common;C:\Program Files\NVIDIA Corporation\NVIDIA NvDLISR;C:\WINDOWS\system32;C:\WINDOWS;C:\WINDOWS\System32\Wbem;C:\WINDOWS\System32\WindowsPowerShell\v1.0\;C:\WINDOWS\System32\OpenSSH\;C:\Program Files\Git\cmd;C:\Program Files\dotnet\;C:\Users\Deepak\Desktop\gradle1\gradle-7.0.1\bin;C:\Users\Deepak\Desktop\gradle1\gradle-7.0.1;C:\Program Files\nodejs;C:\Program Files\Google\Google Apps Sync\;C:\Program Files\Google\Google Apps Migration\;C:\Program Files\Microsoft SQL Server\150\Tools\Binn\;C:\Program Files\Microsoft SQL Server\Client SDK\ODBC\170\Tools\Binn\;C:\Users\Deepak\anaconda3;C:\Users\Deepak\anaconda3\Library\mingw-w64\bin;C:\Users\Deepak\anaconda3\Library\usr\bin;C:\Users\Deepak\anaconda3\Library\bin;C:\Users\Deepak\anaconda3\Scripts;C:\Program Files\MySQL\MySQL Shell 8.0\bin\;C:\src\flutter\flutter\bin;C:\Users\Deepak\AppData\Local\Programs\Python\Python39\Scripts\;C:\Users\Deepak\AppData\Local\Programs\Python\Python39\;C:\Program Files\Java\jdk-15.0.2\bin;C:\Program Files\JetBrains\IntelliJ IDEA 2020.3.2\bin;;C:\Users\Deepak\AppData\Local\Microsoft\WindowsApps;C:\Users\Deepak\AppData\Local\Programs\Microsoft VS Code\bin;C:\Users\Deepak\AppData\Local\Programs\radare2\bin;C:\Modeltech_eval_6.2c\win32;C:\Modeltech_6.2c\win32;C:\Program Files\JetBrains\IntelliJ IDEA Community Edition 2021.1.2\bin;;C:\Program Files\JetBrains\PyCharm Community Edition 2021.1.2\bin;;C:\Users\Deepak\AppData\Roaming\npm;C:\Users\Deepak\AppData\Local\GitHubDesktop\bin;C:\Users\Deepak\.dotnet\tools
USERNAME=Deepak
OS=Windows_NT
PROCESSOR_IDENTIFIER=Intel64 Family 6 Model 158 Stepping 10, GenuineIntel



---------------  S Y S T E M  ---------------

OS: Windows 10 , 64 bit Build 22000 (10.0.22000.434)
OS uptime: 0 days 19:51 hours

CPU:total 12 (initial active 12) (6 cores per cpu, 2 threads per core) family 6 model 158 stepping 10 microcode 0xde, cmov, cx8, fxsr, mmx, sse, sse2, sse3, ssse3, sse4.1, sse4.2, popcnt, avx, avx2, aes, clmul, erms, 3dnowpref, lzcnt, ht, tsc, tscinvbit, bmi1, bmi2, adx, fma

Memory: 4k page, system-wide physical 16225M (2246M free)
TotalPageFile size 16225M (AvailPageFile size 90M)
current process WorkingSet (physical memory assigned to process): 611M, peak: 615M
current process commit charge ("private bytes"): 646M, peak: 807M

vm_info: OpenJDK 64-Bit Server VM (11.0.10+0-b96-7249189) for windows-amd64 JRE (11.0.10+0-b96-7249189), built on Mar 31 2021 21:44:00 by "builder" with MS VC++ 14.0 (VS2015)

END.
