#
# There is insufficient memory for the Java Runtime Environment to continue.
# Native memory allocation (malloc) failed to allocate 32784 bytes for Chunk::new
# Possible reasons:
#   The system is out of physical RAM or swap space
#   The process is running with CompressedOops enabled, and the Java Heap may be blocking the growth of the native heap
# Possible solutions:
#   Reduce memory load on the system
#   Increase physical memory or swap space
#   Check if swap backing store is full
#   Decrease Java heap size (-Xmx/-Xms)
#   Decrease number of Java threads
#   Decrease Java thread stack sizes (-Xss)
#   Set larger code cache with -XX:ReservedCodeCacheSize=
#   JVM is running with Unscaled Compressed Oops mode in which the Java heap is
#     placed in the first 4GB address space. The Java Heap base address is the
#     maximum limit for the native heap growth. Please use -XX:HeapBaseMinAddress
#     to set the Java Heap base and to place the Java Heap above 4GB virtual address.
# This output file may be truncated or incomplete.
#
#  Out of Memory Error (./src/hotspot/share/memory/arena.cpp:197), pid=13408, tid=11132
#
# JRE version: OpenJDK Runtime Environment (11.0.10) (build 11.0.10+0-b96-7249189)
# Java VM: OpenJDK 64-Bit Server VM (11.0.10+0-b96-7249189, mixed mode, tiered, compressed oops, g1 gc, windows-amd64)
# No core dump will be written. Minidumps are not enabled by default on client versions of Windows
#

---------------  S U M M A R Y ------------

Command Line: --add-opens=java.base/java.util=ALL-UNNAMED --add-opens=java.base/java.lang=ALL-UNNAMED --add-opens=java.base/java.lang.invoke=ALL-UNNAMED --add-opens=java.base/java.util=ALL-UNNAMED --add-opens=java.prefs/java.util.prefs=ALL-UNNAMED --add-opens=java.prefs/java.util.prefs=ALL-UNNAMED --add-opens=java.base/java.nio.charset=ALL-UNNAMED --add-opens=java.base/java.net=ALL-UNNAMED --add-opens=java.base/java.util.concurrent.atomic=ALL-UNNAMED -Xmx2048m -Dfile.encoding=UTF-8 -Duser.country=IN -Duser.language=en -Duser.variant org.gradle.launcher.daemon.bootstrap.GradleDaemon 7.0.2

Host: Intel(R) Core(TM) i7-9750H CPU @ 2.60GHz, 12 cores, 15G,  Windows 10 , 64 bit Build 22000 (10.0.22000.434)
Time: Mon Jan 24 15:58:38 2022 India Standard Time elapsed time: 5.480162 seconds (0d 0h 0m 5s)

---------------  T H R E A D  ---------------

Current thread (0x000001de2e72c800):  JavaThread "C2 CompilerThread2" daemon [_thread_in_native, id=11132, stack(0x000000c4bd700000,0x000000c4bd800000)]


Current CompileTask:
C2:   5480 5338       4       org.objectweb.asm.SymbolTable::addConstantMemberReference (147 bytes)

Stack: [0x000000c4bd700000,0x000000c4bd800000]
Native frames: (J=compiled Java code, j=interpreted, Vv=VM code, C=native code)
V  [jvm.dll+0x5ecfaa]
V  [jvm.dll+0x722bd5]
V  [jvm.dll+0x72412d]
V  [jvm.dll+0x7247e3]
V  [jvm.dll+0x242928]
V  [jvm.dll+0xbc4fc]
V  [jvm.dll+0xbca0c]
V  [jvm.dll+0xbc608]
V  [jvm.dll+0x5cc470]
V  [jvm.dll+0x4f417e]
V  [jvm.dll+0x4f3713]
V  [jvm.dll+0x4f36c1]
V  [jvm.dll+0x4f6240]
V  [jvm.dll+0x4f60d6]
V  [jvm.dll+0x4f566f]
V  [jvm.dll+0x4f5683]
V  [jvm.dll+0x4f5683]
V  [jvm.dll+0x4f5683]
V  [jvm.dll+0x4f5683]
V  [jvm.dll+0x4f5683]
V  [jvm.dll+0x4f5683]
V  [jvm.dll+0x4f5683]
V  [jvm.dll+0x4f5683]
V  [jvm.dll+0x4f5683]
V  [jvm.dll+0x4f5683]
V  [jvm.dll+0x4f5683]
V  [jvm.dll+0x4f5683]
V  [jvm.dll+0x4f5683]
V  [jvm.dll+0x4f5683]
V  [jvm.dll+0x506586]
V  [jvm.dll+0x1fccf6]
V  [jvm.dll+0x1fa77f]
V  [jvm.dll+0x18354c]
V  [jvm.dll+0x208ee7]
V  [jvm.dll+0x207731]
V  [jvm.dll+0x6eb1cf]
V  [jvm.dll+0x6e3d45]
V  [jvm.dll+0x5ebe96]
C  [ucrtbase.dll+0x26c0c]
C  [KERNEL32.DLL+0x154e0]
C  [ntdll.dll+0x485b]


---------------  P R O C E S S  ---------------

Threads class SMR info:
_java_thread_list=0x000001de2d9cb330, length=59, elements={
0x000001de0dbff800, 0x000001de2accf800, 0x000001de2acd9000, 0x000001de2ad2b800,
0x000001de2ad2d000, 0x000001de2ad30000, 0x000001de2ad3c000, 0x000001de2ad40800,
0x000001de2ad44800, 0x000001de2ae9f800, 0x000001de2d191000, 0x000001de2af79800,
0x000001de2c387800, 0x000001de2c5c3800, 0x000001de2d1e5800, 0x000001de2d06c800,
0x000001de2e074800, 0x000001de2d044800, 0x000001de2bf20000, 0x000001de2df6c800,
0x000001de2cd88000, 0x000001de2cd89000, 0x000001de2cd86800, 0x000001de2cd87000,
0x000001de2d5bc000, 0x000001de2d5bd000, 0x000001de2d5b7000, 0x000001de2d5bb000,
0x000001de2d5bd800, 0x000001de2d5ba800, 0x000001de2d5b8000, 0x000001de2d5b8800,
0x000001de2d5bf000, 0x000001de2d5b9800, 0x000001de2d5c6000, 0x000001de2d5c5000,
0x000001de2d5c0000, 0x000001de2e72c800, 0x000001de2d5c2800, 0x000001de2d5c1000,
0x000001de2d5c3800, 0x000001de2d5c1800, 0x000001de2ebe1000, 0x000001de2ebdf800,
0x000001de2ebe2000, 0x000001de2ebe3800, 0x000001de2ebe5000, 0x000001de2ebe4800,
0x000001de2ebe0000, 0x000001de2ebe6000, 0x000001de2ebe2800, 0x000001de31a5e800,
0x000001de31a5f000, 0x000001de31a60000, 0x000001de31a5c800, 0x000001de31a61000,
0x000001de31a62800, 0x000001de31a61800, 0x000001de31a63800
}

Java Threads: ( => current thread )
  0x000001de0dbff800 JavaThread "main" [_thread_blocked, id=19200, stack(0x000000c4ba000000,0x000000c4ba100000)]
  0x000001de2accf800 JavaThread "Reference Handler" daemon [_thread_blocked, id=11500, stack(0x000000c4ba700000,0x000000c4ba800000)]
  0x000001de2acd9000 JavaThread "Finalizer" daemon [_thread_blocked, id=2632, stack(0x000000c4ba800000,0x000000c4ba900000)]
  0x000001de2ad2b800 JavaThread "Signal Dispatcher" daemon [_thread_blocked, id=12484, stack(0x000000c4ba900000,0x000000c4baa00000)]
  0x000001de2ad2d000 JavaThread "Attach Listener" daemon [_thread_blocked, id=20428, stack(0x000000c4baa00000,0x000000c4bab00000)]
  0x000001de2ad30000 JavaThread "Service Thread" daemon [_thread_blocked, id=8156, stack(0x000000c4bab00000,0x000000c4bac00000)]
  0x000001de2ad3c000 JavaThread "C2 CompilerThread0" daemon [_thread_blocked, id=18804, stack(0x000000c4bac00000,0x000000c4bad00000)]
  0x000001de2ad40800 JavaThread "C1 CompilerThread0" daemon [_thread_blocked, id=19996, stack(0x000000c4bad00000,0x000000c4bae00000)]
  0x000001de2ad44800 JavaThread "Sweeper thread" daemon [_thread_blocked, id=12116, stack(0x000000c4bae00000,0x000000c4baf00000)]
  0x000001de2ae9f800 JavaThread "Common-Cleaner" daemon [_thread_blocked, id=13988, stack(0x000000c4baf00000,0x000000c4bb000000)]
  0x000001de2d191000 JavaThread "Daemon health stats" [_thread_blocked, id=8868, stack(0x000000c4bb800000,0x000000c4bb900000)]
  0x000001de2af79800 JavaThread "Incoming local TCP Connector on port 50278" [_thread_in_native, id=4660, stack(0x000000c4bb100000,0x000000c4bb200000)]
  0x000001de2c387800 JavaThread "Daemon periodic checks" [_thread_blocked, id=17604, stack(0x000000c4bb200000,0x000000c4bb300000)]
  0x000001de2c5c3800 JavaThread "Daemon" [_thread_blocked, id=1164, stack(0x000000c4bb900000,0x000000c4bba00000)]
  0x000001de2d1e5800 JavaThread "Handler for socket connection from /127.0.0.1:50278 to /127.0.0.1:50279" [_thread_in_native, id=15816, stack(0x000000c4bba00000,0x000000c4bbb00000)]
  0x000001de2d06c800 JavaThread "Cancel handler" [_thread_blocked, id=18512, stack(0x000000c4bbb00000,0x000000c4bbc00000)]
  0x000001de2e074800 JavaThread "Daemon worker" [_thread_in_vm, id=8204, stack(0x000000c4bbc00000,0x000000c4bbd00000)]
  0x000001de2d044800 JavaThread "C2 CompilerThread1" daemon [_thread_blocked, id=18932, stack(0x000000c4bbd00000,0x000000c4bbe00000)]
  0x000001de2bf20000 JavaThread "Asynchronous log dispatcher for DefaultDaemonConnection: socket connection from /127.0.0.1:50278 to /127.0.0.1:50279" [_thread_blocked, id=7440, stack(0x000000c4bbe00000,0x000000c4bbf00000)]
  0x000001de2df6c800 JavaThread "Stdin handler" [_thread_blocked, id=17444, stack(0x000000c4bbf00000,0x000000c4bc000000)]
  0x000001de2cd88000 JavaThread "Daemon client event forwarder" [_thread_blocked, id=18232, stack(0x000000c4bc000000,0x000000c4bc100000)]
  0x000001de2cd89000 JavaThread "Cache worker for file hash cache (D:\aa\caches\7.0.2\fileHashes)" [_thread_blocked, id=3456, stack(0x000000c4bc100000,0x000000c4bc200000)]
  0x000001de2cd86800 JavaThread "File lock request listener" [_thread_in_native, id=18380, stack(0x000000c4bc200000,0x000000c4bc300000)]
  0x000001de2cd87000 JavaThread "Cache worker for journal cache (D:\aa\caches\journal-1)" [_thread_blocked, id=9076, stack(0x000000c4bc900000,0x000000c4bca00000)]
  0x000001de2d5bc000 JavaThread "Cache worker for file hash cache (D:\app_dev\QuizApp\.gradle\7.0.2\fileHashes)" [_thread_blocked, id=12728, stack(0x000000c4bca00000,0x000000c4bcb00000)]
  0x000001de2d5bd000 JavaThread "File watcher server" daemon [_thread_in_native, id=10532, stack(0x000000c4bcb00000,0x000000c4bcc00000)]
  0x000001de2d5b7000 JavaThread "File watcher consumer" daemon [_thread_blocked, id=2476, stack(0x000000c4bcc00000,0x000000c4bcd00000)]
  0x000001de2d5bb000 JavaThread "Cache worker for checksums cache (D:\app_dev\QuizApp\.gradle\checksums)" [_thread_blocked, id=16916, stack(0x000000c4bcd00000,0x000000c4bce00000)]
  0x000001de2d5bd800 JavaThread "Cache worker for cache directory md-supplier (D:\aa\caches\7.0.2\md-supplier)" [_thread_blocked, id=19312, stack(0x000000c4bce00000,0x000000c4bcf00000)]
  0x000001de2d5ba800 JavaThread "Cache worker for cache directory md-rule (D:\aa\caches\7.0.2\md-rule)" [_thread_blocked, id=2684, stack(0x000000c4bd000000,0x000000c4bd100000)]
  0x000001de2d5b8000 JavaThread "Cache worker for execution history cache (D:\aa\caches\7.0.2\executionHistory)" [_thread_blocked, id=17568, stack(0x000000c4bd100000,0x000000c4bd200000)]
  0x000001de2d5b8800 JavaThread "jar transforms" [_thread_blocked, id=5064, stack(0x000000c4bd200000,0x000000c4bd300000)]
  0x000001de2d5bf000 JavaThread "jar transforms Thread 2" [_thread_blocked, id=10768, stack(0x000000c4bd300000,0x000000c4bd400000)]
  0x000001de2d5b9800 JavaThread "Cache worker for file content cache (D:\aa\caches\7.0.2\fileContent)" [_thread_blocked, id=6692, stack(0x000000c4bd400000,0x000000c4bd500000)]
  0x000001de2d5c6000 JavaThread "Cache worker for dependencies-accessors (D:\app_dev\QuizApp\.gradle\7.0.2\dependencies-accessors)" [_thread_blocked, id=13520, stack(0x000000c4bd500000,0x000000c4bd600000)]
  0x000001de2d5c5000 JavaThread "jar transforms Thread 3" [_thread_blocked, id=18480, stack(0x000000c4bd600000,0x000000c4bd700000)]
  0x000001de2d5c0000 JavaThread "Cache worker for Build Output Cleanup Cache (D:\app_dev\QuizApp\.gradle\buildOutputCleanup)" [_thread_blocked, id=18852, stack(0x000000c4bcf00000,0x000000c4bd000000)]
=>0x000001de2e72c800 JavaThread "C2 CompilerThread2" daemon [_thread_in_native, id=11132, stack(0x000000c4bd700000,0x000000c4bd800000)]
  0x000001de2d5c2800 JavaThread "Build operations" [_thread_blocked, id=14580, stack(0x000000c4bd800000,0x000000c4bd900000)]
  0x000001de2d5c1000 JavaThread "Build operations Thread 2" [_thread_blocked, id=18836, stack(0x000000c4bd900000,0x000000c4bda00000)]
  0x000001de2d5c3800 JavaThread "Build operations Thread 3" [_thread_blocked, id=5572, stack(0x000000c4bda00000,0x000000c4bdb00000)]
  0x000001de2d5c1800 JavaThread "Build operations Thread 4" [_thread_blocked, id=2876, stack(0x000000c4bdb00000,0x000000c4bdc00000)]
  0x000001de2ebe1000 JavaThread "Build operations Thread 5" [_thread_blocked, id=12904, stack(0x000000c4bdc00000,0x000000c4bdd00000)]
  0x000001de2ebdf800 JavaThread "Build operations Thread 6" [_thread_blocked, id=19568, stack(0x000000c4bdd00000,0x000000c4bde00000)]
  0x000001de2ebe2000 JavaThread "Build operations Thread 7" [_thread_blocked, id=7692, stack(0x000000c4bde00000,0x000000c4bdf00000)]
  0x000001de2ebe3800 JavaThread "Build operations Thread 8" [_thread_blocked, id=11544, stack(0x000000c4bdf00000,0x000000c4be000000)]
  0x000001de2ebe5000 JavaThread "Build operations Thread 9" [_thread_blocked, id=5912, stack(0x000000c4be000000,0x000000c4be100000)]
  0x000001de2ebe4800 JavaThread "Build operations Thread 10" [_thread_blocked, id=18160, stack(0x000000c4be100000,0x000000c4be200000)]
  0x000001de2ebe0000 JavaThread "Build operations Thread 11" [_thread_blocked, id=15900, stack(0x000000c4be200000,0x000000c4be300000)]
  0x000001de2ebe6000 JavaThread "Build operations Thread 12" [_thread_blocked, id=16348, stack(0x000000c4be300000,0x000000c4be400000)]
  0x000001de2ebe2800 JavaThread "jar transforms Thread 4" [_thread_blocked, id=14908, stack(0x000000c4be400000,0x000000c4be500000)]
  0x000001de31a5e800 JavaThread "jar transforms Thread 5" [_thread_blocked, id=8188, stack(0x000000c4be500000,0x000000c4be600000)]
  0x000001de31a5f000 JavaThread "jar transforms Thread 6" [_thread_blocked, id=12176, stack(0x000000c4be600000,0x000000c4be700000)]
  0x000001de31a60000 JavaThread "jar transforms Thread 7" [_thread_blocked, id=9736, stack(0x000000c4be700000,0x000000c4be800000)]
  0x000001de31a5c800 JavaThread "jar transforms Thread 8" [_thread_blocked, id=13956, stack(0x000000c4be800000,0x000000c4be900000)]
  0x000001de31a61000 JavaThread "jar transforms Thread 9" [_thread_blocked, id=11208, stack(0x000000c4be900000,0x000000c4bea00000)]
  0x000001de31a62800 JavaThread "jar transforms Thread 10" [_thread_blocked, id=14960, stack(0x000000c4bea00000,0x000000c4beb00000)]
  0x000001de31a61800 JavaThread "jar transforms Thread 11" [_thread_blocked, id=13656, stack(0x000000c4beb00000,0x000000c4bec00000)]
  0x000001de31a63800 JavaThread "jar transforms Thread 12" [_thread_blocked, id=19388, stack(0x000000c4bec00000,0x000000c4bed00000)]

Other Threads:
  0x000001de2acc9800 VMThread "VM Thread" [stack: 0x000000c4ba600000,0x000000c4ba700000] [id=16324]
  0x000001de2aee6800 WatcherThread [stack: 0x000000c4bb000000,0x000000c4bb100000] [id=1932]
  0x000001de0dc18800 GCTaskThread "GC Thread#0" [stack: 0x000000c4ba100000,0x000000c4ba200000] [id=17824]
  0x000001de2b28f800 GCTaskThread "GC Thread#1" [stack: 0x000000c4bb300000,0x000000c4bb400000] [id=11032]
  0x000001de2bced000 GCTaskThread "GC Thread#2" [stack: 0x000000c4bb400000,0x000000c4bb500000] [id=17300]
  0x000001de2bcee000 GCTaskThread "GC Thread#3" [stack: 0x000000c4bb500000,0x000000c4bb600000] [id=12976]
  0x000001de2bc87000 GCTaskThread "GC Thread#4" [stack: 0x000000c4bb600000,0x000000c4bb700000] [id=7880]
  0x000001de2bc81800 GCTaskThread "GC Thread#5" [stack: 0x000000c4bb700000,0x000000c4bb800000] [id=9636]
  0x000001de2c1af000 GCTaskThread "GC Thread#6" [stack: 0x000000c4bc300000,0x000000c4bc400000] [id=2984]
  0x000001de2c3d3000 GCTaskThread "GC Thread#7" [stack: 0x000000c4bc400000,0x000000c4bc500000] [id=12296]
  0x000001de2d284000 GCTaskThread "GC Thread#8" [stack: 0x000000c4bc500000,0x000000c4bc600000] [id=16340]
  0x000001de2d069800 GCTaskThread "GC Thread#9" [stack: 0x000000c4bc600000,0x000000c4bc700000] [id=13828]
  0x000001de0dc4c800 ConcurrentGCThread "G1 Main Marker" [stack: 0x000000c4ba200000,0x000000c4ba300000] [id=8656]
  0x000001de0dc4e000 ConcurrentGCThread "G1 Conc#0" [stack: 0x000000c4ba300000,0x000000c4ba400000] [id=7736]
  0x000001de2badd800 ConcurrentGCThread "G1 Conc#1" [stack: 0x000000c4bc700000,0x000000c4bc800000] [id=19696]
  0x000001de2ce09800 ConcurrentGCThread "G1 Conc#2" [stack: 0x000000c4bc800000,0x000000c4bc900000] [id=12252]
  0x000001de2a31a800 ConcurrentGCThread "G1 Refine#0" [stack: 0x000000c4ba400000,0x000000c4ba500000] [id=11268]
  0x000001de2e96c000 ConcurrentGCThread "G1 Refine#1" [stack: 0x000000c4bed00000,0x000000c4bee00000] [id=11760]
  0x000001de2a31b800 ConcurrentGCThread "G1 Young RemSet Sampling" [stack: 0x000000c4ba500000,0x000000c4ba600000] [id=14700]

Threads with active compile tasks:
C2 CompilerThread2   5516 5338       4       org.objectweb.asm.SymbolTable::addConstantMemberReference (147 bytes)

VM state:not at safepoint (normal execution)

VM Mutex/Monitor currently owned by a thread: None

Heap address: 0x0000000080000000, size: 2048 MB, Compressed Oops mode: 32-bit
Narrow klass base: 0x0000000000000000, Narrow klass shift: 3
Compressed class space size: 1073741824 Address: 0x0000000100000000

Heap:
 garbage-first heap   total 260096K, used 43528K [0x0000000080000000, 0x0000000100000000)
  region size 1024K, 20 young (20480K), 17 survivors (17408K)
 Metaspace       used 54171K, capacity 55583K, committed 55884K, reserved 1097728K
  class space    used 6906K, capacity 7435K, committed 7500K, reserved 1048576K
Heap Regions: E=young(eden), S=young(survivor), O=old, HS=humongous(starts), HC=humongous(continues), CS=collection set, F=free, A=archive, TAMS=top-at-mark-start (previous, next)
|   0|0x0000000080000000, 0x0000000080100000, 0x0000000080100000|100%| O|  |TAMS 0x0000000080100000, 0x0000000080000000| Untracked 
|   1|0x0000000080100000, 0x0000000080200000, 0x0000000080200000|100%| O|  |TAMS 0x0000000080200000, 0x0000000080100000| Untracked 
|   2|0x0000000080200000, 0x0000000080300000, 0x0000000080300000|100%| O|  |TAMS 0x0000000080300000, 0x0000000080200000| Untracked 
|   3|0x0000000080300000, 0x0000000080400000, 0x0000000080400000|100%|HS|  |TAMS 0x0000000080400000, 0x0000000080300000| Complete 
|   4|0x0000000080400000, 0x0000000080500000, 0x0000000080500000|100%|HC|  |TAMS 0x0000000080500000, 0x0000000080400000| Complete 
|   5|0x0000000080500000, 0x0000000080600000, 0x0000000080600000|100%|HC|  |TAMS 0x0000000080600000, 0x0000000080500000| Complete 
|   6|0x0000000080600000, 0x0000000080700000, 0x0000000080700000|100%| O|  |TAMS 0x0000000080700000, 0x0000000080600000| Untracked 
|   7|0x0000000080700000, 0x0000000080800000, 0x0000000080800000|100%| O|  |TAMS 0x0000000080800000, 0x0000000080700000| Untracked 
|   8|0x0000000080800000, 0x0000000080900000, 0x0000000080900000|100%| O|  |TAMS 0x0000000080900000, 0x0000000080800000| Untracked 
|   9|0x0000000080900000, 0x0000000080a00000, 0x0000000080a00000|100%| O|  |TAMS 0x0000000080a00000, 0x0000000080900000| Untracked 
|  10|0x0000000080a00000, 0x0000000080b00000, 0x0000000080b00000|100%| O|  |TAMS 0x0000000080b00000, 0x0000000080a00000| Untracked 
|  11|0x0000000080b00000, 0x0000000080c00000, 0x0000000080c00000|100%| O|  |TAMS 0x0000000080c00000, 0x0000000080b00000| Untracked 
|  12|0x0000000080c00000, 0x0000000080d00000, 0x0000000080d00000|100%| O|  |TAMS 0x0000000080d00000, 0x0000000080c00000| Untracked 
|  13|0x0000000080d00000, 0x0000000080e00000, 0x0000000080e00000|100%| O|  |TAMS 0x0000000080e00000, 0x0000000080d00000| Untracked 
|  14|0x0000000080e00000, 0x0000000080f00000, 0x0000000080f00000|100%| O|  |TAMS 0x0000000080f00000, 0x0000000080e00000| Untracked 
|  15|0x0000000080f00000, 0x0000000081000000, 0x0000000081000000|100%| O|  |TAMS 0x0000000080fd3200, 0x0000000080f00000| Untracked 
|  16|0x0000000081000000, 0x0000000081100000, 0x0000000081100000|100%|HS|  |TAMS 0x0000000081000000, 0x0000000081000000| Complete 
|  17|0x0000000081100000, 0x0000000081200000, 0x0000000081200000|100%|HS|  |TAMS 0x0000000081100000, 0x0000000081100000| Complete 
|  18|0x0000000081200000, 0x0000000081300000, 0x0000000081300000|100%|HS|  |TAMS 0x0000000081200000, 0x0000000081200000| Complete 
|  19|0x0000000081300000, 0x0000000081400000, 0x0000000081400000|100%|HC|  |TAMS 0x0000000081300000, 0x0000000081300000| Complete 
|  20|0x0000000081400000, 0x0000000081500000, 0x0000000081500000|100%| O|  |TAMS 0x0000000081400000, 0x0000000081400000| Untracked 
|  21|0x0000000081500000, 0x0000000081600000, 0x0000000081600000|100%| O|  |TAMS 0x0000000081500000, 0x0000000081500000| Untracked 
|  22|0x0000000081600000, 0x0000000081700000, 0x0000000081700000|100%| O|  |TAMS 0x0000000081600000, 0x0000000081600000| Untracked 
|  23|0x0000000081700000, 0x0000000081782200, 0x0000000081800000| 50%| O|  |TAMS 0x0000000081700000, 0x0000000081700000| Untracked 
|  24|0x0000000081800000, 0x0000000081800000, 0x0000000081900000|  0%| F|  |TAMS 0x0000000081800000, 0x0000000081800000| Untracked 
|  25|0x0000000081900000, 0x0000000081900000, 0x0000000081a00000|  0%| F|  |TAMS 0x0000000081900000, 0x0000000081900000| Untracked 
|  26|0x0000000081a00000, 0x0000000081a00000, 0x0000000081b00000|  0%| F|  |TAMS 0x0000000081a00000, 0x0000000081a00000| Untracked 
|  27|0x0000000081b00000, 0x0000000081b00000, 0x0000000081c00000|  0%| F|  |TAMS 0x0000000081b00000, 0x0000000081b00000| Untracked 
|  28|0x0000000081c00000, 0x0000000081c00000, 0x0000000081d00000|  0%| F|  |TAMS 0x0000000081c00000, 0x0000000081c00000| Untracked 
|  29|0x0000000081d00000, 0x0000000081d00000, 0x0000000081e00000|  0%| F|  |TAMS 0x0000000081d00000, 0x0000000081d00000| Untracked 
|  30|0x0000000081e00000, 0x0000000081e00000, 0x0000000081f00000|  0%| F|  |TAMS 0x0000000081e00000, 0x0000000081e00000| Untracked 
|  31|0x0000000081f00000, 0x0000000081f00000, 0x0000000082000000|  0%| F|  |TAMS 0x0000000081f00000, 0x0000000081f00000| Untracked 
|  32|0x0000000082000000, 0x0000000082000000, 0x0000000082100000|  0%| F|  |TAMS 0x0000000082000000, 0x0000000082000000| Untracked 
|  33|0x0000000082100000, 0x0000000082100000, 0x0000000082200000|  0%| F|  |TAMS 0x0000000082100000, 0x0000000082100000| Untracked 
|  34|0x0000000082200000, 0x0000000082200000, 0x0000000082300000|  0%| F|  |TAMS 0x0000000082200000, 0x0000000082200000| Untracked 
|  35|0x0000000082300000, 0x0000000082300000, 0x0000000082400000|  0%| F|  |TAMS 0x0000000082300000, 0x0000000082300000| Untracked 
|  36|0x0000000082400000, 0x0000000082400000, 0x0000000082500000|  0%| F|  |TAMS 0x0000000082400000, 0x0000000082400000| Untracked 
|  37|0x0000000082500000, 0x0000000082500000, 0x0000000082600000|  0%| F|  |TAMS 0x0000000082500000, 0x0000000082500000| Untracked 
|  38|0x0000000082600000, 0x0000000082600000, 0x0000000082700000|  0%| F|  |TAMS 0x0000000082600000, 0x0000000082600000| Untracked 
|  39|0x0000000082700000, 0x0000000082700000, 0x0000000082800000|  0%| F|  |TAMS 0x0000000082700000, 0x0000000082700000| Untracked 
|  40|0x0000000082800000, 0x0000000082800000, 0x0000000082900000|  0%| F|  |TAMS 0x0000000082800000, 0x0000000082800000| Untracked 
|  41|0x0000000082900000, 0x0000000082900000, 0x0000000082a00000|  0%| F|  |TAMS 0x0000000082900000, 0x0000000082900000| Untracked 
|  42|0x0000000082a00000, 0x0000000082a00000, 0x0000000082b00000|  0%| F|  |TAMS 0x0000000082a00000, 0x0000000082a00000| Untracked 
|  43|0x0000000082b00000, 0x0000000082b00000, 0x0000000082c00000|  0%| F|  |TAMS 0x0000000082b00000, 0x0000000082b00000| Untracked 
|  44|0x0000000082c00000, 0x0000000082c00000, 0x0000000082d00000|  0%| F|  |TAMS 0x0000000082c00000, 0x0000000082c00000| Untracked 
|  45|0x0000000082d00000, 0x0000000082d00000, 0x0000000082e00000|  0%| F|  |TAMS 0x0000000082d00000, 0x0000000082d00000| Untracked 
|  46|0x0000000082e00000, 0x0000000082e00000, 0x0000000082f00000|  0%| F|  |TAMS 0x0000000082e00000, 0x0000000082e00000| Untracked 
|  47|0x0000000082f00000, 0x0000000082f00000, 0x0000000083000000|  0%| F|  |TAMS 0x0000000082f00000, 0x0000000082f00000| Untracked 
|  48|0x0000000083000000, 0x0000000083000000, 0x0000000083100000|  0%| F|  |TAMS 0x0000000083000000, 0x0000000083000000| Untracked 
|  49|0x0000000083100000, 0x0000000083100000, 0x0000000083200000|  0%| F|  |TAMS 0x0000000083100000, 0x0000000083100000| Untracked 
|  50|0x0000000083200000, 0x0000000083200000, 0x0000000083300000|  0%| F|  |TAMS 0x0000000083200000, 0x0000000083200000| Untracked 
|  51|0x0000000083300000, 0x0000000083300000, 0x0000000083400000|  0%| F|  |TAMS 0x0000000083300000, 0x0000000083300000| Untracked 
|  52|0x0000000083400000, 0x0000000083400000, 0x0000000083500000|  0%| F|  |TAMS 0x0000000083400000, 0x0000000083400000| Untracked 
|  53|0x0000000083500000, 0x0000000083500000, 0x0000000083600000|  0%| F|  |TAMS 0x0000000083500000, 0x0000000083500000| Untracked 
|  54|0x0000000083600000, 0x0000000083600000, 0x0000000083700000|  0%| F|  |TAMS 0x0000000083600000, 0x0000000083600000| Untracked 
|  55|0x0000000083700000, 0x0000000083700000, 0x0000000083800000|  0%| F|  |TAMS 0x0000000083700000, 0x0000000083700000| Untracked 
|  56|0x0000000083800000, 0x0000000083800000, 0x0000000083900000|  0%| F|  |TAMS 0x0000000083800000, 0x0000000083800000| Untracked 
|  57|0x0000000083900000, 0x0000000083900000, 0x0000000083a00000|  0%| F|  |TAMS 0x0000000083900000, 0x0000000083900000| Untracked 
|  58|0x0000000083a00000, 0x0000000083a00000, 0x0000000083b00000|  0%| F|  |TAMS 0x0000000083a00000, 0x0000000083a00000| Untracked 
|  59|0x0000000083b00000, 0x0000000083b00000, 0x0000000083c00000|  0%| F|  |TAMS 0x0000000083b00000, 0x0000000083b00000| Untracked 
|  60|0x0000000083c00000, 0x0000000083c00000, 0x0000000083d00000|  0%| F|  |TAMS 0x0000000083c00000, 0x0000000083c00000| Untracked 
|  61|0x0000000083d00000, 0x0000000083d00000, 0x0000000083e00000|  0%| F|  |TAMS 0x0000000083d00000, 0x0000000083d00000| Untracked 
|  62|0x0000000083e00000, 0x0000000083e00000, 0x0000000083f00000|  0%| F|  |TAMS 0x0000000083e00000, 0x0000000083e00000| Untracked 
|  63|0x0000000083f00000, 0x0000000083f00000, 0x0000000084000000|  0%| F|  |TAMS 0x0000000083f00000, 0x0000000083f00000| Untracked 
|  64|0x0000000084000000, 0x0000000084000000, 0x0000000084100000|  0%| F|  |TAMS 0x0000000084000000, 0x0000000084000000| Untracked 
|  65|0x0000000084100000, 0x0000000084100000, 0x0000000084200000|  0%| F|  |TAMS 0x0000000084100000, 0x0000000084100000| Untracked 
|  66|0x0000000084200000, 0x0000000084200000, 0x0000000084300000|  0%| F|  |TAMS 0x0000000084200000, 0x0000000084200000| Untracked 
|  67|0x0000000084300000, 0x0000000084300000, 0x0000000084400000|  0%| F|  |TAMS 0x0000000084300000, 0x0000000084300000| Untracked 
|  68|0x0000000084400000, 0x0000000084400000, 0x0000000084500000|  0%| F|  |TAMS 0x0000000084400000, 0x0000000084400000| Untracked 
|  69|0x0000000084500000, 0x0000000084500000, 0x0000000084600000|  0%| F|  |TAMS 0x0000000084500000, 0x0000000084500000| Untracked 
|  70|0x0000000084600000, 0x0000000084600000, 0x0000000084700000|  0%| F|  |TAMS 0x0000000084600000, 0x0000000084600000| Untracked 
|  71|0x0000000084700000, 0x0000000084700000, 0x0000000084800000|  0%| F|  |TAMS 0x0000000084700000, 0x0000000084700000| Untracked 
|  72|0x0000000084800000, 0x0000000084800000, 0x0000000084900000|  0%| F|  |TAMS 0x0000000084800000, 0x0000000084800000| Untracked 
|  73|0x0000000084900000, 0x0000000084900000, 0x0000000084a00000|  0%| F|  |TAMS 0x0000000084900000, 0x0000000084900000| Untracked 
|  74|0x0000000084a00000, 0x0000000084a00000, 0x0000000084b00000|  0%| F|  |TAMS 0x0000000084a00000, 0x0000000084a00000| Untracked 
|  75|0x0000000084b00000, 0x0000000084b00000, 0x0000000084c00000|  0%| F|  |TAMS 0x0000000084b00000, 0x0000000084b00000| Untracked 
|  76|0x0000000084c00000, 0x0000000084c00000, 0x0000000084d00000|  0%| F|  |TAMS 0x0000000084c00000, 0x0000000084c00000| Untracked 
|  77|0x0000000084d00000, 0x0000000084d00000, 0x0000000084e00000|  0%| F|  |TAMS 0x0000000084d00000, 0x0000000084d00000| Untracked 
|  78|0x0000000084e00000, 0x0000000084e00000, 0x0000000084f00000|  0%| F|  |TAMS 0x0000000084e00000, 0x0000000084e00000| Untracked 
|  79|0x0000000084f00000, 0x0000000084f00000, 0x0000000085000000|  0%| F|  |TAMS 0x0000000084f00000, 0x0000000084f00000| Untracked 
|  80|0x0000000085000000, 0x0000000085000000, 0x0000000085100000|  0%| F|  |TAMS 0x0000000085000000, 0x0000000085000000| Untracked 
|  81|0x0000000085100000, 0x0000000085100000, 0x0000000085200000|  0%| F|  |TAMS 0x0000000085100000, 0x0000000085100000| Untracked 
|  82|0x0000000085200000, 0x0000000085200000, 0x0000000085300000|  0%| F|  |TAMS 0x0000000085200000, 0x0000000085200000| Untracked 
|  83|0x0000000085300000, 0x0000000085300000, 0x0000000085400000|  0%| F|  |TAMS 0x0000000085300000, 0x0000000085300000| Untracked 
|  84|0x0000000085400000, 0x0000000085400000, 0x0000000085500000|  0%| F|  |TAMS 0x0000000085400000, 0x0000000085400000| Untracked 
|  85|0x0000000085500000, 0x0000000085500000, 0x0000000085600000|  0%| F|  |TAMS 0x0000000085500000, 0x0000000085500000| Untracked 
|  86|0x0000000085600000, 0x0000000085600000, 0x0000000085700000|  0%| F|  |TAMS 0x0000000085600000, 0x0000000085600000| Untracked 
|  87|0x0000000085700000, 0x0000000085700000, 0x0000000085800000|  0%| F|  |TAMS 0x0000000085700000, 0x0000000085700000| Untracked 
|  88|0x0000000085800000, 0x0000000085800000, 0x0000000085900000|  0%| F|  |TAMS 0x0000000085800000, 0x0000000085800000| Untracked 
|  89|0x0000000085900000, 0x0000000085900000, 0x0000000085a00000|  0%| F|  |TAMS 0x0000000085900000, 0x0000000085900000| Untracked 
|  90|0x0000000085a00000, 0x0000000085a00000, 0x0000000085b00000|  0%| F|  |TAMS 0x0000000085a00000, 0x0000000085a00000| Untracked 
|  91|0x0000000085b00000, 0x0000000085b00000, 0x0000000085c00000|  0%| F|  |TAMS 0x0000000085b00000, 0x0000000085b00000| Untracked 
|  92|0x0000000085c00000, 0x0000000085c00000, 0x0000000085d00000|  0%| F|  |TAMS 0x0000000085c00000, 0x0000000085c00000| Untracked 
|  93|0x0000000085d00000, 0x0000000085d00000, 0x0000000085e00000|  0%| F|  |TAMS 0x0000000085d00000, 0x0000000085d00000| Untracked 
|  94|0x0000000085e00000, 0x0000000085e00000, 0x0000000085f00000|  0%| F|  |TAMS 0x0000000085e00000, 0x0000000085e00000| Untracked 
|  95|0x0000000085f00000, 0x0000000085f00000, 0x0000000086000000|  0%| F|  |TAMS 0x0000000085f00000, 0x0000000085f00000| Untracked 
|  96|0x0000000086000000, 0x0000000086000000, 0x0000000086100000|  0%| F|  |TAMS 0x0000000086000000, 0x0000000086000000| Untracked 
|  97|0x0000000086100000, 0x0000000086100000, 0x0000000086200000|  0%| F|  |TAMS 0x0000000086100000, 0x0000000086100000| Untracked 
|  98|0x0000000086200000, 0x0000000086200000, 0x0000000086300000|  0%| F|  |TAMS 0x0000000086200000, 0x0000000086200000| Untracked 
|  99|0x0000000086300000, 0x0000000086300000, 0x0000000086400000|  0%| F|  |TAMS 0x0000000086300000, 0x0000000086300000| Untracked 
| 100|0x0000000086400000, 0x0000000086400000, 0x0000000086500000|  0%| F|  |TAMS 0x0000000086400000, 0x0000000086400000| Untracked 
| 101|0x0000000086500000, 0x0000000086500000, 0x0000000086600000|  0%| F|  |TAMS 0x0000000086500000, 0x0000000086500000| Untracked 
| 102|0x0000000086600000, 0x0000000086600000, 0x0000000086700000|  0%| F|  |TAMS 0x0000000086600000, 0x0000000086600000| Untracked 
| 103|0x0000000086700000, 0x0000000086700000, 0x0000000086800000|  0%| F|  |TAMS 0x0000000086700000, 0x0000000086700000| Untracked 
| 104|0x0000000086800000, 0x0000000086900000, 0x0000000086900000|100%| S|CS|TAMS 0x0000000086800000, 0x0000000086800000| Complete 
| 105|0x0000000086900000, 0x0000000086a00000, 0x0000000086a00000|100%| S|CS|TAMS 0x0000000086900000, 0x0000000086900000| Complete 
| 106|0x0000000086a00000, 0x0000000086b00000, 0x0000000086b00000|100%| S|CS|TAMS 0x0000000086a00000, 0x0000000086a00000| Complete 
| 107|0x0000000086b00000, 0x0000000086c00000, 0x0000000086c00000|100%| S|CS|TAMS 0x0000000086b00000, 0x0000000086b00000| Complete 
| 108|0x0000000086c00000, 0x0000000086d00000, 0x0000000086d00000|100%| S|CS|TAMS 0x0000000086c00000, 0x0000000086c00000| Complete 
| 109|0x0000000086d00000, 0x0000000086e00000, 0x0000000086e00000|100%| S|CS|TAMS 0x0000000086d00000, 0x0000000086d00000| Complete 
| 110|0x0000000086e00000, 0x0000000086f00000, 0x0000000086f00000|100%| S|CS|TAMS 0x0000000086e00000, 0x0000000086e00000| Complete 
| 111|0x0000000086f00000, 0x0000000087000000, 0x0000000087000000|100%| S|CS|TAMS 0x0000000086f00000, 0x0000000086f00000| Complete 
| 112|0x0000000087000000, 0x0000000087100000, 0x0000000087100000|100%| S|CS|TAMS 0x0000000087000000, 0x0000000087000000| Complete 
| 113|0x0000000087100000, 0x0000000087200000, 0x0000000087200000|100%| S|CS|TAMS 0x0000000087100000, 0x0000000087100000| Complete 
| 114|0x0000000087200000, 0x0000000087300000, 0x0000000087300000|100%| S|CS|TAMS 0x0000000087200000, 0x0000000087200000| Complete 
| 115|0x0000000087300000, 0x0000000087400000, 0x0000000087400000|100%| S|CS|TAMS 0x0000000087300000, 0x0000000087300000| Complete 
| 116|0x0000000087400000, 0x0000000087500000, 0x0000000087500000|100%| S|CS|TAMS 0x0000000087400000, 0x0000000087400000| Complete 
| 117|0x0000000087500000, 0x0000000087600000, 0x0000000087600000|100%| S|CS|TAMS 0x0000000087500000, 0x0000000087500000| Complete 
| 118|0x0000000087600000, 0x0000000087700000, 0x0000000087700000|100%| S|CS|TAMS 0x0000000087600000, 0x0000000087600000| Complete 
| 119|0x0000000087700000, 0x0000000087800000, 0x0000000087800000|100%| S|CS|TAMS 0x0000000087700000, 0x0000000087700000| Complete 
| 120|0x0000000087800000, 0x0000000087900000, 0x0000000087900000|100%| S|CS|TAMS 0x0000000087800000, 0x0000000087800000| Complete 
| 121|0x0000000087900000, 0x0000000087900000, 0x0000000087a00000|  0%| F|  |TAMS 0x0000000087900000, 0x0000000087900000| Untracked 
| 122|0x0000000087a00000, 0x0000000087a00000, 0x0000000087b00000|  0%| F|  |TAMS 0x0000000087a00000, 0x0000000087a00000| Untracked 
| 123|0x0000000087b00000, 0x0000000087b00000, 0x0000000087c00000|  0%| F|  |TAMS 0x0000000087b00000, 0x0000000087b00000| Untracked 
| 124|0x0000000087c00000, 0x0000000087c00000, 0x0000000087d00000|  0%| F|  |TAMS 0x0000000087c00000, 0x0000000087c00000| Untracked 
| 125|0x0000000087d00000, 0x0000000087d00000, 0x0000000087e00000|  0%| F|  |TAMS 0x0000000087d00000, 0x0000000087d00000| Untracked 
| 126|0x0000000087e00000, 0x0000000087e00000, 0x0000000087f00000|  0%| F|  |TAMS 0x0000000087e00000, 0x0000000087e00000| Untracked 
| 127|0x0000000087f00000, 0x0000000087f00000, 0x0000000088000000|  0%| F|  |TAMS 0x0000000087f00000, 0x0000000087f00000| Untracked 
| 128|0x0000000088000000, 0x0000000088000000, 0x0000000088100000|  0%| F|  |TAMS 0x0000000088000000, 0x0000000088000000| Untracked 
| 129|0x0000000088100000, 0x0000000088100000, 0x0000000088200000|  0%| F|  |TAMS 0x0000000088100000, 0x0000000088100000| Untracked 
| 130|0x0000000088200000, 0x0000000088200000, 0x0000000088300000|  0%| F|  |TAMS 0x0000000088200000, 0x0000000088200000| Untracked 
| 131|0x0000000088300000, 0x0000000088300000, 0x0000000088400000|  0%| F|  |TAMS 0x0000000088300000, 0x0000000088300000| Untracked 
| 132|0x0000000088400000, 0x0000000088400000, 0x0000000088500000|  0%| F|  |TAMS 0x0000000088400000, 0x0000000088400000| Untracked 
| 133|0x0000000088500000, 0x0000000088500000, 0x0000000088600000|  0%| F|  |TAMS 0x0000000088500000, 0x0000000088500000| Untracked 
| 134|0x0000000088600000, 0x0000000088600000, 0x0000000088700000|  0%| F|  |TAMS 0x0000000088600000, 0x0000000088600000| Untracked 
| 135|0x0000000088700000, 0x0000000088700000, 0x0000000088800000|  0%| F|  |TAMS 0x0000000088700000, 0x0000000088700000| Untracked 
| 136|0x0000000088800000, 0x0000000088800000, 0x0000000088900000|  0%| F|  |TAMS 0x0000000088800000, 0x0000000088800000| Untracked 
| 137|0x0000000088900000, 0x0000000088900000, 0x0000000088a00000|  0%| F|  |TAMS 0x0000000088900000, 0x0000000088900000| Untracked 
| 138|0x0000000088a00000, 0x0000000088a00000, 0x0000000088b00000|  0%| F|  |TAMS 0x0000000088a00000, 0x0000000088a00000| Untracked 
| 139|0x0000000088b00000, 0x0000000088b00000, 0x0000000088c00000|  0%| F|  |TAMS 0x0000000088b00000, 0x0000000088b00000| Untracked 
| 140|0x0000000088c00000, 0x0000000088c00000, 0x0000000088d00000|  0%| F|  |TAMS 0x0000000088c00000, 0x0000000088c00000| Untracked 
| 141|0x0000000088d00000, 0x0000000088d00000, 0x0000000088e00000|  0%| F|  |TAMS 0x0000000088d00000, 0x0000000088d00000| Untracked 
| 142|0x0000000088e00000, 0x0000000088e00000, 0x0000000088f00000|  0%| F|  |TAMS 0x0000000088e00000, 0x0000000088e00000| Untracked 
| 143|0x0000000088f00000, 0x0000000088f00000, 0x0000000089000000|  0%| F|  |TAMS 0x0000000088f00000, 0x0000000088f00000| Untracked 
| 144|0x0000000089000000, 0x0000000089000000, 0x0000000089100000|  0%| F|  |TAMS 0x0000000089000000, 0x0000000089000000| Untracked 
| 145|0x0000000089100000, 0x0000000089100000, 0x0000000089200000|  0%| F|  |TAMS 0x0000000089100000, 0x0000000089100000| Untracked 
| 146|0x0000000089200000, 0x0000000089200000, 0x0000000089300000|  0%| F|  |TAMS 0x0000000089200000, 0x0000000089200000| Untracked 
| 147|0x0000000089300000, 0x0000000089300000, 0x0000000089400000|  0%| F|  |TAMS 0x0000000089300000, 0x0000000089300000| Untracked 
| 148|0x0000000089400000, 0x0000000089400000, 0x0000000089500000|  0%| F|  |TAMS 0x0000000089400000, 0x0000000089400000| Untracked 
| 149|0x0000000089500000, 0x0000000089500000, 0x0000000089600000|  0%| F|  |TAMS 0x0000000089500000, 0x0000000089500000| Untracked 
| 150|0x0000000089600000, 0x0000000089600000, 0x0000000089700000|  0%| F|  |TAMS 0x0000000089600000, 0x0000000089600000| Untracked 
| 151|0x0000000089700000, 0x0000000089700000, 0x0000000089800000|  0%| F|  |TAMS 0x0000000089700000, 0x0000000089700000| Untracked 
| 152|0x0000000089800000, 0x0000000089800000, 0x0000000089900000|  0%| F|  |TAMS 0x0000000089800000, 0x0000000089800000| Untracked 
| 153|0x0000000089900000, 0x0000000089900000, 0x0000000089a00000|  0%| F|  |TAMS 0x0000000089900000, 0x0000000089900000| Untracked 
| 154|0x0000000089a00000, 0x0000000089a00000, 0x0000000089b00000|  0%| F|  |TAMS 0x0000000089a00000, 0x0000000089a00000| Untracked 
| 155|0x0000000089b00000, 0x0000000089b00000, 0x0000000089c00000|  0%| F|  |TAMS 0x0000000089b00000, 0x0000000089b00000| Untracked 
| 156|0x0000000089c00000, 0x0000000089c00000, 0x0000000089d00000|  0%| F|  |TAMS 0x0000000089c00000, 0x0000000089c00000| Untracked 
| 157|0x0000000089d00000, 0x0000000089d00000, 0x0000000089e00000|  0%| F|  |TAMS 0x0000000089d00000, 0x0000000089d00000| Untracked 
| 158|0x0000000089e00000, 0x0000000089e00000, 0x0000000089f00000|  0%| F|  |TAMS 0x0000000089e00000, 0x0000000089e00000| Untracked 
| 159|0x0000000089f00000, 0x0000000089f00000, 0x000000008a000000|  0%| F|  |TAMS 0x0000000089f00000, 0x0000000089f00000| Untracked 
| 160|0x000000008a000000, 0x000000008a000000, 0x000000008a100000|  0%| F|  |TAMS 0x000000008a000000, 0x000000008a000000| Untracked 
| 161|0x000000008a100000, 0x000000008a100000, 0x000000008a200000|  0%| F|  |TAMS 0x000000008a100000, 0x000000008a100000| Untracked 
| 162|0x000000008a200000, 0x000000008a200000, 0x000000008a300000|  0%| F|  |TAMS 0x000000008a200000, 0x000000008a200000| Untracked 
| 163|0x000000008a300000, 0x000000008a300000, 0x000000008a400000|  0%| F|  |TAMS 0x000000008a300000, 0x000000008a300000| Untracked 
| 164|0x000000008a400000, 0x000000008a400000, 0x000000008a500000|  0%| F|  |TAMS 0x000000008a400000, 0x000000008a400000| Untracked 
| 165|0x000000008a500000, 0x000000008a500000, 0x000000008a600000|  0%| F|  |TAMS 0x000000008a500000, 0x000000008a500000| Untracked 
| 166|0x000000008a600000, 0x000000008a600000, 0x000000008a700000|  0%| F|  |TAMS 0x000000008a600000, 0x000000008a600000| Untracked 
| 167|0x000000008a700000, 0x000000008a700000, 0x000000008a800000|  0%| F|  |TAMS 0x000000008a700000, 0x000000008a700000| Untracked 
| 168|0x000000008a800000, 0x000000008a800000, 0x000000008a900000|  0%| F|  |TAMS 0x000000008a800000, 0x000000008a800000| Untracked 
| 169|0x000000008a900000, 0x000000008a900000, 0x000000008aa00000|  0%| F|  |TAMS 0x000000008a900000, 0x000000008a900000| Untracked 
| 170|0x000000008aa00000, 0x000000008aa00000, 0x000000008ab00000|  0%| F|  |TAMS 0x000000008aa00000, 0x000000008aa00000| Untracked 
| 171|0x000000008ab00000, 0x000000008ab00000, 0x000000008ac00000|  0%| F|  |TAMS 0x000000008ab00000, 0x000000008ab00000| Untracked 
| 172|0x000000008ac00000, 0x000000008ac00000, 0x000000008ad00000|  0%| F|  |TAMS 0x000000008ac00000, 0x000000008ac00000| Untracked 
| 173|0x000000008ad00000, 0x000000008ad00000, 0x000000008ae00000|  0%| F|  |TAMS 0x000000008ad00000, 0x000000008ad00000| Untracked 
| 174|0x000000008ae00000, 0x000000008ae00000, 0x000000008af00000|  0%| F|  |TAMS 0x000000008ae00000, 0x000000008ae00000| Untracked 
| 175|0x000000008af00000, 0x000000008af00000, 0x000000008b000000|  0%| F|  |TAMS 0x000000008af00000, 0x000000008af00000| Untracked 
| 176|0x000000008b000000, 0x000000008b000000, 0x000000008b100000|  0%| F|  |TAMS 0x000000008b000000, 0x000000008b000000| Untracked 
| 177|0x000000008b100000, 0x000000008b100000, 0x000000008b200000|  0%| F|  |TAMS 0x000000008b100000, 0x000000008b100000| Untracked 
| 178|0x000000008b200000, 0x000000008b200000, 0x000000008b300000|  0%| F|  |TAMS 0x000000008b200000, 0x000000008b200000| Untracked 
| 179|0x000000008b300000, 0x000000008b300000, 0x000000008b400000|  0%| F|  |TAMS 0x000000008b300000, 0x000000008b300000| Untracked 
| 180|0x000000008b400000, 0x000000008b400000, 0x000000008b500000|  0%| F|  |TAMS 0x000000008b400000, 0x000000008b400000| Untracked 
| 181|0x000000008b500000, 0x000000008b500000, 0x000000008b600000|  0%| F|  |TAMS 0x000000008b500000, 0x000000008b500000| Untracked 
| 182|0x000000008b600000, 0x000000008b600000, 0x000000008b700000|  0%| F|  |TAMS 0x000000008b600000, 0x000000008b600000| Untracked 
| 183|0x000000008b700000, 0x000000008b700000, 0x000000008b800000|  0%| F|  |TAMS 0x000000008b700000, 0x000000008b700000| Untracked 
| 184|0x000000008b800000, 0x000000008b800000, 0x000000008b900000|  0%| F|  |TAMS 0x000000008b800000, 0x000000008b800000| Untracked 
| 185|0x000000008b900000, 0x000000008b900000, 0x000000008ba00000|  0%| F|  |TAMS 0x000000008b900000, 0x000000008b900000| Untracked 
| 186|0x000000008ba00000, 0x000000008ba00000, 0x000000008bb00000|  0%| F|  |TAMS 0x000000008ba00000, 0x000000008ba00000| Untracked 
| 187|0x000000008bb00000, 0x000000008bb00000, 0x000000008bc00000|  0%| F|  |TAMS 0x000000008bb00000, 0x000000008bb00000| Untracked 
| 188|0x000000008bc00000, 0x000000008bc00000, 0x000000008bd00000|  0%| F|  |TAMS 0x000000008bc00000, 0x000000008bc00000| Untracked 
| 189|0x000000008bd00000, 0x000000008bd00000, 0x000000008be00000|  0%| F|  |TAMS 0x000000008bd00000, 0x000000008bd00000| Untracked 
| 190|0x000000008be00000, 0x000000008be00000, 0x000000008bf00000|  0%| F|  |TAMS 0x000000008be00000, 0x000000008be00000| Untracked 
| 191|0x000000008bf00000, 0x000000008bf00000, 0x000000008c000000|  0%| F|  |TAMS 0x000000008bf00000, 0x000000008bf00000| Untracked 
| 192|0x000000008c000000, 0x000000008c000000, 0x000000008c100000|  0%| F|  |TAMS 0x000000008c000000, 0x000000008c000000| Untracked 
| 193|0x000000008c100000, 0x000000008c100000, 0x000000008c200000|  0%| F|  |TAMS 0x000000008c100000, 0x000000008c100000| Untracked 
| 194|0x000000008c200000, 0x000000008c200000, 0x000000008c300000|  0%| F|  |TAMS 0x000000008c200000, 0x000000008c200000| Untracked 
| 195|0x000000008c300000, 0x000000008c300000, 0x000000008c400000|  0%| F|  |TAMS 0x000000008c300000, 0x000000008c300000| Untracked 
| 196|0x000000008c400000, 0x000000008c400000, 0x000000008c500000|  0%| F|  |TAMS 0x000000008c400000, 0x000000008c400000| Untracked 
| 197|0x000000008c500000, 0x000000008c500000, 0x000000008c600000|  0%| F|  |TAMS 0x000000008c500000, 0x000000008c500000| Untracked 
| 198|0x000000008c600000, 0x000000008c600000, 0x000000008c700000|  0%| F|  |TAMS 0x000000008c600000, 0x000000008c600000| Untracked 
| 199|0x000000008c700000, 0x000000008c700000, 0x000000008c800000|  0%| F|  |TAMS 0x000000008c700000, 0x000000008c700000| Untracked 
| 200|0x000000008c800000, 0x000000008c800000, 0x000000008c900000|  0%| F|  |TAMS 0x000000008c800000, 0x000000008c800000| Untracked 
| 201|0x000000008c900000, 0x000000008c900000, 0x000000008ca00000|  0%| F|  |TAMS 0x000000008c900000, 0x000000008c900000| Untracked 
| 202|0x000000008ca00000, 0x000000008ca00000, 0x000000008cb00000|  0%| F|  |TAMS 0x000000008ca00000, 0x000000008ca00000| Untracked 
| 203|0x000000008cb00000, 0x000000008cb00000, 0x000000008cc00000|  0%| F|  |TAMS 0x000000008cb00000, 0x000000008cb00000| Untracked 
| 204|0x000000008cc00000, 0x000000008cc00000, 0x000000008cd00000|  0%| F|  |TAMS 0x000000008cc00000, 0x000000008cc00000| Untracked 
| 205|0x000000008cd00000, 0x000000008cd00000, 0x000000008ce00000|  0%| F|  |TAMS 0x000000008cd00000, 0x000000008cd00000| Untracked 
| 206|0x000000008ce00000, 0x000000008ce00000, 0x000000008cf00000|  0%| F|  |TAMS 0x000000008ce00000, 0x000000008ce00000| Untracked 
| 207|0x000000008cf00000, 0x000000008cf00000, 0x000000008d000000|  0%| F|  |TAMS 0x000000008cf00000, 0x000000008cf00000| Untracked 
| 208|0x000000008d000000, 0x000000008d000000, 0x000000008d100000|  0%| F|  |TAMS 0x000000008d000000, 0x000000008d000000| Untracked 
| 209|0x000000008d100000, 0x000000008d100000, 0x000000008d200000|  0%| F|  |TAMS 0x000000008d100000, 0x000000008d100000| Untracked 
| 210|0x000000008d200000, 0x000000008d200000, 0x000000008d300000|  0%| F|  |TAMS 0x000000008d200000, 0x000000008d200000| Untracked 
| 211|0x000000008d300000, 0x000000008d300000, 0x000000008d400000|  0%| F|  |TAMS 0x000000008d300000, 0x000000008d300000| Untracked 
| 212|0x000000008d400000, 0x000000008d400000, 0x000000008d500000|  0%| F|  |TAMS 0x000000008d400000, 0x000000008d400000| Untracked 
| 213|0x000000008d500000, 0x000000008d500000, 0x000000008d600000|  0%| F|  |TAMS 0x000000008d500000, 0x000000008d500000| Untracked 
| 214|0x000000008d600000, 0x000000008d600000, 0x000000008d700000|  0%| F|  |TAMS 0x000000008d600000, 0x000000008d600000| Untracked 
| 215|0x000000008d700000, 0x000000008d700000, 0x000000008d800000|  0%| F|  |TAMS 0x000000008d700000, 0x000000008d700000| Untracked 
| 216|0x000000008d800000, 0x000000008d800000, 0x000000008d900000|  0%| F|  |TAMS 0x000000008d800000, 0x000000008d800000| Untracked 
| 217|0x000000008d900000, 0x000000008d900000, 0x000000008da00000|  0%| F|  |TAMS 0x000000008d900000, 0x000000008d900000| Untracked 
| 218|0x000000008da00000, 0x000000008da00000, 0x000000008db00000|  0%| F|  |TAMS 0x000000008da00000, 0x000000008da00000| Untracked 
| 219|0x000000008db00000, 0x000000008db00000, 0x000000008dc00000|  0%| F|  |TAMS 0x000000008db00000, 0x000000008db00000| Untracked 
| 220|0x000000008dc00000, 0x000000008dc00000, 0x000000008dd00000|  0%| F|  |TAMS 0x000000008dc00000, 0x000000008dc00000| Untracked 
| 221|0x000000008dd00000, 0x000000008dd00000, 0x000000008de00000|  0%| F|  |TAMS 0x000000008dd00000, 0x000000008dd00000| Untracked 
| 222|0x000000008de00000, 0x000000008de00000, 0x000000008df00000|  0%| F|  |TAMS 0x000000008de00000, 0x000000008de00000| Untracked 
| 223|0x000000008df00000, 0x000000008df00000, 0x000000008e000000|  0%| F|  |TAMS 0x000000008df00000, 0x000000008df00000| Untracked 
| 224|0x000000008e000000, 0x000000008e000000, 0x000000008e100000|  0%| F|  |TAMS 0x000000008e000000, 0x000000008e000000| Untracked 
| 225|0x000000008e100000, 0x000000008e100000, 0x000000008e200000|  0%| F|  |TAMS 0x000000008e100000, 0x000000008e100000| Untracked 
| 226|0x000000008e200000, 0x000000008e200000, 0x000000008e300000|  0%| F|  |TAMS 0x000000008e200000, 0x000000008e200000| Untracked 
| 227|0x000000008e300000, 0x000000008e300000, 0x000000008e400000|  0%| F|  |TAMS 0x000000008e300000, 0x000000008e300000| Untracked 
| 228|0x000000008e400000, 0x000000008e400000, 0x000000008e500000|  0%| F|  |TAMS 0x000000008e400000, 0x000000008e400000| Untracked 
| 229|0x000000008e500000, 0x000000008e500000, 0x000000008e600000|  0%| F|  |TAMS 0x000000008e500000, 0x000000008e500000| Untracked 
| 230|0x000000008e600000, 0x000000008e600000, 0x000000008e700000|  0%| F|  |TAMS 0x000000008e600000, 0x000000008e600000| Untracked 
| 231|0x000000008e700000, 0x000000008e700000, 0x000000008e800000|  0%| F|  |TAMS 0x000000008e700000, 0x000000008e700000| Untracked 
| 232|0x000000008e800000, 0x000000008e800000, 0x000000008e900000|  0%| F|  |TAMS 0x000000008e800000, 0x000000008e800000| Untracked 
| 233|0x000000008e900000, 0x000000008e900000, 0x000000008ea00000|  0%| F|  |TAMS 0x000000008e900000, 0x000000008e900000| Untracked 
| 234|0x000000008ea00000, 0x000000008ea00000, 0x000000008eb00000|  0%| F|  |TAMS 0x000000008ea00000, 0x000000008ea00000| Untracked 
| 235|0x000000008eb00000, 0x000000008eb00000, 0x000000008ec00000|  0%| F|  |TAMS 0x000000008eb00000, 0x000000008eb00000| Untracked 
| 236|0x000000008ec00000, 0x000000008ec00000, 0x000000008ed00000|  0%| F|  |TAMS 0x000000008ec00000, 0x000000008ec00000| Untracked 
| 237|0x000000008ed00000, 0x000000008ed00000, 0x000000008ee00000|  0%| F|  |TAMS 0x000000008ed00000, 0x000000008ed00000| Untracked 
| 238|0x000000008ee00000, 0x000000008ee00000, 0x000000008ef00000|  0%| F|  |TAMS 0x000000008ee00000, 0x000000008ee00000| Untracked 
| 239|0x000000008ef00000, 0x000000008ef00000, 0x000000008f000000|  0%| F|  |TAMS 0x000000008ef00000, 0x000000008ef00000| Untracked 
| 240|0x000000008f000000, 0x000000008f000000, 0x000000008f100000|  0%| F|  |TAMS 0x000000008f000000, 0x000000008f000000| Untracked 
| 241|0x000000008f100000, 0x000000008f100000, 0x000000008f200000|  0%| F|  |TAMS 0x000000008f100000, 0x000000008f100000| Untracked 
| 242|0x000000008f200000, 0x000000008f200000, 0x000000008f300000|  0%| F|  |TAMS 0x000000008f200000, 0x000000008f200000| Untracked 
| 243|0x000000008f300000, 0x000000008f300000, 0x000000008f400000|  0%| F|  |TAMS 0x000000008f300000, 0x000000008f300000| Untracked 
| 244|0x000000008f400000, 0x000000008f400000, 0x000000008f500000|  0%| F|  |TAMS 0x000000008f400000, 0x000000008f400000| Untracked 
| 245|0x000000008f500000, 0x000000008f500000, 0x000000008f600000|  0%| F|  |TAMS 0x000000008f500000, 0x000000008f500000| Untracked 
| 246|0x000000008f600000, 0x000000008f600000, 0x000000008f700000|  0%| F|  |TAMS 0x000000008f600000, 0x000000008f600000| Untracked 
| 247|0x000000008f700000, 0x000000008f700000, 0x000000008f800000|  0%| F|  |TAMS 0x000000008f700000, 0x000000008f700000| Untracked 
| 248|0x000000008f800000, 0x000000008f800000, 0x000000008f900000|  0%| F|  |TAMS 0x000000008f800000, 0x000000008f800000| Untracked 
| 249|0x000000008f900000, 0x000000008f900000, 0x000000008fa00000|  0%| F|  |TAMS 0x000000008f900000, 0x000000008f900000| Untracked 
| 250|0x000000008fa00000, 0x000000008fa80800, 0x000000008fb00000| 50%| E|  |TAMS 0x000000008fa00000, 0x000000008fa00000| Complete 
| 251|0x000000008fb00000, 0x000000008fc00000, 0x000000008fc00000|100%| E|CS|TAMS 0x000000008fb00000, 0x000000008fb00000| Complete 
| 252|0x000000008fc00000, 0x000000008fd00000, 0x000000008fd00000|100%| E|CS|TAMS 0x000000008fc00000, 0x000000008fc00000| Complete 
| 253|0x000000008fd00000, 0x000000008fe00000, 0x000000008fe00000|100%| E|CS|TAMS 0x000000008fd00000, 0x000000008fd00000| Complete 

Card table byte_map: [0x000001de22f50000,0x000001de23350000] _byte_map_base: 0x000001de22b50000

Marking Bits (Prev, Next): (CMBitMap*) 0x000001de0dc43bc8, (CMBitMap*) 0x000001de0dc43c00
 Prev Bits: [0x000001de23750000, 0x000001de25750000)
 Next Bits: [0x000001de25750000, 0x000001de27750000)

Polling page: 0x000001de12ea0000

Metaspace:

Usage:
  Non-class:     47.08 MB capacity,    46.19 MB ( 98%) used,   774.51 KB (  2%) free+waste,   142.63 KB ( <1%) overhead. 
      Class:      7.26 MB capacity,     6.75 MB ( 93%) used,   452.40 KB (  6%) free+waste,    68.06 KB ( <1%) overhead. 
       Both:     54.34 MB capacity,    52.94 MB ( 97%) used,     1.20 MB (  2%) free+waste,   210.69 KB ( <1%) overhead. 

Virtual space:
  Non-class space:       48.00 MB reserved,      47.25 MB ( 98%) committed 
      Class space:        1.00 GB reserved,       7.32 MB ( <1%) committed 
             Both:        1.05 GB reserved,      54.57 MB (  5%) committed 

Chunk freelists:
   Non-Class:  44.00 KB
       Class:  21.00 KB
        Both:  65.00 KB

MaxMetaspaceSize: 17179869184.00 GB
CompressedClassSpaceSize: 1.00 GB

CodeHeap 'non-profiled nmethods': size=120000Kb used=3115Kb max_used=3115Kb free=116884Kb
 bounds [0x000001de1a990000, 0x000001de1aca0000, 0x000001de21ec0000]
CodeHeap 'profiled nmethods': size=120000Kb used=10908Kb max_used=10908Kb free=109092Kb
 bounds [0x000001de13460000, 0x000001de13f10000, 0x000001de1a990000]
CodeHeap 'non-nmethods': size=5760Kb used=2233Kb max_used=2271Kb free=3526Kb
 bounds [0x000001de12ec0000, 0x000001de13130000, 0x000001de13460000]
 total_blobs=6138 nmethods=5325 adapters=724
 compilation: enabled
              stopped_count=0, restarted_count=0
 full_count=0

Compilation events (20 events):
Event: 5.422 Thread 0x000001de2ad40800 nmethod 5331 0x000001de13f02d10 code [0x000001de13f02ee0, 0x000001de13f031b8]
Event: 5.427 Thread 0x000001de2ad40800 5333       3       java.util.LinkedHashMap$LinkedValues::size (8 bytes)
Event: 5.427 Thread 0x000001de2ad40800 nmethod 5333 0x000001de13f03290 code [0x000001de13f03440, 0x000001de13f03558]
Event: 5.427 Thread 0x000001de2ad40800 5334       3       java.lang.reflect.AccessibleObject::verifyAccess (84 bytes)
Event: 5.427 Thread 0x000001de2e72c800 5336       4       org.objectweb.asm.Label::resolve (219 bytes)
Event: 5.427 Thread 0x000001de2d044800 5337       4       org.objectweb.asm.MethodWriter::visitVarInsn (302 bytes)
Event: 5.427 Thread 0x000001de2ad40800 nmethod 5334 0x000001de13f03610 code [0x000001de13f03800, 0x000001de13f03e28]
Event: 5.427 Thread 0x000001de2ad40800 5335       3       java.lang.reflect.AccessibleObject::slowVerifyAccess (62 bytes)
Event: 5.428 Thread 0x000001de2ad40800 nmethod 5335 0x000001de13f03f90 code [0x000001de13f041a0, 0x000001de13f048f8]
Event: 5.428 Thread 0x000001de2ad40800 5339       1       org.gradle.internal.instantiation.generator.AbstractClassGenerator$MethodMetadata::getGenericReturnType (5 bytes)
Event: 5.428 Thread 0x000001de2ad40800 nmethod 5339 0x000001de1ac94990 code [0x000001de1ac94b40, 0x000001de1ac94bf8]
Event: 5.429 Thread 0x000001de2ad40800 5340       3       java.util.TreeMap::<init> (20 bytes)
Event: 5.430 Thread 0x000001de2ad40800 nmethod 5340 0x000001de13f04a90 code [0x000001de13f04c40, 0x000001de13f04e38]
Event: 5.432 Thread 0x000001de2e72c800 nmethod 5336 0x000001de1ac94c90 code [0x000001de1ac94e20, 0x000001de1ac95098]
Event: 5.432 Thread 0x000001de2e72c800 5338       4       org.objectweb.asm.SymbolTable::addConstantMemberReference (147 bytes)
Event: 5.434 Thread 0x000001de2d044800 nmethod 5337 0x000001de1ac95290 code [0x000001de1ac95460, 0x000001de1ac95968]
Event: 5.445 Thread 0x000001de2d044800 5341       4       java.lang.Class::privateGetDeclaredMethods (64 bytes)
Event: 5.446 Thread 0x000001de2ad40800 5342       3       org.gradle.internal.instantiation.generator.AbstractClassGenerator$InjectionAnnotationValidator::validateMethod (166 bytes)
Event: 5.447 Thread 0x000001de2ad40800 nmethod 5342 0x000001de13f04f10 code [0x000001de13f052a0, 0x000001de13f06928]
Event: 5.456 Thread 0x000001de2d044800 nmethod 5341 0x000001de1ac95d90 code [0x000001de1ac95f80, 0x000001de1ac966b8]

GC Heap History (14 events):
Event: 0.445 GC heap before
{Heap before GC invocations=0 (full 0):
 garbage-first heap   total 260096K, used 29696K [0x0000000080000000, 0x0000000100000000)
  region size 1024K, 24 young (24576K), 0 survivors (0K)
 Metaspace       used 10205K, capacity 10427K, committed 10624K, reserved 1058816K
  class space    used 1064K, capacity 1141K, committed 1152K, reserved 1048576K
}
Event: 0.448 GC heap after
{Heap after GC invocations=1 (full 0):
 garbage-first heap   total 260096K, used 9488K [0x0000000080000000, 0x0000000100000000)
  region size 1024K, 3 young (3072K), 3 survivors (3072K)
 Metaspace       used 10205K, capacity 10427K, committed 10624K, reserved 1058816K
  class space    used 1064K, capacity 1141K, committed 1152K, reserved 1048576K
}
Event: 1.823 GC heap before
{Heap before GC invocations=1 (full 0):
 garbage-first heap   total 260096K, used 103696K [0x0000000080000000, 0x0000000100000000)
  region size 1024K, 96 young (98304K), 3 survivors (3072K)
 Metaspace       used 20615K, capacity 21124K, committed 21248K, reserved 1067008K
  class space    used 2521K, capacity 2722K, committed 2816K, reserved 1048576K
}
Event: 1.830 GC heap after
{Heap after GC invocations=2 (full 0):
 garbage-first heap   total 260096K, used 16412K [0x0000000080000000, 0x0000000100000000)
  region size 1024K, 10 young (10240K), 10 survivors (10240K)
 Metaspace       used 20615K, capacity 21124K, committed 21248K, reserved 1067008K
  class space    used 2521K, capacity 2722K, committed 2816K, reserved 1048576K
}
Event: 1.941 GC heap before
{Heap before GC invocations=3 (full 0):
 garbage-first heap   total 260096K, used 29724K [0x0000000080000000, 0x0000000100000000)
  region size 1024K, 23 young (23552K), 10 survivors (10240K)
 Metaspace       used 21856K, capacity 22435K, committed 22784K, reserved 1069056K
  class space    used 2756K, capacity 2970K, committed 3072K, reserved 1048576K
}
Event: 1.945 GC heap after
{Heap after GC invocations=4 (full 0):
 garbage-first heap   total 260096K, used 17072K [0x0000000080000000, 0x0000000100000000)
  region size 1024K, 1 young (1024K), 1 survivors (1024K)
 Metaspace       used 21856K, capacity 22435K, committed 22784K, reserved 1069056K
  class space    used 2756K, capacity 2970K, committed 3072K, reserved 1048576K
}
Event: 2.498 GC heap before
{Heap before GC invocations=4 (full 0):
 garbage-first heap   total 260096K, used 91824K [0x0000000080000000, 0x0000000100000000)
  region size 1024K, 74 young (75776K), 1 survivors (1024K)
 Metaspace       used 29041K, capacity 29704K, committed 29824K, reserved 1075200K
  class space    used 3892K, capacity 4141K, committed 4224K, reserved 1048576K
}
Event: 2.501 GC heap after
{Heap after GC invocations=5 (full 0):
 garbage-first heap   total 260096K, used 19140K [0x0000000080000000, 0x0000000100000000)
  region size 1024K, 3 young (3072K), 3 survivors (3072K)
 Metaspace       used 29041K, capacity 29704K, committed 29824K, reserved 1075200K
  class space    used 3892K, capacity 4141K, committed 4224K, reserved 1048576K
}
Event: 2.841 GC heap before
{Heap before GC invocations=5 (full 0):
 garbage-first heap   total 260096K, used 41668K [0x0000000080000000, 0x0000000100000000)
  region size 1024K, 27 young (27648K), 3 survivors (3072K)
 Metaspace       used 35074K, capacity 35830K, committed 35840K, reserved 1081344K
  class space    used 4547K, capacity 4864K, committed 4864K, reserved 1048576K
}
Event: 2.846 GC heap after
{Heap after GC invocations=6 (full 0):
 garbage-first heap   total 260096K, used 21763K [0x0000000080000000, 0x0000000100000000)
  region size 1024K, 6 young (6144K), 6 survivors (6144K)
 Metaspace       used 35074K, capacity 35830K, committed 35840K, reserved 1081344K
  class space    used 4547K, capacity 4864K, committed 4864K, reserved 1048576K
}
Event: 3.671 GC heap before
{Heap before GC invocations=7 (full 0):
 garbage-first heap   total 260096K, used 127235K [0x0000000080000000, 0x0000000100000000)
  region size 1024K, 106 young (108544K), 6 survivors (6144K)
 Metaspace       used 43398K, capacity 44459K, committed 44620K, reserved 1087488K
  class space    used 5550K, capacity 5896K, committed 5964K, reserved 1048576K
}
Event: 3.678 GC heap after
{Heap after GC invocations=8 (full 0):
 garbage-first heap   total 260096K, used 27935K [0x0000000080000000, 0x0000000100000000)
  region size 1024K, 12 young (12288K), 12 survivors (12288K)
 Metaspace       used 43398K, capacity 44459K, committed 44620K, reserved 1087488K
  class space    used 5550K, capacity 5896K, committed 5964K, reserved 1048576K
}
Event: 5.467 GC heap before
{Heap before GC invocations=8 (full 0):
 garbage-first heap   total 260096K, used 154911K [0x0000000080000000, 0x0000000100000000)
  region size 1024K, 133 young (136192K), 12 survivors (12288K)
 Metaspace       used 53712K, capacity 55135K, committed 55372K, reserved 1097728K
  class space    used 6857K, capacity 7371K, committed 7500K, reserved 1048576K
}
Event: 5.478 GC heap after
{Heap after GC invocations=9 (full 0):
 garbage-first heap   total 260096K, used 41480K [0x0000000080000000, 0x0000000100000000)
  region size 1024K, 17 young (17408K), 17 survivors (17408K)
 Metaspace       used 53712K, capacity 55135K, committed 55372K, reserved 1097728K
  class space    used 6857K, capacity 7371K, committed 7500K, reserved 1048576K
}

Deoptimization events (20 events):
Event: 5.025 Thread 0x000001de2e074800 Uncommon trap: trap_request=0xffffff4d fr.pc=0x000001de1ab731a0 relative=0x0000000000005be0
Event: 5.025 Thread 0x000001de2e074800 Uncommon trap: reason=unstable_if action=reinterpret pc=0x000001de1ab731a0 method=org.objectweb.asm.Frame.execute(IILorg/objectweb/asm/Symbol;Lorg/objectweb/asm/SymbolTable;)V @ 1 c2
Event: 5.025 Thread 0x000001de2e074800 DEOPT PACKING pc=0x000001de1ab731a0 sp=0x000000c4bbcf7d70
Event: 5.025 Thread 0x000001de2e074800 DEOPT UNPACKING pc=0x000001de12ee78af sp=0x000000c4bbcf7d18 mode 2
Event: 5.055 Thread 0x000001de2e074800 Uncommon trap: trap_request=0xffffff45 fr.pc=0x000001de1aab06f4 relative=0x0000000000000214
Event: 5.055 Thread 0x000001de2e074800 Uncommon trap: reason=unstable_fused_if action=reinterpret pc=0x000001de1aab06f4 method=org.objectweb.asm.ByteVector.putUTF8(Ljava/lang/String;)Lorg/objectweb/asm/ByteVector; @ 93 c2
Event: 5.055 Thread 0x000001de2e074800 DEOPT PACKING pc=0x000001de1aab06f4 sp=0x000000c4bbcf7eb0
Event: 5.055 Thread 0x000001de2e074800 DEOPT UNPACKING pc=0x000001de12ee78af sp=0x000000c4bbcf7e30 mode 2
Event: 5.368 Thread 0x000001de2e074800 Uncommon trap: trap_request=0xffffff4d fr.pc=0x000001de1ac8e224 relative=0x00000000000001e4
Event: 5.368 Thread 0x000001de2e074800 Uncommon trap: reason=unstable_if action=reinterpret pc=0x000001de1ac8e224 method=org.apache.xerces.dom.DeferredDocumentImpl.clearChunkValue([[Ljava/lang/Object;II)Ljava/lang/String; @ 59 c2
Event: 5.368 Thread 0x000001de2e074800 DEOPT PACKING pc=0x000001de1ac8e224 sp=0x000000c4bbcf6e00
Event: 5.368 Thread 0x000001de2e074800 DEOPT UNPACKING pc=0x000001de12ee78af sp=0x000000c4bbcf6da0 mode 2
Event: 5.415 Thread 0x000001de2e074800 Uncommon trap: trap_request=0xffffff4d fr.pc=0x000001de1ac92aa0 relative=0x0000000000000420
Event: 5.415 Thread 0x000001de2e074800 Uncommon trap: reason=unstable_if action=reinterpret pc=0x000001de1ac92aa0 method=org.gradle.internal.instantiation.generator.AbstractClassGenerator$InjectionAnnotationValidator.validateMethod(Ljava/lang/reflect/Method;Lorg/gradle/internal/reflect/Propert
Event: 5.415 Thread 0x000001de2e074800 DEOPT PACKING pc=0x000001de1ac92aa0 sp=0x000000c4bbcf7b10
Event: 5.415 Thread 0x000001de2e074800 DEOPT UNPACKING pc=0x000001de12ee78af sp=0x000000c4bbcf7ad8 mode 2
Event: 5.478 Thread 0x000001de2ae9f800 Uncommon trap: trap_request=0xffffff6e fr.pc=0x000001de1aad0b6c relative=0x000000000000052c
Event: 5.478 Thread 0x000001de2ae9f800 Uncommon trap: reason=speculate_class_check action=maybe_recompile pc=0x000001de1aad0b6c method=jdk.internal.ref.PhantomCleanable.clean()V @ 12 c2
Event: 5.478 Thread 0x000001de2ae9f800 DEOPT PACKING pc=0x000001de1aad0b6c sp=0x000000c4baffee70
Event: 5.478 Thread 0x000001de2ae9f800 DEOPT UNPACKING pc=0x000001de12ee78af sp=0x000000c4baffee50 mode 2

Classes redefined (0 events):
No events

Internal exceptions (20 events):
Event: 4.781 Thread 0x000001de2cd88000 Exception <a 'java/lang/NoSuchMethodError'{0x000000008b00aab0}: <clinit>> (0x000000008b00aab0) thrown at [./src/hotspot/share/prims/jni.cpp, line 1362]
Event: 4.781 Thread 0x000001de2cd88000 Exception <a 'java/lang/NoSuchMethodError'{0x000000008b00bbc0}: <clinit>> (0x000000008b00bbc0) thrown at [./src/hotspot/share/prims/jni.cpp, line 1362]
Event: 4.782 Thread 0x000001de2cd88000 Exception <a 'java/lang/NoSuchMethodError'{0x000000008b00cec8}: <clinit>> (0x000000008b00cec8) thrown at [./src/hotspot/share/prims/jni.cpp, line 1362]
Event: 4.782 Thread 0x000001de2cd88000 Exception <a 'java/lang/NoSuchMethodError'{0x000000008b00dee8}: <clinit>> (0x000000008b00dee8) thrown at [./src/hotspot/share/prims/jni.cpp, line 1362]
Event: 4.783 Thread 0x000001de2cd88000 Exception <a 'java/lang/NoSuchMethodError'{0x000000008b017de0}: <clinit>> (0x000000008b017de0) thrown at [./src/hotspot/share/prims/jni.cpp, line 1362]
Event: 4.783 Thread 0x000001de2cd88000 Exception <a 'java/lang/NoSuchMethodError'{0x000000008b022248}: <clinit>> (0x000000008b022248) thrown at [./src/hotspot/share/prims/jni.cpp, line 1362]
Event: 4.785 Thread 0x000001de2cd88000 Exception <a 'java/lang/NoSuchMethodError'{0x000000008b035d58}: <clinit>> (0x000000008b035d58) thrown at [./src/hotspot/share/prims/jni.cpp, line 1362]
Event: 4.785 Thread 0x000001de2e074800 Implicit null exception at 0x000001de1ac09f23 to 0x000001de1ac0a150
Event: 4.793 Thread 0x000001de2e074800 Exception <a 'java/lang/ClassNotFoundException'{0x000000008b09c3a0}: build_awn8s3mfheubzebaddo6cffpkBeanInfo> (0x000000008b09c3a0) thrown at [./src/hotspot/share/classfile/systemDictionary.cpp, line 231]
Event: 4.794 Thread 0x000001de2e074800 Exception <a 'java/lang/ClassNotFoundException'{0x000000008b0a72c8}: build_awn8s3mfheubzebaddo6cffpkCustomizer> (0x000000008b0a72c8) thrown at [./src/hotspot/share/classfile/systemDictionary.cpp, line 231]
Event: 4.801 Thread 0x000001de2e074800 Exception <a 'java/lang/ClassNotFoundException'{0x000000008af277c8}: org/gradle/plugin/use/internal/PluginRequestCollector$PluginDependenciesSpecImplBeanInfo> (0x000000008af277c8) thrown at [./src/hotspot/share/classfile/systemDictionary.cpp, line 231]
Event: 4.803 Thread 0x000001de2e074800 Exception <a 'java/lang/ClassNotFoundException'{0x000000008af55678}: org/gradle/plugin/use/internal/PluginRequestCollector$PluginDependenciesSpecImplCustomizer> (0x000000008af55678) thrown at [./src/hotspot/share/classfile/systemDictionary.cpp, line 231]
Event: 4.847 Thread 0x000001de2e074800 Exception <a 'java/lang/ClassNotFoundException'{0x000000008add09d8}: org/gradle/api/internal/plugins/DefaultObjectConfigurationActionBeanInfo> (0x000000008add09d8) thrown at [./src/hotspot/share/classfile/systemDictionary.cpp, line 231]
Event: 4.849 Thread 0x000001de2e074800 Exception <a 'java/lang/ClassNotFoundException'{0x000000008ac04218}: org/gradle/api/internal/plugins/DefaultObjectConfigurationActionCustomizer> (0x000000008ac04218) thrown at [./src/hotspot/share/classfile/systemDictionary.cpp, line 231]
Event: 5.016 Thread 0x000001de2e074800 Exception <a 'java/lang/NoSuchMethodError'{0x000000008a3c44b8}: 'java.lang.Object java.lang.invoke.DirectMethodHandle$Holder.invokeStatic(java.lang.Object, java.lang.Object, java.lang.Object, java.lang.Object, int)'> (0x000000008a3c44b8) thrown at [./src/hotspot/share/interpreter/linkResolver.cpp, line 773]
Event: 5.016 Thread 0x000001de2e074800 Exception <a 'java/lang/NoSuchMethodError'{0x000000008a3c8eb0}: 'java.lang.Object java.lang.invoke.DirectMethodHandle$Holder.invokeSpecial(java.lang.Object, java.lang.Object, java.lang.Object, java.lang.Object, java.lang.Object, int)'> (0x000000008a3c8eb0) thrown at [./src/hotspot/share/interpreter/linkResolver.cpp, line 773]
Event: 5.016 Thread 0x000001de2e074800 Exception <a 'java/lang/NoSuchMethodError'{0x000000008a3cd4f0}: 'java.lang.Object java.lang.invoke.Invokers$Holder.linkToTargetMethod(java.lang.Object, java.lang.Object, java.lang.Object, int, java.lang.Object)'> (0x000000008a3cd4f0) thrown at [./src/hotspot/share/interpreter/linkResolver.cpp, line 773]
Event: 5.242 Thread 0x000001de2e074800 Exception <a 'java/lang/NoSuchMethodError'{0x0000000089447350}: 'java.lang.Object java.lang.invoke.DirectMethodHandle$Holder.invokeSpecial(java.lang.Object, java.lang.Object, int, int, java.lang.Object, java.lang.Object, java.lang.Object)'> (0x0000000089447350) thrown at [./src/hotspot/share/interpreter/linkResolver.cpp, line 773]
Event: 5.243 Thread 0x000001de2e074800 Exception <a 'java/lang/NoSuchMethodError'{0x000000008944b8d0}: 'java.lang.Object java.lang.invoke.DelegatingMethodHandle$Holder.reinvoke_L(java.lang.Object, int, int, java.lang.Object, java.lang.Object, java.lang.Object)'> (0x000000008944b8d0) thrown at [./src/hotspot/share/interpreter/linkResolver.cpp, line 773]
Event: 5.401 Thread 0x000001de2e074800 Exception <a 'java/lang/NoSuchMethodError'{0x0000000087dadfd0}: 'int java.lang.invoke.DirectMethodHandle$Holder.invokeInterface(java.lang.Object, java.lang.Object, java.lang.Object, java.lang.Object)'> (0x0000000087dadfd0) thrown at [./src/hotspot/share/interpreter/linkResolver.cpp, line 773]

Events (20 events):
Event: 5.462 loading class com/google/protobuf/UnknownFieldSet$Parser
Event: 5.462 loading class com/google/protobuf/UnknownFieldSet$Parser done
Event: 5.463 loading class com/google/protobuf/AbstractParser
Event: 5.463 loading class com/google/protobuf/AbstractParser done
Event: 5.463 loading class com/google/protobuf/AbstractMessageLite$Builder$LimitedInputStream
Event: 5.463 loading class com/google/protobuf/AbstractMessageLite$Builder$LimitedInputStream done
Event: 5.464 loading class com/google/protobuf/ExtensionRegistryLite
Event: 5.464 loading class com/google/protobuf/ExtensionRegistryLite done
Event: 5.465 loading class com/google/protobuf/Extension
Event: 5.465 loading class com/google/protobuf/Extension done
Event: 5.466 loading class com/google/protobuf/ExtensionLite
Event: 5.466 loading class com/google/protobuf/ExtensionLite done
Event: 5.466 loading class com/google/protobuf/ExtensionRegistryFactory
Event: 5.466 loading class com/google/protobuf/ExtensionRegistryFactory done
Event: 5.466 loading class com/google/protobuf/ExtensionRegistry
Event: 5.466 loading class com/google/protobuf/ExtensionRegistry done
Event: 5.467 Executing VM operation: G1CollectForAllocation
Event: 5.478 Executing VM operation: G1CollectForAllocation done
Event: 5.479 loading class com/google/protobuf/GeneratedMessage$GeneratedExtension
Event: 5.479 loading class com/google/protobuf/GeneratedMessage$GeneratedExtension done


Dynamic libraries:
0x00007ff75e120000 - 0x00007ff75e12a000 	C:\Program Files\Android\Android Studio\jre\bin\java.exe
0x00007ffe2f4e0000 - 0x00007ffe2f6e7000 	C:\WINDOWS\SYSTEM32\ntdll.dll
0x00007ffe2dbc0000 - 0x00007ffe2dc7d000 	C:\WINDOWS\System32\KERNEL32.DLL
0x00007ffe2d000000 - 0x00007ffe2d374000 	C:\WINDOWS\System32\KERNELBASE.dll
0x00007ffe2cdf0000 - 0x00007ffe2cf01000 	C:\WINDOWS\System32\ucrtbase.dll
0x00007ffe297d0000 - 0x00007ffe297e9000 	C:\Program Files\Android\Android Studio\jre\bin\jli.dll
0x00007ffe281f0000 - 0x00007ffe28207000 	C:\Program Files\Android\Android Studio\jre\bin\VCRUNTIME140.dll
0x00007ffe2d8c0000 - 0x00007ffe2da6c000 	C:\WINDOWS\System32\USER32.dll
0x00007ffe14ac0000 - 0x00007ffe14d65000 	C:\WINDOWS\WinSxS\amd64_microsoft.windows.common-controls_6595b64144ccf1df_6.0.22000.120_none_9d947278b86cc467\COMCTL32.dll
0x00007ffe2cfd0000 - 0x00007ffe2cff6000 	C:\WINDOWS\System32\win32u.dll
0x00007ffe2f2d0000 - 0x00007ffe2f373000 	C:\WINDOWS\System32\msvcrt.dll
0x00007ffe2d870000 - 0x00007ffe2d899000 	C:\WINDOWS\System32\GDI32.dll
0x00007ffe2caf0000 - 0x00007ffe2cc02000 	C:\WINDOWS\System32\gdi32full.dll
0x00007ffe2ca50000 - 0x00007ffe2caed000 	C:\WINDOWS\System32\msvcp_win.dll
0x00007ffe2f110000 - 0x00007ffe2f141000 	C:\WINDOWS\System32\IMM32.DLL
0x00007ffe08940000 - 0x00007ffe089dd000 	C:\Program Files\Android\Android Studio\jre\bin\msvcp140.dll
0x00007ffdf0780000 - 0x00007ffdf124f000 	C:\Program Files\Android\Android Studio\jre\bin\server\jvm.dll
0x00007ffe2d7c0000 - 0x00007ffe2d86e000 	C:\WINDOWS\System32\ADVAPI32.dll
0x00007ffe2f1d0000 - 0x00007ffe2f26e000 	C:\WINDOWS\System32\sechost.dll
0x00007ffe2f380000 - 0x00007ffe2f4a0000 	C:\WINDOWS\System32\RPCRT4.dll
0x00007ffe2f150000 - 0x00007ffe2f158000 	C:\WINDOWS\System32\PSAPI.DLL
0x00007ffe1e630000 - 0x00007ffe1e663000 	C:\WINDOWS\SYSTEM32\WINMM.dll
0x00007ffe29860000 - 0x00007ffe29869000 	C:\WINDOWS\SYSTEM32\WSOCK32.dll
0x00007ffe2e200000 - 0x00007ffe2e26f000 	C:\WINDOWS\System32\WS2_32.dll
0x00007ffe27af0000 - 0x00007ffe27afa000 	C:\WINDOWS\SYSTEM32\VERSION.dll
0x00007ffe2bbc0000 - 0x00007ffe2bbd8000 	C:\WINDOWS\SYSTEM32\kernel.appcore.dll
0x00007ffe29840000 - 0x00007ffe29851000 	C:\Program Files\Android\Android Studio\jre\bin\verify.dll
0x00007ffe1ab70000 - 0x00007ffe1ad91000 	C:\WINDOWS\SYSTEM32\DBGHELP.DLL
0x00007ffe18490000 - 0x00007ffe184c1000 	C:\WINDOWS\SYSTEM32\dbgcore.DLL
0x00007ffe2c9d0000 - 0x00007ffe2ca4f000 	C:\WINDOWS\System32\bcryptPrimitives.dll
0x00007ffe1e820000 - 0x00007ffe1e849000 	C:\Program Files\Android\Android Studio\jre\bin\java.dll
0x00007ffe29820000 - 0x00007ffe2982b000 	C:\Program Files\Android\Android Studio\jre\bin\jimage.dll
0x00007ffe1e800000 - 0x00007ffe1e818000 	C:\Program Files\Android\Android Studio\jre\bin\zip.dll
0x00007ffe2e7a0000 - 0x00007ffe2ef4e000 	C:\WINDOWS\System32\SHELL32.dll
0x00007ffe2ab50000 - 0x00007ffe2b3b7000 	C:\WINDOWS\SYSTEM32\windows.storage.dll
0x00007ffe2e340000 - 0x00007ffe2e6b8000 	C:\WINDOWS\System32\combase.dll
0x00007ffe2a9e0000 - 0x00007ffe2ab46000 	C:\WINDOWS\SYSTEM32\wintypes.dll
0x00007ffe2d6d0000 - 0x00007ffe2d7ba000 	C:\WINDOWS\System32\SHCORE.dll
0x00007ffe2dd10000 - 0x00007ffe2dd6d000 	C:\WINDOWS\System32\shlwapi.dll
0x00007ffe2c900000 - 0x00007ffe2c921000 	C:\WINDOWS\SYSTEM32\profapi.dll
0x00007ffe1e7e0000 - 0x00007ffe1e7fa000 	C:\Program Files\Android\Android Studio\jre\bin\net.dll
0x00007ffe27990000 - 0x00007ffe27a9c000 	C:\WINDOWS\SYSTEM32\WINHTTP.dll
0x00007ffe2bff0000 - 0x00007ffe2c057000 	C:\WINDOWS\system32\mswsock.dll
0x00007ffe1e7c0000 - 0x00007ffe1e7d4000 	C:\Program Files\Android\Android Studio\jre\bin\nio.dll
0x00007ffe1df20000 - 0x00007ffe1df47000 	D:\aa\native\8bec1ad78214c89d9ad589b4d07fe93259594b29d510b10fafb7a158f7737e5d\windows-amd64\native-platform.dll
0x00007ffdf0310000 - 0x00007ffdf044d000 	D:\aa\native\53dbd7edfb1c66fb8903c78663c9afc45aea4f116125fa6feffd364cf09443e8\windows-amd64\native-platform-file-events.dll
0x00007ffe23170000 - 0x00007ffe2317a000 	C:\Program Files\Android\Android Studio\jre\bin\management.dll
0x00007ffe23160000 - 0x00007ffe2316c000 	C:\Program Files\Android\Android Studio\jre\bin\management_ext.dll
0x00007ffe2c240000 - 0x00007ffe2c258000 	C:\WINDOWS\SYSTEM32\CRYPTSP.dll
0x00007ffe2bb20000 - 0x00007ffe2bb55000 	C:\WINDOWS\system32\rsaenh.dll
0x00007ffe2c0e0000 - 0x00007ffe2c109000 	C:\WINDOWS\SYSTEM32\USERENV.dll
0x00007ffe2c3b0000 - 0x00007ffe2c3d7000 	C:\WINDOWS\SYSTEM32\bcrypt.dll
0x00007ffe2c230000 - 0x00007ffe2c23c000 	C:\WINDOWS\SYSTEM32\CRYPTBASE.dll
0x00007ffe2b6f0000 - 0x00007ffe2b71d000 	C:\WINDOWS\SYSTEM32\IPHLPAPI.DLL
0x00007ffe2e320000 - 0x00007ffe2e329000 	C:\WINDOWS\System32\NSI.dll
0x00007ffe27640000 - 0x00007ffe27659000 	C:\WINDOWS\SYSTEM32\dhcpcsvc6.DLL
0x00007ffe27c30000 - 0x00007ffe27c4e000 	C:\WINDOWS\SYSTEM32\dhcpcsvc.DLL
0x00007ffe2b720000 - 0x00007ffe2b807000 	C:\WINDOWS\SYSTEM32\DNSAPI.dll

dbghelp: loaded successfully - version: 4.0.5 - missing functions: none
symbol engine: initialized successfully - sym options: 0x614 - pdb path: .;C:\Program Files\Android\Android Studio\jre\bin;C:\WINDOWS\SYSTEM32;C:\WINDOWS\WinSxS\amd64_microsoft.windows.common-controls_6595b64144ccf1df_6.0.22000.120_none_9d947278b86cc467;C:\Program Files\Android\Android Studio\jre\bin\server;D:\aa\native\8bec1ad78214c89d9ad589b4d07fe93259594b29d510b10fafb7a158f7737e5d\windows-amd64;D:\aa\native\53dbd7edfb1c66fb8903c78663c9afc45aea4f116125fa6feffd364cf09443e8\windows-amd64

VM Arguments:
jvm_args: --add-opens=java.base/java.util=ALL-UNNAMED --add-opens=java.base/java.lang=ALL-UNNAMED --add-opens=java.base/java.lang.invoke=ALL-UNNAMED --add-opens=java.base/java.util=ALL-UNNAMED --add-opens=java.prefs/java.util.prefs=ALL-UNNAMED --add-opens=java.prefs/java.util.prefs=ALL-UNNAMED --add-opens=java.base/java.nio.charset=ALL-UNNAMED --add-opens=java.base/java.net=ALL-UNNAMED --add-opens=java.base/java.util.concurrent.atomic=ALL-UNNAMED -Xmx2048m -Dfile.encoding=UTF-8 -Duser.country=IN -Duser.language=en -Duser.variant 
java_command: org.gradle.launcher.daemon.bootstrap.GradleDaemon 7.0.2
java_class_path (initial): D:\aa\wrapper\dists\gradle-7.0.2-bin\857tjihv64xamwrf0h14cai3r\gradle-7.0.2\lib\gradle-launcher-7.0.2.jar
Launcher Type: SUN_STANDARD

[Global flags]
     intx CICompilerCount                          = 4                                         {product} {ergonomic}
     uint ConcGCThreads                            = 3                                         {product} {ergonomic}
     uint G1ConcRefinementThreads                  = 10                                        {product} {ergonomic}
   size_t G1HeapRegionSize                         = 1048576                                   {product} {ergonomic}
    uintx GCDrainStackTargetSize                   = 64                                        {product} {ergonomic}
   size_t InitialHeapSize                          = 266338304                                 {product} {ergonomic}
   size_t MarkStackSize                            = 4194304                                   {product} {ergonomic}
   size_t MaxHeapSize                              = 2147483648                                {product} {command line}
   size_t MaxNewSize                               = 1287651328                                {product} {ergonomic}
   size_t MinHeapDeltaBytes                        = 1048576                                   {product} {ergonomic}
    uintx NonNMethodCodeHeapSize                   = 5836300                                {pd product} {ergonomic}
    uintx NonProfiledCodeHeapSize                  = 122910970                              {pd product} {ergonomic}
    uintx ProfiledCodeHeapSize                     = 122910970                              {pd product} {ergonomic}
    uintx ReservedCodeCacheSize                    = 251658240                              {pd product} {ergonomic}
     bool SegmentedCodeCache                       = true                                      {product} {ergonomic}
     bool UseCompressedClassPointers               = true                                 {lp64_product} {ergonomic}
     bool UseCompressedOops                        = true                                 {lp64_product} {ergonomic}
     bool UseG1GC                                  = true                                      {product} {ergonomic}
     bool UseLargePagesIndividualAllocation        = false                                  {pd product} {ergonomic}

Logging:
Log output configuration:
 #0: stdout all=warning uptime,level,tags
 #1: stderr all=off uptime,level,tags

Environment Variables:
JAVA_HOME=C:\Program Files\Java\jdk-15.0.2
PATH=C:\MinGW;C:\MinGW\bin;C:\Program Files\Java\jdk-15.0.2\bin;C:\Program Files\Common Files\Oracle\Java\javapath;C:\Windows\system32;C:\Windows;C:\Windows\System32\Wbem;C:\Windows\System32\WindowsPowerShell\v1.0\;C:\Windows\System32\OpenSSH\;C:\Program Files (x86)\NVIDIA Corporation\PhysX\Common;C:\Program Files\NVIDIA Corporation\NVIDIA NvDLISR;C:\WINDOWS\system32;C:\WINDOWS;C:\WINDOWS\System32\Wbem;C:\WINDOWS\System32\WindowsPowerShell\v1.0\;C:\WINDOWS\System32\OpenSSH\;C:\Program Files\Git\cmd;C:\Program Files\dotnet\;C:\Users\Deepak\Desktop\gradle1\gradle-7.0.1\bin;C:\Users\Deepak\Desktop\gradle1\gradle-7.0.1;C:\Program Files\nodejs;C:\Program Files\Google\Google Apps Sync\;C:\Program Files\Google\Google Apps Migration\;C:\Program Files\Microsoft SQL Server\150\Tools\Binn\;C:\Program Files\Microsoft SQL Server\Client SDK\ODBC\170\Tools\Binn\;C:\Users\Deepak\anaconda3;C:\Users\Deepak\anaconda3\Library\mingw-w64\bin;C:\Users\Deepak\anaconda3\Library\usr\bin;C:\Users\Deepak\anaconda3\Library\bin;C:\Users\Deepak\anaconda3\Scripts;C:\Program Files\MySQL\MySQL Shell 8.0\bin\;C:\src\flutter\flutter\bin;C:\Users\Deepak\AppData\Local\Programs\Python\Python39\Scripts\;C:\Users\Deepak\AppData\Local\Programs\Python\Python39\;C:\Program Files\Java\jdk-15.0.2\bin;C:\Program Files\JetBrains\IntelliJ IDEA 2020.3.2\bin;;C:\Users\Deepak\AppData\Local\Microsoft\WindowsApps;C:\Users\Deepak\AppData\Local\Programs\Microsoft VS Code\bin;C:\Users\Deepak\AppData\Local\Programs\radare2\bin;C:\Modeltech_eval_6.2c\win32;C:\Modeltech_6.2c\win32;C:\Program Files\JetBrains\IntelliJ IDEA Community Edition 2021.1.2\bin;;C:\Program Files\JetBrains\PyCharm Community Edition 2021.1.2\bin;;C:\Users\Deepak\AppData\Roaming\npm;C:\Users\Deepak\AppData\Local\GitHubDesktop\bin;C:\Users\Deepak\.dotnet\tools
USERNAME=Deepak
OS=Windows_NT
PROCESSOR_IDENTIFIER=Intel64 Family 6 Model 158 Stepping 10, GenuineIntel



---------------  S Y S T E M  ---------------

OS: Windows 10 , 64 bit Build 22000 (10.0.22000.434)
OS uptime: 0 days 14:33 hours

CPU:total 12 (initial active 12) (6 cores per cpu, 2 threads per core) family 6 model 158 stepping 10 microcode 0xde, cmov, cx8, fxsr, mmx, sse, sse2, sse3, ssse3, sse4.1, sse4.2, popcnt, avx, avx2, aes, clmul, erms, 3dnowpref, lzcnt, ht, tsc, tscinvbit, bmi1, bmi2, adx, fma

Memory: 4k page, system-wide physical 16225M (2474M free)
TotalPageFile size 16225M (AvailPageFile size 3M)
current process WorkingSet (physical memory assigned to process): 355M, peak: 355M
current process commit charge ("private bytes"): 478M, peak: 493M

vm_info: OpenJDK 64-Bit Server VM (11.0.10+0-b96-7249189) for windows-amd64 JRE (11.0.10+0-b96-7249189), built on Mar 31 2021 21:44:00 by "builder" with MS VC++ 14.0 (VS2015)

END.
