#
# There is insufficient memory for the Java Runtime Environment to continue.
# Native memory allocation (malloc) failed to allocate 589936 bytes for Chunk::new
# Possible reasons:
#   The system is out of physical RAM or swap space
#   The process is running with CompressedOops enabled, and the Java Heap may be blocking the growth of the native heap
# Possible solutions:
#   Reduce memory load on the system
#   Increase physical memory or swap space
#   Check if swap backing store is full
#   Decrease Java heap size (-Xmx/-Xms)
#   Decrease number of Java threads
#   Decrease Java thread stack sizes (-Xss)
#   Set larger code cache with -XX:ReservedCodeCacheSize=
#   JVM is running with Unscaled Compressed Oops mode in which the Java heap is
#     placed in the first 4GB address space. The Java Heap base address is the
#     maximum limit for the native heap growth. Please use -XX:HeapBaseMinAddress
#     to set the Java Heap base and to place the Java Heap above 4GB virtual address.
# This output file may be truncated or incomplete.
#
#  Out of Memory Error (./open/src/hotspot/share/memory/arena.cpp:195), pid=11852, tid=736
#
# JRE version: Java(TM) SE Runtime Environment (15.0.2+7) (build 15.0.2+7-27)
# Java VM: Java HotSpot(TM) 64-Bit Server VM (15.0.2+7-27, mixed mode, sharing, tiered, compressed oops, g1 gc, windows-amd64)
# No core dump will be written. Minidumps are not enabled by default on client versions of Windows
#

---------------  S U M M A R Y ------------

Command Line: --add-opens=java.base/java.util=ALL-UNNAMED --add-opens=java.base/java.lang=ALL-UNNAMED --add-opens=java.base/java.lang.invoke=ALL-UNNAMED --add-opens=java.base/java.util=ALL-UNNAMED --add-opens=java.prefs/java.util.prefs=ALL-UNNAMED --add-opens=java.prefs/java.util.prefs=ALL-UNNAMED --add-opens=java.base/java.nio.charset=ALL-UNNAMED --add-opens=java.base/java.net=ALL-UNNAMED --add-opens=java.base/java.util.concurrent.atomic=ALL-UNNAMED -Xmx2048m -Dfile.encoding=UTF-8 -Duser.country=IN -Duser.language=en -Duser.variant org.gradle.launcher.daemon.bootstrap.GradleDaemon 7.0.2

Host: Intel(R) Core(TM) i7-9750H CPU @ 2.60GHz, 12 cores, 15G,  Windows 10 , 64 bit Build 22000 (10.0.22000.434)
Time: Fri Feb 18 22:31:45 2022 India Standard Time elapsed time: 25.009107 seconds (0d 0h 0m 25s)

---------------  T H R E A D  ---------------

Current thread (0x00000277e4bf3100):  JavaThread "C2 CompilerThread0" daemon [_thread_in_native, id=736, stack(0x000000d41ff00000,0x000000d420000000)]


Current CompileTask:
C2:  25009 5200 %     4       java.util.zip.ZipFile$Source::initCEN @ 238 (805 bytes)

Stack: [0x000000d41ff00000,0x000000d420000000]
Native frames: (J=compiled Java code, j=interpreted, Vv=VM code, C=native code)
V  [jvm.dll+0x62ae9a]
V  [jvm.dll+0x7817a9]
V  [jvm.dll+0x782f03]
V  [jvm.dll+0x783563]
V  [jvm.dll+0x216325]
V  [jvm.dll+0x97f3a]
V  [jvm.dll+0x9861c]
V  [jvm.dll+0x32e2a8]
V  [jvm.dll+0x2f768a]
V  [jvm.dll+0x2f6a4a]
V  [jvm.dll+0x1ea705]
V  [jvm.dll+0x1e996e]
V  [jvm.dll+0x178567]
V  [jvm.dll+0x1f9225]
V  [jvm.dll+0x1f72cc]
V  [jvm.dll+0x74495d]
V  [jvm.dll+0x73d75a]
V  [jvm.dll+0x629c56]
C  [ucrtbase.dll+0x26c0c]
C  [KERNEL32.DLL+0x154e0]
C  [ntdll.dll+0x485b]


---------------  P R O C E S S  ---------------

Threads class SMR info:
_java_thread_list=0x00000277e750a760, length=58, elements={
0x00000277c53a5d50, 0x00000277e43d3c40, 0x00000277e43d5730, 0x00000277e4befd80,
0x00000277e4bf0640, 0x00000277e4bf1000, 0x00000277e4bf3100, 0x00000277e4c025c0,
0x00000277e4c0dc20, 0x00000277e4d36fd0, 0x00000277e4d41d70, 0x00000277e692e9c0,
0x00000277e5248900, 0x00000277e5247f60, 0x00000277e5249770, 0x00000277e5248430,
0x00000277e5248dd0, 0x00000277e52470f0, 0x00000277e52475c0, 0x00000277e52492a0,
0x00000277e524a5e0, 0x00000277e5247a90, 0x00000277e5249c40, 0x00000277e524a110,
0x00000277e524aab0, 0x00000277e4c3d580, 0x00000277e4c3da50, 0x00000277e4c3e8c0,
0x00000277e4c3b3d0, 0x00000277e4c3bd70, 0x00000277e4c3d0b0, 0x00000277e4c3e3f0,
0x00000277e4c3cbe0, 0x00000277e4c3af00, 0x00000277e4c3c710, 0x00000277e5633a80,
0x00000277e5633f50, 0x00000277e562f720, 0x00000277e5630a60, 0x00000277e5630f30,
0x00000277e5631400, 0x00000277e562fbf0, 0x00000277e56330e0, 0x00000277e5630590,
0x00000277e5632270, 0x00000277e5634dc0, 0x00000277e56318d0, 0x00000277e5631da0,
0x00000277e5632c10, 0x00000277e562ed80, 0x00000277e56335b0, 0x00000277e5632740,
0x00000277e56300c0, 0x00000277e5634420, 0x00000277e5636100, 0x00000277e5635760,
0x00000277e56365d0, 0x00000277e5635c30
}

Java Threads: ( => current thread )
  0x00000277c53a5d50 JavaThread "main" [_thread_blocked, id=7844, stack(0x000000d41f300000,0x000000d41f400000)]
  0x00000277e43d3c40 JavaThread "Reference Handler" daemon [_thread_blocked, id=11472, stack(0x000000d41fa00000,0x000000d41fb00000)]
  0x00000277e43d5730 JavaThread "Finalizer" daemon [_thread_blocked, id=17064, stack(0x000000d41fb00000,0x000000d41fc00000)]
  0x00000277e4befd80 JavaThread "Signal Dispatcher" daemon [_thread_blocked, id=6108, stack(0x000000d41fc00000,0x000000d41fd00000)]
  0x00000277e4bf0640 JavaThread "Attach Listener" daemon [_thread_blocked, id=1120, stack(0x000000d41fd00000,0x000000d41fe00000)]
  0x00000277e4bf1000 JavaThread "Service Thread" daemon [_thread_blocked, id=11636, stack(0x000000d41fe00000,0x000000d41ff00000)]
=>0x00000277e4bf3100 JavaThread "C2 CompilerThread0" daemon [_thread_in_native, id=736, stack(0x000000d41ff00000,0x000000d420000000)]
  0x00000277e4c025c0 JavaThread "C1 CompilerThread0" daemon [_thread_blocked, id=18720, stack(0x000000d420000000,0x000000d420100000)]
  0x00000277e4c0dc20 JavaThread "Sweeper thread" daemon [_thread_blocked, id=8712, stack(0x000000d420100000,0x000000d420200000)]
  0x00000277e4d36fd0 JavaThread "Common-Cleaner" daemon [_thread_blocked, id=15708, stack(0x000000d420200000,0x000000d420300000)]
  0x00000277e4d41d70 JavaThread "Notification Thread" daemon [_thread_blocked, id=8716, stack(0x000000d420300000,0x000000d420400000)]
  0x00000277e692e9c0 JavaThread "Daemon health stats" [_thread_blocked, id=20580, stack(0x000000d420c00000,0x000000d420d00000)]
  0x00000277e5248900 JavaThread "Incoming local TCP Connector on port 54132" [_thread_in_native, id=2404, stack(0x000000d420500000,0x000000d420600000)]
  0x00000277e5247f60 JavaThread "Daemon periodic checks" [_thread_blocked, id=1868, stack(0x000000d420b00000,0x000000d420c00000)]
  0x00000277e5249770 JavaThread "Daemon" [_thread_blocked, id=12072, stack(0x000000d420d00000,0x000000d420e00000)]
  0x00000277e5248430 JavaThread "Handler for socket connection from /127.0.0.1:54132 to /127.0.0.1:54134" [_thread_in_native, id=10676, stack(0x000000d420e00000,0x000000d420f00000)]
  0x00000277e5248dd0 JavaThread "Cancel handler" [_thread_blocked, id=2096, stack(0x000000d420f00000,0x000000d421000000)]
  0x00000277e52470f0 JavaThread "Daemon worker" [_thread_in_native, id=12432, stack(0x000000d421000000,0x000000d421100000)]
  0x00000277e52475c0 JavaThread "Asynchronous log dispatcher for DefaultDaemonConnection: socket connection from /127.0.0.1:54132 to /127.0.0.1:54134" [_thread_blocked, id=20144, stack(0x000000d421100000,0x000000d421200000)]
  0x00000277e52492a0 JavaThread "Stdin handler" [_thread_blocked, id=8120, stack(0x000000d421200000,0x000000d421300000)]
  0x00000277e524a5e0 JavaThread "Daemon client event forwarder" [_thread_blocked, id=22416, stack(0x000000d421300000,0x000000d421400000)]
  0x00000277e5247a90 JavaThread "Cache worker for file hash cache (D:\aa\caches\7.0.2\fileHashes)" [_thread_blocked, id=7656, stack(0x000000d421500000,0x000000d421600000)]
  0x00000277e5249c40 JavaThread "File lock request listener" [_thread_in_native, id=21936, stack(0x000000d421600000,0x000000d421700000)]
  0x00000277e524a110 JavaThread "Cache worker for journal cache (D:\aa\caches\journal-1)" [_thread_blocked, id=8488, stack(0x000000d421700000,0x000000d421800000)]
  0x00000277e524aab0 JavaThread "Cache worker for file hash cache (D:\app_dev\QuizApp\.gradle\7.0.2\fileHashes)" [_thread_blocked, id=2128, stack(0x000000d421900000,0x000000d421a00000)]
  0x00000277e4c3d580 JavaThread "File watcher server" daemon [_thread_in_native, id=11108, stack(0x000000d421a00000,0x000000d421b00000)]
  0x00000277e4c3da50 JavaThread "File watcher consumer" daemon [_thread_blocked, id=16256, stack(0x000000d421b00000,0x000000d421c00000)]
  0x00000277e4c3e8c0 JavaThread "Cache worker for checksums cache (D:\app_dev\QuizApp\.gradle\checksums)" [_thread_blocked, id=21972, stack(0x000000d421c00000,0x000000d421d00000)]
  0x00000277e4c3b3d0 JavaThread "Cache worker for cache directory md-supplier (D:\aa\caches\7.0.2\md-supplier)" [_thread_blocked, id=20692, stack(0x000000d421d00000,0x000000d421e00000)]
  0x00000277e4c3bd70 JavaThread "Cache worker for cache directory md-rule (D:\aa\caches\7.0.2\md-rule)" [_thread_blocked, id=1532, stack(0x000000d421e00000,0x000000d421f00000)]
  0x00000277e4c3d0b0 JavaThread "Cache worker for execution history cache (D:\aa\caches\7.0.2\executionHistory)" [_thread_blocked, id=9892, stack(0x000000d422500000,0x000000d422600000)]
  0x00000277e4c3e3f0 JavaThread "jar transforms" [_thread_blocked, id=7180, stack(0x000000d422600000,0x000000d422700000)]
  0x00000277e4c3cbe0 JavaThread "jar transforms Thread 2" [_thread_blocked, id=21716, stack(0x000000d422700000,0x000000d422800000)]
  0x00000277e4c3af00 JavaThread "Cache worker for file content cache (D:\aa\caches\7.0.2\fileContent)" [_thread_blocked, id=16508, stack(0x000000d422800000,0x000000d422900000)]
  0x00000277e4c3c710 JavaThread "Cache worker for dependencies-accessors (D:\app_dev\QuizApp\.gradle\7.0.2\dependencies-accessors)" [_thread_blocked, id=10396, stack(0x000000d422900000,0x000000d422a00000)]
  0x00000277e5633a80 JavaThread "jar transforms Thread 3" [_thread_blocked, id=19928, stack(0x000000d422a00000,0x000000d422b00000)]
  0x00000277e5633f50 JavaThread "Cache worker for Build Output Cleanup Cache (D:\app_dev\QuizApp\.gradle\buildOutputCleanup)" [_thread_blocked, id=15816, stack(0x000000d422b00000,0x000000d422c00000)]
  0x00000277e562f720 JavaThread "Build operations" [_thread_blocked, id=11716, stack(0x000000d421400000,0x000000d421500000)]
  0x00000277e5630a60 JavaThread "Build operations Thread 2" [_thread_blocked, id=19360, stack(0x000000d421800000,0x000000d421900000)]
  0x00000277e5630f30 JavaThread "Build operations Thread 3" [_thread_blocked, id=19592, stack(0x000000d422c00000,0x000000d422d00000)]
  0x00000277e5631400 JavaThread "Build operations Thread 4" [_thread_blocked, id=16884, stack(0x000000d422d00000,0x000000d422e00000)]
  0x00000277e562fbf0 JavaThread "Build operations Thread 5" [_thread_blocked, id=11932, stack(0x000000d422e00000,0x000000d422f00000)]
  0x00000277e56330e0 JavaThread "Build operations Thread 6" [_thread_blocked, id=12492, stack(0x000000d422f00000,0x000000d423000000)]
  0x00000277e5630590 JavaThread "Build operations Thread 7" [_thread_blocked, id=17176, stack(0x000000d423000000,0x000000d423100000)]
  0x00000277e5632270 JavaThread "Build operations Thread 8" [_thread_blocked, id=11920, stack(0x000000d423100000,0x000000d423200000)]
  0x00000277e5634dc0 JavaThread "Build operations Thread 9" [_thread_blocked, id=5124, stack(0x000000d423200000,0x000000d423300000)]
  0x00000277e56318d0 JavaThread "Build operations Thread 10" [_thread_blocked, id=22056, stack(0x000000d423300000,0x000000d423400000)]
  0x00000277e5631da0 JavaThread "Build operations Thread 11" [_thread_blocked, id=22504, stack(0x000000d423400000,0x000000d423500000)]
  0x00000277e5632c10 JavaThread "Build operations Thread 12" [_thread_blocked, id=11260, stack(0x000000d423500000,0x000000d423600000)]
  0x00000277e562ed80 JavaThread "jar transforms Thread 4" [_thread_blocked, id=1436, stack(0x000000d423800000,0x000000d423900000)]
  0x00000277e56335b0 JavaThread "jar transforms Thread 5" [_thread_blocked, id=21700, stack(0x000000d423900000,0x000000d423a00000)]
  0x00000277e5632740 JavaThread "jar transforms Thread 6" [_thread_blocked, id=21800, stack(0x000000d423a00000,0x000000d423b00000)]
  0x00000277e56300c0 JavaThread "jar transforms Thread 7" [_thread_blocked, id=18740, stack(0x000000d423b00000,0x000000d423c00000)]
  0x00000277e5634420 JavaThread "jar transforms Thread 8" [_thread_blocked, id=10840, stack(0x000000d423c00000,0x000000d423d00000)]
  0x00000277e5636100 JavaThread "jar transforms Thread 9" [_thread_blocked, id=12348, stack(0x000000d423d00000,0x000000d423e00000)]
  0x00000277e5635760 JavaThread "jar transforms Thread 10" [_thread_blocked, id=20172, stack(0x000000d423e00000,0x000000d423f00000)]
  0x00000277e56365d0 JavaThread "jar transforms Thread 11" [_thread_blocked, id=7040, stack(0x000000d423f00000,0x000000d424000000)]
  0x00000277e5635c30 JavaThread "jar transforms Thread 12" [_thread_blocked, id=12276, stack(0x000000d424000000,0x000000d424100000)]

Other Threads:
  0x00000277e43d14a0 VMThread "VM Thread" [stack: 0x000000d41f900000,0x000000d41fa00000] [id=10380]
  0x00000277e4d62080 WatcherThread [stack: 0x000000d420400000,0x000000d420500000] [id=6084]
  0x00000277c53e9880 GCTaskThread "GC Thread#0" [stack: 0x000000d41f400000,0x000000d41f500000] [id=4104]
  0x00000277e4e92d00 GCTaskThread "GC Thread#1" [stack: 0x000000d420600000,0x000000d420700000] [id=7552]
  0x00000277e4e93030 GCTaskThread "GC Thread#2" [stack: 0x000000d420700000,0x000000d420800000] [id=14784]
  0x00000277e4e93690 GCTaskThread "GC Thread#3" [stack: 0x000000d420800000,0x000000d420900000] [id=12592]
  0x00000277e4e939c0 GCTaskThread "GC Thread#4" [stack: 0x000000d420900000,0x000000d420a00000] [id=15324]
  0x00000277e4e93cf0 GCTaskThread "GC Thread#5" [stack: 0x000000d420a00000,0x000000d420b00000] [id=11016]
  0x00000277e4e95cd0 GCTaskThread "GC Thread#6" [stack: 0x000000d421f00000,0x000000d422000000] [id=21104]
  0x00000277e866a7f0 GCTaskThread "GC Thread#7" [stack: 0x000000d422000000,0x000000d422100000] [id=11764]
  0x00000277e8669b30 GCTaskThread "GC Thread#8" [stack: 0x000000d422100000,0x000000d422200000] [id=11752]
  0x00000277e866b180 GCTaskThread "GC Thread#9" [stack: 0x000000d422200000,0x000000d422300000] [id=5920]
  0x00000277c53fcb50 ConcurrentGCThread "G1 Main Marker" [stack: 0x000000d41f500000,0x000000d41f600000] [id=21312]
  0x00000277c53fe3a0 ConcurrentGCThread "G1 Conc#0" [stack: 0x000000d41f600000,0x000000d41f700000] [id=8596]
  0x00000277e866ae50 ConcurrentGCThread "G1 Conc#1" [stack: 0x000000d422300000,0x000000d422400000] [id=10368]
  0x00000277e866ab20 ConcurrentGCThread "G1 Conc#2" [stack: 0x000000d422400000,0x000000d422500000] [id=21120]
  0x00000277c547eaf0 ConcurrentGCThread "G1 Refine#0" [stack: 0x000000d41f700000,0x000000d41f800000] [id=12916]
  0x00000277e4248500 ConcurrentGCThread "G1 Young RemSet Sampling" [stack: 0x000000d41f800000,0x000000d41f900000] [id=2684]

Threads with active compile tasks:
C2 CompilerThread0    25073 5200 %     4       java.util.zip.ZipFile$Source::initCEN @ 238 (805 bytes)

VM state: not at safepoint (normal execution)

VM Mutex/Monitor currently owned by a thread: None

Heap address: 0x0000000080000000, size: 2048 MB, Compressed Oops mode: 32-bit
CDS archive(s) mapped at: [0x0000000800000000-0x0000000800b50000-0x0000000800b50000), size 11862016, SharedBaseAddress: 0x0000000800000000, ArchiveRelocationMode: 0.
Compressed class space mapped at: 0x0000000800b50000-0x0000000840b50000, size: 1073741824
Narrow klass base: 0x0000000800000000, Narrow klass shift: 3, Narrow klass range: 0x100000000

GC Precious Log:
 CPUs: 12 total, 12 available
 Memory: 16225M
 Large Page Support: Disabled
 NUMA Support: Disabled
 Compressed Oops: Enabled (32-bit)
 Heap Region Size: 1M
 Heap Min Capacity: 8M
 Heap Initial Capacity: 254M
 Heap Max Capacity: 2G
 Pre-touch: Disabled
 Parallel Workers: 10
 Concurrent Workers: 3
 Concurrent Refinement Workers: 10
 Periodic GC: Disabled

Heap:
 garbage-first heap   total 78848K, used 49469K [0x0000000080000000, 0x0000000100000000)
  region size 1024K, 23 young (23552K), 5 survivors (5120K)
 Metaspace       used 38735K, capacity 39456K, committed 39600K, reserved 1083392K
  class space    used 5135K, capacity 5324K, committed 5376K, reserved 1048576K

Heap Regions: E=young(eden), S=young(survivor), O=old, HS=humongous(starts), HC=humongous(continues), CS=collection set, F=free, OA=open archive, CA=closed archive, TAMS=top-at-mark-start (previous, next)
|   0|0x0000000080000000, 0x0000000080100000, 0x0000000080100000|100%| O|  |TAMS 0x0000000080100000, 0x0000000080000000| Untracked 
|   1|0x0000000080100000, 0x0000000080200000, 0x0000000080200000|100%| O|  |TAMS 0x0000000080200000, 0x0000000080100000| Untracked 
|   2|0x0000000080200000, 0x0000000080300000, 0x0000000080300000|100%| O|  |TAMS 0x0000000080300000, 0x0000000080200000| Untracked 
|   3|0x0000000080300000, 0x0000000080400000, 0x0000000080400000|100%|HS|  |TAMS 0x0000000080400000, 0x0000000080300000| Complete 
|   4|0x0000000080400000, 0x0000000080500000, 0x0000000080500000|100%|HC|  |TAMS 0x0000000080500000, 0x0000000080400000| Complete 
|   5|0x0000000080500000, 0x0000000080600000, 0x0000000080600000|100%|HC|  |TAMS 0x0000000080600000, 0x0000000080500000| Complete 
|   6|0x0000000080600000, 0x0000000080700000, 0x0000000080700000|100%| O|  |TAMS 0x0000000080700000, 0x0000000080600000| Untracked 
|   7|0x0000000080700000, 0x0000000080800000, 0x0000000080800000|100%| O|  |TAMS 0x0000000080800000, 0x0000000080700000| Untracked 
|   8|0x0000000080800000, 0x0000000080900000, 0x0000000080900000|100%| O|  |TAMS 0x0000000080900000, 0x0000000080800000| Untracked 
|   9|0x0000000080900000, 0x0000000080a00000, 0x0000000080a00000|100%| O|  |TAMS 0x0000000080a00000, 0x0000000080900000| Untracked 
|  10|0x0000000080a00000, 0x0000000080a19e00, 0x0000000080b00000| 10%| O|  |TAMS 0x0000000080a19e00, 0x0000000080a00000| Untracked 
|  11|0x0000000080b00000, 0x0000000080c00000, 0x0000000080c00000|100%| O|  |TAMS 0x0000000080c00000, 0x0000000080b00000| Untracked 
|  12|0x0000000080c00000, 0x0000000080d00000, 0x0000000080d00000|100%| O|  |TAMS 0x0000000080d00000, 0x0000000080c00000| Untracked 
|  13|0x0000000080d00000, 0x0000000080e00000, 0x0000000080e00000|100%| O|  |TAMS 0x0000000080e00000, 0x0000000080d00000| Untracked 
|  14|0x0000000080e00000, 0x0000000080f00000, 0x0000000080f00000|100%| O|  |TAMS 0x0000000080f00000, 0x0000000080e00000| Untracked 
|  15|0x0000000080f00000, 0x0000000081000000, 0x0000000081000000|100%| O|  |TAMS 0x0000000081000000, 0x0000000080f00000| Untracked 
|  16|0x0000000081000000, 0x0000000081100000, 0x0000000081100000|100%| O|  |TAMS 0x0000000081100000, 0x0000000081000000| Untracked 
|  17|0x0000000081100000, 0x0000000081200000, 0x0000000081200000|100%| O|  |TAMS 0x0000000081200000, 0x0000000081100000| Untracked 
|  18|0x0000000081200000, 0x0000000081300000, 0x0000000081300000|100%| O|  |TAMS 0x0000000081300000, 0x0000000081200000| Untracked 
|  19|0x0000000081300000, 0x0000000081400000, 0x0000000081400000|100%| O|  |TAMS 0x0000000081400000, 0x0000000081300000| Untracked 
|  20|0x0000000081400000, 0x0000000081500000, 0x0000000081500000|100%|HS|  |TAMS 0x0000000081400000, 0x0000000081400000| Complete 
|  21|0x0000000081500000, 0x0000000081600000, 0x0000000081600000|100%| O|  |TAMS 0x0000000081600000, 0x0000000081500000| Untracked 
|  22|0x0000000081600000, 0x0000000081700000, 0x0000000081700000|100%| O|  |TAMS 0x0000000081700000, 0x0000000081600000| Untracked 
|  23|0x0000000081700000, 0x0000000081800000, 0x0000000081800000|100%| O|  |TAMS 0x0000000081800000, 0x0000000081700000| Untracked 
|  24|0x0000000081800000, 0x0000000081900000, 0x0000000081900000|100%| O|  |TAMS 0x0000000081900000, 0x0000000081800000| Untracked 
|  25|0x0000000081900000, 0x0000000081a00000, 0x0000000081a00000|100%| O|  |TAMS 0x0000000081a00000, 0x0000000081900000| Untracked 
|  26|0x0000000081a00000, 0x0000000081a7fe00, 0x0000000081b00000| 49%| O|  |TAMS 0x0000000081a7fe00, 0x0000000081a00000| Untracked 
|  27|0x0000000081b00000, 0x0000000081c00000, 0x0000000081c00000|100%|HS|  |TAMS 0x0000000081b00000, 0x0000000081b00000| Complete 
|  28|0x0000000081c00000, 0x0000000081c00000, 0x0000000081d00000|  0%| F|  |TAMS 0x0000000081c00000, 0x0000000081c00000| Untracked 
|  29|0x0000000081d00000, 0x0000000081d00000, 0x0000000081e00000|  0%| F|  |TAMS 0x0000000081d00000, 0x0000000081d00000| Untracked 
|  30|0x0000000081e00000, 0x0000000081e00000, 0x0000000081f00000|  0%| F|  |TAMS 0x0000000081e00000, 0x0000000081e00000| Untracked 
|  31|0x0000000081f00000, 0x0000000082000000, 0x0000000082000000|100%| O|  |TAMS 0x0000000082000000, 0x0000000081f00000| Untracked 
|  32|0x0000000082000000, 0x0000000082000000, 0x0000000082100000|  0%| F|  |TAMS 0x0000000082000000, 0x0000000082000000| Untracked 
|  33|0x0000000082100000, 0x0000000082100000, 0x0000000082200000|  0%| F|  |TAMS 0x0000000082100000, 0x0000000082100000| Untracked 
|  34|0x0000000082200000, 0x0000000082200000, 0x0000000082300000|  0%| F|  |TAMS 0x0000000082200000, 0x0000000082200000| Untracked 
|  35|0x0000000082300000, 0x0000000082300000, 0x0000000082400000|  0%| F|  |TAMS 0x0000000082300000, 0x0000000082300000| Untracked 
|  36|0x0000000082400000, 0x0000000082400000, 0x0000000082500000|  0%| F|  |TAMS 0x0000000082400000, 0x0000000082400000| Untracked 
|  37|0x0000000082500000, 0x0000000082500000, 0x0000000082600000|  0%| F|  |TAMS 0x0000000082500000, 0x0000000082500000| Untracked 
|  38|0x0000000082600000, 0x0000000082600000, 0x0000000082700000|  0%| F|  |TAMS 0x0000000082600000, 0x0000000082600000| Untracked 
|  39|0x0000000082700000, 0x00000000827b5990, 0x0000000082800000| 70%| S|CS|TAMS 0x0000000082700000, 0x0000000082700000| Complete 
|  40|0x0000000082800000, 0x0000000082900000, 0x0000000082900000|100%| S|CS|TAMS 0x0000000082800000, 0x0000000082800000| Complete 
|  41|0x0000000082900000, 0x0000000082a00000, 0x0000000082a00000|100%| S|CS|TAMS 0x0000000082900000, 0x0000000082900000| Complete 
|  42|0x0000000082a00000, 0x0000000082b00000, 0x0000000082b00000|100%| S|CS|TAMS 0x0000000082a00000, 0x0000000082a00000| Complete 
|  43|0x0000000082b00000, 0x0000000082c00000, 0x0000000082c00000|100%| S|CS|TAMS 0x0000000082b00000, 0x0000000082b00000| Complete 
|  44|0x0000000082c00000, 0x0000000082c00000, 0x0000000082d00000|  0%| F|  |TAMS 0x0000000082c00000, 0x0000000082c00000| Untracked 
|  45|0x0000000082d00000, 0x0000000082d00000, 0x0000000082e00000|  0%| F|  |TAMS 0x0000000082d00000, 0x0000000082d00000| Untracked 
|  46|0x0000000082e00000, 0x0000000082e00000, 0x0000000082f00000|  0%| F|  |TAMS 0x0000000082e00000, 0x0000000082e00000| Untracked 
|  47|0x0000000082f00000, 0x0000000082f00000, 0x0000000083000000|  0%| F|  |TAMS 0x0000000082f00000, 0x0000000082f00000| Untracked 
|  48|0x0000000083000000, 0x0000000083000000, 0x0000000083100000|  0%| F|  |TAMS 0x0000000083000000, 0x0000000083000000| Untracked 
|  49|0x0000000083100000, 0x0000000083100000, 0x0000000083200000|  0%| F|  |TAMS 0x0000000083100000, 0x0000000083100000| Untracked 
|  50|0x0000000083200000, 0x0000000083200000, 0x0000000083300000|  0%| F|  |TAMS 0x0000000083200000, 0x0000000083200000| Untracked 
|  51|0x0000000083300000, 0x0000000083300000, 0x0000000083400000|  0%| F|  |TAMS 0x0000000083300000, 0x0000000083300000| Untracked 
|  52|0x0000000083400000, 0x0000000083400000, 0x0000000083500000|  0%| F|  |TAMS 0x0000000083400000, 0x0000000083400000| Untracked 
|  53|0x0000000083500000, 0x0000000083500000, 0x0000000083600000|  0%| F|  |TAMS 0x0000000083500000, 0x0000000083500000| Untracked 
|  54|0x0000000083600000, 0x0000000083600000, 0x0000000083700000|  0%| F|  |TAMS 0x0000000083600000, 0x0000000083600000| Untracked 
|  55|0x0000000083700000, 0x0000000083700000, 0x0000000083800000|  0%| F|  |TAMS 0x0000000083700000, 0x0000000083700000| Untracked 
|  56|0x0000000083800000, 0x0000000083800000, 0x0000000083900000|  0%| F|  |TAMS 0x0000000083800000, 0x0000000083800000| Untracked 
|  57|0x0000000083900000, 0x0000000083900000, 0x0000000083a00000|  0%| F|  |TAMS 0x0000000083900000, 0x0000000083900000| Untracked 
|  58|0x0000000083a00000, 0x0000000083a00000, 0x0000000083b00000|  0%| F|  |TAMS 0x0000000083a00000, 0x0000000083a00000| Untracked 
|  59|0x0000000083b00000, 0x0000000083b88b30, 0x0000000083c00000| 53%| E|  |TAMS 0x0000000083b00000, 0x0000000083b00000| Complete 
|  60|0x0000000083c00000, 0x0000000083d00000, 0x0000000083d00000|100%| E|  |TAMS 0x0000000083c00000, 0x0000000083c00000| Complete 
|  61|0x0000000083d00000, 0x0000000083e00000, 0x0000000083e00000|100%| E|CS|TAMS 0x0000000083d00000, 0x0000000083d00000| Complete 
|  62|0x0000000083e00000, 0x0000000083f00000, 0x0000000083f00000|100%| E|CS|TAMS 0x0000000083e00000, 0x0000000083e00000| Complete 
|  63|0x0000000083f00000, 0x0000000084000000, 0x0000000084000000|100%| E|CS|TAMS 0x0000000083f00000, 0x0000000083f00000| Complete 
| 140|0x0000000088c00000, 0x0000000088d00000, 0x0000000088d00000|100%| E|CS|TAMS 0x0000000088c00000, 0x0000000088c00000| Complete 
| 141|0x0000000088d00000, 0x0000000088e00000, 0x0000000088e00000|100%| E|CS|TAMS 0x0000000088d00000, 0x0000000088d00000| Complete 
| 142|0x0000000088e00000, 0x0000000088f00000, 0x0000000088f00000|100%| E|CS|TAMS 0x0000000088e00000, 0x0000000088e00000| Complete 
| 143|0x0000000088f00000, 0x0000000089000000, 0x0000000089000000|100%| E|CS|TAMS 0x0000000088f00000, 0x0000000088f00000| Complete 
| 144|0x0000000089000000, 0x0000000089100000, 0x0000000089100000|100%| E|CS|TAMS 0x0000000089000000, 0x0000000089000000| Complete 
| 145|0x0000000089100000, 0x0000000089200000, 0x0000000089200000|100%| E|CS|TAMS 0x0000000089100000, 0x0000000089100000| Complete 
| 146|0x0000000089200000, 0x0000000089300000, 0x0000000089300000|100%| E|CS|TAMS 0x0000000089200000, 0x0000000089200000| Complete 
| 147|0x0000000089300000, 0x0000000089400000, 0x0000000089400000|100%| E|CS|TAMS 0x0000000089300000, 0x0000000089300000| Complete 
| 148|0x0000000089400000, 0x0000000089500000, 0x0000000089500000|100%| E|CS|TAMS 0x0000000089400000, 0x0000000089400000| Complete 
| 149|0x0000000089500000, 0x0000000089600000, 0x0000000089600000|100%| E|CS|TAMS 0x0000000089500000, 0x0000000089500000| Complete 
| 150|0x0000000089600000, 0x0000000089700000, 0x0000000089700000|100%| E|CS|TAMS 0x0000000089600000, 0x0000000089600000| Complete 
| 252|0x000000008fc00000, 0x000000008fd00000, 0x000000008fd00000|100%| E|CS|TAMS 0x000000008fc00000, 0x000000008fc00000| Complete 
| 253|0x000000008fd00000, 0x000000008fe00000, 0x000000008fe00000|100%| E|CS|TAMS 0x000000008fd00000, 0x000000008fd00000| Complete 

Card table byte_map: [0x00000277dcf30000,0x00000277dd330000] _byte_map_base: 0x00000277dcb30000

Marking Bits (Prev, Next): (CMBitMap*) 0x00000277c53eb160, (CMBitMap*) 0x00000277c53eb1a0
 Prev Bits: [0x00000277dd730000, 0x00000277df730000)
 Next Bits: [0x00000277df730000, 0x00000277e1730000)

Polling page: 0x00000277c33a0000

Metaspace:

Usage:
  Non-class:     33.33 MB capacity,    32.81 MB ( 98%) used,   474.76 KB (  1%) free+waste,    57.44 KB ( <1%) overhead. 
      Class:      5.20 MB capacity,     5.01 MB ( 96%) used,   164.95 KB (  3%) free+waste,    23.75 KB ( <1%) overhead. 
       Both:     38.53 MB capacity,    37.83 MB ( 98%) used,   639.71 KB (  2%) free+waste,    81.19 KB ( <1%) overhead. 

Virtual space:
  Non-class space:       34.00 MB reserved,      33.42 MB ( 98%) committed 
      Class space:        1.00 GB reserved,       5.25 MB ( <1%) committed 
             Both:        1.03 GB reserved,      38.67 MB (  4%) committed 

Chunk freelists:
   Non-Class:  28.00 KB
       Class:  20.00 KB
        Both:  48.00 KB

MaxMetaspaceSize: 17179869184.00 GB
CompressedClassSpaceSize: 1.00 GB

CodeHeap 'non-profiled nmethods': size=120000Kb used=2982Kb max_used=2982Kb free=117017Kb
 bounds [0x00000277d50b0000, 0x00000277d53a0000, 0x00000277dc5e0000]
CodeHeap 'profiled nmethods': size=120000Kb used=9904Kb max_used=9904Kb free=110096Kb
 bounds [0x00000277cdb80000, 0x00000277ce530000, 0x00000277d50b0000]
CodeHeap 'non-nmethods': size=5760Kb used=2320Kb max_used=2464Kb free=3439Kb
 bounds [0x00000277cd5e0000, 0x00000277cd860000, 0x00000277cdb80000]
 total_blobs=6001 nmethods=5208 adapters=705
 compilation: enabled
              stopped_count=0, restarted_count=0
 full_count=0

Compilation events (20 events):
Event: 24.907 Thread 0x00000277e4bf3100 5197       4       org.codehaus.groovy.util.FastArray::get (7 bytes)
Event: 24.909 Thread 0x00000277e4bf3100 nmethod 5197 0x00000277d5398f10 code [0x00000277d5399080, 0x00000277d5399118]
Event: 24.909 Thread 0x00000277e4bf3100 5200 %     4       java.util.zip.ZipFile$Source::initCEN @ 238 (805 bytes)
Event: 24.978 Thread 0x00000277e4c025c0 5201   !   3       sun.nio.fs.WindowsPath::getPathForWin32Calls (138 bytes)
Event: 24.981 Thread 0x00000277e4c025c0 nmethod 5201 0x00000277ce520b10 code [0x00000277ce520dc0, 0x00000277ce521c68]
Event: 24.985 Thread 0x00000277e4c025c0 5204       3       sun.nio.fs.NativeBuffers::getNativeBuffer (21 bytes)
Event: 24.985 Thread 0x00000277e4c025c0 nmethod 5204 0x00000277ce522110 code [0x00000277ce5222e0, 0x00000277ce5225d8]
Event: 24.989 Thread 0x00000277e4c025c0 5205       3       sun.nio.fs.WindowsPath::checkRead (17 bytes)
Event: 24.990 Thread 0x00000277e4c025c0 nmethod 5205 0x00000277ce522710 code [0x00000277ce5228c0, 0x00000277ce522c68]
Event: 24.990 Thread 0x00000277e4c025c0 5206       3       jdk.internal.misc.Unsafe::checkNativeAddress (28 bytes)
Event: 24.990 Thread 0x00000277e4c025c0 nmethod 5206 0x00000277ce522d90 code [0x00000277ce522f20, 0x00000277ce523038]
Event: 24.994 Thread 0x00000277e4c025c0 5207   !   3       sun.nio.fs.WindowsFileAttributes::get (236 bytes)
Event: 24.999 Thread 0x00000277e4c025c0 nmethod 5207 0x00000277ce523110 code [0x00000277ce523540, 0x00000277ce524fd8]
Event: 24.999 Thread 0x00000277e4c025c0 5208   !   3       sun.nio.fs.WindowsNativeDispatcher::GetFileAttributesEx (30 bytes)
Event: 25.000 Thread 0x00000277e4c025c0 nmethod 5208 0x00000277ce525e10 code [0x00000277ce526000, 0x00000277ce5262d8]
Event: 25.000 Thread 0x00000277e4c025c0 5210       3       sun.nio.fs.WindowsFileAttributes::fromFileAttributeData (104 bytes)
Event: 25.001 Thread 0x00000277e4c025c0 nmethod 5210 0x00000277ce526510 code [0x00000277ce526700, 0x00000277ce526bc8]
Event: 25.003 Thread 0x00000277e4c025c0 5211       3       sun.nio.fs.WindowsFileSystemProvider::getFileAttributeView (118 bytes)
Event: 25.005 Thread 0x00000277e4c025c0 nmethod 5211 0x00000277ce526e10 code [0x00000277ce5270e0, 0x00000277ce528298]
Event: 25.005 Thread 0x00000277e4c025c0 5212       3       sun.nio.fs.WindowsFileAttributeViews$Basic::readAttributes (5 bytes)

GC Heap History (16 events):
Event: 5.501 GC heap before
{Heap before GC invocations=0 (full 0):
 garbage-first heap   total 260096K, used 28672K [0x0000000080000000, 0x0000000100000000)
  region size 1024K, 23 young (23552K), 0 survivors (0K)
 Metaspace       used 3359K, capacity 6134K, committed 6400K, reserved 1056768K
  class space    used 423K, capacity 678K, committed 768K, reserved 1048576K
}
Event: 5.508 GC heap after
{Heap after GC invocations=1 (full 0):
 garbage-first heap   total 260096K, used 9216K [0x0000000080000000, 0x0000000100000000)
  region size 1024K, 3 young (3072K), 3 survivors (3072K)
 Metaspace       used 3359K, capacity 6134K, committed 6400K, reserved 1056768K
  class space    used 423K, capacity 678K, committed 768K, reserved 1048576K
}
Event: 7.912 GC heap before
{Heap before GC invocations=1 (full 0):
 garbage-first heap   total 260096K, used 36864K [0x0000000080000000, 0x0000000100000000)
  region size 1024K, 30 young (30720K), 3 survivors (3072K)
 Metaspace       used 4269K, capacity 6649K, committed 6912K, reserved 1056768K
  class space    used 517K, capacity 743K, committed 768K, reserved 1048576K
}
Event: 7.916 GC heap after
{Heap after GC invocations=2 (full 0):
 garbage-first heap   total 260096K, used 10926K [0x0000000080000000, 0x0000000100000000)
  region size 1024K, 2 young (2048K), 2 survivors (2048K)
 Metaspace       used 4269K, capacity 6649K, committed 6912K, reserved 1056768K
  class space    used 517K, capacity 743K, committed 768K, reserved 1048576K
}
Event: 12.262 GC heap before
{Heap before GC invocations=2 (full 0):
 garbage-first heap   total 260096K, used 113326K [0x0000000080000000, 0x0000000100000000)
  region size 1024K, 103 young (105472K), 2 survivors (2048K)
 Metaspace       used 20720K, capacity 21144K, committed 21296K, reserved 1067008K
  class space    used 2999K, capacity 3145K, committed 3200K, reserved 1048576K
}
Event: 12.273 GC heap after
{Heap after GC invocations=3 (full 0):
 garbage-first heap   total 260096K, used 19590K [0x0000000080000000, 0x0000000100000000)
  region size 1024K, 11 young (11264K), 11 survivors (11264K)
 Metaspace       used 20720K, capacity 21144K, committed 21296K, reserved 1067008K
  class space    used 2999K, capacity 3145K, committed 3200K, reserved 1048576K
}
Event: 13.293 GC heap before
{Heap before GC invocations=4 (full 0):
 garbage-first heap   total 78848K, used 55430K [0x0000000080000000, 0x0000000100000000)
  region size 1024K, 46 young (47104K), 11 survivors (11264K)
 Metaspace       used 27589K, capacity 28185K, committed 28464K, reserved 1073152K
  class space    used 3778K, capacity 3959K, committed 3968K, reserved 1048576K
}
Event: 13.309 GC heap after
{Heap after GC invocations=5 (full 0):
 garbage-first heap   total 78848K, used 24124K [0x0000000080000000, 0x0000000100000000)
  region size 1024K, 5 young (5120K), 5 survivors (5120K)
 Metaspace       used 27589K, capacity 28185K, committed 28464K, reserved 1073152K
  class space    used 3778K, capacity 3959K, committed 3968K, reserved 1048576K
}
Event: 13.962 GC heap before
{Heap before GC invocations=5 (full 0):
 garbage-first heap   total 78848K, used 57916K [0x0000000080000000, 0x0000000100000000)
  region size 1024K, 36 young (36864K), 5 survivors (5120K)
 Metaspace       used 30306K, capacity 30868K, committed 31152K, reserved 1077248K
  class space    used 4066K, capacity 4232K, committed 4352K, reserved 1048576K
}
Event: 13.972 GC heap after
{Heap after GC invocations=6 (full 0):
 garbage-first heap   total 78848K, used 26330K [0x0000000080000000, 0x0000000100000000)
  region size 1024K, 4 young (4096K), 4 survivors (4096K)
 Metaspace       used 30306K, capacity 30868K, committed 31152K, reserved 1077248K
  class space    used 4066K, capacity 4232K, committed 4352K, reserved 1048576K
}
Event: 14.828 GC heap before
{Heap before GC invocations=6 (full 0):
 garbage-first heap   total 78848K, used 57050K [0x0000000080000000, 0x0000000100000000)
  region size 1024K, 34 young (34816K), 4 survivors (4096K)
 Metaspace       used 34612K, capacity 35261K, committed 35504K, reserved 1079296K
  class space    used 4604K, capacity 4793K, committed 4864K, reserved 1048576K
}
Event: 14.834 GC heap after
{Heap after GC invocations=7 (full 0):
 garbage-first heap   total 78848K, used 28449K [0x0000000080000000, 0x0000000100000000)
  region size 1024K, 3 young (3072K), 3 survivors (3072K)
 Metaspace       used 34612K, capacity 35261K, committed 35504K, reserved 1079296K
  class space    used 4604K, capacity 4793K, committed 4864K, reserved 1048576K
}
Event: 14.989 GC heap before
{Heap before GC invocations=7 (full 0):
 garbage-first heap   total 78848K, used 33569K [0x0000000080000000, 0x0000000100000000)
  region size 1024K, 9 young (9216K), 3 survivors (3072K)
 Metaspace       used 35230K, capacity 35858K, committed 35920K, reserved 1081344K
  class space    used 4689K, capacity 4863K, committed 4864K, reserved 1048576K
}
Event: 14.994 GC heap after
{Heap after GC invocations=8 (full 0):
 garbage-first heap   total 78848K, used 28610K [0x0000000080000000, 0x0000000100000000)
  region size 1024K, 3 young (3072K), 3 survivors (3072K)
 Metaspace       used 35230K, capacity 35858K, committed 35920K, reserved 1081344K
  class space    used 4689K, capacity 4863K, committed 4864K, reserved 1048576K
}
Event: 16.551 GC heap before
{Heap before GC invocations=9 (full 0):
 garbage-first heap   total 78848K, used 59330K [0x0000000080000000, 0x0000000100000000)
  region size 1024K, 33 young (33792K), 3 survivors (3072K)
 Metaspace       used 38285K, capacity 38896K, committed 39088K, reserved 1083392K
  class space    used 5099K, capacity 5288K, committed 5376K, reserved 1048576K
}
Event: 16.555 GC heap after
{Heap after GC invocations=10 (full 0):
 garbage-first heap   total 78848K, used 31037K [0x0000000080000000, 0x0000000100000000)
  region size 1024K, 5 young (5120K), 5 survivors (5120K)
 Metaspace       used 38285K, capacity 38896K, committed 39088K, reserved 1083392K
  class space    used 5099K, capacity 5288K, committed 5376K, reserved 1048576K
}

Deoptimization events (20 events):
Event: 16.543 Thread 0x00000277e562f720 DEOPT PACKING pc=0x00000277ce1b117c sp=0x000000d4214fda10
Event: 16.543 Thread 0x00000277e562f720 DEOPT UNPACKING pc=0x00000277cd62e23f sp=0x000000d4214fcf90 mode 0
Event: 16.548 Thread 0x00000277e5630a60 DEOPT PACKING pc=0x00000277ce1b117c sp=0x000000d4218fdd10
Event: 16.548 Thread 0x00000277e5630a60 DEOPT UNPACKING pc=0x00000277cd62e23f sp=0x000000d4218fd290 mode 0
Event: 16.559 Thread 0x00000277e5632c10 DEOPT PACKING pc=0x00000277ce1b117c sp=0x000000d4235fdc10
Event: 16.559 Thread 0x00000277e5632c10 DEOPT UNPACKING pc=0x00000277cd62e23f sp=0x000000d4235fd190 mode 0
Event: 16.566 Thread 0x00000277e56318d0 DEOPT PACKING pc=0x00000277ce1b117c sp=0x000000d4233fdb00
Event: 16.566 Thread 0x00000277e56318d0 DEOPT UNPACKING pc=0x00000277cd62e23f sp=0x000000d4233fd080 mode 0
Event: 20.980 Thread 0x00000277e52470f0 Uncommon trap: trap_request=0xffffffcc fr.pc=0x00000277d537bb58 relative=0x00000000000012b8
Event: 20.980 Thread 0x00000277e52470f0 Uncommon trap: reason=intrinsic_or_type_checked_inlining action=make_not_entrant pc=0x00000277d537bb58 method=java.util.ArrayList.toArray([Ljava/lang/Object;)[Ljava/lang/Object; @ 36 c2
Event: 20.980 Thread 0x00000277e52470f0 DEOPT PACKING pc=0x00000277d537bb58 sp=0x000000d4210f9f60
Event: 20.980 Thread 0x00000277e52470f0 DEOPT UNPACKING pc=0x00000277cd62e42f sp=0x000000d4210f9ea8 mode 2
Event: 20.984 Thread 0x00000277e52470f0 DEOPT PACKING pc=0x00000277ce1b117c sp=0x000000d4210f9bb0
Event: 20.984 Thread 0x00000277e52470f0 DEOPT UNPACKING pc=0x00000277cd62e23f sp=0x000000d4210f9130 mode 0
Event: 21.019 Thread 0x00000277e5247a90 DEOPT PACKING pc=0x00000277ce365140 sp=0x000000d4215fe4d0
Event: 21.019 Thread 0x00000277e5247a90 DEOPT UNPACKING pc=0x00000277cd62e23f sp=0x000000d4215fd958 mode 0
Event: 24.859 Thread 0x00000277e52470f0 DEOPT PACKING pc=0x00000277cdc0cdf4 sp=0x000000d4210f98a0
Event: 24.859 Thread 0x00000277e52470f0 DEOPT UNPACKING pc=0x00000277cd62e23f sp=0x000000d4210f8dd0 mode 0
Event: 24.861 Thread 0x00000277e52470f0 DEOPT PACKING pc=0x00000277ce31b659 sp=0x000000d4210f9810
Event: 24.861 Thread 0x00000277e52470f0 DEOPT UNPACKING pc=0x00000277cd62e23f sp=0x000000d4210f8d08 mode 0

Classes unloaded (0 events):
No events

Classes redefined (0 events):
No events

Internal exceptions (20 events):
Event: 14.983 Thread 0x00000277e52470f0 Exception <a 'java/lang/NoSuchMethodError'{0x0000000089364430}: 'java.lang.Object java.lang.invoke.DirectMethodHandle$Holder.newInvokeSpecial(java.lang.Object, int, java.lang.Object)'> (0x0000000089364430) 
thrown [./open/src/hotspot/share/interpreter/linkResolver.cpp, line 782]
Event: 15.178 Thread 0x00000277e52470f0 Exception <a 'java/lang/NoSuchMethodError'{0x0000000088e09db0}: 'java.lang.Object java.lang.invoke.DelegatingMethodHandle$Holder.reinvoke_L(java.lang.Object, java.lang.Object, java.lang.Object, java.lang.Object, java.lang.Object, java.lang.Object, java.lang.Object, java.lang.Object, java.lang.Object, java.lang.Object, java.lang.Object, java.lang.Object, java.lang.Object, java.lang.Object, java.lang.Object, java.lang.Object, java.lang.Object, java.lang.Object, java.lang.Object, java.lang.Object, java.lang.O
Event: 15.180 Thread 0x00000277e52470f0 Exception <a 'java/lang/NoSuchMethodError'{0x0000000088e15af0}: 'java.lang.Object java.lang.invoke.DirectMethodHandle$Holder.invokeSpecial(java.lang.Object, java.lang.Object, java.lang.Object, java.lang.Object, java.lang.Object, java.lang.Object, java.lang.Object, java.lang.Object, java.lang.Object, java.lang.Object, java.lang.Object, java.lang.Object, java.lang.Object, java.lang.Object, java.lang.Object, java.lang.Object, java.lang.Object, java.lang.Object, java.lang.Object, java.lang.Object, java.lang.Ob
Event: 15.180 Thread 0x00000277e52470f0 Exception <a 'java/lang/NoSuchMethodError'{0x0000000088e1bbb8}: 'java.lang.Object java.lang.invoke.Invokers$Holder.invoker(java.lang.Object, java.lang.Object, java.lang.Object, java.lang.Object, java.lang.Object, java.lang.Object, java.lang.Object, java.lang.Object, java.lang.Object, java.lang.Object, java.lang.Object, java.lang.Object, java.lang.Object, java.lang.Object, java.lang.Object, java.lang.Object, java.lang.Object, java.lang.Object, java.lang.Object, java.lang.Object, java.lang.Object)'> (0x00000
Event: 15.181 Thread 0x00000277e52470f0 Exception <a 'java/lang/NoSuchMethodError'{0x0000000088e22d18}: 'java.lang.Object java.lang.invoke.DelegatingMethodHandle$Holder.delegate(java.lang.Object, java.lang.Object, java.lang.Object, java.lang.Object, java.lang.Object, java.lang.Object, java.lang.Object, java.lang.Object, java.lang.Object, java.lang.Object, java.lang.Object, java.lang.Object, java.lang.Object, java.lang.Object, java.lang.Object, java.lang.Object, java.lang.Object, java.lang.Object, java.lang.Object, java.lang.Object, java.lang.Obj
Event: 15.207 Thread 0x00000277e52470f0 Exception <a 'java/lang/NoSuchMethodError'{0x0000000088ea5910}: 'java.lang.Object java.lang.invoke.DirectMethodHandle$Holder.invokeStatic(java.lang.Object, java.lang.Object, java.lang.Object, java.lang.Object, java.lang.Object, java.lang.Object, java.lang.Object, java.lang.Object, java.lang.Object, java.lang.Object, java.lang.Object, java.lang.Object, java.lang.Object, java.lang.Object, java.lang.Object, java.lang.Object, java.lang.Object)'> (0x0000000088ea5910) 
thrown [./open/src/hotspot/share/interprete
Event: 15.212 Thread 0x00000277e52470f0 Exception <a 'java/lang/NoSuchMethodError'{0x0000000088ecdb98}: 'java.lang.Object java.lang.invoke.DirectMethodHandle$Holder.invokeStatic(java.lang.Object, java.lang.Object, java.lang.Object, java.lang.Object, java.lang.Object, java.lang.Object, java.lang.Object, java.lang.Object, java.lang.Object, java.lang.Object, java.lang.Object, java.lang.Object, java.lang.Object, java.lang.Object, java.lang.Object, java.lang.Object, java.lang.Object, java.lang.Object)'> (0x0000000088ecdb98) 
thrown [./open/src/hotspo
Event: 15.216 Thread 0x00000277e52470f0 Exception <a 'java/lang/NoSuchMethodError'{0x0000000088ef6990}: 'java.lang.Object java.lang.invoke.DirectMethodHandle$Holder.invokeStatic(java.lang.Object, java.lang.Object, java.lang.Object, java.lang.Object, java.lang.Object, java.lang.Object, java.lang.Object, java.lang.Object, java.lang.Object, java.lang.Object, java.lang.Object, java.lang.Object, java.lang.Object, java.lang.Object, java.lang.Object, java.lang.Object, java.lang.Object, java.lang.Object, java.lang.Object)'> (0x0000000088ef6990) 
thrown 
Event: 15.220 Thread 0x00000277e52470f0 Exception <a 'java/lang/NoSuchMethodError'{0x0000000088d20e60}: 'java.lang.Object java.lang.invoke.DirectMethodHandle$Holder.invokeStatic(java.lang.Object, java.lang.Object, java.lang.Object, java.lang.Object, java.lang.Object, java.lang.Object, java.lang.Object, java.lang.Object, java.lang.Object, java.lang.Object, java.lang.Object, java.lang.Object, java.lang.Object, java.lang.Object, java.lang.Object, java.lang.Object, java.lang.Object, java.lang.Object, java.lang.Object, java.lang.Object)'> (0x00000000
Event: 15.224 Thread 0x00000277e52470f0 Exception <a 'java/lang/NoSuchMethodError'{0x0000000088d4b7f8}: 'java.lang.Object java.lang.invoke.DirectMethodHandle$Holder.invokeStatic(java.lang.Object, java.lang.Object, java.lang.Object, java.lang.Object, java.lang.Object, java.lang.Object, java.lang.Object, java.lang.Object, java.lang.Object, java.lang.Object, java.lang.Object, java.lang.Object, java.lang.Object, java.lang.Object, java.lang.Object, java.lang.Object, java.lang.Object, java.lang.Object, java.lang.Object, java.lang.Object, java.lang.Obj
Event: 15.230 Thread 0x00000277e52470f0 Exception <a 'java/lang/NoSuchMethodError'{0x0000000088d772a0}: 'java.lang.Object java.lang.invoke.DirectMethodHandle$Holder.invokeStatic(java.lang.Object, java.lang.Object, java.lang.Object, java.lang.Object, java.lang.Object, java.lang.Object, java.lang.Object, java.lang.Object, java.lang.Object, java.lang.Object, java.lang.Object, java.lang.Object, java.lang.Object, java.lang.Object, java.lang.Object, java.lang.Object, java.lang.Object, java.lang.Object, java.lang.Object, java.lang.Object, java.lang.Obj
Event: 15.235 Thread 0x00000277e52470f0 Exception <a 'java/lang/NoSuchMethodError'{0x0000000088da4a60}: 'java.lang.Object java.lang.invoke.DirectMethodHandle$Holder.invokeStatic(java.lang.Object, java.lang.Object, java.lang.Object, java.lang.Object, java.lang.Object, java.lang.Object, java.lang.Object, java.lang.Object, java.lang.Object, java.lang.Object, java.lang.Object, java.lang.Object, java.lang.Object, java.lang.Object, java.lang.Object, java.lang.Object, java.lang.Object, java.lang.Object, java.lang.Object, java.lang.Object, java.lang.Obj
Event: 15.239 Thread 0x00000277e52470f0 Exception <a 'java/lang/NoSuchMethodError'{0x0000000088dd38c0}: 'java.lang.Object java.lang.invoke.DirectMethodHandle$Holder.invokeStatic(java.lang.Object, java.lang.Object, java.lang.Object, java.lang.Object, java.lang.Object, java.lang.Object, java.lang.Object, java.lang.Object, java.lang.Object, java.lang.Object, java.lang.Object, java.lang.Object, java.lang.Object, java.lang.Object, java.lang.Object, java.lang.Object, java.lang.Object, java.lang.Object, java.lang.Object, java.lang.Object, java.lang.Obj
Event: 15.300 Thread 0x00000277e52470f0 Exception <a 'java/lang/IncompatibleClassChangeError'{0x0000000083fe9308}: Found class java.lang.Object, but interface was expected> (0x0000000083fe9308) 
thrown [./open/src/hotspot/share/interpreter/linkResolver.cpp, line 848]
Event: 15.301 Thread 0x00000277e52470f0 Exception <a 'java/lang/NoSuchMethodError'{0x0000000083ff1690}: 'int java.lang.invoke.DirectMethodHandle$Holder.invokeSpecialIFC(java.lang.Object, java.lang.Object, java.lang.Object, java.lang.Object, java.lang.Object)'> (0x0000000083ff1690) 
thrown [./open/src/hotspot/share/interpreter/linkResolver.cpp, line 782]
Event: 15.430 Thread 0x00000277e52470f0 Exception <a 'java/lang/NoSuchMethodError'{0x0000000083a7dea8}: 'int java.lang.invoke.DirectMethodHandle$Holder.invokeStatic(java.lang.Object)'> (0x0000000083a7dea8) 
thrown [./open/src/hotspot/share/interpreter/linkResolver.cpp, line 782]
Event: 15.430 Thread 0x00000277e52470f0 Exception <a 'java/lang/NoSuchMethodError'{0x0000000083a82720}: 'int java.lang.invoke.DirectMethodHandle$Holder.invokeStaticInit(java.lang.Object)'> (0x0000000083a82720) 
thrown [./open/src/hotspot/share/interpreter/linkResolver.cpp, line 782]
Event: 16.500 Thread 0x00000277e52470f0 Exception <a 'java/lang/NoSuchMethodError'{0x00000000831cb500}: 'void java.lang.invoke.DirectMethodHandle$Holder.invokeStatic(java.lang.Object, java.lang.Object, java.lang.Object, int, java.lang.Object)'> (0x00000000831cb500) 
thrown [./open/src/hotspot/share/interpreter/linkResolver.cpp, line 782]
Event: 24.883 Thread 0x00000277e52470f0 Exception <a 'java/lang/ClassNotFoundException'{0x0000000083f26048}: build_7f95n15dyxbotlsdoe74u7eplBeanInfo> (0x0000000083f26048) 
thrown [./open/src/hotspot/share/classfile/systemDictionary.cpp, line 295]
Event: 24.884 Thread 0x00000277e52470f0 Exception <a 'java/lang/ClassNotFoundException'{0x0000000083f2bb20}: build_7f95n15dyxbotlsdoe74u7eplCustomizer> (0x0000000083f2bb20) 
thrown [./open/src/hotspot/share/classfile/systemDictionary.cpp, line 295]

Events (20 events):
Event: 16.711 Thread 0x00000277e56335b0 Thread added: 0x00000277e56335b0
Event: 16.723 Thread 0x00000277e5632740 Thread added: 0x00000277e5632740
Event: 16.733 Thread 0x00000277e56300c0 Thread added: 0x00000277e56300c0
Event: 16.746 Thread 0x00000277e5634420 Thread added: 0x00000277e5634420
Event: 16.760 Thread 0x00000277e5636100 Thread added: 0x00000277e5636100
Event: 16.772 Thread 0x00000277e5635760 Thread added: 0x00000277e5635760
Event: 16.784 Thread 0x00000277e56365d0 Thread added: 0x00000277e56365d0
Event: 16.795 Thread 0x00000277e5635c30 Thread added: 0x00000277e5635c30
Event: 16.860 Thread 0x00000277e5a17a70 Thread exited: 0x00000277e5a17a70
Event: 16.861 Thread 0x00000277e6be4840 Thread exited: 0x00000277e6be4840
Event: 17.565 Executing VM operation: HandshakeAllThreads
Event: 17.566 Executing VM operation: HandshakeAllThreads done
Event: 20.481 loading class java/util/concurrent/LinkedBlockingDeque$Itr
Event: 20.481 loading class java/util/concurrent/LinkedBlockingDeque$AbstractItr
Event: 20.481 loading class java/util/concurrent/LinkedBlockingDeque$AbstractItr done
Event: 20.481 loading class java/util/concurrent/LinkedBlockingDeque$Itr done
Event: 20.986 Loaded shared library C:\Program Files\Java\jdk-15.0.2\bin\java.dll
Event: 21.594 Executing VM operation: HandshakeAllThreads
Event: 21.594 Executing VM operation: HandshakeAllThreads done
Event: 24.999 Loaded shared library C:\Program Files\Java\jdk-15.0.2\bin\nio.dll


Dynamic libraries:
0x00007ff70f690000 - 0x00007ff70f69f000 	C:\Program Files\Java\jdk-15.0.2\bin\java.exe
0x00007ffa5ee20000 - 0x00007ffa5f029000 	C:\WINDOWS\SYSTEM32\ntdll.dll
0x00007ffa5d840000 - 0x00007ffa5d8fd000 	C:\WINDOWS\System32\KERNEL32.DLL
0x00007ffa5c940000 - 0x00007ffa5ccb4000 	C:\WINDOWS\System32\KERNELBASE.dll
0x00007ffa5c3c0000 - 0x00007ffa5c4d1000 	C:\WINDOWS\System32\ucrtbase.dll
0x00007ffa511c0000 - 0x00007ffa511d9000 	C:\Program Files\Java\jdk-15.0.2\bin\VCRUNTIME140.dll
0x00007ffa4d620000 - 0x00007ffa4d638000 	C:\Program Files\Java\jdk-15.0.2\bin\jli.dll
0x00007ffa5db80000 - 0x00007ffa5dc2e000 	C:\WINDOWS\System32\ADVAPI32.dll
0x00007ffa5dc50000 - 0x00007ffa5dcf3000 	C:\WINDOWS\System32\msvcrt.dll
0x00007ffa5df50000 - 0x00007ffa5dfee000 	C:\WINDOWS\System32\sechost.dll
0x00007ffa5e3f0000 - 0x00007ffa5e510000 	C:\WINDOWS\System32\RPCRT4.dll
0x00007ffa5d9d0000 - 0x00007ffa5db7c000 	C:\WINDOWS\System32\USER32.dll
0x00007ffa3f4c0000 - 0x00007ffa3f765000 	C:\WINDOWS\WinSxS\amd64_microsoft.windows.common-controls_6595b64144ccf1df_6.0.22000.120_none_9d947278b86cc467\COMCTL32.dll
0x00007ffa5c390000 - 0x00007ffa5c3b6000 	C:\WINDOWS\System32\win32u.dll
0x00007ffa5cd30000 - 0x00007ffa5cd59000 	C:\WINDOWS\System32\GDI32.dll
0x00007ffa5c550000 - 0x00007ffa5c662000 	C:\WINDOWS\System32\gdi32full.dll
0x00007ffa5c7e0000 - 0x00007ffa5c87d000 	C:\WINDOWS\System32\msvcp_win.dll
0x00007ffa573f0000 - 0x00007ffa573fa000 	C:\WINDOWS\SYSTEM32\VERSION.dll
0x00007ffa5e1e0000 - 0x00007ffa5e211000 	C:\WINDOWS\System32\IMM32.DLL
0x00007ffa58a30000 - 0x00007ffa58a3c000 	C:\Program Files\Java\jdk-15.0.2\bin\vcruntime140_1.dll
0x00007ffa02b50000 - 0x00007ffa02be1000 	C:\Program Files\Java\jdk-15.0.2\bin\msvcp140.dll
0x00007ff9d8c60000 - 0x00007ff9d97be000 	C:\Program Files\Java\jdk-15.0.2\bin\server\jvm.dll
0x00007ffa5dc30000 - 0x00007ffa5dc38000 	C:\WINDOWS\System32\PSAPI.DLL
0x00007ffa51df0000 - 0x00007ffa51df9000 	C:\WINDOWS\SYSTEM32\WSOCK32.dll
0x00007ffa52220000 - 0x00007ffa52253000 	C:\WINDOWS\SYSTEM32\WINMM.dll
0x00007ffa5e170000 - 0x00007ffa5e1df000 	C:\WINDOWS\System32\WS2_32.dll
0x00007ffa5b500000 - 0x00007ffa5b518000 	C:\WINDOWS\SYSTEM32\kernel.appcore.dll
0x00007ffa522f0000 - 0x00007ffa522fa000 	C:\Program Files\Java\jdk-15.0.2\bin\jimage.dll
0x00007ffa4b320000 - 0x00007ffa4b541000 	C:\WINDOWS\SYSTEM32\DBGHELP.DLL
0x00007ffa49000000 - 0x00007ffa49031000 	C:\WINDOWS\SYSTEM32\dbgcore.DLL
0x00007ffa5c310000 - 0x00007ffa5c38f000 	C:\WINDOWS\System32\bcryptPrimitives.dll
0x00007ffa4c1e0000 - 0x00007ffa4c205000 	C:\Program Files\Java\jdk-15.0.2\bin\java.dll
0x00007ffa5e610000 - 0x00007ffa5edbe000 	C:\WINDOWS\System32\SHELL32.dll
0x00007ffa5a490000 - 0x00007ffa5acf7000 	C:\WINDOWS\SYSTEM32\windows.storage.dll
0x00007ffa5d300000 - 0x00007ffa5d678000 	C:\WINDOWS\System32\combase.dll
0x00007ffa5a320000 - 0x00007ffa5a486000 	C:\WINDOWS\SYSTEM32\wintypes.dll
0x00007ffa5e220000 - 0x00007ffa5e30a000 	C:\WINDOWS\System32\SHCORE.dll
0x00007ffa5d970000 - 0x00007ffa5d9cd000 	C:\WINDOWS\System32\shlwapi.dll
0x00007ffa5c240000 - 0x00007ffa5c261000 	C:\WINDOWS\SYSTEM32\profapi.dll
0x00007ffa4c570000 - 0x00007ffa4c589000 	C:\Program Files\Java\jdk-15.0.2\bin\net.dll
0x00007ffa57290000 - 0x00007ffa5739c000 	C:\WINDOWS\SYSTEM32\WINHTTP.dll
0x00007ffa5b930000 - 0x00007ffa5b997000 	C:\WINDOWS\system32\mswsock.dll
0x00007ffa36750000 - 0x00007ffa36762000 	C:\Program Files\Java\jdk-15.0.2\bin\nio.dll
0x00007ffa32080000 - 0x00007ffa32098000 	C:\Program Files\Java\jdk-15.0.2\bin\zip.dll
0x00007ffa36740000 - 0x00007ffa36750000 	C:\Program Files\Java\jdk-15.0.2\bin\verify.dll
0x00007ffa589e0000 - 0x00007ffa58a07000 	D:\aa\native\8bec1ad78214c89d9ad589b4d07fe93259594b29d510b10fafb7a158f7737e5d\windows-amd64\native-platform.dll
0x00007ffa03a90000 - 0x00007ffa03bcd000 	D:\aa\native\53dbd7edfb1c66fb8903c78663c9afc45aea4f116125fa6feffd364cf09443e8\windows-amd64\native-platform-file-events.dll
0x00007ffa35280000 - 0x00007ffa35289000 	C:\Program Files\Java\jdk-15.0.2\bin\management.dll
0x00007ffa34f30000 - 0x00007ffa34f3b000 	C:\Program Files\Java\jdk-15.0.2\bin\management_ext.dll
0x00007ffa5bb70000 - 0x00007ffa5bb88000 	C:\WINDOWS\SYSTEM32\CRYPTSP.dll
0x00007ffa5b460000 - 0x00007ffa5b495000 	C:\WINDOWS\system32\rsaenh.dll
0x00007ffa5ba20000 - 0x00007ffa5ba49000 	C:\WINDOWS\SYSTEM32\USERENV.dll
0x00007ffa5bcf0000 - 0x00007ffa5bd17000 	C:\WINDOWS\SYSTEM32\bcrypt.dll
0x00007ffa5bb90000 - 0x00007ffa5bb9c000 	C:\WINDOWS\SYSTEM32\CRYPTBASE.dll
0x00007ffa5b030000 - 0x00007ffa5b05d000 	C:\WINDOWS\SYSTEM32\IPHLPAPI.DLL
0x00007ffa5d900000 - 0x00007ffa5d909000 	C:\WINDOWS\System32\NSI.dll
0x00007ffa573d0000 - 0x00007ffa573e9000 	C:\WINDOWS\SYSTEM32\dhcpcsvc6.DLL
0x00007ffa57630000 - 0x00007ffa5764e000 	C:\WINDOWS\SYSTEM32\dhcpcsvc.DLL
0x00007ffa5b060000 - 0x00007ffa5b147000 	C:\WINDOWS\SYSTEM32\DNSAPI.dll

dbghelp: loaded successfully - version: 4.0.5 - missing functions: none
symbol engine: initialized successfully - sym options: 0x614 - pdb path: .;C:\Program Files\Java\jdk-15.0.2\bin;C:\WINDOWS\SYSTEM32;C:\WINDOWS\WinSxS\amd64_microsoft.windows.common-controls_6595b64144ccf1df_6.0.22000.120_none_9d947278b86cc467;C:\Program Files\Java\jdk-15.0.2\bin\server;D:\aa\native\8bec1ad78214c89d9ad589b4d07fe93259594b29d510b10fafb7a158f7737e5d\windows-amd64;D:\aa\native\53dbd7edfb1c66fb8903c78663c9afc45aea4f116125fa6feffd364cf09443e8\windows-amd64

VM Arguments:
jvm_args: --add-opens=java.base/java.util=ALL-UNNAMED --add-opens=java.base/java.lang=ALL-UNNAMED --add-opens=java.base/java.lang.invoke=ALL-UNNAMED --add-opens=java.base/java.util=ALL-UNNAMED --add-opens=java.prefs/java.util.prefs=ALL-UNNAMED --add-opens=java.prefs/java.util.prefs=ALL-UNNAMED --add-opens=java.base/java.nio.charset=ALL-UNNAMED --add-opens=java.base/java.net=ALL-UNNAMED --add-opens=java.base/java.util.concurrent.atomic=ALL-UNNAMED -Xmx2048m -Dfile.encoding=UTF-8 -Duser.country=IN -Duser.language=en -Duser.variant 
java_command: org.gradle.launcher.daemon.bootstrap.GradleDaemon 7.0.2
java_class_path (initial): D:\aa\wrapper\dists\gradle-7.0.2-bin\857tjihv64xamwrf0h14cai3r\gradle-7.0.2\lib\gradle-launcher-7.0.2.jar
Launcher Type: SUN_STANDARD

[Global flags]
     intx CICompilerCount                          = 4                                         {product} {ergonomic}
     uint ConcGCThreads                            = 3                                         {product} {ergonomic}
     uint G1ConcRefinementThreads                  = 10                                        {product} {ergonomic}
   size_t G1HeapRegionSize                         = 1048576                                   {product} {ergonomic}
    uintx GCDrainStackTargetSize                   = 64                                        {product} {ergonomic}
   size_t InitialHeapSize                          = 266338304                                 {product} {ergonomic}
   size_t MarkStackSize                            = 4194304                                   {product} {ergonomic}
   size_t MaxHeapSize                              = 2147483648                                {product} {command line}
   size_t MaxNewSize                               = 1287651328                                {product} {ergonomic}
   size_t MinHeapDeltaBytes                        = 1048576                                   {product} {ergonomic}
   size_t MinHeapSize                              = 8388608                                   {product} {ergonomic}
    uintx NonNMethodCodeHeapSize                   = 5839372                                {pd product} {ergonomic}
    uintx NonProfiledCodeHeapSize                  = 122909434                              {pd product} {ergonomic}
    uintx ProfiledCodeHeapSize                     = 122909434                              {pd product} {ergonomic}
    uintx ReservedCodeCacheSize                    = 251658240                              {pd product} {ergonomic}
     bool SegmentedCodeCache                       = true                                      {product} {ergonomic}
   size_t SoftMaxHeapSize                          = 2147483648                             {manageable} {ergonomic}
     bool UseCompressedClassPointers               = true                                 {lp64_product} {ergonomic}
     bool UseCompressedOops                        = true                                 {lp64_product} {ergonomic}
     bool UseG1GC                                  = true                                      {product} {ergonomic}
     bool UseLargePagesIndividualAllocation        = false                                  {pd product} {ergonomic}

Logging:
Log output configuration:
 #0: stdout all=warning uptime,level,tags
 #1: stderr all=off uptime,level,tags

Environment Variables:
JAVA_HOME=C:\Program Files\Java\jdk-15.0.2
PATH=C:\MinGW;C:\MinGW\bin;C:\Program Files\Java\jdk-15.0.2\bin;C:\Program Files\Common Files\Oracle\Java\javapath;C:\Windows\system32;C:\Windows;C:\Windows\System32\Wbem;C:\Windows\System32\WindowsPowerShell\v1.0\;C:\Windows\System32\OpenSSH\;C:\Program Files (x86)\NVIDIA Corporation\PhysX\Common;C:\Program Files\NVIDIA Corporation\NVIDIA NvDLISR;C:\WINDOWS\system32;C:\WINDOWS;C:\WINDOWS\System32\Wbem;C:\WINDOWS\System32\WindowsPowerShell\v1.0\;C:\WINDOWS\System32\OpenSSH\;C:\Program Files\Git\cmd;C:\Program Files\dotnet\;C:\Users\Deepak\Desktop\gradle1\gradle-7.0.1\bin;C:\Users\Deepak\Desktop\gradle1\gradle-7.0.1;C:\Program Files\nodejs;C:\Program Files\Google\Google Apps Sync\;C:\Program Files\Google\Google Apps Migration\;C:\Program Files\Microsoft SQL Server\150\Tools\Binn\;C:\Program Files\Microsoft SQL Server\Client SDK\ODBC\170\Tools\Binn\;C:\Program Files\MySQL\MySQL Router 8.0\bin;C:\Program Files (x86)\Microsoft SQL Server\150\Tools\Binn\;C:\Program Files\Microsoft SQL Server\150\DTS\Binn\;C:\Program Files (x86)\Microsoft SQL Server\150\DTS\Binn\;C:\Program Files\Azure Data Studio\bin;C:\Users\Deepak\anaconda3;C:\Users\Deepak\anaconda3\Library\mingw-w64\bin;C:\Users\Deepak\anaconda3\Library\usr\bin;C:\Users\Deepak\anaconda3\Library\bin;C:\Users\Deepak\anaconda3\Scripts;C:\Program Files\MySQL\MySQL Shell 8.0\bin\;C:\src\flutter\flutter\bin;C:\Users\Deepak\AppData\Local\Programs\Python\Python39\Scripts\;C:\Users\Deepak\AppData\Local\Programs\Python\Python39\;C:\Program Files\Java\jdk-15.0.2\bin;C:\Program Files\JetBrains\IntelliJ IDEA 2020.3.2\bin;;C:\Users\Deepak\AppData\Local\Microsoft\WindowsApps;C:\Users\Deepak\AppData\Local\Programs\Microsoft VS Code\bin;C:\Users\Deepak\AppData\Local\Programs\radare2\bin;C:\Modeltech_eval_6.2c\win32;C:\Modeltech_6.2c\win32;C:\Program Files\JetBrains\IntelliJ IDEA Community Edition 2021.1.2\bin;;C:\Program Files\JetBrains\PyCharm Community Edition 2021.1.2\bin;;C:\Users\Deepak\AppData\Roaming\npm;C:\Users\Deepak\AppData\Lo
USERNAME=Deepak
OS=Windows_NT
PROCESSOR_IDENTIFIER=Intel64 Family 6 Model 158 Stepping 10, GenuineIntel



---------------  S Y S T E M  ---------------

OS:
 Windows 10 , 64 bit Build 22000 (10.0.22000.434)
OS uptime: 0 days 14:41 hours

CPU: total 12 (initial active 12) (6 cores per cpu, 2 threads per core) family 6 model 158 stepping 10 microcode 0xde, cmov, cx8, fxsr, mmx, sse, sse2, sse3, ssse3, sse4.1, sse4.2, popcnt, vzeroupper, avx, avx2, aes, clmul, erms, 3dnowpref, lzcnt, ht, tsc, tscinvbit, bmi1, bmi2, adx, fma, clflush, clflushopt

Memory: 4k page, system-wide physical 16225M (2277M free)
TotalPageFile size 16225M (AvailPageFile size 1M)
current process WorkingSet (physical memory assigned to process): 210M, peak: 254M
current process commit charge ("private bytes"): 269M, peak: 448M

vm_info: Java HotSpot(TM) 64-Bit Server VM (15.0.2+7-27) for windows-amd64 JRE (15.0.2+7-27), built on Dec  7 2020 20:07:01 by "mach5one" with unknown MS VC++:1925

END.
