#
# There is insufficient memory for the Java Runtime Environment to continue.
# Native memory allocation (mmap) failed to map 53477376 bytes for Failed to commit area from 0x000000008fe00000 to 0x0000000093100000 of length 53477376.
# Possible reasons:
#   The system is out of physical RAM or swap space
#   The process is running with CompressedOops enabled, and the Java Heap may be blocking the growth of the native heap
# Possible solutions:
#   Reduce memory load on the system
#   Increase physical memory or swap space
#   Check if swap backing store is full
#   Decrease Java heap size (-Xmx/-Xms)
#   Decrease number of Java threads
#   Decrease Java thread stack sizes (-Xss)
#   Set larger code cache with -XX:ReservedCodeCacheSize=
#   JVM is running with Unscaled Compressed Oops mode in which the Java heap is
#     placed in the first 4GB address space. The Java Heap base address is the
#     maximum limit for the native heap growth. Please use -XX:HeapBaseMinAddress
#     to set the Java Heap base and to place the Java Heap above 4GB virtual address.
# This output file may be truncated or incomplete.
#
#  Out of Memory Error (./src/hotspot/os/windows/os_windows.cpp:3301), pid=10244, tid=13528
#
# JRE version: OpenJDK Runtime Environment (11.0.10) (build 11.0.10+0-b96-7249189)
# Java VM: OpenJDK 64-Bit Server VM (11.0.10+0-b96-7249189, mixed mode, tiered, compressed oops, g1 gc, windows-amd64)
# No core dump will be written. Minidumps are not enabled by default on client versions of Windows
#

---------------  S U M M A R Y ------------

Command Line: --add-opens=java.base/java.util=ALL-UNNAMED --add-opens=java.base/java.lang=ALL-UNNAMED --add-opens=java.base/java.lang.invoke=ALL-UNNAMED --add-opens=java.base/java.util=ALL-UNNAMED --add-opens=java.prefs/java.util.prefs=ALL-UNNAMED --add-opens=java.prefs/java.util.prefs=ALL-UNNAMED --add-opens=java.base/java.nio.charset=ALL-UNNAMED --add-opens=java.base/java.net=ALL-UNNAMED --add-opens=java.base/java.util.concurrent.atomic=ALL-UNNAMED -Xmx2048m -Dfile.encoding=UTF-8 -Duser.country=IN -Duser.language=en -Duser.variant org.gradle.launcher.daemon.bootstrap.GradleDaemon 7.0.2

Host: Intel(R) Core(TM) i7-9750H CPU @ 2.60GHz, 12 cores, 15G,  Windows 10 , 64 bit Build 22000 (10.0.22000.434)
Time: Wed Jan 26 17:33:03 2022 India Standard Time elapsed time: 10.992936 seconds (0d 0h 0m 10s)

---------------  T H R E A D  ---------------

Current thread (0x00000249089ea800):  VMThread "VM Thread" [stack: 0x000000fe78800000,0x000000fe78900000] [id=13528]

Stack: [0x000000fe78800000,0x000000fe78900000]
[error occurred during error reporting (printing stack bounds), id 0xc0000005, EXCEPTION_ACCESS_VIOLATION (0xc0000005) at pc=0x0000024970bc0f2d]

Native frames: (J=compiled Java code, j=interpreted, Vv=VM code, C=native code)
V  [jvm.dll+0x5ecfaa]
V  [jvm.dll+0x722bd5]
V  [jvm.dll+0x72412d]
V  [jvm.dll+0x724745]
V  [jvm.dll+0x7246fb]
V  [jvm.dll+0x5ec348]
V  [jvm.dll+0x5ecad8]
C  [ntdll.dll+0xa82ff]
C  [ntdll.dll+0x35a0a]
C  [ntdll.dll+0xa730e]
C  0x0000024970bc0f2d

VM_Operation (0x000000fe7effbbd0): G1CollectForAllocation, mode: safepoint, requested by thread 0x00000249095ef000


---------------  P R O C E S S  ---------------

Threads class SMR info:
_java_thread_list=0x0000024910caaeb0, length=92, elements={
0x000002496b8f0800, 0x00000249089ee800, 0x00000249089fa000, 0x0000024908a4c800,
0x0000024908a4d800, 0x0000024908a50800, 0x0000024908a52000, 0x0000024908a53000,
0x0000024908a5b000, 0x0000024908bcb000, 0x0000024908bcc800, 0x0000024908bc7000,
0x0000024908bc7800, 0x0000024908bcd800, 0x0000024908bc8800, 0x0000024908bc9800,
0x0000024908bca000, 0x0000024908bcc000, 0x0000024909a20000, 0x0000024909a24000,
0x0000024909a26000, 0x0000024909a25000, 0x0000024909a23800, 0x0000024909a21800,
0x0000024909a22800, 0x0000024909a26800, 0x0000024909a21000, 0x0000024909a2a000,
0x0000024909a29000, 0x0000024909a28800, 0x0000024909a2a800, 0x0000024909a2b800,
0x0000024909a27800, 0x0000024909a2e000, 0x0000024909a2f000, 0x000002490c885000,
0x000002490c884000, 0x000002490c881800, 0x000002490c886000, 0x000002490c882800,
0x000002490c883800, 0x000002490c886800, 0x000002490c881000, 0x000002490c887800,
0x000002490ca00800, 0x000002490c9ff800, 0x000002490ca01000, 0x000002490ca02000,
0x000002490ca03800, 0x000002490ca04800, 0x000002490ca03000, 0x000002490c9ff000,
0x000002490ca05800, 0x000002490c5fa000, 0x000002490c5f7000, 0x000002490c5f4800,
0x000002490c5fb000, 0x000002490c5f5800, 0x000002490c5f9800, 0x000002490c5fc000,
0x000002490c5f6000, 0x000002490c5fd800, 0x000002490c5fe800, 0x000002490c600000,
0x000002490c5ff000, 0x000002490c600800, 0x000002490c5fc800, 0x000002490c601800,
0x000002490c602800, 0x000002490c603000, 0x00000249108fd800, 0x0000024910901800,
0x0000024910900000, 0x0000024910902800, 0x00000249108fc800, 0x0000024910901000,
0x0000024910904000, 0x0000024910903800, 0x00000249108fe800, 0x0000024910905000,
0x00000249108ff000, 0x000002491090a000, 0x0000024910908000, 0x000002491090b800,
0x0000024910905800, 0x0000024910909000, 0x0000024910906800, 0x00000249095ee800,
0x00000249095e9800, 0x00000249095ed800, 0x00000249095ec800, 0x00000249095ef000
}

Java Threads: ( => current thread )
  0x000002496b8f0800 JavaThread "main" [_thread_blocked, id=2304, stack(0x000000fe78200000,0x000000fe78300000)]
  0x00000249089ee800 JavaThread "Reference Handler" daemon [_thread_blocked, id=1052, stack(0x000000fe78900000,0x000000fe78a00000)]
  0x00000249089fa000 JavaThread "Finalizer" daemon [_thread_blocked, id=12048, stack(0x000000fe78a00000,0x000000fe78b00000)]
  0x0000024908a4c800 JavaThread "Signal Dispatcher" daemon [_thread_blocked, id=9116, stack(0x000000fe78b00000,0x000000fe78c00000)]
  0x0000024908a4d800 JavaThread "Attach Listener" daemon [_thread_blocked, id=7096, stack(0x000000fe78c00000,0x000000fe78d00000)]
  0x0000024908a50800 JavaThread "Service Thread" daemon [_thread_blocked, id=9604, stack(0x000000fe78d00000,0x000000fe78e00000)]
  0x0000024908a52000 JavaThread "C2 CompilerThread0" daemon [_thread_in_native, id=3272, stack(0x000000fe78e00000,0x000000fe78f00000)]
  0x0000024908a53000 JavaThread "C1 CompilerThread0" daemon [_thread_blocked, id=18300, stack(0x000000fe78f00000,0x000000fe79000000)]
  0x0000024908a5b000 JavaThread "Sweeper thread" daemon [_thread_blocked, id=10712, stack(0x000000fe79000000,0x000000fe79100000)]
  0x0000024908bcb000 JavaThread "Common-Cleaner" daemon [_thread_blocked, id=7620, stack(0x000000fe79100000,0x000000fe79200000)]
  0x0000024908bcc800 JavaThread "Daemon health stats" [_thread_blocked, id=10668, stack(0x000000fe79a00000,0x000000fe79b00000)]
  0x0000024908bc7000 JavaThread "Incoming local TCP Connector on port 62905" [_thread_in_native, id=13948, stack(0x000000fe79300000,0x000000fe79400000)]
  0x0000024908bc7800 JavaThread "Daemon periodic checks" [_thread_blocked, id=6488, stack(0x000000fe79400000,0x000000fe79500000)]
  0x0000024908bcd800 JavaThread "Daemon" [_thread_blocked, id=15672, stack(0x000000fe79b00000,0x000000fe79c00000)]
  0x0000024908bc8800 JavaThread "Handler for socket connection from /127.0.0.1:62905 to /127.0.0.1:62906" [_thread_in_native, id=9436, stack(0x000000fe79c00000,0x000000fe79d00000)]
  0x0000024908bc9800 JavaThread "Cancel handler" [_thread_blocked, id=6576, stack(0x000000fe79d00000,0x000000fe79e00000)]
  0x0000024908bca000 JavaThread "Daemon worker" [_thread_blocked, id=15132, stack(0x000000fe79e00000,0x000000fe79f00000)]
  0x0000024908bcc000 JavaThread "Asynchronous log dispatcher for DefaultDaemonConnection: socket connection from /127.0.0.1:62905 to /127.0.0.1:62906" [_thread_blocked, id=18392, stack(0x000000fe7a000000,0x000000fe7a100000)]
  0x0000024909a20000 JavaThread "Stdin handler" [_thread_blocked, id=6588, stack(0x000000fe7a100000,0x000000fe7a200000)]
  0x0000024909a24000 JavaThread "Daemon client event forwarder" [_thread_blocked, id=8124, stack(0x000000fe7a200000,0x000000fe7a300000)]
  0x0000024909a26000 JavaThread "Cache worker for file hash cache (D:\aa\caches\7.0.2\fileHashes)" [_thread_blocked, id=1348, stack(0x000000fe7a300000,0x000000fe7a400000)]
  0x0000024909a25000 JavaThread "File lock request listener" [_thread_in_native, id=7652, stack(0x000000fe7a400000,0x000000fe7a500000)]
  0x0000024909a23800 JavaThread "Cache worker for journal cache (D:\aa\caches\journal-1)" [_thread_blocked, id=5384, stack(0x000000fe7ab00000,0x000000fe7ac00000)]
  0x0000024909a21800 JavaThread "Cache worker for file hash cache (D:\app_dev\QuizApp\.gradle\7.0.2\fileHashes)" [_thread_blocked, id=18156, stack(0x000000fe7ac00000,0x000000fe7ad00000)]
  0x0000024909a22800 JavaThread "File watcher server" daemon [_thread_blocked, id=8452, stack(0x000000fe7ad00000,0x000000fe7ae00000)]
  0x0000024909a26800 JavaThread "File watcher consumer" daemon [_thread_blocked, id=18668, stack(0x000000fe7ae00000,0x000000fe7af00000)]
  0x0000024909a21000 JavaThread "Cache worker for checksums cache (D:\app_dev\QuizApp\.gradle\checksums)" [_thread_blocked, id=14208, stack(0x000000fe7af00000,0x000000fe7b000000)]
  0x0000024909a2a000 JavaThread "Cache worker for cache directory md-supplier (D:\aa\caches\7.0.2\md-supplier)" [_thread_blocked, id=16268, stack(0x000000fe7b000000,0x000000fe7b100000)]
  0x0000024909a29000 JavaThread "Cache worker for cache directory md-rule (D:\aa\caches\7.0.2\md-rule)" [_thread_blocked, id=10548, stack(0x000000fe7b100000,0x000000fe7b200000)]
  0x0000024909a28800 JavaThread "Cache worker for execution history cache (D:\aa\caches\7.0.2\executionHistory)" [_thread_blocked, id=18348, stack(0x000000fe7b300000,0x000000fe7b400000)]
  0x0000024909a2a800 JavaThread "jar transforms" [_thread_blocked, id=2528, stack(0x000000fe7b400000,0x000000fe7b500000)]
  0x0000024909a2b800 JavaThread "jar transforms Thread 2" [_thread_blocked, id=1808, stack(0x000000fe7b500000,0x000000fe7b600000)]
  0x0000024909a27800 JavaThread "Cache worker for file content cache (D:\aa\caches\7.0.2\fileContent)" [_thread_blocked, id=12356, stack(0x000000fe7b600000,0x000000fe7b700000)]
  0x0000024909a2e000 JavaThread "Cache worker for dependencies-accessors (D:\app_dev\QuizApp\.gradle\7.0.2\dependencies-accessors)" [_thread_blocked, id=19220, stack(0x000000fe7b700000,0x000000fe7b800000)]
  0x0000024909a2f000 JavaThread "jar transforms Thread 3" [_thread_blocked, id=8388, stack(0x000000fe7b800000,0x000000fe7b900000)]
  0x000002490c885000 JavaThread "Cache worker for Build Output Cleanup Cache (D:\app_dev\QuizApp\.gradle\buildOutputCleanup)" [_thread_blocked, id=5852, stack(0x000000fe7b900000,0x000000fe7ba00000)]
  0x000002490c884000 JavaThread "Build operations" [_thread_blocked, id=5292, stack(0x000000fe7ba00000,0x000000fe7bb00000)]
  0x000002490c881800 JavaThread "Build operations Thread 2" [_thread_blocked, id=8472, stack(0x000000fe7bb00000,0x000000fe7bc00000)]
  0x000002490c886000 JavaThread "Build operations Thread 3" [_thread_blocked, id=16848, stack(0x000000fe7bc00000,0x000000fe7bd00000)]
  0x000002490c882800 JavaThread "Build operations Thread 4" [_thread_blocked, id=18428, stack(0x000000fe7bd00000,0x000000fe7be00000)]
  0x000002490c883800 JavaThread "Build operations Thread 5" [_thread_blocked, id=3020, stack(0x000000fe7be00000,0x000000fe7bf00000)]
  0x000002490c886800 JavaThread "Build operations Thread 6" [_thread_blocked, id=10188, stack(0x000000fe7bf00000,0x000000fe7c000000)]
  0x000002490c881000 JavaThread "Build operations Thread 7" [_thread_blocked, id=10748, stack(0x000000fe7c000000,0x000000fe7c100000)]
  0x000002490c887800 JavaThread "Build operations Thread 8" [_thread_blocked, id=10620, stack(0x000000fe7c100000,0x000000fe7c200000)]
  0x000002490ca00800 JavaThread "Build operations Thread 9" [_thread_blocked, id=12280, stack(0x000000fe7c200000,0x000000fe7c300000)]
  0x000002490c9ff800 JavaThread "Build operations Thread 10" [_thread_blocked, id=12388, stack(0x000000fe7c300000,0x000000fe7c400000)]
  0x000002490ca01000 JavaThread "Build operations Thread 11" [_thread_blocked, id=11540, stack(0x000000fe7c400000,0x000000fe7c500000)]
  0x000002490ca02000 JavaThread "Build operations Thread 12" [_thread_blocked, id=12212, stack(0x000000fe7c500000,0x000000fe7c600000)]
  0x000002490ca03800 JavaThread "jar transforms Thread 4" [_thread_blocked, id=6312, stack(0x000000fe7c600000,0x000000fe7c700000)]
  0x000002490ca04800 JavaThread "jar transforms Thread 5" [_thread_blocked, id=18564, stack(0x000000fe7c700000,0x000000fe7c800000)]
  0x000002490ca03000 JavaThread "jar transforms Thread 6" [_thread_blocked, id=14840, stack(0x000000fe7c800000,0x000000fe7c900000)]
  0x000002490c9ff000 JavaThread "jar transforms Thread 7" [_thread_blocked, id=9376, stack(0x000000fe7c900000,0x000000fe7ca00000)]
  0x000002490ca05800 JavaThread "jar transforms Thread 8" [_thread_blocked, id=6648, stack(0x000000fe7ca00000,0x000000fe7cb00000)]
  0x000002490c5fa000 JavaThread "jar transforms Thread 9" [_thread_blocked, id=7184, stack(0x000000fe7cb00000,0x000000fe7cc00000)]
  0x000002490c5f7000 JavaThread "jar transforms Thread 10" [_thread_blocked, id=6704, stack(0x000000fe7cc00000,0x000000fe7cd00000)]
  0x000002490c5f4800 JavaThread "jar transforms Thread 11" [_thread_blocked, id=17056, stack(0x000000fe7cd00000,0x000000fe7ce00000)]
  0x000002490c5fb000 JavaThread "jar transforms Thread 12" [_thread_blocked, id=15868, stack(0x000000fe7ce00000,0x000000fe7cf00000)]
  0x000002490c5f5800 JavaThread "Memory manager" [_thread_blocked, id=6612, stack(0x000000fe7cf00000,0x000000fe7d000000)]
  0x000002490c5f9800 JavaThread "build event listener" [_thread_blocked, id=15216, stack(0x000000fe7d000000,0x000000fe7d100000)]
  0x000002490c5fc000 JavaThread "pool-3-thread-1" [_thread_blocked, id=9372, stack(0x000000fe7d100000,0x000000fe7d200000)]
  0x000002490c5f6000 JavaThread "build event listener" [_thread_blocked, id=1760, stack(0x000000fe7d200000,0x000000fe7d300000)]
  0x000002490c5fd800 JavaThread "Execution worker for ':'" [_thread_blocked, id=1692, stack(0x000000fe7d300000,0x000000fe7d400000)]
  0x000002490c5fe800 JavaThread "Execution worker for ':' Thread 2" [_thread_blocked, id=12408, stack(0x000000fe7d400000,0x000000fe7d500000)]
  0x000002490c600000 JavaThread "Execution worker for ':' Thread 3" [_thread_blocked, id=8228, stack(0x000000fe7d500000,0x000000fe7d600000)]
  0x000002490c5ff000 JavaThread "Execution worker for ':' Thread 4" [_thread_blocked, id=17616, stack(0x000000fe7d600000,0x000000fe7d700000)]
  0x000002490c600800 JavaThread "Execution worker for ':' Thread 5" [_thread_blocked, id=10756, stack(0x000000fe7d700000,0x000000fe7d800000)]
  0x000002490c5fc800 JavaThread "Execution worker for ':' Thread 6" [_thread_blocked, id=5588, stack(0x000000fe7d800000,0x000000fe7d900000)]
  0x000002490c601800 JavaThread "Execution worker for ':' Thread 7" [_thread_blocked, id=15528, stack(0x000000fe7d900000,0x000000fe7da00000)]
  0x000002490c602800 JavaThread "Execution worker for ':' Thread 8" [_thread_blocked, id=9804, stack(0x000000fe7da00000,0x000000fe7db00000)]
  0x000002490c603000 JavaThread "Execution worker for ':' Thread 9" [_thread_blocked, id=13900, stack(0x000000fe7db00000,0x000000fe7dc00000)]
  0x00000249108fd800 JavaThread "Execution worker for ':' Thread 10" [_thread_blocked, id=16220, stack(0x000000fe7dc00000,0x000000fe7dd00000)]
  0x0000024910901800 JavaThread "Execution worker for ':' Thread 11" [_thread_blocked, id=12096, stack(0x000000fe7dd00000,0x000000fe7de00000)]
  0x0000024910900000 JavaThread "Cache worker for execution history cache (D:\app_dev\QuizApp\.gradle\7.0.2\executionHistory)" [_thread_blocked, id=12668, stack(0x000000fe7de00000,0x000000fe7df00000)]
  0x0000024910902800 JavaThread "WorkerExecutor Queue" [_thread_blocked, id=5500, stack(0x000000fe7df00000,0x000000fe7e000000)]
  0x00000249108fc800 JavaThread "pool-4-thread-1" [_thread_blocked, id=16388, stack(0x000000fe7e000000,0x000000fe7e100000)]
  0x0000024910901000 JavaThread "stderr" [_thread_in_native, id=14112, stack(0x000000fe7e100000,0x000000fe7e200000)]
  0x0000024910904000 JavaThread "stdout" [_thread_in_native, id=18356, stack(0x000000fe7e200000,0x000000fe7e300000)]
  0x0000024910903800 JavaThread "C2 CompilerThread1" daemon [_thread_blocked, id=16076, stack(0x000000fe79f00000,0x000000fe7a000000)]
  0x00000249108fe800 JavaThread "C2 CompilerThread2" daemon [_thread_in_native, id=11436, stack(0x000000fe7b200000,0x000000fe7b300000)]
  0x0000024910905000 JavaThread "Cache worker for Java compile cache (D:\aa\caches\7.0.2\javaCompile)" [_thread_blocked, id=11372, stack(0x000000fe7e300000,0x000000fe7e400000)]
  0x00000249108ff000 JavaThread "Cache worker for Java compile cache (D:\app_dev\QuizApp\.gradle\7.0.2\javaCompile)" [_thread_blocked, id=15060, stack(0x000000fe7e400000,0x000000fe7e500000)]
  0x000002491090a000 JavaThread "WorkerExecutor Queue Thread 2" [_thread_blocked, id=13632, stack(0x000000fe7e500000,0x000000fe7e600000)]
  0x0000024910908000 JavaThread "WorkerExecutor Queue Thread 3" [_thread_blocked, id=992, stack(0x000000fe7e600000,0x000000fe7e700000)]
  0x000002491090b800 JavaThread "WorkerExecutor Queue Thread 4" [_thread_blocked, id=14616, stack(0x000000fe7e700000,0x000000fe7e800000)]
  0x0000024910905800 JavaThread "WorkerExecutor Queue Thread 5" [_thread_blocked, id=4868, stack(0x000000fe7e800000,0x000000fe7e900000)]
  0x0000024910909000 JavaThread "WorkerExecutor Queue Thread 6" [_thread_blocked, id=15228, stack(0x000000fe7e900000,0x000000fe7ea00000)]
  0x0000024910906800 JavaThread "WorkerExecutor Queue Thread 7" [_thread_blocked, id=15288, stack(0x000000fe7ea00000,0x000000fe7eb00000)]
  0x00000249095ee800 JavaThread "WorkerExecutor Queue Thread 8" [_thread_blocked, id=11156, stack(0x000000fe7eb00000,0x000000fe7ec00000)]
  0x00000249095e9800 JavaThread "WorkerExecutor Queue Thread 9" [_thread_blocked, id=16744, stack(0x000000fe7ec00000,0x000000fe7ed00000)]
  0x00000249095ed800 JavaThread "WorkerExecutor Queue Thread 10" [_thread_blocked, id=7456, stack(0x000000fe7ed00000,0x000000fe7ee00000)]
  0x00000249095ec800 JavaThread "WorkerExecutor Queue Thread 11" [_thread_blocked, id=11684, stack(0x000000fe7ee00000,0x000000fe7ef00000)]
  0x00000249095ef000 JavaThread "WorkerExecutor Queue Thread 12" [_thread_blocked, id=3100, stack(0x000000fe7ef00000,0x000000fe7f000000)]

Other Threads:
=>0x00000249089ea800 VMThread "VM Thread" [stack: 0x000000fe78800000,0x000000fe78900000] [id=13528]
  0x0000024908be7000 WatcherThread [stack: 0x000000fe79200000,0x000000fe79300000] [id=16228]
  0x000002496b90c000 GCTaskThread "GC Thread#0" [stack: 0x000000fe78300000,0x000000fe78400000] [id=17024]
  0x0000024909aa2800 GCTaskThread "GC Thread#1" [stack: 0x000000fe79500000,0x000000fe79600000] [id=15904]
  0x00000249096e7800 GCTaskThread "GC Thread#2" [stack: 0x000000fe79600000,0x000000fe79700000] [id=11280]
  0x000002490920f800 GCTaskThread "GC Thread#3" [stack: 0x000000fe79700000,0x000000fe79800000] [id=8964]
  0x0000024909210800 GCTaskThread "GC Thread#4" [stack: 0x000000fe79800000,0x000000fe79900000] [id=6408]
  0x00000249099fe800 GCTaskThread "GC Thread#5" [stack: 0x000000fe79900000,0x000000fe79a00000] [id=9688]
  0x000002490bfea000 GCTaskThread "GC Thread#6" [stack: 0x000000fe7a500000,0x000000fe7a600000] [id=6452]
  0x000002490c12e000 GCTaskThread "GC Thread#7" [stack: 0x000000fe7a600000,0x000000fe7a700000] [id=18936]
  0x000002490c130800 GCTaskThread "GC Thread#8" [stack: 0x000000fe7a700000,0x000000fe7a800000] [id=4440]
  0x000002490b0ed800 GCTaskThread "GC Thread#9" [stack: 0x000000fe7a800000,0x000000fe7a900000] [id=2100]
  0x000002496b93d800 ConcurrentGCThread "G1 Main Marker" [stack: 0x000000fe78400000,0x000000fe78500000] [id=14052]
  0x000002496b93f800 ConcurrentGCThread "G1 Conc#0" [stack: 0x000000fe78500000,0x000000fe78600000] [id=12236]
  0x000002490bb8e000 ConcurrentGCThread "G1 Conc#1" [stack: 0x000000fe7a900000,0x000000fe7aa00000] [id=15816]
  0x000002490b42c800 ConcurrentGCThread "G1 Conc#2" [stack: 0x000000fe7aa00000,0x000000fe7ab00000] [id=3860]
  0x0000024908038000 ConcurrentGCThread "G1 Refine#0" [stack: 0x000000fe78600000,0x000000fe78700000] [id=10780]
  0x000002490b503000 ConcurrentGCThread "G1 Refine#1" [stack: 0x000000fe7f000000,0x000000fe7f100000] [id=2236]
  0x0000024908039000 ConcurrentGCThread "G1 Young RemSet Sampling" [stack: 0x000000fe78700000,0x000000fe78800000] [id=7744]

Threads with active compile tasks:
C2 CompilerThread0  11007 14468       4       com.android.tools.r8.internal.Me::a (1137 bytes)
C1 CompilerThread0  11007 14864       2       java.util.TimSort::gallopRight (335 bytes)
C2 CompilerThread1  11007 14819       4       com.android.tools.r8.internal.I::next (32 bytes)
C2 CompilerThread2  11007 13729 %     4       com.android.tools.r8.internal.U6::a @ 2458 (4191 bytes)

VM state:at safepoint (normal execution)

VM Mutex/Monitor currently owned by a thread:  ([mutex/lock_event])
[0x000002496b8ed540] Threads_lock - owner thread: 0x00000249089ea800
[0x000002496b8ecb20] Heap_lock - owner thread: 0x00000249095ef000

Heap address: 0x0000000080000000, size: 2048 MB, Compressed Oops mode: 32-bit
Narrow klass base: 0x0000000000000000, Narrow klass shift: 3
Compressed class space size: 1073741824 Address: 0x0000000100000000

Heap:
 garbage-first heap   total 312320K, used 125959K [0x0000000080000000, 0x0000000100000000)
  region size 1024K, 7 young (7168K), 7 survivors (7168K)
 Metaspace       used 109918K, capacity 113318K, committed 113484K, reserved 1146880K
  class space    used 14295K, capacity 15599K, committed 15692K, reserved 1048576K
Heap Regions: E=young(eden), S=young(survivor), O=old, HS=humongous(starts), HC=humongous(continues), CS=collection set, F=free, A=archive, TAMS=top-at-mark-start (previous, next)
|   0|0x0000000080000000, 0x0000000080100000, 0x0000000080100000|100%| O|  |TAMS 0x0000000080100000, 0x0000000080000000| Untracked 
|   1|0x0000000080100000, 0x0000000080200000, 0x0000000080200000|100%| O|  |TAMS 0x0000000080200000, 0x0000000080100000| Untracked 
|   2|0x0000000080200000, 0x0000000080300000, 0x0000000080300000|100%| O|  |TAMS 0x0000000080300000, 0x0000000080200000| Untracked 
|   3|0x0000000080300000, 0x0000000080400000, 0x0000000080400000|100%|HS|  |TAMS 0x0000000080400000, 0x0000000080300000| Complete 
|   4|0x0000000080400000, 0x0000000080500000, 0x0000000080500000|100%|HC|  |TAMS 0x0000000080500000, 0x0000000080400000| Complete 
|   5|0x0000000080500000, 0x0000000080600000, 0x0000000080600000|100%|HC|  |TAMS 0x0000000080600000, 0x0000000080500000| Complete 
|   6|0x0000000080600000, 0x0000000080700000, 0x0000000080700000|100%| O|  |TAMS 0x0000000080700000, 0x0000000080600000| Untracked 
|   7|0x0000000080700000, 0x0000000080800000, 0x0000000080800000|100%| O|  |TAMS 0x0000000080800000, 0x0000000080700000| Untracked 
|   8|0x0000000080800000, 0x0000000080900000, 0x0000000080900000|100%| O|  |TAMS 0x0000000080900000, 0x0000000080800000| Untracked 
|   9|0x0000000080900000, 0x0000000080a00000, 0x0000000080a00000|100%| O|  |TAMS 0x0000000080a00000, 0x0000000080900000| Untracked 
|  10|0x0000000080a00000, 0x0000000080b00000, 0x0000000080b00000|100%| O|  |TAMS 0x0000000080b00000, 0x0000000080a00000| Untracked 
|  11|0x0000000080b00000, 0x0000000080c00000, 0x0000000080c00000|100%| O|  |TAMS 0x0000000080c00000, 0x0000000080b00000| Untracked 
|  12|0x0000000080c00000, 0x0000000080d00000, 0x0000000080d00000|100%| O|  |TAMS 0x0000000080d00000, 0x0000000080c00000| Untracked 
|  13|0x0000000080d00000, 0x0000000080e00000, 0x0000000080e00000|100%| O|  |TAMS 0x0000000080e00000, 0x0000000080d00000| Untracked 
|  14|0x0000000080e00000, 0x0000000080f00000, 0x0000000080f00000|100%| O|  |TAMS 0x0000000080f00000, 0x0000000080e00000| Untracked 
|  15|0x0000000080f00000, 0x0000000081000000, 0x0000000081000000|100%| O|  |TAMS 0x0000000081000000, 0x0000000080f00000| Untracked 
|  16|0x0000000081000000, 0x0000000081100000, 0x0000000081100000|100%|HS|  |TAMS 0x0000000081100000, 0x0000000081000000| Complete 
|  17|0x0000000081100000, 0x0000000081200000, 0x0000000081200000|100%|HS|  |TAMS 0x0000000081200000, 0x0000000081100000| Complete 
|  18|0x0000000081200000, 0x0000000081300000, 0x0000000081300000|100%|HS|  |TAMS 0x0000000081300000, 0x0000000081200000| Complete 
|  19|0x0000000081300000, 0x0000000081400000, 0x0000000081400000|100%|HC|  |TAMS 0x0000000081400000, 0x0000000081300000| Complete 
|  20|0x0000000081400000, 0x0000000081500000, 0x0000000081500000|100%| O|  |TAMS 0x0000000081500000, 0x0000000081400000| Untracked 
|  21|0x0000000081500000, 0x0000000081600000, 0x0000000081600000|100%| O|  |TAMS 0x0000000081600000, 0x0000000081500000| Untracked 
|  22|0x0000000081600000, 0x0000000081700000, 0x0000000081700000|100%| O|  |TAMS 0x0000000081700000, 0x0000000081600000| Untracked 
|  23|0x0000000081700000, 0x0000000081800000, 0x0000000081800000|100%| O|  |TAMS 0x0000000081800000, 0x0000000081700000| Untracked 
|  24|0x0000000081800000, 0x0000000081900000, 0x0000000081900000|100%| O|  |TAMS 0x0000000081900000, 0x0000000081800000| Untracked 
|  25|0x0000000081900000, 0x0000000081a00000, 0x0000000081a00000|100%| O|  |TAMS 0x0000000081a00000, 0x0000000081900000| Untracked 
|  26|0x0000000081a00000, 0x0000000081b00000, 0x0000000081b00000|100%| O|  |TAMS 0x0000000081b00000, 0x0000000081a00000| Untracked 
|  27|0x0000000081b00000, 0x0000000081c00000, 0x0000000081c00000|100%| O|  |TAMS 0x0000000081c00000, 0x0000000081b00000| Untracked 
|  28|0x0000000081c00000, 0x0000000081d00000, 0x0000000081d00000|100%| O|  |TAMS 0x0000000081d00000, 0x0000000081c00000| Untracked 
|  29|0x0000000081d00000, 0x0000000081e00000, 0x0000000081e00000|100%| O|  |TAMS 0x0000000081e00000, 0x0000000081d00000| Untracked 
|  30|0x0000000081e00000, 0x0000000081f00000, 0x0000000081f00000|100%| O|  |TAMS 0x0000000081f00000, 0x0000000081e00000| Untracked 
|  31|0x0000000081f00000, 0x0000000082000000, 0x0000000082000000|100%| O|  |TAMS 0x0000000082000000, 0x0000000081f00000| Untracked 
|  32|0x0000000082000000, 0x0000000082100000, 0x0000000082100000|100%| O|  |TAMS 0x0000000082100000, 0x0000000082000000| Untracked 
|  33|0x0000000082100000, 0x0000000082200000, 0x0000000082200000|100%| O|  |TAMS 0x0000000082200000, 0x0000000082100000| Untracked 
|  34|0x0000000082200000, 0x0000000082300000, 0x0000000082300000|100%| O|  |TAMS 0x0000000082300000, 0x0000000082200000| Untracked 
|  35|0x0000000082300000, 0x0000000082400000, 0x0000000082400000|100%| O|  |TAMS 0x0000000082400000, 0x0000000082300000| Untracked 
|  36|0x0000000082400000, 0x0000000082500000, 0x0000000082500000|100%| O|  |TAMS 0x0000000082500000, 0x0000000082400000| Untracked 
|  37|0x0000000082500000, 0x0000000082600000, 0x0000000082600000|100%| O|  |TAMS 0x0000000082600000, 0x0000000082500000| Untracked 
|  38|0x0000000082600000, 0x0000000082700000, 0x0000000082700000|100%| O|  |TAMS 0x0000000082700000, 0x0000000082600000| Untracked 
|  39|0x0000000082700000, 0x0000000082800000, 0x0000000082800000|100%| O|  |TAMS 0x0000000082800000, 0x0000000082700000| Untracked 
|  40|0x0000000082800000, 0x0000000082900000, 0x0000000082900000|100%| O|  |TAMS 0x0000000082900000, 0x0000000082800000| Untracked 
|  41|0x0000000082900000, 0x0000000082a00000, 0x0000000082a00000|100%| O|  |TAMS 0x0000000082a00000, 0x0000000082900000| Untracked 
|  42|0x0000000082a00000, 0x0000000082b00000, 0x0000000082b00000|100%| O|  |TAMS 0x0000000082b00000, 0x0000000082a00000| Untracked 
|  43|0x0000000082b00000, 0x0000000082c00000, 0x0000000082c00000|100%| O|  |TAMS 0x0000000082c00000, 0x0000000082b00000| Untracked 
|  44|0x0000000082c00000, 0x0000000082d00000, 0x0000000082d00000|100%| O|  |TAMS 0x0000000082d00000, 0x0000000082c00000| Untracked 
|  45|0x0000000082d00000, 0x0000000082e00000, 0x0000000082e00000|100%| O|  |TAMS 0x0000000082e00000, 0x0000000082d00000| Untracked 
|  46|0x0000000082e00000, 0x0000000082f00000, 0x0000000082f00000|100%| O|  |TAMS 0x0000000082f00000, 0x0000000082e00000| Untracked 
|  47|0x0000000082f00000, 0x0000000083000000, 0x0000000083000000|100%| O|  |TAMS 0x0000000083000000, 0x0000000082f00000| Untracked 
|  48|0x0000000083000000, 0x0000000083100000, 0x0000000083100000|100%| O|  |TAMS 0x0000000083100000, 0x0000000083000000| Untracked 
|  49|0x0000000083100000, 0x0000000083200000, 0x0000000083200000|100%| O|  |TAMS 0x0000000083200000, 0x0000000083100000| Untracked 
|  50|0x0000000083200000, 0x0000000083300000, 0x0000000083300000|100%| O|  |TAMS 0x0000000083300000, 0x0000000083200000| Untracked 
|  51|0x0000000083300000, 0x0000000083400000, 0x0000000083400000|100%| O|  |TAMS 0x0000000083400000, 0x0000000083300000| Untracked 
|  52|0x0000000083400000, 0x0000000083500000, 0x0000000083500000|100%| O|  |TAMS 0x0000000083500000, 0x0000000083400000| Untracked 
|  53|0x0000000083500000, 0x0000000083600000, 0x0000000083600000|100%| O|  |TAMS 0x0000000083600000, 0x0000000083500000| Untracked 
|  54|0x0000000083600000, 0x0000000083700000, 0x0000000083700000|100%| O|  |TAMS 0x0000000083700000, 0x0000000083600000| Untracked 
|  55|0x0000000083700000, 0x0000000083800000, 0x0000000083800000|100%| O|  |TAMS 0x0000000083800000, 0x0000000083700000| Untracked 
|  56|0x0000000083800000, 0x0000000083900000, 0x0000000083900000|100%| O|  |TAMS 0x0000000083900000, 0x0000000083800000| Untracked 
|  57|0x0000000083900000, 0x0000000083a00000, 0x0000000083a00000|100%| O|  |TAMS 0x0000000083a00000, 0x0000000083900000| Untracked 
|  58|0x0000000083a00000, 0x0000000083b00000, 0x0000000083b00000|100%| O|  |TAMS 0x0000000083b00000, 0x0000000083a00000| Untracked 
|  59|0x0000000083b00000, 0x0000000083c00000, 0x0000000083c00000|100%| O|  |TAMS 0x0000000083c00000, 0x0000000083b00000| Untracked 
|  60|0x0000000083c00000, 0x0000000083d00000, 0x0000000083d00000|100%| O|  |TAMS 0x0000000083d00000, 0x0000000083c00000| Untracked 
|  61|0x0000000083d00000, 0x0000000083e00000, 0x0000000083e00000|100%| O|  |TAMS 0x0000000083e00000, 0x0000000083d00000| Untracked 
|  62|0x0000000083e00000, 0x0000000083f00000, 0x0000000083f00000|100%| O|  |TAMS 0x0000000083f00000, 0x0000000083e00000| Untracked 
|  63|0x0000000083f00000, 0x0000000084000000, 0x0000000084000000|100%| O|  |TAMS 0x0000000084000000, 0x0000000083f00000| Untracked 
|  64|0x0000000084000000, 0x0000000084100000, 0x0000000084100000|100%| O|  |TAMS 0x0000000084100000, 0x0000000084000000| Untracked 
|  65|0x0000000084100000, 0x0000000084200000, 0x0000000084200000|100%| O|  |TAMS 0x0000000084200000, 0x0000000084100000| Untracked 
|  66|0x0000000084200000, 0x0000000084300000, 0x0000000084300000|100%| O|  |TAMS 0x0000000084300000, 0x0000000084200000| Untracked 
|  67|0x0000000084300000, 0x0000000084400000, 0x0000000084400000|100%| O|  |TAMS 0x0000000084400000, 0x0000000084300000| Untracked 
|  68|0x0000000084400000, 0x0000000084500000, 0x0000000084500000|100%| O|  |TAMS 0x0000000084500000, 0x0000000084400000| Untracked 
|  69|0x0000000084500000, 0x0000000084600000, 0x0000000084600000|100%| O|  |TAMS 0x0000000084600000, 0x0000000084500000| Untracked 
|  70|0x0000000084600000, 0x0000000084700000, 0x0000000084700000|100%| O|  |TAMS 0x0000000084700000, 0x0000000084600000| Untracked 
|  71|0x0000000084700000, 0x0000000084800000, 0x0000000084800000|100%| O|  |TAMS 0x0000000084800000, 0x0000000084700000| Untracked 
|  72|0x0000000084800000, 0x0000000084900000, 0x0000000084900000|100%|HS|  |TAMS 0x0000000084900000, 0x0000000084800000| Complete 
|  73|0x0000000084900000, 0x0000000084a00000, 0x0000000084a00000|100%|HC|  |TAMS 0x0000000084a00000, 0x0000000084900000| Complete 
|  74|0x0000000084a00000, 0x0000000084b00000, 0x0000000084b00000|100%| O|  |TAMS 0x0000000084b00000, 0x0000000084a00000| Untracked 
|  75|0x0000000084b00000, 0x0000000084c00000, 0x0000000084c00000|100%| O|  |TAMS 0x0000000084c00000, 0x0000000084b00000| Untracked 
|  76|0x0000000084c00000, 0x0000000084d00000, 0x0000000084d00000|100%| O|  |TAMS 0x0000000084d00000, 0x0000000084c00000| Untracked 
|  77|0x0000000084d00000, 0x0000000084e00000, 0x0000000084e00000|100%| O|  |TAMS 0x0000000084e00000, 0x0000000084d00000| Untracked 
|  78|0x0000000084e00000, 0x0000000084f00000, 0x0000000084f00000|100%| O|  |TAMS 0x0000000084f00000, 0x0000000084e00000| Untracked 
|  79|0x0000000084f00000, 0x0000000085000000, 0x0000000085000000|100%| O|  |TAMS 0x0000000085000000, 0x0000000084f00000| Untracked 
|  80|0x0000000085000000, 0x0000000085100000, 0x0000000085100000|100%| O|  |TAMS 0x0000000085100000, 0x0000000085000000| Untracked 
|  81|0x0000000085100000, 0x0000000085200000, 0x0000000085200000|100%| O|  |TAMS 0x0000000085200000, 0x0000000085100000| Untracked 
|  82|0x0000000085200000, 0x0000000085300000, 0x0000000085300000|100%| O|  |TAMS 0x0000000085300000, 0x0000000085200000| Untracked 
|  83|0x0000000085300000, 0x0000000085400000, 0x0000000085400000|100%| O|  |TAMS 0x0000000085400000, 0x0000000085300000| Untracked 
|  84|0x0000000085400000, 0x0000000085500000, 0x0000000085500000|100%| O|  |TAMS 0x0000000085500000, 0x0000000085400000| Untracked 
|  85|0x0000000085500000, 0x0000000085600000, 0x0000000085600000|100%| O|  |TAMS 0x0000000085600000, 0x0000000085500000| Untracked 
|  86|0x0000000085600000, 0x0000000085700000, 0x0000000085700000|100%| O|  |TAMS 0x0000000085700000, 0x0000000085600000| Untracked 
|  87|0x0000000085700000, 0x0000000085800000, 0x0000000085800000|100%| O|  |TAMS 0x0000000085800000, 0x0000000085700000| Untracked 
|  88|0x0000000085800000, 0x0000000085900000, 0x0000000085900000|100%| O|  |TAMS 0x0000000085900000, 0x0000000085800000| Untracked 
|  89|0x0000000085900000, 0x0000000085a00000, 0x0000000085a00000|100%| O|  |TAMS 0x0000000085a00000, 0x0000000085900000| Untracked 
|  90|0x0000000085a00000, 0x0000000085b00000, 0x0000000085b00000|100%| O|  |TAMS 0x0000000085b00000, 0x0000000085a00000| Untracked 
|  91|0x0000000085b00000, 0x0000000085c00000, 0x0000000085c00000|100%| O|  |TAMS 0x0000000085b00000, 0x0000000085b00000| Untracked 
|  92|0x0000000085c00000, 0x0000000085d00000, 0x0000000085d00000|100%| O|  |TAMS 0x0000000085d00000, 0x0000000085c00000| Untracked 
|  93|0x0000000085d00000, 0x0000000085e00000, 0x0000000085e00000|100%| O|  |TAMS 0x0000000085e00000, 0x0000000085d00000| Untracked 
|  94|0x0000000085e00000, 0x0000000085f00000, 0x0000000085f00000|100%| O|  |TAMS 0x0000000085f00000, 0x0000000085e00000| Untracked 
|  95|0x0000000085f00000, 0x0000000086000000, 0x0000000086000000|100%| O|  |TAMS 0x0000000086000000, 0x0000000085f00000| Untracked 
|  96|0x0000000086000000, 0x0000000086100000, 0x0000000086100000|100%| O|  |TAMS 0x0000000086100000, 0x0000000086000000| Untracked 
|  97|0x0000000086100000, 0x0000000086200000, 0x0000000086200000|100%| O|  |TAMS 0x0000000086200000, 0x0000000086100000| Untracked 
|  98|0x0000000086200000, 0x0000000086300000, 0x0000000086300000|100%| O|  |TAMS 0x0000000086300000, 0x0000000086200000| Untracked 
|  99|0x0000000086300000, 0x0000000086400000, 0x0000000086400000|100%| O|  |TAMS 0x0000000086400000, 0x0000000086300000| Untracked 
| 100|0x0000000086400000, 0x0000000086500000, 0x0000000086500000|100%| O|  |TAMS 0x0000000086400000, 0x0000000086400000| Untracked 
| 101|0x0000000086500000, 0x0000000086600000, 0x0000000086600000|100%| O|  |TAMS 0x0000000086500000, 0x0000000086500000| Untracked 
| 102|0x0000000086600000, 0x0000000086700000, 0x0000000086700000|100%| O|  |TAMS 0x0000000086600000, 0x0000000086600000| Untracked 
| 103|0x0000000086700000, 0x0000000086800000, 0x0000000086800000|100%| O|  |TAMS 0x0000000086700000, 0x0000000086700000| Untracked 
| 104|0x0000000086800000, 0x0000000086900000, 0x0000000086900000|100%| O|  |TAMS 0x0000000086900000, 0x0000000086800000| Untracked 
| 105|0x0000000086900000, 0x0000000086a00000, 0x0000000086a00000|100%| O|  |TAMS 0x0000000086a00000, 0x0000000086900000| Untracked 
| 106|0x0000000086a00000, 0x0000000086b00000, 0x0000000086b00000|100%| O|  |TAMS 0x0000000086b00000, 0x0000000086a00000| Untracked 
| 107|0x0000000086b00000, 0x0000000086c00000, 0x0000000086c00000|100%| O|  |TAMS 0x0000000086c00000, 0x0000000086b00000| Untracked 
| 108|0x0000000086c00000, 0x0000000086d00000, 0x0000000086d00000|100%| O|  |TAMS 0x0000000086cbb000, 0x0000000086c00000| Untracked 
| 109|0x0000000086d00000, 0x0000000086e00000, 0x0000000086e00000|100%| O|  |TAMS 0x0000000086d00000, 0x0000000086d00000| Untracked 
| 110|0x0000000086e00000, 0x0000000086f00000, 0x0000000086f00000|100%| O|  |TAMS 0x0000000086e00000, 0x0000000086e00000| Untracked 
| 111|0x0000000086f00000, 0x0000000087000000, 0x0000000087000000|100%| O|  |TAMS 0x0000000086f00000, 0x0000000086f00000| Untracked 
| 112|0x0000000087000000, 0x0000000087100000, 0x0000000087100000|100%| O|  |TAMS 0x0000000087000000, 0x0000000087000000| Untracked 
| 113|0x0000000087100000, 0x0000000087200000, 0x0000000087200000|100%| O|  |TAMS 0x0000000087100000, 0x0000000087100000| Untracked 
| 114|0x0000000087200000, 0x0000000087300000, 0x0000000087300000|100%| O|  |TAMS 0x0000000087200000, 0x0000000087200000| Untracked 
| 115|0x0000000087300000, 0x0000000087400000, 0x0000000087400000|100%| O|  |TAMS 0x0000000087300000, 0x0000000087300000| Untracked 
| 116|0x0000000087400000, 0x0000000087420e00, 0x0000000087500000| 12%| O|  |TAMS 0x0000000087400000, 0x0000000087400000| Untracked 
| 117|0x0000000087500000, 0x0000000087500000, 0x0000000087600000|  0%| F|  |TAMS 0x0000000087500000, 0x0000000087500000| Untracked 
| 118|0x0000000087600000, 0x0000000087600000, 0x0000000087700000|  0%| F|  |TAMS 0x0000000087600000, 0x0000000087600000| Untracked 
| 119|0x0000000087700000, 0x0000000087700000, 0x0000000087800000|  0%| F|  |TAMS 0x0000000087700000, 0x0000000087700000| Untracked 
| 120|0x0000000087800000, 0x0000000087800000, 0x0000000087900000|  0%| F|  |TAMS 0x0000000087800000, 0x0000000087800000| Untracked 
| 121|0x0000000087900000, 0x0000000087900000, 0x0000000087a00000|  0%| F|  |TAMS 0x0000000087900000, 0x0000000087900000| Untracked 
| 122|0x0000000087a00000, 0x0000000087a00000, 0x0000000087b00000|  0%| F|  |TAMS 0x0000000087a00000, 0x0000000087a00000| Untracked 
| 123|0x0000000087b00000, 0x0000000087b00000, 0x0000000087c00000|  0%| F|  |TAMS 0x0000000087b00000, 0x0000000087b00000| Untracked 
| 124|0x0000000087c00000, 0x0000000087c00000, 0x0000000087d00000|  0%| F|  |TAMS 0x0000000087c00000, 0x0000000087c00000| Untracked 
| 125|0x0000000087d00000, 0x0000000087d00000, 0x0000000087e00000|  0%| F|  |TAMS 0x0000000087d00000, 0x0000000087d00000| Untracked 
| 126|0x0000000087e00000, 0x0000000087e00000, 0x0000000087f00000|  0%| F|  |TAMS 0x0000000087e00000, 0x0000000087e00000| Untracked 
| 127|0x0000000087f00000, 0x0000000087f00000, 0x0000000088000000|  0%| F|  |TAMS 0x0000000087f00000, 0x0000000087f00000| Untracked 
| 128|0x0000000088000000, 0x0000000088000000, 0x0000000088100000|  0%| F|  |TAMS 0x0000000088000000, 0x0000000088000000| Untracked 
| 129|0x0000000088100000, 0x0000000088100000, 0x0000000088200000|  0%| F|  |TAMS 0x0000000088100000, 0x0000000088100000| Untracked 
| 130|0x0000000088200000, 0x0000000088200000, 0x0000000088300000|  0%| F|  |TAMS 0x0000000088200000, 0x0000000088200000| Untracked 
| 131|0x0000000088300000, 0x0000000088300000, 0x0000000088400000|  0%| F|  |TAMS 0x0000000088300000, 0x0000000088300000| Untracked 
| 132|0x0000000088400000, 0x0000000088400000, 0x0000000088500000|  0%| F|  |TAMS 0x0000000088400000, 0x0000000088400000| Untracked 
| 133|0x0000000088500000, 0x0000000088500000, 0x0000000088600000|  0%| F|  |TAMS 0x0000000088500000, 0x0000000088500000| Untracked 
| 134|0x0000000088600000, 0x0000000088600000, 0x0000000088700000|  0%| F|  |TAMS 0x0000000088600000, 0x0000000088600000| Untracked 
| 135|0x0000000088700000, 0x0000000088700000, 0x0000000088800000|  0%| F|  |TAMS 0x0000000088700000, 0x0000000088700000| Untracked 
| 136|0x0000000088800000, 0x0000000088800000, 0x0000000088900000|  0%| F|  |TAMS 0x0000000088800000, 0x0000000088800000| Untracked 
| 137|0x0000000088900000, 0x0000000088900000, 0x0000000088a00000|  0%| F|  |TAMS 0x0000000088900000, 0x0000000088900000| Untracked 
| 138|0x0000000088a00000, 0x0000000088a00000, 0x0000000088b00000|  0%| F|  |TAMS 0x0000000088a00000, 0x0000000088a00000| Untracked 
| 139|0x0000000088b00000, 0x0000000088b00000, 0x0000000088c00000|  0%| F|  |TAMS 0x0000000088b00000, 0x0000000088b00000| Untracked 
| 140|0x0000000088c00000, 0x0000000088c00000, 0x0000000088d00000|  0%| F|  |TAMS 0x0000000088c00000, 0x0000000088c00000| Untracked 
| 141|0x0000000088d00000, 0x0000000088d00000, 0x0000000088e00000|  0%| F|  |TAMS 0x0000000088d00000, 0x0000000088d00000| Untracked 
| 142|0x0000000088e00000, 0x0000000088e00000, 0x0000000088f00000|  0%| F|  |TAMS 0x0000000088e00000, 0x0000000088e00000| Untracked 
| 143|0x0000000088f00000, 0x0000000088f00000, 0x0000000089000000|  0%| F|  |TAMS 0x0000000088f00000, 0x0000000088f00000| Untracked 
| 144|0x0000000089000000, 0x0000000089000000, 0x0000000089100000|  0%| F|  |TAMS 0x0000000089000000, 0x0000000089000000| Untracked 
| 145|0x0000000089100000, 0x0000000089100000, 0x0000000089200000|  0%| F|  |TAMS 0x0000000089100000, 0x0000000089100000| Untracked 
| 146|0x0000000089200000, 0x0000000089200000, 0x0000000089300000|  0%| F|  |TAMS 0x0000000089200000, 0x0000000089200000| Untracked 
| 147|0x0000000089300000, 0x0000000089300000, 0x0000000089400000|  0%| F|  |TAMS 0x0000000089300000, 0x0000000089300000| Untracked 
| 148|0x0000000089400000, 0x0000000089400000, 0x0000000089500000|  0%| F|  |TAMS 0x0000000089400000, 0x0000000089400000| Untracked 
| 149|0x0000000089500000, 0x0000000089500000, 0x0000000089600000|  0%| F|  |TAMS 0x0000000089500000, 0x0000000089500000| Untracked 
| 150|0x0000000089600000, 0x0000000089600000, 0x0000000089700000|  0%| F|  |TAMS 0x0000000089600000, 0x0000000089600000| Untracked 
| 151|0x0000000089700000, 0x0000000089700000, 0x0000000089800000|  0%| F|  |TAMS 0x0000000089700000, 0x0000000089700000| Untracked 
| 152|0x0000000089800000, 0x0000000089800000, 0x0000000089900000|  0%| F|  |TAMS 0x0000000089800000, 0x0000000089800000| Untracked 
| 153|0x0000000089900000, 0x0000000089900000, 0x0000000089a00000|  0%| F|  |TAMS 0x0000000089900000, 0x0000000089900000| Untracked 
| 154|0x0000000089a00000, 0x0000000089a00000, 0x0000000089b00000|  0%| F|  |TAMS 0x0000000089a00000, 0x0000000089a00000| Untracked 
| 155|0x0000000089b00000, 0x0000000089b00000, 0x0000000089c00000|  0%| F|  |TAMS 0x0000000089b00000, 0x0000000089b00000| Untracked 
| 156|0x0000000089c00000, 0x0000000089c00000, 0x0000000089d00000|  0%| F|  |TAMS 0x0000000089c00000, 0x0000000089c00000| Untracked 
| 157|0x0000000089d00000, 0x0000000089d00000, 0x0000000089e00000|  0%| F|  |TAMS 0x0000000089d00000, 0x0000000089d00000| Untracked 
| 158|0x0000000089e00000, 0x0000000089e00000, 0x0000000089f00000|  0%| F|  |TAMS 0x0000000089e00000, 0x0000000089e00000| Untracked 
| 159|0x0000000089f00000, 0x0000000089f00000, 0x000000008a000000|  0%| F|  |TAMS 0x0000000089f00000, 0x0000000089f00000| Untracked 
| 160|0x000000008a000000, 0x000000008a000000, 0x000000008a100000|  0%| F|  |TAMS 0x000000008a000000, 0x000000008a000000| Untracked 
| 161|0x000000008a100000, 0x000000008a100000, 0x000000008a200000|  0%| F|  |TAMS 0x000000008a100000, 0x000000008a100000| Untracked 
| 162|0x000000008a200000, 0x000000008a200000, 0x000000008a300000|  0%| F|  |TAMS 0x000000008a200000, 0x000000008a200000| Untracked 
| 163|0x000000008a300000, 0x000000008a300000, 0x000000008a400000|  0%| F|  |TAMS 0x000000008a300000, 0x000000008a300000| Untracked 
| 164|0x000000008a400000, 0x000000008a4e0f80, 0x000000008a500000| 87%| S|CS|TAMS 0x000000008a400000, 0x000000008a400000| Complete 
| 165|0x000000008a500000, 0x000000008a600000, 0x000000008a600000|100%| S|CS|TAMS 0x000000008a500000, 0x000000008a500000| Complete 
| 166|0x000000008a600000, 0x000000008a700000, 0x000000008a700000|100%| S|CS|TAMS 0x000000008a600000, 0x000000008a600000| Complete 
| 167|0x000000008a700000, 0x000000008a800000, 0x000000008a800000|100%| S|CS|TAMS 0x000000008a700000, 0x000000008a700000| Complete 
| 168|0x000000008a800000, 0x000000008a900000, 0x000000008a900000|100%| S|CS|TAMS 0x000000008a800000, 0x000000008a800000| Complete 
| 169|0x000000008a900000, 0x000000008aa00000, 0x000000008aa00000|100%| S|CS|TAMS 0x000000008a900000, 0x000000008a900000| Complete 
| 170|0x000000008aa00000, 0x000000008ab00000, 0x000000008ab00000|100%| S|CS|TAMS 0x000000008aa00000, 0x000000008aa00000| Complete 
| 171|0x000000008ab00000, 0x000000008ab00000, 0x000000008ac00000|  0%| F|  |TAMS 0x000000008ab00000, 0x000000008ab00000| Untracked 
| 172|0x000000008ac00000, 0x000000008ac00000, 0x000000008ad00000|  0%| F|  |TAMS 0x000000008ac00000, 0x000000008ac00000| Untracked 
| 173|0x000000008ad00000, 0x000000008ad00000, 0x000000008ae00000|  0%| F|  |TAMS 0x000000008ad00000, 0x000000008ad00000| Untracked 
| 174|0x000000008ae00000, 0x000000008ae00000, 0x000000008af00000|  0%| F|  |TAMS 0x000000008ae00000, 0x000000008ae00000| Untracked 
| 175|0x000000008af00000, 0x000000008af00000, 0x000000008b000000|  0%| F|  |TAMS 0x000000008af00000, 0x000000008af00000| Untracked 
| 176|0x000000008b000000, 0x000000008b000000, 0x000000008b100000|  0%| F|  |TAMS 0x000000008b000000, 0x000000008b000000| Untracked 
| 177|0x000000008b100000, 0x000000008b100000, 0x000000008b200000|  0%| F|  |TAMS 0x000000008b100000, 0x000000008b100000| Untracked 
| 178|0x000000008b200000, 0x000000008b200000, 0x000000008b300000|  0%| F|  |TAMS 0x000000008b200000, 0x000000008b200000| Untracked 
| 179|0x000000008b300000, 0x000000008b300000, 0x000000008b400000|  0%| F|  |TAMS 0x000000008b300000, 0x000000008b300000| Untracked 
| 180|0x000000008b400000, 0x000000008b400000, 0x000000008b500000|  0%| F|  |TAMS 0x000000008b400000, 0x000000008b400000| Untracked 
| 181|0x000000008b500000, 0x000000008b500000, 0x000000008b600000|  0%| F|  |TAMS 0x000000008b500000, 0x000000008b500000| Untracked 
| 182|0x000000008b600000, 0x000000008b600000, 0x000000008b700000|  0%| F|  |TAMS 0x000000008b600000, 0x000000008b600000| Untracked 
| 183|0x000000008b700000, 0x000000008b700000, 0x000000008b800000|  0%| F|  |TAMS 0x000000008b700000, 0x000000008b700000| Untracked 
| 184|0x000000008b800000, 0x000000008b800000, 0x000000008b900000|  0%| F|  |TAMS 0x000000008b800000, 0x000000008b800000| Untracked 
| 185|0x000000008b900000, 0x000000008b900000, 0x000000008ba00000|  0%| F|  |TAMS 0x000000008b900000, 0x000000008b900000| Untracked 
| 186|0x000000008ba00000, 0x000000008ba00000, 0x000000008bb00000|  0%| F|  |TAMS 0x000000008ba00000, 0x000000008ba00000| Untracked 
| 187|0x000000008bb00000, 0x000000008bb00000, 0x000000008bc00000|  0%| F|  |TAMS 0x000000008bb00000, 0x000000008bb00000| Untracked 
| 188|0x000000008bc00000, 0x000000008bc00000, 0x000000008bd00000|  0%| F|  |TAMS 0x000000008bc00000, 0x000000008bc00000| Untracked 
| 189|0x000000008bd00000, 0x000000008bd00000, 0x000000008be00000|  0%| F|  |TAMS 0x000000008bd00000, 0x000000008bd00000| Untracked 
| 190|0x000000008be00000, 0x000000008be00000, 0x000000008bf00000|  0%| F|  |TAMS 0x000000008be00000, 0x000000008be00000| Untracked 
| 191|0x000000008bf00000, 0x000000008bf00000, 0x000000008c000000|  0%| F|  |TAMS 0x000000008bf00000, 0x000000008bf00000| Untracked 
| 192|0x000000008c000000, 0x000000008c000000, 0x000000008c100000|  0%| F|  |TAMS 0x000000008c000000, 0x000000008c000000| Untracked 
| 193|0x000000008c100000, 0x000000008c100000, 0x000000008c200000|  0%| F|  |TAMS 0x000000008c100000, 0x000000008c100000| Untracked 
| 194|0x000000008c200000, 0x000000008c200000, 0x000000008c300000|  0%| F|  |TAMS 0x000000008c200000, 0x000000008c200000| Untracked 
| 195|0x000000008c300000, 0x000000008c300000, 0x000000008c400000|  0%| F|  |TAMS 0x000000008c300000, 0x000000008c300000| Untracked 
| 196|0x000000008c400000, 0x000000008c400000, 0x000000008c500000|  0%| F|  |TAMS 0x000000008c400000, 0x000000008c400000| Untracked 
| 197|0x000000008c500000, 0x000000008c500000, 0x000000008c600000|  0%| F|  |TAMS 0x000000008c500000, 0x000000008c500000| Untracked 
| 198|0x000000008c600000, 0x000000008c600000, 0x000000008c700000|  0%| F|  |TAMS 0x000000008c600000, 0x000000008c600000| Untracked 
| 199|0x000000008c700000, 0x000000008c700000, 0x000000008c800000|  0%| F|  |TAMS 0x000000008c700000, 0x000000008c700000| Untracked 
| 200|0x000000008c800000, 0x000000008c800000, 0x000000008c900000|  0%| F|  |TAMS 0x000000008c800000, 0x000000008c800000| Untracked 
| 201|0x000000008c900000, 0x000000008c900000, 0x000000008ca00000|  0%| F|  |TAMS 0x000000008c900000, 0x000000008c900000| Untracked 
| 202|0x000000008ca00000, 0x000000008ca00000, 0x000000008cb00000|  0%| F|  |TAMS 0x000000008ca00000, 0x000000008ca00000| Untracked 
| 203|0x000000008cb00000, 0x000000008cb00000, 0x000000008cc00000|  0%| F|  |TAMS 0x000000008cb00000, 0x000000008cb00000| Untracked 
| 204|0x000000008cc00000, 0x000000008cc00000, 0x000000008cd00000|  0%| F|  |TAMS 0x000000008cc00000, 0x000000008cc00000| Untracked 
| 205|0x000000008cd00000, 0x000000008cd00000, 0x000000008ce00000|  0%| F|  |TAMS 0x000000008cd00000, 0x000000008cd00000| Untracked 
| 206|0x000000008ce00000, 0x000000008ce00000, 0x000000008cf00000|  0%| F|  |TAMS 0x000000008ce00000, 0x000000008ce00000| Untracked 
| 207|0x000000008cf00000, 0x000000008cf00000, 0x000000008d000000|  0%| F|  |TAMS 0x000000008cf00000, 0x000000008cf00000| Untracked 
| 208|0x000000008d000000, 0x000000008d000000, 0x000000008d100000|  0%| F|  |TAMS 0x000000008d000000, 0x000000008d000000| Untracked 
| 209|0x000000008d100000, 0x000000008d100000, 0x000000008d200000|  0%| F|  |TAMS 0x000000008d100000, 0x000000008d100000| Untracked 
| 210|0x000000008d200000, 0x000000008d200000, 0x000000008d300000|  0%| F|  |TAMS 0x000000008d200000, 0x000000008d200000| Untracked 
| 211|0x000000008d300000, 0x000000008d300000, 0x000000008d400000|  0%| F|  |TAMS 0x000000008d300000, 0x000000008d300000| Untracked 
| 212|0x000000008d400000, 0x000000008d400000, 0x000000008d500000|  0%| F|  |TAMS 0x000000008d400000, 0x000000008d400000| Untracked 
| 213|0x000000008d500000, 0x000000008d500000, 0x000000008d600000|  0%| F|  |TAMS 0x000000008d500000, 0x000000008d500000| Untracked 
| 214|0x000000008d600000, 0x000000008d600000, 0x000000008d700000|  0%| F|  |TAMS 0x000000008d600000, 0x000000008d600000| Untracked 
| 215|0x000000008d700000, 0x000000008d700000, 0x000000008d800000|  0%| F|  |TAMS 0x000000008d700000, 0x000000008d700000| Untracked 
| 216|0x000000008d800000, 0x000000008d800000, 0x000000008d900000|  0%| F|  |TAMS 0x000000008d800000, 0x000000008d800000| Untracked 
| 217|0x000000008d900000, 0x000000008d900000, 0x000000008da00000|  0%| F|  |TAMS 0x000000008d900000, 0x000000008d900000| Untracked 
| 218|0x000000008da00000, 0x000000008da00000, 0x000000008db00000|  0%| F|  |TAMS 0x000000008da00000, 0x000000008da00000| Untracked 
| 219|0x000000008db00000, 0x000000008db00000, 0x000000008dc00000|  0%| F|  |TAMS 0x000000008db00000, 0x000000008db00000| Untracked 
| 220|0x000000008dc00000, 0x000000008dc00000, 0x000000008dd00000|  0%| F|  |TAMS 0x000000008dc00000, 0x000000008dc00000| Untracked 
| 221|0x000000008dd00000, 0x000000008dd00000, 0x000000008de00000|  0%| F|  |TAMS 0x000000008dd00000, 0x000000008dd00000| Untracked 
| 222|0x000000008de00000, 0x000000008de00000, 0x000000008df00000|  0%| F|  |TAMS 0x000000008de00000, 0x000000008de00000| Untracked 
| 223|0x000000008df00000, 0x000000008df00000, 0x000000008e000000|  0%| F|  |TAMS 0x000000008df00000, 0x000000008df00000| Untracked 
| 224|0x000000008e000000, 0x000000008e000000, 0x000000008e100000|  0%| F|  |TAMS 0x000000008e000000, 0x000000008e000000| Untracked 
| 225|0x000000008e100000, 0x000000008e100000, 0x000000008e200000|  0%| F|  |TAMS 0x000000008e100000, 0x000000008e100000| Untracked 
| 226|0x000000008e200000, 0x000000008e200000, 0x000000008e300000|  0%| F|  |TAMS 0x000000008e200000, 0x000000008e200000| Untracked 
| 227|0x000000008e300000, 0x000000008e300000, 0x000000008e400000|  0%| F|  |TAMS 0x000000008e300000, 0x000000008e300000| Untracked 
| 228|0x000000008e400000, 0x000000008e400000, 0x000000008e500000|  0%| F|  |TAMS 0x000000008e400000, 0x000000008e400000| Untracked 
| 229|0x000000008e500000, 0x000000008e500000, 0x000000008e600000|  0%| F|  |TAMS 0x000000008e500000, 0x000000008e500000| Untracked 
| 230|0x000000008e600000, 0x000000008e600000, 0x000000008e700000|  0%| F|  |TAMS 0x000000008e600000, 0x000000008e600000| Untracked 
| 231|0x000000008e700000, 0x000000008e700000, 0x000000008e800000|  0%| F|  |TAMS 0x000000008e700000, 0x000000008e700000| Untracked 
| 232|0x000000008e800000, 0x000000008e800000, 0x000000008e900000|  0%| F|  |TAMS 0x000000008e800000, 0x000000008e800000| Untracked 
| 233|0x000000008e900000, 0x000000008e900000, 0x000000008ea00000|  0%| F|  |TAMS 0x000000008e900000, 0x000000008e900000| Untracked 
| 234|0x000000008ea00000, 0x000000008ea00000, 0x000000008eb00000|  0%| F|  |TAMS 0x000000008ea00000, 0x000000008ea00000| Untracked 
| 235|0x000000008eb00000, 0x000000008eb00000, 0x000000008ec00000|  0%| F|  |TAMS 0x000000008eb00000, 0x000000008eb00000| Untracked 
| 236|0x000000008ec00000, 0x000000008ec00000, 0x000000008ed00000|  0%| F|  |TAMS 0x000000008ec00000, 0x000000008ec00000| Untracked 
| 237|0x000000008ed00000, 0x000000008ed00000, 0x000000008ee00000|  0%| F|  |TAMS 0x000000008ed00000, 0x000000008ed00000| Untracked 
| 238|0x000000008ee00000, 0x000000008ee00000, 0x000000008ef00000|  0%| F|  |TAMS 0x000000008ee00000, 0x000000008ee00000| Untracked 
| 239|0x000000008ef00000, 0x000000008ef00000, 0x000000008f000000|  0%| F|  |TAMS 0x000000008ef00000, 0x000000008ef00000| Untracked 
| 240|0x000000008f000000, 0x000000008f000000, 0x000000008f100000|  0%| F|  |TAMS 0x000000008f000000, 0x000000008f000000| Untracked 
| 241|0x000000008f100000, 0x000000008f100000, 0x000000008f200000|  0%| F|  |TAMS 0x000000008f100000, 0x000000008f100000| Untracked 
| 242|0x000000008f200000, 0x000000008f200000, 0x000000008f300000|  0%| F|  |TAMS 0x000000008f200000, 0x000000008f200000| Untracked 
| 243|0x000000008f300000, 0x000000008f300000, 0x000000008f400000|  0%| F|  |TAMS 0x000000008f300000, 0x000000008f300000| Untracked 
| 244|0x000000008f400000, 0x000000008f400000, 0x000000008f500000|  0%| F|  |TAMS 0x000000008f400000, 0x000000008f400000| Untracked 
| 245|0x000000008f500000, 0x000000008f500000, 0x000000008f600000|  0%| F|  |TAMS 0x000000008f500000, 0x000000008f500000| Untracked 
| 246|0x000000008f600000, 0x000000008f600000, 0x000000008f700000|  0%| F|  |TAMS 0x000000008f600000, 0x000000008f600000| Untracked 
| 247|0x000000008f700000, 0x000000008f700000, 0x000000008f800000|  0%| F|  |TAMS 0x000000008f700000, 0x000000008f700000| Untracked 
| 248|0x000000008f800000, 0x000000008f800000, 0x000000008f900000|  0%| F|  |TAMS 0x000000008f800000, 0x000000008f800000| Untracked 
| 249|0x000000008f900000, 0x000000008f900000, 0x000000008fa00000|  0%| F|  |TAMS 0x000000008f900000, 0x000000008f900000| Untracked 
| 250|0x000000008fa00000, 0x000000008fa00000, 0x000000008fb00000|  0%| F|  |TAMS 0x000000008fa00000, 0x000000008fa00000| Untracked 
| 251|0x000000008fb00000, 0x000000008fb00000, 0x000000008fc00000|  0%| F|  |TAMS 0x000000008fb00000, 0x000000008fb00000| Untracked 
| 252|0x000000008fc00000, 0x000000008fc00000, 0x000000008fd00000|  0%| F|  |TAMS 0x000000008fc00000, 0x000000008fc00000| Untracked 
| 253|0x000000008fd00000, 0x000000008fd00000, 0x000000008fe00000|  0%| F|  |TAMS 0x000000008fd00000, 0x000000008fd00000| Untracked 

Card table byte_map: [0x0000024900c80000,0x0000024901080000] _byte_map_base: 0x0000024900880000

Marking Bits (Prev, Next): (CMBitMap*) 0x000002496b934aa0, (CMBitMap*) 0x000002496b934a68
 Prev Bits: [0x0000024903480000, 0x0000024905480000)
 Next Bits: [0x0000024901480000, 0x0000024903480000)

Polling page: 0x000002496b9d0000

Metaspace:

Usage:
  Non-class:     95.43 MB capacity,    93.38 MB ( 98%) used,     1.66 MB (  2%) free+waste,   400.13 KB ( <1%) overhead. 
      Class:     15.23 MB capacity,    13.96 MB ( 92%) used,     1.09 MB (  7%) free+waste,   189.38 KB (  1%) overhead. 
       Both:    110.66 MB capacity,   107.34 MB ( 97%) used,     2.74 MB (  2%) free+waste,   589.50 KB ( <1%) overhead. 

Virtual space:
  Non-class space:       96.00 MB reserved,      95.50 MB (>99%) committed 
      Class space:        1.00 GB reserved,      15.32 MB (  1%) committed 
             Both:        1.09 GB reserved,     110.82 MB ( 10%) committed 

Chunk freelists:
   Non-Class:  9.00 KB
       Class:  0 bytes
        Both:  9.00 KB

MaxMetaspaceSize: 17179869184.00 GB
CompressedClassSpaceSize: 1.00 GB

CodeHeap 'non-profiled nmethods': size=120000Kb used=8386Kb max_used=8386Kb free=111613Kb
 bounds [0x0000024978690000, 0x0000024978ed0000, 0x000002497fbc0000]
CodeHeap 'profiled nmethods': size=120000Kb used=30276Kb max_used=30276Kb free=89723Kb
 bounds [0x0000024971160000, 0x0000024972f00000, 0x0000024978690000]
CodeHeap 'non-nmethods': size=5760Kb used=2328Kb max_used=2376Kb free=3431Kb
 bounds [0x0000024970bc0000, 0x0000024970e30000, 0x0000024971160000]
 total_blobs=15612 nmethods=14668 adapters=855
 compilation: enabled
              stopped_count=0, restarted_count=0
 full_count=0

Compilation events (20 events):
Event: 10.976 Thread 0x0000024908a53000 nmethod 14853 0x0000024972eee810 code [0x0000024972eee9c0, 0x0000024972eeea98]
Event: 10.976 Thread 0x0000024908a53000 14846       2       com.android.tools.r8.dex.o::a (44 bytes)
Event: 10.976 Thread 0x0000024908a53000 nmethod 14846 0x0000024972eeeb10 code [0x0000024972eeecc0, 0x0000024972eeee08]
Event: 10.977 Thread 0x0000024908a53000 14850       2       com.android.tools.r8.internal.D1::a (33 bytes)
Event: 10.977 Thread 0x0000024908a53000 nmethod 14850 0x0000024972eeee90 code [0x0000024972eef060, 0x0000024972eef248]
Event: 10.977 Thread 0x0000024908a53000 14856       2       com.android.tools.r8.internal.Vt::a (115 bytes)
Event: 10.977 Thread 0x0000024908a53000 nmethod 14856 0x0000024972eef390 code [0x0000024972eef580, 0x0000024972eef928]
Event: 10.977 Thread 0x0000024908a53000 14855       2       com.android.tools.r8.dex.o::a (44 bytes)
Event: 10.977 Thread 0x0000024908a53000 nmethod 14855 0x0000024972eefb90 code [0x0000024972eefd40, 0x0000024972eefe88]
Event: 10.977 Thread 0x0000024908a53000 14858       2       com.android.tools.r8.internal.Vt$f::m (60 bytes)
Event: 10.977 Thread 0x0000024908a53000 nmethod 14858 0x0000024972eeff10 code [0x0000024972ef00e0, 0x0000024972ef0308]
Event: 10.977 Thread 0x0000024908a53000 14857       2       com.android.tools.r8.graph.s::hashCode (23 bytes)
Event: 10.977 Thread 0x0000024908a53000 nmethod 14857 0x0000024972ef0490 code [0x0000024972ef0660, 0x0000024972ef07b8]
Event: 10.977 Thread 0x0000024908a53000 14859       2       com.android.tools.r8.internal.Vt$b::next (13 bytes)
Event: 10.977 Thread 0x0000024908a53000 nmethod 14859 0x0000024972ef0910 code [0x0000024972ef0ac0, 0x0000024972ef0c08]
Event: 10.977 Thread 0x0000024908a53000 14833       1       com.android.tools.r8.code.v0::u (3 bytes)
Event: 10.978 Thread 0x0000024908a53000 nmethod 14833 0x0000024978ec0710 code [0x0000024978ec08c0, 0x0000024978ec0978]
Event: 10.978 Thread 0x0000024908a53000 14715       2       com.android.tools.r8.internal.QG::k (33 bytes)
Event: 10.978 Thread 0x0000024908a53000 nmethod 14715 0x0000024972ef0d10 code [0x0000024972ef0ee0, 0x0000024972ef1018]
Event: 10.978 Thread 0x0000024908a53000 14864       2       java.util.TimSort::gallopRight (335 bytes)

GC Heap History (20 events):
Event: 4.402 GC heap after
{Heap after GC invocations=8 (full 0):
 garbage-first heap   total 260096K, used 43607K [0x0000000080000000, 0x0000000100000000)
  region size 1024K, 18 young (18432K), 18 survivors (18432K)
 Metaspace       used 56686K, capacity 58118K, committed 58444K, reserved 1099776K
  class space    used 7152K, capacity 7683K, committed 7756K, reserved 1048576K
}
Event: 4.519 GC heap before
{Heap before GC invocations=8 (full 0):
 garbage-first heap   total 260096K, used 54871K [0x0000000080000000, 0x0000000100000000)
  region size 1024K, 30 young (30720K), 18 survivors (18432K)
 Metaspace       used 58627K, capacity 60161K, committed 60236K, reserved 1101824K
  class space    used 7428K, capacity 7998K, committed 8012K, reserved 1048576K
}
Event: 4.534 GC heap after
{Heap after GC invocations=9 (full 0):
 garbage-first heap   total 260096K, used 45879K [0x0000000080000000, 0x0000000100000000)
  region size 1024K, 3 young (3072K), 3 survivors (3072K)
 Metaspace       used 58627K, capacity 60161K, committed 60236K, reserved 1101824K
  class space    used 7428K, capacity 7998K, committed 8012K, reserved 1048576K
}
Event: 5.456 GC heap before
{Heap before GC invocations=10 (full 0):
 garbage-first heap   total 260096K, used 180023K [0x0000000080000000, 0x0000000100000000)
  region size 1024K, 134 young (137216K), 3 survivors (3072K)
 Metaspace       used 69878K, capacity 71620K, committed 71884K, reserved 1112064K
  class space    used 9030K, capacity 9661K, committed 9676K, reserved 1048576K
}
Event: 5.462 GC heap after
{Heap after GC invocations=11 (full 0):
 garbage-first heap   total 260096K, used 54112K [0x0000000080000000, 0x0000000100000000)
  region size 1024K, 11 young (11264K), 11 survivors (11264K)
 Metaspace       used 69878K, capacity 71620K, committed 71884K, reserved 1112064K
  class space    used 9030K, capacity 9661K, committed 9676K, reserved 1048576K
}
Event: 6.353 GC heap before
{Heap before GC invocations=11 (full 0):
 garbage-first heap   total 260096K, used 186208K [0x0000000080000000, 0x0000000100000000)
  region size 1024K, 142 young (145408K), 11 survivors (11264K)
 Metaspace       used 79577K, capacity 81495K, committed 81612K, reserved 1120256K
  class space    used 10275K, capacity 10940K, committed 10956K, reserved 1048576K
}
Event: 6.364 GC heap after
{Heap after GC invocations=12 (full 0):
 garbage-first heap   total 260096K, used 65618K [0x0000000080000000, 0x0000000100000000)
  region size 1024K, 12 young (12288K), 12 survivors (12288K)
 Metaspace       used 79577K, capacity 81495K, committed 81612K, reserved 1120256K
  class space    used 10275K, capacity 10940K, committed 10956K, reserved 1048576K
}
Event: 6.982 GC heap before
{Heap before GC invocations=12 (full 0):
 garbage-first heap   total 260096K, used 191570K [0x0000000080000000, 0x0000000100000000)
  region size 1024K, 136 young (139264K), 12 survivors (12288K)
 Metaspace       used 83331K, capacity 85758K, committed 86092K, reserved 1124352K
  class space    used 10853K, capacity 11754K, committed 11852K, reserved 1048576K
}
Event: 6.992 GC heap after
{Heap after GC invocations=13 (full 0):
 garbage-first heap   total 260096K, used 74580K [0x0000000080000000, 0x0000000100000000)
  region size 1024K, 9 young (9216K), 9 survivors (9216K)
 Metaspace       used 83331K, capacity 85758K, committed 86092K, reserved 1124352K
  class space    used 10853K, capacity 11754K, committed 11852K, reserved 1048576K
}
Event: 7.286 GC heap before
{Heap before GC invocations=13 (full 0):
 garbage-first heap   total 260096K, used 197460K [0x0000000080000000, 0x0000000100000000)
  region size 1024K, 130 young (133120K), 9 survivors (9216K)
 Metaspace       used 85108K, capacity 87663K, committed 87884K, reserved 1124352K
  class space    used 11067K, capacity 11994K, committed 12108K, reserved 1048576K
}
Event: 7.294 GC heap after
{Heap after GC invocations=14 (full 0):
 garbage-first heap   total 260096K, used 80402K [0x0000000080000000, 0x0000000100000000)
  region size 1024K, 15 young (15360K), 15 survivors (15360K)
 Metaspace       used 85108K, capacity 87663K, committed 87884K, reserved 1124352K
  class space    used 11067K, capacity 11994K, committed 12108K, reserved 1048576K
}
Event: 8.673 GC heap before
{Heap before GC invocations=14 (full 0):
 garbage-first heap   total 260096K, used 201234K [0x0000000080000000, 0x0000000100000000)
  region size 1024K, 134 young (137216K), 15 survivors (15360K)
 Metaspace       used 88892K, capacity 91401K, committed 91596K, reserved 1128448K
  class space    used 11507K, capacity 12407K, committed 12492K, reserved 1048576K
}
Event: 8.686 GC heap after
{Heap after GC invocations=15 (full 0):
 garbage-first heap   total 260096K, used 90941K [0x0000000080000000, 0x0000000100000000)
  region size 1024K, 17 young (17408K), 17 survivors (17408K)
 Metaspace       used 88892K, capacity 91401K, committed 91596K, reserved 1128448K
  class space    used 11507K, capacity 12407K, committed 12492K, reserved 1048576K
}
Event: 9.514 GC heap before
{Heap before GC invocations=15 (full 0):
 garbage-first heap   total 260096K, used 205629K [0x0000000080000000, 0x0000000100000000)
  region size 1024K, 128 young (131072K), 17 survivors (17408K)
 Metaspace       used 96548K, capacity 99290K, committed 99532K, reserved 1134592K
  class space    used 12469K, capacity 13482K, committed 13516K, reserved 1048576K
}
Event: 9.530 GC heap after
{Heap after GC invocations=16 (full 0):
 garbage-first heap   total 260096K, used 103263K [0x0000000080000000, 0x0000000100000000)
  region size 1024K, 14 young (14336K), 14 survivors (14336K)
 Metaspace       used 96548K, capacity 99290K, committed 99532K, reserved 1134592K
  class space    used 12469K, capacity 13482K, committed 13516K, reserved 1048576K
}
Event: 9.803 GC heap before
{Heap before GC invocations=16 (full 0):
 garbage-first heap   total 260096K, used 131935K [0x0000000080000000, 0x0000000100000000)
  region size 1024K, 43 young (44032K), 14 survivors (14336K)
 Metaspace       used 97921K, capacity 100706K, committed 100820K, reserved 1136640K
  class space    used 12608K, capacity 13627K, committed 13644K, reserved 1048576K
}
Event: 9.840 GC heap after
{Heap after GC invocations=17 (full 0):
 garbage-first heap   total 260096K, used 110339K [0x0000000080000000, 0x0000000100000000)
  region size 1024K, 8 young (8192K), 8 survivors (8192K)
 Metaspace       used 97921K, capacity 100706K, committed 100820K, reserved 1136640K
  class space    used 12608K, capacity 13627K, committed 13644K, reserved 1048576K
}
Event: 10.535 GC heap before
{Heap before GC invocations=18 (full 0):
 garbage-first heap   total 260096K, used 207619K [0x0000000080000000, 0x0000000100000000)
  region size 1024K, 100 young (102400K), 8 survivors (8192K)
 Metaspace       used 103957K, capacity 106698K, committed 106828K, reserved 1142784K
  class space    used 13308K, capacity 14326K, committed 14412K, reserved 1048576K
}
Event: 10.549 GC heap after
{Heap after GC invocations=19 (full 0):
 garbage-first heap   total 260096K, used 120556K [0x0000000080000000, 0x0000000100000000)
  region size 1024K, 13 young (13312K), 13 survivors (13312K)
 Metaspace       used 103957K, capacity 106698K, committed 106828K, reserved 1142784K
  class space    used 13308K, capacity 14326K, committed 14412K, reserved 1048576K
}
Event: 10.978 GC heap before
{Heap before GC invocations=20 (full 0):
 garbage-first heap   total 260096K, used 203500K [0x0000000080000000, 0x0000000100000000)
  region size 1024K, 96 young (98304K), 13 survivors (13312K)
 Metaspace       used 109918K, capacity 113318K, committed 113484K, reserved 1146880K
  class space    used 14295K, capacity 15599K, committed 15692K, reserved 1048576K
}

Deoptimization events (20 events):
Event: 10.898 Thread 0x00000249095ee800 DEOPT PACKING pc=0x0000024978d6bd04 sp=0x000000fe7ebfc9f0
Event: 10.898 Thread 0x00000249095ee800 DEOPT UNPACKING pc=0x0000024970be78af sp=0x000000fe7ebfc9a0 mode 2
Event: 10.900 Thread 0x00000249095ee800 Uncommon trap: trap_request=0xffffff4d fr.pc=0x0000024978d7e518 relative=0x00000000000003f8
Event: 10.900 Thread 0x0000024910906800 Uncommon trap: trap_request=0xffffff4d fr.pc=0x0000024978d7e518 relative=0x00000000000003f8
Event: 10.900 Thread 0x00000249095ee800 Uncommon trap: reason=unstable_if action=reinterpret pc=0x0000024978d7e518 method=sun.nio.ch.Util$BufferCache.get(I)Ljava/nio/ByteBuffer; @ 25 c2
Event: 10.900 Thread 0x0000024910906800 Uncommon trap: reason=unstable_if action=reinterpret pc=0x0000024978d7e518 method=sun.nio.ch.Util$BufferCache.get(I)Ljava/nio/ByteBuffer; @ 25 c2
Event: 10.900 Thread 0x00000249095ee800 DEOPT PACKING pc=0x0000024978d7e518 sp=0x000000fe7ebfd280
Event: 10.900 Thread 0x0000024910906800 DEOPT PACKING pc=0x0000024978d7e518 sp=0x000000fe7eafd120
Event: 10.900 Thread 0x00000249095ee800 DEOPT UNPACKING pc=0x0000024970be78af sp=0x000000fe7ebfd1d0 mode 2
Event: 10.900 Thread 0x0000024910906800 DEOPT UNPACKING pc=0x0000024970be78af sp=0x000000fe7eafd070 mode 2
Event: 10.932 Thread 0x00000249095ef000 DEOPT PACKING pc=0x0000024972e79eb3 sp=0x000000fe7effc680
Event: 10.932 Thread 0x00000249095ef000 DEOPT UNPACKING pc=0x0000024970be76ce sp=0x000000fe7effbb28 mode 0
Event: 10.933 Thread 0x00000249095ef000 DEOPT PACKING pc=0x0000024972e79eb3 sp=0x000000fe7effc680
Event: 10.933 Thread 0x00000249095ef000 DEOPT UNPACKING pc=0x0000024970be76ce sp=0x000000fe7effbb28 mode 0
Event: 10.934 Thread 0x00000249095ef000 DEOPT PACKING pc=0x0000024972e79eb3 sp=0x000000fe7effc680
Event: 10.934 Thread 0x00000249095ef000 DEOPT UNPACKING pc=0x0000024970be76ce sp=0x000000fe7effbb28 mode 0
Event: 10.951 Thread 0x00000249095ec800 DEOPT PACKING pc=0x0000024972a4802f sp=0x000000fe7eefcbd0
Event: 10.951 Thread 0x00000249095ec800 DEOPT UNPACKING pc=0x0000024970be76ce sp=0x000000fe7eefc070 mode 0
Event: 10.958 Thread 0x00000249095ec800 DEOPT PACKING pc=0x0000024972a4802f sp=0x000000fe7eefccd0
Event: 10.958 Thread 0x00000249095ec800 DEOPT UNPACKING pc=0x0000024970be76ce sp=0x000000fe7eefc170 mode 0

Classes redefined (0 events):
No events

Internal exceptions (20 events):
Event: 10.689 Thread 0x000002491090b800 Exception <a 'java/lang/IncompatibleClassChangeError'{0x000000008e974560}: Found class java.lang.Object, but interface was expected> (0x000000008e974560) thrown at [./src/hotspot/share/interpreter/linkResolver.cpp, line 839]
Event: 10.693 Thread 0x00000249095e9800 Exception <a 'java/lang/NoSuchMethodError'{0x000000008e808420}: 'void java.lang.invoke.DirectMethodHandle$Holder.invokeVirtual(java.lang.Object, java.lang.Object, int, java.lang.Object)'> (0x000000008e808420) thrown at [./src/hotspot/share/interpreter/linkResolver.cpp, line 773]
Event: 10.693 Thread 0x0000024910906800 Exception <a 'java/lang/NoSuchMethodError'{0x000000008eaea198}: 'void java.lang.invoke.DirectMethodHandle$Holder.invokeVirtual(java.lang.Object, java.lang.Object, int, java.lang.Object)'> (0x000000008eaea198) thrown at [./src/hotspot/share/interpreter/linkResolver.cpp, line 773]
Event: 10.693 Thread 0x00000249095ee800 Exception <a 'java/lang/NoSuchMethodError'{0x000000008eabe0e8}: 'void java.lang.invoke.DirectMethodHandle$Holder.invokeVirtual(java.lang.Object, java.lang.Object, int, java.lang.Object)'> (0x000000008eabe0e8) thrown at [./src/hotspot/share/interpreter/linkResolver.cpp, line 773]
Event: 10.693 Thread 0x00000249095ed800 Exception <a 'java/lang/NoSuchMethodError'{0x000000008eaa6eb0}: 'void java.lang.invoke.DirectMethodHandle$Holder.invokeVirtual(java.lang.Object, java.lang.Object, int, java.lang.Object)'> (0x000000008eaa6eb0) thrown at [./src/hotspot/share/interpreter/linkResolver.cpp, line 773]
Event: 10.741 Thread 0x000002491090b800 Exception <a 'java/lang/NoSuchMethodError'{0x000000008e43ee68}: 'java.lang.Object java.lang.invoke.DirectMethodHandle$Holder.newInvokeSpecial(java.lang.Object, int)'> (0x000000008e43ee68) thrown at [./src/hotspot/share/interpreter/linkResolver.cpp, line 773]
Event: 10.821 Thread 0x00000249095ee800 Exception <a 'java/lang/NoSuchMethodError'{0x000000008cebc938}: 'void java.lang.invoke.DirectMethodHandle$Holder.invokeSpecial(java.lang.Object, java.lang.Object, int, java.lang.Object, java.lang.Object, java.lang.Object, java.lang.Object)'> (0x000000008cebc938) thrown at [./src/hotspot/share/interpreter/linkResolver.cpp, line 773]
Event: 10.821 Thread 0x0000024910906800 Exception <a 'java/lang/NoSuchMethodError'{0x000000008cea0220}: 'void java.lang.invoke.DirectMethodHandle$Holder.invokeSpecial(java.lang.Object, java.lang.Object, int, java.lang.Object, java.lang.Object, java.lang.Object, java.lang.Object)'> (0x000000008cea0220) thrown at [./src/hotspot/share/interpreter/linkResolver.cpp, line 773]
Event: 10.822 Thread 0x0000024910906800 Exception <a 'java/lang/NoSuchMethodError'{0x000000008cea6df0}: 'java.lang.Object java.lang.invoke.DirectMethodHandle$Holder.invokeSpecial(java.lang.Object, java.lang.Object, java.lang.Object, int, java.lang.Object, java.lang.Object, java.lang.Object)'> (0x000000008cea6df0) thrown at [./src/hotspot/share/interpreter/linkResolver.cpp, line 773]
Event: 10.822 Thread 0x00000249095ee800 Exception <a 'java/lang/NoSuchMethodError'{0x000000008cdba1b8}: 'java.lang.Object java.lang.invoke.Invokers$Holder.linkToTargetMethod(java.lang.Object, int, java.lang.Object, java.lang.Object, java.lang.Object, java.lang.Object)'> (0x000000008cdba1b8) thrown at [./src/hotspot/share/interpreter/linkResolver.cpp, line 773]
Event: 10.822 Thread 0x0000024910906800 Exception <a 'java/lang/NoSuchMethodError'{0x000000008ceaa3b8}: 'java.lang.Object java.lang.invoke.Invokers$Holder.linkToTargetMethod(java.lang.Object, int, java.lang.Object, java.lang.Object, java.lang.Object, java.lang.Object)'> (0x000000008ceaa3b8) thrown at [./src/hotspot/share/interpreter/linkResolver.cpp, line 773]
Event: 10.823 Thread 0x00000249095ee800 Exception <a 'java/lang/NoSuchMethodError'{0x000000008cdbde70}: 'void java.lang.invoke.DirectMethodHandle$Holder.invokeSpecial(java.lang.Object, java.lang.Object, java.lang.Object, java.lang.Object, java.lang.Object, java.lang.Object, java.lang.Object, java.lang.Object, java.lang.Object)'> (0x000000008cdbde70) thrown at [./src/hotspot/share/interpreter/linkResolver.cpp, line 773]
Event: 10.823 Thread 0x0000024910906800 Exception <a 'java/lang/NoSuchMethodError'{0x000000008cead9b8}: 'void java.lang.invoke.DirectMethodHandle$Holder.invokeSpecial(java.lang.Object, java.lang.Object, java.lang.Object, java.lang.Object, java.lang.Object, java.lang.Object, java.lang.Object, java.lang.Object, java.lang.Object)'> (0x000000008cead9b8) thrown at [./src/hotspot/share/interpreter/linkResolver.cpp, line 773]
Event: 10.827 Thread 0x0000024910906800 Exception <a 'java/lang/NoSuchMethodError'{0x000000008cc37110}: 'void java.lang.invoke.DirectMethodHandle$Holder.invokeStatic(java.lang.Object, java.lang.Object, java.lang.Object, java.lang.Object, java.lang.Object, java.lang.Object, java.lang.Object, java.lang.Object)'> (0x000000008cc37110) thrown at [./src/hotspot/share/interpreter/linkResolver.cpp, line 773]
Event: 10.827 Thread 0x00000249095ee800 Exception <a 'java/lang/NoSuchMethodError'{0x000000008cc56500}: 'void java.lang.invoke.DirectMethodHandle$Holder.invokeStatic(java.lang.Object, java.lang.Object, java.lang.Object, java.lang.Object, java.lang.Object, java.lang.Object, java.lang.Object, java.lang.Object)'> (0x000000008cc56500) thrown at [./src/hotspot/share/interpreter/linkResolver.cpp, line 773]
Event: 10.856 Thread 0x0000024910906800 Exception <a 'java/lang/IncompatibleClassChangeError'{0x000000008c576fa0}: Found class java.lang.Object, but interface was expected> (0x000000008c576fa0) thrown at [./src/hotspot/share/interpreter/linkResolver.cpp, line 839]
Event: 10.856 Thread 0x00000249095ee800 Exception <a 'java/lang/IncompatibleClassChangeError'{0x000000008c59b390}: Found class java.lang.Object, but interface was expected> (0x000000008c59b390) thrown at [./src/hotspot/share/interpreter/linkResolver.cpp, line 839]
Event: 10.884 Thread 0x0000024910906800 Exception <a 'java/lang/NoSuchMethodError'{0x000000008bfd5ac8}: 'void java.lang.invoke.DirectMethodHandle$Holder.invokeVirtual(java.lang.Object, java.lang.Object, int)'> (0x000000008bfd5ac8) thrown at [./src/hotspot/share/interpreter/linkResolver.cpp, line 773]
Event: 10.884 Thread 0x00000249095ee800 Exception <a 'java/lang/NoSuchMethodError'{0x000000008bfb3d60}: 'void java.lang.invoke.DirectMethodHandle$Holder.invokeVirtual(java.lang.Object, java.lang.Object, int)'> (0x000000008bfb3d60) thrown at [./src/hotspot/share/interpreter/linkResolver.cpp, line 773]
Event: 10.896 Thread 0x000002491090b800 Exception <a 'sun/nio/fs/WindowsException'{0x000000008bd88458}> (0x000000008bd88458) thrown at [./src/hotspot/share/prims/jni.cpp, line 615]

Events (20 events):
Event: 10.896 loading class com/android/tools/r8/internal/B7 done
Event: 10.896 loading class com/android/tools/r8/internal/A7
Event: 10.896 loading class com/android/tools/r8/internal/A7 done
Event: 10.896 loading class com/android/tools/r8/internal/z7
Event: 10.896 loading class com/android/tools/r8/internal/z7 done
Event: 10.897 loading class java/util/zip/Deflater
Event: 10.897 loading class java/util/zip/Deflater done
Event: 10.898 loading class java/util/zip/Deflater$DeflaterZStreamRef
Event: 10.898 loading class java/util/zip/Deflater$DeflaterZStreamRef done
Event: 10.898 loading class java/util/zip/ZipOutputStream$XEntry
Event: 10.898 loading class java/util/zip/ZipOutputStream$XEntry done
Event: 10.900 loading class java/util/Vector$Itr
Event: 10.900 loading class java/util/Vector$Itr done
Event: 10.900 Executing VM operation: RevokeBias
Event: 10.901 Executing VM operation: RevokeBias done
Event: 10.944 loading class com/android/tools/r8/internal/Mh
Event: 10.944 loading class com/android/tools/r8/internal/Mh done
Event: 10.944 loading class com/android/tools/r8/internal/E
Event: 10.944 loading class com/android/tools/r8/internal/E done
Event: 10.978 Executing VM operation: G1CollectForAllocation


Dynamic libraries:
0x00007ff72b130000 - 0x00007ff72b13a000 	C:\Program Files\Android\Android Studio\jre\bin\java.exe
0x00007ff91a0a0000 - 0x00007ff91a2a7000 	C:\WINDOWS\SYSTEM32\ntdll.dll
0x00007ff919b50000 - 0x00007ff919c0d000 	C:\WINDOWS\System32\KERNEL32.DLL
0x00007ff917810000 - 0x00007ff917b84000 	C:\WINDOWS\System32\KERNELBASE.dll
0x00007ff917b90000 - 0x00007ff917ca1000 	C:\WINDOWS\System32\ucrtbase.dll
0x00007ff907a40000 - 0x00007ff907a59000 	C:\Program Files\Android\Android Studio\jre\bin\jli.dll
0x00007ff908630000 - 0x00007ff908647000 	C:\Program Files\Android\Android Studio\jre\bin\VCRUNTIME140.dll
0x00007ff919de0000 - 0x00007ff919f8c000 	C:\WINDOWS\System32\USER32.dll
0x00007ff9176f0000 - 0x00007ff917716000 	C:\WINDOWS\System32\win32u.dll
0x00007ff8feac0000 - 0x00007ff8fed65000 	C:\WINDOWS\WinSxS\amd64_microsoft.windows.common-controls_6595b64144ccf1df_6.0.22000.120_none_9d947278b86cc467\COMCTL32.dll
0x00007ff918aa0000 - 0x00007ff918ac9000 	C:\WINDOWS\System32\GDI32.dll
0x00007ff9199b0000 - 0x00007ff919a53000 	C:\WINDOWS\System32\msvcrt.dll
0x00007ff917cb0000 - 0x00007ff917dc2000 	C:\WINDOWS\System32\gdi32full.dll
0x00007ff917650000 - 0x00007ff9176ed000 	C:\WINDOWS\System32\msvcp_win.dll
0x00007ff919200000 - 0x00007ff919231000 	C:\WINDOWS\System32\IMM32.DLL
0x00007ff8dfaa0000 - 0x00007ff8dfb3d000 	C:\Program Files\Android\Android Studio\jre\bin\msvcp140.dll
0x00007ff8be0e0000 - 0x00007ff8bebaf000 	C:\Program Files\Android\Android Studio\jre\bin\server\jvm.dll
0x00007ff918850000 - 0x00007ff9188fe000 	C:\WINDOWS\System32\ADVAPI32.dll
0x00007ff919040000 - 0x00007ff9190de000 	C:\WINDOWS\System32\sechost.dll
0x00007ff918910000 - 0x00007ff918a30000 	C:\WINDOWS\System32\RPCRT4.dll
0x00007ff918900000 - 0x00007ff918908000 	C:\WINDOWS\System32\PSAPI.DLL
0x00007ff8f6b30000 - 0x00007ff8f6b39000 	C:\WINDOWS\SYSTEM32\WSOCK32.dll
0x00007ff909200000 - 0x00007ff909233000 	C:\WINDOWS\SYSTEM32\WINMM.dll
0x00007ff912490000 - 0x00007ff91249a000 	C:\WINDOWS\SYSTEM32\VERSION.dll
0x00007ff918ad0000 - 0x00007ff918b3f000 	C:\WINDOWS\System32\WS2_32.dll
0x00007ff916780000 - 0x00007ff916798000 	C:\WINDOWS\SYSTEM32\kernel.appcore.dll
0x00007ff8be0c0000 - 0x00007ff8be0d1000 	C:\Program Files\Android\Android Studio\jre\bin\verify.dll
0x00007ff905910000 - 0x00007ff905b31000 	C:\WINDOWS\SYSTEM32\DBGHELP.DLL
0x00007ff903f40000 - 0x00007ff903f71000 	C:\WINDOWS\SYSTEM32\dbgcore.DLL
0x00007ff917720000 - 0x00007ff91779f000 	C:\WINDOWS\System32\bcryptPrimitives.dll
0x00007ff8be090000 - 0x00007ff8be0b9000 	C:\Program Files\Android\Android Studio\jre\bin\java.dll
0x00007ff8f5df0000 - 0x00007ff8f5dfb000 	C:\Program Files\Android\Android Studio\jre\bin\jimage.dll
0x00007ff8be070000 - 0x00007ff8be088000 	C:\Program Files\Android\Android Studio\jre\bin\zip.dll
0x00007ff9180a0000 - 0x00007ff91884e000 	C:\WINDOWS\System32\SHELL32.dll
0x00007ff915710000 - 0x00007ff915f77000 	C:\WINDOWS\SYSTEM32\windows.storage.dll
0x00007ff9194e0000 - 0x00007ff919858000 	C:\WINDOWS\System32\combase.dll
0x00007ff9155a0000 - 0x00007ff915706000 	C:\WINDOWS\SYSTEM32\wintypes.dll
0x00007ff919a60000 - 0x00007ff919b4a000 	C:\WINDOWS\System32\SHCORE.dll
0x00007ff919ff0000 - 0x00007ff91a04d000 	C:\WINDOWS\System32\shlwapi.dll
0x00007ff9174c0000 - 0x00007ff9174e1000 	C:\WINDOWS\SYSTEM32\profapi.dll
0x00007ff8bcc40000 - 0x00007ff8bcc5a000 	C:\Program Files\Android\Android Studio\jre\bin\net.dll
0x00007ff9126b0000 - 0x00007ff9127bc000 	C:\WINDOWS\SYSTEM32\WINHTTP.dll
0x00007ff916bb0000 - 0x00007ff916c17000 	C:\WINDOWS\system32\mswsock.dll
0x00007ff8bcc20000 - 0x00007ff8bcc34000 	C:\Program Files\Android\Android Studio\jre\bin\nio.dll
0x00007ff910960000 - 0x00007ff910987000 	D:\aa\native\8bec1ad78214c89d9ad589b4d07fe93259594b29d510b10fafb7a158f7737e5d\windows-amd64\native-platform.dll
0x00007ff8b2ef0000 - 0x00007ff8b302d000 	D:\aa\native\53dbd7edfb1c66fb8903c78663c9afc45aea4f116125fa6feffd364cf09443e8\windows-amd64\native-platform-file-events.dll
0x00007ff8f51e0000 - 0x00007ff8f51ea000 	C:\Program Files\Android\Android Studio\jre\bin\management.dll
0x00007ff8f4d10000 - 0x00007ff8f4d1c000 	C:\Program Files\Android\Android Studio\jre\bin\management_ext.dll
0x00007ff916df0000 - 0x00007ff916e08000 	C:\WINDOWS\SYSTEM32\CRYPTSP.dll
0x00007ff9166e0000 - 0x00007ff916715000 	C:\WINDOWS\system32\rsaenh.dll
0x00007ff916ca0000 - 0x00007ff916cc9000 	C:\WINDOWS\SYSTEM32\USERENV.dll
0x00007ff916f70000 - 0x00007ff916f97000 	C:\WINDOWS\SYSTEM32\bcrypt.dll
0x00007ff916e10000 - 0x00007ff916e1c000 	C:\WINDOWS\SYSTEM32\CRYPTBASE.dll
0x00007ff9162b0000 - 0x00007ff9162dd000 	C:\WINDOWS\SYSTEM32\IPHLPAPI.DLL
0x00007ff918b40000 - 0x00007ff918b49000 	C:\WINDOWS\System32\NSI.dll
0x00007ff9127d0000 - 0x00007ff9127e9000 	C:\WINDOWS\SYSTEM32\dhcpcsvc6.DLL
0x00007ff912a80000 - 0x00007ff912a9e000 	C:\WINDOWS\SYSTEM32\dhcpcsvc.DLL
0x00007ff9162e0000 - 0x00007ff9163c7000 	C:\WINDOWS\SYSTEM32\DNSAPI.dll

dbghelp: loaded successfully - version: 4.0.5 - missing functions: none
symbol engine: initialized successfully - sym options: 0x614 - pdb path: .;C:\Program Files\Android\Android Studio\jre\bin;C:\WINDOWS\SYSTEM32;C:\WINDOWS\WinSxS\amd64_microsoft.windows.common-controls_6595b64144ccf1df_6.0.22000.120_none_9d947278b86cc467;C:\Program Files\Android\Android Studio\jre\bin\server;D:\aa\native\8bec1ad78214c89d9ad589b4d07fe93259594b29d510b10fafb7a158f7737e5d\windows-amd64;D:\aa\native\53dbd7edfb1c66fb8903c78663c9afc45aea4f116125fa6feffd364cf09443e8\windows-amd64

VM Arguments:
jvm_args: --add-opens=java.base/java.util=ALL-UNNAMED --add-opens=java.base/java.lang=ALL-UNNAMED --add-opens=java.base/java.lang.invoke=ALL-UNNAMED --add-opens=java.base/java.util=ALL-UNNAMED --add-opens=java.prefs/java.util.prefs=ALL-UNNAMED --add-opens=java.prefs/java.util.prefs=ALL-UNNAMED --add-opens=java.base/java.nio.charset=ALL-UNNAMED --add-opens=java.base/java.net=ALL-UNNAMED --add-opens=java.base/java.util.concurrent.atomic=ALL-UNNAMED -Xmx2048m -Dfile.encoding=UTF-8 -Duser.country=IN -Duser.language=en -Duser.variant 
java_command: org.gradle.launcher.daemon.bootstrap.GradleDaemon 7.0.2
java_class_path (initial): D:\aa\wrapper\dists\gradle-7.0.2-bin\857tjihv64xamwrf0h14cai3r\gradle-7.0.2\lib\gradle-launcher-7.0.2.jar
Launcher Type: SUN_STANDARD

[Global flags]
     intx CICompilerCount                          = 4                                         {product} {ergonomic}
     uint ConcGCThreads                            = 3                                         {product} {ergonomic}
     uint G1ConcRefinementThreads                  = 10                                        {product} {ergonomic}
   size_t G1HeapRegionSize                         = 1048576                                   {product} {ergonomic}
    uintx GCDrainStackTargetSize                   = 64                                        {product} {ergonomic}
   size_t InitialHeapSize                          = 266338304                                 {product} {ergonomic}
   size_t MarkStackSize                            = 4194304                                   {product} {ergonomic}
   size_t MaxHeapSize                              = 2147483648                                {product} {command line}
   size_t MaxNewSize                               = 1287651328                                {product} {ergonomic}
   size_t MinHeapDeltaBytes                        = 1048576                                   {product} {ergonomic}
    uintx NonNMethodCodeHeapSize                   = 5836300                                {pd product} {ergonomic}
    uintx NonProfiledCodeHeapSize                  = 122910970                              {pd product} {ergonomic}
    uintx ProfiledCodeHeapSize                     = 122910970                              {pd product} {ergonomic}
    uintx ReservedCodeCacheSize                    = 251658240                              {pd product} {ergonomic}
     bool SegmentedCodeCache                       = true                                      {product} {ergonomic}
     bool UseCompressedClassPointers               = true                                 {lp64_product} {ergonomic}
     bool UseCompressedOops                        = true                                 {lp64_product} {ergonomic}
     bool UseG1GC                                  = true                                      {product} {ergonomic}
     bool UseLargePagesIndividualAllocation        = false                                  {pd product} {ergonomic}

Logging:
Log output configuration:
 #0: stdout all=warning uptime,level,tags
 #1: stderr all=off uptime,level,tags

Environment Variables:
JAVA_HOME=C:\Program Files\Java\jdk-15.0.2
PATH=C:\MinGW;C:\MinGW\bin;C:\Program Files\Java\jdk-15.0.2\bin;C:\Program Files\Common Files\Oracle\Java\javapath;C:\Windows\system32;C:\Windows;C:\Windows\System32\Wbem;C:\Windows\System32\WindowsPowerShell\v1.0\;C:\Windows\System32\OpenSSH\;C:\Program Files (x86)\NVIDIA Corporation\PhysX\Common;C:\Program Files\NVIDIA Corporation\NVIDIA NvDLISR;C:\WINDOWS\system32;C:\WINDOWS;C:\WINDOWS\System32\Wbem;C:\WINDOWS\System32\WindowsPowerShell\v1.0\;C:\WINDOWS\System32\OpenSSH\;C:\Program Files\Git\cmd;C:\Program Files\dotnet\;C:\Users\Deepak\Desktop\gradle1\gradle-7.0.1\bin;C:\Users\Deepak\Desktop\gradle1\gradle-7.0.1;C:\Program Files\nodejs;C:\Program Files\Google\Google Apps Sync\;C:\Program Files\Google\Google Apps Migration\;C:\Program Files\Microsoft SQL Server\150\Tools\Binn\;C:\Program Files\Microsoft SQL Server\Client SDK\ODBC\170\Tools\Binn\;C:\Users\Deepak\anaconda3;C:\Users\Deepak\anaconda3\Library\mingw-w64\bin;C:\Users\Deepak\anaconda3\Library\usr\bin;C:\Users\Deepak\anaconda3\Library\bin;C:\Users\Deepak\anaconda3\Scripts;C:\Program Files\MySQL\MySQL Shell 8.0\bin\;C:\src\flutter\flutter\bin;C:\Users\Deepak\AppData\Local\Programs\Python\Python39\Scripts\;C:\Users\Deepak\AppData\Local\Programs\Python\Python39\;C:\Program Files\Java\jdk-15.0.2\bin;C:\Program Files\JetBrains\IntelliJ IDEA 2020.3.2\bin;;C:\Users\Deepak\AppData\Local\Microsoft\WindowsApps;C:\Users\Deepak\AppData\Local\Programs\Microsoft VS Code\bin;C:\Users\Deepak\AppData\Local\Programs\radare2\bin;C:\Modeltech_eval_6.2c\win32;C:\Modeltech_6.2c\win32;C:\Program Files\JetBrains\IntelliJ IDEA Community Edition 2021.1.2\bin;;C:\Program Files\JetBrains\PyCharm Community Edition 2021.1.2\bin;;C:\Users\Deepak\AppData\Roaming\npm;C:\Users\Deepak\AppData\Local\GitHubDesktop\bin;C:\Users\Deepak\.dotnet\tools
USERNAME=Deepak
OS=Windows_NT
PROCESSOR_IDENTIFIER=Intel64 Family 6 Model 158 Stepping 10, GenuineIntel



---------------  S Y S T E M  ---------------

OS: Windows 10 , 64 bit Build 22000 (10.0.22000.434)
OS uptime: 0 days 19:56 hours

CPU:total 12 (initial active 12) (6 cores per cpu, 2 threads per core) family 6 model 158 stepping 10 microcode 0xde, cmov, cx8, fxsr, mmx, sse, sse2, sse3, ssse3, sse4.1, sse4.2, popcnt, avx, avx2, aes, clmul, erms, 3dnowpref, lzcnt, ht, tsc, tscinvbit, bmi1, bmi2, adx, fma

Memory: 4k page, system-wide physical 16225M (2539M free)
TotalPageFile size 16225M (AvailPageFile size 30M)
current process WorkingSet (physical memory assigned to process): 571M, peak: 574M
current process commit charge ("private bytes"): 610M, peak: 663M

vm_info: OpenJDK 64-Bit Server VM (11.0.10+0-b96-7249189) for windows-amd64 JRE (11.0.10+0-b96-7249189), built on Mar 31 2021 21:44:00 by "builder" with MS VC++ 14.0 (VS2015)

END.
