#
# There is insufficient memory for the Java Runtime Environment to continue.
# Native memory allocation (mmap) failed to map 67108864 bytes for Failed to commit area from 0x0000000094000000 to 0x0000000098000000 of length 67108864.
# Possible reasons:
#   The system is out of physical RAM or swap space
#   The process is running with CompressedOops enabled, and the Java Heap may be blocking the growth of the native heap
# Possible solutions:
#   Reduce memory load on the system
#   Increase physical memory or swap space
#   Check if swap backing store is full
#   Decrease Java heap size (-Xmx/-Xms)
#   Decrease number of Java threads
#   Decrease Java thread stack sizes (-Xss)
#   Set larger code cache with -XX:ReservedCodeCacheSize=
#   JVM is running with Unscaled Compressed Oops mode in which the Java heap is
#     placed in the first 4GB address space. The Java Heap base address is the
#     maximum limit for the native heap growth. Please use -XX:HeapBaseMinAddress
#     to set the Java Heap base and to place the Java Heap above 4GB virtual address.
# This output file may be truncated or incomplete.
#
#  Out of Memory Error (./src/hotspot/os/windows/os_windows.cpp:3301), pid=12832, tid=18216
#
# JRE version: OpenJDK Runtime Environment (11.0.10) (build 11.0.10+0-b96-7249189)
# Java VM: OpenJDK 64-Bit Server VM (11.0.10+0-b96-7249189, mixed mode, tiered, compressed oops, g1 gc, windows-amd64)
# No core dump will be written. Minidumps are not enabled by default on client versions of Windows
#

---------------  S U M M A R Y ------------

Command Line: --add-opens=java.base/java.util=ALL-UNNAMED --add-opens=java.base/java.lang=ALL-UNNAMED --add-opens=java.base/java.lang.invoke=ALL-UNNAMED --add-opens=java.base/java.util=ALL-UNNAMED --add-opens=java.prefs/java.util.prefs=ALL-UNNAMED --add-opens=java.prefs/java.util.prefs=ALL-UNNAMED --add-opens=java.base/java.nio.charset=ALL-UNNAMED --add-opens=java.base/java.net=ALL-UNNAMED --add-opens=java.base/java.util.concurrent.atomic=ALL-UNNAMED -Xmx2048m -Dfile.encoding=UTF-8 -Duser.country=IN -Duser.language=en -Duser.variant org.gradle.launcher.daemon.bootstrap.GradleDaemon 7.0.2

Host: Intel(R) Core(TM) i7-9750H CPU @ 2.60GHz, 12 cores, 15G,  Windows 10 , 64 bit Build 22000 (10.0.22000.434)
Time: Sun Jan 30 17:21:17 2022 India Standard Time elapsed time: 10.292087 seconds (0d 0h 0m 10s)

---------------  T H R E A D  ---------------

Current thread (0x000001895a2b8800):  VMThread "VM Thread" [stack: 0x0000002fe1900000,0x0000002fe1a00000] [id=18216]

Stack: [0x0000002fe1900000,0x0000002fe1a00000]
[error occurred during error reporting (printing stack bounds), id 0xc0000005, EXCEPTION_ACCESS_VIOLATION (0xc0000005) at pc=0x0000018942490f2d]

Native frames: (J=compiled Java code, j=interpreted, Vv=VM code, C=native code)
V  [jvm.dll+0x5ecfaa]
V  [jvm.dll+0x722bd5]
V  [jvm.dll+0x72412d]
V  [jvm.dll+0x724745]
V  [jvm.dll+0x7246fb]
V  [jvm.dll+0x5ec348]
V  [jvm.dll+0x5ecad8]
C  [ntdll.dll+0xa82ff]
C  [ntdll.dll+0x35a0a]
C  [ntdll.dll+0xa730e]
C  0x0000018942490f2d

VM_Operation (0x0000002fe73fd680): G1CollectForAllocation, mode: safepoint, requested by thread 0x00000189611b6000


---------------  P R O C E S S  ---------------

Threads class SMR info:
_java_thread_list=0x00000189676b7390, length=102, elements={
0x000001893d1cf800, 0x000001895a2bc800, 0x000001895a2c7000, 0x000001895a319800,
0x000001895a31b800, 0x000001895a31c800, 0x000001895a31f000, 0x000001895a320000,
0x000001895a32d000, 0x000001895a488800, 0x000001895ca7d000, 0x000001895a606800,
0x000001895a8ae000, 0x000001895c58a000, 0x000001895c656800, 0x000001895b8ee800,
0x000001895c4b3800, 0x000001895be67000, 0x000001895bc5a800, 0x000001895d3fa800,
0x000001895d008000, 0x000001895d00a800, 0x000001895d009000, 0x000001895d009800,
0x000001895d00b000, 0x000001895d00c000, 0x000001895d00d000, 0x000001895d007000,
0x000001895d00d800, 0x000001895da0b000, 0x000001895d477000, 0x000001895d475800,
0x000001895d473000, 0x000001895d471000, 0x000001895d472000, 0x000001895d479800,
0x000001895d478800, 0x000001895d473800, 0x000001895d47f000, 0x000001895d47d800,
0x000001895d480000, 0x000001895d47c800, 0x000001895d47c000, 0x000001895d47a000,
0x000001895d47e800, 0x000001895d47b000, 0x00000189613de800, 0x00000189613e5000,
0x00000189613e0000, 0x00000189613e0800, 0x00000189613e2800, 0x00000189613df000,
0x00000189613e3000, 0x00000189613e4000, 0x00000189613e5800, 0x00000189613e6800,
0x00000189613e7800, 0x00000189613e1800, 0x00000189613e8000, 0x00000189613ed000,
0x00000189613e9800, 0x00000189613ea800, 0x00000189613eb800, 0x00000189611aa000,
0x00000189611ab800, 0x00000189611a9000, 0x00000189611ac800, 0x00000189611aa800,
0x00000189611a8000, 0x00000189611b2000, 0x00000189611ad000, 0x00000189611b1000,
0x00000189611b3000, 0x00000189611b3800, 0x00000189611ae000, 0x00000189611b4800,
0x00000189611af800, 0x00000189611ae800, 0x00000189611b6000, 0x00000189611b5800,
0x00000189611b0800, 0x00000189611b7000, 0x00000189601e8800, 0x00000189601ec000,
0x00000189601ed000, 0x00000189601e7000, 0x00000189601e9800, 0x00000189601ed800,
0x00000189601eb000, 0x00000189601ea800, 0x00000189601e8000, 0x00000189601f2800,
0x00000189601f3800, 0x00000189601f4000, 0x00000189601ee800, 0x00000189601f5000,
0x00000189601ef000, 0x00000189601f0000, 0x00000189601f1000, 0x00000189601f1800,
0x00000189601f5800, 0x0000018967964000
}

Java Threads: ( => current thread )
  0x000001893d1cf800 JavaThread "main" [_thread_blocked, id=13828, stack(0x0000002fe1300000,0x0000002fe1400000)]
  0x000001895a2bc800 JavaThread "Reference Handler" daemon [_thread_blocked, id=12660, stack(0x0000002fe1a00000,0x0000002fe1b00000)]
  0x000001895a2c7000 JavaThread "Finalizer" daemon [_thread_blocked, id=20032, stack(0x0000002fe1b00000,0x0000002fe1c00000)]
  0x000001895a319800 JavaThread "Signal Dispatcher" daemon [_thread_blocked, id=1808, stack(0x0000002fe1c00000,0x0000002fe1d00000)]
  0x000001895a31b800 JavaThread "Attach Listener" daemon [_thread_blocked, id=12444, stack(0x0000002fe1d00000,0x0000002fe1e00000)]
  0x000001895a31c800 JavaThread "Service Thread" daemon [_thread_blocked, id=5624, stack(0x0000002fe1e00000,0x0000002fe1f00000)]
  0x000001895a31f000 JavaThread "C2 CompilerThread0" daemon [_thread_in_native, id=17800, stack(0x0000002fe1f00000,0x0000002fe2000000)]
  0x000001895a320000 JavaThread "C1 CompilerThread0" daemon [_thread_blocked, id=18008, stack(0x0000002fe2000000,0x0000002fe2100000)]
  0x000001895a32d000 JavaThread "Sweeper thread" daemon [_thread_blocked, id=5656, stack(0x0000002fe2100000,0x0000002fe2200000)]
  0x000001895a488800 JavaThread "Common-Cleaner" daemon [_thread_blocked, id=11772, stack(0x0000002fe2200000,0x0000002fe2300000)]
  0x000001895ca7d000 JavaThread "Daemon health stats" [_thread_blocked, id=9540, stack(0x0000002fe2b00000,0x0000002fe2c00000)]
  0x000001895a606800 JavaThread "Incoming local TCP Connector on port 59656" [_thread_in_native, id=2044, stack(0x0000002fe2400000,0x0000002fe2500000)]
  0x000001895a8ae000 JavaThread "Daemon periodic checks" [_thread_blocked, id=6136, stack(0x0000002fe2500000,0x0000002fe2600000)]
  0x000001895c58a000 JavaThread "Daemon" [_thread_blocked, id=18828, stack(0x0000002fe2c00000,0x0000002fe2d00000)]
  0x000001895c656800 JavaThread "Handler for socket connection from /127.0.0.1:59656 to /127.0.0.1:59657" [_thread_in_native, id=6888, stack(0x0000002fe2d00000,0x0000002fe2e00000)]
  0x000001895b8ee800 JavaThread "C2 CompilerThread1" daemon [_thread_blocked, id=3812, stack(0x0000002fe2e00000,0x0000002fe2f00000)]
  0x000001895c4b3800 JavaThread "Cancel handler" [_thread_blocked, id=17368, stack(0x0000002fe2f00000,0x0000002fe3000000)]
  0x000001895be67000 JavaThread "Daemon worker" [_thread_blocked, id=1536, stack(0x0000002fe3000000,0x0000002fe3100000)]
  0x000001895bc5a800 JavaThread "Asynchronous log dispatcher for DefaultDaemonConnection: socket connection from /127.0.0.1:59656 to /127.0.0.1:59657" [_thread_blocked, id=1136, stack(0x0000002fe3100000,0x0000002fe3200000)]
  0x000001895d3fa800 JavaThread "Stdin handler" [_thread_blocked, id=18944, stack(0x0000002fe3200000,0x0000002fe3300000)]
  0x000001895d008000 JavaThread "Daemon client event forwarder" [_thread_blocked, id=11988, stack(0x0000002fe3300000,0x0000002fe3400000)]
  0x000001895d00a800 JavaThread "Cache worker for file hash cache (D:\aa\caches\7.0.2\fileHashes)" [_thread_blocked, id=12636, stack(0x0000002fe3400000,0x0000002fe3500000)]
  0x000001895d009000 JavaThread "File lock request listener" [_thread_in_native, id=15080, stack(0x0000002fe3500000,0x0000002fe3600000)]
  0x000001895d009800 JavaThread "Cache worker for journal cache (D:\aa\caches\journal-1)" [_thread_blocked, id=17704, stack(0x0000002fe3c00000,0x0000002fe3d00000)]
  0x000001895d00b000 JavaThread "Cache worker for file hash cache (D:\app_dev\QuizApp\.gradle\7.0.2\fileHashes)" [_thread_blocked, id=19344, stack(0x0000002fe3d00000,0x0000002fe3e00000)]
  0x000001895d00c000 JavaThread "File watcher server" daemon [_thread_blocked, id=1160, stack(0x0000002fe3e00000,0x0000002fe3f00000)]
  0x000001895d00d000 JavaThread "File watcher consumer" daemon [_thread_blocked, id=11868, stack(0x0000002fe3f00000,0x0000002fe4000000)]
  0x000001895d007000 JavaThread "Cache worker for checksums cache (D:\app_dev\QuizApp\.gradle\checksums)" [_thread_blocked, id=13488, stack(0x0000002fe4000000,0x0000002fe4100000)]
  0x000001895d00d800 JavaThread "Cache worker for cache directory md-supplier (D:\aa\caches\7.0.2\md-supplier)" [_thread_blocked, id=11100, stack(0x0000002fe4100000,0x0000002fe4200000)]
  0x000001895da0b000 JavaThread "C2 CompilerThread2" daemon [_thread_in_native, id=10508, stack(0x0000002fe4200000,0x0000002fe4300000)]
  0x000001895d477000 JavaThread "Cache worker for cache directory md-rule (D:\aa\caches\7.0.2\md-rule)" [_thread_blocked, id=17356, stack(0x0000002fe4300000,0x0000002fe4400000)]
  0x000001895d475800 JavaThread "Cache worker for execution history cache (D:\aa\caches\7.0.2\executionHistory)" [_thread_blocked, id=3096, stack(0x0000002fe4400000,0x0000002fe4500000)]
  0x000001895d473000 JavaThread "jar transforms" [_thread_blocked, id=14248, stack(0x0000002fe4500000,0x0000002fe4600000)]
  0x000001895d471000 JavaThread "jar transforms Thread 2" [_thread_blocked, id=15160, stack(0x0000002fe4600000,0x0000002fe4700000)]
  0x000001895d472000 JavaThread "Cache worker for file content cache (D:\aa\caches\7.0.2\fileContent)" [_thread_blocked, id=12944, stack(0x0000002fe4700000,0x0000002fe4800000)]
  0x000001895d479800 JavaThread "Cache worker for dependencies-accessors (D:\app_dev\QuizApp\.gradle\7.0.2\dependencies-accessors)" [_thread_blocked, id=11836, stack(0x0000002fe4800000,0x0000002fe4900000)]
  0x000001895d478800 JavaThread "jar transforms Thread 3" [_thread_blocked, id=19092, stack(0x0000002fe4900000,0x0000002fe4a00000)]
  0x000001895d473800 JavaThread "Cache worker for Build Output Cleanup Cache (D:\app_dev\QuizApp\.gradle\buildOutputCleanup)" [_thread_blocked, id=2012, stack(0x0000002fe4a00000,0x0000002fe4b00000)]
  0x000001895d47f000 JavaThread "Build operations" [_thread_blocked, id=15660, stack(0x0000002fe4b00000,0x0000002fe4c00000)]
  0x000001895d47d800 JavaThread "Build operations Thread 2" [_thread_blocked, id=1036, stack(0x0000002fe4c00000,0x0000002fe4d00000)]
  0x000001895d480000 JavaThread "Build operations Thread 3" [_thread_blocked, id=868, stack(0x0000002fe4d00000,0x0000002fe4e00000)]
  0x000001895d47c800 JavaThread "Build operations Thread 4" [_thread_blocked, id=12108, stack(0x0000002fe4e00000,0x0000002fe4f00000)]
  0x000001895d47c000 JavaThread "Build operations Thread 5" [_thread_blocked, id=11496, stack(0x0000002fe4f00000,0x0000002fe5000000)]
  0x000001895d47a000 JavaThread "Build operations Thread 6" [_thread_blocked, id=15432, stack(0x0000002fe5000000,0x0000002fe5100000)]
  0x000001895d47e800 JavaThread "Build operations Thread 7" [_thread_blocked, id=17772, stack(0x0000002fe5100000,0x0000002fe5200000)]
  0x000001895d47b000 JavaThread "Build operations Thread 8" [_thread_blocked, id=17008, stack(0x0000002fe5200000,0x0000002fe5300000)]
  0x00000189613de800 JavaThread "Build operations Thread 9" [_thread_blocked, id=18436, stack(0x0000002fe5300000,0x0000002fe5400000)]
  0x00000189613e5000 JavaThread "Build operations Thread 10" [_thread_blocked, id=7868, stack(0x0000002fe5400000,0x0000002fe5500000)]
  0x00000189613e0000 JavaThread "Build operations Thread 11" [_thread_blocked, id=10956, stack(0x0000002fe5500000,0x0000002fe5600000)]
  0x00000189613e0800 JavaThread "Build operations Thread 12" [_thread_blocked, id=15904, stack(0x0000002fe5600000,0x0000002fe5700000)]
  0x00000189613e2800 JavaThread "jar transforms Thread 4" [_thread_blocked, id=2356, stack(0x0000002fe5700000,0x0000002fe5800000)]
  0x00000189613df000 JavaThread "jar transforms Thread 5" [_thread_blocked, id=18376, stack(0x0000002fe5800000,0x0000002fe5900000)]
  0x00000189613e3000 JavaThread "jar transforms Thread 6" [_thread_blocked, id=12972, stack(0x0000002fe5900000,0x0000002fe5a00000)]
  0x00000189613e4000 JavaThread "jar transforms Thread 7" [_thread_blocked, id=10168, stack(0x0000002fe5a00000,0x0000002fe5b00000)]
  0x00000189613e5800 JavaThread "jar transforms Thread 8" [_thread_blocked, id=16128, stack(0x0000002fe5b00000,0x0000002fe5c00000)]
  0x00000189613e6800 JavaThread "jar transforms Thread 9" [_thread_blocked, id=14360, stack(0x0000002fe5c00000,0x0000002fe5d00000)]
  0x00000189613e7800 JavaThread "jar transforms Thread 10" [_thread_blocked, id=17444, stack(0x0000002fe5d00000,0x0000002fe5e00000)]
  0x00000189613e1800 JavaThread "jar transforms Thread 11" [_thread_blocked, id=4228, stack(0x0000002fe5e00000,0x0000002fe5f00000)]
  0x00000189613e8000 JavaThread "jar transforms Thread 12" [_thread_blocked, id=9092, stack(0x0000002fe5f00000,0x0000002fe6000000)]
  0x00000189613ed000 JavaThread "Memory manager" [_thread_blocked, id=1836, stack(0x0000002fe6000000,0x0000002fe6100000)]
  0x00000189613e9800 JavaThread "build event listener" [_thread_blocked, id=19480, stack(0x0000002fe6100000,0x0000002fe6200000)]
  0x00000189613ea800 JavaThread "pool-3-thread-1" [_thread_blocked, id=12104, stack(0x0000002fe6200000,0x0000002fe6300000)]
  0x00000189613eb800 JavaThread "build event listener" [_thread_blocked, id=13712, stack(0x0000002fe6300000,0x0000002fe6400000)]
  0x00000189611aa000 JavaThread "Execution worker for ':'" [_thread_blocked, id=10212, stack(0x0000002fe6400000,0x0000002fe6500000)]
  0x00000189611ab800 JavaThread "Execution worker for ':' Thread 2" [_thread_blocked, id=11668, stack(0x0000002fe6500000,0x0000002fe6600000)]
  0x00000189611a9000 JavaThread "Execution worker for ':' Thread 3" [_thread_blocked, id=19056, stack(0x0000002fe6600000,0x0000002fe6700000)]
  0x00000189611ac800 JavaThread "Execution worker for ':' Thread 4" [_thread_blocked, id=3664, stack(0x0000002fe6700000,0x0000002fe6800000)]
  0x00000189611aa800 JavaThread "Execution worker for ':' Thread 5" [_thread_blocked, id=17152, stack(0x0000002fe6800000,0x0000002fe6900000)]
  0x00000189611a8000 JavaThread "Execution worker for ':' Thread 6" [_thread_blocked, id=14724, stack(0x0000002fe6900000,0x0000002fe6a00000)]
  0x00000189611b2000 JavaThread "Execution worker for ':' Thread 7" [_thread_blocked, id=6168, stack(0x0000002fe6a00000,0x0000002fe6b00000)]
  0x00000189611ad000 JavaThread "Execution worker for ':' Thread 8" [_thread_blocked, id=19160, stack(0x0000002fe6b00000,0x0000002fe6c00000)]
  0x00000189611b1000 JavaThread "Execution worker for ':' Thread 9" [_thread_blocked, id=20140, stack(0x0000002fe6c00000,0x0000002fe6d00000)]
  0x00000189611b3000 JavaThread "Execution worker for ':' Thread 10" [_thread_blocked, id=20040, stack(0x0000002fe6d00000,0x0000002fe6e00000)]
  0x00000189611b3800 JavaThread "Execution worker for ':' Thread 11" [_thread_blocked, id=15924, stack(0x0000002fe6e00000,0x0000002fe6f00000)]
  0x00000189611ae000 JavaThread "Cache worker for execution history cache (D:\app_dev\QuizApp\.gradle\7.0.2\executionHistory)" [_thread_blocked, id=8728, stack(0x0000002fe6f00000,0x0000002fe7000000)]
  0x00000189611b4800 JavaThread "Cache worker for Java compile cache (D:\aa\caches\7.0.2\javaCompile)" [_thread_blocked, id=18560, stack(0x0000002fe7000000,0x0000002fe7100000)]
  0x00000189611af800 JavaThread "Cache worker for Java compile cache (D:\app_dev\QuizApp\.gradle\7.0.2\javaCompile)" [_thread_blocked, id=10496, stack(0x0000002fe7100000,0x0000002fe7200000)]
  0x00000189611ae800 JavaThread "WorkerExecutor Queue" [_thread_blocked, id=11504, stack(0x0000002fe7200000,0x0000002fe7300000)]
  0x00000189611b6000 JavaThread "WorkerExecutor Queue Thread 2" [_thread_blocked, id=2824, stack(0x0000002fe7300000,0x0000002fe7400000)]
  0x00000189611b5800 JavaThread "WorkerExecutor Queue Thread 3" [_thread_blocked, id=18236, stack(0x0000002fe7400000,0x0000002fe7500000)]
  0x00000189611b0800 JavaThread "WorkerExecutor Queue Thread 4" [_thread_blocked, id=18812, stack(0x0000002fe7500000,0x0000002fe7600000)]
  0x00000189611b7000 JavaThread "WorkerExecutor Queue Thread 5" [_thread_blocked, id=18852, stack(0x0000002fe7600000,0x0000002fe7700000)]
  0x00000189601e8800 JavaThread "WorkerExecutor Queue Thread 6" [_thread_blocked, id=17128, stack(0x0000002fe7700000,0x0000002fe7800000)]
  0x00000189601ec000 JavaThread "WorkerExecutor Queue Thread 7" [_thread_blocked, id=14344, stack(0x0000002fe7800000,0x0000002fe7900000)]
  0x00000189601ed000 JavaThread "WorkerExecutor Queue Thread 8" [_thread_blocked, id=12836, stack(0x0000002fe7900000,0x0000002fe7a00000)]
  0x00000189601e7000 JavaThread "WorkerExecutor Queue Thread 9" [_thread_blocked, id=11108, stack(0x0000002fe7a00000,0x0000002fe7b00000)]
  0x00000189601e9800 JavaThread "WorkerExecutor Queue Thread 10" [_thread_blocked, id=1796, stack(0x0000002fe7b00000,0x0000002fe7c00000)]
  0x00000189601ed800 JavaThread "WorkerExecutor Queue Thread 11" [_thread_blocked, id=8612, stack(0x0000002fe7c00000,0x0000002fe7d00000)]
  0x00000189601eb000 JavaThread "WorkerExecutor Queue Thread 12" [_thread_blocked, id=18384, stack(0x0000002fe7d00000,0x0000002fe7e00000)]
  0x00000189601ea800 JavaThread "WorkerExecutor Queue Thread 13" [_thread_blocked, id=11372, stack(0x0000002fe7e00000,0x0000002fe7f00000)]
  0x00000189601e8000 JavaThread "ForkJoinPool-1-worker-19" daemon [_thread_blocked, id=17960, stack(0x0000002fe8400000,0x0000002fe8500000)]
  0x00000189601f2800 JavaThread "ForkJoinPool-1-worker-5" daemon [_thread_blocked, id=12440, stack(0x0000002fe8500000,0x0000002fe8600000)]
  0x00000189601f3800 JavaThread "ForkJoinPool-1-worker-9" daemon [_thread_blocked, id=1484, stack(0x0000002fe8600000,0x0000002fe8700000)]
  0x00000189601f4000 JavaThread "ForkJoinPool-1-worker-27" daemon [_thread_blocked, id=19980, stack(0x0000002fe8700000,0x0000002fe8800000)]
  0x00000189601ee800 JavaThread "ForkJoinPool-1-worker-23" daemon [_thread_blocked, id=10448, stack(0x0000002fe8800000,0x0000002fe8900000)]
  0x00000189601f5000 JavaThread "ForkJoinPool-1-worker-13" daemon [_thread_blocked, id=11292, stack(0x0000002fe8900000,0x0000002fe8a00000)]
  0x00000189601ef000 JavaThread "ForkJoinPool-1-worker-31" daemon [_thread_blocked, id=15884, stack(0x0000002fe8a00000,0x0000002fe8b00000)]
  0x00000189601f0000 JavaThread "ForkJoinPool-1-worker-17" daemon [_thread_blocked, id=1788, stack(0x0000002fe8b00000,0x0000002fe8c00000)]
  0x00000189601f1000 JavaThread "ForkJoinPool-1-worker-3" daemon [_thread_blocked, id=9120, stack(0x0000002fe8c00000,0x0000002fe8d00000)]
  0x00000189601f1800 JavaThread "ForkJoinPool-1-worker-21" daemon [_thread_blocked, id=11364, stack(0x0000002fe8d00000,0x0000002fe8e00000)]
  0x00000189601f5800 JavaThread "ForkJoinPool-1-worker-7" daemon [_thread_blocked, id=13512, stack(0x0000002fe8e00000,0x0000002fe8f00000)]
  0x0000018967964000 JavaThread "ForkJoinPool-1-worker-25" daemon [_thread_blocked, id=12484, stack(0x0000002fe8f00000,0x0000002fe9000000)]

Other Threads:
=>0x000001895a2b8800 VMThread "VM Thread" [stack: 0x0000002fe1900000,0x0000002fe1a00000] [id=18216]
  0x000001895a4d5800 WatcherThread [stack: 0x0000002fe2300000,0x0000002fe2400000] [id=18892]
  0x000001893d1ea000 GCTaskThread "GC Thread#0" [stack: 0x0000002fe1400000,0x0000002fe1500000] [id=15560]
  0x000001895b0d0000 GCTaskThread "GC Thread#1" [stack: 0x0000002fe2600000,0x0000002fe2700000] [id=11900]
  0x000001895b0c1800 GCTaskThread "GC Thread#2" [stack: 0x0000002fe2700000,0x0000002fe2800000] [id=16496]
  0x000001895b0c2800 GCTaskThread "GC Thread#3" [stack: 0x0000002fe2800000,0x0000002fe2900000] [id=13736]
  0x000001895a67b000 GCTaskThread "GC Thread#4" [stack: 0x0000002fe2900000,0x0000002fe2a00000] [id=19304]
  0x000001895a67c000 GCTaskThread "GC Thread#5" [stack: 0x0000002fe2a00000,0x0000002fe2b00000] [id=11704]
  0x000001895c89e800 GCTaskThread "GC Thread#6" [stack: 0x0000002fe3600000,0x0000002fe3700000] [id=4136]
  0x000001895cfb9800 GCTaskThread "GC Thread#7" [stack: 0x0000002fe3700000,0x0000002fe3800000] [id=16948]
  0x000001895cb66000 GCTaskThread "GC Thread#8" [stack: 0x0000002fe3800000,0x0000002fe3900000] [id=19836]
  0x000001895d11a800 GCTaskThread "GC Thread#9" [stack: 0x0000002fe3900000,0x0000002fe3a00000] [id=19576]
  0x000001893d21d000 ConcurrentGCThread "G1 Main Marker" [stack: 0x0000002fe1500000,0x0000002fe1600000] [id=6796]
  0x000001893d21f000 ConcurrentGCThread "G1 Conc#0" [stack: 0x0000002fe1600000,0x0000002fe1700000] [id=4928]
  0x000001895d398800 ConcurrentGCThread "G1 Conc#1" [stack: 0x0000002fe3a00000,0x0000002fe3b00000] [id=16924]
  0x000001895b00f800 ConcurrentGCThread "G1 Conc#2" [stack: 0x0000002fe3b00000,0x0000002fe3c00000] [id=19484]
  0x000001893d2ae800 ConcurrentGCThread "G1 Refine#0" [stack: 0x0000002fe1700000,0x0000002fe1800000] [id=13084]
  0x0000018962501800 ConcurrentGCThread "G1 Refine#1" [stack: 0x0000002fe7f00000,0x0000002fe8000000] [id=11976]
  0x00000189624fd800 ConcurrentGCThread "G1 Refine#2" [stack: 0x0000002fe8000000,0x0000002fe8100000] [id=1292]
  0x0000018962503000 ConcurrentGCThread "G1 Refine#3" [stack: 0x0000002fe8100000,0x0000002fe8200000] [id=18468]
  0x0000018962502000 ConcurrentGCThread "G1 Refine#4" [stack: 0x0000002fe8200000,0x0000002fe8300000] [id=4224]
  0x00000189624fc800 ConcurrentGCThread "G1 Refine#5" [stack: 0x0000002fe8300000,0x0000002fe8400000] [id=10628]
  0x0000018962503800 ConcurrentGCThread "G1 Refine#6" [stack: 0x0000002fe9000000,0x0000002fe9100000] [id=2972]
  0x00000189624fe800 ConcurrentGCThread "G1 Refine#7" [stack: 0x0000002fe9100000,0x0000002fe9200000] [id=18448]
  0x00000189624ff000 ConcurrentGCThread "G1 Refine#8" [stack: 0x0000002fe9200000,0x0000002fe9300000] [id=14156]
  0x000001895990a000 ConcurrentGCThread "G1 Young RemSet Sampling" [stack: 0x0000002fe1800000,0x0000002fe1900000] [id=15548]

Threads with active compile tasks:
C2 CompilerThread0  10306 12486 %     4       com.android.tools.r8.code.w1::a @ 20 (4137 bytes)
C2 CompilerThread1  10306 13956       4       com.android.tools.r8.dex.b::a (127 bytes)
C2 CompilerThread2  10306 12598 %     4       com.android.tools.r8.dex.j::a @ 315 (1038 bytes)

VM state:at safepoint (normal execution)

VM Mutex/Monitor currently owned by a thread:  ([mutex/lock_event])
[0x000001893d1cc5e0] Threads_lock - owner thread: 0x000001895a2b8800
[0x000001893d1cbbc0] Heap_lock - owner thread: 0x00000189611b6000

Heap address: 0x0000000080000000, size: 2048 MB, Compressed Oops mode: 32-bit
Narrow klass base: 0x0000000000000000, Narrow klass shift: 3
Compressed class space size: 1073741824 Address: 0x0000000100000000

Heap:
 garbage-first heap   total 393216K, used 222532K [0x0000000080000000, 0x0000000100000000)
  region size 1024K, 5 young (5120K), 5 survivors (5120K)
 Metaspace       used 105247K, capacity 108244K, committed 110540K, reserved 1144832K
  class space    used 13772K, capacity 14877K, committed 15820K, reserved 1048576K
Heap Regions: E=young(eden), S=young(survivor), O=old, HS=humongous(starts), HC=humongous(continues), CS=collection set, F=free, A=archive, TAMS=top-at-mark-start (previous, next)
|   0|0x0000000080000000, 0x0000000080100000, 0x0000000080100000|100%| O|  |TAMS 0x0000000080100000, 0x0000000080000000| Untracked 
|   1|0x0000000080100000, 0x0000000080200000, 0x0000000080200000|100%| O|  |TAMS 0x0000000080200000, 0x0000000080100000| Untracked 
|   2|0x0000000080200000, 0x0000000080300000, 0x0000000080300000|100%| O|  |TAMS 0x0000000080300000, 0x0000000080200000| Complete 
|   3|0x0000000080300000, 0x0000000080400000, 0x0000000080400000|100%|HS|  |TAMS 0x0000000080400000, 0x0000000080300000| Complete 
|   4|0x0000000080400000, 0x0000000080500000, 0x0000000080500000|100%|HC|  |TAMS 0x0000000080500000, 0x0000000080400000| Complete 
|   5|0x0000000080500000, 0x0000000080600000, 0x0000000080600000|100%|HC|  |TAMS 0x0000000080600000, 0x0000000080500000| Complete 
|   6|0x0000000080600000, 0x0000000080700000, 0x0000000080700000|100%| O|  |TAMS 0x0000000080700000, 0x0000000080600000| Untracked 
|   7|0x0000000080700000, 0x0000000080800000, 0x0000000080800000|100%| O|  |TAMS 0x0000000080800000, 0x0000000080700000| Untracked 
|   8|0x0000000080800000, 0x0000000080900000, 0x0000000080900000|100%| O|  |TAMS 0x0000000080900000, 0x0000000080800000| Untracked 
|   9|0x0000000080900000, 0x0000000080a00000, 0x0000000080a00000|100%| O|  |TAMS 0x0000000080a00000, 0x0000000080900000| Untracked 
|  10|0x0000000080a00000, 0x0000000080b00000, 0x0000000080b00000|100%| O|  |TAMS 0x0000000080b00000, 0x0000000080a00000| Complete 
|  11|0x0000000080b00000, 0x0000000080c00000, 0x0000000080c00000|100%| O|  |TAMS 0x0000000080c00000, 0x0000000080b00000| Untracked 
|  12|0x0000000080c00000, 0x0000000080d00000, 0x0000000080d00000|100%| O|  |TAMS 0x0000000080d00000, 0x0000000080c00000| Untracked 
|  13|0x0000000080d00000, 0x0000000080e00000, 0x0000000080e00000|100%| O|  |TAMS 0x0000000080e00000, 0x0000000080d00000| Untracked 
|  14|0x0000000080e00000, 0x0000000080f00000, 0x0000000080f00000|100%| O|  |TAMS 0x0000000080f00000, 0x0000000080e00000| Untracked 
|  15|0x0000000080f00000, 0x0000000081000000, 0x0000000081000000|100%| O|  |TAMS 0x0000000081000000, 0x0000000080f00000| Untracked 
|  16|0x0000000081000000, 0x0000000081100000, 0x0000000081100000|100%| O|  |TAMS 0x0000000081100000, 0x0000000081000000| Untracked 
|  17|0x0000000081100000, 0x0000000081200000, 0x0000000081200000|100%|HS|  |TAMS 0x0000000081200000, 0x0000000081100000| Complete 
|  18|0x0000000081200000, 0x0000000081300000, 0x0000000081300000|100%|HS|  |TAMS 0x0000000081300000, 0x0000000081200000| Complete 
|  19|0x0000000081300000, 0x0000000081400000, 0x0000000081400000|100%|HS|  |TAMS 0x0000000081400000, 0x0000000081300000| Complete 
|  20|0x0000000081400000, 0x0000000081500000, 0x0000000081500000|100%|HC|  |TAMS 0x0000000081500000, 0x0000000081400000| Complete 
|  21|0x0000000081500000, 0x0000000081600000, 0x0000000081600000|100%| O|  |TAMS 0x0000000081600000, 0x0000000081500000| Untracked 
|  22|0x0000000081600000, 0x0000000081700000, 0x0000000081700000|100%| O|  |TAMS 0x0000000081700000, 0x0000000081600000| Untracked 
|  23|0x0000000081700000, 0x0000000081800000, 0x0000000081800000|100%| O|  |TAMS 0x0000000081800000, 0x0000000081700000| Untracked 
|  24|0x0000000081800000, 0x0000000081900000, 0x0000000081900000|100%| O|  |TAMS 0x0000000081900000, 0x0000000081800000| Untracked 
|  25|0x0000000081900000, 0x0000000081a00000, 0x0000000081a00000|100%| O|  |TAMS 0x0000000081a00000, 0x0000000081900000| Untracked 
|  26|0x0000000081a00000, 0x0000000081b00000, 0x0000000081b00000|100%| O|  |TAMS 0x0000000081b00000, 0x0000000081a00000| Untracked 
|  27|0x0000000081b00000, 0x0000000081c00000, 0x0000000081c00000|100%| O|  |TAMS 0x0000000081c00000, 0x0000000081b00000| Untracked 
|  28|0x0000000081c00000, 0x0000000081d00000, 0x0000000081d00000|100%| O|  |TAMS 0x0000000081d00000, 0x0000000081c00000| Untracked 
|  29|0x0000000081d00000, 0x0000000081e00000, 0x0000000081e00000|100%| O|  |TAMS 0x0000000081e00000, 0x0000000081d00000| Complete 
|  30|0x0000000081e00000, 0x0000000081f00000, 0x0000000081f00000|100%| O|  |TAMS 0x0000000081f00000, 0x0000000081e00000| Untracked 
|  31|0x0000000081f00000, 0x0000000082000000, 0x0000000082000000|100%| O|  |TAMS 0x0000000082000000, 0x0000000081f00000| Untracked 
|  32|0x0000000082000000, 0x0000000082100000, 0x0000000082100000|100%| O|  |TAMS 0x0000000082100000, 0x0000000082000000| Untracked 
|  33|0x0000000082100000, 0x0000000082200000, 0x0000000082200000|100%| O|  |TAMS 0x0000000082200000, 0x0000000082100000| Untracked 
|  34|0x0000000082200000, 0x0000000082300000, 0x0000000082300000|100%| O|  |TAMS 0x0000000082300000, 0x0000000082200000| Untracked 
|  35|0x0000000082300000, 0x0000000082400000, 0x0000000082400000|100%| O|  |TAMS 0x0000000082400000, 0x0000000082300000| Untracked 
|  36|0x0000000082400000, 0x0000000082500000, 0x0000000082500000|100%| O|  |TAMS 0x0000000082500000, 0x0000000082400000| Untracked 
|  37|0x0000000082500000, 0x0000000082600000, 0x0000000082600000|100%| O|  |TAMS 0x0000000082600000, 0x0000000082500000| Untracked 
|  38|0x0000000082600000, 0x0000000082700000, 0x0000000082700000|100%| O|  |TAMS 0x0000000082700000, 0x0000000082600000| Untracked 
|  39|0x0000000082700000, 0x0000000082800000, 0x0000000082800000|100%| O|  |TAMS 0x0000000082800000, 0x0000000082700000| Untracked 
|  40|0x0000000082800000, 0x0000000082900000, 0x0000000082900000|100%| O|  |TAMS 0x0000000082900000, 0x0000000082800000| Untracked 
|  41|0x0000000082900000, 0x0000000082a00000, 0x0000000082a00000|100%| O|  |TAMS 0x0000000082a00000, 0x0000000082900000| Untracked 
|  42|0x0000000082a00000, 0x0000000082b00000, 0x0000000082b00000|100%| O|  |TAMS 0x0000000082b00000, 0x0000000082a00000| Untracked 
|  43|0x0000000082b00000, 0x0000000082c00000, 0x0000000082c00000|100%| O|  |TAMS 0x0000000082c00000, 0x0000000082b00000| Complete 
|  44|0x0000000082c00000, 0x0000000082d00000, 0x0000000082d00000|100%| O|  |TAMS 0x0000000082d00000, 0x0000000082c00000| Untracked 
|  45|0x0000000082d00000, 0x0000000082e00000, 0x0000000082e00000|100%| O|  |TAMS 0x0000000082e00000, 0x0000000082d00000| Untracked 
|  46|0x0000000082e00000, 0x0000000082f00000, 0x0000000082f00000|100%| O|  |TAMS 0x0000000082f00000, 0x0000000082e00000| Untracked 
|  47|0x0000000082f00000, 0x0000000083000000, 0x0000000083000000|100%| O|  |TAMS 0x0000000083000000, 0x0000000082f00000| Untracked 
|  48|0x0000000083000000, 0x0000000083100000, 0x0000000083100000|100%| O|  |TAMS 0x0000000083100000, 0x0000000083000000| Untracked 
|  49|0x0000000083100000, 0x0000000083200000, 0x0000000083200000|100%| O|  |TAMS 0x0000000083200000, 0x0000000083100000| Untracked 
|  50|0x0000000083200000, 0x0000000083300000, 0x0000000083300000|100%| O|  |TAMS 0x0000000083300000, 0x0000000083200000| Untracked 
|  51|0x0000000083300000, 0x0000000083400000, 0x0000000083400000|100%| O|  |TAMS 0x0000000083400000, 0x0000000083300000| Untracked 
|  52|0x0000000083400000, 0x0000000083500000, 0x0000000083500000|100%| O|  |TAMS 0x0000000083500000, 0x0000000083400000| Untracked 
|  53|0x0000000083500000, 0x0000000083600000, 0x0000000083600000|100%| O|  |TAMS 0x0000000083600000, 0x0000000083500000| Untracked 
|  54|0x0000000083600000, 0x0000000083700000, 0x0000000083700000|100%| O|  |TAMS 0x0000000083700000, 0x0000000083600000| Complete 
|  55|0x0000000083700000, 0x0000000083800000, 0x0000000083800000|100%| O|  |TAMS 0x0000000083800000, 0x0000000083700000| Untracked 
|  56|0x0000000083800000, 0x0000000083900000, 0x0000000083900000|100%| O|  |TAMS 0x0000000083900000, 0x0000000083800000| Untracked 
|  57|0x0000000083900000, 0x0000000083a00000, 0x0000000083a00000|100%| O|  |TAMS 0x0000000083a00000, 0x0000000083900000| Untracked 
|  58|0x0000000083a00000, 0x0000000083b00000, 0x0000000083b00000|100%| O|  |TAMS 0x0000000083b00000, 0x0000000083a00000| Untracked 
|  59|0x0000000083b00000, 0x0000000083c00000, 0x0000000083c00000|100%| O|  |TAMS 0x0000000083c00000, 0x0000000083b00000| Untracked 
|  60|0x0000000083c00000, 0x0000000083d00000, 0x0000000083d00000|100%| O|  |TAMS 0x0000000083d00000, 0x0000000083c00000| Untracked 
|  61|0x0000000083d00000, 0x0000000083e00000, 0x0000000083e00000|100%| O|  |TAMS 0x0000000083e00000, 0x0000000083d00000| Untracked 
|  62|0x0000000083e00000, 0x0000000083f00000, 0x0000000083f00000|100%| O|  |TAMS 0x0000000083f00000, 0x0000000083e00000| Untracked 
|  63|0x0000000083f00000, 0x0000000084000000, 0x0000000084000000|100%| O|  |TAMS 0x0000000084000000, 0x0000000083f00000| Complete 
|  64|0x0000000084000000, 0x0000000084100000, 0x0000000084100000|100%| O|  |TAMS 0x0000000084100000, 0x0000000084000000| Complete 
|  65|0x0000000084100000, 0x0000000084200000, 0x0000000084200000|100%| O|  |TAMS 0x0000000084200000, 0x0000000084100000| Complete 
|  66|0x0000000084200000, 0x0000000084300000, 0x0000000084300000|100%| O|  |TAMS 0x0000000084300000, 0x0000000084200000| Complete 
|  67|0x0000000084300000, 0x0000000084400000, 0x0000000084400000|100%| O|  |TAMS 0x0000000084400000, 0x0000000084300000| Complete 
|  68|0x0000000084400000, 0x0000000084500000, 0x0000000084500000|100%|HS|  |TAMS 0x0000000084500000, 0x0000000084400000| Complete 
|  69|0x0000000084500000, 0x0000000084600000, 0x0000000084600000|100%|HS|  |TAMS 0x0000000084600000, 0x0000000084500000| Complete 
|  70|0x0000000084600000, 0x0000000084700000, 0x0000000084700000|100%| O|  |TAMS 0x0000000084700000, 0x0000000084600000| Untracked 
|  71|0x0000000084700000, 0x0000000084800000, 0x0000000084800000|100%| O|  |TAMS 0x0000000084800000, 0x0000000084700000| Untracked 
|  72|0x0000000084800000, 0x0000000084900000, 0x0000000084900000|100%| O|  |TAMS 0x0000000084900000, 0x0000000084800000| Untracked 
|  73|0x0000000084900000, 0x0000000084a00000, 0x0000000084a00000|100%| O|  |TAMS 0x0000000084a00000, 0x0000000084900000| Untracked 
|  74|0x0000000084a00000, 0x0000000084b00000, 0x0000000084b00000|100%| O|  |TAMS 0x0000000084b00000, 0x0000000084a00000| Untracked 
|  75|0x0000000084b00000, 0x0000000084c00000, 0x0000000084c00000|100%| O|  |TAMS 0x0000000084c00000, 0x0000000084b00000| Untracked 
|  76|0x0000000084c00000, 0x0000000084d00000, 0x0000000084d00000|100%| O|  |TAMS 0x0000000084d00000, 0x0000000084c00000| Untracked 
|  77|0x0000000084d00000, 0x0000000084e00000, 0x0000000084e00000|100%| O|  |TAMS 0x0000000084e00000, 0x0000000084d00000| Untracked 
|  78|0x0000000084e00000, 0x0000000084f00000, 0x0000000084f00000|100%| O|  |TAMS 0x0000000084f00000, 0x0000000084e00000| Untracked 
|  79|0x0000000084f00000, 0x0000000085000000, 0x0000000085000000|100%| O|  |TAMS 0x0000000085000000, 0x0000000084f00000| Untracked 
|  80|0x0000000085000000, 0x0000000085100000, 0x0000000085100000|100%| O|  |TAMS 0x0000000085100000, 0x0000000085000000| Untracked 
|  81|0x0000000085100000, 0x0000000085200000, 0x0000000085200000|100%| O|  |TAMS 0x0000000085200000, 0x0000000085100000| Untracked 
|  82|0x0000000085200000, 0x0000000085300000, 0x0000000085300000|100%| O|  |TAMS 0x0000000085300000, 0x0000000085200000| Untracked 
|  83|0x0000000085300000, 0x0000000085400000, 0x0000000085400000|100%| O|  |TAMS 0x0000000085400000, 0x0000000085300000| Untracked 
|  84|0x0000000085400000, 0x0000000085500000, 0x0000000085500000|100%| O|  |TAMS 0x0000000085500000, 0x0000000085400000| Untracked 
|  85|0x0000000085500000, 0x0000000085600000, 0x0000000085600000|100%| O|  |TAMS 0x0000000085600000, 0x0000000085500000| Untracked 
|  86|0x0000000085600000, 0x0000000085700000, 0x0000000085700000|100%| O|  |TAMS 0x0000000085700000, 0x0000000085600000| Complete 
|  87|0x0000000085700000, 0x0000000085800000, 0x0000000085800000|100%|HS|  |TAMS 0x0000000085800000, 0x0000000085700000| Complete 
|  88|0x0000000085800000, 0x0000000085900000, 0x0000000085900000|100%|HC|  |TAMS 0x0000000085900000, 0x0000000085800000| Complete 
|  89|0x0000000085900000, 0x0000000085a00000, 0x0000000085a00000|100%|HS|  |TAMS 0x0000000085a00000, 0x0000000085900000| Complete 
|  90|0x0000000085a00000, 0x0000000085b00000, 0x0000000085b00000|100%|HS|  |TAMS 0x0000000085b00000, 0x0000000085a00000| Complete 
|  91|0x0000000085b00000, 0x0000000085c00000, 0x0000000085c00000|100%|HS|  |TAMS 0x0000000085c00000, 0x0000000085b00000| Complete 
|  92|0x0000000085c00000, 0x0000000085d00000, 0x0000000085d00000|100%|HS|  |TAMS 0x0000000085d00000, 0x0000000085c00000| Complete 
|  93|0x0000000085d00000, 0x0000000085e00000, 0x0000000085e00000|100%|HC|  |TAMS 0x0000000085e00000, 0x0000000085d00000| Complete 
|  94|0x0000000085e00000, 0x0000000085f00000, 0x0000000085f00000|100%|HS|  |TAMS 0x0000000085f00000, 0x0000000085e00000| Complete 
|  95|0x0000000085f00000, 0x0000000086000000, 0x0000000086000000|100%|HC|  |TAMS 0x0000000086000000, 0x0000000085f00000| Complete 
|  96|0x0000000086000000, 0x0000000086100000, 0x0000000086100000|100%|HC|  |TAMS 0x0000000086100000, 0x0000000086000000| Complete 
|  97|0x0000000086100000, 0x0000000086200000, 0x0000000086200000|100%| O|  |TAMS 0x0000000086200000, 0x0000000086100000| Complete 
|  98|0x0000000086200000, 0x0000000086300000, 0x0000000086300000|100%| O|  |TAMS 0x0000000086300000, 0x0000000086200000| Untracked 
|  99|0x0000000086300000, 0x0000000086400000, 0x0000000086400000|100%| O|  |TAMS 0x0000000086300000, 0x0000000086300000| Untracked 
| 100|0x0000000086400000, 0x0000000086500000, 0x0000000086500000|100%| O|  |TAMS 0x0000000086400000, 0x0000000086400000| Untracked 
| 101|0x0000000086500000, 0x0000000086600000, 0x0000000086600000|100%| O|  |TAMS 0x0000000086600000, 0x0000000086500000| Untracked 
| 102|0x0000000086600000, 0x0000000086700000, 0x0000000086700000|100%| O|  |TAMS 0x0000000086600000, 0x0000000086600000| Untracked 
| 103|0x0000000086700000, 0x0000000086800000, 0x0000000086800000|100%| O|  |TAMS 0x0000000086800000, 0x0000000086700000| Untracked 
| 104|0x0000000086800000, 0x00000000868fbe00, 0x0000000086900000| 98%| O|  |TAMS 0x0000000086800000, 0x0000000086800000| Untracked 
| 105|0x0000000086900000, 0x0000000086a00000, 0x0000000086a00000|100%| O|  |TAMS 0x0000000086a00000, 0x0000000086900000| Complete 
| 106|0x0000000086a00000, 0x0000000086a00000, 0x0000000086b00000|  0%| F|  |TAMS 0x0000000086a00000, 0x0000000086a00000| Untracked 
| 107|0x0000000086b00000, 0x0000000086c00000, 0x0000000086c00000|100%| O|  |TAMS 0x0000000086c00000, 0x0000000086b00000| Untracked 
| 108|0x0000000086c00000, 0x0000000086d00000, 0x0000000086d00000|100%| O|  |TAMS 0x0000000086d00000, 0x0000000086c00000| Untracked 
| 109|0x0000000086d00000, 0x0000000086d00000, 0x0000000086e00000|  0%| F|  |TAMS 0x0000000086d00000, 0x0000000086d00000| Untracked 
| 110|0x0000000086e00000, 0x0000000086e00000, 0x0000000086f00000|  0%| F|  |TAMS 0x0000000086e00000, 0x0000000086e00000| Untracked 
| 111|0x0000000086f00000, 0x0000000087000000, 0x0000000087000000|100%| O|  |TAMS 0x0000000087000000, 0x0000000086f00000| Complete 
| 112|0x0000000087000000, 0x0000000087100000, 0x0000000087100000|100%| O|  |TAMS 0x0000000087100000, 0x0000000087000000| Untracked 
| 113|0x0000000087100000, 0x0000000087200000, 0x0000000087200000|100%| O|  |TAMS 0x0000000087200000, 0x0000000087100000| Untracked 
| 114|0x0000000087200000, 0x0000000087200000, 0x0000000087300000|  0%| F|  |TAMS 0x0000000087200000, 0x0000000087200000| Untracked 
| 115|0x0000000087300000, 0x0000000087300000, 0x0000000087400000|  0%| F|  |TAMS 0x0000000087300000, 0x0000000087300000| Untracked 
| 116|0x0000000087400000, 0x0000000087400000, 0x0000000087500000|  0%| F|  |TAMS 0x0000000087400000, 0x0000000087400000| Untracked 
| 117|0x0000000087500000, 0x0000000087500000, 0x0000000087600000|  0%| F|  |TAMS 0x0000000087500000, 0x0000000087500000| Untracked 
| 118|0x0000000087600000, 0x0000000087600000, 0x0000000087700000|  0%| F|  |TAMS 0x0000000087600000, 0x0000000087600000| Untracked 
| 119|0x0000000087700000, 0x0000000087700000, 0x0000000087800000|  0%| F|  |TAMS 0x0000000087700000, 0x0000000087700000| Untracked 
| 120|0x0000000087800000, 0x0000000087900000, 0x0000000087900000|100%| O|  |TAMS 0x0000000087900000, 0x0000000087800000| Untracked 
| 121|0x0000000087900000, 0x0000000087a00000, 0x0000000087a00000|100%| O|  |TAMS 0x0000000087a00000, 0x0000000087900000| Untracked 
| 122|0x0000000087a00000, 0x0000000087b00000, 0x0000000087b00000|100%| O|  |TAMS 0x0000000087b00000, 0x0000000087a00000| Untracked 
| 123|0x0000000087b00000, 0x0000000087c00000, 0x0000000087c00000|100%| O|  |TAMS 0x0000000087c00000, 0x0000000087b00000| Untracked 
| 124|0x0000000087c00000, 0x0000000087d00000, 0x0000000087d00000|100%| O|  |TAMS 0x0000000087d00000, 0x0000000087c00000| Untracked 
| 125|0x0000000087d00000, 0x0000000087e00000, 0x0000000087e00000|100%| O|  |TAMS 0x0000000087e00000, 0x0000000087d00000| Untracked 
| 126|0x0000000087e00000, 0x0000000087f00000, 0x0000000087f00000|100%| O|  |TAMS 0x0000000087f00000, 0x0000000087e00000| Untracked 
| 127|0x0000000087f00000, 0x0000000088000000, 0x0000000088000000|100%| O|  |TAMS 0x0000000088000000, 0x0000000087f00000| Untracked 
| 128|0x0000000088000000, 0x0000000088100000, 0x0000000088100000|100%| O|  |TAMS 0x0000000088100000, 0x0000000088000000| Untracked 
| 129|0x0000000088100000, 0x0000000088200000, 0x0000000088200000|100%| O|  |TAMS 0x0000000088200000, 0x0000000088100000| Complete 
| 130|0x0000000088200000, 0x0000000088300000, 0x0000000088300000|100%| O|  |TAMS 0x0000000088300000, 0x0000000088200000| Complete 
| 131|0x0000000088300000, 0x0000000088400000, 0x0000000088400000|100%| O|  |TAMS 0x0000000088400000, 0x0000000088300000| Complete 
| 132|0x0000000088400000, 0x0000000088500000, 0x0000000088500000|100%| O|  |TAMS 0x0000000088500000, 0x0000000088400000| Complete 
| 133|0x0000000088500000, 0x0000000088600000, 0x0000000088600000|100%| O|  |TAMS 0x0000000088600000, 0x0000000088500000| Complete 
| 134|0x0000000088600000, 0x0000000088700000, 0x0000000088700000|100%| O|  |TAMS 0x0000000088700000, 0x0000000088600000| Complete 
| 135|0x0000000088700000, 0x0000000088800000, 0x0000000088800000|100%| O|  |TAMS 0x0000000088800000, 0x0000000088700000| Complete 
| 136|0x0000000088800000, 0x0000000088900000, 0x0000000088900000|100%| O|  |TAMS 0x0000000088900000, 0x0000000088800000| Untracked 
| 137|0x0000000088900000, 0x0000000088a00000, 0x0000000088a00000|100%| O|  |TAMS 0x0000000088a00000, 0x0000000088900000| Untracked 
| 138|0x0000000088a00000, 0x0000000088b00000, 0x0000000088b00000|100%| O|  |TAMS 0x0000000088b00000, 0x0000000088a00000| Untracked 
| 139|0x0000000088b00000, 0x0000000088c00000, 0x0000000088c00000|100%| O|  |TAMS 0x0000000088c00000, 0x0000000088b00000| Untracked 
| 140|0x0000000088c00000, 0x0000000088d00000, 0x0000000088d00000|100%| O|  |TAMS 0x0000000088d00000, 0x0000000088c00000| Untracked 
| 141|0x0000000088d00000, 0x0000000088e00000, 0x0000000088e00000|100%| O|  |TAMS 0x0000000088e00000, 0x0000000088d00000| Untracked 
| 142|0x0000000088e00000, 0x0000000088f00000, 0x0000000088f00000|100%| O|  |TAMS 0x0000000088f00000, 0x0000000088e00000| Untracked 
| 143|0x0000000088f00000, 0x0000000089000000, 0x0000000089000000|100%| O|  |TAMS 0x0000000089000000, 0x0000000088f00000| Untracked 
| 144|0x0000000089000000, 0x0000000089100000, 0x0000000089100000|100%| O|  |TAMS 0x0000000089100000, 0x0000000089000000| Untracked 
| 145|0x0000000089100000, 0x0000000089200000, 0x0000000089200000|100%| O|  |TAMS 0x0000000089200000, 0x0000000089100000| Untracked 
| 146|0x0000000089200000, 0x0000000089300000, 0x0000000089300000|100%| O|  |TAMS 0x0000000089300000, 0x0000000089200000| Complete 
| 147|0x0000000089300000, 0x0000000089400000, 0x0000000089400000|100%| O|  |TAMS 0x0000000089400000, 0x0000000089300000| Untracked 
| 148|0x0000000089400000, 0x0000000089500000, 0x0000000089500000|100%| O|  |TAMS 0x0000000089500000, 0x0000000089400000| Untracked 
| 149|0x0000000089500000, 0x0000000089600000, 0x0000000089600000|100%| O|  |TAMS 0x0000000089600000, 0x0000000089500000| Untracked 
| 150|0x0000000089600000, 0x0000000089700000, 0x0000000089700000|100%| O|  |TAMS 0x0000000089700000, 0x0000000089600000| Untracked 
| 151|0x0000000089700000, 0x0000000089800000, 0x0000000089800000|100%| O|  |TAMS 0x0000000089800000, 0x0000000089700000| Untracked 
| 152|0x0000000089800000, 0x0000000089900000, 0x0000000089900000|100%| O|  |TAMS 0x0000000089900000, 0x0000000089800000| Untracked 
| 153|0x0000000089900000, 0x0000000089a00000, 0x0000000089a00000|100%| O|  |TAMS 0x0000000089a00000, 0x0000000089900000| Untracked 
| 154|0x0000000089a00000, 0x0000000089b00000, 0x0000000089b00000|100%| O|  |TAMS 0x0000000089b00000, 0x0000000089a00000| Untracked 
| 155|0x0000000089b00000, 0x0000000089c00000, 0x0000000089c00000|100%| O|  |TAMS 0x0000000089c00000, 0x0000000089b00000| Complete 
| 156|0x0000000089c00000, 0x0000000089d00000, 0x0000000089d00000|100%| O|  |TAMS 0x0000000089d00000, 0x0000000089c00000| Complete 
| 157|0x0000000089d00000, 0x0000000089e00000, 0x0000000089e00000|100%| O|  |TAMS 0x0000000089e00000, 0x0000000089d00000| Complete 
| 158|0x0000000089e00000, 0x0000000089f00000, 0x0000000089f00000|100%| O|  |TAMS 0x0000000089f00000, 0x0000000089e00000| Complete 
| 159|0x0000000089f00000, 0x000000008a000000, 0x000000008a000000|100%| O|  |TAMS 0x000000008a000000, 0x0000000089f00000| Untracked 
| 160|0x000000008a000000, 0x000000008a100000, 0x000000008a100000|100%| O|  |TAMS 0x000000008a100000, 0x000000008a000000| Complete 
| 161|0x000000008a100000, 0x000000008a200000, 0x000000008a200000|100%| O|  |TAMS 0x000000008a200000, 0x000000008a100000| Untracked 
| 162|0x000000008a200000, 0x000000008a300000, 0x000000008a300000|100%| O|  |TAMS 0x000000008a300000, 0x000000008a200000| Untracked 
| 163|0x000000008a300000, 0x000000008a400000, 0x000000008a400000|100%| O|  |TAMS 0x000000008a400000, 0x000000008a300000| Untracked 
| 164|0x000000008a400000, 0x000000008a500000, 0x000000008a500000|100%| O|  |TAMS 0x000000008a500000, 0x000000008a400000| Complete 
| 165|0x000000008a500000, 0x000000008a600000, 0x000000008a600000|100%| O|  |TAMS 0x000000008a600000, 0x000000008a500000| Untracked 
| 166|0x000000008a600000, 0x000000008a700000, 0x000000008a700000|100%| O|  |TAMS 0x000000008a700000, 0x000000008a600000| Untracked 
| 167|0x000000008a700000, 0x000000008a800000, 0x000000008a800000|100%| O|  |TAMS 0x000000008a800000, 0x000000008a700000| Complete 
| 168|0x000000008a800000, 0x000000008a900000, 0x000000008a900000|100%| O|  |TAMS 0x000000008a900000, 0x000000008a800000| Complete 
| 169|0x000000008a900000, 0x000000008aa00000, 0x000000008aa00000|100%| O|  |TAMS 0x000000008aa00000, 0x000000008a900000| Complete 
| 170|0x000000008aa00000, 0x000000008ab00000, 0x000000008ab00000|100%| O|  |TAMS 0x000000008ab00000, 0x000000008aa00000| Complete 
| 171|0x000000008ab00000, 0x000000008ac00000, 0x000000008ac00000|100%| O|  |TAMS 0x000000008ac00000, 0x000000008ab00000| Complete 
| 172|0x000000008ac00000, 0x000000008ad00000, 0x000000008ad00000|100%| O|  |TAMS 0x000000008ad00000, 0x000000008ac00000| Complete 
| 173|0x000000008ad00000, 0x000000008ae00000, 0x000000008ae00000|100%| O|  |TAMS 0x000000008ae00000, 0x000000008ad00000| Untracked 
| 174|0x000000008ae00000, 0x000000008af00000, 0x000000008af00000|100%| O|  |TAMS 0x000000008af00000, 0x000000008ae00000| Untracked 
| 175|0x000000008af00000, 0x000000008b000000, 0x000000008b000000|100%| O|  |TAMS 0x000000008b000000, 0x000000008af00000| Untracked 
| 176|0x000000008b000000, 0x000000008b100000, 0x000000008b100000|100%| O|  |TAMS 0x000000008b100000, 0x000000008b000000| Untracked 
| 177|0x000000008b100000, 0x000000008b200000, 0x000000008b200000|100%| O|  |TAMS 0x000000008b200000, 0x000000008b100000| Untracked 
| 178|0x000000008b200000, 0x000000008b300000, 0x000000008b300000|100%| O|  |TAMS 0x000000008b300000, 0x000000008b200000| Complete 
| 179|0x000000008b300000, 0x000000008b400000, 0x000000008b400000|100%| O|  |TAMS 0x000000008b400000, 0x000000008b300000| Complete 
| 180|0x000000008b400000, 0x000000008b500000, 0x000000008b500000|100%| O|  |TAMS 0x000000008b500000, 0x000000008b400000| Complete 
| 181|0x000000008b500000, 0x000000008b600000, 0x000000008b600000|100%| O|  |TAMS 0x000000008b600000, 0x000000008b500000| Untracked 
| 182|0x000000008b600000, 0x000000008b700000, 0x000000008b700000|100%| O|  |TAMS 0x000000008b700000, 0x000000008b600000| Untracked 
| 183|0x000000008b700000, 0x000000008b800000, 0x000000008b800000|100%| O|  |TAMS 0x000000008b800000, 0x000000008b700000| Untracked 
| 184|0x000000008b800000, 0x000000008b900000, 0x000000008b900000|100%| O|  |TAMS 0x000000008b900000, 0x000000008b800000| Complete 
| 185|0x000000008b900000, 0x000000008ba00000, 0x000000008ba00000|100%| O|  |TAMS 0x000000008ba00000, 0x000000008b900000| Complete 
| 186|0x000000008ba00000, 0x000000008bb00000, 0x000000008bb00000|100%|HS|  |TAMS 0x000000008bb00000, 0x000000008ba00000| Complete 
| 187|0x000000008bb00000, 0x000000008bc00000, 0x000000008bc00000|100%| O|  |TAMS 0x000000008bc00000, 0x000000008bb00000| Untracked 
| 188|0x000000008bc00000, 0x000000008bd00000, 0x000000008bd00000|100%| O|  |TAMS 0x000000008bd00000, 0x000000008bc00000| Untracked 
| 189|0x000000008bd00000, 0x000000008be00000, 0x000000008be00000|100%| O|  |TAMS 0x000000008be00000, 0x000000008bd00000| Untracked 
| 190|0x000000008be00000, 0x000000008bf00000, 0x000000008bf00000|100%| O|  |TAMS 0x000000008bf00000, 0x000000008be00000| Complete 
| 191|0x000000008bf00000, 0x000000008c000000, 0x000000008c000000|100%| O|  |TAMS 0x000000008c000000, 0x000000008bf00000| Untracked 
| 192|0x000000008c000000, 0x000000008c100000, 0x000000008c100000|100%| O|  |TAMS 0x000000008c100000, 0x000000008c000000| Complete 
| 193|0x000000008c100000, 0x000000008c200000, 0x000000008c200000|100%| O|  |TAMS 0x000000008c200000, 0x000000008c100000| Untracked 
| 194|0x000000008c200000, 0x000000008c300000, 0x000000008c300000|100%| O|  |TAMS 0x000000008c300000, 0x000000008c200000| Untracked 
| 195|0x000000008c300000, 0x000000008c400000, 0x000000008c400000|100%| O|  |TAMS 0x000000008c400000, 0x000000008c300000| Untracked 
| 196|0x000000008c400000, 0x000000008c500000, 0x000000008c500000|100%| O|  |TAMS 0x000000008c500000, 0x000000008c400000| Untracked 
| 197|0x000000008c500000, 0x000000008c600000, 0x000000008c600000|100%| O|  |TAMS 0x000000008c600000, 0x000000008c500000| Untracked 
| 198|0x000000008c600000, 0x000000008c700000, 0x000000008c700000|100%| O|  |TAMS 0x000000008c700000, 0x000000008c600000| Complete 
| 199|0x000000008c700000, 0x000000008c800000, 0x000000008c800000|100%| O|  |TAMS 0x000000008c800000, 0x000000008c700000| Complete 
| 200|0x000000008c800000, 0x000000008c900000, 0x000000008c900000|100%| O|  |TAMS 0x000000008c900000, 0x000000008c800000| Untracked 
| 201|0x000000008c900000, 0x000000008ca00000, 0x000000008ca00000|100%| O|  |TAMS 0x000000008ca00000, 0x000000008c900000| Untracked 
| 202|0x000000008ca00000, 0x000000008cb00000, 0x000000008cb00000|100%| O|  |TAMS 0x000000008cb00000, 0x000000008ca00000| Untracked 
| 203|0x000000008cb00000, 0x000000008cc00000, 0x000000008cc00000|100%| O|  |TAMS 0x000000008cc00000, 0x000000008cb00000| Complete 
| 204|0x000000008cc00000, 0x000000008cd00000, 0x000000008cd00000|100%| O|  |TAMS 0x000000008cd00000, 0x000000008cc00000| Complete 
| 205|0x000000008cd00000, 0x000000008ce00000, 0x000000008ce00000|100%| O|  |TAMS 0x000000008ce00000, 0x000000008cd00000| Complete 
| 206|0x000000008ce00000, 0x000000008cf00000, 0x000000008cf00000|100%| O|  |TAMS 0x000000008cf00000, 0x000000008ce00000| Untracked 
| 207|0x000000008cf00000, 0x000000008d000000, 0x000000008d000000|100%| O|  |TAMS 0x000000008d000000, 0x000000008cf00000| Untracked 
| 208|0x000000008d000000, 0x000000008d100000, 0x000000008d100000|100%| O|  |TAMS 0x000000008d100000, 0x000000008d000000| Untracked 
| 209|0x000000008d100000, 0x000000008d200000, 0x000000008d200000|100%| O|  |TAMS 0x000000008d200000, 0x000000008d100000| Untracked 
| 210|0x000000008d200000, 0x000000008d300000, 0x000000008d300000|100%| O|  |TAMS 0x000000008d300000, 0x000000008d200000| Complete 
| 211|0x000000008d300000, 0x000000008d400000, 0x000000008d400000|100%| O|  |TAMS 0x000000008d400000, 0x000000008d300000| Complete 
| 212|0x000000008d400000, 0x000000008d500000, 0x000000008d500000|100%| O|  |TAMS 0x000000008d500000, 0x000000008d400000| Complete 
| 213|0x000000008d500000, 0x000000008d600000, 0x000000008d600000|100%| O|  |TAMS 0x000000008d600000, 0x000000008d500000| Complete 
| 214|0x000000008d600000, 0x000000008d700000, 0x000000008d700000|100%| O|  |TAMS 0x000000008d700000, 0x000000008d600000| Complete 
| 215|0x000000008d700000, 0x000000008d800000, 0x000000008d800000|100%| O|  |TAMS 0x000000008d79ee00, 0x000000008d700000| Complete 
| 216|0x000000008d800000, 0x000000008d800000, 0x000000008d900000|  0%| F|  |TAMS 0x000000008d800000, 0x000000008d800000| Untracked 
| 217|0x000000008d900000, 0x000000008d900000, 0x000000008da00000|  0%| F|  |TAMS 0x000000008d900000, 0x000000008d900000| Untracked 
| 218|0x000000008da00000, 0x000000008db00000, 0x000000008db00000|100%| O|  |TAMS 0x000000008da00000, 0x000000008da00000| Untracked 
| 219|0x000000008db00000, 0x000000008dc00000, 0x000000008dc00000|100%| O|  |TAMS 0x000000008db00000, 0x000000008db00000| Untracked 
| 220|0x000000008dc00000, 0x000000008dd00000, 0x000000008dd00000|100%| O|  |TAMS 0x000000008dc00000, 0x000000008dc00000| Untracked 
| 221|0x000000008dd00000, 0x000000008de00000, 0x000000008de00000|100%| O|  |TAMS 0x000000008dd00000, 0x000000008dd00000| Untracked 
| 222|0x000000008de00000, 0x000000008df00000, 0x000000008df00000|100%| O|  |TAMS 0x000000008de00000, 0x000000008de00000| Untracked 
| 223|0x000000008df00000, 0x000000008e000000, 0x000000008e000000|100%| O|  |TAMS 0x000000008df00000, 0x000000008df00000| Untracked 
| 224|0x000000008e000000, 0x000000008e000000, 0x000000008e100000|  0%| F|  |TAMS 0x000000008e000000, 0x000000008e000000| Untracked 
| 225|0x000000008e100000, 0x000000008e100000, 0x000000008e200000|  0%| F|  |TAMS 0x000000008e100000, 0x000000008e100000| Untracked 
| 226|0x000000008e200000, 0x000000008e200000, 0x000000008e300000|  0%| F|  |TAMS 0x000000008e200000, 0x000000008e200000| Untracked 
| 227|0x000000008e300000, 0x000000008e300000, 0x000000008e400000|  0%| F|  |TAMS 0x000000008e300000, 0x000000008e300000| Untracked 
| 228|0x000000008e400000, 0x000000008e400000, 0x000000008e500000|  0%| F|  |TAMS 0x000000008e400000, 0x000000008e400000| Untracked 
| 229|0x000000008e500000, 0x000000008e500000, 0x000000008e600000|  0%| F|  |TAMS 0x000000008e500000, 0x000000008e500000| Untracked 
| 230|0x000000008e600000, 0x000000008e600000, 0x000000008e700000|  0%| F|  |TAMS 0x000000008e600000, 0x000000008e600000| Untracked 
| 231|0x000000008e700000, 0x000000008e700000, 0x000000008e800000|  0%| F|  |TAMS 0x000000008e700000, 0x000000008e700000| Untracked 
| 232|0x000000008e800000, 0x000000008e800000, 0x000000008e900000|  0%| F|  |TAMS 0x000000008e800000, 0x000000008e800000| Untracked 
| 233|0x000000008e900000, 0x000000008e900000, 0x000000008ea00000|  0%| F|  |TAMS 0x000000008e900000, 0x000000008e900000| Untracked 
| 234|0x000000008ea00000, 0x000000008ea00000, 0x000000008eb00000|  0%| F|  |TAMS 0x000000008ea00000, 0x000000008ea00000| Untracked 
| 235|0x000000008eb00000, 0x000000008eb00000, 0x000000008ec00000|  0%| F|  |TAMS 0x000000008eb00000, 0x000000008eb00000| Untracked 
| 236|0x000000008ec00000, 0x000000008ec00000, 0x000000008ed00000|  0%| F|  |TAMS 0x000000008ec00000, 0x000000008ec00000| Untracked 
| 237|0x000000008ed00000, 0x000000008ed00000, 0x000000008ee00000|  0%| F|  |TAMS 0x000000008ed00000, 0x000000008ed00000| Untracked 
| 238|0x000000008ee00000, 0x000000008ee00000, 0x000000008ef00000|  0%| F|  |TAMS 0x000000008ee00000, 0x000000008ee00000| Untracked 
| 239|0x000000008ef00000, 0x000000008ef00000, 0x000000008f000000|  0%| F|  |TAMS 0x000000008ef00000, 0x000000008ef00000| Untracked 
| 240|0x000000008f000000, 0x000000008f000000, 0x000000008f100000|  0%| F|  |TAMS 0x000000008f000000, 0x000000008f000000| Untracked 
| 241|0x000000008f100000, 0x000000008f100000, 0x000000008f200000|  0%| F|  |TAMS 0x000000008f100000, 0x000000008f100000| Untracked 
| 242|0x000000008f200000, 0x000000008f200000, 0x000000008f300000|  0%| F|  |TAMS 0x000000008f200000, 0x000000008f200000| Untracked 
| 243|0x000000008f300000, 0x000000008f300000, 0x000000008f400000|  0%| F|  |TAMS 0x000000008f300000, 0x000000008f300000| Untracked 
| 244|0x000000008f400000, 0x000000008f400000, 0x000000008f500000|  0%| F|  |TAMS 0x000000008f400000, 0x000000008f400000| Untracked 
| 245|0x000000008f500000, 0x000000008f500000, 0x000000008f600000|  0%| F|  |TAMS 0x000000008f500000, 0x000000008f500000| Untracked 
| 246|0x000000008f600000, 0x000000008f600000, 0x000000008f700000|  0%| F|  |TAMS 0x000000008f600000, 0x000000008f600000| Untracked 
| 247|0x000000008f700000, 0x000000008f700000, 0x000000008f800000|  0%| F|  |TAMS 0x000000008f700000, 0x000000008f700000| Untracked 
| 248|0x000000008f800000, 0x000000008f800000, 0x000000008f900000|  0%| F|  |TAMS 0x000000008f800000, 0x000000008f800000| Untracked 
| 249|0x000000008f900000, 0x000000008f900000, 0x000000008fa00000|  0%| F|  |TAMS 0x000000008f900000, 0x000000008f900000| Untracked 
| 250|0x000000008fa00000, 0x000000008fa00000, 0x000000008fb00000|  0%| F|  |TAMS 0x000000008fa00000, 0x000000008fa00000| Untracked 
| 251|0x000000008fb00000, 0x000000008fb00000, 0x000000008fc00000|  0%| F|  |TAMS 0x000000008fb00000, 0x000000008fb00000| Untracked 
| 252|0x000000008fc00000, 0x000000008fc00000, 0x000000008fd00000|  0%| F|  |TAMS 0x000000008fc00000, 0x000000008fc00000| Untracked 
| 253|0x000000008fd00000, 0x000000008fd00000, 0x000000008fe00000|  0%| F|  |TAMS 0x000000008fd00000, 0x000000008fd00000| Untracked 
| 254|0x000000008fe00000, 0x000000008fe00000, 0x000000008ff00000|  0%| F|  |TAMS 0x000000008fe00000, 0x000000008fe00000| Untracked 
| 255|0x000000008ff00000, 0x000000008ff00000, 0x0000000090000000|  0%| F|  |TAMS 0x000000008ff00000, 0x000000008ff00000| Untracked 
| 256|0x0000000090000000, 0x0000000090000000, 0x0000000090100000|  0%| F|  |TAMS 0x0000000090000000, 0x0000000090000000| Untracked 
| 257|0x0000000090100000, 0x0000000090100000, 0x0000000090200000|  0%| F|  |TAMS 0x0000000090100000, 0x0000000090100000| Untracked 
| 258|0x0000000090200000, 0x0000000090200000, 0x0000000090300000|  0%| F|  |TAMS 0x0000000090200000, 0x0000000090200000| Untracked 
| 259|0x0000000090300000, 0x0000000090300000, 0x0000000090400000|  0%| F|  |TAMS 0x0000000090300000, 0x0000000090300000| Untracked 
| 260|0x0000000090400000, 0x0000000090400000, 0x0000000090500000|  0%| F|  |TAMS 0x0000000090400000, 0x0000000090400000| Untracked 
| 261|0x0000000090500000, 0x0000000090500000, 0x0000000090600000|  0%| F|  |TAMS 0x0000000090500000, 0x0000000090500000| Untracked 
| 262|0x0000000090600000, 0x0000000090600000, 0x0000000090700000|  0%| F|  |TAMS 0x0000000090600000, 0x0000000090600000| Untracked 
| 263|0x0000000090700000, 0x0000000090700000, 0x0000000090800000|  0%| F|  |TAMS 0x0000000090700000, 0x0000000090700000| Untracked 
| 264|0x0000000090800000, 0x0000000090800000, 0x0000000090900000|  0%| F|  |TAMS 0x0000000090800000, 0x0000000090800000| Untracked 
| 265|0x0000000090900000, 0x0000000090900000, 0x0000000090a00000|  0%| F|  |TAMS 0x0000000090900000, 0x0000000090900000| Untracked 
| 266|0x0000000090a00000, 0x0000000090a00000, 0x0000000090b00000|  0%| F|  |TAMS 0x0000000090a00000, 0x0000000090a00000| Untracked 
| 267|0x0000000090b00000, 0x0000000090b00000, 0x0000000090c00000|  0%| F|  |TAMS 0x0000000090b00000, 0x0000000090b00000| Untracked 
| 268|0x0000000090c00000, 0x0000000090c00000, 0x0000000090d00000|  0%| F|  |TAMS 0x0000000090c00000, 0x0000000090c00000| Untracked 
| 269|0x0000000090d00000, 0x0000000090d00000, 0x0000000090e00000|  0%| F|  |TAMS 0x0000000090d00000, 0x0000000090d00000| Untracked 
| 270|0x0000000090e00000, 0x0000000090e00000, 0x0000000090f00000|  0%| F|  |TAMS 0x0000000090e00000, 0x0000000090e00000| Untracked 
| 271|0x0000000090f00000, 0x0000000090f00000, 0x0000000091000000|  0%| F|  |TAMS 0x0000000090f00000, 0x0000000090f00000| Untracked 
| 272|0x0000000091000000, 0x0000000091000000, 0x0000000091100000|  0%| F|  |TAMS 0x0000000091000000, 0x0000000091000000| Untracked 
| 273|0x0000000091100000, 0x0000000091100000, 0x0000000091200000|  0%| F|  |TAMS 0x0000000091100000, 0x0000000091100000| Untracked 
| 274|0x0000000091200000, 0x0000000091200000, 0x0000000091300000|  0%| F|  |TAMS 0x0000000091200000, 0x0000000091200000| Untracked 
| 275|0x0000000091300000, 0x0000000091300000, 0x0000000091400000|  0%| F|  |TAMS 0x0000000091300000, 0x0000000091300000| Untracked 
| 276|0x0000000091400000, 0x0000000091400000, 0x0000000091500000|  0%| F|  |TAMS 0x0000000091400000, 0x0000000091400000| Untracked 
| 277|0x0000000091500000, 0x0000000091500000, 0x0000000091600000|  0%| F|  |TAMS 0x0000000091500000, 0x0000000091500000| Untracked 
| 278|0x0000000091600000, 0x0000000091600000, 0x0000000091700000|  0%| F|  |TAMS 0x0000000091600000, 0x0000000091600000| Untracked 
| 279|0x0000000091700000, 0x0000000091700000, 0x0000000091800000|  0%| F|  |TAMS 0x0000000091700000, 0x0000000091700000| Untracked 
| 280|0x0000000091800000, 0x0000000091800000, 0x0000000091900000|  0%| F|  |TAMS 0x0000000091800000, 0x0000000091800000| Untracked 
| 281|0x0000000091900000, 0x0000000091900000, 0x0000000091a00000|  0%| F|  |TAMS 0x0000000091900000, 0x0000000091900000| Untracked 
| 282|0x0000000091a00000, 0x0000000091a00000, 0x0000000091b00000|  0%| F|  |TAMS 0x0000000091a00000, 0x0000000091a00000| Untracked 
| 283|0x0000000091b00000, 0x0000000091b00000, 0x0000000091c00000|  0%| F|  |TAMS 0x0000000091b00000, 0x0000000091b00000| Untracked 
| 284|0x0000000091c00000, 0x0000000091c00000, 0x0000000091d00000|  0%| F|  |TAMS 0x0000000091c00000, 0x0000000091c00000| Untracked 
| 285|0x0000000091d00000, 0x0000000091d554e0, 0x0000000091e00000| 33%| S|CS|TAMS 0x0000000091d00000, 0x0000000091d00000| Complete 
| 286|0x0000000091e00000, 0x0000000091f00000, 0x0000000091f00000|100%| S|CS|TAMS 0x0000000091e00000, 0x0000000091e00000| Complete 
| 287|0x0000000091f00000, 0x0000000092000000, 0x0000000092000000|100%| S|CS|TAMS 0x0000000091f00000, 0x0000000091f00000| Complete 
| 288|0x0000000092000000, 0x0000000092100000, 0x0000000092100000|100%| S|CS|TAMS 0x0000000092000000, 0x0000000092000000| Complete 
| 289|0x0000000092100000, 0x0000000092200000, 0x0000000092200000|100%| S|CS|TAMS 0x0000000092100000, 0x0000000092100000| Complete 
| 290|0x0000000092200000, 0x0000000092200000, 0x0000000092300000|  0%| F|  |TAMS 0x0000000092200000, 0x0000000092200000| Untracked 
| 291|0x0000000092300000, 0x0000000092300000, 0x0000000092400000|  0%| F|  |TAMS 0x0000000092300000, 0x0000000092300000| Untracked 
| 292|0x0000000092400000, 0x0000000092400000, 0x0000000092500000|  0%| F|  |TAMS 0x0000000092400000, 0x0000000092400000| Untracked 
| 293|0x0000000092500000, 0x0000000092500000, 0x0000000092600000|  0%| F|  |TAMS 0x0000000092500000, 0x0000000092500000| Untracked 
| 294|0x0000000092600000, 0x0000000092600000, 0x0000000092700000|  0%| F|  |TAMS 0x0000000092600000, 0x0000000092600000| Untracked 
| 295|0x0000000092700000, 0x0000000092700000, 0x0000000092800000|  0%| F|  |TAMS 0x0000000092700000, 0x0000000092700000| Untracked 
| 296|0x0000000092800000, 0x0000000092800000, 0x0000000092900000|  0%| F|  |TAMS 0x0000000092800000, 0x0000000092800000| Untracked 
| 297|0x0000000092900000, 0x0000000092900000, 0x0000000092a00000|  0%| F|  |TAMS 0x0000000092900000, 0x0000000092900000| Untracked 
| 298|0x0000000092a00000, 0x0000000092a00000, 0x0000000092b00000|  0%| F|  |TAMS 0x0000000092a00000, 0x0000000092a00000| Untracked 
| 299|0x0000000092b00000, 0x0000000092b00000, 0x0000000092c00000|  0%| F|  |TAMS 0x0000000092b00000, 0x0000000092b00000| Untracked 
| 300|0x0000000092c00000, 0x0000000092c00000, 0x0000000092d00000|  0%| F|  |TAMS 0x0000000092c00000, 0x0000000092c00000| Untracked 
| 301|0x0000000092d00000, 0x0000000092d00000, 0x0000000092e00000|  0%| F|  |TAMS 0x0000000092d00000, 0x0000000092d00000| Untracked 
| 302|0x0000000092e00000, 0x0000000092e00000, 0x0000000092f00000|  0%| F|  |TAMS 0x0000000092e00000, 0x0000000092e00000| Untracked 
| 303|0x0000000092f00000, 0x0000000092f00000, 0x0000000093000000|  0%| F|  |TAMS 0x0000000092f00000, 0x0000000092f00000| Untracked 
| 304|0x0000000093000000, 0x0000000093000000, 0x0000000093100000|  0%| F|  |TAMS 0x0000000093000000, 0x0000000093000000| Untracked 
| 305|0x0000000093100000, 0x0000000093100000, 0x0000000093200000|  0%| F|  |TAMS 0x0000000093100000, 0x0000000093100000| Untracked 
| 306|0x0000000093200000, 0x0000000093200000, 0x0000000093300000|  0%| F|  |TAMS 0x0000000093200000, 0x0000000093200000| Untracked 
| 307|0x0000000093300000, 0x0000000093300000, 0x0000000093400000|  0%| F|  |TAMS 0x0000000093300000, 0x0000000093300000| Untracked 
| 308|0x0000000093400000, 0x0000000093400000, 0x0000000093500000|  0%| F|  |TAMS 0x0000000093400000, 0x0000000093400000| Untracked 
| 309|0x0000000093500000, 0x0000000093500000, 0x0000000093600000|  0%| F|  |TAMS 0x0000000093500000, 0x0000000093500000| Untracked 
| 310|0x0000000093600000, 0x0000000093600000, 0x0000000093700000|  0%| F|  |TAMS 0x0000000093600000, 0x0000000093600000| Untracked 
| 311|0x0000000093700000, 0x0000000093700000, 0x0000000093800000|  0%| F|  |TAMS 0x0000000093700000, 0x0000000093700000| Untracked 
| 312|0x0000000093800000, 0x0000000093800000, 0x0000000093900000|  0%| F|  |TAMS 0x0000000093800000, 0x0000000093800000| Untracked 
| 313|0x0000000093900000, 0x0000000093900000, 0x0000000093a00000|  0%| F|  |TAMS 0x0000000093900000, 0x0000000093900000| Untracked 
| 314|0x0000000093a00000, 0x0000000093a00000, 0x0000000093b00000|  0%| F|  |TAMS 0x0000000093a00000, 0x0000000093a00000| Untracked 
| 315|0x0000000093b00000, 0x0000000093b00000, 0x0000000093c00000|  0%| F|  |TAMS 0x0000000093b00000, 0x0000000093b00000| Untracked 
| 316|0x0000000093c00000, 0x0000000093c00000, 0x0000000093d00000|  0%| F|  |TAMS 0x0000000093c00000, 0x0000000093c00000| Untracked 
| 317|0x0000000093d00000, 0x0000000093d00000, 0x0000000093e00000|  0%| F|  |TAMS 0x0000000093d00000, 0x0000000093d00000| Untracked 
| 318|0x0000000093e00000, 0x0000000093e00000, 0x0000000093f00000|  0%| F|  |TAMS 0x0000000093e00000, 0x0000000093e00000| Untracked 
| 319|0x0000000093f00000, 0x0000000093f00000, 0x0000000094000000|  0%| F|  |TAMS 0x0000000093f00000, 0x0000000093f00000| Untracked 

Card table byte_map: [0x0000018952530000,0x0000018952930000] _byte_map_base: 0x0000018952130000

Marking Bits (Prev, Next): (CMBitMap*) 0x000001893d213f90, (CMBitMap*) 0x000001893d213f58
 Prev Bits: [0x0000018954d30000, 0x0000018956d30000)
 Next Bits: [0x0000018952d30000, 0x0000018954d30000)

Polling page: 0x000001893d2b0000

Metaspace:

Usage:
  Non-class:     91.18 MB capacity,    89.33 MB ( 98%) used,     1.50 MB (  2%) free+waste,   352.38 KB ( <1%) overhead. 
      Class:     14.53 MB capacity,    13.45 MB ( 93%) used,   945.05 KB (  6%) free+waste,   159.75 KB (  1%) overhead. 
       Both:    105.71 MB capacity,   102.78 MB ( 97%) used,     2.43 MB (  2%) free+waste,   512.13 KB ( <1%) overhead. 

Virtual space:
  Non-class space:       94.00 MB reserved,      92.50 MB ( 98%) committed 
      Class space:        1.00 GB reserved,      15.45 MB (  2%) committed 
             Both:        1.09 GB reserved,     107.95 MB ( 10%) committed 

Chunk freelists:
   Non-Class:  1.32 MB
       Class:  867.00 KB
        Both:  2.17 MB

MaxMetaspaceSize: 17179869184.00 GB
CompressedClassSpaceSize: 1.00 GB

CodeHeap 'non-profiled nmethods': size=120000Kb used=7666Kb max_used=7666Kb free=112333Kb
 bounds [0x0000018949f60000, 0x000001894a6e0000, 0x0000018951490000]
CodeHeap 'profiled nmethods': size=120000Kb used=27880Kb max_used=27880Kb free=92119Kb
 bounds [0x0000018942a30000, 0x0000018944570000, 0x0000018949f60000]
CodeHeap 'non-nmethods': size=5760Kb used=2315Kb max_used=2393Kb free=3444Kb
 bounds [0x0000018942490000, 0x0000018942700000, 0x0000018942a30000]
 total_blobs=14660 nmethods=13735 adapters=836
 compilation: enabled
              stopped_count=0, restarted_count=0
 full_count=0

Compilation events (20 events):
Event: 10.221 Thread 0x000001895a320000 13949       3       com.android.tools.r8.graph.r::a (71 bytes)
Event: 10.222 Thread 0x000001895a320000 nmethod 13949 0x0000018944563210 code [0x0000018944563480, 0x0000018944564138]
Event: 10.228 Thread 0x000001895b8ee800 nmethod 13939 0x000001894a6d9610 code [0x000001894a6d9820, 0x000001894a6da028]
Event: 10.228 Thread 0x000001895b8ee800 13937       4       com.android.tools.r8.graph.j0$f::b (9 bytes)
Event: 10.229 Thread 0x000001895b8ee800 nmethod 13937 0x000001894a6da610 code [0x000001894a6da7a0, 0x000001894a6da818]
Event: 10.229 Thread 0x000001895b8ee800 13944       4       com.android.tools.r8.graph.z::O0 (8 bytes)
Event: 10.238 Thread 0x000001895b8ee800 nmethod 13944 0x000001894a6da910 code [0x000001894a6dab00, 0x000001894a6db2f8]
Event: 10.238 Thread 0x000001895b8ee800 13945       4       com.android.tools.r8.graph.z::d0 (8 bytes)
Event: 10.240 Thread 0x000001895a320000 13953 %     3       com.android.tools.r8.dex.b::a @ 76 (127 bytes)
Event: 10.241 Thread 0x000001895a320000 nmethod 13953% 0x0000018944564590 code [0x0000018944564840, 0x00000189445657c8]
Event: 10.241 Thread 0x000001895a320000 13954       3       com.android.tools.r8.dex.b::a (127 bytes)
Event: 10.242 Thread 0x000001895a320000 nmethod 13954 0x0000018944565d10 code [0x0000018944565fa0, 0x0000018944566e48]
Event: 10.261 Thread 0x000001895b8ee800 nmethod 13945 0x000001894a6db690 code [0x000001894a6db8a0, 0x000001894a6dc2b8]
Event: 10.262 Thread 0x000001895b8ee800 13956       4       com.android.tools.r8.dex.b::a (127 bytes)
Event: 10.271 Thread 0x000001895a320000 13957       3       java.util.concurrent.ForkJoinPool::scan (209 bytes)
Event: 10.273 Thread 0x000001895a320000 nmethod 13957 0x0000018944567310 code [0x0000018944567700, 0x0000018944569298]
Event: 10.274 Thread 0x000001895a320000 13959       1       com.android.tools.r8.graph.v0$j::j (5 bytes)
Event: 10.274 Thread 0x000001895a320000 nmethod 13959 0x000001894a6dc690 code [0x000001894a6dc840, 0x000001894a6dc8f8]
Event: 10.274 Thread 0x000001895a320000 13960       3       com.android.tools.r8.graph.S0::a (9 bytes)
Event: 10.275 Thread 0x000001895a320000 nmethod 13960 0x0000018944569d90 code [0x0000018944569f40, 0x000001894456a108]

GC Heap History (20 events):
Event: 7.995 GC heap after
{Heap after GC invocations=14 (full 0):
 garbage-first heap   total 260096K, used 86821K [0x0000000080000000, 0x0000000100000000)
  region size 1024K, 17 young (17408K), 17 survivors (17408K)
 Metaspace       used 88942K, capacity 91540K, committed 91724K, reserved 1128448K
  class space    used 11601K, capacity 12577K, committed 12620K, reserved 1048576K
}
Event: 8.711 GC heap before
{Heap before GC invocations=14 (full 0):
 garbage-first heap   total 260096K, used 202533K [0x0000000080000000, 0x0000000100000000)
  region size 1024K, 129 young (132096K), 17 survivors (17408K)
 Metaspace       used 93304K, capacity 96120K, committed 96332K, reserved 1132544K
  class space    used 12085K, capacity 13109K, committed 13132K, reserved 1048576K
}
Event: 8.722 GC heap after
{Heap after GC invocations=15 (full 0):
 garbage-first heap   total 260096K, used 93909K [0x0000000080000000, 0x0000000100000000)
  region size 1024K, 6 young (6144K), 6 survivors (6144K)
 Metaspace       used 93304K, capacity 96120K, committed 96332K, reserved 1132544K
  class space    used 12085K, capacity 13109K, committed 13132K, reserved 1048576K
}
Event: 8.969 GC heap before
{Heap before GC invocations=15 (full 0):
 garbage-first heap   total 260096K, used 190165K [0x0000000080000000, 0x0000000100000000)
  region size 1024K, 75 young (76800K), 6 survivors (6144K)
 Metaspace       used 97184K, capacity 100165K, committed 100300K, reserved 1136640K
  class space    used 12662K, capacity 13766K, committed 13772K, reserved 1048576K
}
Event: 8.977 GC heap after
{Heap after GC invocations=16 (full 0):
 garbage-first heap   total 260096K, used 125952K [0x0000000080000000, 0x0000000100000000)
  region size 1024K, 15 young (15360K), 15 survivors (15360K)
 Metaspace       used 97184K, capacity 100165K, committed 100300K, reserved 1136640K
  class space    used 12662K, capacity 13766K, committed 13772K, reserved 1048576K
}
Event: 9.291 GC heap before
{Heap before GC invocations=17 (full 0):
 garbage-first heap   total 260096K, used 209920K [0x0000000080000000, 0x0000000100000000)
  region size 1024K, 93 young (95232K), 15 survivors (15360K)
 Metaspace       used 103101K, capacity 106506K, committed 106700K, reserved 1140736K
  class space    used 13689K, capacity 15025K, committed 15052K, reserved 1048576K
}
Event: 9.322 GC heap after
{Heap after GC invocations=18 (full 0):
 garbage-first heap   total 260096K, used 148480K [0x0000000080000000, 0x0000000100000000)
  region size 1024K, 12 young (12288K), 12 survivors (12288K)
 Metaspace       used 103101K, capacity 106506K, committed 106700K, reserved 1140736K
  class space    used 13689K, capacity 15025K, committed 15052K, reserved 1048576K
}
Event: 9.527 GC heap before
{Heap before GC invocations=19 (full 0):
 garbage-first heap   total 260096K, used 203776K [0x0000000080000000, 0x0000000100000000)
  region size 1024K, 67 young (68608K), 12 survivors (12288K)
 Metaspace       used 105745K, capacity 109471K, committed 109644K, reserved 1142784K
  class space    used 14217K, capacity 15681K, committed 15692K, reserved 1048576K
}
Event: 9.552 GC heap after
{Heap after GC invocations=20 (full 0):
 garbage-first heap   total 260096K, used 169571K [0x0000000080000000, 0x0000000100000000)
  region size 1024K, 9 young (9216K), 9 survivors (9216K)
 Metaspace       used 105745K, capacity 109471K, committed 109644K, reserved 1142784K
  class space    used 14217K, capacity 15681K, committed 15692K, reserved 1048576K
}
Event: 9.592 GC heap before
{Heap before GC invocations=20 (full 0):
 garbage-first heap   total 260096K, used 204387K [0x0000000080000000, 0x0000000100000000)
  region size 1024K, 44 young (45056K), 9 survivors (9216K)
 Metaspace       used 105830K, capacity 109635K, committed 109644K, reserved 1142784K
  class space    used 14221K, capacity 15686K, committed 15692K, reserved 1048576K
}
Event: 9.612 GC heap after
{Heap after GC invocations=21 (full 0):
 garbage-first heap   total 260096K, used 183251K [0x0000000080000000, 0x0000000100000000)
  region size 1024K, 6 young (6144K), 6 survivors (6144K)
 Metaspace       used 105830K, capacity 109635K, committed 109644K, reserved 1142784K
  class space    used 14221K, capacity 15686K, committed 15692K, reserved 1048576K
}
Event: 9.671 GC heap before
{Heap before GC invocations=21 (full 0):
 garbage-first heap   total 260096K, used 209875K [0x0000000080000000, 0x0000000100000000)
  region size 1024K, 33 young (33792K), 6 survivors (6144K)
 Metaspace       used 105985K, capacity 109794K, committed 110028K, reserved 1142784K
  class space    used 14233K, capacity 15730K, committed 15820K, reserved 1048576K
}
Event: 9.684 GC heap after
{Heap after GC invocations=22 (full 0):
 garbage-first heap   total 327680K, used 195584K [0x0000000080000000, 0x0000000100000000)
  region size 1024K, 5 young (5120K), 5 survivors (5120K)
 Metaspace       used 105985K, capacity 109794K, committed 110028K, reserved 1142784K
  class space    used 14233K, capacity 15730K, committed 15820K, reserved 1048576K
}
Event: 9.825 GC heap before
{Heap before GC invocations=22 (full 0):
 garbage-first heap   total 327680K, used 244736K [0x0000000080000000, 0x0000000100000000)
  region size 1024K, 53 young (54272K), 5 survivors (5120K)
 Metaspace       used 104893K, capacity 107977K, committed 110284K, reserved 1144832K
  class space    used 13790K, capacity 14938K, committed 15820K, reserved 1048576K
}
Event: 9.841 GC heap after
{Heap after GC invocations=23 (full 0):
 garbage-first heap   total 327680K, used 217583K [0x0000000080000000, 0x0000000100000000)
  region size 1024K, 7 young (7168K), 7 survivors (7168K)
 Metaspace       used 104893K, capacity 107977K, committed 110284K, reserved 1144832K
  class space    used 13790K, capacity 14938K, committed 15820K, reserved 1048576K
}
Event: 9.937 GC heap before
{Heap before GC invocations=24 (full 0):
 garbage-first heap   total 327680K, used 238063K [0x0000000080000000, 0x0000000100000000)
  region size 1024K, 28 young (28672K), 7 survivors (7168K)
 Metaspace       used 105098K, capacity 108174K, committed 110284K, reserved 1144832K
  class space    used 13810K, capacity 14958K, committed 15820K, reserved 1048576K
}
Event: 9.948 GC heap after
{Heap after GC invocations=25 (full 0):
 garbage-first heap   total 327680K, used 226939K [0x0000000080000000, 0x0000000100000000)
  region size 1024K, 6 young (6144K), 6 survivors (6144K)
 Metaspace       used 105098K, capacity 108174K, committed 110284K, reserved 1144832K
  class space    used 13810K, capacity 14958K, committed 15820K, reserved 1048576K
}
Event: 10.119 GC heap before
{Heap before GC invocations=25 (full 0):
 garbage-first heap   total 327680K, used 258683K [0x0000000080000000, 0x0000000100000000)
  region size 1024K, 36 young (36864K), 6 survivors (6144K)
 Metaspace       used 105529K, capacity 108736K, committed 110540K, reserved 1144832K
  class space    used 13869K, capacity 15050K, committed 15820K, reserved 1048576K
}
Event: 10.128 GC heap after
{Heap after GC invocations=26 (full 0):
 garbage-first heap   total 327680K, used 231941K [0x0000000080000000, 0x0000000100000000)
  region size 1024K, 5 young (5120K), 5 survivors (5120K)
 Metaspace       used 105529K, capacity 108736K, committed 110540K, reserved 1144832K
  class space    used 13869K, capacity 15050K, committed 15820K, reserved 1048576K
}
Event: 10.282 GC heap before
{Heap before GC invocations=27 (full 0):
 garbage-first heap   total 327680K, used 248325K [0x0000000080000000, 0x0000000100000000)
  region size 1024K, 35 young (35840K), 5 survivors (5120K)
 Metaspace       used 105247K, capacity 108244K, committed 110540K, reserved 1144832K
  class space    used 13772K, capacity 14877K, committed 15820K, reserved 1048576K
}

Deoptimization events (20 events):
Event: 10.078 Thread 0x00000189611b6000 DEOPT PACKING pc=0x000001894a6584c8 sp=0x0000002fe73fcfd0
Event: 10.078 Thread 0x00000189611b6000 DEOPT UNPACKING pc=0x00000189424b78af sp=0x0000002fe73fcf88 mode 2
Event: 10.196 Thread 0x00000189611b6000 DEOPT PACKING pc=0x00000189445512aa sp=0x0000002fe73fd460
Event: 10.196 Thread 0x00000189611b6000 DEOPT UNPACKING pc=0x00000189424b76ce sp=0x0000002fe73fc970 mode 0
Event: 10.241 Thread 0x00000189601f1800 DEOPT PACKING pc=0x0000018944426a15 sp=0x0000002fe8dfed00
Event: 10.241 Thread 0x00000189601f5000 DEOPT PACKING pc=0x0000018944426a15 sp=0x0000002fe89fecb0
Event: 10.241 Thread 0x00000189601f0000 DEOPT PACKING pc=0x0000018944426a15 sp=0x0000002fe8bff340
Event: 10.241 Thread 0x00000189601ef000 DEOPT PACKING pc=0x0000018944426a15 sp=0x0000002fe8afee40
Event: 10.241 Thread 0x0000018967964000 DEOPT PACKING pc=0x0000018944426a15 sp=0x0000002fe8ffe940
Event: 10.241 Thread 0x00000189601f1800 DEOPT UNPACKING pc=0x00000189424b76ce sp=0x0000002fe8dfe1c0 mode 0
Event: 10.241 Thread 0x00000189601f0000 DEOPT UNPACKING pc=0x00000189424b76ce sp=0x0000002fe8bfe800 mode 0
Event: 10.241 Thread 0x00000189601f5000 DEOPT UNPACKING pc=0x00000189424b76ce sp=0x0000002fe89fe170 mode 0
Event: 10.241 Thread 0x0000018967964000 DEOPT UNPACKING pc=0x00000189424b76ce sp=0x0000002fe8ffde00 mode 0
Event: 10.241 Thread 0x00000189601ef000 DEOPT UNPACKING pc=0x00000189424b76ce sp=0x0000002fe8afe300 mode 0
Event: 10.241 Thread 0x00000189601f2800 DEOPT PACKING pc=0x0000018944426a15 sp=0x0000002fe85ff150
Event: 10.242 Thread 0x00000189601e8000 DEOPT PACKING pc=0x0000018944426a15 sp=0x0000002fe84fee70
Event: 10.242 Thread 0x00000189601f2800 DEOPT UNPACKING pc=0x00000189424b76ce sp=0x0000002fe85fe610 mode 0
Event: 10.241 Thread 0x00000189601ee800 DEOPT PACKING pc=0x0000018944426a15 sp=0x0000002fe88feb30
Event: 10.242 Thread 0x00000189601e8000 DEOPT UNPACKING pc=0x00000189424b76ce sp=0x0000002fe84fe330 mode 0
Event: 10.242 Thread 0x00000189601ee800 DEOPT UNPACKING pc=0x00000189424b76ce sp=0x0000002fe88fdff0 mode 0

Classes redefined (0 events):
No events

Internal exceptions (20 events):
Event: 9.426 Thread 0x00000189611b7000 Exception <a 'sun/nio/fs/WindowsException'{0x000000008eebd030}> (0x000000008eebd030) thrown at [./src/hotspot/share/prims/jni.cpp, line 615]
Event: 9.443 Thread 0x00000189601ec000 Exception <a 'sun/nio/fs/WindowsException'{0x000000008ea8d000}> (0x000000008ea8d000) thrown at [./src/hotspot/share/prims/jni.cpp, line 615]
Event: 9.522 Thread 0x000001895d480000 Implicit null exception at 0x000001894a5dedd2 to 0x000001894a5df1d4
Event: 9.564 Thread 0x00000189601eb000 Exception <a 'sun/nio/fs/WindowsException'{0x000000008f5f2ea8}> (0x000000008f5f2ea8) thrown at [./src/hotspot/share/prims/jni.cpp, line 615]
Event: 9.613 Thread 0x00000189611b7000 Exception <a 'sun/nio/fs/WindowsException'{0x000000008fd6af20}> (0x000000008fd6af20) thrown at [./src/hotspot/share/prims/jni.cpp, line 615]
Event: 9.613 Thread 0x00000189601ea800 Exception <a 'sun/nio/fs/WindowsException'{0x000000008fd6de88}> (0x000000008fd6de88) thrown at [./src/hotspot/share/prims/jni.cpp, line 615]
Event: 9.613 Thread 0x00000189601e7000 Exception <a 'sun/nio/fs/WindowsException'{0x000000008fd6efd8}> (0x000000008fd6efd8) thrown at [./src/hotspot/share/prims/jni.cpp, line 615]
Event: 9.617 Thread 0x00000189601ec000 Exception <a 'sun/nio/fs/WindowsException'{0x000000008fbb9b08}> (0x000000008fbb9b08) thrown at [./src/hotspot/share/prims/jni.cpp, line 615]
Event: 9.621 Thread 0x00000189611b0800 Exception <a 'sun/nio/fs/WindowsException'{0x000000008f9afd00}> (0x000000008f9afd00) thrown at [./src/hotspot/share/prims/jni.cpp, line 615]
Event: 9.626 Thread 0x00000189601ed800 Exception <a 'sun/nio/fs/WindowsException'{0x000000008f577d90}> (0x000000008f577d90) thrown at [./src/hotspot/share/prims/jni.cpp, line 615]
Event: 9.630 Thread 0x00000189601e8800 Exception <a 'sun/nio/fs/WindowsException'{0x000000008f26cff0}> (0x000000008f26cff0) thrown at [./src/hotspot/share/prims/jni.cpp, line 615]
Event: 9.644 Thread 0x00000189611b7000 Exception <a 'sun/nio/fs/WindowsException'{0x000000008eb3b2f0}> (0x000000008eb3b2f0) thrown at [./src/hotspot/share/prims/jni.cpp, line 615]
Event: 9.648 Thread 0x00000189601e8800 Exception <a 'sun/nio/fs/WindowsException'{0x000000008ea49dd0}> (0x000000008ea49dd0) thrown at [./src/hotspot/share/prims/jni.cpp, line 615]
Event: 9.685 Thread 0x00000189601ea800 Exception <a 'sun/nio/fs/WindowsException'{0x0000000093fda388}> (0x0000000093fda388) thrown at [./src/hotspot/share/prims/jni.cpp, line 615]
Event: 9.693 Thread 0x00000189601e7000 Exception <a 'sun/nio/fs/WindowsException'{0x0000000093f4d2f8}> (0x0000000093f4d2f8) thrown at [./src/hotspot/share/prims/jni.cpp, line 615]
Event: 9.710 Thread 0x00000189611b0800 Exception <a 'sun/nio/fs/WindowsException'{0x00000000937f9bd8}> (0x00000000937f9bd8) thrown at [./src/hotspot/share/prims/jni.cpp, line 615]
Event: 9.718 Thread 0x00000189601ed800 Exception <a 'sun/nio/fs/WindowsException'{0x0000000093314578}> (0x0000000093314578) thrown at [./src/hotspot/share/prims/jni.cpp, line 615]
Event: 9.720 Thread 0x00000189601ec000 Exception <a 'sun/nio/fs/WindowsException'{0x0000000093947780}> (0x0000000093947780) thrown at [./src/hotspot/share/prims/jni.cpp, line 615]
Event: 10.046 Thread 0x00000189611b6000 Exception <a 'java/lang/IncompatibleClassChangeError'{0x0000000092238810}: Found class java.lang.Object, but interface was expected> (0x0000000092238810) thrown at [./src/hotspot/share/interpreter/linkResolver.cpp, line 839]
Event: 10.091 Thread 0x00000189601eb000 Exception <a 'sun/nio/fs/WindowsException'{0x0000000091f13c48}> (0x0000000091f13c48) thrown at [./src/hotspot/share/prims/jni.cpp, line 615]

Events (20 events):
Event: 10.214 loading class com/android/tools/r8/graph/v0 done
Event: 10.214 loading class com/android/tools/r8/graph/v0
Event: 10.214 loading class com/android/tools/r8/graph/v0 done
Event: 10.214 loading class com/android/tools/r8/graph/v0
Event: 10.214 loading class com/android/tools/r8/graph/v0 done
Event: 10.214 loading class com/android/tools/r8/shaking/A0$b
Event: 10.214 loading class com/android/tools/r8/shaking/A0$b done
Event: 10.214 loading class com/android/tools/r8/graph/X
Event: 10.214 loading class com/android/tools/r8/graph/X done
Event: 10.214 loading class com/android/tools/r8/shaking/A0$b
Event: 10.214 loading class com/android/tools/r8/shaking/A0$b done
Event: 10.214 loading class com/android/tools/r8/graph/v0
Event: 10.214 loading class com/android/tools/r8/graph/v0 done
Event: 10.214 loading class com/android/tools/r8/graph/v0
Event: 10.214 loading class com/android/tools/r8/graph/v0 done
Event: 10.240 Executing VM operation: CGC_Operation
Event: 10.240 Executing VM operation: CGC_Operation done
Event: 10.271 Executing VM operation: RevokeBias
Event: 10.271 Executing VM operation: RevokeBias done
Event: 10.281 Executing VM operation: G1CollectForAllocation


Dynamic libraries:
0x00007ff66c170000 - 0x00007ff66c17a000 	C:\Program Files\Android\Android Studio\jre\bin\java.exe
0x00007ffdfaf20000 - 0x00007ffdfb127000 	C:\WINDOWS\SYSTEM32\ntdll.dll
0x00007ffdf9eb0000 - 0x00007ffdf9f6d000 	C:\WINDOWS\System32\KERNEL32.DLL
0x00007ffdf8660000 - 0x00007ffdf89d4000 	C:\WINDOWS\System32\KERNELBASE.dll
0x00007ffdf8540000 - 0x00007ffdf8651000 	C:\WINDOWS\System32\ucrtbase.dll
0x00007ffdf3d60000 - 0x00007ffdf3d79000 	C:\Program Files\Android\Android Studio\jre\bin\jli.dll
0x00007ffdecb20000 - 0x00007ffdecb37000 	C:\Program Files\Android\Android Studio\jre\bin\VCRUNTIME140.dll
0x00007ffdf9460000 - 0x00007ffdf960c000 	C:\WINDOWS\System32\USER32.dll
0x00007ffde6250000 - 0x00007ffde64f5000 	C:\WINDOWS\WinSxS\amd64_microsoft.windows.common-controls_6595b64144ccf1df_6.0.22000.120_none_9d947278b86cc467\COMCTL32.dll
0x00007ffdf8d90000 - 0x00007ffdf8db6000 	C:\WINDOWS\System32\win32u.dll
0x00007ffdf9c10000 - 0x00007ffdf9cb3000 	C:\WINDOWS\System32\msvcrt.dll
0x00007ffdfa490000 - 0x00007ffdfa4b9000 	C:\WINDOWS\System32\GDI32.dll
0x00007ffdf8bf0000 - 0x00007ffdf8d02000 	C:\WINDOWS\System32\gdi32full.dll
0x00007ffdf89e0000 - 0x00007ffdf8a7d000 	C:\WINDOWS\System32\msvcp_win.dll
0x00007ffdf9cc0000 - 0x00007ffdf9cf1000 	C:\WINDOWS\System32\IMM32.DLL
0x00007ffdd7c60000 - 0x00007ffdd7cfd000 	C:\Program Files\Android\Android Studio\jre\bin\msvcp140.dll
0x00007ffd9df80000 - 0x00007ffd9ea4f000 	C:\Program Files\Android\Android Studio\jre\bin\server\jvm.dll
0x00007ffdf9d00000 - 0x00007ffdf9dae000 	C:\WINDOWS\System32\ADVAPI32.dll
0x00007ffdf93c0000 - 0x00007ffdf945e000 	C:\WINDOWS\System32\sechost.dll
0x00007ffdfadc0000 - 0x00007ffdfaee0000 	C:\WINDOWS\System32\RPCRT4.dll
0x00007ffdfa470000 - 0x00007ffdfa478000 	C:\WINDOWS\System32\PSAPI.DLL
0x00007ffdf2c30000 - 0x00007ffdf2c39000 	C:\WINDOWS\SYSTEM32\WSOCK32.dll
0x00007ffde82c0000 - 0x00007ffde82f3000 	C:\WINDOWS\SYSTEM32\WINMM.dll
0x00007ffdf8ec0000 - 0x00007ffdf8f2f000 	C:\WINDOWS\System32\WS2_32.dll
0x00007ffdf2b60000 - 0x00007ffdf2b6a000 	C:\WINDOWS\SYSTEM32\VERSION.dll
0x00007ffdf7600000 - 0x00007ffdf7618000 	C:\WINDOWS\SYSTEM32\kernel.appcore.dll
0x00007ffde9410000 - 0x00007ffde9421000 	C:\Program Files\Android\Android Studio\jre\bin\verify.dll
0x00007ffde5230000 - 0x00007ffde5451000 	C:\WINDOWS\SYSTEM32\DBGHELP.DLL
0x00007ffde2770000 - 0x00007ffde27a1000 	C:\WINDOWS\SYSTEM32\dbgcore.DLL
0x00007ffdf8d10000 - 0x00007ffdf8d8f000 	C:\WINDOWS\System32\bcryptPrimitives.dll
0x00007ffde1f90000 - 0x00007ffde1fb9000 	C:\Program Files\Android\Android Studio\jre\bin\java.dll
0x00007ffdec8c0000 - 0x00007ffdec8cb000 	C:\Program Files\Android\Android Studio\jre\bin\jimage.dll
0x00007ffde1ff0000 - 0x00007ffde2008000 	C:\Program Files\Android\Android Studio\jre\bin\zip.dll
0x00007ffdfa610000 - 0x00007ffdfadbe000 	C:\WINDOWS\System32\SHELL32.dll
0x00007ffdf6590000 - 0x00007ffdf6df7000 	C:\WINDOWS\SYSTEM32\windows.storage.dll
0x00007ffdf8f90000 - 0x00007ffdf9308000 	C:\WINDOWS\System32\combase.dll
0x00007ffdf6420000 - 0x00007ffdf6586000 	C:\WINDOWS\SYSTEM32\wintypes.dll
0x00007ffdfa4c0000 - 0x00007ffdfa5aa000 	C:\WINDOWS\System32\SHCORE.dll
0x00007ffdfa1b0000 - 0x00007ffdfa20d000 	C:\WINDOWS\System32\shlwapi.dll
0x00007ffdf8340000 - 0x00007ffdf8361000 	C:\WINDOWS\SYSTEM32\profapi.dll
0x00007ffde1ae0000 - 0x00007ffde1afa000 	C:\Program Files\Android\Android Studio\jre\bin\net.dll
0x00007ffdf2860000 - 0x00007ffdf296c000 	C:\WINDOWS\SYSTEM32\WINHTTP.dll
0x00007ffdf7a30000 - 0x00007ffdf7a97000 	C:\WINDOWS\system32\mswsock.dll
0x00007ffde1200000 - 0x00007ffde1214000 	C:\Program Files\Android\Android Studio\jre\bin\nio.dll
0x00007ffdf3ff0000 - 0x00007ffdf4017000 	D:\aa\native\8bec1ad78214c89d9ad589b4d07fe93259594b29d510b10fafb7a158f7737e5d\windows-amd64\native-platform.dll
0x00007ffdd7840000 - 0x00007ffdd797d000 	D:\aa\native\53dbd7edfb1c66fb8903c78663c9afc45aea4f116125fa6feffd364cf09443e8\windows-amd64\native-platform-file-events.dll
0x00007ffde1ad0000 - 0x00007ffde1ada000 	C:\Program Files\Android\Android Studio\jre\bin\management.dll
0x00007ffde1360000 - 0x00007ffde136c000 	C:\Program Files\Android\Android Studio\jre\bin\management_ext.dll
0x00007ffdf7c70000 - 0x00007ffdf7c88000 	C:\WINDOWS\SYSTEM32\CRYPTSP.dll
0x00007ffdf7560000 - 0x00007ffdf7595000 	C:\WINDOWS\system32\rsaenh.dll
0x00007ffdf7b20000 - 0x00007ffdf7b49000 	C:\WINDOWS\SYSTEM32\USERENV.dll
0x00007ffdf7df0000 - 0x00007ffdf7e17000 	C:\WINDOWS\SYSTEM32\bcrypt.dll
0x00007ffdf7c90000 - 0x00007ffdf7c9c000 	C:\WINDOWS\SYSTEM32\CRYPTBASE.dll
0x00007ffdf7130000 - 0x00007ffdf715d000 	C:\WINDOWS\SYSTEM32\IPHLPAPI.DLL
0x00007ffdf9db0000 - 0x00007ffdf9db9000 	C:\WINDOWS\System32\NSI.dll
0x00007ffdf2980000 - 0x00007ffdf2999000 	C:\WINDOWS\SYSTEM32\dhcpcsvc6.DLL
0x00007ffdf2c90000 - 0x00007ffdf2cae000 	C:\WINDOWS\SYSTEM32\dhcpcsvc.DLL
0x00007ffdf7160000 - 0x00007ffdf7247000 	C:\WINDOWS\SYSTEM32\DNSAPI.dll

dbghelp: loaded successfully - version: 4.0.5 - missing functions: none
symbol engine: initialized successfully - sym options: 0x614 - pdb path: .;C:\Program Files\Android\Android Studio\jre\bin;C:\WINDOWS\SYSTEM32;C:\WINDOWS\WinSxS\amd64_microsoft.windows.common-controls_6595b64144ccf1df_6.0.22000.120_none_9d947278b86cc467;C:\Program Files\Android\Android Studio\jre\bin\server;D:\aa\native\8bec1ad78214c89d9ad589b4d07fe93259594b29d510b10fafb7a158f7737e5d\windows-amd64;D:\aa\native\53dbd7edfb1c66fb8903c78663c9afc45aea4f116125fa6feffd364cf09443e8\windows-amd64

VM Arguments:
jvm_args: --add-opens=java.base/java.util=ALL-UNNAMED --add-opens=java.base/java.lang=ALL-UNNAMED --add-opens=java.base/java.lang.invoke=ALL-UNNAMED --add-opens=java.base/java.util=ALL-UNNAMED --add-opens=java.prefs/java.util.prefs=ALL-UNNAMED --add-opens=java.prefs/java.util.prefs=ALL-UNNAMED --add-opens=java.base/java.nio.charset=ALL-UNNAMED --add-opens=java.base/java.net=ALL-UNNAMED --add-opens=java.base/java.util.concurrent.atomic=ALL-UNNAMED -Xmx2048m -Dfile.encoding=UTF-8 -Duser.country=IN -Duser.language=en -Duser.variant 
java_command: org.gradle.launcher.daemon.bootstrap.GradleDaemon 7.0.2
java_class_path (initial): D:\aa\wrapper\dists\gradle-7.0.2-bin\857tjihv64xamwrf0h14cai3r\gradle-7.0.2\lib\gradle-launcher-7.0.2.jar
Launcher Type: SUN_STANDARD

[Global flags]
     intx CICompilerCount                          = 4                                         {product} {ergonomic}
     uint ConcGCThreads                            = 3                                         {product} {ergonomic}
     uint G1ConcRefinementThreads                  = 10                                        {product} {ergonomic}
   size_t G1HeapRegionSize                         = 1048576                                   {product} {ergonomic}
    uintx GCDrainStackTargetSize                   = 64                                        {product} {ergonomic}
   size_t InitialHeapSize                          = 266338304                                 {product} {ergonomic}
   size_t MarkStackSize                            = 4194304                                   {product} {ergonomic}
   size_t MaxHeapSize                              = 2147483648                                {product} {command line}
   size_t MaxNewSize                               = 1287651328                                {product} {ergonomic}
   size_t MinHeapDeltaBytes                        = 1048576                                   {product} {ergonomic}
    uintx NonNMethodCodeHeapSize                   = 5836300                                {pd product} {ergonomic}
    uintx NonProfiledCodeHeapSize                  = 122910970                              {pd product} {ergonomic}
    uintx ProfiledCodeHeapSize                     = 122910970                              {pd product} {ergonomic}
    uintx ReservedCodeCacheSize                    = 251658240                              {pd product} {ergonomic}
     bool SegmentedCodeCache                       = true                                      {product} {ergonomic}
     bool UseCompressedClassPointers               = true                                 {lp64_product} {ergonomic}
     bool UseCompressedOops                        = true                                 {lp64_product} {ergonomic}
     bool UseG1GC                                  = true                                      {product} {ergonomic}
     bool UseLargePagesIndividualAllocation        = false                                  {pd product} {ergonomic}

Logging:
Log output configuration:
 #0: stdout all=warning uptime,level,tags
 #1: stderr all=off uptime,level,tags

Environment Variables:
JAVA_HOME=C:\Program Files\Java\jdk-15.0.2
PATH=C:\MinGW;C:\MinGW\bin;C:\Program Files\Java\jdk-15.0.2\bin;C:\Program Files\Common Files\Oracle\Java\javapath;C:\Windows\system32;C:\Windows;C:\Windows\System32\Wbem;C:\Windows\System32\WindowsPowerShell\v1.0\;C:\Windows\System32\OpenSSH\;C:\Program Files (x86)\NVIDIA Corporation\PhysX\Common;C:\Program Files\NVIDIA Corporation\NVIDIA NvDLISR;C:\WINDOWS\system32;C:\WINDOWS;C:\WINDOWS\System32\Wbem;C:\WINDOWS\System32\WindowsPowerShell\v1.0\;C:\WINDOWS\System32\OpenSSH\;C:\Program Files\Git\cmd;C:\Program Files\dotnet\;C:\Users\Deepak\Desktop\gradle1\gradle-7.0.1\bin;C:\Users\Deepak\Desktop\gradle1\gradle-7.0.1;C:\Program Files\nodejs;C:\Program Files\Google\Google Apps Sync\;C:\Program Files\Google\Google Apps Migration\;C:\Program Files\Microsoft SQL Server\150\Tools\Binn\;C:\Program Files\Microsoft SQL Server\Client SDK\ODBC\170\Tools\Binn\;C:\Users\Deepak\anaconda3;C:\Users\Deepak\anaconda3\Library\mingw-w64\bin;C:\Users\Deepak\anaconda3\Library\usr\bin;C:\Users\Deepak\anaconda3\Library\bin;C:\Users\Deepak\anaconda3\Scripts;C:\Program Files\MySQL\MySQL Shell 8.0\bin\;C:\src\flutter\flutter\bin;C:\Users\Deepak\AppData\Local\Programs\Python\Python39\Scripts\;C:\Users\Deepak\AppData\Local\Programs\Python\Python39\;C:\Program Files\Java\jdk-15.0.2\bin;C:\Program Files\JetBrains\IntelliJ IDEA 2020.3.2\bin;;C:\Users\Deepak\AppData\Local\Microsoft\WindowsApps;C:\Users\Deepak\AppData\Local\Programs\Microsoft VS Code\bin;C:\Users\Deepak\AppData\Local\Programs\radare2\bin;C:\Modeltech_eval_6.2c\win32;C:\Modeltech_6.2c\win32;C:\Program Files\JetBrains\IntelliJ IDEA Community Edition 2021.1.2\bin;;C:\Program Files\JetBrains\PyCharm Community Edition 2021.1.2\bin;;C:\Users\Deepak\AppData\Roaming\npm;C:\Users\Deepak\AppData\Local\GitHubDesktop\bin;C:\Users\Deepak\.dotnet\tools
USERNAME=Deepak
OS=Windows_NT
PROCESSOR_IDENTIFIER=Intel64 Family 6 Model 158 Stepping 10, GenuineIntel



---------------  S Y S T E M  ---------------

OS: Windows 10 , 64 bit Build 22000 (10.0.22000.434)
OS uptime: 0 days 19:55 hours

CPU:total 12 (initial active 12) (6 cores per cpu, 2 threads per core) family 6 model 158 stepping 10 microcode 0xde, cmov, cx8, fxsr, mmx, sse, sse2, sse3, ssse3, sse4.1, sse4.2, popcnt, avx, avx2, aes, clmul, erms, 3dnowpref, lzcnt, ht, tsc, tscinvbit, bmi1, bmi2, adx, fma

Memory: 4k page, system-wide physical 16225M (2191M free)
TotalPageFile size 16225M (AvailPageFile size 28M)
current process WorkingSet (physical memory assigned to process): 633M, peak: 642M
current process commit charge ("private bytes"): 685M, peak: 743M

vm_info: OpenJDK 64-Bit Server VM (11.0.10+0-b96-7249189) for windows-amd64 JRE (11.0.10+0-b96-7249189), built on Mar 31 2021 21:44:00 by "builder" with MS VC++ 14.0 (VS2015)

END.
