#
# There is insufficient memory for the Java Runtime Environment to continue.
# Native memory allocation (malloc) failed to allocate 32744 bytes for ChunkPool::allocate
# Possible reasons:
#   The system is out of physical RAM or swap space
#   The process is running with CompressedOops enabled, and the Java Heap may be blocking the growth of the native heap
# Possible solutions:
#   Reduce memory load on the system
#   Increase physical memory or swap space
#   Check if swap backing store is full
#   Decrease Java heap size (-Xmx/-Xms)
#   Decrease number of Java threads
#   Decrease Java thread stack sizes (-Xss)
#   Set larger code cache with -XX:ReservedCodeCacheSize=
#   JVM is running with Unscaled Compressed Oops mode in which the Java heap is
#     placed in the first 4GB address space. The Java Heap base address is the
#     maximum limit for the native heap growth. Please use -XX:HeapBaseMinAddress
#     to set the Java Heap base and to place the Java Heap above 4GB virtual address.
# This output file may be truncated or incomplete.
#
#  Out of Memory Error (./src/hotspot/share/memory/arena.cpp:81), pid=4136, tid=7472
#
# JRE version: OpenJDK Runtime Environment (11.0.10) (build 11.0.10+0-b96-7249189)
# Java VM: OpenJDK 64-Bit Server VM (11.0.10+0-b96-7249189, mixed mode, tiered, compressed oops, g1 gc, windows-amd64)
# No core dump will be written. Minidumps are not enabled by default on client versions of Windows
#

---------------  S U M M A R Y ------------

Command Line: --add-opens=java.base/java.util=ALL-UNNAMED --add-opens=java.base/java.lang=ALL-UNNAMED --add-opens=java.base/java.lang.invoke=ALL-UNNAMED --add-opens=java.base/java.util=ALL-UNNAMED --add-opens=java.prefs/java.util.prefs=ALL-UNNAMED --add-opens=java.prefs/java.util.prefs=ALL-UNNAMED --add-opens=java.base/java.nio.charset=ALL-UNNAMED --add-opens=java.base/java.net=ALL-UNNAMED --add-opens=java.base/java.util.concurrent.atomic=ALL-UNNAMED -Xmx2048m -Dfile.encoding=UTF-8 -Duser.country=IN -Duser.language=en -Duser.variant org.gradle.launcher.daemon.bootstrap.GradleDaemon 7.0.2

Host: Intel(R) Core(TM) i7-9750H CPU @ 2.60GHz, 12 cores, 15G,  Windows 10 , 64 bit Build 22000 (10.0.22000.434)
Time: Sun Jan 30 20:38:22 2022 India Standard Time elapsed time: 28.312127 seconds (0d 0h 0m 28s)

---------------  T H R E A D  ---------------

Current thread (0x0000027d23ebd000):  JavaThread "C2 CompilerThread0" daemon [_thread_in_native, id=7472, stack(0x000000e9cc000000,0x000000e9cc100000)]


Current CompileTask:
C2:  28312 13025       4       org.gradle.internal.instantiation.generator.AbstractClassGenerator::inspectType (560 bytes)

Stack: [0x000000e9cc000000,0x000000e9cc100000]
Native frames: (J=compiled Java code, j=interpreted, Vv=VM code, C=native code)
V  [jvm.dll+0x5ecfaa]
V  [jvm.dll+0x722bd5]
V  [jvm.dll+0x72412d]
V  [jvm.dll+0x7247e3]
V  [jvm.dll+0x242928]
V  [jvm.dll+0xbc75b]
V  [jvm.dll+0xbca0c]
V  [jvm.dll+0xbc608]
V  [jvm.dll+0x5cc470]
V  [jvm.dll+0x61cfce]
V  [jvm.dll+0x1980d8]
V  [jvm.dll+0x1fb70e]
V  [jvm.dll+0x1fa7f4]
V  [jvm.dll+0x18354c]
V  [jvm.dll+0x208ee7]
V  [jvm.dll+0x207731]
V  [jvm.dll+0x6eb1cf]
V  [jvm.dll+0x6e3d45]
V  [jvm.dll+0x5ebe96]
C  [ucrtbase.dll+0x26c0c]
C  [KERNEL32.DLL+0x154e0]
C  [ntdll.dll+0x485b]


---------------  P R O C E S S  ---------------

Threads class SMR info:
_java_thread_list=0x0000027d2bde1110, length=90, elements={
0x0000027d06d63800, 0x0000027d23e50000, 0x0000027d23e5b000, 0x0000027d23ead800,
0x0000027d23eae800, 0x0000027d23eaf800, 0x0000027d23ebd000, 0x0000027d23ebf000,
0x0000027d23ed5800, 0x0000027d24030800, 0x0000027d253f2800, 0x0000027d2420e000,
0x0000027d25216800, 0x0000027d26693000, 0x0000027d24175000, 0x0000027d259dd800,
0x0000027d269f2800, 0x0000027d25f7a000, 0x0000027d26523800, 0x0000027d26588800,
0x0000027d26589000, 0x0000027d26587800, 0x0000027d26587000, 0x0000027d25275000,
0x0000027d265ec800, 0x0000027d265ed800, 0x0000027d265f4000, 0x0000027d265f1000,
0x0000027d265f2800, 0x0000027d265ee800, 0x0000027d265f0000, 0x0000027d265f5000,
0x0000027d265f5800, 0x0000027d265f6800, 0x0000027d265f1800, 0x0000027d265f8000,
0x0000027d265f9000, 0x0000027d265f3000, 0x0000027d265f9800, 0x0000027d265fb800,
0x0000027d265fa800, 0x0000027d2ac47000, 0x0000027d2ac4c000, 0x0000027d2ac48000,
0x0000027d2ac4b000, 0x0000027d2ac4a800, 0x0000027d2ac48800, 0x0000027d2ac49800,
0x0000027d2ac46000, 0x0000027d2ac4d800, 0x0000027d2ac4f000, 0x0000027d2ac50000,
0x0000027d2ac52800, 0x0000027d2ac51000, 0x0000027d2ac51800, 0x0000027d2ac4c800,
0x0000027d2ac53800, 0x0000027d2ac54000, 0x0000027d2ac55000, 0x0000027d27211800,
0x0000027d27210800, 0x0000027d2720d800, 0x0000027d2720c800, 0x0000027d27212000,
0x0000027d27213000, 0x0000027d27210000, 0x0000027d27214000, 0x0000027d27214800,
0x0000027d2720f000, 0x0000027d27216800, 0x0000027d27217000, 0x0000027d2721b000,
0x0000027d27218000, 0x0000027d27219000, 0x0000027d27219800, 0x0000027d2721a800,
0x0000027d27215800, 0x0000027d2be67800, 0x0000027d2be63800, 0x0000027d291df800,
0x0000027d2be68800, 0x0000027d2be64000, 0x0000027d2be69000, 0x0000027d2be6a000,
0x0000027d2be6a800, 0x0000027d2be65000, 0x0000027d2be6b800, 0x0000027d2be66800,
0x0000027d2be66000, 0x0000027d2be6d000
}

Java Threads: ( => current thread )
  0x0000027d06d63800 JavaThread "main" [_thread_blocked, id=18536, stack(0x000000e9cb400000,0x000000e9cb500000)]
  0x0000027d23e50000 JavaThread "Reference Handler" daemon [_thread_blocked, id=18256, stack(0x000000e9cbb00000,0x000000e9cbc00000)]
  0x0000027d23e5b000 JavaThread "Finalizer" daemon [_thread_blocked, id=1800, stack(0x000000e9cbc00000,0x000000e9cbd00000)]
  0x0000027d23ead800 JavaThread "Signal Dispatcher" daemon [_thread_blocked, id=14312, stack(0x000000e9cbd00000,0x000000e9cbe00000)]
  0x0000027d23eae800 JavaThread "Attach Listener" daemon [_thread_blocked, id=1276, stack(0x000000e9cbe00000,0x000000e9cbf00000)]
  0x0000027d23eaf800 JavaThread "Service Thread" daemon [_thread_blocked, id=1892, stack(0x000000e9cbf00000,0x000000e9cc000000)]
=>0x0000027d23ebd000 JavaThread "C2 CompilerThread0" daemon [_thread_in_native, id=7472, stack(0x000000e9cc000000,0x000000e9cc100000)]
  0x0000027d23ebf000 JavaThread "C1 CompilerThread0" daemon [_thread_blocked, id=3424, stack(0x000000e9cc100000,0x000000e9cc200000)]
  0x0000027d23ed5800 JavaThread "Sweeper thread" daemon [_thread_blocked, id=9744, stack(0x000000e9cc200000,0x000000e9cc300000)]
  0x0000027d24030800 JavaThread "Common-Cleaner" daemon [_thread_blocked, id=14496, stack(0x000000e9cc300000,0x000000e9cc400000)]
  0x0000027d253f2800 JavaThread "Daemon health stats" [_thread_blocked, id=8772, stack(0x000000e9ccc00000,0x000000e9ccd00000)]
  0x0000027d2420e000 JavaThread "Incoming local TCP Connector on port 57951" [_thread_in_native, id=19188, stack(0x000000e9cc500000,0x000000e9cc600000)]
  0x0000027d25216800 JavaThread "Daemon periodic checks" [_thread_blocked, id=4904, stack(0x000000e9cc600000,0x000000e9cc700000)]
  0x0000027d26693000 JavaThread "Daemon" [_thread_blocked, id=3756, stack(0x000000e9ccd00000,0x000000e9cce00000)]
  0x0000027d24175000 JavaThread "Handler for socket connection from /127.0.0.1:57951 to /127.0.0.1:57952" [_thread_in_native, id=19648, stack(0x000000e9cce00000,0x000000e9ccf00000)]
  0x0000027d259dd800 JavaThread "Cancel handler" [_thread_blocked, id=3984, stack(0x000000e9cd000000,0x000000e9cd100000)]
  0x0000027d269f2800 JavaThread "Daemon worker" [_thread_blocked, id=10904, stack(0x000000e9cd100000,0x000000e9cd200000)]
  0x0000027d25f7a000 JavaThread "Asynchronous log dispatcher for DefaultDaemonConnection: socket connection from /127.0.0.1:57951 to /127.0.0.1:57952" [_thread_blocked, id=20400, stack(0x000000e9cd200000,0x000000e9cd300000)]
  0x0000027d26523800 JavaThread "Stdin handler" [_thread_blocked, id=6132, stack(0x000000e9cd300000,0x000000e9cd400000)]
  0x0000027d26588800 JavaThread "Daemon client event forwarder" [_thread_blocked, id=2328, stack(0x000000e9cd400000,0x000000e9cd500000)]
  0x0000027d26589000 JavaThread "Cache worker for file hash cache (D:\aa\caches\7.0.2\fileHashes)" [_thread_blocked, id=12652, stack(0x000000e9cd500000,0x000000e9cd600000)]
  0x0000027d26587800 JavaThread "File lock request listener" [_thread_in_native, id=3888, stack(0x000000e9cd600000,0x000000e9cd700000)]
  0x0000027d26587000 JavaThread "Cache worker for journal cache (D:\aa\caches\journal-1)" [_thread_blocked, id=18300, stack(0x000000e9cdd00000,0x000000e9cde00000)]
  0x0000027d25275000 JavaThread "C2 CompilerThread1" daemon [_thread_in_native, id=2468, stack(0x000000e9ccf00000,0x000000e9cd000000)]
  0x0000027d265ec800 JavaThread "Cache worker for file hash cache (D:\app_dev\QuizApp\.gradle\7.0.2\fileHashes)" [_thread_blocked, id=12496, stack(0x000000e9cde00000,0x000000e9cdf00000)]
  0x0000027d265ed800 JavaThread "File watcher server" daemon [_thread_in_native, id=7884, stack(0x000000e9cdf00000,0x000000e9ce000000)]
  0x0000027d265f4000 JavaThread "File watcher consumer" daemon [_thread_blocked, id=17904, stack(0x000000e9ce000000,0x000000e9ce100000)]
  0x0000027d265f1000 JavaThread "Cache worker for checksums cache (D:\app_dev\QuizApp\.gradle\checksums)" [_thread_blocked, id=19408, stack(0x000000e9ce100000,0x000000e9ce200000)]
  0x0000027d265f2800 JavaThread "Cache worker for cache directory md-supplier (D:\aa\caches\7.0.2\md-supplier)" [_thread_blocked, id=12468, stack(0x000000e9ce200000,0x000000e9ce300000)]
  0x0000027d265ee800 JavaThread "Cache worker for cache directory md-rule (D:\aa\caches\7.0.2\md-rule)" [_thread_blocked, id=16760, stack(0x000000e9ce400000,0x000000e9ce500000)]
  0x0000027d265f0000 JavaThread "Cache worker for execution history cache (D:\aa\caches\7.0.2\executionHistory)" [_thread_blocked, id=11588, stack(0x000000e9ce500000,0x000000e9ce600000)]
  0x0000027d265f5000 JavaThread "jar transforms" [_thread_blocked, id=972, stack(0x000000e9ce600000,0x000000e9ce700000)]
  0x0000027d265f5800 JavaThread "jar transforms Thread 2" [_thread_blocked, id=7348, stack(0x000000e9ce700000,0x000000e9ce800000)]
  0x0000027d265f6800 JavaThread "Cache worker for file content cache (D:\aa\caches\7.0.2\fileContent)" [_thread_blocked, id=5148, stack(0x000000e9ce800000,0x000000e9ce900000)]
  0x0000027d265f1800 JavaThread "Cache worker for dependencies-accessors (D:\app_dev\QuizApp\.gradle\7.0.2\dependencies-accessors)" [_thread_blocked, id=8452, stack(0x000000e9ce900000,0x000000e9cea00000)]
  0x0000027d265f8000 JavaThread "jar transforms Thread 3" [_thread_blocked, id=19960, stack(0x000000e9cea00000,0x000000e9ceb00000)]
  0x0000027d265f9000 JavaThread "Cache worker for Build Output Cleanup Cache (D:\app_dev\QuizApp\.gradle\buildOutputCleanup)" [_thread_blocked, id=10912, stack(0x000000e9ceb00000,0x000000e9cec00000)]
  0x0000027d265f3000 JavaThread "Build operations" [_thread_blocked, id=19596, stack(0x000000e9cec00000,0x000000e9ced00000)]
  0x0000027d265f9800 JavaThread "Build operations Thread 2" [_thread_blocked, id=10204, stack(0x000000e9ced00000,0x000000e9cee00000)]
  0x0000027d265fb800 JavaThread "Build operations Thread 3" [_thread_blocked, id=7784, stack(0x000000e9cee00000,0x000000e9cef00000)]
  0x0000027d265fa800 JavaThread "Build operations Thread 4" [_thread_blocked, id=16832, stack(0x000000e9cef00000,0x000000e9cf000000)]
  0x0000027d2ac47000 JavaThread "Build operations Thread 5" [_thread_blocked, id=18092, stack(0x000000e9cf000000,0x000000e9cf100000)]
  0x0000027d2ac4c000 JavaThread "Build operations Thread 6" [_thread_blocked, id=10572, stack(0x000000e9cf100000,0x000000e9cf200000)]
  0x0000027d2ac48000 JavaThread "Build operations Thread 7" [_thread_blocked, id=17144, stack(0x000000e9cf200000,0x000000e9cf300000)]
  0x0000027d2ac4b000 JavaThread "Build operations Thread 8" [_thread_blocked, id=11328, stack(0x000000e9cf300000,0x000000e9cf400000)]
  0x0000027d2ac4a800 JavaThread "Build operations Thread 9" [_thread_blocked, id=7696, stack(0x000000e9cf400000,0x000000e9cf500000)]
  0x0000027d2ac48800 JavaThread "Build operations Thread 10" [_thread_blocked, id=13356, stack(0x000000e9cf500000,0x000000e9cf600000)]
  0x0000027d2ac49800 JavaThread "Build operations Thread 11" [_thread_blocked, id=15412, stack(0x000000e9cf600000,0x000000e9cf700000)]
  0x0000027d2ac46000 JavaThread "Build operations Thread 12" [_thread_blocked, id=9568, stack(0x000000e9cf700000,0x000000e9cf800000)]
  0x0000027d2ac4d800 JavaThread "jar transforms Thread 4" [_thread_blocked, id=20224, stack(0x000000e9cf800000,0x000000e9cf900000)]
  0x0000027d2ac4f000 JavaThread "jar transforms Thread 5" [_thread_blocked, id=10376, stack(0x000000e9cf900000,0x000000e9cfa00000)]
  0x0000027d2ac50000 JavaThread "jar transforms Thread 6" [_thread_blocked, id=10448, stack(0x000000e9cfa00000,0x000000e9cfb00000)]
  0x0000027d2ac52800 JavaThread "jar transforms Thread 7" [_thread_blocked, id=12040, stack(0x000000e9cfb00000,0x000000e9cfc00000)]
  0x0000027d2ac51000 JavaThread "jar transforms Thread 8" [_thread_blocked, id=17156, stack(0x000000e9cfc00000,0x000000e9cfd00000)]
  0x0000027d2ac51800 JavaThread "jar transforms Thread 9" [_thread_blocked, id=8756, stack(0x000000e9cfd00000,0x000000e9cfe00000)]
  0x0000027d2ac4c800 JavaThread "jar transforms Thread 10" [_thread_blocked, id=17764, stack(0x000000e9cfe00000,0x000000e9cff00000)]
  0x0000027d2ac53800 JavaThread "jar transforms Thread 11" [_thread_blocked, id=15072, stack(0x000000e9cff00000,0x000000e9d0000000)]
  0x0000027d2ac54000 JavaThread "jar transforms Thread 12" [_thread_blocked, id=6888, stack(0x000000e9d0000000,0x000000e9d0100000)]
  0x0000027d2ac55000 JavaThread "Memory manager" [_thread_blocked, id=8412, stack(0x000000e9d0100000,0x000000e9d0200000)]
  0x0000027d27211800 JavaThread "build event listener" [_thread_blocked, id=10484, stack(0x000000e9d0200000,0x000000e9d0300000)]
  0x0000027d27210800 JavaThread "pool-3-thread-1" [_thread_blocked, id=2036, stack(0x000000e9d0300000,0x000000e9d0400000)]
  0x0000027d2720d800 JavaThread "build event listener" [_thread_blocked, id=13056, stack(0x000000e9d0400000,0x000000e9d0500000)]
  0x0000027d2720c800 JavaThread "Execution worker for ':'" [_thread_blocked, id=15444, stack(0x000000e9d0500000,0x000000e9d0600000)]
  0x0000027d27212000 JavaThread "Execution worker for ':' Thread 2" [_thread_blocked, id=18576, stack(0x000000e9d0600000,0x000000e9d0700000)]
  0x0000027d27213000 JavaThread "Execution worker for ':' Thread 3" [_thread_blocked, id=2772, stack(0x000000e9d0700000,0x000000e9d0800000)]
  0x0000027d27210000 JavaThread "Execution worker for ':' Thread 4" [_thread_blocked, id=2888, stack(0x000000e9d0800000,0x000000e9d0900000)]
  0x0000027d27214000 JavaThread "Execution worker for ':' Thread 5" [_thread_blocked, id=2308, stack(0x000000e9d0900000,0x000000e9d0a00000)]
  0x0000027d27214800 JavaThread "Execution worker for ':' Thread 6" [_thread_blocked, id=11312, stack(0x000000e9d0a00000,0x000000e9d0b00000)]
  0x0000027d2720f000 JavaThread "Execution worker for ':' Thread 7" [_thread_blocked, id=16012, stack(0x000000e9d0b00000,0x000000e9d0c00000)]
  0x0000027d27216800 JavaThread "Execution worker for ':' Thread 8" [_thread_blocked, id=10944, stack(0x000000e9d0c00000,0x000000e9d0d00000)]
  0x0000027d27217000 JavaThread "Execution worker for ':' Thread 9" [_thread_blocked, id=5852, stack(0x000000e9d0d00000,0x000000e9d0e00000)]
  0x0000027d2721b000 JavaThread "Execution worker for ':' Thread 10" [_thread_blocked, id=15580, stack(0x000000e9d0e00000,0x000000e9d0f00000)]
  0x0000027d27218000 JavaThread "Execution worker for ':' Thread 11" [_thread_blocked, id=14660, stack(0x000000e9d0f00000,0x000000e9d1000000)]
  0x0000027d27219000 JavaThread "Cache worker for execution history cache (D:\app_dev\QuizApp\.gradle\7.0.2\executionHistory)" [_thread_blocked, id=5132, stack(0x000000e9d1000000,0x000000e9d1100000)]
  0x0000027d27219800 JavaThread "WorkerExecutor Queue" [_thread_blocked, id=11916, stack(0x000000e9d1100000,0x000000e9d1200000)]
  0x0000027d2721a800 JavaThread "WorkerExecutor Queue Thread 2" [_thread_blocked, id=11988, stack(0x000000e9d1200000,0x000000e9d1300000)]
  0x0000027d27215800 JavaThread "pool-4-thread-1" [_thread_blocked, id=7992, stack(0x000000e9d1300000,0x000000e9d1400000)]
  0x0000027d2be67800 JavaThread "stderr" [_thread_in_native, id=12004, stack(0x000000e9d1400000,0x000000e9d1500000)]
  0x0000027d2be63800 JavaThread "stdout" [_thread_in_native, id=15596, stack(0x000000e9d1500000,0x000000e9d1600000)]
  0x0000027d291df800 JavaThread "C2 CompilerThread2" daemon [_thread_in_native, id=12304, stack(0x000000e9ce300000,0x000000e9ce400000)]
  0x0000027d2be68800 JavaThread "WorkerExecutor Queue Thread 3" [_thread_in_native, id=3256, stack(0x000000e9d1600000,0x000000e9d1700000)]
  0x0000027d2be64000 JavaThread "WorkerExecutor Queue Thread 4" [_thread_blocked, id=11648, stack(0x000000e9d1700000,0x000000e9d1800000)]
  0x0000027d2be69000 JavaThread "WorkerExecutor Queue Thread 5" [_thread_blocked, id=12360, stack(0x000000e9d1800000,0x000000e9d1900000)]
  0x0000027d2be6a000 JavaThread "WorkerExecutor Queue Thread 6" [_thread_blocked, id=11356, stack(0x000000e9d1900000,0x000000e9d1a00000)]
  0x0000027d2be6a800 JavaThread "WorkerExecutor Queue Thread 7" [_thread_blocked, id=14736, stack(0x000000e9d1a00000,0x000000e9d1b00000)]
  0x0000027d2be65000 JavaThread "WorkerExecutor Queue Thread 8" [_thread_blocked, id=9412, stack(0x000000e9d1b00000,0x000000e9d1c00000)]
  0x0000027d2be6b800 JavaThread "WorkerExecutor Queue Thread 9" [_thread_blocked, id=19424, stack(0x000000e9d1c00000,0x000000e9d1d00000)]
  0x0000027d2be66800 JavaThread "WorkerExecutor Queue Thread 10" [_thread_blocked, id=12588, stack(0x000000e9d1d00000,0x000000e9d1e00000)]
  0x0000027d2be66000 JavaThread "WorkerExecutor Queue Thread 11" [_thread_blocked, id=9268, stack(0x000000e9d1e00000,0x000000e9d1f00000)]
  0x0000027d2be6d000 JavaThread "WorkerExecutor Queue Thread 12" [_thread_blocked, id=18604, stack(0x000000e9d1f00000,0x000000e9d2000000)]

Other Threads:
  0x0000027d23e4e800 VMThread "VM Thread" [stack: 0x000000e9cba00000,0x000000e9cbb00000] [id=14328]
  0x0000027d24046800 WatcherThread [stack: 0x000000e9cc400000,0x000000e9cc500000] [id=10148]
  0x0000027d06d7a800 GCTaskThread "GC Thread#0" [stack: 0x000000e9cb500000,0x000000e9cb600000] [id=8012]
  0x0000027d25225800 GCTaskThread "GC Thread#1" [stack: 0x000000e9cc700000,0x000000e9cc800000] [id=19748]
  0x0000027d25330800 GCTaskThread "GC Thread#2" [stack: 0x000000e9cc800000,0x000000e9cc900000] [id=9608]
  0x0000027d24661000 GCTaskThread "GC Thread#3" [stack: 0x000000e9cc900000,0x000000e9cca00000] [id=14968]
  0x0000027d24b61800 GCTaskThread "GC Thread#4" [stack: 0x000000e9cca00000,0x000000e9ccb00000] [id=11992]
  0x0000027d246cf000 GCTaskThread "GC Thread#5" [stack: 0x000000e9ccb00000,0x000000e9ccc00000] [id=6904]
  0x0000027d25af7000 GCTaskThread "GC Thread#6" [stack: 0x000000e9cd700000,0x000000e9cd800000] [id=9520]
  0x0000027d26035000 GCTaskThread "GC Thread#7" [stack: 0x000000e9cd800000,0x000000e9cd900000] [id=13440]
  0x0000027d25666800 GCTaskThread "GC Thread#8" [stack: 0x000000e9cd900000,0x000000e9cda00000] [id=15148]
  0x0000027d25a51800 GCTaskThread "GC Thread#9" [stack: 0x000000e9cda00000,0x000000e9cdb00000] [id=17148]
  0x0000027d06daf000 ConcurrentGCThread "G1 Main Marker" [stack: 0x000000e9cb600000,0x000000e9cb700000] [id=10512]
  0x0000027d06db0800 ConcurrentGCThread "G1 Conc#0" [stack: 0x000000e9cb700000,0x000000e9cb800000] [id=7776]
  0x0000027d264d0800 ConcurrentGCThread "G1 Conc#1" [stack: 0x000000e9cdb00000,0x000000e9cdc00000] [id=8448]
  0x0000027d25fce000 ConcurrentGCThread "G1 Conc#2" [stack: 0x000000e9cdc00000,0x000000e9cdd00000] [id=9664]
  0x0000027d2349c000 ConcurrentGCThread "G1 Refine#0" [stack: 0x000000e9cb800000,0x000000e9cb900000] [id=9916]
  0x0000027d2af51800 ConcurrentGCThread "G1 Refine#1" [stack: 0x000000e9d2000000,0x000000e9d2100000] [id=16432]
  0x0000027d2c9aa000 ConcurrentGCThread "G1 Refine#2" [stack: 0x000000e9d2100000,0x000000e9d2200000] [id=9364]
  0x0000027d2349f000 ConcurrentGCThread "G1 Young RemSet Sampling" [stack: 0x000000e9cb900000,0x000000e9cba00000] [id=11632]

Threads with active compile tasks:
C2 CompilerThread0  28359 13025       4       org.gradle.internal.instantiation.generator.AbstractClassGenerator::inspectType (560 bytes)
C1 CompilerThread0  28359 13386       2       org.gradle.internal.logging.text.AbstractLineChoppingStyledTextOutput$1::execute (9 bytes)
C2 CompilerThread1  28359 13305       4       com.android.tools.r8.dex.j::m (2086 bytes)
C2 CompilerThread2  28360 13376       4       com.android.tools.r8.internal.UF::b (195 bytes)

VM state:not at safepoint (normal execution)

VM Mutex/Monitor currently owned by a thread: None

OutOfMemory and StackOverflow Exception counts:
OutOfMemoryError java_heap_errors=1
LinkageErrors=165

Heap address: 0x0000000080000000, size: 2048 MB, Compressed Oops mode: 32-bit
Narrow klass base: 0x0000000000000000, Narrow klass shift: 3
Compressed class space size: 1073741824 Address: 0x0000000100000000

Heap:
 garbage-first heap   total 261120K, used 155951K [0x0000000080000000, 0x0000000100000000)
  region size 1024K, 22 young (22528K), 6 survivors (6144K)
 Metaspace       used 105110K, capacity 107780K, committed 107980K, reserved 1142784K
  class space    used 13669K, capacity 14682K, committed 14796K, reserved 1048576K
Heap Regions: E=young(eden), S=young(survivor), O=old, HS=humongous(starts), HC=humongous(continues), CS=collection set, F=free, A=archive, TAMS=top-at-mark-start (previous, next)
|   0|0x0000000080000000, 0x0000000080100000, 0x0000000080100000|100%| O|  |TAMS 0x0000000080100000, 0x0000000080000000| Untracked 
|   1|0x0000000080100000, 0x0000000080200000, 0x0000000080200000|100%| O|  |TAMS 0x0000000080200000, 0x0000000080100000| Untracked 
|   2|0x0000000080200000, 0x0000000080300000, 0x0000000080300000|100%| O|  |TAMS 0x0000000080300000, 0x0000000080200000| Untracked 
|   3|0x0000000080300000, 0x0000000080400000, 0x0000000080400000|100%|HS|  |TAMS 0x0000000080400000, 0x0000000080300000| Complete 
|   4|0x0000000080400000, 0x0000000080500000, 0x0000000080500000|100%|HC|  |TAMS 0x0000000080500000, 0x0000000080400000| Complete 
|   5|0x0000000080500000, 0x0000000080600000, 0x0000000080600000|100%|HC|  |TAMS 0x0000000080600000, 0x0000000080500000| Complete 
|   6|0x0000000080600000, 0x0000000080700000, 0x0000000080700000|100%| O|  |TAMS 0x0000000080700000, 0x0000000080600000| Untracked 
|   7|0x0000000080700000, 0x0000000080800000, 0x0000000080800000|100%| O|  |TAMS 0x0000000080800000, 0x0000000080700000| Untracked 
|   8|0x0000000080800000, 0x0000000080900000, 0x0000000080900000|100%| O|  |TAMS 0x0000000080900000, 0x0000000080800000| Untracked 
|   9|0x0000000080900000, 0x0000000080a00000, 0x0000000080a00000|100%| O|  |TAMS 0x0000000080a00000, 0x0000000080900000| Untracked 
|  10|0x0000000080a00000, 0x0000000080b00000, 0x0000000080b00000|100%| O|  |TAMS 0x0000000080b00000, 0x0000000080a00000| Untracked 
|  11|0x0000000080b00000, 0x0000000080c00000, 0x0000000080c00000|100%| O|  |TAMS 0x0000000080c00000, 0x0000000080b00000| Untracked 
|  12|0x0000000080c00000, 0x0000000080d00000, 0x0000000080d00000|100%| O|  |TAMS 0x0000000080d00000, 0x0000000080c00000| Untracked 
|  13|0x0000000080d00000, 0x0000000080e00000, 0x0000000080e00000|100%| O|  |TAMS 0x0000000080e00000, 0x0000000080d00000| Untracked 
|  14|0x0000000080e00000, 0x0000000080f00000, 0x0000000080f00000|100%| O|  |TAMS 0x0000000080f00000, 0x0000000080e00000| Untracked 
|  15|0x0000000080f00000, 0x0000000081000000, 0x0000000081000000|100%| O|  |TAMS 0x0000000081000000, 0x0000000080f00000| Untracked 
|  16|0x0000000081000000, 0x0000000081100000, 0x0000000081100000|100%|HS|  |TAMS 0x0000000081100000, 0x0000000081000000| Complete 
|  17|0x0000000081100000, 0x0000000081200000, 0x0000000081200000|100%|HS|  |TAMS 0x0000000081200000, 0x0000000081100000| Complete 
|  18|0x0000000081200000, 0x0000000081300000, 0x0000000081300000|100%|HS|  |TAMS 0x0000000081300000, 0x0000000081200000| Complete 
|  19|0x0000000081300000, 0x0000000081400000, 0x0000000081400000|100%|HC|  |TAMS 0x0000000081400000, 0x0000000081300000| Complete 
|  20|0x0000000081400000, 0x0000000081500000, 0x0000000081500000|100%| O|  |TAMS 0x0000000081500000, 0x0000000081400000| Untracked 
|  21|0x0000000081500000, 0x0000000081600000, 0x0000000081600000|100%| O|  |TAMS 0x0000000081600000, 0x0000000081500000| Untracked 
|  22|0x0000000081600000, 0x0000000081700000, 0x0000000081700000|100%| O|  |TAMS 0x0000000081700000, 0x0000000081600000| Untracked 
|  23|0x0000000081700000, 0x0000000081800000, 0x0000000081800000|100%| O|  |TAMS 0x0000000081800000, 0x0000000081700000| Untracked 
|  24|0x0000000081800000, 0x0000000081900000, 0x0000000081900000|100%| O|  |TAMS 0x0000000081900000, 0x0000000081800000| Untracked 
|  25|0x0000000081900000, 0x0000000081a00000, 0x0000000081a00000|100%| O|  |TAMS 0x0000000081a00000, 0x0000000081900000| Untracked 
|  26|0x0000000081a00000, 0x0000000081b00000, 0x0000000081b00000|100%| O|  |TAMS 0x0000000081b00000, 0x0000000081a00000| Untracked 
|  27|0x0000000081b00000, 0x0000000081c00000, 0x0000000081c00000|100%| O|  |TAMS 0x0000000081c00000, 0x0000000081b00000| Untracked 
|  28|0x0000000081c00000, 0x0000000081d00000, 0x0000000081d00000|100%| O|  |TAMS 0x0000000081d00000, 0x0000000081c00000| Untracked 
|  29|0x0000000081d00000, 0x0000000081e00000, 0x0000000081e00000|100%| O|  |TAMS 0x0000000081e00000, 0x0000000081d00000| Untracked 
|  30|0x0000000081e00000, 0x0000000081f00000, 0x0000000081f00000|100%| O|  |TAMS 0x0000000081f00000, 0x0000000081e00000| Untracked 
|  31|0x0000000081f00000, 0x0000000082000000, 0x0000000082000000|100%| O|  |TAMS 0x0000000082000000, 0x0000000081f00000| Untracked 
|  32|0x0000000082000000, 0x0000000082100000, 0x0000000082100000|100%| O|  |TAMS 0x0000000082100000, 0x0000000082000000| Untracked 
|  33|0x0000000082100000, 0x0000000082200000, 0x0000000082200000|100%| O|  |TAMS 0x0000000082200000, 0x0000000082100000| Untracked 
|  34|0x0000000082200000, 0x0000000082300000, 0x0000000082300000|100%| O|  |TAMS 0x0000000082300000, 0x0000000082200000| Untracked 
|  35|0x0000000082300000, 0x0000000082400000, 0x0000000082400000|100%| O|  |TAMS 0x0000000082400000, 0x0000000082300000| Untracked 
|  36|0x0000000082400000, 0x0000000082500000, 0x0000000082500000|100%| O|  |TAMS 0x0000000082500000, 0x0000000082400000| Untracked 
|  37|0x0000000082500000, 0x0000000082600000, 0x0000000082600000|100%| O|  |TAMS 0x0000000082600000, 0x0000000082500000| Untracked 
|  38|0x0000000082600000, 0x0000000082700000, 0x0000000082700000|100%| O|  |TAMS 0x0000000082700000, 0x0000000082600000| Untracked 
|  39|0x0000000082700000, 0x0000000082800000, 0x0000000082800000|100%| O|  |TAMS 0x0000000082800000, 0x0000000082700000| Untracked 
|  40|0x0000000082800000, 0x0000000082900000, 0x0000000082900000|100%| O|  |TAMS 0x0000000082900000, 0x0000000082800000| Untracked 
|  41|0x0000000082900000, 0x0000000082a00000, 0x0000000082a00000|100%| O|  |TAMS 0x0000000082a00000, 0x0000000082900000| Untracked 
|  42|0x0000000082a00000, 0x0000000082b00000, 0x0000000082b00000|100%| O|  |TAMS 0x0000000082b00000, 0x0000000082a00000| Untracked 
|  43|0x0000000082b00000, 0x0000000082c00000, 0x0000000082c00000|100%| O|  |TAMS 0x0000000082c00000, 0x0000000082b00000| Untracked 
|  44|0x0000000082c00000, 0x0000000082d00000, 0x0000000082d00000|100%| O|  |TAMS 0x0000000082d00000, 0x0000000082c00000| Untracked 
|  45|0x0000000082d00000, 0x0000000082e00000, 0x0000000082e00000|100%| O|  |TAMS 0x0000000082e00000, 0x0000000082d00000| Untracked 
|  46|0x0000000082e00000, 0x0000000082f00000, 0x0000000082f00000|100%| O|  |TAMS 0x0000000082f00000, 0x0000000082e00000| Untracked 
|  47|0x0000000082f00000, 0x0000000083000000, 0x0000000083000000|100%| O|  |TAMS 0x0000000083000000, 0x0000000082f00000| Untracked 
|  48|0x0000000083000000, 0x0000000083100000, 0x0000000083100000|100%| O|  |TAMS 0x0000000083100000, 0x0000000083000000| Untracked 
|  49|0x0000000083100000, 0x0000000083200000, 0x0000000083200000|100%| O|  |TAMS 0x0000000083200000, 0x0000000083100000| Untracked 
|  50|0x0000000083200000, 0x0000000083300000, 0x0000000083300000|100%| O|  |TAMS 0x0000000083300000, 0x0000000083200000| Untracked 
|  51|0x0000000083300000, 0x0000000083400000, 0x0000000083400000|100%| O|  |TAMS 0x0000000083400000, 0x0000000083300000| Untracked 
|  52|0x0000000083400000, 0x0000000083500000, 0x0000000083500000|100%| O|  |TAMS 0x0000000083500000, 0x0000000083400000| Untracked 
|  53|0x0000000083500000, 0x0000000083600000, 0x0000000083600000|100%| O|  |TAMS 0x0000000083600000, 0x0000000083500000| Untracked 
|  54|0x0000000083600000, 0x0000000083700000, 0x0000000083700000|100%| O|  |TAMS 0x0000000083700000, 0x0000000083600000| Untracked 
|  55|0x0000000083700000, 0x0000000083800000, 0x0000000083800000|100%|HS|  |TAMS 0x0000000083800000, 0x0000000083700000| Complete 
|  56|0x0000000083800000, 0x0000000083900000, 0x0000000083900000|100%|HC|  |TAMS 0x0000000083900000, 0x0000000083800000| Complete 
|  57|0x0000000083900000, 0x0000000083a00000, 0x0000000083a00000|100%| O|  |TAMS 0x0000000083a00000, 0x0000000083900000| Untracked 
|  58|0x0000000083a00000, 0x0000000083b00000, 0x0000000083b00000|100%| O|  |TAMS 0x0000000083b00000, 0x0000000083a00000| Untracked 
|  59|0x0000000083b00000, 0x0000000083c00000, 0x0000000083c00000|100%| O|  |TAMS 0x0000000083c00000, 0x0000000083b00000| Untracked 
|  60|0x0000000083c00000, 0x0000000083d00000, 0x0000000083d00000|100%| O|  |TAMS 0x0000000083d00000, 0x0000000083c00000| Untracked 
|  61|0x0000000083d00000, 0x0000000083e00000, 0x0000000083e00000|100%| O|  |TAMS 0x0000000083e00000, 0x0000000083d00000| Untracked 
|  62|0x0000000083e00000, 0x0000000083f00000, 0x0000000083f00000|100%| O|  |TAMS 0x0000000083f00000, 0x0000000083e00000| Untracked 
|  63|0x0000000083f00000, 0x0000000084000000, 0x0000000084000000|100%| O|  |TAMS 0x0000000084000000, 0x0000000083f00000| Untracked 
|  64|0x0000000084000000, 0x0000000084100000, 0x0000000084100000|100%| O|  |TAMS 0x0000000084100000, 0x0000000084000000| Untracked 
|  65|0x0000000084100000, 0x0000000084200000, 0x0000000084200000|100%| O|  |TAMS 0x0000000084200000, 0x0000000084100000| Untracked 
|  66|0x0000000084200000, 0x0000000084300000, 0x0000000084300000|100%| O|  |TAMS 0x0000000084300000, 0x0000000084200000| Untracked 
|  67|0x0000000084300000, 0x0000000084400000, 0x0000000084400000|100%| O|  |TAMS 0x0000000084400000, 0x0000000084300000| Untracked 
|  68|0x0000000084400000, 0x0000000084500000, 0x0000000084500000|100%|HS|  |TAMS 0x0000000084500000, 0x0000000084400000| Complete 
|  69|0x0000000084500000, 0x0000000084600000, 0x0000000084600000|100%|HS|  |TAMS 0x0000000084600000, 0x0000000084500000| Complete 
|  70|0x0000000084600000, 0x0000000084700000, 0x0000000084700000|100%|HS|  |TAMS 0x0000000084700000, 0x0000000084600000| Complete 
|  71|0x0000000084700000, 0x0000000084800000, 0x0000000084800000|100%|HS|  |TAMS 0x0000000084800000, 0x0000000084700000| Complete 
|  72|0x0000000084800000, 0x0000000084900000, 0x0000000084900000|100%|HC|  |TAMS 0x0000000084900000, 0x0000000084800000| Complete 
|  73|0x0000000084900000, 0x0000000084a00000, 0x0000000084a00000|100%|HS|  |TAMS 0x0000000084a00000, 0x0000000084900000| Complete 
|  74|0x0000000084a00000, 0x0000000084b00000, 0x0000000084b00000|100%|HC|  |TAMS 0x0000000084b00000, 0x0000000084a00000| Complete 
|  75|0x0000000084b00000, 0x0000000084c00000, 0x0000000084c00000|100%|HC|  |TAMS 0x0000000084c00000, 0x0000000084b00000| Complete 
|  76|0x0000000084c00000, 0x0000000084d00000, 0x0000000084d00000|100%|HS|  |TAMS 0x0000000084d00000, 0x0000000084c00000| Complete 
|  77|0x0000000084d00000, 0x0000000084e00000, 0x0000000084e00000|100%| O|  |TAMS 0x0000000084e00000, 0x0000000084d00000| Untracked 
|  78|0x0000000084e00000, 0x0000000084f00000, 0x0000000084f00000|100%|HS|  |TAMS 0x0000000084f00000, 0x0000000084e00000| Complete 
|  79|0x0000000084f00000, 0x0000000085000000, 0x0000000085000000|100%|HC|  |TAMS 0x0000000085000000, 0x0000000084f00000| Complete 
|  80|0x0000000085000000, 0x0000000085100000, 0x0000000085100000|100%| O|  |TAMS 0x0000000085100000, 0x0000000085000000| Untracked 
|  81|0x0000000085100000, 0x0000000085200000, 0x0000000085200000|100%|HS|  |TAMS 0x0000000085200000, 0x0000000085100000| Complete 
|  82|0x0000000085200000, 0x0000000085300000, 0x0000000085300000|100%| O|  |TAMS 0x0000000085300000, 0x0000000085200000| Untracked 
|  83|0x0000000085300000, 0x0000000085400000, 0x0000000085400000|100%|HS|  |TAMS 0x0000000085400000, 0x0000000085300000| Complete 
|  84|0x0000000085400000, 0x0000000085500000, 0x0000000085500000|100%| O|  |TAMS 0x0000000085500000, 0x0000000085400000| Untracked 
|  85|0x0000000085500000, 0x0000000085600000, 0x0000000085600000|100%| O|  |TAMS 0x0000000085600000, 0x0000000085500000| Untracked 
|  86|0x0000000085600000, 0x0000000085700000, 0x0000000085700000|100%| O|  |TAMS 0x0000000085700000, 0x0000000085600000| Untracked 
|  87|0x0000000085700000, 0x0000000085800000, 0x0000000085800000|100%| O|  |TAMS 0x0000000085800000, 0x0000000085700000| Untracked 
|  88|0x0000000085800000, 0x0000000085900000, 0x0000000085900000|100%| O|  |TAMS 0x0000000085900000, 0x0000000085800000| Untracked 
|  89|0x0000000085900000, 0x0000000085a00000, 0x0000000085a00000|100%| O|  |TAMS 0x0000000085a00000, 0x0000000085900000| Untracked 
|  90|0x0000000085a00000, 0x0000000085b00000, 0x0000000085b00000|100%| O|  |TAMS 0x0000000085b00000, 0x0000000085a00000| Untracked 
|  91|0x0000000085b00000, 0x0000000085c00000, 0x0000000085c00000|100%| O|  |TAMS 0x0000000085c00000, 0x0000000085b00000| Untracked 
|  92|0x0000000085c00000, 0x0000000085d00000, 0x0000000085d00000|100%| O|  |TAMS 0x0000000085d00000, 0x0000000085c00000| Untracked 
|  93|0x0000000085d00000, 0x0000000085e00000, 0x0000000085e00000|100%| O|  |TAMS 0x0000000085e00000, 0x0000000085d00000| Untracked 
|  94|0x0000000085e00000, 0x0000000085f00000, 0x0000000085f00000|100%|HS|  |TAMS 0x0000000085f00000, 0x0000000085e00000| Complete 
|  95|0x0000000085f00000, 0x0000000086000000, 0x0000000086000000|100%| O|  |TAMS 0x0000000086000000, 0x0000000085f00000| Untracked 
|  96|0x0000000086000000, 0x0000000086100000, 0x0000000086100000|100%| O|  |TAMS 0x0000000086100000, 0x0000000086000000| Untracked 
|  97|0x0000000086100000, 0x0000000086200000, 0x0000000086200000|100%|HS|  |TAMS 0x0000000086200000, 0x0000000086100000| Complete 
|  98|0x0000000086200000, 0x0000000086300000, 0x0000000086300000|100%|HC|  |TAMS 0x0000000086300000, 0x0000000086200000| Complete 
|  99|0x0000000086300000, 0x0000000086400000, 0x0000000086400000|100%| O|  |TAMS 0x0000000086400000, 0x0000000086300000| Untracked 
| 100|0x0000000086400000, 0x0000000086500000, 0x0000000086500000|100%| O|  |TAMS 0x0000000086500000, 0x0000000086400000| Untracked 
| 101|0x0000000086500000, 0x0000000086600000, 0x0000000086600000|100%| O|  |TAMS 0x0000000086600000, 0x0000000086500000| Untracked 
| 102|0x0000000086600000, 0x0000000086700000, 0x0000000086700000|100%|HS|  |TAMS 0x0000000086700000, 0x0000000086600000| Complete 
| 103|0x0000000086700000, 0x0000000086800000, 0x0000000086800000|100%|HC|  |TAMS 0x0000000086800000, 0x0000000086700000| Complete 
| 104|0x0000000086800000, 0x0000000086900000, 0x0000000086900000|100%|HC|  |TAMS 0x0000000086900000, 0x0000000086800000| Complete 
| 105|0x0000000086900000, 0x0000000086a00000, 0x0000000086a00000|100%| O|  |TAMS 0x0000000086a00000, 0x0000000086900000| Untracked 
| 106|0x0000000086a00000, 0x0000000086b00000, 0x0000000086b00000|100%| O|  |TAMS 0x0000000086b00000, 0x0000000086a00000| Untracked 
| 107|0x0000000086b00000, 0x0000000086c00000, 0x0000000086c00000|100%| O|  |TAMS 0x0000000086c00000, 0x0000000086b00000| Untracked 
| 108|0x0000000086c00000, 0x0000000086d00000, 0x0000000086d00000|100%| O|  |TAMS 0x0000000086d00000, 0x0000000086c00000| Untracked 
| 109|0x0000000086d00000, 0x0000000086e00000, 0x0000000086e00000|100%| O|  |TAMS 0x0000000086e00000, 0x0000000086d00000| Untracked 
| 110|0x0000000086e00000, 0x0000000086f00000, 0x0000000086f00000|100%| O|  |TAMS 0x0000000086f00000, 0x0000000086e00000| Untracked 
| 111|0x0000000086f00000, 0x0000000087000000, 0x0000000087000000|100%| O|  |TAMS 0x0000000087000000, 0x0000000086f00000| Untracked 
| 112|0x0000000087000000, 0x0000000087100000, 0x0000000087100000|100%| O|  |TAMS 0x0000000087100000, 0x0000000087000000| Untracked 
| 113|0x0000000087100000, 0x0000000087200000, 0x0000000087200000|100%| O|  |TAMS 0x0000000087200000, 0x0000000087100000| Untracked 
| 114|0x0000000087200000, 0x0000000087300000, 0x0000000087300000|100%| O|  |TAMS 0x0000000087300000, 0x0000000087200000| Untracked 
| 115|0x0000000087300000, 0x0000000087400000, 0x0000000087400000|100%| O|  |TAMS 0x0000000087400000, 0x0000000087300000| Untracked 
| 116|0x0000000087400000, 0x0000000087500000, 0x0000000087500000|100%| O|  |TAMS 0x0000000087500000, 0x0000000087400000| Untracked 
| 117|0x0000000087500000, 0x0000000087600000, 0x0000000087600000|100%| O|  |TAMS 0x0000000087600000, 0x0000000087500000| Untracked 
| 118|0x0000000087600000, 0x0000000087700000, 0x0000000087700000|100%| O|  |TAMS 0x0000000087700000, 0x0000000087600000| Untracked 
| 119|0x0000000087700000, 0x0000000087800000, 0x0000000087800000|100%| O|  |TAMS 0x0000000087800000, 0x0000000087700000| Untracked 
| 120|0x0000000087800000, 0x0000000087900000, 0x0000000087900000|100%| O|  |TAMS 0x0000000087900000, 0x0000000087800000| Untracked 
| 121|0x0000000087900000, 0x0000000087a00000, 0x0000000087a00000|100%| O|  |TAMS 0x0000000087a00000, 0x0000000087900000| Untracked 
| 122|0x0000000087a00000, 0x0000000087b00000, 0x0000000087b00000|100%| O|  |TAMS 0x0000000087b00000, 0x0000000087a00000| Untracked 
| 123|0x0000000087b00000, 0x0000000087c00000, 0x0000000087c00000|100%|HS|  |TAMS 0x0000000087b00000, 0x0000000087b00000| Complete 
| 124|0x0000000087c00000, 0x0000000087c00000, 0x0000000087d00000|  0%| F|  |TAMS 0x0000000087c00000, 0x0000000087c00000| Untracked 
| 125|0x0000000087d00000, 0x0000000087d00000, 0x0000000087e00000|  0%| F|  |TAMS 0x0000000087d00000, 0x0000000087d00000| Untracked 
| 126|0x0000000087e00000, 0x0000000087e00000, 0x0000000087f00000|  0%| F|  |TAMS 0x0000000087e00000, 0x0000000087e00000| Untracked 
| 127|0x0000000087f00000, 0x0000000087f00000, 0x0000000088000000|  0%| F|  |TAMS 0x0000000087f00000, 0x0000000087f00000| Untracked 
| 128|0x0000000088000000, 0x0000000088000000, 0x0000000088100000|  0%| F|  |TAMS 0x0000000088000000, 0x0000000088000000| Untracked 
| 129|0x0000000088100000, 0x0000000088100000, 0x0000000088200000|  0%| F|  |TAMS 0x0000000088100000, 0x0000000088100000| Untracked 
| 130|0x0000000088200000, 0x0000000088200000, 0x0000000088300000|  0%| F|  |TAMS 0x0000000088200000, 0x0000000088200000| Untracked 
| 131|0x0000000088300000, 0x0000000088300000, 0x0000000088400000|  0%| F|  |TAMS 0x0000000088300000, 0x0000000088300000| Untracked 
| 132|0x0000000088400000, 0x0000000088400000, 0x0000000088500000|  0%| F|  |TAMS 0x0000000088400000, 0x0000000088400000| Untracked 
| 133|0x0000000088500000, 0x0000000088500000, 0x0000000088600000|  0%| F|  |TAMS 0x0000000088500000, 0x0000000088500000| Untracked 
| 134|0x0000000088600000, 0x0000000088600000, 0x0000000088700000|  0%| F|  |TAMS 0x0000000088600000, 0x0000000088600000| Untracked 
| 135|0x0000000088700000, 0x0000000088700000, 0x0000000088800000|  0%| F|  |TAMS 0x0000000088700000, 0x0000000088700000| Untracked 
| 136|0x0000000088800000, 0x0000000088800000, 0x0000000088900000|  0%| F|  |TAMS 0x0000000088800000, 0x0000000088800000| Untracked 
| 137|0x0000000088900000, 0x0000000088900000, 0x0000000088a00000|  0%| F|  |TAMS 0x0000000088900000, 0x0000000088900000| Untracked 
| 138|0x0000000088a00000, 0x0000000088b00000, 0x0000000088b00000|100%| O|  |TAMS 0x0000000088b00000, 0x0000000088a00000| Untracked 
| 139|0x0000000088b00000, 0x0000000088c00000, 0x0000000088c00000|100%| O|  |TAMS 0x0000000088c00000, 0x0000000088b00000| Untracked 
| 140|0x0000000088c00000, 0x0000000088d00000, 0x0000000088d00000|100%| O|  |TAMS 0x0000000088d00000, 0x0000000088c00000| Untracked 
| 141|0x0000000088d00000, 0x0000000088e00000, 0x0000000088e00000|100%| O|  |TAMS 0x0000000088e00000, 0x0000000088d00000| Untracked 
| 142|0x0000000088e00000, 0x0000000088f00000, 0x0000000088f00000|100%| O|  |TAMS 0x0000000088f00000, 0x0000000088e00000| Untracked 
| 143|0x0000000088f00000, 0x0000000089000000, 0x0000000089000000|100%| O|  |TAMS 0x0000000089000000, 0x0000000088f00000| Untracked 
| 144|0x0000000089000000, 0x0000000089090a00, 0x0000000089100000| 56%| O|  |TAMS 0x0000000089090a00, 0x0000000089000000| Untracked 
| 145|0x0000000089100000, 0x0000000089100000, 0x0000000089200000|  0%| F|  |TAMS 0x0000000089100000, 0x0000000089100000| Untracked 
| 146|0x0000000089200000, 0x0000000089200000, 0x0000000089300000|  0%| F|  |TAMS 0x0000000089200000, 0x0000000089200000| Untracked 
| 147|0x0000000089300000, 0x0000000089300000, 0x0000000089400000|  0%| F|  |TAMS 0x0000000089300000, 0x0000000089300000| Untracked 
| 148|0x0000000089400000, 0x0000000089400000, 0x0000000089500000|  0%| F|  |TAMS 0x0000000089400000, 0x0000000089400000| Untracked 
| 149|0x0000000089500000, 0x0000000089500000, 0x0000000089600000|  0%| F|  |TAMS 0x0000000089500000, 0x0000000089500000| Untracked 
| 150|0x0000000089600000, 0x0000000089600000, 0x0000000089700000|  0%| F|  |TAMS 0x0000000089600000, 0x0000000089600000| Untracked 
| 151|0x0000000089700000, 0x0000000089700000, 0x0000000089800000|  0%| F|  |TAMS 0x0000000089700000, 0x0000000089700000| Untracked 
| 152|0x0000000089800000, 0x0000000089800000, 0x0000000089900000|  0%| F|  |TAMS 0x0000000089800000, 0x0000000089800000| Untracked 
| 153|0x0000000089900000, 0x0000000089900000, 0x0000000089a00000|  0%| F|  |TAMS 0x0000000089900000, 0x0000000089900000| Untracked 
| 154|0x0000000089a00000, 0x0000000089a00000, 0x0000000089b00000|  0%| F|  |TAMS 0x0000000089a00000, 0x0000000089a00000| Untracked 
| 155|0x0000000089b00000, 0x0000000089b00000, 0x0000000089c00000|  0%| F|  |TAMS 0x0000000089b00000, 0x0000000089b00000| Untracked 
| 156|0x0000000089c00000, 0x0000000089c00000, 0x0000000089d00000|  0%| F|  |TAMS 0x0000000089c00000, 0x0000000089c00000| Untracked 
| 157|0x0000000089d00000, 0x0000000089d00000, 0x0000000089e00000|  0%| F|  |TAMS 0x0000000089d00000, 0x0000000089d00000| Untracked 
| 158|0x0000000089e00000, 0x0000000089e00000, 0x0000000089f00000|  0%| F|  |TAMS 0x0000000089e00000, 0x0000000089e00000| Untracked 
| 159|0x0000000089f00000, 0x0000000089f00000, 0x000000008a000000|  0%| F|  |TAMS 0x0000000089f00000, 0x0000000089f00000| Untracked 
| 160|0x000000008a000000, 0x000000008a000000, 0x000000008a100000|  0%| F|  |TAMS 0x000000008a000000, 0x000000008a000000| Untracked 
| 161|0x000000008a100000, 0x000000008a100000, 0x000000008a200000|  0%| F|  |TAMS 0x000000008a100000, 0x000000008a100000| Untracked 
| 162|0x000000008a200000, 0x000000008a200000, 0x000000008a300000|  0%| F|  |TAMS 0x000000008a200000, 0x000000008a200000| Untracked 
| 163|0x000000008a300000, 0x000000008a300000, 0x000000008a400000|  0%| F|  |TAMS 0x000000008a300000, 0x000000008a300000| Untracked 
| 164|0x000000008a400000, 0x000000008a400000, 0x000000008a500000|  0%| F|  |TAMS 0x000000008a400000, 0x000000008a400000| Untracked 
| 165|0x000000008a500000, 0x000000008a500000, 0x000000008a600000|  0%| F|  |TAMS 0x000000008a500000, 0x000000008a500000| Untracked 
| 166|0x000000008a600000, 0x000000008a600000, 0x000000008a700000|  0%| F|  |TAMS 0x000000008a600000, 0x000000008a600000| Untracked 
| 167|0x000000008a700000, 0x000000008a700000, 0x000000008a800000|  0%| F|  |TAMS 0x000000008a700000, 0x000000008a700000| Untracked 
| 168|0x000000008a800000, 0x000000008a800000, 0x000000008a900000|  0%| F|  |TAMS 0x000000008a800000, 0x000000008a800000| Untracked 
| 169|0x000000008a900000, 0x000000008a900000, 0x000000008aa00000|  0%| F|  |TAMS 0x000000008a900000, 0x000000008a900000| Untracked 
| 170|0x000000008aa00000, 0x000000008aa00000, 0x000000008ab00000|  0%| F|  |TAMS 0x000000008aa00000, 0x000000008aa00000| Untracked 
| 171|0x000000008ab00000, 0x000000008ab00000, 0x000000008ac00000|  0%| F|  |TAMS 0x000000008ab00000, 0x000000008ab00000| Untracked 
| 172|0x000000008ac00000, 0x000000008ac00000, 0x000000008ad00000|  0%| F|  |TAMS 0x000000008ac00000, 0x000000008ac00000| Untracked 
| 173|0x000000008ad00000, 0x000000008ad00000, 0x000000008ae00000|  0%| F|  |TAMS 0x000000008ad00000, 0x000000008ad00000| Untracked 
| 174|0x000000008ae00000, 0x000000008ae00000, 0x000000008af00000|  0%| F|  |TAMS 0x000000008ae00000, 0x000000008ae00000| Untracked 
| 175|0x000000008af00000, 0x000000008af00000, 0x000000008b000000|  0%| F|  |TAMS 0x000000008af00000, 0x000000008af00000| Untracked 
| 176|0x000000008b000000, 0x000000008b000000, 0x000000008b100000|  0%| F|  |TAMS 0x000000008b000000, 0x000000008b000000| Untracked 
| 177|0x000000008b100000, 0x000000008b100000, 0x000000008b200000|  0%| F|  |TAMS 0x000000008b100000, 0x000000008b100000| Untracked 
| 178|0x000000008b200000, 0x000000008b200000, 0x000000008b300000|  0%| F|  |TAMS 0x000000008b200000, 0x000000008b200000| Untracked 
| 179|0x000000008b300000, 0x000000008b300000, 0x000000008b400000|  0%| F|  |TAMS 0x000000008b300000, 0x000000008b300000| Untracked 
| 180|0x000000008b400000, 0x000000008b400000, 0x000000008b500000|  0%| F|  |TAMS 0x000000008b400000, 0x000000008b400000| Untracked 
| 181|0x000000008b500000, 0x000000008b500000, 0x000000008b600000|  0%| F|  |TAMS 0x000000008b500000, 0x000000008b500000| Untracked 
| 182|0x000000008b600000, 0x000000008b600000, 0x000000008b700000|  0%| F|  |TAMS 0x000000008b600000, 0x000000008b600000| Untracked 
| 183|0x000000008b700000, 0x000000008b700000, 0x000000008b800000|  0%| F|  |TAMS 0x000000008b700000, 0x000000008b700000| Untracked 
| 184|0x000000008b800000, 0x000000008b800000, 0x000000008b900000|  0%| F|  |TAMS 0x000000008b800000, 0x000000008b800000| Untracked 
| 185|0x000000008b900000, 0x000000008b900000, 0x000000008ba00000|  0%| F|  |TAMS 0x000000008b900000, 0x000000008b900000| Untracked 
| 186|0x000000008ba00000, 0x000000008ba00000, 0x000000008bb00000|  0%| F|  |TAMS 0x000000008ba00000, 0x000000008ba00000| Untracked 
| 187|0x000000008bb00000, 0x000000008bb00000, 0x000000008bc00000|  0%| F|  |TAMS 0x000000008bb00000, 0x000000008bb00000| Untracked 
| 188|0x000000008bc00000, 0x000000008bc00000, 0x000000008bd00000|  0%| F|  |TAMS 0x000000008bc00000, 0x000000008bc00000| Untracked 
| 189|0x000000008bd00000, 0x000000008bd00000, 0x000000008be00000|  0%| F|  |TAMS 0x000000008bd00000, 0x000000008bd00000| Untracked 
| 190|0x000000008be00000, 0x000000008be00000, 0x000000008bf00000|  0%| F|  |TAMS 0x000000008be00000, 0x000000008be00000| Untracked 
| 191|0x000000008bf00000, 0x000000008bf00000, 0x000000008c000000|  0%| F|  |TAMS 0x000000008bf00000, 0x000000008bf00000| Untracked 
| 192|0x000000008c000000, 0x000000008c000000, 0x000000008c100000|  0%| F|  |TAMS 0x000000008c000000, 0x000000008c000000| Untracked 
| 193|0x000000008c100000, 0x000000008c100000, 0x000000008c200000|  0%| F|  |TAMS 0x000000008c100000, 0x000000008c100000| Untracked 
| 194|0x000000008c200000, 0x000000008c200000, 0x000000008c300000|  0%| F|  |TAMS 0x000000008c200000, 0x000000008c200000| Untracked 
| 195|0x000000008c300000, 0x000000008c300000, 0x000000008c400000|  0%| F|  |TAMS 0x000000008c300000, 0x000000008c300000| Untracked 
| 196|0x000000008c400000, 0x000000008c400000, 0x000000008c500000|  0%| F|  |TAMS 0x000000008c400000, 0x000000008c400000| Untracked 
| 197|0x000000008c500000, 0x000000008c500000, 0x000000008c600000|  0%| F|  |TAMS 0x000000008c500000, 0x000000008c500000| Untracked 
| 198|0x000000008c600000, 0x000000008c600000, 0x000000008c700000|  0%| F|  |TAMS 0x000000008c600000, 0x000000008c600000| Untracked 
| 199|0x000000008c700000, 0x000000008c700000, 0x000000008c800000|  0%| F|  |TAMS 0x000000008c700000, 0x000000008c700000| Untracked 
| 200|0x000000008c800000, 0x000000008c800000, 0x000000008c900000|  0%| F|  |TAMS 0x000000008c800000, 0x000000008c800000| Untracked 
| 201|0x000000008c900000, 0x000000008c900000, 0x000000008ca00000|  0%| F|  |TAMS 0x000000008c900000, 0x000000008c900000| Untracked 
| 202|0x000000008ca00000, 0x000000008ca00000, 0x000000008cb00000|  0%| F|  |TAMS 0x000000008ca00000, 0x000000008ca00000| Untracked 
| 203|0x000000008cb00000, 0x000000008cb00000, 0x000000008cc00000|  0%| F|  |TAMS 0x000000008cb00000, 0x000000008cb00000| Untracked 
| 204|0x000000008cc00000, 0x000000008cc00000, 0x000000008cd00000|  0%| F|  |TAMS 0x000000008cc00000, 0x000000008cc00000| Untracked 
| 205|0x000000008cd00000, 0x000000008cd00000, 0x000000008ce00000|  0%| F|  |TAMS 0x000000008cd00000, 0x000000008cd00000| Untracked 
| 206|0x000000008ce00000, 0x000000008ce00000, 0x000000008cf00000|  0%| F|  |TAMS 0x000000008ce00000, 0x000000008ce00000| Untracked 
| 207|0x000000008cf00000, 0x000000008cf00000, 0x000000008d000000|  0%| F|  |TAMS 0x000000008cf00000, 0x000000008cf00000| Untracked 
| 208|0x000000008d000000, 0x000000008d000000, 0x000000008d100000|  0%| F|  |TAMS 0x000000008d000000, 0x000000008d000000| Untracked 
| 209|0x000000008d100000, 0x000000008d100000, 0x000000008d200000|  0%| F|  |TAMS 0x000000008d100000, 0x000000008d100000| Untracked 
| 210|0x000000008d200000, 0x000000008d200000, 0x000000008d300000|  0%| F|  |TAMS 0x000000008d200000, 0x000000008d200000| Untracked 
| 211|0x000000008d300000, 0x000000008d300000, 0x000000008d400000|  0%| F|  |TAMS 0x000000008d300000, 0x000000008d300000| Untracked 
| 212|0x000000008d400000, 0x000000008d400000, 0x000000008d500000|  0%| F|  |TAMS 0x000000008d400000, 0x000000008d400000| Untracked 
| 213|0x000000008d500000, 0x000000008d500000, 0x000000008d600000|  0%| F|  |TAMS 0x000000008d500000, 0x000000008d500000| Untracked 
| 214|0x000000008d600000, 0x000000008d600000, 0x000000008d700000|  0%| F|  |TAMS 0x000000008d600000, 0x000000008d600000| Untracked 
| 215|0x000000008d700000, 0x000000008d700000, 0x000000008d800000|  0%| F|  |TAMS 0x000000008d700000, 0x000000008d700000| Untracked 
| 216|0x000000008d800000, 0x000000008d800000, 0x000000008d900000|  0%| F|  |TAMS 0x000000008d800000, 0x000000008d800000| Untracked 
| 217|0x000000008d900000, 0x000000008d900000, 0x000000008da00000|  0%| F|  |TAMS 0x000000008d900000, 0x000000008d900000| Untracked 
| 218|0x000000008da00000, 0x000000008da00000, 0x000000008db00000|  0%| F|  |TAMS 0x000000008da00000, 0x000000008da00000| Untracked 
| 219|0x000000008db00000, 0x000000008db00000, 0x000000008dc00000|  0%| F|  |TAMS 0x000000008db00000, 0x000000008db00000| Untracked 
| 220|0x000000008dc00000, 0x000000008dc00000, 0x000000008dd00000|  0%| F|  |TAMS 0x000000008dc00000, 0x000000008dc00000| Untracked 
| 221|0x000000008dd00000, 0x000000008dd00000, 0x000000008de00000|  0%| F|  |TAMS 0x000000008dd00000, 0x000000008dd00000| Untracked 
| 222|0x000000008de00000, 0x000000008de00000, 0x000000008df00000|  0%| F|  |TAMS 0x000000008de00000, 0x000000008de00000| Untracked 
| 223|0x000000008df00000, 0x000000008df00000, 0x000000008e000000|  0%| F|  |TAMS 0x000000008df00000, 0x000000008df00000| Untracked 
| 224|0x000000008e000000, 0x000000008e000000, 0x000000008e100000|  0%| F|  |TAMS 0x000000008e000000, 0x000000008e000000| Untracked 
| 225|0x000000008e100000, 0x000000008e100000, 0x000000008e200000|  0%| F|  |TAMS 0x000000008e100000, 0x000000008e100000| Untracked 
| 226|0x000000008e200000, 0x000000008e200000, 0x000000008e300000|  0%| F|  |TAMS 0x000000008e200000, 0x000000008e200000| Untracked 
| 227|0x000000008e300000, 0x000000008e300000, 0x000000008e400000|  0%| F|  |TAMS 0x000000008e300000, 0x000000008e300000| Untracked 
| 228|0x000000008e400000, 0x000000008e400000, 0x000000008e500000|  0%| F|  |TAMS 0x000000008e400000, 0x000000008e400000| Untracked 
| 229|0x000000008e500000, 0x000000008e500000, 0x000000008e600000|  0%| F|  |TAMS 0x000000008e500000, 0x000000008e500000| Untracked 
| 230|0x000000008e600000, 0x000000008e600000, 0x000000008e700000|  0%| F|  |TAMS 0x000000008e600000, 0x000000008e600000| Untracked 
| 231|0x000000008e700000, 0x000000008e7056f8, 0x000000008e800000|  2%| E|  |TAMS 0x000000008e700000, 0x000000008e700000| Complete 
| 232|0x000000008e800000, 0x000000008e900000, 0x000000008e900000|100%| E|CS|TAMS 0x000000008e800000, 0x000000008e800000| Complete 
| 233|0x000000008e900000, 0x000000008ea00000, 0x000000008ea00000|100%| E|CS|TAMS 0x000000008e900000, 0x000000008e900000| Complete 
| 234|0x000000008ea00000, 0x000000008eb00000, 0x000000008eb00000|100%| E|CS|TAMS 0x000000008ea00000, 0x000000008ea00000| Complete 
| 235|0x000000008eb00000, 0x000000008ebbb5e0, 0x000000008ec00000| 73%| S|CS|TAMS 0x000000008eb00000, 0x000000008eb00000| Complete 
| 236|0x000000008ec00000, 0x000000008ed00000, 0x000000008ed00000|100%| S|CS|TAMS 0x000000008ec00000, 0x000000008ec00000| Complete 
| 237|0x000000008ed00000, 0x000000008ee00000, 0x000000008ee00000|100%| S|CS|TAMS 0x000000008ed00000, 0x000000008ed00000| Complete 
| 238|0x000000008ee00000, 0x000000008ef00000, 0x000000008ef00000|100%| S|CS|TAMS 0x000000008ee00000, 0x000000008ee00000| Complete 
| 239|0x000000008ef00000, 0x000000008f000000, 0x000000008f000000|100%| S|CS|TAMS 0x000000008ef00000, 0x000000008ef00000| Complete 
| 240|0x000000008f000000, 0x000000008f100000, 0x000000008f100000|100%| S|CS|TAMS 0x000000008f000000, 0x000000008f000000| Complete 
| 241|0x000000008f100000, 0x000000008f200000, 0x000000008f200000|100%| E|CS|TAMS 0x000000008f100000, 0x000000008f100000| Complete 
| 242|0x000000008f200000, 0x000000008f300000, 0x000000008f300000|100%| E|CS|TAMS 0x000000008f200000, 0x000000008f200000| Complete 
| 243|0x000000008f300000, 0x000000008f400000, 0x000000008f400000|100%| E|CS|TAMS 0x000000008f300000, 0x000000008f300000| Complete 
| 244|0x000000008f400000, 0x000000008f500000, 0x000000008f500000|100%| E|CS|TAMS 0x000000008f400000, 0x000000008f400000| Complete 
| 245|0x000000008f500000, 0x000000008f600000, 0x000000008f600000|100%| E|CS|TAMS 0x000000008f500000, 0x000000008f500000| Complete 
| 246|0x000000008f600000, 0x000000008f700000, 0x000000008f700000|100%| E|CS|TAMS 0x000000008f600000, 0x000000008f600000| Complete 
| 247|0x000000008f700000, 0x000000008f800000, 0x000000008f800000|100%| E|CS|TAMS 0x000000008f700000, 0x000000008f700000| Complete 
| 248|0x000000008f800000, 0x000000008f900000, 0x000000008f900000|100%| E|CS|TAMS 0x000000008f800000, 0x000000008f800000| Complete 
| 249|0x000000008f900000, 0x000000008fa00000, 0x000000008fa00000|100%| E|CS|TAMS 0x000000008f900000, 0x000000008f900000| Complete 
| 250|0x000000008fa00000, 0x000000008fb00000, 0x000000008fb00000|100%| E|CS|TAMS 0x000000008fa00000, 0x000000008fa00000| Complete 
| 251|0x000000008fb00000, 0x000000008fc00000, 0x000000008fc00000|100%| E|CS|TAMS 0x000000008fb00000, 0x000000008fb00000| Complete 
| 252|0x000000008fc00000, 0x000000008fd00000, 0x000000008fd00000|100%| E|CS|TAMS 0x000000008fc00000, 0x000000008fc00000| Complete 
| 253|0x000000008fd00000, 0x000000008fe00000, 0x000000008fe00000|100%| E|CS|TAMS 0x000000008fd00000, 0x000000008fd00000| Complete 
| 254|0x000000008fe00000, 0x000000008ff00000, 0x000000008ff00000|100%| O|  |TAMS 0x000000008ff00000, 0x000000008fe00000| Untracked 

Card table byte_map: [0x0000027d1c0e0000,0x0000027d1c4e0000] _byte_map_base: 0x0000027d1bce0000

Marking Bits (Prev, Next): (CMBitMap*) 0x0000027d06da65a8, (CMBitMap*) 0x0000027d06da65e0
 Prev Bits: [0x0000027d1c8e0000, 0x0000027d1e8e0000)
 Next Bits: [0x0000027d1e8e0000, 0x0000027d208e0000)

Polling page: 0x0000027d06e40000

Metaspace:

Usage:
  Non-class:     90.92 MB capacity,    89.30 MB ( 98%) used,     1.31 MB (  1%) free+waste,   315.88 KB ( <1%) overhead. 
      Class:     14.34 MB capacity,    13.35 MB ( 93%) used,   866.54 KB (  6%) free+waste,   143.75 KB ( <1%) overhead. 
       Both:    105.25 MB capacity,   102.65 MB ( 98%) used,     2.15 MB (  2%) free+waste,   459.63 KB ( <1%) overhead. 

Virtual space:
  Non-class space:       92.00 MB reserved,      91.00 MB ( 99%) committed 
      Class space:        1.00 GB reserved,      14.45 MB (  1%) committed 
             Both:        1.09 GB reserved,     105.45 MB (  9%) committed 

Chunk freelists:
   Non-Class:  22.00 KB
       Class:  38.00 KB
        Both:  60.00 KB

MaxMetaspaceSize: 17179869184.00 GB
CompressedClassSpaceSize: 1.00 GB

CodeHeap 'non-profiled nmethods': size=120000Kb used=7909Kb max_used=7909Kb free=112091Kb
 bounds [0x0000027d13b20000, 0x0000027d142e0000, 0x0000027d1b050000]
CodeHeap 'profiled nmethods': size=120000Kb used=27255Kb max_used=27255Kb free=92744Kb
 bounds [0x0000027d0c5f0000, 0x0000027d0e090000, 0x0000027d13b20000]
CodeHeap 'non-nmethods': size=5760Kb used=2323Kb max_used=2369Kb free=3436Kb
 bounds [0x0000027d0c050000, 0x0000027d0c2c0000, 0x0000027d0c5f0000]
 total_blobs=14021 nmethods=13086 adapters=846
 compilation: enabled
              stopped_count=0, restarted_count=0
 full_count=0

Compilation events (20 events):
Event: 27.789 Thread 0x0000027d291df800 nmethod 13328 0x0000027d142d2790 code [0x0000027d142d2920, 0x0000027d142d29b8]
Event: 27.809 Thread 0x0000027d291df800 13354       4       com.android.tools.r8.internal.ak::d (1438 bytes)
Event: 27.826 Thread 0x0000027d291df800 nmethod 13354 0x0000027d142d2a90 code [0x0000027d142d2ca0, 0x0000027d142d3150]
Event: 27.826 Thread 0x0000027d291df800 13357       4       com.android.tools.r8.internal.DA::a (55 bytes)
Event: 27.979 Thread 0x0000027d291df800 nmethod 13357 0x0000027d142d3790 code [0x0000027d142d39a0, 0x0000027d142d40c0]
Event: 27.980 Thread 0x0000027d291df800 13365       4       com.android.tools.r8.dex.j::l (52 bytes)
Event: 28.012 Thread 0x0000027d23ebf000 13371       1       com.android.tools.r8.internal.ak::b (6 bytes)
Event: 28.013 Thread 0x0000027d291df800 nmethod 13365 0x0000027d142d4790 code [0x0000027d142d4960, 0x0000027d142d4f18]
Event: 28.013 Thread 0x0000027d23ebf000 nmethod 13371 0x0000027d142d5410 code [0x0000027d142d55c0, 0x0000027d142d5678]
Event: 28.013 Thread 0x0000027d291df800 13369       4       com.android.tools.r8.internal.ak::a (444 bytes)
Event: 28.031 Thread 0x0000027d291df800 nmethod 13369 0x0000027d142d5710 code [0x0000027d142d58c0, 0x0000027d142d5d38]
Event: 28.031 Thread 0x0000027d291df800 13372       4       com.android.tools.r8.internal.mp::a (286 bytes)
Event: 28.120 Thread 0x0000027d291df800 nmethod 13372 0x0000027d142d6090 code [0x0000027d142d6280, 0x0000027d142d74c8]
Event: 28.120 Thread 0x0000027d291df800 13360       4       com.android.tools.r8.graph.Q::<init> (62 bytes)
Event: 28.129 Thread 0x0000027d291df800 nmethod 13360 0x0000027d142d7990 code [0x0000027d142d7b40, 0x0000027d142d7e88]
Event: 28.129 Thread 0x0000027d291df800 13361       4       com.android.tools.r8.graph.Q::F (30 bytes)
Event: 28.172 Thread 0x0000027d291df800 nmethod 13361 0x0000027d142d7f90 code [0x0000027d142d8140, 0x0000027d142d8918]
Event: 28.182 Thread 0x0000027d291df800 13374       4       com.android.tools.r8.internal.mp::a (78 bytes)
Event: 28.194 Thread 0x0000027d291df800 nmethod 13374 0x0000027d142d8e10 code [0x0000027d142d8fa0, 0x0000027d142d9338]
Event: 28.194 Thread 0x0000027d291df800 13376       4       com.android.tools.r8.internal.UF::b (195 bytes)

GC Heap History (20 events):
Event: 7.524 GC heap before
{Heap before GC invocations=6 (full 0):
 garbage-first heap   total 260096K, used 138256K [0x0000000080000000, 0x0000000100000000)
  region size 1024K, 117 young (119808K), 6 survivors (6144K)
 Metaspace       used 44144K, capacity 45101K, committed 45260K, reserved 1089536K
  class space    used 5662K, capacity 6004K, committed 6092K, reserved 1048576K
}
Event: 7.538 GC heap after
{Heap after GC invocations=7 (full 0):
 garbage-first heap   total 260096K, used 28793K [0x0000000080000000, 0x0000000100000000)
  region size 1024K, 13 young (13312K), 13 survivors (13312K)
 Metaspace       used 44144K, capacity 45101K, committed 45260K, reserved 1089536K
  class space    used 5662K, capacity 6004K, committed 6092K, reserved 1048576K
}
Event: 11.251 GC heap before
{Heap before GC invocations=7 (full 0):
 garbage-first heap   total 260096K, used 173177K [0x0000000080000000, 0x0000000100000000)
  region size 1024K, 152 young (155648K), 13 survivors (13312K)
 Metaspace       used 58631K, capacity 60137K, committed 60236K, reserved 1101824K
  class space    used 7412K, capacity 7946K, committed 8012K, reserved 1048576K
}
Event: 11.303 GC heap after
{Heap after GC invocations=8 (full 0):
 garbage-first heap   total 260096K, used 44744K [0x0000000080000000, 0x0000000100000000)
  region size 1024K, 19 young (19456K), 19 survivors (19456K)
 Metaspace       used 58631K, capacity 60137K, committed 60236K, reserved 1101824K
  class space    used 7412K, capacity 7946K, committed 8012K, reserved 1048576K
}
Event: 13.795 GC heap before
{Heap before GC invocations=9 (full 0):
 garbage-first heap   total 260096K, used 180936K [0x0000000080000000, 0x0000000100000000)
  region size 1024K, 152 young (155648K), 19 survivors (19456K)
 Metaspace       used 70071K, capacity 71692K, committed 71884K, reserved 1112064K
  class space    used 9038K, capacity 9641K, committed 9676K, reserved 1048576K
}
Event: 13.822 GC heap after
{Heap after GC invocations=10 (full 0):
 garbage-first heap   total 260096K, used 55593K [0x0000000080000000, 0x0000000100000000)
  region size 1024K, 11 young (11264K), 11 survivors (11264K)
 Metaspace       used 70071K, capacity 71692K, committed 71884K, reserved 1112064K
  class space    used 9038K, capacity 9641K, committed 9676K, reserved 1048576K
}
Event: 16.533 GC heap before
{Heap before GC invocations=10 (full 0):
 garbage-first heap   total 260096K, used 191785K [0x0000000080000000, 0x0000000100000000)
  region size 1024K, 145 young (148480K), 11 survivors (11264K)
 Metaspace       used 80198K, capacity 82157K, committed 82252K, reserved 1120256K
  class space    used 10374K, capacity 11068K, committed 11084K, reserved 1048576K
}
Event: 16.561 GC heap after
{Heap after GC invocations=11 (full 0):
 garbage-first heap   total 260096K, used 67473K [0x0000000080000000, 0x0000000100000000)
  region size 1024K, 12 young (12288K), 12 survivors (12288K)
 Metaspace       used 80198K, capacity 82157K, committed 82252K, reserved 1120256K
  class space    used 10374K, capacity 11068K, committed 11084K, reserved 1048576K
}
Event: 18.827 GC heap before
{Heap before GC invocations=11 (full 0):
 garbage-first heap   total 260096K, used 198545K [0x0000000080000000, 0x0000000100000000)
  region size 1024K, 139 young (142336K), 12 survivors (12288K)
 Metaspace       used 83783K, capacity 86259K, committed 86348K, reserved 1124352K
  class space    used 10896K, capacity 11830K, committed 11852K, reserved 1048576K
}
Event: 18.853 GC heap after
{Heap after GC invocations=12 (full 0):
 garbage-first heap   total 260096K, used 85249K [0x0000000080000000, 0x0000000100000000)
  region size 1024K, 16 young (16384K), 16 survivors (16384K)
 Metaspace       used 83783K, capacity 86259K, committed 86348K, reserved 1124352K
  class space    used 10896K, capacity 11830K, committed 11852K, reserved 1048576K
}
Event: 21.298 GC heap before
{Heap before GC invocations=12 (full 0):
 garbage-first heap   total 260096K, used 215297K [0x0000000080000000, 0x0000000100000000)
  region size 1024K, 127 young (130048K), 16 survivors (16384K)
 Metaspace       used 88675K, capacity 91183K, committed 91212K, reserved 1128448K
  class space    used 11427K, capacity 12348K, committed 12364K, reserved 1048576K
}
Event: 21.314 GC heap after
{Heap after GC invocations=13 (full 0):
 garbage-first heap   total 260096K, used 79547K [0x0000000080000000, 0x0000000100000000)
  region size 1024K, 4 young (4096K), 4 survivors (4096K)
 Metaspace       used 88675K, capacity 91183K, committed 91212K, reserved 1128448K
  class space    used 11427K, capacity 12348K, committed 12364K, reserved 1048576K
}
Event: 22.861 GC heap before
{Heap before GC invocations=13 (full 0):
 garbage-first heap   total 260096K, used 201403K [0x0000000080000000, 0x0000000100000000)
  region size 1024K, 124 young (126976K), 4 survivors (4096K)
 Metaspace       used 91484K, capacity 94043K, committed 94156K, reserved 1130496K
  class space    used 11775K, capacity 12715K, committed 12748K, reserved 1048576K
}
Event: 22.875 GC heap after
{Heap after GC invocations=14 (full 0):
 garbage-first heap   total 260096K, used 84395K [0x0000000080000000, 0x0000000100000000)
  region size 1024K, 8 young (8192K), 8 survivors (8192K)
 Metaspace       used 91484K, capacity 94043K, committed 94156K, reserved 1130496K
  class space    used 11775K, capacity 12715K, committed 12748K, reserved 1048576K
}
Event: 24.076 GC heap before
{Heap before GC invocations=14 (full 0):
 garbage-first heap   total 260096K, used 163243K [0x0000000080000000, 0x0000000100000000)
  region size 1024K, 87 young (89088K), 8 survivors (8192K)
 Metaspace       used 98119K, capacity 100698K, committed 100812K, reserved 1136640K
  class space    used 12680K, capacity 13659K, committed 13772K, reserved 1048576K
}
Event: 24.101 GC heap after
{Heap after GC invocations=15 (full 0):
 garbage-first heap   total 260096K, used 88630K [0x0000000080000000, 0x0000000100000000)
  region size 1024K, 13 young (13312K), 13 survivors (13312K)
 Metaspace       used 98119K, capacity 100698K, committed 100812K, reserved 1136640K
  class space    used 12680K, capacity 13659K, committed 13772K, reserved 1048576K
}
Event: 27.396 GC heap before
{Heap before GC invocations=16 (full 0):
 garbage-first heap   total 260096K, used 223798K [0x0000000080000000, 0x0000000100000000)
  region size 1024K, 116 young (118784K), 13 survivors (13312K)
 Metaspace       used 105075K, capacity 107676K, committed 107852K, reserved 1142784K
  class space    used 13660K, capacity 14647K, committed 14668K, reserved 1048576K
}
Event: 27.506 GC heap after
{Heap after GC invocations=17 (full 0):
 garbage-first heap   total 261120K, used 132096K [0x0000000080000000, 0x0000000100000000)
  region size 1024K, 15 young (15360K), 15 survivors (15360K)
 Metaspace       used 105075K, capacity 107676K, committed 107852K, reserved 1142784K
  class space    used 13660K, capacity 14647K, committed 14668K, reserved 1048576K
}
Event: 27.841 GC heap before
{Heap before GC invocations=18 (full 0):
 garbage-first heap   total 261120K, used 145408K [0x0000000080000000, 0x0000000100000000)
  region size 1024K, 28 young (28672K), 15 survivors (15360K)
 Metaspace       used 105075K, capacity 107676K, committed 107852K, reserved 1142784K
  class space    used 13660K, capacity 14647K, committed 14668K, reserved 1048576K
}
Event: 27.978 GC heap after
{Heap after GC invocations=19 (full 0):
 garbage-first heap   total 261120K, used 139567K [0x0000000080000000, 0x0000000100000000)
  region size 1024K, 6 young (6144K), 6 survivors (6144K)
 Metaspace       used 105075K, capacity 107676K, committed 107852K, reserved 1142784K
  class space    used 13660K, capacity 14647K, committed 14668K, reserved 1048576K
}

Deoptimization events (20 events):
Event: 27.183 Thread 0x0000027d2be68800 DEOPT PACKING pc=0x0000027d0ddb03b4 sp=0x000000e9d16fd130
Event: 27.183 Thread 0x0000027d2be68800 DEOPT UNPACKING pc=0x0000027d0c0776ce sp=0x000000e9d16fc688 mode 0
Event: 27.185 Thread 0x0000027d2be68800 DEOPT PACKING pc=0x0000027d0ddb03b4 sp=0x000000e9d16fd130
Event: 27.185 Thread 0x0000027d2be68800 DEOPT UNPACKING pc=0x0000027d0c0776ce sp=0x000000e9d16fc688 mode 0
Event: 27.203 Thread 0x0000027d2be68800 Uncommon trap: trap_request=0xffffff4d fr.pc=0x0000027d142c475c relative=0x0000000000000adc
Event: 27.203 Thread 0x0000027d2be68800 Uncommon trap: reason=unstable_if action=reinterpret pc=0x0000027d142c475c method=com.android.tools.r8.internal.Ye.d(I)Z @ 45 c2
Event: 27.203 Thread 0x0000027d2be68800 DEOPT PACKING pc=0x0000027d142c475c sp=0x000000e9d16fd190
Event: 27.203 Thread 0x0000027d2be68800 DEOPT UNPACKING pc=0x0000027d0c0778af sp=0x000000e9d16fd0a0 mode 2
Event: 27.205 Thread 0x0000027d2be68800 DEOPT PACKING pc=0x0000027d0ddb03b4 sp=0x000000e9d16fd130
Event: 27.205 Thread 0x0000027d2be68800 DEOPT UNPACKING pc=0x0000027d0c0776ce sp=0x000000e9d16fc688 mode 0
Event: 27.240 Thread 0x0000027d2be68800 DEOPT PACKING pc=0x0000027d0ddb03b4 sp=0x000000e9d16fd130
Event: 27.240 Thread 0x0000027d2be68800 DEOPT UNPACKING pc=0x0000027d0c0776ce sp=0x000000e9d16fc688 mode 0
Event: 27.263 Thread 0x0000027d2be68800 DEOPT PACKING pc=0x0000027d0ddb03b4 sp=0x000000e9d16fd130
Event: 27.263 Thread 0x0000027d2be68800 DEOPT UNPACKING pc=0x0000027d0c0776ce sp=0x000000e9d16fc688 mode 0
Event: 27.292 Thread 0x0000027d2be68800 DEOPT PACKING pc=0x0000027d0ddb03b4 sp=0x000000e9d16fd130
Event: 27.292 Thread 0x0000027d2be68800 DEOPT UNPACKING pc=0x0000027d0c0776ce sp=0x000000e9d16fc688 mode 0
Event: 27.364 Thread 0x0000027d2be68800 DEOPT PACKING pc=0x0000027d0ddb03b4 sp=0x000000e9d16fd130
Event: 27.364 Thread 0x0000027d2be68800 DEOPT UNPACKING pc=0x0000027d0c0776ce sp=0x000000e9d16fc688 mode 0
Event: 27.390 Thread 0x0000027d2be68800 DEOPT PACKING pc=0x0000027d0ddb03b4 sp=0x000000e9d16fd130
Event: 27.390 Thread 0x0000027d2be68800 DEOPT UNPACKING pc=0x0000027d0c0776ce sp=0x000000e9d16fc688 mode 0

Classes redefined (0 events):
No events

Internal exceptions (20 events):
Event: 24.106 Thread 0x0000027d27219800 Exception <a 'java/lang/NoSuchMethodError'{0x000000008fd430d0}: 'java.lang.Object java.lang.invoke.DirectMethodHandle$Holder.invokeStaticInit(java.lang.Object, java.lang.Object, long, java.lang.Object)'> (0x000000008fd430d0) thrown at [./src/hotspot/share/interpreter/linkResolver.cpp, line 773]
Event: 24.107 Thread 0x0000027d27219800 Exception <a 'java/lang/NoSuchMethodError'{0x000000008fd49310}: 'java.lang.Object java.lang.invoke.DirectMethodHandle$Holder.invokeStatic(java.lang.Object, java.lang.Object, long)'> (0x000000008fd49310) thrown at [./src/hotspot/share/interpreter/linkResolver.cpp, line 773]
Event: 24.108 Thread 0x0000027d27219800 Exception <a 'java/lang/NoSuchMethodError'{0x000000008fd4f888}: 'java.lang.Object java.lang.invoke.Invokers$Holder.linkToTargetMethod(java.lang.Object, long, java.lang.Object)'> (0x000000008fd4f888) thrown at [./src/hotspot/share/interpreter/linkResolver.cpp, line 773]
Event: 24.120 Thread 0x0000027d265f9800 Exception <a 'java/lang/NoSuchMethodError'{0x000000008fdafe40}: 'int java.lang.invoke.DirectMethodHandle$Holder.invokeVirtual(java.lang.Object, java.lang.Object, java.lang.Object)'> (0x000000008fdafe40) thrown at [./src/hotspot/share/interpreter/linkResolver.cpp, line 773]
Event: 24.499 Thread 0x0000027d27219800 Exception <a 'java/lang/NoSuchMethodError'{0x000000008f778ed0}: 'int java.lang.invoke.DirectMethodHandle$Holder.invokeSpecialIFC(java.lang.Object, java.lang.Object, java.lang.Object)'> (0x000000008f778ed0) thrown at [./src/hotspot/share/interpreter/linkResolver.cpp, line 773]
Event: 24.566 Thread 0x0000027d265f9800 Exception <a 'java/lang/NoSuchMethodError'{0x000000008f6a14c0}: 'java.lang.Object java.lang.invoke.DirectMethodHandle$Holder.invokeStatic(java.lang.Object, int, java.lang.Object, java.lang.Object)'> (0x000000008f6a14c0) thrown at [./src/hotspot/share/interpreter/linkResolver.cpp, line 773]
Event: 24.679 Thread 0x0000027d265f9800 Exception <a 'java/lang/NoSuchMethodError'{0x000000008f472100}: 'java.lang.Object java.lang.invoke.Invokers$Holder.linkToTargetMethod(java.lang.Object, java.lang.Object, java.lang.Object, java.lang.Object, java.lang.Object, java.lang.Object, java.lang.Object)'> (0x000000008f472100) thrown at [./src/hotspot/share/interpreter/linkResolver.cpp, line 773]
Event: 24.773 Thread 0x0000027d265f9800 Exception <a 'java/lang/NoSuchMethodError'{0x000000008f2c0a48}: 'java.lang.Object java.lang.invoke.DirectMethodHandle$Holder.invokeVirtual(java.lang.Object, java.lang.Object, int, java.lang.Object)'> (0x000000008f2c0a48) thrown at [./src/hotspot/share/interpreter/linkResolver.cpp, line 773]
Event: 24.811 Thread 0x0000027d265f9800 Exception <a 'java/lang/IncompatibleClassChangeError'{0x000000008f160220}: Found class java.lang.Object, but interface was expected> (0x000000008f160220) thrown at [./src/hotspot/share/interpreter/linkResolver.cpp, line 839]
Event: 24.813 Thread 0x0000027d265f9800 Exception <a 'java/lang/IncompatibleClassChangeError'{0x000000008f16aa78}: Found class java.lang.Object, but interface was expected> (0x000000008f16aa78) thrown at [./src/hotspot/share/interpreter/linkResolver.cpp, line 839]
Event: 24.842 Thread 0x0000027d265f9800 Exception <a 'java/lang/NoSuchMethodError'{0x000000008f01cc90}: 'void java.lang.invoke.DirectMethodHandle$Holder.invokeVirtual(java.lang.Object, java.lang.Object, int, java.lang.Object)'> (0x000000008f01cc90) thrown at [./src/hotspot/share/interpreter/linkResolver.cpp, line 773]
Event: 24.964 Thread 0x0000027d265f9800 Exception <a 'java/lang/NoSuchMethodError'{0x000000008eed7288}: 'java.lang.Object java.lang.invoke.DirectMethodHandle$Holder.newInvokeSpecial(java.lang.Object, int)'> (0x000000008eed7288) thrown at [./src/hotspot/share/interpreter/linkResolver.cpp, line 773]
Event: 25.952 Thread 0x0000027d265f9800 Exception <a 'java/lang/NoSuchMethodError'{0x000000008dbba538}: 'void java.lang.invoke.DirectMethodHandle$Holder.invokeSpecial(java.lang.Object, java.lang.Object, int, java.lang.Object, java.lang.Object, java.lang.Object, java.lang.Object)'> (0x000000008dbba538) thrown at [./src/hotspot/share/interpreter/linkResolver.cpp, line 773]
Event: 25.954 Thread 0x0000027d265f9800 Exception <a 'java/lang/NoSuchMethodError'{0x000000008dbc61b0}: 'java.lang.Object java.lang.invoke.Invokers$Holder.linkToTargetMethod(java.lang.Object, int, java.lang.Object, java.lang.Object, java.lang.Object, java.lang.Object)'> (0x000000008dbc61b0) thrown at [./src/hotspot/share/interpreter/linkResolver.cpp, line 773]
Event: 25.954 Thread 0x0000027d265f9800 Exception <a 'java/lang/NoSuchMethodError'{0x000000008dbca660}: 'void java.lang.invoke.DirectMethodHandle$Holder.invokeSpecial(java.lang.Object, java.lang.Object, java.lang.Object, java.lang.Object, java.lang.Object, java.lang.Object, java.lang.Object, java.lang.Object, java.lang.Object)'> (0x000000008dbca660) thrown at [./src/hotspot/share/interpreter/linkResolver.cpp, line 773]
Event: 25.958 Thread 0x0000027d265f9800 Exception <a 'java/lang/NoSuchMethodError'{0x000000008dbe52a0}: 'void java.lang.invoke.DirectMethodHandle$Holder.invokeStatic(java.lang.Object, java.lang.Object, java.lang.Object, java.lang.Object, java.lang.Object, java.lang.Object, java.lang.Object, java.lang.Object)'> (0x000000008dbe52a0) thrown at [./src/hotspot/share/interpreter/linkResolver.cpp, line 773]
Event: 26.037 Thread 0x0000027d265f9800 Exception <a 'java/lang/IncompatibleClassChangeError'{0x000000008d9f17f8}: Found class java.lang.Object, but interface was expected> (0x000000008d9f17f8) thrown at [./src/hotspot/share/interpreter/linkResolver.cpp, line 839]
Event: 26.131 Thread 0x0000027d265f9800 Exception <a 'java/lang/NoSuchMethodError'{0x000000008d7b9ba8}: 'void java.lang.invoke.DirectMethodHandle$Holder.invokeVirtual(java.lang.Object, java.lang.Object, int)'> (0x000000008d7b9ba8) thrown at [./src/hotspot/share/interpreter/linkResolver.cpp, line 773]
Event: 26.189 Thread 0x0000027d265f9800 Exception <a 'sun/nio/fs/WindowsException'{0x000000008d666608}> (0x000000008d666608) thrown at [./src/hotspot/share/prims/jni.cpp, line 615]
Event: 26.702 Thread 0x0000027d2be68800 Exception <a 'sun/nio/fs/WindowsException'{0x000000008bb465b0}> (0x000000008bb465b0) thrown at [./src/hotspot/share/prims/jni.cpp, line 615]

Events (20 events):
Event: 26.887 loading class com/android/tools/r8/internal/vf$a
Event: 26.887 loading class com/android/tools/r8/internal/vf$a done
Event: 26.887 loading class com/android/tools/r8/internal/vf$a
Event: 26.887 loading class com/android/tools/r8/internal/vf$a done
Event: 26.888 loading class com/android/tools/r8/graph/e0
Event: 26.888 loading class com/android/tools/r8/graph/e0 done
Event: 26.888 loading class com/android/tools/r8/graph/e0
Event: 26.888 loading class com/android/tools/r8/graph/e0 done
Event: 26.888 loading class com/android/tools/r8/dex/j
Event: 26.888 loading class com/android/tools/r8/dex/j done
Event: 27.396 Executing VM operation: G1CollectForAllocation
Event: 27.506 Executing VM operation: G1CollectForAllocation done
Event: 27.698 Executing VM operation: CGC_Operation
Event: 27.711 Executing VM operation: CGC_Operation done
Event: 27.817 Executing VM operation: CGC_Operation
Event: 27.820 Executing VM operation: CGC_Operation done
Event: 27.841 Executing VM operation: G1CollectForAllocation
Event: 27.978 Executing VM operation: G1CollectForAllocation done
Event: 28.205 Executing VM operation: CGC_Operation
Event: 28.215 Executing VM operation: CGC_Operation done


Dynamic libraries:
0x00007ff7a00f0000 - 0x00007ff7a00fa000 	C:\Program Files\Android\Android Studio\jre\bin\java.exe
0x00007ffdfaf20000 - 0x00007ffdfb127000 	C:\WINDOWS\SYSTEM32\ntdll.dll
0x00007ffdf9eb0000 - 0x00007ffdf9f6d000 	C:\WINDOWS\System32\KERNEL32.DLL
0x00007ffdf8660000 - 0x00007ffdf89d4000 	C:\WINDOWS\System32\KERNELBASE.dll
0x00007ffdf8540000 - 0x00007ffdf8651000 	C:\WINDOWS\System32\ucrtbase.dll
0x00007ffdddf00000 - 0x00007ffdddf19000 	C:\Program Files\Android\Android Studio\jre\bin\jli.dll
0x00007ffdddee0000 - 0x00007ffdddef7000 	C:\Program Files\Android\Android Studio\jre\bin\VCRUNTIME140.dll
0x00007ffdf9460000 - 0x00007ffdf960c000 	C:\WINDOWS\System32\USER32.dll
0x00007ffde6250000 - 0x00007ffde64f5000 	C:\WINDOWS\WinSxS\amd64_microsoft.windows.common-controls_6595b64144ccf1df_6.0.22000.120_none_9d947278b86cc467\COMCTL32.dll
0x00007ffdf8d90000 - 0x00007ffdf8db6000 	C:\WINDOWS\System32\win32u.dll
0x00007ffdf9c10000 - 0x00007ffdf9cb3000 	C:\WINDOWS\System32\msvcrt.dll
0x00007ffdfa490000 - 0x00007ffdfa4b9000 	C:\WINDOWS\System32\GDI32.dll
0x00007ffdf8bf0000 - 0x00007ffdf8d02000 	C:\WINDOWS\System32\gdi32full.dll
0x00007ffdf89e0000 - 0x00007ffdf8a7d000 	C:\WINDOWS\System32\msvcp_win.dll
0x00007ffdf9cc0000 - 0x00007ffdf9cf1000 	C:\WINDOWS\System32\IMM32.DLL
0x00007ffd96780000 - 0x00007ffd9681d000 	C:\Program Files\Android\Android Studio\jre\bin\msvcp140.dll
0x00007ffdbcd50000 - 0x00007ffdbd81f000 	C:\Program Files\Android\Android Studio\jre\bin\server\jvm.dll
0x00007ffdf9d00000 - 0x00007ffdf9dae000 	C:\WINDOWS\System32\ADVAPI32.dll
0x00007ffdf93c0000 - 0x00007ffdf945e000 	C:\WINDOWS\System32\sechost.dll
0x00007ffdfadc0000 - 0x00007ffdfaee0000 	C:\WINDOWS\System32\RPCRT4.dll
0x00007ffdfa470000 - 0x00007ffdfa478000 	C:\WINDOWS\System32\PSAPI.DLL
0x00007ffde7380000 - 0x00007ffde7389000 	C:\WINDOWS\SYSTEM32\WSOCK32.dll
0x00007ffde82c0000 - 0x00007ffde82f3000 	C:\WINDOWS\SYSTEM32\WINMM.dll
0x00007ffdf8ec0000 - 0x00007ffdf8f2f000 	C:\WINDOWS\System32\WS2_32.dll
0x00007ffdf2b60000 - 0x00007ffdf2b6a000 	C:\WINDOWS\SYSTEM32\VERSION.dll
0x00007ffdf7600000 - 0x00007ffdf7618000 	C:\WINDOWS\SYSTEM32\kernel.appcore.dll
0x00007ffde1ab0000 - 0x00007ffde1ac1000 	C:\Program Files\Android\Android Studio\jre\bin\verify.dll
0x00007ffde5230000 - 0x00007ffde5451000 	C:\WINDOWS\SYSTEM32\DBGHELP.DLL
0x00007ffde2770000 - 0x00007ffde27a1000 	C:\WINDOWS\SYSTEM32\dbgcore.DLL
0x00007ffdf8d10000 - 0x00007ffdf8d8f000 	C:\WINDOWS\System32\bcryptPrimitives.dll
0x00007ffdce350000 - 0x00007ffdce379000 	C:\Program Files\Android\Android Studio\jre\bin\java.dll
0x00007ffde7260000 - 0x00007ffde726b000 	C:\Program Files\Android\Android Studio\jre\bin\jimage.dll
0x00007ffdd6670000 - 0x00007ffdd6688000 	C:\Program Files\Android\Android Studio\jre\bin\zip.dll
0x00007ffdfa610000 - 0x00007ffdfadbe000 	C:\WINDOWS\System32\SHELL32.dll
0x00007ffdf6590000 - 0x00007ffdf6df7000 	C:\WINDOWS\SYSTEM32\windows.storage.dll
0x00007ffdf8f90000 - 0x00007ffdf9308000 	C:\WINDOWS\System32\combase.dll
0x00007ffdf6420000 - 0x00007ffdf6586000 	C:\WINDOWS\SYSTEM32\wintypes.dll
0x00007ffdfa4c0000 - 0x00007ffdfa5aa000 	C:\WINDOWS\System32\SHCORE.dll
0x00007ffdfa1b0000 - 0x00007ffdfa20d000 	C:\WINDOWS\System32\shlwapi.dll
0x00007ffdf8340000 - 0x00007ffdf8361000 	C:\WINDOWS\SYSTEM32\profapi.dll
0x00007ffdd2f90000 - 0x00007ffdd2faa000 	C:\Program Files\Android\Android Studio\jre\bin\net.dll
0x00007ffdf2860000 - 0x00007ffdf296c000 	C:\WINDOWS\SYSTEM32\WINHTTP.dll
0x00007ffdf7a30000 - 0x00007ffdf7a97000 	C:\WINDOWS\system32\mswsock.dll
0x00007ffdd2e60000 - 0x00007ffdd2e74000 	C:\Program Files\Android\Android Studio\jre\bin\nio.dll
0x00007ffde8f50000 - 0x00007ffde8f77000 	D:\aa\native\8bec1ad78214c89d9ad589b4d07fe93259594b29d510b10fafb7a158f7737e5d\windows-amd64\native-platform.dll
0x00007ffd9edf0000 - 0x00007ffd9ef2d000 	D:\aa\native\53dbd7edfb1c66fb8903c78663c9afc45aea4f116125fa6feffd364cf09443e8\windows-amd64\native-platform-file-events.dll
0x00007ffde6c80000 - 0x00007ffde6c8a000 	C:\Program Files\Android\Android Studio\jre\bin\management.dll
0x00007ffde6730000 - 0x00007ffde673c000 	C:\Program Files\Android\Android Studio\jre\bin\management_ext.dll
0x00007ffdf7c70000 - 0x00007ffdf7c88000 	C:\WINDOWS\SYSTEM32\CRYPTSP.dll
0x00007ffdf7560000 - 0x00007ffdf7595000 	C:\WINDOWS\system32\rsaenh.dll
0x00007ffdf7b20000 - 0x00007ffdf7b49000 	C:\WINDOWS\SYSTEM32\USERENV.dll
0x00007ffdf7df0000 - 0x00007ffdf7e17000 	C:\WINDOWS\SYSTEM32\bcrypt.dll
0x00007ffdf7c90000 - 0x00007ffdf7c9c000 	C:\WINDOWS\SYSTEM32\CRYPTBASE.dll
0x00007ffdf7130000 - 0x00007ffdf715d000 	C:\WINDOWS\SYSTEM32\IPHLPAPI.DLL
0x00007ffdf9db0000 - 0x00007ffdf9db9000 	C:\WINDOWS\System32\NSI.dll
0x00007ffdf2980000 - 0x00007ffdf2999000 	C:\WINDOWS\SYSTEM32\dhcpcsvc6.DLL
0x00007ffdf2c90000 - 0x00007ffdf2cae000 	C:\WINDOWS\SYSTEM32\dhcpcsvc.DLL
0x00007ffdf7160000 - 0x00007ffdf7247000 	C:\WINDOWS\SYSTEM32\DNSAPI.dll

dbghelp: loaded successfully - version: 4.0.5 - missing functions: none
symbol engine: initialized successfully - sym options: 0x614 - pdb path: (cannot be retrieved)

VM Arguments:
jvm_args: --add-opens=java.base/java.util=ALL-UNNAMED --add-opens=java.base/java.lang=ALL-UNNAMED --add-opens=java.base/java.lang.invoke=ALL-UNNAMED --add-opens=java.base/java.util=ALL-UNNAMED --add-opens=java.prefs/java.util.prefs=ALL-UNNAMED --add-opens=java.prefs/java.util.prefs=ALL-UNNAMED --add-opens=java.base/java.nio.charset=ALL-UNNAMED --add-opens=java.base/java.net=ALL-UNNAMED --add-opens=java.base/java.util.concurrent.atomic=ALL-UNNAMED -Xmx2048m -Dfile.encoding=UTF-8 -Duser.country=IN -Duser.language=en -Duser.variant 
java_command: org.gradle.launcher.daemon.bootstrap.GradleDaemon 7.0.2
java_class_path (initial): D:\aa\wrapper\dists\gradle-7.0.2-bin\857tjihv64xamwrf0h14cai3r\gradle-7.0.2\lib\gradle-launcher-7.0.2.jar
Launcher Type: SUN_STANDARD

[Global flags]
     intx CICompilerCount                          = 4                                         {product} {ergonomic}
     uint ConcGCThreads                            = 3                                         {product} {ergonomic}
     uint G1ConcRefinementThreads                  = 10                                        {product} {ergonomic}
   size_t G1HeapRegionSize                         = 1048576                                   {product} {ergonomic}
    uintx GCDrainStackTargetSize                   = 64                                        {product} {ergonomic}
   size_t InitialHeapSize                          = 266338304                                 {product} {ergonomic}
   size_t MarkStackSize                            = 4194304                                   {product} {ergonomic}
   size_t MaxHeapSize                              = 2147483648                                {product} {command line}
   size_t MaxNewSize                               = 1287651328                                {product} {ergonomic}
   size_t MinHeapDeltaBytes                        = 1048576                                   {product} {ergonomic}
    uintx NonNMethodCodeHeapSize                   = 5836300                                {pd product} {ergonomic}
    uintx NonProfiledCodeHeapSize                  = 122910970                              {pd product} {ergonomic}
    uintx ProfiledCodeHeapSize                     = 122910970                              {pd product} {ergonomic}
    uintx ReservedCodeCacheSize                    = 251658240                              {pd product} {ergonomic}
     bool SegmentedCodeCache                       = true                                      {product} {ergonomic}
     bool UseCompressedClassPointers               = true                                 {lp64_product} {ergonomic}
     bool UseCompressedOops                        = true                                 {lp64_product} {ergonomic}
     bool UseG1GC                                  = true                                      {product} {ergonomic}
     bool UseLargePagesIndividualAllocation        = false                                  {pd product} {ergonomic}

Logging:
Log output configuration:
 #0: stdout all=warning uptime,level,tags
 #1: stderr all=off uptime,level,tags

Environment Variables:
JAVA_HOME=C:\Program Files\Java\jdk-15.0.2
PATH=C:\MinGW;C:\MinGW\bin;C:\Program Files\Java\jdk-15.0.2\bin;C:\Program Files\Common Files\Oracle\Java\javapath;C:\Windows\system32;C:\Windows;C:\Windows\System32\Wbem;C:\Windows\System32\WindowsPowerShell\v1.0\;C:\Windows\System32\OpenSSH\;C:\Program Files (x86)\NVIDIA Corporation\PhysX\Common;C:\Program Files\NVIDIA Corporation\NVIDIA NvDLISR;C:\WINDOWS\system32;C:\WINDOWS;C:\WINDOWS\System32\Wbem;C:\WINDOWS\System32\WindowsPowerShell\v1.0\;C:\WINDOWS\System32\OpenSSH\;C:\Program Files\Git\cmd;C:\Program Files\dotnet\;C:\Users\Deepak\Desktop\gradle1\gradle-7.0.1\bin;C:\Users\Deepak\Desktop\gradle1\gradle-7.0.1;C:\Program Files\nodejs;C:\Program Files\Google\Google Apps Sync\;C:\Program Files\Google\Google Apps Migration\;C:\Program Files\Microsoft SQL Server\150\Tools\Binn\;C:\Program Files\Microsoft SQL Server\Client SDK\ODBC\170\Tools\Binn\;C:\Users\Deepak\anaconda3;C:\Users\Deepak\anaconda3\Library\mingw-w64\bin;C:\Users\Deepak\anaconda3\Library\usr\bin;C:\Users\Deepak\anaconda3\Library\bin;C:\Users\Deepak\anaconda3\Scripts;C:\Program Files\MySQL\MySQL Shell 8.0\bin\;C:\src\flutter\flutter\bin;C:\Users\Deepak\AppData\Local\Programs\Python\Python39\Scripts\;C:\Users\Deepak\AppData\Local\Programs\Python\Python39\;C:\Program Files\Java\jdk-15.0.2\bin;C:\Program Files\JetBrains\IntelliJ IDEA 2020.3.2\bin;;C:\Users\Deepak\AppData\Local\Microsoft\WindowsApps;C:\Users\Deepak\AppData\Local\Programs\Microsoft VS Code\bin;C:\Users\Deepak\AppData\Local\Programs\radare2\bin;C:\Modeltech_eval_6.2c\win32;C:\Modeltech_6.2c\win32;C:\Program Files\JetBrains\IntelliJ IDEA Community Edition 2021.1.2\bin;;C:\Program Files\JetBrains\PyCharm Community Edition 2021.1.2\bin;;C:\Users\Deepak\AppData\Roaming\npm;C:\Users\Deepak\AppData\Local\GitHubDesktop\bin;C:\Users\Deepak\.dotnet\tools
USERNAME=Deepak
OS=Windows_NT
PROCESSOR_IDENTIFIER=Intel64 Family 6 Model 158 Stepping 10, GenuineIntel



---------------  S Y S T E M  ---------------

OS: Windows 10 , 64 bit Build 22000 (10.0.22000.434)
OS uptime: 0 days 23:12 hours

CPU:total 12 (initial active 12) (6 cores per cpu, 2 threads per core) family 6 model 158 stepping 10 microcode 0xde, cmov, cx8, fxsr, mmx, sse, sse2, sse3, ssse3, sse4.1, sse4.2, popcnt, avx, avx2, aes, clmul, erms, 3dnowpref, lzcnt, ht, tsc, tscinvbit, bmi1, bmi2, adx, fma

Memory: 4k page, system-wide physical 16225M (2342M free)
TotalPageFile size 16225M (AvailPageFile size 0M)
current process WorkingSet (physical memory assigned to process): 571M, peak: 571M
current process commit charge ("private bytes"): 612M, peak: 612M

vm_info: OpenJDK 64-Bit Server VM (11.0.10+0-b96-7249189) for windows-amd64 JRE (11.0.10+0-b96-7249189), built on Mar 31 2021 21:44:00 by "builder" with MS VC++ 14.0 (VS2015)

END.
