#
# There is insufficient memory for the Java Runtime Environment to continue.
# Native memory allocation (mmap) failed to map 38797312 bytes for G1 virtual space
# Possible reasons:
#   The system is out of physical RAM or swap space
#   The process is running with CompressedOops enabled, and the Java Heap may be blocking the growth of the native heap
# Possible solutions:
#   Reduce memory load on the system
#   Increase physical memory or swap space
#   Check if swap backing store is full
#   Decrease Java heap size (-Xmx/-Xms)
#   Decrease number of Java threads
#   Decrease Java thread stack sizes (-Xss)
#   Set larger code cache with -XX:ReservedCodeCacheSize=
#   JVM is running with Unscaled Compressed Oops mode in which the Java heap is
#     placed in the first 4GB address space. The Java Heap base address is the
#     maximum limit for the native heap growth. Please use -XX:HeapBaseMinAddress
#     to set the Java Heap base and to place the Java Heap above 4GB virtual address.
# This output file may be truncated or incomplete.
#
#  Out of Memory Error (./open/src/hotspot/os/windows/os_windows.cpp:3321), pid=15548, tid=8888
#
# JRE version: Java(TM) SE Runtime Environment (15.0.2+7) (build 15.0.2+7-27)
# Java VM: Java HotSpot(TM) 64-Bit Server VM (15.0.2+7-27, mixed mode, sharing, tiered, compressed oops, g1 gc, windows-amd64)
# No core dump will be written. Minidumps are not enabled by default on client versions of Windows
#

---------------  S U M M A R Y ------------

Command Line: --add-opens=java.base/java.util=ALL-UNNAMED --add-opens=java.base/java.lang=ALL-UNNAMED --add-opens=java.base/java.lang.invoke=ALL-UNNAMED --add-opens=java.base/java.util=ALL-UNNAMED --add-opens=java.prefs/java.util.prefs=ALL-UNNAMED --add-opens=java.prefs/java.util.prefs=ALL-UNNAMED --add-opens=java.base/java.nio.charset=ALL-UNNAMED --add-opens=java.base/java.net=ALL-UNNAMED --add-opens=java.base/java.util.concurrent.atomic=ALL-UNNAMED -Xmx2048m -Dfile.encoding=UTF-8 -Duser.country=IN -Duser.language=en -Duser.variant org.gradle.launcher.daemon.bootstrap.GradleDaemon 7.0.2

Host: Intel(R) Core(TM) i7-9750H CPU @ 2.60GHz, 12 cores, 15G,  Windows 10 , 64 bit Build 22000 (10.0.22000.434)
Time: Tue Feb 15 11:19:56 2022 India Standard Time elapsed time: 7.440724 seconds (0d 0h 0m 7s)

---------------  T H R E A D  ---------------

Current thread (0x0000028bfef53a70):  VMThread "VM Thread" [stack: 0x000000e4abe00000,0x000000e4abf00000] [id=8888]

Stack: [0x000000e4abe00000,0x000000e4abf00000]
[error occurred during error reporting (printing stack bounds), id 0xc0000005, EXCEPTION_ACCESS_VIOLATION (0xc0000005) at pc=0x0000028bec1510ad]

Native frames: (J=compiled Java code, j=interpreted, Vv=VM code, C=native code)
V  [jvm.dll+0x62ae9a]
V  [jvm.dll+0x7817a9]
V  [jvm.dll+0x782f03]
V  [jvm.dll+0x7834c5]
V  [jvm.dll+0x78347b]
V  [jvm.dll+0x62a2b9]
V  [jvm.dll+0x62aa88]
C  [ntdll.dll+0xa86ef]
C  [ntdll.dll+0x35aea]
C  [ntdll.dll+0xa76fe]
C  0x0000028bec1510ad

VM_Operation (0x000000e4af7fc500): G1CollectForAllocation, mode: safepoint, requested by thread 0x0000028b879b8770


---------------  P R O C E S S  ---------------

Threads class SMR info:
_java_thread_list=0x0000028b89fa6a00, length=78, elements={
0x0000028be3f1a3d0, 0x0000028bfef58ec0, 0x0000028bfef59880, 0x0000028bff871660,
0x0000028bff871f20, 0x0000028bff8727e0, 0x0000028bff873580, 0x0000028bff879060,
0x0000028bff87c980, 0x0000028bff9b4050, 0x0000028bff9b6f70, 0x0000028bff9fa140,
0x0000028b859e6e10, 0x0000028b86287fb0, 0x0000028b85e9f740, 0x0000028b85f8ec70,
0x0000028b85d3d040, 0x0000028b85915700, 0x0000028b851caec0, 0x0000028b851cb390,
0x0000028b858cc210, 0x0000028b85cbae70, 0x0000028b85cbb340, 0x0000028b85cbbce0,
0x0000028b85cbb810, 0x0000028b88a83ca0, 0x0000028b85cba9a0, 0x0000028b879badf0,
0x0000028b879b65c0, 0x0000028b879ba450, 0x0000028b879bc130, 0x0000028b879b6a90,
0x0000028b879b7430, 0x0000028b879b9110, 0x0000028b879b9ab0, 0x0000028b879b95e0,
0x0000028b879bd470, 0x0000028b879bd940, 0x0000028b879bb2c0, 0x0000028b879bbc60,
0x0000028b879b7900, 0x0000028b879bb790, 0x0000028b879b7dd0, 0x0000028b879ba920,
0x0000028b879b82a0, 0x0000028b879b8770, 0x0000028b8755a5a0, 0x0000028b8755da90,
0x0000028b8755c280, 0x0000028b8755f770, 0x0000028b8755c750, 0x0000028b8755aa70,
0x0000028b8755cc20, 0x0000028b8755b8e0, 0x0000028b87560110, 0x0000028b8755a0d0,
0x0000028b8755d0f0, 0x0000028b8755f2a0, 0x0000028b87559260, 0x0000028b8755fc40,
0x0000028b87558d90, 0x0000028b8755e900, 0x0000028b87559730, 0x0000028b8755edd0,
0x0000028b875588c0, 0x0000028b8ddaebb0, 0x0000028b8ddaced0, 0x0000028b8ddb2570,
0x0000028b8ddaf550, 0x0000028b8ddb1700, 0x0000028b8ddb38b0, 0x0000028b8ddac060,
0x0000028b8ddb2a40, 0x0000028b8ddafa20, 0x0000028b8ddb0890, 0x0000028b8ddb20a0,
0x0000028b8ddaf080, 0x0000028b8ddb33e0
}

Java Threads: ( => current thread )
  0x0000028be3f1a3d0 JavaThread "main" [_thread_blocked, id=8272, stack(0x000000e4ab800000,0x000000e4ab900000)]
  0x0000028bfef58ec0 JavaThread "Reference Handler" daemon [_thread_blocked, id=4728, stack(0x000000e4abf00000,0x000000e4ac000000)]
  0x0000028bfef59880 JavaThread "Finalizer" daemon [_thread_blocked, id=8448, stack(0x000000e4ac000000,0x000000e4ac100000)]
  0x0000028bff871660 JavaThread "Signal Dispatcher" daemon [_thread_blocked, id=13140, stack(0x000000e4ac100000,0x000000e4ac200000)]
  0x0000028bff871f20 JavaThread "Attach Listener" daemon [_thread_blocked, id=7588, stack(0x000000e4ac200000,0x000000e4ac300000)]
  0x0000028bff8727e0 JavaThread "Service Thread" daemon [_thread_blocked, id=19292, stack(0x000000e4ac300000,0x000000e4ac400000)]
  0x0000028bff873580 JavaThread "C2 CompilerThread0" daemon [_thread_blocked, id=21108, stack(0x000000e4ac400000,0x000000e4ac500000)]
  0x0000028bff879060 JavaThread "C1 CompilerThread0" daemon [_thread_blocked, id=15040, stack(0x000000e4ac500000,0x000000e4ac600000)]
  0x0000028bff87c980 JavaThread "Sweeper thread" daemon [_thread_blocked, id=20948, stack(0x000000e4ac600000,0x000000e4ac700000)]
  0x0000028bff9b4050 JavaThread "Common-Cleaner" daemon [_thread_blocked, id=10364, stack(0x000000e4ac700000,0x000000e4ac800000)]
  0x0000028bff9b6f70 JavaThread "Notification Thread" daemon [_thread_blocked, id=14212, stack(0x000000e4ac800000,0x000000e4ac900000)]
  0x0000028bff9fa140 JavaThread "C2 CompilerThread1" daemon [_thread_blocked, id=14720, stack(0x000000e4aca00000,0x000000e4acb00000)]
  0x0000028b859e6e10 JavaThread "Daemon health stats" [_thread_blocked, id=20564, stack(0x000000e4ad100000,0x000000e4ad200000)]
  0x0000028b86287fb0 JavaThread "Incoming local TCP Connector on port 60514" [_thread_in_native, id=760, stack(0x000000e4ad200000,0x000000e4ad300000)]
  0x0000028b85e9f740 JavaThread "Daemon periodic checks" [_thread_blocked, id=17236, stack(0x000000e4ad300000,0x000000e4ad400000)]
  0x0000028b85f8ec70 JavaThread "Daemon" [_thread_blocked, id=16176, stack(0x000000e4ad400000,0x000000e4ad500000)]
  0x0000028b85d3d040 JavaThread "Handler for socket connection from /127.0.0.1:60514 to /127.0.0.1:60515" [_thread_in_native, id=21996, stack(0x000000e4ad500000,0x000000e4ad600000)]
  0x0000028b85915700 JavaThread "Cancel handler" [_thread_blocked, id=23384, stack(0x000000e4ad600000,0x000000e4ad700000)]
  0x0000028b851caec0 JavaThread "Daemon worker" [_thread_blocked, id=17352, stack(0x000000e4ad700000,0x000000e4ad800000)]
  0x0000028b851cb390 JavaThread "Asynchronous log dispatcher for DefaultDaemonConnection: socket connection from /127.0.0.1:60514 to /127.0.0.1:60515" [_thread_blocked, id=21912, stack(0x000000e4ad800000,0x000000e4ad900000)]
  0x0000028b858cc210 JavaThread "Stdin handler" [_thread_blocked, id=16284, stack(0x000000e4ad900000,0x000000e4ada00000)]
  0x0000028b85cbae70 JavaThread "Daemon client event forwarder" [_thread_blocked, id=23076, stack(0x000000e4ada00000,0x000000e4adb00000)]
  0x0000028b85cbb340 JavaThread "Cache worker for file hash cache (D:\aa\caches\7.0.2\fileHashes)" [_thread_blocked, id=14768, stack(0x000000e4adb00000,0x000000e4adc00000)]
  0x0000028b85cbbce0 JavaThread "File lock request listener" [_thread_in_native, id=15408, stack(0x000000e4adc00000,0x000000e4add00000)]
  0x0000028b85cbb810 JavaThread "Cache worker for journal cache (D:\aa\caches\journal-1)" [_thread_blocked, id=20624, stack(0x000000e4acb00000,0x000000e4acc00000)]
  0x0000028b88a83ca0 JavaThread "C2 CompilerThread2" daemon [_thread_in_native, id=16692, stack(0x000000e4add00000,0x000000e4ade00000)]
  0x0000028b85cba9a0 JavaThread "Cache worker for file hash cache (D:\app_dev\QuizApp\.gradle\7.0.2\fileHashes)" [_thread_blocked, id=13248, stack(0x000000e4ade00000,0x000000e4adf00000)]
  0x0000028b879badf0 JavaThread "File watcher server" daemon [_thread_blocked, id=17288, stack(0x000000e4adf00000,0x000000e4ae000000)]
  0x0000028b879b65c0 JavaThread "File watcher consumer" daemon [_thread_blocked, id=25008, stack(0x000000e4ae000000,0x000000e4ae100000)]
  0x0000028b879ba450 JavaThread "Cache worker for checksums cache (D:\app_dev\QuizApp\.gradle\checksums)" [_thread_blocked, id=1220, stack(0x000000e4ae100000,0x000000e4ae200000)]
  0x0000028b879bc130 JavaThread "Cache worker for cache directory md-supplier (D:\aa\caches\7.0.2\md-supplier)" [_thread_blocked, id=11500, stack(0x000000e4ae200000,0x000000e4ae300000)]
  0x0000028b879b6a90 JavaThread "Cache worker for cache directory md-rule (D:\aa\caches\7.0.2\md-rule)" [_thread_blocked, id=18680, stack(0x000000e4ae300000,0x000000e4ae400000)]
  0x0000028b879b7430 JavaThread "Cache worker for execution history cache (D:\aa\caches\7.0.2\executionHistory)" [_thread_blocked, id=5636, stack(0x000000e4ae400000,0x000000e4ae500000)]
  0x0000028b879b9110 JavaThread "jar transforms" [_thread_blocked, id=7656, stack(0x000000e4aeb00000,0x000000e4aec00000)]
  0x0000028b879b9ab0 JavaThread "jar transforms Thread 2" [_thread_blocked, id=6116, stack(0x000000e4aec00000,0x000000e4aed00000)]
  0x0000028b879b95e0 JavaThread "Cache worker for file content cache (D:\aa\caches\7.0.2\fileContent)" [_thread_blocked, id=2752, stack(0x000000e4aed00000,0x000000e4aee00000)]
  0x0000028b879bd470 JavaThread "Cache worker for dependencies-accessors (D:\app_dev\QuizApp\.gradle\7.0.2\dependencies-accessors)" [_thread_blocked, id=7796, stack(0x000000e4aee00000,0x000000e4aef00000)]
  0x0000028b879bd940 JavaThread "jar transforms Thread 3" [_thread_blocked, id=14532, stack(0x000000e4aef00000,0x000000e4af000000)]
  0x0000028b879bb2c0 JavaThread "Cache worker for Build Output Cleanup Cache (D:\app_dev\QuizApp\.gradle\buildOutputCleanup)" [_thread_blocked, id=13196, stack(0x000000e4af000000,0x000000e4af100000)]
  0x0000028b879bbc60 JavaThread "Build operations" [_thread_blocked, id=12584, stack(0x000000e4af100000,0x000000e4af200000)]
  0x0000028b879b7900 JavaThread "Build operations Thread 2" [_thread_blocked, id=15240, stack(0x000000e4af200000,0x000000e4af300000)]
  0x0000028b879bb790 JavaThread "Build operations Thread 3" [_thread_blocked, id=25084, stack(0x000000e4af300000,0x000000e4af400000)]
  0x0000028b879b7dd0 JavaThread "Build operations Thread 4" [_thread_blocked, id=14000, stack(0x000000e4af400000,0x000000e4af500000)]
  0x0000028b879ba920 JavaThread "Build operations Thread 5" [_thread_blocked, id=3792, stack(0x000000e4af500000,0x000000e4af600000)]
  0x0000028b879b82a0 JavaThread "Build operations Thread 6" [_thread_blocked, id=20456, stack(0x000000e4af600000,0x000000e4af700000)]
  0x0000028b879b8770 JavaThread "Build operations Thread 7" [_thread_blocked, id=22560, stack(0x000000e4af700000,0x000000e4af800000)]
  0x0000028b8755a5a0 JavaThread "Build operations Thread 8" [_thread_blocked, id=12776, stack(0x000000e4af800000,0x000000e4af900000)]
  0x0000028b8755da90 JavaThread "Build operations Thread 9" [_thread_blocked, id=15612, stack(0x000000e4af900000,0x000000e4afa00000)]
  0x0000028b8755c280 JavaThread "Build operations Thread 10" [_thread_blocked, id=22164, stack(0x000000e4afa00000,0x000000e4afb00000)]
  0x0000028b8755f770 JavaThread "Build operations Thread 11" [_thread_blocked, id=23364, stack(0x000000e4afb00000,0x000000e4afc00000)]
  0x0000028b8755c750 JavaThread "Build operations Thread 12" [_thread_blocked, id=2684, stack(0x000000e4afc00000,0x000000e4afd00000)]
  0x0000028b8755aa70 JavaThread "jar transforms Thread 4" [_thread_blocked, id=7260, stack(0x000000e4afd00000,0x000000e4afe00000)]
  0x0000028b8755cc20 JavaThread "jar transforms Thread 5" [_thread_blocked, id=12504, stack(0x000000e4afe00000,0x000000e4aff00000)]
  0x0000028b8755b8e0 JavaThread "jar transforms Thread 6" [_thread_blocked, id=8328, stack(0x000000e4aff00000,0x000000e4b0000000)]
  0x0000028b87560110 JavaThread "jar transforms Thread 7" [_thread_blocked, id=24224, stack(0x000000e4b0000000,0x000000e4b0100000)]
  0x0000028b8755a0d0 JavaThread "jar transforms Thread 8" [_thread_blocked, id=12964, stack(0x000000e4b0100000,0x000000e4b0200000)]
  0x0000028b8755d0f0 JavaThread "jar transforms Thread 9" [_thread_blocked, id=19072, stack(0x000000e4b0200000,0x000000e4b0300000)]
  0x0000028b8755f2a0 JavaThread "jar transforms Thread 10" [_thread_blocked, id=13712, stack(0x000000e4b0300000,0x000000e4b0400000)]
  0x0000028b87559260 JavaThread "jar transforms Thread 11" [_thread_blocked, id=20676, stack(0x000000e4b0400000,0x000000e4b0500000)]
  0x0000028b8755fc40 JavaThread "jar transforms Thread 12" [_thread_blocked, id=6824, stack(0x000000e4b0500000,0x000000e4b0600000)]
  0x0000028b87558d90 JavaThread "Memory manager" [_thread_blocked, id=17960, stack(0x000000e4b0600000,0x000000e4b0700000)]
  0x0000028b8755e900 JavaThread "build event listener" [_thread_blocked, id=13540, stack(0x000000e4b0700000,0x000000e4b0800000)]
  0x0000028b87559730 JavaThread "pool-3-thread-1" [_thread_blocked, id=6280, stack(0x000000e4b0800000,0x000000e4b0900000)]
  0x0000028b8755edd0 JavaThread "build event listener" [_thread_blocked, id=2188, stack(0x000000e4b0900000,0x000000e4b0a00000)]
  0x0000028b875588c0 JavaThread "Execution worker for ':'" [_thread_blocked, id=6288, stack(0x000000e4b0a00000,0x000000e4b0b00000)]
  0x0000028b8ddaebb0 JavaThread "Execution worker for ':' Thread 2" [_thread_blocked, id=12120, stack(0x000000e4b0b00000,0x000000e4b0c00000)]
  0x0000028b8ddaced0 JavaThread "Execution worker for ':' Thread 3" [_thread_blocked, id=20060, stack(0x000000e4b0c00000,0x000000e4b0d00000)]
  0x0000028b8ddb2570 JavaThread "Execution worker for ':' Thread 4" [_thread_blocked, id=8512, stack(0x000000e4b0d00000,0x000000e4b0e00000)]
  0x0000028b8ddaf550 JavaThread "Execution worker for ':' Thread 5" [_thread_blocked, id=20792, stack(0x000000e4b0e00000,0x000000e4b0f00000)]
  0x0000028b8ddb1700 JavaThread "Execution worker for ':' Thread 6" [_thread_blocked, id=2292, stack(0x000000e4b0f00000,0x000000e4b1000000)]
  0x0000028b8ddb38b0 JavaThread "Execution worker for ':' Thread 7" [_thread_blocked, id=13952, stack(0x000000e4b1000000,0x000000e4b1100000)]
  0x0000028b8ddac060 JavaThread "Execution worker for ':' Thread 8" [_thread_blocked, id=9888, stack(0x000000e4b1100000,0x000000e4b1200000)]
  0x0000028b8ddb2a40 JavaThread "Execution worker for ':' Thread 9" [_thread_blocked, id=8856, stack(0x000000e4b1200000,0x000000e4b1300000)]
  0x0000028b8ddafa20 JavaThread "Execution worker for ':' Thread 10" [_thread_blocked, id=19832, stack(0x000000e4b1300000,0x000000e4b1400000)]
  0x0000028b8ddb0890 JavaThread "Execution worker for ':' Thread 11" [_thread_blocked, id=7816, stack(0x000000e4b1400000,0x000000e4b1500000)]
  0x0000028b8ddb20a0 JavaThread "Cache worker for execution history cache (D:\app_dev\QuizApp\.gradle\7.0.2\executionHistory)" [_thread_blocked, id=21308, stack(0x000000e4b1500000,0x000000e4b1600000)]
  0x0000028b8ddaf080 JavaThread "WorkerExecutor Queue" [_thread_blocked, id=9012, stack(0x000000e4b1e00000,0x000000e4b1f00000)]
  0x0000028b8ddb33e0 JavaThread "WorkerExecutor Queue Thread 2" [_thread_blocked, id=216, stack(0x000000e4b1f00000,0x000000e4b2000000)]

Other Threads:
=>0x0000028bfef53a70 VMThread "VM Thread" [stack: 0x000000e4abe00000,0x000000e4abf00000] [id=8888]
  0x0000028bff9bbc90 WatcherThread [stack: 0x000000e4ac900000,0x000000e4aca00000] [id=22120]
  0x0000028be3f5a640 GCTaskThread "GC Thread#0" [stack: 0x000000e4ab900000,0x000000e4aba00000] [id=9312]
  0x0000028b8473d150 GCTaskThread "GC Thread#1" [stack: 0x000000e4acc00000,0x000000e4acd00000] [id=21740]
  0x0000028b8473ee00 GCTaskThread "GC Thread#2" [stack: 0x000000e4acd00000,0x000000e4ace00000] [id=10940]
  0x0000028b8473d480 GCTaskThread "GC Thread#3" [stack: 0x000000e4ace00000,0x000000e4acf00000] [id=9688]
  0x0000028b84740450 GCTaskThread "GC Thread#4" [stack: 0x000000e4acf00000,0x000000e4ad000000] [id=21564]
  0x0000028b8473f790 GCTaskThread "GC Thread#5" [stack: 0x000000e4ad000000,0x000000e4ad100000] [id=5240]
  0x0000028b8473e7a0 GCTaskThread "GC Thread#6" [stack: 0x000000e4ae500000,0x000000e4ae600000] [id=12028]
  0x0000028b8473ead0 GCTaskThread "GC Thread#7" [stack: 0x000000e4ae600000,0x000000e4ae700000] [id=7280]
  0x0000028b87a402a0 GCTaskThread "GC Thread#8" [stack: 0x000000e4ae700000,0x000000e4ae800000] [id=7416]
  0x0000028b87a3f5e0 GCTaskThread "GC Thread#9" [stack: 0x000000e4ae800000,0x000000e4ae900000] [id=24808]
  0x0000028be3f6b3e0 ConcurrentGCThread "G1 Main Marker" [stack: 0x000000e4aba00000,0x000000e4abb00000] [id=2700]
  0x0000028be3f6d030 ConcurrentGCThread "G1 Conc#0" [stack: 0x000000e4abb00000,0x000000e4abc00000] [id=19740]
  0x0000028b87a405d0 ConcurrentGCThread "G1 Conc#1" [stack: 0x000000e4ae900000,0x000000e4aea00000] [id=5280]
  0x0000028b87a3e2c0 ConcurrentGCThread "G1 Conc#2" [stack: 0x000000e4aea00000,0x000000e4aeb00000] [id=14372]
  0x0000028be3fee1d0 ConcurrentGCThread "G1 Refine#0" [stack: 0x000000e4abc00000,0x000000e4abd00000] [id=21356]
  0x0000028b8647e330 ConcurrentGCThread "G1 Refine#1" [stack: 0x000000e4b1600000,0x000000e4b1700000] [id=23548]
  0x0000028b8647e690 ConcurrentGCThread "G1 Refine#2" [stack: 0x000000e4b1700000,0x000000e4b1800000] [id=21668]
  0x0000028b8647e9f0 ConcurrentGCThread "G1 Refine#3" [stack: 0x000000e4b1800000,0x000000e4b1900000] [id=19000]
  0x0000028b8647b090 ConcurrentGCThread "G1 Refine#4" [stack: 0x000000e4b1900000,0x000000e4b1a00000] [id=24048]
  0x0000028b87221970 ConcurrentGCThread "G1 Refine#5" [stack: 0x000000e4b1a00000,0x000000e4b1b00000] [id=6984]
  0x0000028b87222390 ConcurrentGCThread "G1 Refine#6" [stack: 0x000000e4b1b00000,0x000000e4b1c00000] [id=4216]
  0x0000028b87222030 ConcurrentGCThread "G1 Refine#7" [stack: 0x000000e4b1c00000,0x000000e4b1d00000] [id=17552]
  0x0000028b87221cd0 ConcurrentGCThread "G1 Refine#8" [stack: 0x000000e4b1d00000,0x000000e4b1e00000] [id=9108]
  0x0000028be3feea20 ConcurrentGCThread "G1 Young RemSet Sampling" [stack: 0x000000e4abd00000,0x000000e4abe00000] [id=15172]

Threads with active compile tasks:
C2 CompilerThread0     7455 11222       4       org.gradle.internal.snapshot.RelativePathTracker::toRelativePath (163 bytes)
C2 CompilerThread1     7455 11137       4       org.gradle.internal.execution.history.impl.FingerprintMapSerializer::readFingerprint (96 bytes)
C2 CompilerThread2     7455 11088       4       java.lang.String::split (327 bytes)

VM state: at safepoint (normal execution)

VM Mutex/Monitor currently owned by a thread:  ([mutex/lock_event])
[0x0000028be3f15cf0] Threads_lock - owner thread: 0x0000028bfef53a70
[0x0000028be3f155a0] Heap_lock - owner thread: 0x0000028b879b8770

Heap address: 0x0000000080000000, size: 2048 MB, Compressed Oops mode: 32-bit
CDS archive(s) mapped at: [0x0000000800000000-0x0000000800b50000-0x0000000800b50000), size 11862016, SharedBaseAddress: 0x0000000800000000, ArchiveRelocationMode: 0.
Compressed class space mapped at: 0x0000000800b50000-0x0000000840b50000, size: 1073741824
Narrow klass base: 0x0000000800000000, Narrow klass shift: 3, Narrow klass range: 0x100000000

GC Precious Log:
 CPUs: 12 total, 12 available
 Memory: 16225M
 Large Page Support: Disabled
 NUMA Support: Disabled
 Compressed Oops: Enabled (32-bit)
 Heap Region Size: 1M
 Heap Min Capacity: 8M
 Heap Initial Capacity: 254M
 Heap Max Capacity: 2G
 Pre-touch: Disabled
 Parallel Workers: 10
 Concurrent Workers: 3
 Concurrent Refinement Workers: 10
 Periodic GC: Disabled

Heap:
 garbage-first heap   total 260096K, used 97117K [0x0000000080000000, 0x0000000100000000)
  region size 1024K, 1 young (1024K), 1 survivors (1024K)
 Metaspace       used 81561K, capacity 82809K, committed 82864K, reserved 1122304K
  class space    used 10604K, capacity 10996K, committed 11008K, reserved 1048576K

Heap Regions: E=young(eden), S=young(survivor), O=old, HS=humongous(starts), HC=humongous(continues), CS=collection set, F=free, OA=open archive, CA=closed archive, TAMS=top-at-mark-start (previous, next)
|   0|0x0000000080000000, 0x0000000080100000, 0x0000000080100000|100%| O|  |TAMS 0x0000000080100000, 0x0000000080000000| Untracked 
|   1|0x0000000080100000, 0x0000000080200000, 0x0000000080200000|100%| O|  |TAMS 0x0000000080200000, 0x0000000080100000| Complete 
|   2|0x0000000080200000, 0x0000000080300000, 0x0000000080300000|100%| O|  |TAMS 0x0000000080300000, 0x0000000080200000| Untracked 
|   3|0x0000000080300000, 0x0000000080400000, 0x0000000080400000|100%|HS|  |TAMS 0x0000000080400000, 0x0000000080300000| Complete 
|   4|0x0000000080400000, 0x0000000080500000, 0x0000000080500000|100%|HC|  |TAMS 0x0000000080500000, 0x0000000080400000| Complete 
|   5|0x0000000080500000, 0x0000000080600000, 0x0000000080600000|100%|HC|  |TAMS 0x0000000080600000, 0x0000000080500000| Complete 
|   6|0x0000000080600000, 0x0000000080700000, 0x0000000080700000|100%| O|  |TAMS 0x0000000080700000, 0x0000000080600000| Untracked 
|   7|0x0000000080700000, 0x0000000080800000, 0x0000000080800000|100%| O|  |TAMS 0x0000000080800000, 0x0000000080700000| Untracked 
|   8|0x0000000080800000, 0x0000000080900000, 0x0000000080900000|100%| O|  |TAMS 0x0000000080900000, 0x0000000080800000| Untracked 
|   9|0x0000000080900000, 0x0000000080a00000, 0x0000000080a00000|100%| O|  |TAMS 0x0000000080a00000, 0x0000000080900000| Untracked 
|  10|0x0000000080a00000, 0x0000000080a00000, 0x0000000080b00000|  0%| F|  |TAMS 0x0000000080a00000, 0x0000000080a00000| Untracked 
|  11|0x0000000080b00000, 0x0000000080c00000, 0x0000000080c00000|100%| O|  |TAMS 0x0000000080c00000, 0x0000000080b00000| Untracked 
|  12|0x0000000080c00000, 0x0000000080d00000, 0x0000000080d00000|100%| O|  |TAMS 0x0000000080d00000, 0x0000000080c00000| Untracked 
|  13|0x0000000080d00000, 0x0000000080e00000, 0x0000000080e00000|100%| O|  |TAMS 0x0000000080e00000, 0x0000000080d00000| Untracked 
|  14|0x0000000080e00000, 0x0000000080f00000, 0x0000000080f00000|100%| O|  |TAMS 0x0000000080f00000, 0x0000000080e00000| Untracked 
|  15|0x0000000080f00000, 0x0000000081000000, 0x0000000081000000|100%| O|  |TAMS 0x0000000081000000, 0x0000000080f00000| Untracked 
|  16|0x0000000081000000, 0x0000000081100000, 0x0000000081100000|100%| O|  |TAMS 0x0000000081100000, 0x0000000081000000| Untracked 
|  17|0x0000000081100000, 0x0000000081200000, 0x0000000081200000|100%| O|  |TAMS 0x0000000081200000, 0x0000000081100000| Untracked 
|  18|0x0000000081200000, 0x0000000081300000, 0x0000000081300000|100%| O|  |TAMS 0x0000000081300000, 0x0000000081200000| Untracked 
|  19|0x0000000081300000, 0x0000000081400000, 0x0000000081400000|100%| O|  |TAMS 0x0000000081400000, 0x0000000081300000| Untracked 
|  20|0x0000000081400000, 0x0000000081500000, 0x0000000081500000|100%| O|  |TAMS 0x0000000081500000, 0x0000000081400000| Untracked 
|  21|0x0000000081500000, 0x0000000081600000, 0x0000000081600000|100%| O|  |TAMS 0x0000000081600000, 0x0000000081500000| Untracked 
|  22|0x0000000081600000, 0x0000000081700000, 0x0000000081700000|100%| O|  |TAMS 0x0000000081700000, 0x0000000081600000| Untracked 
|  23|0x0000000081700000, 0x0000000081800000, 0x0000000081800000|100%| O|  |TAMS 0x0000000081800000, 0x0000000081700000| Untracked 
|  24|0x0000000081800000, 0x0000000081900000, 0x0000000081900000|100%| O|  |TAMS 0x0000000081900000, 0x0000000081800000| Untracked 
|  25|0x0000000081900000, 0x0000000081a00000, 0x0000000081a00000|100%| O|  |TAMS 0x0000000081a00000, 0x0000000081900000| Complete 
|  26|0x0000000081a00000, 0x0000000081b00000, 0x0000000081b00000|100%| O|  |TAMS 0x0000000081b00000, 0x0000000081a00000| Untracked 
|  27|0x0000000081b00000, 0x0000000081c00000, 0x0000000081c00000|100%|HS|  |TAMS 0x0000000081c00000, 0x0000000081b00000| Complete 
|  28|0x0000000081c00000, 0x0000000081d00000, 0x0000000081d00000|100%|HS|  |TAMS 0x0000000081d00000, 0x0000000081c00000| Complete 
|  29|0x0000000081d00000, 0x0000000081e00000, 0x0000000081e00000|100%| O|  |TAMS 0x0000000081e00000, 0x0000000081d00000| Untracked 
|  30|0x0000000081e00000, 0x0000000081f00000, 0x0000000081f00000|100%| O|  |TAMS 0x0000000081f00000, 0x0000000081e00000| Untracked 
|  31|0x0000000081f00000, 0x0000000082000000, 0x0000000082000000|100%| O|  |TAMS 0x0000000082000000, 0x0000000081f00000| Complete 
|  32|0x0000000082000000, 0x0000000082100000, 0x0000000082100000|100%|HS|  |TAMS 0x0000000082100000, 0x0000000082000000| Complete 
|  33|0x0000000082100000, 0x0000000082200000, 0x0000000082200000|100%|HC|  |TAMS 0x0000000082200000, 0x0000000082100000| Complete 
|  34|0x0000000082200000, 0x0000000082300000, 0x0000000082300000|100%| O|  |TAMS 0x0000000082300000, 0x0000000082200000| Untracked 
|  35|0x0000000082300000, 0x0000000082400000, 0x0000000082400000|100%| O|  |TAMS 0x0000000082400000, 0x0000000082300000| Untracked 
|  36|0x0000000082400000, 0x0000000082500000, 0x0000000082500000|100%| O|  |TAMS 0x0000000082500000, 0x0000000082400000| Untracked 
|  37|0x0000000082500000, 0x0000000082600000, 0x0000000082600000|100%| O|  |TAMS 0x0000000082600000, 0x0000000082500000| Untracked 
|  38|0x0000000082600000, 0x0000000082700000, 0x0000000082700000|100%| O|  |TAMS 0x0000000082700000, 0x0000000082600000| Complete 
|  39|0x0000000082700000, 0x0000000082800000, 0x0000000082800000|100%| O|  |TAMS 0x0000000082800000, 0x0000000082700000| Complete 
|  40|0x0000000082800000, 0x0000000082900000, 0x0000000082900000|100%| O|  |TAMS 0x0000000082900000, 0x0000000082800000| Untracked 
|  41|0x0000000082900000, 0x0000000082a00000, 0x0000000082a00000|100%| O|  |TAMS 0x0000000082a00000, 0x0000000082900000| Untracked 
|  42|0x0000000082a00000, 0x0000000082b00000, 0x0000000082b00000|100%| O|  |TAMS 0x0000000082b00000, 0x0000000082a00000| Untracked 
|  43|0x0000000082b00000, 0x0000000082c00000, 0x0000000082c00000|100%| O|  |TAMS 0x0000000082c00000, 0x0000000082b00000| Complete 
|  44|0x0000000082c00000, 0x0000000082d00000, 0x0000000082d00000|100%| O|  |TAMS 0x0000000082d00000, 0x0000000082c00000| Untracked 
|  45|0x0000000082d00000, 0x0000000082e00000, 0x0000000082e00000|100%| O|  |TAMS 0x0000000082e00000, 0x0000000082d00000| Untracked 
|  46|0x0000000082e00000, 0x0000000082f00000, 0x0000000082f00000|100%| O|  |TAMS 0x0000000082f00000, 0x0000000082e00000| Untracked 
|  47|0x0000000082f00000, 0x0000000083000000, 0x0000000083000000|100%| O|  |TAMS 0x0000000083000000, 0x0000000082f00000| Untracked 
|  48|0x0000000083000000, 0x0000000083100000, 0x0000000083100000|100%| O|  |TAMS 0x0000000083100000, 0x0000000083000000| Untracked 
|  49|0x0000000083100000, 0x0000000083200000, 0x0000000083200000|100%| O|  |TAMS 0x0000000083200000, 0x0000000083100000| Complete 
|  50|0x0000000083200000, 0x0000000083300000, 0x0000000083300000|100%| O|  |TAMS 0x0000000083300000, 0x0000000083200000| Untracked 
|  51|0x0000000083300000, 0x0000000083400000, 0x0000000083400000|100%| O|  |TAMS 0x0000000083400000, 0x0000000083300000| Untracked 
|  52|0x0000000083400000, 0x0000000083500000, 0x0000000083500000|100%| O|  |TAMS 0x0000000083500000, 0x0000000083400000| Untracked 
|  53|0x0000000083500000, 0x0000000083600000, 0x0000000083600000|100%| O|  |TAMS 0x0000000083600000, 0x0000000083500000| Untracked 
|  54|0x0000000083600000, 0x0000000083700000, 0x0000000083700000|100%| O|  |TAMS 0x0000000083700000, 0x0000000083600000| Untracked 
|  55|0x0000000083700000, 0x0000000083800000, 0x0000000083800000|100%| O|  |TAMS 0x0000000083800000, 0x0000000083700000| Untracked 
|  56|0x0000000083800000, 0x0000000083900000, 0x0000000083900000|100%| O|  |TAMS 0x0000000083900000, 0x0000000083800000| Untracked 
|  57|0x0000000083900000, 0x0000000083a00000, 0x0000000083a00000|100%| O|  |TAMS 0x0000000083a00000, 0x0000000083900000| Untracked 
|  58|0x0000000083a00000, 0x0000000083b00000, 0x0000000083b00000|100%| O|  |TAMS 0x0000000083b00000, 0x0000000083a00000| Untracked 
|  59|0x0000000083b00000, 0x0000000083c00000, 0x0000000083c00000|100%| O|  |TAMS 0x0000000083c00000, 0x0000000083b00000| Complete 
|  60|0x0000000083c00000, 0x0000000083d00000, 0x0000000083d00000|100%| O|  |TAMS 0x0000000083d00000, 0x0000000083c00000| Untracked 
|  61|0x0000000083d00000, 0x0000000083e00000, 0x0000000083e00000|100%| O|  |TAMS 0x0000000083e00000, 0x0000000083d00000| Untracked 
|  62|0x0000000083e00000, 0x0000000083f00000, 0x0000000083f00000|100%| O|  |TAMS 0x0000000083f00000, 0x0000000083e00000| Untracked 
|  63|0x0000000083f00000, 0x0000000084000000, 0x0000000084000000|100%| O|  |TAMS 0x0000000084000000, 0x0000000083f00000| Untracked 
|  64|0x0000000084000000, 0x0000000084100000, 0x0000000084100000|100%| O|  |TAMS 0x0000000084100000, 0x0000000084000000| Complete 
|  65|0x0000000084100000, 0x0000000084200000, 0x0000000084200000|100%| O|  |TAMS 0x0000000084200000, 0x0000000084100000| Untracked 
|  66|0x0000000084200000, 0x0000000084300000, 0x0000000084300000|100%| O|  |TAMS 0x0000000084300000, 0x0000000084200000| Untracked 
|  67|0x0000000084300000, 0x0000000084400000, 0x0000000084400000|100%| O|  |TAMS 0x0000000084400000, 0x0000000084300000| Untracked 
|  68|0x0000000084400000, 0x0000000084500000, 0x0000000084500000|100%| O|  |TAMS 0x0000000084500000, 0x0000000084400000| Untracked 
|  69|0x0000000084500000, 0x0000000084600000, 0x0000000084600000|100%| O|  |TAMS 0x0000000084600000, 0x0000000084500000| Untracked 
|  70|0x0000000084600000, 0x0000000084700000, 0x0000000084700000|100%| O|  |TAMS 0x0000000084700000, 0x0000000084600000| Untracked 
|  71|0x0000000084700000, 0x0000000084800000, 0x0000000084800000|100%| O|  |TAMS 0x0000000084800000, 0x0000000084700000| Untracked 
|  72|0x0000000084800000, 0x0000000084900000, 0x0000000084900000|100%| O|  |TAMS 0x0000000084900000, 0x0000000084800000| Complete 
|  73|0x0000000084900000, 0x0000000084900000, 0x0000000084a00000|  0%| F|  |TAMS 0x0000000084900000, 0x0000000084900000| Untracked 
|  74|0x0000000084a00000, 0x0000000084a00000, 0x0000000084b00000|  0%| F|  |TAMS 0x0000000084a00000, 0x0000000084a00000| Untracked 
|  75|0x0000000084b00000, 0x0000000084c00000, 0x0000000084c00000|100%| O|  |TAMS 0x0000000084c00000, 0x0000000084b00000| Untracked 
|  76|0x0000000084c00000, 0x0000000084d00000, 0x0000000084d00000|100%| O|  |TAMS 0x0000000084d00000, 0x0000000084c00000| Untracked 
|  77|0x0000000084d00000, 0x0000000084d00000, 0x0000000084e00000|  0%| F|  |TAMS 0x0000000084d00000, 0x0000000084d00000| Untracked 
|  78|0x0000000084e00000, 0x0000000084e00000, 0x0000000084f00000|  0%| F|  |TAMS 0x0000000084e00000, 0x0000000084e00000| Untracked 
|  79|0x0000000084f00000, 0x0000000084f00000, 0x0000000085000000|  0%| F|  |TAMS 0x0000000084f00000, 0x0000000084f00000| Untracked 
|  80|0x0000000085000000, 0x0000000085000000, 0x0000000085100000|  0%| F|  |TAMS 0x0000000085000000, 0x0000000085000000| Untracked 
|  81|0x0000000085100000, 0x0000000085100000, 0x0000000085200000|  0%| F|  |TAMS 0x0000000085100000, 0x0000000085100000| Untracked 
|  82|0x0000000085200000, 0x0000000085300000, 0x0000000085300000|100%| O|  |TAMS 0x0000000085300000, 0x0000000085200000| Complete 
|  83|0x0000000085300000, 0x0000000085300000, 0x0000000085400000|  0%| F|  |TAMS 0x0000000085300000, 0x0000000085300000| Untracked 
|  84|0x0000000085400000, 0x0000000085400000, 0x0000000085500000|  0%| F|  |TAMS 0x0000000085400000, 0x0000000085400000| Untracked 
|  85|0x0000000085500000, 0x0000000085500000, 0x0000000085600000|  0%| F|  |TAMS 0x0000000085500000, 0x0000000085500000| Untracked 
|  86|0x0000000085600000, 0x0000000085600000, 0x0000000085700000|  0%| F|  |TAMS 0x0000000085600000, 0x0000000085600000| Untracked 
|  87|0x0000000085700000, 0x0000000085700000, 0x0000000085800000|  0%| F|  |TAMS 0x0000000085700000, 0x0000000085700000| Untracked 
|  88|0x0000000085800000, 0x0000000085800000, 0x0000000085900000|  0%| F|  |TAMS 0x0000000085800000, 0x0000000085800000| Untracked 
|  89|0x0000000085900000, 0x0000000085a00000, 0x0000000085a00000|100%| O|  |TAMS 0x0000000085a00000, 0x0000000085900000| Complete 
|  90|0x0000000085a00000, 0x0000000085b00000, 0x0000000085b00000|100%| O|  |TAMS 0x0000000085b00000, 0x0000000085a00000| Complete 
|  91|0x0000000085b00000, 0x0000000085c00000, 0x0000000085c00000|100%| O|  |TAMS 0x0000000085b00000, 0x0000000085b00000| Untracked 
|  92|0x0000000085c00000, 0x0000000085d00000, 0x0000000085d00000|100%| O|  |TAMS 0x0000000085c00000, 0x0000000085c00000| Untracked 
|  93|0x0000000085d00000, 0x0000000085e00000, 0x0000000085e00000|100%| O|  |TAMS 0x0000000085d00000, 0x0000000085d00000| Untracked 
|  94|0x0000000085e00000, 0x0000000085f00000, 0x0000000085f00000|100%| O|  |TAMS 0x0000000085e00000, 0x0000000085e00000| Untracked 
|  95|0x0000000085f00000, 0x0000000086000000, 0x0000000086000000|100%| O|  |TAMS 0x0000000085f00000, 0x0000000085f00000| Untracked 
|  96|0x0000000086000000, 0x0000000086100000, 0x0000000086100000|100%| O|  |TAMS 0x0000000086000000, 0x0000000086000000| Untracked 
|  97|0x0000000086100000, 0x0000000086200000, 0x0000000086200000|100%| O|  |TAMS 0x0000000086100000, 0x0000000086100000| Untracked 
|  98|0x0000000086200000, 0x0000000086300000, 0x0000000086300000|100%| O|  |TAMS 0x0000000086300000, 0x0000000086200000| Complete 
|  99|0x0000000086300000, 0x0000000086300000, 0x0000000086400000|  0%| F|  |TAMS 0x0000000086300000, 0x0000000086300000| Untracked 
| 100|0x0000000086400000, 0x0000000086500000, 0x0000000086500000|100%| O|  |TAMS 0x0000000086500000, 0x0000000086400000| Complete 
| 101|0x0000000086500000, 0x0000000086500000, 0x0000000086600000|  0%| F|  |TAMS 0x0000000086500000, 0x0000000086500000| Untracked 
| 102|0x0000000086600000, 0x0000000086600000, 0x0000000086700000|  0%| F|  |TAMS 0x0000000086600000, 0x0000000086600000| Untracked 
| 103|0x0000000086700000, 0x0000000086700000, 0x0000000086800000|  0%| F|  |TAMS 0x0000000086700000, 0x0000000086700000| Untracked 
| 104|0x0000000086800000, 0x0000000086900000, 0x0000000086900000|100%| O|  |TAMS 0x0000000086800000, 0x0000000086800000| Untracked 
| 105|0x0000000086900000, 0x0000000086a00000, 0x0000000086a00000|100%| O|  |TAMS 0x0000000086900000, 0x0000000086900000| Untracked 
| 106|0x0000000086a00000, 0x0000000086b00000, 0x0000000086b00000|100%| O|  |TAMS 0x0000000086a00000, 0x0000000086a00000| Untracked 
| 107|0x0000000086b00000, 0x0000000086c00000, 0x0000000086c00000|100%| O|  |TAMS 0x0000000086b00000, 0x0000000086b00000| Untracked 
| 108|0x0000000086c00000, 0x0000000086cff400, 0x0000000086d00000| 99%| O|  |TAMS 0x0000000086c00000, 0x0000000086c00000| Untracked 
| 109|0x0000000086d00000, 0x0000000086d00000, 0x0000000086e00000|  0%| F|  |TAMS 0x0000000086d00000, 0x0000000086d00000| Untracked 
| 110|0x0000000086e00000, 0x0000000086e00000, 0x0000000086f00000|  0%| F|  |TAMS 0x0000000086e00000, 0x0000000086e00000| Untracked 
| 111|0x0000000086f00000, 0x0000000086f00000, 0x0000000087000000|  0%| F|  |TAMS 0x0000000086f00000, 0x0000000086f00000| Untracked 
| 112|0x0000000087000000, 0x0000000087000000, 0x0000000087100000|  0%| F|  |TAMS 0x0000000087000000, 0x0000000087000000| Untracked 
| 113|0x0000000087100000, 0x0000000087100000, 0x0000000087200000|  0%| F|  |TAMS 0x0000000087100000, 0x0000000087100000| Untracked 
| 114|0x0000000087200000, 0x0000000087300000, 0x0000000087300000|100%| O|  |TAMS 0x0000000087300000, 0x0000000087200000| Complete 
| 115|0x0000000087300000, 0x0000000087300000, 0x0000000087400000|  0%| F|  |TAMS 0x0000000087300000, 0x0000000087300000| Untracked 
| 116|0x0000000087400000, 0x0000000087500000, 0x0000000087500000|100%| O|  |TAMS 0x0000000087500000, 0x0000000087400000| Complete 
| 117|0x0000000087500000, 0x0000000087500000, 0x0000000087600000|  0%| F|  |TAMS 0x0000000087500000, 0x0000000087500000| Untracked 
| 118|0x0000000087600000, 0x0000000087600000, 0x0000000087700000|  0%| F|  |TAMS 0x0000000087600000, 0x0000000087600000| Untracked 
| 119|0x0000000087700000, 0x0000000087700000, 0x0000000087800000|  0%| F|  |TAMS 0x0000000087700000, 0x0000000087700000| Untracked 
| 120|0x0000000087800000, 0x0000000087900000, 0x0000000087900000|100%| O|  |TAMS 0x000000008782d600, 0x0000000087800000| Untracked 
| 121|0x0000000087900000, 0x0000000087900000, 0x0000000087a00000|  0%| F|  |TAMS 0x0000000087900000, 0x0000000087900000| Untracked 
| 122|0x0000000087a00000, 0x0000000087a00000, 0x0000000087b00000|  0%| F|  |TAMS 0x0000000087a00000, 0x0000000087a00000| Untracked 
| 123|0x0000000087b00000, 0x0000000087b00000, 0x0000000087c00000|  0%| F|  |TAMS 0x0000000087b00000, 0x0000000087b00000| Untracked 
| 124|0x0000000087c00000, 0x0000000087c00000, 0x0000000087d00000|  0%| F|  |TAMS 0x0000000087c00000, 0x0000000087c00000| Untracked 
| 125|0x0000000087d00000, 0x0000000087d00000, 0x0000000087e00000|  0%| F|  |TAMS 0x0000000087d00000, 0x0000000087d00000| Untracked 
| 126|0x0000000087e00000, 0x0000000087e00000, 0x0000000087f00000|  0%| F|  |TAMS 0x0000000087e00000, 0x0000000087e00000| Untracked 
| 127|0x0000000087f00000, 0x0000000087f00000, 0x0000000088000000|  0%| F|  |TAMS 0x0000000087f00000, 0x0000000087f00000| Untracked 
| 128|0x0000000088000000, 0x0000000088000000, 0x0000000088100000|  0%| F|  |TAMS 0x0000000088000000, 0x0000000088000000| Untracked 
| 129|0x0000000088100000, 0x0000000088100000, 0x0000000088200000|  0%| F|  |TAMS 0x0000000088100000, 0x0000000088100000| Untracked 
| 130|0x0000000088200000, 0x0000000088200000, 0x0000000088300000|  0%| F|  |TAMS 0x0000000088200000, 0x0000000088200000| Untracked 
| 131|0x0000000088300000, 0x0000000088300000, 0x0000000088400000|  0%| F|  |TAMS 0x0000000088300000, 0x0000000088300000| Untracked 
| 132|0x0000000088400000, 0x0000000088400000, 0x0000000088500000|  0%| F|  |TAMS 0x0000000088400000, 0x0000000088400000| Untracked 
| 133|0x0000000088500000, 0x0000000088500000, 0x0000000088600000|  0%| F|  |TAMS 0x0000000088500000, 0x0000000088500000| Untracked 
| 134|0x0000000088600000, 0x0000000088600000, 0x0000000088700000|  0%| F|  |TAMS 0x0000000088600000, 0x0000000088600000| Untracked 
| 135|0x0000000088700000, 0x0000000088700000, 0x0000000088800000|  0%| F|  |TAMS 0x0000000088700000, 0x0000000088700000| Untracked 
| 136|0x0000000088800000, 0x0000000088800000, 0x0000000088900000|  0%| F|  |TAMS 0x0000000088800000, 0x0000000088800000| Untracked 
| 137|0x0000000088900000, 0x0000000088900000, 0x0000000088a00000|  0%| F|  |TAMS 0x0000000088900000, 0x0000000088900000| Untracked 
| 138|0x0000000088a00000, 0x0000000088a00000, 0x0000000088b00000|  0%| F|  |TAMS 0x0000000088a00000, 0x0000000088a00000| Untracked 
| 139|0x0000000088b00000, 0x0000000088b00000, 0x0000000088c00000|  0%| F|  |TAMS 0x0000000088b00000, 0x0000000088b00000| Untracked 
| 140|0x0000000088c00000, 0x0000000088c00000, 0x0000000088d00000|  0%| F|  |TAMS 0x0000000088c00000, 0x0000000088c00000| Untracked 
| 141|0x0000000088d00000, 0x0000000088d00000, 0x0000000088e00000|  0%| F|  |TAMS 0x0000000088d00000, 0x0000000088d00000| Untracked 
| 142|0x0000000088e00000, 0x0000000088e00000, 0x0000000088f00000|  0%| F|  |TAMS 0x0000000088e00000, 0x0000000088e00000| Untracked 
| 143|0x0000000088f00000, 0x0000000088f00000, 0x0000000089000000|  0%| F|  |TAMS 0x0000000088f00000, 0x0000000088f00000| Untracked 
| 144|0x0000000089000000, 0x0000000089000000, 0x0000000089100000|  0%| F|  |TAMS 0x0000000089000000, 0x0000000089000000| Untracked 
| 145|0x0000000089100000, 0x0000000089100000, 0x0000000089200000|  0%| F|  |TAMS 0x0000000089100000, 0x0000000089100000| Untracked 
| 146|0x0000000089200000, 0x0000000089200000, 0x0000000089300000|  0%| F|  |TAMS 0x0000000089200000, 0x0000000089200000| Untracked 
| 147|0x0000000089300000, 0x0000000089300000, 0x0000000089400000|  0%| F|  |TAMS 0x0000000089300000, 0x0000000089300000| Untracked 
| 148|0x0000000089400000, 0x0000000089400000, 0x0000000089500000|  0%| F|  |TAMS 0x0000000089400000, 0x0000000089400000| Untracked 
| 149|0x0000000089500000, 0x0000000089500000, 0x0000000089600000|  0%| F|  |TAMS 0x0000000089500000, 0x0000000089500000| Untracked 
| 150|0x0000000089600000, 0x0000000089600000, 0x0000000089700000|  0%| F|  |TAMS 0x0000000089600000, 0x0000000089600000| Untracked 
| 151|0x0000000089700000, 0x0000000089700000, 0x0000000089800000|  0%| F|  |TAMS 0x0000000089700000, 0x0000000089700000| Untracked 
| 152|0x0000000089800000, 0x0000000089800000, 0x0000000089900000|  0%| F|  |TAMS 0x0000000089800000, 0x0000000089800000| Untracked 
| 153|0x0000000089900000, 0x0000000089900000, 0x0000000089a00000|  0%| F|  |TAMS 0x0000000089900000, 0x0000000089900000| Untracked 
| 154|0x0000000089a00000, 0x0000000089a00000, 0x0000000089b00000|  0%| F|  |TAMS 0x0000000089a00000, 0x0000000089a00000| Untracked 
| 155|0x0000000089b00000, 0x0000000089b00000, 0x0000000089c00000|  0%| F|  |TAMS 0x0000000089b00000, 0x0000000089b00000| Untracked 
| 156|0x0000000089c00000, 0x0000000089c00000, 0x0000000089d00000|  0%| F|  |TAMS 0x0000000089c00000, 0x0000000089c00000| Untracked 
| 157|0x0000000089d00000, 0x0000000089d00000, 0x0000000089e00000|  0%| F|  |TAMS 0x0000000089d00000, 0x0000000089d00000| Untracked 
| 158|0x0000000089e00000, 0x0000000089e00000, 0x0000000089f00000|  0%| F|  |TAMS 0x0000000089e00000, 0x0000000089e00000| Untracked 
| 159|0x0000000089f00000, 0x0000000089f00000, 0x000000008a000000|  0%| F|  |TAMS 0x0000000089f00000, 0x0000000089f00000| Untracked 
| 160|0x000000008a000000, 0x000000008a000000, 0x000000008a100000|  0%| F|  |TAMS 0x000000008a000000, 0x000000008a000000| Untracked 
| 161|0x000000008a100000, 0x000000008a100000, 0x000000008a200000|  0%| F|  |TAMS 0x000000008a100000, 0x000000008a100000| Untracked 
| 162|0x000000008a200000, 0x000000008a200000, 0x000000008a300000|  0%| F|  |TAMS 0x000000008a200000, 0x000000008a200000| Untracked 
| 163|0x000000008a300000, 0x000000008a300000, 0x000000008a400000|  0%| F|  |TAMS 0x000000008a300000, 0x000000008a300000| Untracked 
| 164|0x000000008a400000, 0x000000008a400000, 0x000000008a500000|  0%| F|  |TAMS 0x000000008a400000, 0x000000008a400000| Untracked 
| 165|0x000000008a500000, 0x000000008a500000, 0x000000008a600000|  0%| F|  |TAMS 0x000000008a500000, 0x000000008a500000| Untracked 
| 166|0x000000008a600000, 0x000000008a600000, 0x000000008a700000|  0%| F|  |TAMS 0x000000008a600000, 0x000000008a600000| Untracked 
| 167|0x000000008a700000, 0x000000008a700000, 0x000000008a800000|  0%| F|  |TAMS 0x000000008a700000, 0x000000008a700000| Untracked 
| 168|0x000000008a800000, 0x000000008a800000, 0x000000008a900000|  0%| F|  |TAMS 0x000000008a800000, 0x000000008a800000| Untracked 
| 169|0x000000008a900000, 0x000000008a900000, 0x000000008aa00000|  0%| F|  |TAMS 0x000000008a900000, 0x000000008a900000| Untracked 
| 170|0x000000008aa00000, 0x000000008aa00000, 0x000000008ab00000|  0%| F|  |TAMS 0x000000008aa00000, 0x000000008aa00000| Untracked 
| 171|0x000000008ab00000, 0x000000008ab00000, 0x000000008ac00000|  0%| F|  |TAMS 0x000000008ab00000, 0x000000008ab00000| Untracked 
| 172|0x000000008ac00000, 0x000000008ac00000, 0x000000008ad00000|  0%| F|  |TAMS 0x000000008ac00000, 0x000000008ac00000| Untracked 
| 173|0x000000008ad00000, 0x000000008ad00000, 0x000000008ae00000|  0%| F|  |TAMS 0x000000008ad00000, 0x000000008ad00000| Untracked 
| 174|0x000000008ae00000, 0x000000008ae00000, 0x000000008af00000|  0%| F|  |TAMS 0x000000008ae00000, 0x000000008ae00000| Untracked 
| 175|0x000000008af00000, 0x000000008af00000, 0x000000008b000000|  0%| F|  |TAMS 0x000000008af00000, 0x000000008af00000| Untracked 
| 176|0x000000008b000000, 0x000000008b000000, 0x000000008b100000|  0%| F|  |TAMS 0x000000008b000000, 0x000000008b000000| Untracked 
| 177|0x000000008b100000, 0x000000008b100000, 0x000000008b200000|  0%| F|  |TAMS 0x000000008b100000, 0x000000008b100000| Untracked 
| 178|0x000000008b200000, 0x000000008b200000, 0x000000008b300000|  0%| F|  |TAMS 0x000000008b200000, 0x000000008b200000| Untracked 
| 179|0x000000008b300000, 0x000000008b300000, 0x000000008b400000|  0%| F|  |TAMS 0x000000008b300000, 0x000000008b300000| Untracked 
| 180|0x000000008b400000, 0x000000008b400000, 0x000000008b500000|  0%| F|  |TAMS 0x000000008b400000, 0x000000008b400000| Untracked 
| 181|0x000000008b500000, 0x000000008b500000, 0x000000008b600000|  0%| F|  |TAMS 0x000000008b500000, 0x000000008b500000| Untracked 
| 182|0x000000008b600000, 0x000000008b600000, 0x000000008b700000|  0%| F|  |TAMS 0x000000008b600000, 0x000000008b600000| Untracked 
| 183|0x000000008b700000, 0x000000008b700000, 0x000000008b800000|  0%| F|  |TAMS 0x000000008b700000, 0x000000008b700000| Untracked 
| 184|0x000000008b800000, 0x000000008b800000, 0x000000008b900000|  0%| F|  |TAMS 0x000000008b800000, 0x000000008b800000| Untracked 
| 185|0x000000008b900000, 0x000000008b900000, 0x000000008ba00000|  0%| F|  |TAMS 0x000000008b900000, 0x000000008b900000| Untracked 
| 186|0x000000008ba00000, 0x000000008ba00000, 0x000000008bb00000|  0%| F|  |TAMS 0x000000008ba00000, 0x000000008ba00000| Untracked 
| 187|0x000000008bb00000, 0x000000008bb00000, 0x000000008bc00000|  0%| F|  |TAMS 0x000000008bb00000, 0x000000008bb00000| Untracked 
| 188|0x000000008bc00000, 0x000000008bc00000, 0x000000008bd00000|  0%| F|  |TAMS 0x000000008bc00000, 0x000000008bc00000| Untracked 
| 189|0x000000008bd00000, 0x000000008bd00000, 0x000000008be00000|  0%| F|  |TAMS 0x000000008bd00000, 0x000000008bd00000| Untracked 
| 190|0x000000008be00000, 0x000000008be00000, 0x000000008bf00000|  0%| F|  |TAMS 0x000000008be00000, 0x000000008be00000| Untracked 
| 191|0x000000008bf00000, 0x000000008bf00000, 0x000000008c000000|  0%| F|  |TAMS 0x000000008bf00000, 0x000000008bf00000| Untracked 
| 192|0x000000008c000000, 0x000000008c000000, 0x000000008c100000|  0%| F|  |TAMS 0x000000008c000000, 0x000000008c000000| Untracked 
| 193|0x000000008c100000, 0x000000008c100000, 0x000000008c200000|  0%| F|  |TAMS 0x000000008c100000, 0x000000008c100000| Untracked 
| 194|0x000000008c200000, 0x000000008c200000, 0x000000008c300000|  0%| F|  |TAMS 0x000000008c200000, 0x000000008c200000| Untracked 
| 195|0x000000008c300000, 0x000000008c300000, 0x000000008c400000|  0%| F|  |TAMS 0x000000008c300000, 0x000000008c300000| Untracked 
| 196|0x000000008c400000, 0x000000008c400000, 0x000000008c500000|  0%| F|  |TAMS 0x000000008c400000, 0x000000008c400000| Untracked 
| 197|0x000000008c500000, 0x000000008c500000, 0x000000008c600000|  0%| F|  |TAMS 0x000000008c500000, 0x000000008c500000| Untracked 
| 198|0x000000008c600000, 0x000000008c600000, 0x000000008c700000|  0%| F|  |TAMS 0x000000008c600000, 0x000000008c600000| Untracked 
| 199|0x000000008c700000, 0x000000008c700000, 0x000000008c800000|  0%| F|  |TAMS 0x000000008c700000, 0x000000008c700000| Untracked 
| 200|0x000000008c800000, 0x000000008c800000, 0x000000008c900000|  0%| F|  |TAMS 0x000000008c800000, 0x000000008c800000| Untracked 
| 201|0x000000008c900000, 0x000000008c900000, 0x000000008ca00000|  0%| F|  |TAMS 0x000000008c900000, 0x000000008c900000| Untracked 
| 202|0x000000008ca00000, 0x000000008ca00000, 0x000000008cb00000|  0%| F|  |TAMS 0x000000008ca00000, 0x000000008ca00000| Untracked 
| 203|0x000000008cb00000, 0x000000008cb00000, 0x000000008cc00000|  0%| F|  |TAMS 0x000000008cb00000, 0x000000008cb00000| Untracked 
| 204|0x000000008cc00000, 0x000000008cc00000, 0x000000008cd00000|  0%| F|  |TAMS 0x000000008cc00000, 0x000000008cc00000| Untracked 
| 205|0x000000008cd00000, 0x000000008cd00000, 0x000000008ce00000|  0%| F|  |TAMS 0x000000008cd00000, 0x000000008cd00000| Untracked 
| 206|0x000000008ce00000, 0x000000008ce00000, 0x000000008cf00000|  0%| F|  |TAMS 0x000000008ce00000, 0x000000008ce00000| Untracked 
| 207|0x000000008cf00000, 0x000000008cf00000, 0x000000008d000000|  0%| F|  |TAMS 0x000000008cf00000, 0x000000008cf00000| Untracked 
| 208|0x000000008d000000, 0x000000008d000000, 0x000000008d100000|  0%| F|  |TAMS 0x000000008d000000, 0x000000008d000000| Untracked 
| 209|0x000000008d100000, 0x000000008d100000, 0x000000008d200000|  0%| F|  |TAMS 0x000000008d100000, 0x000000008d100000| Untracked 
| 210|0x000000008d200000, 0x000000008d200000, 0x000000008d300000|  0%| F|  |TAMS 0x000000008d200000, 0x000000008d200000| Untracked 
| 211|0x000000008d300000, 0x000000008d3d8180, 0x000000008d400000| 84%| S|CS|TAMS 0x000000008d300000, 0x000000008d300000| Complete 
| 212|0x000000008d400000, 0x000000008d400000, 0x000000008d500000|  0%| F|  |TAMS 0x000000008d400000, 0x000000008d400000| Untracked 
| 213|0x000000008d500000, 0x000000008d500000, 0x000000008d600000|  0%| F|  |TAMS 0x000000008d500000, 0x000000008d500000| Untracked 
| 214|0x000000008d600000, 0x000000008d600000, 0x000000008d700000|  0%| F|  |TAMS 0x000000008d600000, 0x000000008d600000| Untracked 
| 252|0x000000008fc00000, 0x000000008fc00000, 0x000000008fd00000|  0%| F|  |TAMS 0x000000008fc00000, 0x000000008fc00000| Untracked 
| 253|0x000000008fd00000, 0x000000008fd00000, 0x000000008fe00000|  0%| F|  |TAMS 0x000000008fd00000, 0x000000008fd00000| Untracked 

Card table byte_map: [0x0000028bfbab0000,0x0000028bfbeb0000] _byte_map_base: 0x0000028bfb6b0000

Marking Bits (Prev, Next): (CMBitMap*) 0x0000028be3f5aa80, (CMBitMap*) 0x0000028be3f5aac0
 Prev Bits: [0x0000028bfc2b0000, 0x0000028bfe2b0000)
 Next Bits: [0x0000028b80000000, 0x0000028b82000000)

Polling page: 0x0000028be1ec0000

Metaspace:

Usage:
  Non-class:     70.13 MB capacity,    69.29 MB ( 99%) used,   738.73 KB (  1%) free+waste,   117.50 KB ( <1%) overhead. 
      Class:     10.74 MB capacity,    10.36 MB ( 96%) used,   343.97 KB (  3%) free+waste,    47.06 KB ( <1%) overhead. 
       Both:     80.87 MB capacity,    79.65 MB ( 98%) used,     1.06 MB (  1%) free+waste,   164.56 KB ( <1%) overhead. 

Virtual space:
  Non-class space:       72.00 MB reserved,      70.17 MB ( 97%) committed 
      Class space:        1.00 GB reserved,      10.75 MB (  1%) committed 
             Both:        1.07 GB reserved,      80.92 MB (  7%) committed 

Chunk freelists:
   Non-Class:  43.00 KB
       Class:  12.00 KB
        Both:  55.00 KB

MaxMetaspaceSize: 17179869184.00 GB
CompressedClassSpaceSize: 1.00 GB

CodeHeap 'non-profiled nmethods': size=120000Kb used=5486Kb max_used=5486Kb free=114513Kb
 bounds [0x0000028bf3c20000, 0x0000028bf4180000, 0x0000028bfb150000]
CodeHeap 'profiled nmethods': size=120000Kb used=18242Kb max_used=18601Kb free=101757Kb
 bounds [0x0000028bec6f0000, 0x0000028bed920000, 0x0000028bf3c20000]
CodeHeap 'non-nmethods': size=5760Kb used=2397Kb max_used=2519Kb free=3362Kb
 bounds [0x0000028bec150000, 0x0000028bec3e0000, 0x0000028bec6f0000]
 total_blobs=10564 nmethods=9674 adapters=802
 compilation: enabled
              stopped_count=0, restarted_count=0
 full_count=0

Compilation events (20 events):
Event: 7.408 Thread 0x0000028bff879060 11325       2       java.io.ObjectStreamClass::isRecord (5 bytes)
Event: 7.408 Thread 0x0000028bff879060 nmethod 11325 0x0000028bed1b2790 code [0x0000028bed1b2940, 0x0000028bed1b2a98]
Event: 7.410 Thread 0x0000028bff879060 11327       2       org.gradle.internal.reflect.validation.ReplayingTypeValidationContext::replay (17 bytes)
Event: 7.411 Thread 0x0000028bff879060 nmethod 11327 0x0000028bed1b2210 code [0x0000028bed1b23c0, 0x0000028bed1b2618]
Event: 7.411 Thread 0x0000028bff879060 11328       2       org.gradle.internal.reflect.validation.ReplayingTypeValidationContext$$Lambda$603/0x000000080114a380::<init> (15 bytes)
Event: 7.411 Thread 0x0000028bff879060 nmethod 11328 0x0000028bed1b1e10 code [0x0000028bed1b1fa0, 0x0000028bed1b2138]
Event: 7.411 Thread 0x0000028bff879060 11329       2       org.gradle.internal.work.DefaultWorkerLeaseService$DefaultWorkerLease::doIsLockedByCurrentThread (23 bytes)
Event: 7.411 Thread 0x0000028bff879060 nmethod 11329 0x0000028bed1b1a90 code [0x0000028bed1b1c20, 0x0000028bed1b1d58]
Event: 7.418 Thread 0x0000028bff879060 11331       2       org.gradle.api.internal.artifacts.transform.CacheableInvocation::nonCached (9 bytes)
Event: 7.418 Thread 0x0000028bff879060 nmethod 11331 0x0000028bed1b1690 code [0x0000028bed1b1820, 0x0000028bed1b1998]
Event: 7.418 Thread 0x0000028bff879060 11332       2       org.gradle.api.internal.artifacts.transform.CacheableInvocation$3::<init> (10 bytes)
Event: 7.418 Thread 0x0000028bff879060 nmethod 11332 0x0000028bed1b1310 code [0x0000028bed1b14a0, 0x0000028bed1b15d8]
Event: 7.419 Thread 0x0000028bff879060 11333       2       org.gradle.api.internal.artifacts.transform.CacheableInvocation$$Lambda$995/0x0000000801501d80::get (14 bytes)
Event: 7.419 Thread 0x0000028bff879060 nmethod 11333 0x0000028bed1b0f90 code [0x0000028bed1b1120, 0x0000028bed1b1248]
Event: 7.419 Thread 0x0000028bff879060 11334       2       org.gradle.api.internal.artifacts.transform.CacheableInvocation$$Lambda$1005/0x0000000801502e80::<init> (15 bytes)
Event: 7.420 Thread 0x0000028bff879060 nmethod 11334 0x0000028bed1b0b90 code [0x0000028bed1b0d20, 0x0000028bed1b0eb8]
Event: 7.420 Thread 0x0000028bff879060 11335       2       org.gradle.api.internal.artifacts.transform.CacheableInvocation::lambda$flatMap$4 (11 bytes)
Event: 7.420 Thread 0x0000028bff879060 nmethod 11335 0x0000028bed1b0590 code [0x0000028bed1b0740, 0x0000028bed1b0a08]
Event: 7.421 Thread 0x0000028bff879060 11336       2       org.gradle.api.internal.tasks.properties.DefaultTypeMetadataStore$DefaultTypeMetadata::visitValidationFailures (10 bytes)
Event: 7.421 Thread 0x0000028bff879060 nmethod 11336 0x0000028bed1b0010 code [0x0000028bed1b01c0, 0x0000028bed1b0418]

GC Heap History (20 events):
Event: 5.294 GC heap after
{Heap after GC invocations=27 (full 0):
 garbage-first heap   total 119808K, used 65216K [0x0000000080000000, 0x0000000100000000)
  region size 1024K, 5 young (5120K), 5 survivors (5120K)
 Metaspace       used 68948K, capacity 70034K, committed 70320K, reserved 1110016K
  class space    used 9090K, capacity 9395K, committed 9472K, reserved 1048576K
}
Event: 5.666 GC heap before
{Heap before GC invocations=28 (full 0):
 garbage-first heap   total 119808K, used 96960K [0x0000000080000000, 0x0000000100000000)
  region size 1024K, 37 young (37888K), 5 survivors (5120K)
 Metaspace       used 72188K, capacity 73256K, committed 73520K, reserved 1114112K
  class space    used 9455K, capacity 9806K, committed 9856K, reserved 1048576K
}
Event: 5.672 GC heap after
{Heap after GC invocations=29 (full 0):
 garbage-first heap   total 144384K, used 70526K [0x0000000080000000, 0x0000000100000000)
  region size 1024K, 5 young (5120K), 5 survivors (5120K)
 Metaspace       used 72188K, capacity 73256K, committed 73520K, reserved 1114112K
  class space    used 9455K, capacity 9806K, committed 9856K, reserved 1048576K
}
Event: 5.918 GC heap before
{Heap before GC invocations=29 (full 0):
 garbage-first heap   total 144384K, used 113534K [0x0000000080000000, 0x0000000100000000)
  region size 1024K, 48 young (49152K), 5 survivors (5120K)
 Metaspace       used 73755K, capacity 74847K, committed 75184K, reserved 1114112K
  class space    used 9771K, capacity 10141K, committed 10240K, reserved 1048576K
}
Event: 5.923 GC heap after
{Heap after GC invocations=30 (full 0):
 garbage-first heap   total 144384K, used 74173K [0x0000000080000000, 0x0000000100000000)
  region size 1024K, 5 young (5120K), 5 survivors (5120K)
 Metaspace       used 73755K, capacity 74847K, committed 75184K, reserved 1114112K
  class space    used 9771K, capacity 10141K, committed 10240K, reserved 1048576K
}
Event: 6.065 GC heap before
{Heap before GC invocations=31 (full 0):
 garbage-first heap   total 153600K, used 113085K [0x0000000080000000, 0x0000000100000000)
  region size 1024K, 44 young (45056K), 5 survivors (5120K)
 Metaspace       used 74063K, capacity 75232K, committed 75440K, reserved 1114112K
  class space    used 9777K, capacity 10141K, committed 10240K, reserved 1048576K
}
Event: 6.068 GC heap after
{Heap after GC invocations=32 (full 0):
 garbage-first heap   total 153600K, used 76254K [0x0000000080000000, 0x0000000100000000)
  region size 1024K, 3 young (3072K), 3 survivors (3072K)
 Metaspace       used 74063K, capacity 75232K, committed 75440K, reserved 1114112K
  class space    used 9777K, capacity 10141K, committed 10240K, reserved 1048576K
}
Event: 6.220 GC heap before
{Heap before GC invocations=32 (full 0):
 garbage-first heap   total 153600K, used 107998K [0x0000000080000000, 0x0000000100000000)
  region size 1024K, 36 young (36864K), 3 survivors (3072K)
 Metaspace       used 74699K, capacity 75808K, committed 75952K, reserved 1116160K
  class space    used 9863K, capacity 10205K, committed 10240K, reserved 1048576K
}
Event: 6.222 GC heap after
{Heap after GC invocations=33 (full 0):
 garbage-first heap   total 153600K, used 78135K [0x0000000080000000, 0x0000000100000000)
  region size 1024K, 5 young (5120K), 5 survivors (5120K)
 Metaspace       used 74699K, capacity 75808K, committed 75952K, reserved 1116160K
  class space    used 9863K, capacity 10205K, committed 10240K, reserved 1048576K
}
Event: 6.495 GC heap before
{Heap before GC invocations=34 (full 0):
 garbage-first heap   total 153600K, used 127287K [0x0000000080000000, 0x0000000100000000)
  region size 1024K, 52 young (53248K), 5 survivors (5120K)
 Metaspace       used 75736K, capacity 76898K, committed 77104K, reserved 1116160K
  class space    used 9962K, capacity 10291K, committed 10368K, reserved 1048576K
}
Event: 6.503 GC heap after
{Heap after GC invocations=35 (full 0):
 garbage-first heap   total 184320K, used 95362K [0x0000000080000000, 0x0000000100000000)
  region size 1024K, 7 young (7168K), 7 survivors (7168K)
 Metaspace       used 75736K, capacity 76898K, committed 77104K, reserved 1116160K
  class space    used 9962K, capacity 10291K, committed 10368K, reserved 1048576K
}
Event: 6.769 GC heap before
{Heap before GC invocations=35 (full 0):
 garbage-first heap   total 184320K, used 132226K [0x0000000080000000, 0x0000000100000000)
  region size 1024K, 45 young (46080K), 7 survivors (7168K)
 Metaspace       used 77982K, capacity 79115K, committed 79408K, reserved 1118208K
  class space    used 10236K, capacity 10581K, committed 10624K, reserved 1048576K
}
Event: 6.777 GC heap after
{Heap after GC invocations=36 (full 0):
 garbage-first heap   total 184320K, used 104998K [0x0000000080000000, 0x0000000100000000)
  region size 1024K, 7 young (7168K), 7 survivors (7168K)
 Metaspace       used 77982K, capacity 79115K, committed 79408K, reserved 1118208K
  class space    used 10236K, capacity 10581K, committed 10624K, reserved 1048576K
}
Event: 7.032 GC heap before
{Heap before GC invocations=37 (full 0):
 garbage-first heap   total 193536K, used 159270K [0x0000000080000000, 0x0000000100000000)
  region size 1024K, 44 young (45056K), 7 survivors (7168K)
 Metaspace       used 79924K, capacity 81124K, committed 81328K, reserved 1120256K
  class space    used 10413K, capacity 10751K, committed 10752K, reserved 1048576K
}
Event: 7.039 GC heap after
{Heap after GC invocations=38 (full 0):
 garbage-first heap   total 193536K, used 107366K [0x0000000080000000, 0x0000000100000000)
  region size 1024K, 3 young (3072K), 3 survivors (3072K)
 Metaspace       used 79924K, capacity 81124K, committed 81328K, reserved 1120256K
  class space    used 10413K, capacity 10751K, committed 10752K, reserved 1048576K
}
Event: 7.260 GC heap before
{Heap before GC invocations=38 (full 0):
 garbage-first heap   total 193536K, used 150374K [0x0000000080000000, 0x0000000100000000)
  region size 1024K, 46 young (47104K), 3 survivors (3072K)
 Metaspace       used 81219K, capacity 82405K, committed 82608K, reserved 1120256K
  class space    used 10576K, capacity 10918K, committed 11008K, reserved 1048576K
}
Event: 7.263 GC heap after
{Heap after GC invocations=39 (full 0):
 garbage-first heap   total 193536K, used 108756K [0x0000000080000000, 0x0000000100000000)
  region size 1024K, 4 young (4096K), 4 survivors (4096K)
 Metaspace       used 81219K, capacity 82405K, committed 82608K, reserved 1120256K
  class space    used 10576K, capacity 10918K, committed 11008K, reserved 1048576K
}
Event: 7.412 GC heap before
{Heap before GC invocations=40 (full 0):
 garbage-first heap   total 222208K, used 152788K [0x0000000080000000, 0x0000000100000000)
  region size 1024K, 48 young (49152K), 4 survivors (4096K)
 Metaspace       used 81506K, capacity 82809K, committed 82864K, reserved 1122304K
  class space    used 10599K, capacity 10996K, committed 11008K, reserved 1048576K
}
Event: 7.417 GC heap after
{Heap after GC invocations=41 (full 0):
 garbage-first heap   total 222208K, used 111683K [0x0000000080000000, 0x0000000100000000)
  region size 1024K, 5 young (5120K), 5 survivors (5120K)
 Metaspace       used 81506K, capacity 82809K, committed 82864K, reserved 1122304K
  class space    used 10599K, capacity 10996K, committed 11008K, reserved 1048576K
}
Event: 7.423 GC heap before
{Heap before GC invocations=41 (full 0):
 garbage-first heap   total 222208K, used 115779K [0x0000000080000000, 0x0000000100000000)
  region size 1024K, 10 young (10240K), 5 survivors (5120K)
 Metaspace       used 81561K, capacity 82809K, committed 82864K, reserved 1122304K
  class space    used 10604K, capacity 10996K, committed 11008K, reserved 1048576K
}

Deoptimization events (20 events):
Event: 7.320 Thread 0x0000028b8755a5a0 DEOPT PACKING pc=0x0000028bed64f0a1 sp=0x000000e4af8fb660
Event: 7.320 Thread 0x0000028b8755a5a0 DEOPT UNPACKING pc=0x0000028bec19e23f sp=0x000000e4af8fab28 mode 0
Event: 7.322 Thread 0x0000028b8755da90 DEOPT PACKING pc=0x0000028bed64f0a1 sp=0x000000e4af9fbc50
Event: 7.322 Thread 0x0000028b8755da90 DEOPT UNPACKING pc=0x0000028bec19e23f sp=0x000000e4af9fb118 mode 0
Event: 7.326 Thread 0x0000028b8755c280 DEOPT PACKING pc=0x0000028bed64f0a1 sp=0x000000e4afafb750
Event: 7.326 Thread 0x0000028b8755c280 DEOPT UNPACKING pc=0x0000028bec19e23f sp=0x000000e4afafac18 mode 0
Event: 7.379 Thread 0x0000028b8ddb1700 Uncommon trap: trap_request=0xffffff45 fr.pc=0x0000028bf40eac08 relative=0x0000000000000d68
Event: 7.379 Thread 0x0000028b8ddb1700 Uncommon trap: reason=unstable_if action=reinterpret pc=0x0000028bf40eac08 method=org.gradle.internal.snapshot.VfsRelativePath.lengthOfCommonPrefix(Ljava/lang/String;Lorg/gradle/internal/snapshot/CaseSensitivity;)I @ 107 c2
Event: 7.379 Thread 0x0000028b8ddb1700 DEOPT PACKING pc=0x0000028bf40eac08 sp=0x000000e4b0ffbd70
Event: 7.379 Thread 0x0000028b8ddb1700 DEOPT UNPACKING pc=0x0000028bec19e42f sp=0x000000e4b0ffbcf8 mode 2
Event: 7.381 Thread 0x0000028b8ddb1700 DEOPT PACKING pc=0x0000028bed34e692 sp=0x000000e4b0ffbfd0
Event: 7.381 Thread 0x0000028b8ddb1700 DEOPT UNPACKING pc=0x0000028bec19e23f sp=0x000000e4b0ffb4d8 mode 0
Event: 7.390 Thread 0x0000028b8ddb1700 Uncommon trap: trap_request=0xffffffde fr.pc=0x0000028bf40ed2fc relative=0x00000000000003bc
Event: 7.390 Thread 0x0000028b8ddb1700 Uncommon trap: reason=class_check action=maybe_recompile pc=0x0000028bf40ed2fc method=java.util.Spliterators$IteratorSpliterator.tryAdvance(Ljava/util/function/Consumer;)Z @ 68 c2
Event: 7.390 Thread 0x0000028b8ddb1700 DEOPT PACKING pc=0x0000028bf40ed2fc sp=0x000000e4b0ffbef0
Event: 7.390 Thread 0x0000028b8ddb1700 DEOPT UNPACKING pc=0x0000028bec19e42f sp=0x000000e4b0ffbe88 mode 2
Event: 7.398 Thread 0x0000028b8ddb1700 Uncommon trap: trap_request=0xffffff45 fr.pc=0x0000028bf3df6adc relative=0x0000000000000a9c
Event: 7.398 Thread 0x0000028b8ddb1700 Uncommon trap: reason=unstable_if action=reinterpret pc=0x0000028bf3df6adc method=java.lang.Integer.stringSize(I)I @ 19 c2
Event: 7.398 Thread 0x0000028b8ddb1700 DEOPT PACKING pc=0x0000028bf3df6adc sp=0x000000e4b0ff9f60
Event: 7.398 Thread 0x0000028b8ddb1700 DEOPT UNPACKING pc=0x0000028bec19e42f sp=0x000000e4b0ff9e60 mode 2

Classes unloaded (10 events):
Event: 6.271 Thread 0x0000028bfef53a70 Unloading class 0x00000008014c2040 'java/lang/invoke/LambdaForm$DMH+0x00000008014c2040'
Event: 6.271 Thread 0x0000028bfef53a70 Unloading class 0x00000008014c2c40 'java/lang/invoke/LambdaForm$DMH+0x00000008014c2c40'
Event: 6.271 Thread 0x0000028bfef53a70 Unloading class 0x00000008014c2840 'java/lang/invoke/LambdaForm$DMH+0x00000008014c2840'
Event: 6.271 Thread 0x0000028bfef53a70 Unloading class 0x00000008014c3440 'java/lang/invoke/LambdaForm$DMH+0x00000008014c3440'
Event: 6.271 Thread 0x0000028bfef53a70 Unloading class 0x00000008014c3040 'java/lang/invoke/LambdaForm$DMH+0x00000008014c3040'
Event: 6.271 Thread 0x0000028bfef53a70 Unloading class 0x00000008014c3c40 'java/lang/invoke/LambdaForm$DMH+0x00000008014c3c40'
Event: 6.271 Thread 0x0000028bfef53a70 Unloading class 0x00000008014c3840 'java/lang/invoke/LambdaForm$DMH+0x00000008014c3840'
Event: 6.271 Thread 0x0000028bfef53a70 Unloading class 0x00000008014c4440 'java/lang/invoke/LambdaForm$DMH+0x00000008014c4440'
Event: 6.271 Thread 0x0000028bfef53a70 Unloading class 0x00000008014c4040 'java/lang/invoke/LambdaForm$DMH+0x00000008014c4040'
Event: 6.271 Thread 0x0000028bfef53a70 Unloading class 0x00000008014c4c40 'java/lang/invoke/LambdaForm$DMH+0x00000008014c4c40'

Classes redefined (0 events):
No events

Internal exceptions (20 events):
Event: 5.869 Thread 0x0000028b879b82a0 Exception <a 'java/lang/NoSuchMethodError'{0x00000000870e5688}: 'void java.lang.invoke.DirectMethodHandle$Holder.invokeVirtual(java.lang.Object, java.lang.Object)'> (0x00000000870e5688) 
thrown [./open/src/hotspot/share/interpreter/linkResolver.cpp, line 782]
Event: 6.053 Thread 0x0000028b8ddafa20 Exception <a 'java/lang/IncompatibleClassChangeError'{0x000000008757bc78}: Found class java.lang.Object, but interface was expected> (0x000000008757bc78) 
thrown [./open/src/hotspot/share/interpreter/linkResolver.cpp, line 848]
Event: 6.333 Thread 0x0000028b8ddafa20 Implicit null exception at 0x0000028bf3f413e4 to 0x0000028bf3f41618
Event: 6.580 Thread 0x0000028b8ddafa20 Exception <a 'java/lang/NoSuchMethodError'{0x000000008aa2c5c0}: 'java.lang.Object java.lang.invoke.Invokers$Holder.invoke_MT(java.lang.Object, java.lang.Object, java.lang.Object)'> (0x000000008aa2c5c0) 
thrown [./open/src/hotspot/share/interpreter/linkResolver.cpp, line 782]
Event: 6.625 Thread 0x0000028b8ddafa20 Implicit null exception at 0x0000028bf3ff4049 to 0x0000028bf3ff5f00
Event: 6.901 Thread 0x0000028b8ddafa20 Exception <a 'java/lang/NoSuchMethodError'{0x000000008bae60a8}: static Ljava/lang/Object;.<clinit>()V> (0x000000008bae60a8) 
thrown [./open/src/hotspot/share/prims/jni.cpp, line 1204]
Event: 6.906 Thread 0x0000028b8ddafa20 Exception <a 'java/lang/NoSuchMethodError'{0x000000008b9492b8}: static [Ljava/lang/Object;.<clinit>()V> (0x000000008b9492b8) 
thrown [./open/src/hotspot/share/prims/jni.cpp, line 1204]
Event: 6.908 Thread 0x0000028b8ddafa20 Exception <a 'java/lang/NoSuchMethodError'{0x000000008b96e540}: static Lkotlin/InitializedLazyImpl;.<clinit>()V> (0x000000008b96e540) 
thrown [./open/src/hotspot/share/prims/jni.cpp, line 1204]
Event: 7.096 Thread 0x0000028b8ddafa20 Exception <a 'java/lang/NoSuchMethodError'{0x000000008b0e0ce0}: 'void java.lang.invoke.DirectMethodHandle$Holder.invokeStatic(java.lang.Object, java.lang.Object, java.lang.Object, java.lang.Object, java.lang.Object, java.lang.Object, java.lang.Object)'> (0x000000008b0e0ce0) 
thrown [./open/src/hotspot/share/interpreter/linkResolver.cpp, line 782]
Event: 7.155 Thread 0x0000028b8ddb1700 Exception <a 'java/lang/NoSuchMethodError'{0x00000000899adb80}: 'int java.lang.invoke.DirectMethodHandle$Holder.invokeSpecial(java.lang.Object, java.lang.Object, java.lang.Object, java.lang.Object, java.lang.Object)'> (0x00000000899adb80) 
thrown [./open/src/hotspot/share/interpreter/linkResolver.cpp, line 782]
Event: 7.384 Thread 0x0000028b8ddb1700 Exception <a 'java/lang/NoSuchMethodError'{0x000000008c6eea58}: static Lcom/android/build/gradle/internal/scope/InternalArtifactType;.<clinit>()V> (0x000000008c6eea58) 
thrown [./open/src/hotspot/share/prims/jni.cpp, line 1204]
Event: 7.385 Thread 0x0000028b8ddb1700 Exception <a 'java/lang/NoSuchMethodError'{0x000000008c6efdd0}: static Lcom/android/build/gradle/internal/scope/InternalArtifactType;.<clinit>()V> (0x000000008c6efdd0) 
thrown [./open/src/hotspot/share/prims/jni.cpp, line 1204]
Event: 7.385 Thread 0x0000028b8ddb1700 Exception <a 'java/lang/NoSuchMethodError'{0x000000008c6f2560}: static Lcom/android/build/api/artifact/Artifact$Single;.<clinit>()V> (0x000000008c6f2560) 
thrown [./open/src/hotspot/share/prims/jni.cpp, line 1204]
Event: 7.385 Thread 0x0000028b8ddb1700 Exception <a 'java/lang/NoSuchMethodError'{0x000000008c6f5068}: static Ljava/lang/Object;.<clinit>()V> (0x000000008c6f5068) 
thrown [./open/src/hotspot/share/prims/jni.cpp, line 1204]
Event: 7.386 Thread 0x0000028b8ddb1700 Exception <a 'java/lang/NoSuchMethodError'{0x000000008c50c218}: static Lcom/android/build/api/artifact/ArtifactKind;.<clinit>()V> (0x000000008c50c218) 
thrown [./open/src/hotspot/share/prims/jni.cpp, line 1204]
Event: 7.386 Thread 0x0000028b8ddb1700 Exception <a 'java/lang/NoSuchMethodError'{0x000000008c50d738}: static Lcom/android/build/api/artifact/ArtifactKind;.<clinit>()V> (0x000000008c50d738) 
thrown [./open/src/hotspot/share/prims/jni.cpp, line 1204]
Event: 7.399 Thread 0x0000028b8ddb1700 Exception <a 'java/lang/NoSuchMethodError'{0x000000008c48e218}: static Lcom/android/builder/internal/aapt/AaptOptions;.<clinit>()V> (0x000000008c48e218) 
thrown [./open/src/hotspot/share/prims/jni.cpp, line 1204]
Event: 7.400 Thread 0x0000028b8ddb1700 Exception <a 'java/lang/NoSuchMethodError'{0x000000008c4a1c98}: static Ljava/lang/Object;.<clinit>()V> (0x000000008c4a1c98) 
thrown [./open/src/hotspot/share/prims/jni.cpp, line 1204]
Event: 7.401 Thread 0x0000028b8ddb1700 Exception <a 'java/lang/NoSuchMethodError'{0x000000008c4c8e38}: static Lcom/android/build/api/variant/impl/VariantOutputImpl$SerializedForm;.<clinit>()V> (0x000000008c4c8e38) 
thrown [./open/src/hotspot/share/prims/jni.cpp, line 1204]
Event: 7.402 Thread 0x0000028b8ddb1700 Exception <a 'java/lang/NoSuchMethodError'{0x000000008c4db548}: static Lcom/android/build/api/variant/impl/VariantOutputConfigurationImpl;.<clinit>()V> (0x000000008c4db548) 
thrown [./open/src/hotspot/share/prims/jni.cpp, line 1204]

Events (20 events):
Event: 7.263 Executing VM operation: G1CollectForAllocation done
Event: 7.274 Executing VM operation: HandshakeAllThreads
Event: 7.274 Executing VM operation: HandshakeAllThreads done
Event: 7.328 Executing VM operation: G1Concurrent
Event: 7.331 Executing VM operation: G1Concurrent done
Event: 7.331 Executing VM operation: HandshakeAllThreads
Event: 7.331 Executing VM operation: HandshakeAllThreads done
Event: 7.373 Executing VM operation: G1Concurrent
Event: 7.374 Executing VM operation: G1Concurrent done
Event: 7.374 Executing VM operation: HandshakeAllThreads
Event: 7.374 Executing VM operation: HandshakeAllThreads done
Event: 7.376 Loaded shared library C:\Program Files\Java\jdk-15.0.2\bin\nio.dll
Event: 7.403 Thread 0x0000028b8ddb33e0 Thread added: 0x0000028b8ddb33e0
Event: 7.412 Executing VM operation: G1CollectForAllocation
Event: 7.417 Executing VM operation: G1CollectForAllocation done
Event: 7.417 Executing VM operation: HandshakeAllThreads
Event: 7.417 Executing VM operation: HandshakeAllThreads done
Event: 7.420 loading class jdk/internal/reflect/UnsafeQualifiedIntegerFieldAccessorImpl
Event: 7.420 loading class jdk/internal/reflect/UnsafeQualifiedIntegerFieldAccessorImpl done
Event: 7.423 Executing VM operation: G1CollectForAllocation


Dynamic libraries:
0x00007ff775c90000 - 0x00007ff775c9f000 	C:\Program Files\Java\jdk-15.0.2\bin\java.exe
0x00007ffe3c2c0000 - 0x00007ffe3c4c9000 	C:\WINDOWS\SYSTEM32\ntdll.dll
0x00007ffe3b630000 - 0x00007ffe3b6ed000 	C:\WINDOWS\System32\KERNEL32.DLL
0x00007ffe39ab0000 - 0x00007ffe39e24000 	C:\WINDOWS\System32\KERNELBASE.dll
0x00007ffe397b0000 - 0x00007ffe398c1000 	C:\WINDOWS\System32\ucrtbase.dll
0x00007ffe36a00000 - 0x00007ffe36a19000 	C:\Program Files\Java\jdk-15.0.2\bin\VCRUNTIME140.dll
0x00007ffe369e0000 - 0x00007ffe369f8000 	C:\Program Files\Java\jdk-15.0.2\bin\jli.dll
0x00007ffe3b030000 - 0x00007ffe3b0de000 	C:\WINDOWS\System32\ADVAPI32.dll
0x00007ffe3bf50000 - 0x00007ffe3bff3000 	C:\WINDOWS\System32\msvcrt.dll
0x00007ffe3b140000 - 0x00007ffe3b1de000 	C:\WINDOWS\System32\sechost.dll
0x00007ffe3c0f0000 - 0x00007ffe3c210000 	C:\WINDOWS\System32\RPCRT4.dll
0x00007ffe3b480000 - 0x00007ffe3b62c000 	C:\WINDOWS\System32\USER32.dll
0x00007ffe1a9f0000 - 0x00007ffe1ac95000 	C:\WINDOWS\WinSxS\amd64_microsoft.windows.common-controls_6595b64144ccf1df_6.0.22000.120_none_9d947278b86cc467\COMCTL32.dll
0x00007ffe3a010000 - 0x00007ffe3a036000 	C:\WINDOWS\System32\win32u.dll
0x00007ffe3b2f0000 - 0x00007ffe3b319000 	C:\WINDOWS\System32\GDI32.dll
0x00007ffe3a040000 - 0x00007ffe3a152000 	C:\WINDOWS\System32\gdi32full.dll
0x00007ffe398d0000 - 0x00007ffe3996d000 	C:\WINDOWS\System32\msvcp_win.dll
0x00007ffe34aa0000 - 0x00007ffe34aaa000 	C:\WINDOWS\SYSTEM32\VERSION.dll
0x00007ffe3a4f0000 - 0x00007ffe3a521000 	C:\WINDOWS\System32\IMM32.DLL
0x00007ffe369d0000 - 0x00007ffe369dc000 	C:\Program Files\Java\jdk-15.0.2\bin\vcruntime140_1.dll
0x00007ffe36930000 - 0x00007ffe369c1000 	C:\Program Files\Java\jdk-15.0.2\bin\msvcp140.dll
0x00007ffdc4b10000 - 0x00007ffdc566e000 	C:\Program Files\Java\jdk-15.0.2\bin\server\jvm.dll
0x00007ffe3a160000 - 0x00007ffe3a168000 	C:\WINDOWS\System32\PSAPI.DLL
0x00007ffe29d70000 - 0x00007ffe29d79000 	C:\WINDOWS\SYSTEM32\WSOCK32.dll
0x00007ffe2b380000 - 0x00007ffe2b3b3000 	C:\WINDOWS\SYSTEM32\WINMM.dll
0x00007ffe3bba0000 - 0x00007ffe3bc0f000 	C:\WINDOWS\System32\WS2_32.dll
0x00007ffe389a0000 - 0x00007ffe389b8000 	C:\WINDOWS\SYSTEM32\kernel.appcore.dll
0x00007ffe36920000 - 0x00007ffe3692a000 	C:\Program Files\Java\jdk-15.0.2\bin\jimage.dll
0x00007ffe281b0000 - 0x00007ffe283d1000 	C:\WINDOWS\SYSTEM32\DBGHELP.DLL
0x00007ffe25790000 - 0x00007ffe257c1000 	C:\WINDOWS\SYSTEM32\dbgcore.DLL
0x00007ffe39a30000 - 0x00007ffe39aaf000 	C:\WINDOWS\System32\bcryptPrimitives.dll
0x00007ffe368f0000 - 0x00007ffe36915000 	C:\Program Files\Java\jdk-15.0.2\bin\java.dll
0x00007ffe3a530000 - 0x00007ffe3acde000 	C:\WINDOWS\System32\SHELL32.dll
0x00007ffe37930000 - 0x00007ffe38197000 	C:\WINDOWS\SYSTEM32\windows.storage.dll
0x00007ffe3a170000 - 0x00007ffe3a4e8000 	C:\WINDOWS\System32\combase.dll
0x00007ffe377c0000 - 0x00007ffe37926000 	C:\WINDOWS\SYSTEM32\wintypes.dll
0x00007ffe3b320000 - 0x00007ffe3b40a000 	C:\WINDOWS\System32\SHCORE.dll
0x00007ffe3b200000 - 0x00007ffe3b25d000 	C:\WINDOWS\System32\shlwapi.dll
0x00007ffe396e0000 - 0x00007ffe39701000 	C:\WINDOWS\SYSTEM32\profapi.dll
0x00007ffe368d0000 - 0x00007ffe368e9000 	C:\Program Files\Java\jdk-15.0.2\bin\net.dll
0x00007ffe34900000 - 0x00007ffe34a0c000 	C:\WINDOWS\SYSTEM32\WINHTTP.dll
0x00007ffe38dd0000 - 0x00007ffe38e37000 	C:\WINDOWS\system32\mswsock.dll
0x00007ffe368b0000 - 0x00007ffe368c2000 	C:\Program Files\Java\jdk-15.0.2\bin\nio.dll
0x00007ffe36890000 - 0x00007ffe368a8000 	C:\Program Files\Java\jdk-15.0.2\bin\zip.dll
0x00007ffe36750000 - 0x00007ffe36760000 	C:\Program Files\Java\jdk-15.0.2\bin\verify.dll
0x00007ffe355a0000 - 0x00007ffe355c7000 	D:\aa\native\8bec1ad78214c89d9ad589b4d07fe93259594b29d510b10fafb7a158f7737e5d\windows-amd64\native-platform.dll
0x00007ffe24220000 - 0x00007ffe2435d000 	D:\aa\native\53dbd7edfb1c66fb8903c78663c9afc45aea4f116125fa6feffd364cf09443e8\windows-amd64\native-platform-file-events.dll
0x00007ffe36740000 - 0x00007ffe36749000 	C:\Program Files\Java\jdk-15.0.2\bin\management.dll
0x00007ffe36730000 - 0x00007ffe3673b000 	C:\Program Files\Java\jdk-15.0.2\bin\management_ext.dll
0x00007ffe39010000 - 0x00007ffe39028000 	C:\WINDOWS\SYSTEM32\CRYPTSP.dll
0x00007ffe38900000 - 0x00007ffe38935000 	C:\WINDOWS\system32\rsaenh.dll
0x00007ffe38ec0000 - 0x00007ffe38ee9000 	C:\WINDOWS\SYSTEM32\USERENV.dll
0x00007ffe39190000 - 0x00007ffe391b7000 	C:\WINDOWS\SYSTEM32\bcrypt.dll
0x00007ffe39030000 - 0x00007ffe3903c000 	C:\WINDOWS\SYSTEM32\CRYPTBASE.dll
0x00007ffe384d0000 - 0x00007ffe384fd000 	C:\WINDOWS\SYSTEM32\IPHLPAPI.DLL
0x00007ffe3c210000 - 0x00007ffe3c219000 	C:\WINDOWS\System32\NSI.dll
0x00007ffe34740000 - 0x00007ffe34759000 	C:\WINDOWS\SYSTEM32\dhcpcsvc6.DLL
0x00007ffe34c40000 - 0x00007ffe34c5e000 	C:\WINDOWS\SYSTEM32\dhcpcsvc.DLL
0x00007ffe38500000 - 0x00007ffe385e7000 	C:\WINDOWS\SYSTEM32\DNSAPI.dll

dbghelp: loaded successfully - version: 4.0.5 - missing functions: none
symbol engine: initialized successfully - sym options: 0x614 - pdb path: .;C:\Program Files\Java\jdk-15.0.2\bin;C:\WINDOWS\SYSTEM32;C:\WINDOWS\WinSxS\amd64_microsoft.windows.common-controls_6595b64144ccf1df_6.0.22000.120_none_9d947278b86cc467;C:\Program Files\Java\jdk-15.0.2\bin\server;D:\aa\native\8bec1ad78214c89d9ad589b4d07fe93259594b29d510b10fafb7a158f7737e5d\windows-amd64;D:\aa\native\53dbd7edfb1c66fb8903c78663c9afc45aea4f116125fa6feffd364cf09443e8\windows-amd64

VM Arguments:
jvm_args: --add-opens=java.base/java.util=ALL-UNNAMED --add-opens=java.base/java.lang=ALL-UNNAMED --add-opens=java.base/java.lang.invoke=ALL-UNNAMED --add-opens=java.base/java.util=ALL-UNNAMED --add-opens=java.prefs/java.util.prefs=ALL-UNNAMED --add-opens=java.prefs/java.util.prefs=ALL-UNNAMED --add-opens=java.base/java.nio.charset=ALL-UNNAMED --add-opens=java.base/java.net=ALL-UNNAMED --add-opens=java.base/java.util.concurrent.atomic=ALL-UNNAMED -Xmx2048m -Dfile.encoding=UTF-8 -Duser.country=IN -Duser.language=en -Duser.variant 
java_command: org.gradle.launcher.daemon.bootstrap.GradleDaemon 7.0.2
java_class_path (initial): D:\aa\wrapper\dists\gradle-7.0.2-bin\857tjihv64xamwrf0h14cai3r\gradle-7.0.2\lib\gradle-launcher-7.0.2.jar
Launcher Type: SUN_STANDARD

[Global flags]
     intx CICompilerCount                          = 4                                         {product} {ergonomic}
     uint ConcGCThreads                            = 3                                         {product} {ergonomic}
     uint G1ConcRefinementThreads                  = 10                                        {product} {ergonomic}
   size_t G1HeapRegionSize                         = 1048576                                   {product} {ergonomic}
    uintx GCDrainStackTargetSize                   = 64                                        {product} {ergonomic}
   size_t InitialHeapSize                          = 266338304                                 {product} {ergonomic}
   size_t MarkStackSize                            = 4194304                                   {product} {ergonomic}
   size_t MaxHeapSize                              = 2147483648                                {product} {command line}
   size_t MaxNewSize                               = 1287651328                                {product} {ergonomic}
   size_t MinHeapDeltaBytes                        = 1048576                                   {product} {ergonomic}
   size_t MinHeapSize                              = 8388608                                   {product} {ergonomic}
    uintx NonNMethodCodeHeapSize                   = 5839372                                {pd product} {ergonomic}
    uintx NonProfiledCodeHeapSize                  = 122909434                              {pd product} {ergonomic}
    uintx ProfiledCodeHeapSize                     = 122909434                              {pd product} {ergonomic}
    uintx ReservedCodeCacheSize                    = 251658240                              {pd product} {ergonomic}
     bool SegmentedCodeCache                       = true                                      {product} {ergonomic}
   size_t SoftMaxHeapSize                          = 2147483648                             {manageable} {ergonomic}
     bool UseCompressedClassPointers               = true                                 {lp64_product} {ergonomic}
     bool UseCompressedOops                        = true                                 {lp64_product} {ergonomic}
     bool UseG1GC                                  = true                                      {product} {ergonomic}
     bool UseLargePagesIndividualAllocation        = false                                  {pd product} {ergonomic}

Logging:
Log output configuration:
 #0: stdout all=warning uptime,level,tags
 #1: stderr all=off uptime,level,tags

Environment Variables:
JAVA_HOME=C:\Program Files\Java\jdk-15.0.2
PATH=C:\MinGW;C:\MinGW\bin;C:\Program Files\Java\jdk-15.0.2\bin;C:\Program Files\Common Files\Oracle\Java\javapath;C:\Windows\system32;C:\Windows;C:\Windows\System32\Wbem;C:\Windows\System32\WindowsPowerShell\v1.0\;C:\Windows\System32\OpenSSH\;C:\Program Files (x86)\NVIDIA Corporation\PhysX\Common;C:\Program Files\NVIDIA Corporation\NVIDIA NvDLISR;C:\WINDOWS\system32;C:\WINDOWS;C:\WINDOWS\System32\Wbem;C:\WINDOWS\System32\WindowsPowerShell\v1.0\;C:\WINDOWS\System32\OpenSSH\;C:\Program Files\Git\cmd;C:\Program Files\dotnet\;C:\Users\Deepak\Desktop\gradle1\gradle-7.0.1\bin;C:\Users\Deepak\Desktop\gradle1\gradle-7.0.1;C:\Program Files\nodejs;C:\Program Files\Google\Google Apps Sync\;C:\Program Files\Google\Google Apps Migration\;C:\Program Files\Microsoft SQL Server\150\Tools\Binn\;C:\Program Files\Microsoft SQL Server\Client SDK\ODBC\170\Tools\Binn\;C:\Program Files\MySQL\MySQL Router 8.0\bin;C:\Program Files (x86)\Microsoft SQL Server\150\Tools\Binn\;C:\Program Files\Microsoft SQL Server\150\DTS\Binn\;C:\Program Files (x86)\Microsoft SQL Server\150\DTS\Binn\;C:\Program Files\Azure Data Studio\bin;C:\Users\Deepak\anaconda3;C:\Users\Deepak\anaconda3\Library\mingw-w64\bin;C:\Users\Deepak\anaconda3\Library\usr\bin;C:\Users\Deepak\anaconda3\Library\bin;C:\Users\Deepak\anaconda3\Scripts;C:\Program Files\MySQL\MySQL Shell 8.0\bin\;C:\src\flutter\flutter\bin;C:\Users\Deepak\AppData\Local\Programs\Python\Python39\Scripts\;C:\Users\Deepak\AppData\Local\Programs\Python\Python39\;C:\Program Files\Java\jdk-15.0.2\bin;C:\Program Files\JetBrains\IntelliJ IDEA 2020.3.2\bin;;C:\Users\Deepak\AppData\Local\Microsoft\WindowsApps;C:\Users\Deepak\AppData\Local\Programs\Microsoft VS Code\bin;C:\Users\Deepak\AppData\Local\Programs\radare2\bin;C:\Modeltech_eval_6.2c\win32;C:\Modeltech_6.2c\win32;C:\Program Files\JetBrains\IntelliJ IDEA Community Edition 2021.1.2\bin;;C:\Program Files\JetBrains\PyCharm Community Edition 2021.1.2\bin;;C:\Users\Deepak\AppData\Roaming\npm;C:\Users\Deepak\AppData\Lo
USERNAME=Deepak
OS=Windows_NT
PROCESSOR_IDENTIFIER=Intel64 Family 6 Model 158 Stepping 10, GenuineIntel



---------------  S Y S T E M  ---------------

OS:
 Windows 10 , 64 bit Build 22000 (10.0.22000.434)
OS uptime: 1 days 19:43 hours

CPU: total 12 (initial active 12) (6 cores per cpu, 2 threads per core) family 6 model 158 stepping 10 microcode 0xde, cmov, cx8, fxsr, mmx, sse, sse2, sse3, ssse3, sse4.1, sse4.2, popcnt, vzeroupper, avx, avx2, aes, clmul, erms, 3dnowpref, lzcnt, ht, tsc, tscinvbit, bmi1, bmi2, adx, fma, clflush, clflushopt

Memory: 4k page, system-wide physical 16225M (2498M free)
TotalPageFile size 16225M (AvailPageFile size 18M)
current process WorkingSet (physical memory assigned to process): 479M, peak: 479M
current process commit charge ("private bytes"): 528M, peak: 565M

vm_info: Java HotSpot(TM) 64-Bit Server VM (15.0.2+7-27) for windows-amd64 JRE (15.0.2+7-27), built on Dec  7 2020 20:07:01 by "mach5one" with unknown MS VC++:1925

END.
