#
# There is insufficient memory for the Java Runtime Environment to continue.
# Native memory allocation (malloc) failed to allocate 1245296 bytes for Chunk::new
# Possible reasons:
#   The system is out of physical RAM or swap space
#   The process is running with CompressedOops enabled, and the Java Heap may be blocking the growth of the native heap
# Possible solutions:
#   Reduce memory load on the system
#   Increase physical memory or swap space
#   Check if swap backing store is full
#   Decrease Java heap size (-Xmx/-Xms)
#   Decrease number of Java threads
#   Decrease Java thread stack sizes (-Xss)
#   Set larger code cache with -XX:ReservedCodeCacheSize=
#   JVM is running with Unscaled Compressed Oops mode in which the Java heap is
#     placed in the first 4GB address space. The Java Heap base address is the
#     maximum limit for the native heap growth. Please use -XX:HeapBaseMinAddress
#     to set the Java Heap base and to place the Java Heap above 4GB virtual address.
# This output file may be truncated or incomplete.
#
#  Out of Memory Error (./src/hotspot/share/memory/arena.cpp:197), pid=3748, tid=19272
#
# JRE version: OpenJDK Runtime Environment (11.0.10) (build 11.0.10+0-b96-7249189)
# Java VM: OpenJDK 64-Bit Server VM (11.0.10+0-b96-7249189, mixed mode, tiered, compressed oops, g1 gc, windows-amd64)
# No core dump will be written. Minidumps are not enabled by default on client versions of Windows
#

---------------  S U M M A R Y ------------

Command Line: --add-opens=java.base/java.util=ALL-UNNAMED --add-opens=java.base/java.lang=ALL-UNNAMED --add-opens=java.base/java.lang.invoke=ALL-UNNAMED --add-opens=java.base/java.util=ALL-UNNAMED --add-opens=java.prefs/java.util.prefs=ALL-UNNAMED --add-opens=java.prefs/java.util.prefs=ALL-UNNAMED --add-opens=java.base/java.nio.charset=ALL-UNNAMED --add-opens=java.base/java.net=ALL-UNNAMED --add-opens=java.base/java.util.concurrent.atomic=ALL-UNNAMED -Xmx2048m -Dfile.encoding=UTF-8 -Duser.country=IN -Duser.language=en -Duser.variant org.gradle.launcher.daemon.bootstrap.GradleDaemon 7.0.2

Host: Intel(R) Core(TM) i7-9750H CPU @ 2.60GHz, 12 cores, 15G,  Windows 10 , 64 bit Build 22000 (10.0.22000.434)
Time: Wed Jan 26 17:32:42 2022 India Standard Time elapsed time: 504.378811 seconds (0d 0h 8m 24s)

---------------  T H R E A D  ---------------

Current thread (0x000001f5840a1000):  JavaThread "C2 CompilerThread0" daemon [_thread_in_native, id=19272, stack(0x0000007a44e00000,0x0000007a44f00000)]


Current CompileTask:
C2: 504378 16196       4       java.text.SimpleDateFormat::subFormat (1260 bytes)

Stack: [0x0000007a44e00000,0x0000007a44f00000]
Native frames: (J=compiled Java code, j=interpreted, Vv=VM code, C=native code)
V  [jvm.dll+0x5ecfaa]
V  [jvm.dll+0x722bd5]
V  [jvm.dll+0x72412d]
V  [jvm.dll+0x7247e3]
V  [jvm.dll+0x242928]
V  [jvm.dll+0xbc4fc]
V  [jvm.dll+0xbca0c]
V  [jvm.dll+0x352d3b]
V  [jvm.dll+0x197e0c]
V  [jvm.dll+0x1fb70e]
V  [jvm.dll+0x1fa7f4]
V  [jvm.dll+0x18354c]
V  [jvm.dll+0x208ee7]
V  [jvm.dll+0x207731]
V  [jvm.dll+0x6eb1cf]
V  [jvm.dll+0x6e3d45]
V  [jvm.dll+0x5ebe96]
C  [ucrtbase.dll+0x26c0c]
C  [KERNEL32.DLL+0x154e0]
C  [ntdll.dll+0x485b]


---------------  P R O C E S S  ---------------

Threads class SMR info:
_java_thread_list=0x000001f58da07880, length=62, elements={
0x000001f5e6b90000, 0x000001f58403c800, 0x000001f58403f800, 0x000001f58409b800,
0x000001f58409c800, 0x000001f58409d800, 0x000001f5840a1000, 0x000001f5840a2800,
0x000001f5840a7800, 0x000001f584207000, 0x000001f585a27000, 0x000001f58690d000,
0x000001f58451f800, 0x000001f585d46800, 0x000001f585d43800, 0x000001f585d47800,
0x000001f585d48800, 0x000001f585d42800, 0x000001f585d49000, 0x000001f5891b9000,
0x000001f5891b4000, 0x000001f5891b6000, 0x000001f5891b3800, 0x000001f5891b6800,
0x000001f5891ba800, 0x000001f5891b5000, 0x000001f5891b8000, 0x000001f5891bc800,
0x000001f5891ba000, 0x000001f5891bb800, 0x000001f5891be000, 0x000001f5891c1000,
0x000001f589c8d800, 0x000001f589c87800, 0x000001f589c81000, 0x000001f589c82800,
0x000001f586279000, 0x000001f58627a000, 0x000001f58627b800, 0x000001f58627c000,
0x000001f586277800, 0x000001f58627f800, 0x000001f58627e800, 0x000001f586280800,
0x000001f586281000, 0x000001f586282000, 0x000001f586283000, 0x000001f58627d000,
0x000001f594f14000, 0x000001f589f03000, 0x000001f586283800, 0x000001f58627e000,
0x000001f586284800, 0x000001f586285000, 0x000001f586286000, 0x000001f589c80800,
0x000001f589c83800, 0x000001f589c82000, 0x000001f589c86000, 0x000001f589c87000,
0x000001f589c89800, 0x000001f589c8a000
}

Java Threads: ( => current thread )
  0x000001f5e6b90000 JavaThread "main" [_thread_blocked, id=13280, stack(0x0000007a44200000,0x0000007a44300000)]
  0x000001f58403c800 JavaThread "Reference Handler" daemon [_thread_blocked, id=6476, stack(0x0000007a44900000,0x0000007a44a00000)]
  0x000001f58403f800 JavaThread "Finalizer" daemon [_thread_blocked, id=3868, stack(0x0000007a44a00000,0x0000007a44b00000)]
  0x000001f58409b800 JavaThread "Signal Dispatcher" daemon [_thread_blocked, id=18768, stack(0x0000007a44b00000,0x0000007a44c00000)]
  0x000001f58409c800 JavaThread "Attach Listener" daemon [_thread_blocked, id=14300, stack(0x0000007a44c00000,0x0000007a44d00000)]
  0x000001f58409d800 JavaThread "Service Thread" daemon [_thread_blocked, id=17704, stack(0x0000007a44d00000,0x0000007a44e00000)]
=>0x000001f5840a1000 JavaThread "C2 CompilerThread0" daemon [_thread_in_native, id=19272, stack(0x0000007a44e00000,0x0000007a44f00000)]
  0x000001f5840a2800 JavaThread "C1 CompilerThread0" daemon [_thread_in_native, id=6412, stack(0x0000007a44f00000,0x0000007a45000000)]
  0x000001f5840a7800 JavaThread "Sweeper thread" daemon [_thread_blocked, id=9960, stack(0x0000007a45000000,0x0000007a45100000)]
  0x000001f584207000 JavaThread "Common-Cleaner" daemon [_thread_blocked, id=8764, stack(0x0000007a45100000,0x0000007a45200000)]
  0x000001f585a27000 JavaThread "Daemon health stats" [_thread_blocked, id=7904, stack(0x0000007a45a00000,0x0000007a45b00000)]
  0x000001f58690d000 JavaThread "Incoming local TCP Connector on port 62203" [_thread_in_native, id=10972, stack(0x0000007a45400000,0x0000007a45500000)]
  0x000001f58451f800 JavaThread "Daemon periodic checks" [_thread_blocked, id=14852, stack(0x0000007a45b00000,0x0000007a45c00000)]
  0x000001f585d46800 JavaThread "Cache worker for file hash cache (D:\aa\caches\7.0.2\fileHashes)" [_thread_blocked, id=7780, stack(0x0000007a46300000,0x0000007a46400000)]
  0x000001f585d43800 JavaThread "File lock request listener" [_thread_in_native, id=13056, stack(0x0000007a46400000,0x0000007a46500000)]
  0x000001f585d47800 JavaThread "Cache worker for journal cache (D:\aa\caches\journal-1)" [_thread_blocked, id=14076, stack(0x0000007a46b00000,0x0000007a46c00000)]
  0x000001f585d48800 JavaThread "File watcher server" daemon [_thread_in_native, id=7960, stack(0x0000007a46d00000,0x0000007a46e00000)]
  0x000001f585d42800 JavaThread "File watcher consumer" daemon [_thread_blocked, id=18400, stack(0x0000007a46e00000,0x0000007a46f00000)]
  0x000001f585d49000 JavaThread "jar transforms" [_thread_blocked, id=6740, stack(0x0000007a46f00000,0x0000007a47000000)]
  0x000001f5891b9000 JavaThread "jar transforms Thread 2" [_thread_blocked, id=12496, stack(0x0000007a47000000,0x0000007a47100000)]
  0x000001f5891b4000 JavaThread "jar transforms Thread 3" [_thread_blocked, id=6168, stack(0x0000007a47100000,0x0000007a47200000)]
  0x000001f5891b6000 JavaThread "jar transforms Thread 4" [_thread_blocked, id=16692, stack(0x0000007a47200000,0x0000007a47300000)]
  0x000001f5891b3800 JavaThread "jar transforms Thread 5" [_thread_blocked, id=19216, stack(0x0000007a47300000,0x0000007a47400000)]
  0x000001f5891b6800 JavaThread "jar transforms Thread 6" [_thread_blocked, id=1072, stack(0x0000007a47500000,0x0000007a47600000)]
  0x000001f5891ba800 JavaThread "jar transforms Thread 7" [_thread_blocked, id=11668, stack(0x0000007a47600000,0x0000007a47700000)]
  0x000001f5891b5000 JavaThread "jar transforms Thread 8" [_thread_blocked, id=10368, stack(0x0000007a47700000,0x0000007a47800000)]
  0x000001f5891b8000 JavaThread "jar transforms Thread 9" [_thread_blocked, id=1524, stack(0x0000007a47800000,0x0000007a47900000)]
  0x000001f5891bc800 JavaThread "jar transforms Thread 10" [_thread_blocked, id=9968, stack(0x0000007a47900000,0x0000007a47a00000)]
  0x000001f5891ba000 JavaThread "jar transforms Thread 11" [_thread_blocked, id=8544, stack(0x0000007a47a00000,0x0000007a47b00000)]
  0x000001f5891bb800 JavaThread "jar transforms Thread 12" [_thread_blocked, id=9484, stack(0x0000007a47b00000,0x0000007a47c00000)]
  0x000001f5891be000 JavaThread "Cache worker for execution history cache (D:\aa\caches\7.0.2\executionHistory)" [_thread_blocked, id=8872, stack(0x0000007a47f00000,0x0000007a48000000)]
  0x000001f5891c1000 JavaThread "Cache worker for file content cache (D:\aa\caches\7.0.2\fileContent)" [_thread_blocked, id=11360, stack(0x0000007a48000000,0x0000007a48100000)]
  0x000001f589c8d800 JavaThread "Memory manager" [_thread_blocked, id=8696, stack(0x0000007a48f00000,0x0000007a49000000)]
  0x000001f589c87800 JavaThread "pool-3-thread-1" [_thread_blocked, id=11624, stack(0x0000007a49000000,0x0000007a49100000)]
  0x000001f589c81000 JavaThread "Daemon Thread 2" [_thread_blocked, id=2664, stack(0x0000007a43f00000,0x0000007a44000000)]
  0x000001f589c82800 JavaThread "Daemon worker Thread 2" [_thread_in_Java, id=15772, stack(0x0000007a45300000,0x0000007a45400000)]
  0x000001f586279000 JavaThread "pool-6-thread-1" [_thread_blocked, id=2024, stack(0x0000007a48e00000,0x0000007a48f00000)]
  0x000001f58627a000 JavaThread "Handler for socket connection from /127.0.0.1:62203 to /127.0.0.1:62888" [_thread_in_native, id=364, stack(0x0000007a44000000,0x0000007a44100000)]
  0x000001f58627b800 JavaThread "Cancel handler" [_thread_blocked, id=6316, stack(0x0000007a44100000,0x0000007a44200000)]
  0x000001f58627c000 JavaThread "Asynchronous log dispatcher for DefaultDaemonConnection: socket connection from /127.0.0.1:62203 to /127.0.0.1:62888" [_thread_blocked, id=16876, stack(0x0000007a45c00000,0x0000007a45d00000)]
  0x000001f586277800 JavaThread "Stdin handler" [_thread_blocked, id=19432, stack(0x0000007a45d00000,0x0000007a45e00000)]
  0x000001f58627f800 JavaThread "Daemon client event forwarder" [_thread_blocked, id=4976, stack(0x0000007a45e00000,0x0000007a45f00000)]
  0x000001f58627e800 JavaThread "Cache worker for file hash cache (D:\app_dev\QuizApp\.gradle\7.0.2\fileHashes)" [_thread_blocked, id=17376, stack(0x0000007a45f00000,0x0000007a46000000)]
  0x000001f586280800 JavaThread "Cache worker for checksums cache (D:\app_dev\QuizApp\.gradle\checksums)" [_thread_blocked, id=13352, stack(0x0000007a46000000,0x0000007a46100000)]
  0x000001f586281000 JavaThread "Cache worker for cache directory md-supplier (D:\aa\caches\7.0.2\md-supplier)" [_thread_blocked, id=13976, stack(0x0000007a46100000,0x0000007a46200000)]
  0x000001f586282000 JavaThread "Cache worker for cache directory md-rule (D:\aa\caches\7.0.2\md-rule)" [_thread_blocked, id=11416, stack(0x0000007a46200000,0x0000007a46300000)]
  0x000001f586283000 JavaThread "Cache worker for dependencies-accessors (D:\app_dev\QuizApp\.gradle\7.0.2\dependencies-accessors)" [_thread_blocked, id=19108, stack(0x0000007a47400000,0x0000007a47500000)]
  0x000001f58627d000 JavaThread "Cache worker for Build Output Cleanup Cache (D:\app_dev\QuizApp\.gradle\buildOutputCleanup)" [_thread_blocked, id=16496, stack(0x0000007a47c00000,0x0000007a47d00000)]
  0x000001f594f14000 JavaThread "C2 CompilerThread1" daemon [_thread_in_native, id=11776, stack(0x0000007a47d00000,0x0000007a47e00000)]
  0x000001f589f03000 JavaThread "C2 CompilerThread2" daemon [_thread_in_native, id=17668, stack(0x0000007a47e00000,0x0000007a47f00000)]
  0x000001f586283800 JavaThread "Build operations" [_thread_blocked, id=12436, stack(0x0000007a48100000,0x0000007a48200000)]
  0x000001f58627e000 JavaThread "Build operations Thread 2" [_thread_blocked, id=13408, stack(0x0000007a48200000,0x0000007a48300000)]
  0x000001f586284800 JavaThread "Build operations Thread 3" [_thread_blocked, id=19212, stack(0x0000007a48300000,0x0000007a48400000)]
  0x000001f586285000 JavaThread "Build operations Thread 4" [_thread_blocked, id=17120, stack(0x0000007a48400000,0x0000007a48500000)]
  0x000001f586286000 JavaThread "Build operations Thread 5" [_thread_blocked, id=13648, stack(0x0000007a48500000,0x0000007a48600000)]
  0x000001f589c80800 JavaThread "Build operations Thread 6" [_thread_blocked, id=15556, stack(0x0000007a48600000,0x0000007a48700000)]
  0x000001f589c83800 JavaThread "Build operations Thread 7" [_thread_blocked, id=8168, stack(0x0000007a48700000,0x0000007a48800000)]
  0x000001f589c82000 JavaThread "Build operations Thread 8" [_thread_blocked, id=14608, stack(0x0000007a48800000,0x0000007a48900000)]
  0x000001f589c86000 JavaThread "Build operations Thread 9" [_thread_blocked, id=16156, stack(0x0000007a48900000,0x0000007a48a00000)]
  0x000001f589c87000 JavaThread "Build operations Thread 10" [_thread_blocked, id=18760, stack(0x0000007a48a00000,0x0000007a48b00000)]
  0x000001f589c89800 JavaThread "Build operations Thread 11" [_thread_blocked, id=9228, stack(0x0000007a48b00000,0x0000007a48c00000)]
  0x000001f589c8a000 JavaThread "Build operations Thread 12" [_thread_blocked, id=10928, stack(0x0000007a48c00000,0x0000007a48d00000)]

Other Threads:
  0x000001f5ff40e800 VMThread "VM Thread" [stack: 0x0000007a44800000,0x0000007a44900000] [id=11656]
  0x000001f584218800 WatcherThread [stack: 0x0000007a45200000,0x0000007a45300000] [id=14636]
  0x000001f5e6ba9000 GCTaskThread "GC Thread#0" [stack: 0x0000007a44300000,0x0000007a44400000] [id=12284]
  0x000001f5850dc000 GCTaskThread "GC Thread#1" [stack: 0x0000007a45500000,0x0000007a45600000] [id=3700]
  0x000001f584592800 GCTaskThread "GC Thread#2" [stack: 0x0000007a45600000,0x0000007a45700000] [id=12160]
  0x000001f584fea800 GCTaskThread "GC Thread#3" [stack: 0x0000007a45700000,0x0000007a45800000] [id=19016]
  0x000001f585257000 GCTaskThread "GC Thread#4" [stack: 0x0000007a45800000,0x0000007a45900000] [id=224]
  0x000001f58523c800 GCTaskThread "GC Thread#5" [stack: 0x0000007a45900000,0x0000007a45a00000] [id=5224]
  0x000001f585242000 GCTaskThread "GC Thread#6" [stack: 0x0000007a46500000,0x0000007a46600000] [id=14600]
  0x000001f58523f000 GCTaskThread "GC Thread#7" [stack: 0x0000007a46600000,0x0000007a46700000] [id=18900]
  0x000001f585243000 GCTaskThread "GC Thread#8" [stack: 0x0000007a46700000,0x0000007a46800000] [id=12132]
  0x000001f585241800 GCTaskThread "GC Thread#9" [stack: 0x0000007a46800000,0x0000007a46900000] [id=13124]
  0x000001f5e6bdc800 ConcurrentGCThread "G1 Main Marker" [stack: 0x0000007a44400000,0x0000007a44500000] [id=13552]
  0x000001f5e6bdf000 ConcurrentGCThread "G1 Conc#0" [stack: 0x0000007a44500000,0x0000007a44600000] [id=12384]
  0x000001f585243800 ConcurrentGCThread "G1 Conc#1" [stack: 0x0000007a46900000,0x0000007a46a00000] [id=13748]
  0x000001f585240000 ConcurrentGCThread "G1 Conc#2" [stack: 0x0000007a46a00000,0x0000007a46b00000] [id=13168]
  0x000001f5e6c6e800 ConcurrentGCThread "G1 Refine#0" [stack: 0x0000007a44600000,0x0000007a44700000] [id=14952]
  0x000001f58523e800 ConcurrentGCThread "G1 Refine#1" [stack: 0x0000007a46c00000,0x0000007a46d00000] [id=15292]
  0x000001f5ff299800 ConcurrentGCThread "G1 Young RemSet Sampling" [stack: 0x0000007a44700000,0x0000007a44800000] [id=5908]

Threads with active compile tasks:
C2 CompilerThread0 504400 16196       4       java.text.SimpleDateFormat::subFormat (1260 bytes)
C1 CompilerThread0 504400 16528       3       com.android.builder.core.VariantTypeImpl::isTestComponent (20 bytes)
C2 CompilerThread1 504400 16354       4       org.gradle.internal.vfs.impl.DefaultFileSystemAccess::readSnapshotFromLocation (27 bytes)
C2 CompilerThread2 504400 16350   !   4       java.util.concurrent.ArrayBlockingQueue::put (58 bytes)

VM state:not at safepoint (normal execution)

VM Mutex/Monitor currently owned by a thread: None

Heap address: 0x0000000080000000, size: 2048 MB, Compressed Oops mode: 32-bit
Narrow klass base: 0x0000000000000000, Narrow klass shift: 3
Compressed class space size: 1073741824 Address: 0x0000000100000000

Heap:
 garbage-first heap   total 260096K, used 197226K [0x0000000080000000, 0x0000000100000000)
  region size 1024K, 46 young (47104K), 4 survivors (4096K)
 Metaspace       used 148445K, capacity 151965K, committed 152356K, reserved 1181696K
  class space    used 18646K, capacity 19874K, committed 20096K, reserved 1048576K
Heap Regions: E=young(eden), S=young(survivor), O=old, HS=humongous(starts), HC=humongous(continues), CS=collection set, F=free, A=archive, TAMS=top-at-mark-start (previous, next)
|   0|0x0000000080000000, 0x0000000080100000, 0x0000000080100000|100%| O|  |TAMS 0x0000000080100000, 0x0000000080000000| Untracked 
|   1|0x0000000080100000, 0x0000000080200000, 0x0000000080200000|100%| O|  |TAMS 0x0000000080200000, 0x0000000080100000| Untracked 
|   2|0x0000000080200000, 0x0000000080300000, 0x0000000080300000|100%| O|  |TAMS 0x0000000080300000, 0x0000000080200000| Untracked 
|   3|0x0000000080300000, 0x0000000080400000, 0x0000000080400000|100%|HS|  |TAMS 0x0000000080400000, 0x0000000080300000| Complete 
|   4|0x0000000080400000, 0x0000000080500000, 0x0000000080500000|100%|HC|  |TAMS 0x0000000080500000, 0x0000000080400000| Complete 
|   5|0x0000000080500000, 0x0000000080600000, 0x0000000080600000|100%|HC|  |TAMS 0x0000000080600000, 0x0000000080500000| Complete 
|   6|0x0000000080600000, 0x0000000080700000, 0x0000000080700000|100%| O|  |TAMS 0x0000000080700000, 0x0000000080600000| Untracked 
|   7|0x0000000080700000, 0x0000000080800000, 0x0000000080800000|100%| O|  |TAMS 0x0000000080800000, 0x0000000080700000| Untracked 
|   8|0x0000000080800000, 0x0000000080900000, 0x0000000080900000|100%| O|  |TAMS 0x0000000080900000, 0x0000000080800000| Untracked 
|   9|0x0000000080900000, 0x0000000080a00000, 0x0000000080a00000|100%| O|  |TAMS 0x0000000080a00000, 0x0000000080900000| Untracked 
|  10|0x0000000080a00000, 0x0000000080b00000, 0x0000000080b00000|100%| O|  |TAMS 0x0000000080b00000, 0x0000000080a00000| Complete 
|  11|0x0000000080b00000, 0x0000000080c00000, 0x0000000080c00000|100%| O|  |TAMS 0x0000000080c00000, 0x0000000080b00000| Untracked 
|  12|0x0000000080c00000, 0x0000000080d00000, 0x0000000080d00000|100%| O|  |TAMS 0x0000000080d00000, 0x0000000080c00000| Untracked 
|  13|0x0000000080d00000, 0x0000000080e00000, 0x0000000080e00000|100%| O|  |TAMS 0x0000000080e00000, 0x0000000080d00000| Untracked 
|  14|0x0000000080e00000, 0x0000000080f00000, 0x0000000080f00000|100%| O|  |TAMS 0x0000000080f00000, 0x0000000080e00000| Untracked 
|  15|0x0000000080f00000, 0x0000000081000000, 0x0000000081000000|100%| O|  |TAMS 0x0000000081000000, 0x0000000080f00000| Untracked 
|  16|0x0000000081000000, 0x0000000081100000, 0x0000000081100000|100%|HS|  |TAMS 0x0000000081100000, 0x0000000081000000| Complete 
|  17|0x0000000081100000, 0x0000000081200000, 0x0000000081200000|100%|HC|  |TAMS 0x0000000081200000, 0x0000000081100000| Complete 
|  18|0x0000000081200000, 0x0000000081300000, 0x0000000081300000|100%|HS|  |TAMS 0x0000000081300000, 0x0000000081200000| Complete 
|  19|0x0000000081300000, 0x0000000081400000, 0x0000000081400000|100%|HC|  |TAMS 0x0000000081400000, 0x0000000081300000| Complete 
|  20|0x0000000081400000, 0x0000000081500000, 0x0000000081500000|100%|HC|  |TAMS 0x0000000081500000, 0x0000000081400000| Complete 
|  21|0x0000000081500000, 0x0000000081600000, 0x0000000081600000|100%|HS|  |TAMS 0x0000000081600000, 0x0000000081500000| Complete 
|  22|0x0000000081600000, 0x0000000081700000, 0x0000000081700000|100%|HC|  |TAMS 0x0000000081700000, 0x0000000081600000| Complete 
|  23|0x0000000081700000, 0x0000000081800000, 0x0000000081800000|100%|HC|  |TAMS 0x0000000081800000, 0x0000000081700000| Complete 
|  24|0x0000000081800000, 0x0000000081900000, 0x0000000081900000|100%|HC|  |TAMS 0x0000000081900000, 0x0000000081800000| Complete 
|  25|0x0000000081900000, 0x0000000081a00000, 0x0000000081a00000|100%|HC|  |TAMS 0x0000000081a00000, 0x0000000081900000| Complete 
|  26|0x0000000081a00000, 0x0000000081b00000, 0x0000000081b00000|100%|HS|  |TAMS 0x0000000081b00000, 0x0000000081a00000| Complete 
|  27|0x0000000081b00000, 0x0000000081c00000, 0x0000000081c00000|100%|HC|  |TAMS 0x0000000081c00000, 0x0000000081b00000| Complete 
|  28|0x0000000081c00000, 0x0000000081d00000, 0x0000000081d00000|100%|HC|  |TAMS 0x0000000081d00000, 0x0000000081c00000| Complete 
|  29|0x0000000081d00000, 0x0000000081e00000, 0x0000000081e00000|100%|HS|  |TAMS 0x0000000081e00000, 0x0000000081d00000| Complete 
|  30|0x0000000081e00000, 0x0000000081f00000, 0x0000000081f00000|100%|HC|  |TAMS 0x0000000081f00000, 0x0000000081e00000| Complete 
|  31|0x0000000081f00000, 0x0000000082000000, 0x0000000082000000|100%|HC|  |TAMS 0x0000000082000000, 0x0000000081f00000| Complete 
|  32|0x0000000082000000, 0x0000000082100000, 0x0000000082100000|100%|HC|  |TAMS 0x0000000082100000, 0x0000000082000000| Complete 
|  33|0x0000000082100000, 0x0000000082200000, 0x0000000082200000|100%|HC|  |TAMS 0x0000000082200000, 0x0000000082100000| Complete 
|  34|0x0000000082200000, 0x0000000082300000, 0x0000000082300000|100%| O|  |TAMS 0x0000000082300000, 0x0000000082200000| Complete 
|  35|0x0000000082300000, 0x0000000082400000, 0x0000000082400000|100%| O|  |TAMS 0x0000000082400000, 0x0000000082300000| Complete 
|  36|0x0000000082400000, 0x0000000082500000, 0x0000000082500000|100%| O|  |TAMS 0x0000000082500000, 0x0000000082400000| Untracked 
|  37|0x0000000082500000, 0x0000000082600000, 0x0000000082600000|100%| O|  |TAMS 0x0000000082600000, 0x0000000082500000| Untracked 
|  38|0x0000000082600000, 0x0000000082700000, 0x0000000082700000|100%| O|  |TAMS 0x0000000082700000, 0x0000000082600000| Untracked 
|  39|0x0000000082700000, 0x0000000082800000, 0x0000000082800000|100%| O|  |TAMS 0x0000000082800000, 0x0000000082700000| Untracked 
|  40|0x0000000082800000, 0x0000000082900000, 0x0000000082900000|100%| O|  |TAMS 0x0000000082900000, 0x0000000082800000| Untracked 
|  41|0x0000000082900000, 0x0000000082a00000, 0x0000000082a00000|100%| O|  |TAMS 0x0000000082a00000, 0x0000000082900000| Complete 
|  42|0x0000000082a00000, 0x0000000082b00000, 0x0000000082b00000|100%| O|  |TAMS 0x0000000082b00000, 0x0000000082a00000| Untracked 
|  43|0x0000000082b00000, 0x0000000082c00000, 0x0000000082c00000|100%|HS|  |TAMS 0x0000000082c00000, 0x0000000082b00000| Complete 
|  44|0x0000000082c00000, 0x0000000082d00000, 0x0000000082d00000|100%|HS|  |TAMS 0x0000000082d00000, 0x0000000082c00000| Complete 
|  45|0x0000000082d00000, 0x0000000082e00000, 0x0000000082e00000|100%| O|  |TAMS 0x0000000082e00000, 0x0000000082d00000| Untracked 
|  46|0x0000000082e00000, 0x0000000082f00000, 0x0000000082f00000|100%| O|  |TAMS 0x0000000082f00000, 0x0000000082e00000| Untracked 
|  47|0x0000000082f00000, 0x0000000083000000, 0x0000000083000000|100%| O|  |TAMS 0x0000000083000000, 0x0000000082f00000| Untracked 
|  48|0x0000000083000000, 0x0000000083100000, 0x0000000083100000|100%| O|  |TAMS 0x0000000083100000, 0x0000000083000000| Untracked 
|  49|0x0000000083100000, 0x0000000083200000, 0x0000000083200000|100%| O|  |TAMS 0x0000000083200000, 0x0000000083100000| Untracked 
|  50|0x0000000083200000, 0x0000000083300000, 0x0000000083300000|100%| O|  |TAMS 0x0000000083300000, 0x0000000083200000| Untracked 
|  51|0x0000000083300000, 0x0000000083400000, 0x0000000083400000|100%| O|  |TAMS 0x0000000083400000, 0x0000000083300000| Complete 
|  52|0x0000000083400000, 0x0000000083500000, 0x0000000083500000|100%|HS|  |TAMS 0x0000000083500000, 0x0000000083400000| Complete 
|  53|0x0000000083500000, 0x0000000083600000, 0x0000000083600000|100%|HC|  |TAMS 0x0000000083600000, 0x0000000083500000| Complete 
|  54|0x0000000083600000, 0x0000000083700000, 0x0000000083700000|100%| O|  |TAMS 0x0000000083700000, 0x0000000083600000| Untracked 
|  55|0x0000000083700000, 0x0000000083800000, 0x0000000083800000|100%| O|  |TAMS 0x0000000083800000, 0x0000000083700000| Untracked 
|  56|0x0000000083800000, 0x0000000083900000, 0x0000000083900000|100%| O|  |TAMS 0x0000000083900000, 0x0000000083800000| Untracked 
|  57|0x0000000083900000, 0x0000000083a00000, 0x0000000083a00000|100%| O|  |TAMS 0x0000000083a00000, 0x0000000083900000| Complete 
|  58|0x0000000083a00000, 0x0000000083b00000, 0x0000000083b00000|100%| O|  |TAMS 0x0000000083b00000, 0x0000000083a00000| Untracked 
|  59|0x0000000083b00000, 0x0000000083c00000, 0x0000000083c00000|100%| O|  |TAMS 0x0000000083c00000, 0x0000000083b00000| Untracked 
|  60|0x0000000083c00000, 0x0000000083d00000, 0x0000000083d00000|100%| O|  |TAMS 0x0000000083d00000, 0x0000000083c00000| Untracked 
|  61|0x0000000083d00000, 0x0000000083e00000, 0x0000000083e00000|100%| O|  |TAMS 0x0000000083e00000, 0x0000000083d00000| Untracked 
|  62|0x0000000083e00000, 0x0000000083f00000, 0x0000000083f00000|100%| O|  |TAMS 0x0000000083f00000, 0x0000000083e00000| Untracked 
|  63|0x0000000083f00000, 0x0000000084000000, 0x0000000084000000|100%| O|  |TAMS 0x0000000084000000, 0x0000000083f00000| Untracked 
|  64|0x0000000084000000, 0x0000000084100000, 0x0000000084100000|100%| O|  |TAMS 0x0000000084100000, 0x0000000084000000| Untracked 
|  65|0x0000000084100000, 0x0000000084200000, 0x0000000084200000|100%| O|  |TAMS 0x0000000084200000, 0x0000000084100000| Untracked 
|  66|0x0000000084200000, 0x0000000084300000, 0x0000000084300000|100%| O|  |TAMS 0x0000000084300000, 0x0000000084200000| Complete 
|  67|0x0000000084300000, 0x0000000084400000, 0x0000000084400000|100%| O|  |TAMS 0x0000000084400000, 0x0000000084300000| Complete 
|  68|0x0000000084400000, 0x0000000084500000, 0x0000000084500000|100%| O|  |TAMS 0x0000000084500000, 0x0000000084400000| Untracked 
|  69|0x0000000084500000, 0x0000000084600000, 0x0000000084600000|100%| O|  |TAMS 0x0000000084600000, 0x0000000084500000| Untracked 
|  70|0x0000000084600000, 0x0000000084700000, 0x0000000084700000|100%| O|  |TAMS 0x0000000084700000, 0x0000000084600000| Complete 
|  71|0x0000000084700000, 0x0000000084800000, 0x0000000084800000|100%| O|  |TAMS 0x0000000084800000, 0x0000000084700000| Untracked 
|  72|0x0000000084800000, 0x0000000084900000, 0x0000000084900000|100%| O|  |TAMS 0x0000000084900000, 0x0000000084800000| Untracked 
|  73|0x0000000084900000, 0x0000000084a00000, 0x0000000084a00000|100%| O|  |TAMS 0x0000000084a00000, 0x0000000084900000| Untracked 
|  74|0x0000000084a00000, 0x0000000084b00000, 0x0000000084b00000|100%| O|  |TAMS 0x0000000084b00000, 0x0000000084a00000| Untracked 
|  75|0x0000000084b00000, 0x0000000084c00000, 0x0000000084c00000|100%| O|  |TAMS 0x0000000084c00000, 0x0000000084b00000| Untracked 
|  76|0x0000000084c00000, 0x0000000084d00000, 0x0000000084d00000|100%| O|  |TAMS 0x0000000084d00000, 0x0000000084c00000| Untracked 
|  77|0x0000000084d00000, 0x0000000084e00000, 0x0000000084e00000|100%| O|  |TAMS 0x0000000084e00000, 0x0000000084d00000| Untracked 
|  78|0x0000000084e00000, 0x0000000084f00000, 0x0000000084f00000|100%| O|  |TAMS 0x0000000084f00000, 0x0000000084e00000| Untracked 
|  79|0x0000000084f00000, 0x0000000085000000, 0x0000000085000000|100%| O|  |TAMS 0x0000000085000000, 0x0000000084f00000| Untracked 
|  80|0x0000000085000000, 0x0000000085100000, 0x0000000085100000|100%| O|  |TAMS 0x0000000085100000, 0x0000000085000000| Complete 
|  81|0x0000000085100000, 0x0000000085200000, 0x0000000085200000|100%| O|  |TAMS 0x0000000085200000, 0x0000000085100000| Complete 
|  82|0x0000000085200000, 0x0000000085300000, 0x0000000085300000|100%| O|  |TAMS 0x0000000085300000, 0x0000000085200000| Complete 
|  83|0x0000000085300000, 0x0000000085400000, 0x0000000085400000|100%| O|  |TAMS 0x0000000085400000, 0x0000000085300000| Complete 
|  84|0x0000000085400000, 0x0000000085500000, 0x0000000085500000|100%| O|  |TAMS 0x0000000085500000, 0x0000000085400000| Complete 
|  85|0x0000000085500000, 0x0000000085600000, 0x0000000085600000|100%| O|  |TAMS 0x0000000085600000, 0x0000000085500000| Complete 
|  86|0x0000000085600000, 0x0000000085700000, 0x0000000085700000|100%| O|  |TAMS 0x0000000085700000, 0x0000000085600000| Untracked 
|  87|0x0000000085700000, 0x0000000085800000, 0x0000000085800000|100%| O|  |TAMS 0x0000000085800000, 0x0000000085700000| Complete 
|  88|0x0000000085800000, 0x0000000085900000, 0x0000000085900000|100%| O|  |TAMS 0x0000000085900000, 0x0000000085800000| Untracked 
|  89|0x0000000085900000, 0x0000000085a00000, 0x0000000085a00000|100%| O|  |TAMS 0x0000000085a00000, 0x0000000085900000| Untracked 
|  90|0x0000000085a00000, 0x0000000085b00000, 0x0000000085b00000|100%| O|  |TAMS 0x0000000085b00000, 0x0000000085a00000| Untracked 
|  91|0x0000000085b00000, 0x0000000085c00000, 0x0000000085c00000|100%| O|  |TAMS 0x0000000085c00000, 0x0000000085b00000| Untracked 
|  92|0x0000000085c00000, 0x0000000085d00000, 0x0000000085d00000|100%| O|  |TAMS 0x0000000085d00000, 0x0000000085c00000| Untracked 
|  93|0x0000000085d00000, 0x0000000085e00000, 0x0000000085e00000|100%| O|  |TAMS 0x0000000085e00000, 0x0000000085d00000| Complete 
|  94|0x0000000085e00000, 0x0000000085f00000, 0x0000000085f00000|100%| O|  |TAMS 0x0000000085f00000, 0x0000000085e00000| Complete 
|  95|0x0000000085f00000, 0x0000000086000000, 0x0000000086000000|100%| O|  |TAMS 0x0000000086000000, 0x0000000085f00000| Complete 
|  96|0x0000000086000000, 0x0000000086100000, 0x0000000086100000|100%| O|  |TAMS 0x0000000086100000, 0x0000000086000000| Complete 
|  97|0x0000000086100000, 0x0000000086200000, 0x0000000086200000|100%| O|  |TAMS 0x0000000086200000, 0x0000000086100000| Complete 
|  98|0x0000000086200000, 0x0000000086300000, 0x0000000086300000|100%| O|  |TAMS 0x0000000086300000, 0x0000000086200000| Untracked 
|  99|0x0000000086300000, 0x0000000086400000, 0x0000000086400000|100%| O|  |TAMS 0x0000000086400000, 0x0000000086300000| Complete 
| 100|0x0000000086400000, 0x0000000086500000, 0x0000000086500000|100%| O|  |TAMS 0x0000000086500000, 0x0000000086400000| Complete 
| 101|0x0000000086500000, 0x0000000086600000, 0x0000000086600000|100%| O|  |TAMS 0x0000000086600000, 0x0000000086500000| Complete 
| 102|0x0000000086600000, 0x0000000086700000, 0x0000000086700000|100%| O|  |TAMS 0x0000000086700000, 0x0000000086600000| Untracked 
| 103|0x0000000086700000, 0x0000000086800000, 0x0000000086800000|100%| O|  |TAMS 0x0000000086800000, 0x0000000086700000| Untracked 
| 104|0x0000000086800000, 0x0000000086900000, 0x0000000086900000|100%| O|  |TAMS 0x0000000086900000, 0x0000000086800000| Untracked 
| 105|0x0000000086900000, 0x0000000086a00000, 0x0000000086a00000|100%| O|  |TAMS 0x0000000086a00000, 0x0000000086900000| Complete 
| 106|0x0000000086a00000, 0x0000000086a00000, 0x0000000086b00000|  0%| F|  |TAMS 0x0000000086a00000, 0x0000000086a00000| Untracked 
| 107|0x0000000086b00000, 0x0000000086b00000, 0x0000000086c00000|  0%| F|  |TAMS 0x0000000086b00000, 0x0000000086b00000| Untracked 
| 108|0x0000000086c00000, 0x0000000086d00000, 0x0000000086d00000|100%| O|  |TAMS 0x0000000086d00000, 0x0000000086c00000| Untracked 
| 109|0x0000000086d00000, 0x0000000086e00000, 0x0000000086e00000|100%| O|  |TAMS 0x0000000086e00000, 0x0000000086d00000| Untracked 
| 110|0x0000000086e00000, 0x0000000086f00000, 0x0000000086f00000|100%| O|  |TAMS 0x0000000086f00000, 0x0000000086e00000| Untracked 
| 111|0x0000000086f00000, 0x0000000087000000, 0x0000000087000000|100%| O|  |TAMS 0x0000000087000000, 0x0000000086f00000| Untracked 
| 112|0x0000000087000000, 0x0000000087100000, 0x0000000087100000|100%| O|  |TAMS 0x0000000087100000, 0x0000000087000000| Untracked 
| 113|0x0000000087100000, 0x0000000087200000, 0x0000000087200000|100%| O|  |TAMS 0x0000000087200000, 0x0000000087100000| Untracked 
| 114|0x0000000087200000, 0x0000000087300000, 0x0000000087300000|100%| O|  |TAMS 0x0000000087300000, 0x0000000087200000| Untracked 
| 115|0x0000000087300000, 0x0000000087400000, 0x0000000087400000|100%| O|  |TAMS 0x0000000087400000, 0x0000000087300000| Untracked 
| 116|0x0000000087400000, 0x0000000087500000, 0x0000000087500000|100%| O|  |TAMS 0x0000000087500000, 0x0000000087400000| Untracked 
| 117|0x0000000087500000, 0x0000000087600000, 0x0000000087600000|100%| O|  |TAMS 0x0000000087600000, 0x0000000087500000| Untracked 
| 118|0x0000000087600000, 0x0000000087700000, 0x0000000087700000|100%| O|  |TAMS 0x0000000087700000, 0x0000000087600000| Complete 
| 119|0x0000000087700000, 0x0000000087800000, 0x0000000087800000|100%| O|  |TAMS 0x0000000087800000, 0x0000000087700000| Untracked 
| 120|0x0000000087800000, 0x0000000087900000, 0x0000000087900000|100%| O|  |TAMS 0x0000000087900000, 0x0000000087800000| Untracked 
| 121|0x0000000087900000, 0x0000000087a00000, 0x0000000087a00000|100%| O|  |TAMS 0x0000000087a00000, 0x0000000087900000| Untracked 
| 122|0x0000000087a00000, 0x0000000087b00000, 0x0000000087b00000|100%| O|  |TAMS 0x0000000087b00000, 0x0000000087a00000| Untracked 
| 123|0x0000000087b00000, 0x0000000087c00000, 0x0000000087c00000|100%| O|  |TAMS 0x0000000087c00000, 0x0000000087b00000| Untracked 
| 124|0x0000000087c00000, 0x0000000087d00000, 0x0000000087d00000|100%| O|  |TAMS 0x0000000087d00000, 0x0000000087c00000| Untracked 
| 125|0x0000000087d00000, 0x0000000087e00000, 0x0000000087e00000|100%| O|  |TAMS 0x0000000087e00000, 0x0000000087d00000| Untracked 
| 126|0x0000000087e00000, 0x0000000087f00000, 0x0000000087f00000|100%| O|  |TAMS 0x0000000087f00000, 0x0000000087e00000| Complete 
| 127|0x0000000087f00000, 0x0000000087f00000, 0x0000000088000000|  0%| F|  |TAMS 0x0000000087f00000, 0x0000000087f00000| Untracked 
| 128|0x0000000088000000, 0x0000000088100000, 0x0000000088100000|100%| O|  |TAMS 0x0000000088100000, 0x0000000088000000| Untracked 
| 129|0x0000000088100000, 0x0000000088200000, 0x0000000088200000|100%| O|  |TAMS 0x0000000088200000, 0x0000000088100000| Untracked 
| 130|0x0000000088200000, 0x0000000088200000, 0x0000000088300000|  0%| F|  |TAMS 0x0000000088200000, 0x0000000088200000| Untracked 
| 131|0x0000000088300000, 0x0000000088300000, 0x0000000088400000|  0%| F|  |TAMS 0x0000000088300000, 0x0000000088300000| Untracked 
| 132|0x0000000088400000, 0x0000000088400000, 0x0000000088500000|  0%| F|  |TAMS 0x0000000088400000, 0x0000000088400000| Untracked 
| 133|0x0000000088500000, 0x0000000088500000, 0x0000000088600000|  0%| F|  |TAMS 0x0000000088500000, 0x0000000088500000| Untracked 
| 134|0x0000000088600000, 0x0000000088600000, 0x0000000088700000|  0%| F|  |TAMS 0x0000000088600000, 0x0000000088600000| Untracked 
| 135|0x0000000088700000, 0x0000000088700000, 0x0000000088800000|  0%| F|  |TAMS 0x0000000088700000, 0x0000000088700000| Untracked 
| 136|0x0000000088800000, 0x0000000088800000, 0x0000000088900000|  0%| F|  |TAMS 0x0000000088800000, 0x0000000088800000| Untracked 
| 137|0x0000000088900000, 0x0000000088900000, 0x0000000088a00000|  0%| F|  |TAMS 0x0000000088900000, 0x0000000088900000| Untracked 
| 138|0x0000000088a00000, 0x0000000088a00000, 0x0000000088b00000|  0%| F|  |TAMS 0x0000000088a00000, 0x0000000088a00000| Untracked 
| 139|0x0000000088b00000, 0x0000000088b00000, 0x0000000088c00000|  0%| F|  |TAMS 0x0000000088b00000, 0x0000000088b00000| Untracked 
| 140|0x0000000088c00000, 0x0000000088c00000, 0x0000000088d00000|  0%| F|  |TAMS 0x0000000088c00000, 0x0000000088c00000| Untracked 
| 141|0x0000000088d00000, 0x0000000088d00000, 0x0000000088e00000|  0%| F|  |TAMS 0x0000000088d00000, 0x0000000088d00000| Untracked 
| 142|0x0000000088e00000, 0x0000000088f00000, 0x0000000088f00000|100%| O|  |TAMS 0x0000000088f00000, 0x0000000088e00000| Complete 
| 143|0x0000000088f00000, 0x0000000088f00000, 0x0000000089000000|  0%| F|  |TAMS 0x0000000088f00000, 0x0000000088f00000| Untracked 
| 144|0x0000000089000000, 0x0000000089000000, 0x0000000089100000|  0%| F|  |TAMS 0x0000000089000000, 0x0000000089000000| Untracked 
| 145|0x0000000089100000, 0x0000000089100000, 0x0000000089200000|  0%| F|  |TAMS 0x0000000089100000, 0x0000000089100000| Untracked 
| 146|0x0000000089200000, 0x0000000089300000, 0x0000000089300000|100%| O|  |TAMS 0x0000000089300000, 0x0000000089200000| Complete 
| 147|0x0000000089300000, 0x0000000089400000, 0x0000000089400000|100%| O|  |TAMS 0x0000000089400000, 0x0000000089300000| Untracked 
| 148|0x0000000089400000, 0x0000000089500000, 0x0000000089500000|100%| O|  |TAMS 0x0000000089500000, 0x0000000089400000| Untracked 
| 149|0x0000000089500000, 0x0000000089600000, 0x0000000089600000|100%| O|  |TAMS 0x0000000089600000, 0x0000000089500000| Complete 
| 150|0x0000000089600000, 0x0000000089700000, 0x0000000089700000|100%| O|  |TAMS 0x0000000089700000, 0x0000000089600000| Complete 
| 151|0x0000000089700000, 0x0000000089700000, 0x0000000089800000|  0%| F|  |TAMS 0x0000000089700000, 0x0000000089700000| Untracked 
| 152|0x0000000089800000, 0x0000000089900000, 0x0000000089900000|100%| O|  |TAMS 0x0000000089900000, 0x0000000089800000| Untracked 
| 153|0x0000000089900000, 0x0000000089a00000, 0x0000000089a00000|100%| O|  |TAMS 0x0000000089a00000, 0x0000000089900000| Complete 
| 154|0x0000000089a00000, 0x0000000089b00000, 0x0000000089b00000|100%| O|  |TAMS 0x0000000089b00000, 0x0000000089a00000| Untracked 
| 155|0x0000000089b00000, 0x0000000089c00000, 0x0000000089c00000|100%| O|  |TAMS 0x0000000089c00000, 0x0000000089b00000| Complete 
| 156|0x0000000089c00000, 0x0000000089d00000, 0x0000000089d00000|100%| O|  |TAMS 0x0000000089d00000, 0x0000000089c00000| Untracked 
| 157|0x0000000089d00000, 0x0000000089e00000, 0x0000000089e00000|100%| O|  |TAMS 0x0000000089e00000, 0x0000000089d00000| Untracked 
| 158|0x0000000089e00000, 0x0000000089f00000, 0x0000000089f00000|100%| O|  |TAMS 0x0000000089f00000, 0x0000000089e00000| Untracked 
| 159|0x0000000089f00000, 0x000000008a000000, 0x000000008a000000|100%| O|  |TAMS 0x000000008a000000, 0x0000000089f00000| Complete 
| 160|0x000000008a000000, 0x000000008a100000, 0x000000008a100000|100%| O|  |TAMS 0x000000008a100000, 0x000000008a000000| Complete 
| 161|0x000000008a100000, 0x000000008a200000, 0x000000008a200000|100%| O|  |TAMS 0x000000008a200000, 0x000000008a100000| Complete 
| 162|0x000000008a200000, 0x000000008a300000, 0x000000008a300000|100%| O|  |TAMS 0x000000008a300000, 0x000000008a200000| Complete 
| 163|0x000000008a300000, 0x000000008a356400, 0x000000008a400000| 33%| O|  |TAMS 0x000000008a356400, 0x000000008a300000| Untracked 
| 164|0x000000008a400000, 0x000000008a400000, 0x000000008a500000|  0%| F|  |TAMS 0x000000008a400000, 0x000000008a400000| Untracked 
| 165|0x000000008a500000, 0x000000008a500000, 0x000000008a600000|  0%| F|  |TAMS 0x000000008a500000, 0x000000008a500000| Untracked 
| 166|0x000000008a600000, 0x000000008a600000, 0x000000008a700000|  0%| F|  |TAMS 0x000000008a600000, 0x000000008a600000| Untracked 
| 167|0x000000008a700000, 0x000000008a700000, 0x000000008a800000|  0%| F|  |TAMS 0x000000008a700000, 0x000000008a700000| Untracked 
| 168|0x000000008a800000, 0x000000008a800000, 0x000000008a900000|  0%| F|  |TAMS 0x000000008a800000, 0x000000008a800000| Untracked 
| 169|0x000000008a900000, 0x000000008a900000, 0x000000008aa00000|  0%| F|  |TAMS 0x000000008a900000, 0x000000008a900000| Untracked 
| 170|0x000000008aa00000, 0x000000008ab00000, 0x000000008ab00000|100%| O|  |TAMS 0x000000008ab00000, 0x000000008aa00000| Complete 
| 171|0x000000008ab00000, 0x000000008ac00000, 0x000000008ac00000|100%| O|  |TAMS 0x000000008ac00000, 0x000000008ab00000| Complete 
| 172|0x000000008ac00000, 0x000000008ad00000, 0x000000008ad00000|100%| O|  |TAMS 0x000000008ad00000, 0x000000008ac00000| Complete 
| 173|0x000000008ad00000, 0x000000008ae00000, 0x000000008ae00000|100%| O|  |TAMS 0x000000008ae00000, 0x000000008ad00000| Complete 
| 174|0x000000008ae00000, 0x000000008ae00000, 0x000000008af00000|  0%| F|  |TAMS 0x000000008ae00000, 0x000000008ae00000| Untracked 
| 175|0x000000008af00000, 0x000000008af00000, 0x000000008b000000|  0%| F|  |TAMS 0x000000008af00000, 0x000000008af00000| Untracked 
| 176|0x000000008b000000, 0x000000008b000000, 0x000000008b100000|  0%| F|  |TAMS 0x000000008b000000, 0x000000008b000000| Untracked 
| 177|0x000000008b100000, 0x000000008b200000, 0x000000008b200000|100%| O|  |TAMS 0x000000008b200000, 0x000000008b100000| Complete 
| 178|0x000000008b200000, 0x000000008b200000, 0x000000008b300000|  0%| F|  |TAMS 0x000000008b200000, 0x000000008b200000| Untracked 
| 179|0x000000008b300000, 0x000000008b300000, 0x000000008b400000|  0%| F|  |TAMS 0x000000008b300000, 0x000000008b300000| Untracked 
| 180|0x000000008b400000, 0x000000008b400000, 0x000000008b500000|  0%| F|  |TAMS 0x000000008b400000, 0x000000008b400000| Untracked 
| 181|0x000000008b500000, 0x000000008b500000, 0x000000008b600000|  0%| F|  |TAMS 0x000000008b500000, 0x000000008b500000| Untracked 
| 182|0x000000008b600000, 0x000000008b600000, 0x000000008b700000|  0%| F|  |TAMS 0x000000008b600000, 0x000000008b600000| Untracked 
| 183|0x000000008b700000, 0x000000008b700000, 0x000000008b800000|  0%| F|  |TAMS 0x000000008b700000, 0x000000008b700000| Untracked 
| 184|0x000000008b800000, 0x000000008b800000, 0x000000008b900000|  0%| F|  |TAMS 0x000000008b800000, 0x000000008b800000| Untracked 
| 185|0x000000008b900000, 0x000000008b900000, 0x000000008ba00000|  0%| F|  |TAMS 0x000000008b900000, 0x000000008b900000| Untracked 
| 186|0x000000008ba00000, 0x000000008ba00000, 0x000000008bb00000|  0%| F|  |TAMS 0x000000008ba00000, 0x000000008ba00000| Untracked 
| 187|0x000000008bb00000, 0x000000008bb00000, 0x000000008bc00000|  0%| F|  |TAMS 0x000000008bb00000, 0x000000008bb00000| Untracked 
| 188|0x000000008bc00000, 0x000000008bc00000, 0x000000008bd00000|  0%| F|  |TAMS 0x000000008bc00000, 0x000000008bc00000| Untracked 
| 189|0x000000008bd00000, 0x000000008bd00000, 0x000000008be00000|  0%| F|  |TAMS 0x000000008bd00000, 0x000000008bd00000| Untracked 
| 190|0x000000008be00000, 0x000000008be00000, 0x000000008bf00000|  0%| F|  |TAMS 0x000000008be00000, 0x000000008be00000| Untracked 
| 191|0x000000008bf00000, 0x000000008bf00000, 0x000000008c000000|  0%| F|  |TAMS 0x000000008bf00000, 0x000000008bf00000| Untracked 
| 192|0x000000008c000000, 0x000000008c000000, 0x000000008c100000|  0%| F|  |TAMS 0x000000008c000000, 0x000000008c000000| Untracked 
| 193|0x000000008c100000, 0x000000008c100000, 0x000000008c200000|  0%| F|  |TAMS 0x000000008c100000, 0x000000008c100000| Untracked 
| 194|0x000000008c200000, 0x000000008c200000, 0x000000008c300000|  0%| F|  |TAMS 0x000000008c200000, 0x000000008c200000| Untracked 
| 195|0x000000008c300000, 0x000000008c300000, 0x000000008c400000|  0%| F|  |TAMS 0x000000008c300000, 0x000000008c300000| Untracked 
| 196|0x000000008c400000, 0x000000008c400000, 0x000000008c500000|  0%| F|  |TAMS 0x000000008c400000, 0x000000008c400000| Untracked 
| 197|0x000000008c500000, 0x000000008c500000, 0x000000008c600000|  0%| F|  |TAMS 0x000000008c500000, 0x000000008c500000| Untracked 
| 198|0x000000008c600000, 0x000000008c6446a0, 0x000000008c700000| 26%| S|CS|TAMS 0x000000008c600000, 0x000000008c600000| Complete 
| 199|0x000000008c700000, 0x000000008c800000, 0x000000008c800000|100%| S|CS|TAMS 0x000000008c700000, 0x000000008c700000| Complete 
| 200|0x000000008c800000, 0x000000008c900000, 0x000000008c900000|100%| S|CS|TAMS 0x000000008c800000, 0x000000008c800000| Complete 
| 201|0x000000008c900000, 0x000000008ca00000, 0x000000008ca00000|100%| S|CS|TAMS 0x000000008c900000, 0x000000008c900000| Complete 
| 202|0x000000008ca00000, 0x000000008ca00000, 0x000000008cb00000|  0%| F|  |TAMS 0x000000008ca00000, 0x000000008ca00000| Untracked 
| 203|0x000000008cb00000, 0x000000008cb00000, 0x000000008cc00000|  0%| F|  |TAMS 0x000000008cb00000, 0x000000008cb00000| Untracked 
| 204|0x000000008cc00000, 0x000000008cc00000, 0x000000008cd00000|  0%| F|  |TAMS 0x000000008cc00000, 0x000000008cc00000| Untracked 
| 205|0x000000008cd00000, 0x000000008cd00000, 0x000000008ce00000|  0%| F|  |TAMS 0x000000008cd00000, 0x000000008cd00000| Untracked 
| 206|0x000000008ce00000, 0x000000008ce00000, 0x000000008cf00000|  0%| F|  |TAMS 0x000000008ce00000, 0x000000008ce00000| Untracked 
| 207|0x000000008cf00000, 0x000000008cf00000, 0x000000008d000000|  0%| F|  |TAMS 0x000000008cf00000, 0x000000008cf00000| Untracked 
| 208|0x000000008d000000, 0x000000008d000000, 0x000000008d100000|  0%| F|  |TAMS 0x000000008d000000, 0x000000008d000000| Untracked 
| 209|0x000000008d100000, 0x000000008d100000, 0x000000008d200000|  0%| F|  |TAMS 0x000000008d100000, 0x000000008d100000| Untracked 
| 210|0x000000008d200000, 0x000000008d200000, 0x000000008d300000|  0%| F|  |TAMS 0x000000008d200000, 0x000000008d200000| Untracked 
| 211|0x000000008d300000, 0x000000008d3122f0, 0x000000008d400000|  7%| E|  |TAMS 0x000000008d300000, 0x000000008d300000| Complete 
| 212|0x000000008d400000, 0x000000008d500000, 0x000000008d500000|100%| E|CS|TAMS 0x000000008d400000, 0x000000008d400000| Complete 
| 213|0x000000008d500000, 0x000000008d600000, 0x000000008d600000|100%| E|CS|TAMS 0x000000008d500000, 0x000000008d500000| Complete 
| 214|0x000000008d600000, 0x000000008d700000, 0x000000008d700000|100%| E|CS|TAMS 0x000000008d600000, 0x000000008d600000| Complete 
| 215|0x000000008d700000, 0x000000008d800000, 0x000000008d800000|100%| E|CS|TAMS 0x000000008d700000, 0x000000008d700000| Complete 
| 216|0x000000008d800000, 0x000000008d900000, 0x000000008d900000|100%| E|CS|TAMS 0x000000008d800000, 0x000000008d800000| Complete 
| 217|0x000000008d900000, 0x000000008da00000, 0x000000008da00000|100%| E|CS|TAMS 0x000000008d900000, 0x000000008d900000| Complete 
| 218|0x000000008da00000, 0x000000008db00000, 0x000000008db00000|100%| E|CS|TAMS 0x000000008da00000, 0x000000008da00000| Complete 
| 219|0x000000008db00000, 0x000000008dc00000, 0x000000008dc00000|100%| E|CS|TAMS 0x000000008db00000, 0x000000008db00000| Complete 
| 220|0x000000008dc00000, 0x000000008dd00000, 0x000000008dd00000|100%| E|CS|TAMS 0x000000008dc00000, 0x000000008dc00000| Complete 
| 221|0x000000008dd00000, 0x000000008de00000, 0x000000008de00000|100%| E|CS|TAMS 0x000000008dd00000, 0x000000008dd00000| Complete 
| 222|0x000000008de00000, 0x000000008df00000, 0x000000008df00000|100%| E|CS|TAMS 0x000000008de00000, 0x000000008de00000| Complete 
| 223|0x000000008df00000, 0x000000008e000000, 0x000000008e000000|100%| E|CS|TAMS 0x000000008df00000, 0x000000008df00000| Complete 
| 224|0x000000008e000000, 0x000000008e100000, 0x000000008e100000|100%| E|CS|TAMS 0x000000008e000000, 0x000000008e000000| Complete 
| 225|0x000000008e100000, 0x000000008e200000, 0x000000008e200000|100%| E|CS|TAMS 0x000000008e100000, 0x000000008e100000| Complete 
| 226|0x000000008e200000, 0x000000008e300000, 0x000000008e300000|100%| E|CS|TAMS 0x000000008e200000, 0x000000008e200000| Complete 
| 227|0x000000008e300000, 0x000000008e400000, 0x000000008e400000|100%| E|CS|TAMS 0x000000008e300000, 0x000000008e300000| Complete 
| 228|0x000000008e400000, 0x000000008e500000, 0x000000008e500000|100%| E|CS|TAMS 0x000000008e400000, 0x000000008e400000| Complete 
| 229|0x000000008e500000, 0x000000008e600000, 0x000000008e600000|100%| E|CS|TAMS 0x000000008e500000, 0x000000008e500000| Complete 
| 230|0x000000008e600000, 0x000000008e700000, 0x000000008e700000|100%| E|CS|TAMS 0x000000008e600000, 0x000000008e600000| Complete 
| 231|0x000000008e700000, 0x000000008e800000, 0x000000008e800000|100%| E|CS|TAMS 0x000000008e700000, 0x000000008e700000| Complete 
| 232|0x000000008e800000, 0x000000008e900000, 0x000000008e900000|100%| E|CS|TAMS 0x000000008e800000, 0x000000008e800000| Complete 
| 233|0x000000008e900000, 0x000000008ea00000, 0x000000008ea00000|100%| E|CS|TAMS 0x000000008e900000, 0x000000008e900000| Complete 
| 234|0x000000008ea00000, 0x000000008eb00000, 0x000000008eb00000|100%| E|CS|TAMS 0x000000008ea00000, 0x000000008ea00000| Complete 
| 235|0x000000008eb00000, 0x000000008ec00000, 0x000000008ec00000|100%| E|CS|TAMS 0x000000008eb00000, 0x000000008eb00000| Complete 
| 236|0x000000008ec00000, 0x000000008ed00000, 0x000000008ed00000|100%| E|  |TAMS 0x000000008ec00000, 0x000000008ec00000| Complete 
| 237|0x000000008ed00000, 0x000000008ee00000, 0x000000008ee00000|100%| E|CS|TAMS 0x000000008ed00000, 0x000000008ed00000| Complete 
| 238|0x000000008ee00000, 0x000000008ef00000, 0x000000008ef00000|100%| E|CS|TAMS 0x000000008ee00000, 0x000000008ee00000| Complete 
| 239|0x000000008ef00000, 0x000000008f000000, 0x000000008f000000|100%| E|CS|TAMS 0x000000008ef00000, 0x000000008ef00000| Complete 
| 240|0x000000008f000000, 0x000000008f100000, 0x000000008f100000|100%| E|CS|TAMS 0x000000008f000000, 0x000000008f000000| Complete 
| 241|0x000000008f100000, 0x000000008f200000, 0x000000008f200000|100%| E|CS|TAMS 0x000000008f100000, 0x000000008f100000| Complete 
| 242|0x000000008f200000, 0x000000008f300000, 0x000000008f300000|100%| E|CS|TAMS 0x000000008f200000, 0x000000008f200000| Complete 
| 243|0x000000008f300000, 0x000000008f400000, 0x000000008f400000|100%| E|CS|TAMS 0x000000008f300000, 0x000000008f300000| Complete 
| 244|0x000000008f400000, 0x000000008f500000, 0x000000008f500000|100%| E|CS|TAMS 0x000000008f400000, 0x000000008f400000| Complete 
| 245|0x000000008f500000, 0x000000008f600000, 0x000000008f600000|100%| E|CS|TAMS 0x000000008f500000, 0x000000008f500000| Complete 
| 246|0x000000008f600000, 0x000000008f700000, 0x000000008f700000|100%| E|CS|TAMS 0x000000008f600000, 0x000000008f600000| Complete 
| 247|0x000000008f700000, 0x000000008f800000, 0x000000008f800000|100%| E|CS|TAMS 0x000000008f700000, 0x000000008f700000| Complete 
| 248|0x000000008f800000, 0x000000008f900000, 0x000000008f900000|100%| E|CS|TAMS 0x000000008f800000, 0x000000008f800000| Complete 
| 249|0x000000008f900000, 0x000000008fa00000, 0x000000008fa00000|100%| E|CS|TAMS 0x000000008f900000, 0x000000008f900000| Complete 
| 250|0x000000008fa00000, 0x000000008fb00000, 0x000000008fb00000|100%| E|CS|TAMS 0x000000008fa00000, 0x000000008fa00000| Complete 
| 251|0x000000008fb00000, 0x000000008fc00000, 0x000000008fc00000|100%| E|CS|TAMS 0x000000008fb00000, 0x000000008fb00000| Complete 
| 252|0x000000008fc00000, 0x000000008fd00000, 0x000000008fd00000|100%| E|CS|TAMS 0x000000008fc00000, 0x000000008fc00000| Complete 
| 253|0x000000008fd00000, 0x000000008fe00000, 0x000000008fe00000|100%| E|CS|TAMS 0x000000008fd00000, 0x000000008fd00000| Complete 

Card table byte_map: [0x000001f5fbee0000,0x000001f5fc2e0000] _byte_map_base: 0x000001f5fbae0000

Marking Bits (Prev, Next): (CMBitMap*) 0x000001f5e6bd3d98, (CMBitMap*) 0x000001f5e6bd3dd0
 Prev Bits: [0x000001f5fc6e0000, 0x000001f5fe6e0000)
 Next Bits: [0x000001f580000000, 0x000001f582000000)

Polling page: 0x000001f5e6c70000

Metaspace:

Usage:
  Non-class:    129.00 MB capacity,   126.77 MB ( 98%) used,     1.85 MB (  1%) free+waste,   397.13 KB ( <1%) overhead. 
      Class:     19.41 MB capacity,    18.21 MB ( 94%) used,     1.03 MB (  5%) free+waste,   177.75 KB ( <1%) overhead. 
       Both:    148.41 MB capacity,   144.98 MB ( 98%) used,     2.87 MB (  2%) free+waste,   574.88 KB ( <1%) overhead. 

Virtual space:
  Non-class space:      130.00 MB reserved,     129.16 MB (>99%) committed 
      Class space:        1.00 GB reserved,      19.63 MB (  2%) committed 
             Both:        1.13 GB reserved,     148.79 MB ( 13%) committed 

Chunk freelists:
   Non-Class:  0 bytes
       Class:  125.00 KB
        Both:  125.00 KB

MaxMetaspaceSize: 17179869184.00 GB
CompressedClassSpaceSize: 1.00 GB

CodeHeap 'non-profiled nmethods': size=120000Kb used=11157Kb max_used=11157Kb free=108842Kb
 bounds [0x000001f5f3920000, 0x000001f5f4410000, 0x000001f5fae50000]
CodeHeap 'profiled nmethods': size=120000Kb used=35563Kb max_used=35563Kb free=84437Kb
 bounds [0x000001f5ec3f0000, 0x000001f5ee6b0000, 0x000001f5f3920000]
CodeHeap 'non-nmethods': size=5760Kb used=2369Kb max_used=2426Kb free=3390Kb
 bounds [0x000001f5ebe50000, 0x000001f5ec0c0000, 0x000001f5ec3f0000]
 total_blobs=17327 nmethods=16334 adapters=903
 compilation: enabled
              stopped_count=0, restarted_count=0
 full_count=0

Compilation events (20 events):
Event: 504.371 Thread 0x000001f5840a2800 nmethod 16430 0x000001f5ee667a90 code [0x000001f5ee667ca0, 0x000001f5ee668248]
Event: 504.371 Thread 0x000001f5840a2800 16428       3       com.google.common.collect.RegularImmutableList::size (6 bytes)
Event: 504.371 Thread 0x000001f5840a2800 nmethod 16428 0x000001f5ee668490 code [0x000001f5ee668640, 0x000001f5ee668758]
Event: 504.371 Thread 0x000001f5840a2800 16427       3       org.gradle.api.internal.project.DefaultProject::files (16 bytes)
Event: 504.371 Thread 0x000001f5840a2800 nmethod 16427 0x000001f5ee668810 code [0x000001f5ee6689e0, 0x000001f5ee668d28]
Event: 504.371 Thread 0x000001f5840a2800 16431       1       kotlin.sequences.TransformingSequence::access$getSequence$p (5 bytes)
Event: 504.371 Thread 0x000001f5840a2800 nmethod 16431 0x000001f5f43fa510 code [0x000001f5f43fa6c0, 0x000001f5f43fa758]
Event: 504.371 Thread 0x000001f5840a2800 16432       2       org.gradle.api.internal.provider.AbstractProperty::init (14 bytes)
Event: 504.371 Thread 0x000001f5840a2800 nmethod 16432 0x000001f5ee668e90 code [0x000001f5ee669040, 0x000001f5ee6691a8]
Event: 504.371 Thread 0x000001f5840a2800 16429       1       com.android.build.gradle.internal.services.ProjectServices::getProjectInfo (5 bytes)
Event: 504.371 Thread 0x000001f5840a2800 nmethod 16429 0x000001f5f43fa810 code [0x000001f5f43fa9c0, 0x000001f5f43faa78]
Event: 504.371 Thread 0x000001f5840a2800 16433       3       org.gradle.api.internal.AbstractNamedDomainObjectContainer::maybeCreate (18 bytes)
Event: 504.372 Thread 0x000001f5840a2800 nmethod 16433 0x000001f5ee669290 code [0x000001f5ee6694a0, 0x000001f5ee669a98]
Event: 504.372 Thread 0x000001f5840a2800 16434       3       org.gradle.api.internal.artifacts.configurations.DefaultConfiguration_Decorated::<init> (48 bytes)
Event: 504.372 Thread 0x000001f5840a2800 nmethod 16434 0x000001f5ee669c90 code [0x000001f5ee669ea0, 0x000001f5ee66a628]
Event: 504.372 Thread 0x000001f5840a2800 16437   !   3       java.util.ArrayList::batchRemove (184 bytes)
Event: 504.373 Thread 0x000001f5840a2800 nmethod 16437 0x000001f5ee66a890 code [0x000001f5ee66aae0, 0x000001f5ee66b598]
Event: 504.373 Thread 0x000001f5840a2800 16435       3       org.gradle.api.internal.artifacts.configurations.DefaultConfiguration::<init> (626 bytes)
Event: 504.374 Thread 0x000001f589f03000 nmethod 16356 0x000001f5f43fab10 code [0x000001f5f43fad00, 0x000001f5f43fb298]
Event: 504.374 Thread 0x000001f589f03000 16424       4       com.google.common.cache.LocalCache$Segment::recordWrite (72 bytes)

GC Heap History (20 events):
Event: 484.871 GC heap before
{Heap before GC invocations=21 (full 0):
 garbage-first heap   total 260096K, used 210647K [0x0000000080000000, 0x0000000100000000)
  region size 1024K, 100 young (102400K), 13 survivors (13312K)
 Metaspace       used 134499K, capacity 137841K, committed 138660K, reserved 1169408K
  class space    used 17154K, capacity 18346K, committed 18688K, reserved 1048576K
}
Event: 484.883 GC heap after
{Heap after GC invocations=22 (full 0):
 garbage-first heap   total 260096K, used 130926K [0x0000000080000000, 0x0000000100000000)
  region size 1024K, 9 young (9216K), 9 survivors (9216K)
 Metaspace       used 134499K, capacity 137841K, committed 138660K, reserved 1169408K
  class space    used 17154K, capacity 18346K, committed 18688K, reserved 1048576K
}
Event: 485.152 GC heap before
{Heap before GC invocations=22 (full 0):
 garbage-first heap   total 260096K, used 211822K [0x0000000080000000, 0x0000000100000000)
  region size 1024K, 89 young (91136K), 9 survivors (9216K)
 Metaspace       used 135008K, capacity 138419K, committed 139172K, reserved 1169408K
  class space    used 17179K, capacity 18392K, committed 18688K, reserved 1048576K
}
Event: 485.164 GC heap after
{Heap after GC invocations=23 (full 0):
 garbage-first heap   total 260096K, used 136740K [0x0000000080000000, 0x0000000100000000)
  region size 1024K, 7 young (7168K), 7 survivors (7168K)
 Metaspace       used 135008K, capacity 138419K, committed 139172K, reserved 1169408K
  class space    used 17179K, capacity 18392K, committed 18688K, reserved 1048576K
}
Event: 485.617 GC heap before
{Heap before GC invocations=24 (full 0):
 garbage-first heap   total 260096K, used 215588K [0x0000000080000000, 0x0000000100000000)
  region size 1024K, 83 young (84992K), 7 survivors (7168K)
 Metaspace       used 137630K, capacity 141064K, committed 141860K, reserved 1171456K
  class space    used 17510K, capacity 18720K, committed 19072K, reserved 1048576K
}
Event: 485.626 GC heap after
{Heap after GC invocations=25 (full 0):
 garbage-first heap   total 260096K, used 154582K [0x0000000080000000, 0x0000000100000000)
  region size 1024K, 11 young (11264K), 11 survivors (11264K)
 Metaspace       used 137630K, capacity 141064K, committed 141860K, reserved 1171456K
  class space    used 17510K, capacity 18720K, committed 19072K, reserved 1048576K
}
Event: 485.824 GC heap before
{Heap before GC invocations=25 (full 0):
 garbage-first heap   total 260096K, used 183254K [0x0000000080000000, 0x0000000100000000)
  region size 1024K, 41 young (41984K), 11 survivors (11264K)
 Metaspace       used 138637K, capacity 142069K, committed 142628K, reserved 1173504K
  class space    used 17622K, capacity 18819K, committed 19072K, reserved 1048576K
}
Event: 485.844 GC heap after
{Heap after GC invocations=26 (full 0):
 garbage-first heap   total 260096K, used 164508K [0x0000000080000000, 0x0000000100000000)
  region size 1024K, 9 young (9216K), 9 survivors (9216K)
 Metaspace       used 138637K, capacity 142069K, committed 142628K, reserved 1173504K
  class space    used 17622K, capacity 18819K, committed 19072K, reserved 1048576K
}
Event: 486.084 GC heap before
{Heap before GC invocations=27 (full 0):
 garbage-first heap   total 260096K, used 221852K [0x0000000080000000, 0x0000000100000000)
  region size 1024K, 49 young (50176K), 9 survivors (9216K)
 Metaspace       used 140248K, capacity 143711K, committed 144420K, reserved 1175552K
  class space    used 17791K, capacity 19007K, committed 19328K, reserved 1048576K
}
Event: 486.093 GC heap after
{Heap after GC invocations=28 (full 0):
 garbage-first heap   total 260096K, used 167045K [0x0000000080000000, 0x0000000100000000)
  region size 1024K, 3 young (3072K), 3 survivors (3072K)
 Metaspace       used 140248K, capacity 143711K, committed 144420K, reserved 1175552K
  class space    used 17791K, capacity 19007K, committed 19328K, reserved 1048576K
}
Event: 486.278 GC heap before
{Heap before GC invocations=28 (full 0):
 garbage-first heap   total 260096K, used 206981K [0x0000000080000000, 0x0000000100000000)
  region size 1024K, 43 young (44032K), 3 survivors (3072K)
 Metaspace       used 141367K, capacity 144907K, committed 145572K, reserved 1175552K
  class space    used 17920K, capacity 19147K, committed 19456K, reserved 1048576K
}
Event: 486.283 GC heap after
{Heap after GC invocations=29 (full 0):
 garbage-first heap   total 260096K, used 169034K [0x0000000080000000, 0x0000000100000000)
  region size 1024K, 5 young (5120K), 5 survivors (5120K)
 Metaspace       used 141367K, capacity 144907K, committed 145572K, reserved 1175552K
  class space    used 17920K, capacity 19147K, committed 19456K, reserved 1048576K
}
Event: 486.424 GC heap before
{Heap before GC invocations=29 (full 0):
 garbage-first heap   total 260096K, used 209994K [0x0000000080000000, 0x0000000100000000)
  region size 1024K, 46 young (47104K), 5 survivors (5120K)
 Metaspace       used 142064K, capacity 145559K, committed 146084K, reserved 1175552K
  class space    used 18009K, capacity 19223K, committed 19456K, reserved 1048576K
}
Event: 486.430 GC heap after
{Heap after GC invocations=30 (full 0):
 garbage-first heap   total 260096K, used 171221K [0x0000000080000000, 0x0000000100000000)
  region size 1024K, 5 young (5120K), 5 survivors (5120K)
 Metaspace       used 142064K, capacity 145559K, committed 146084K, reserved 1175552K
  class space    used 18009K, capacity 19223K, committed 19456K, reserved 1048576K
}
Event: 486.517 GC heap before
{Heap before GC invocations=31 (full 0):
 garbage-first heap   total 260096K, used 213205K [0x0000000080000000, 0x0000000100000000)
  region size 1024K, 47 young (48128K), 5 survivors (5120K)
 Metaspace       used 142735K, capacity 146248K, committed 146724K, reserved 1177600K
  class space    used 18099K, capacity 19324K, committed 19584K, reserved 1048576K
}
Event: 486.522 GC heap after
{Heap after GC invocations=32 (full 0):
 garbage-first heap   total 260096K, used 172873K [0x0000000080000000, 0x0000000100000000)
  region size 1024K, 4 young (4096K), 4 survivors (4096K)
 Metaspace       used 142735K, capacity 146248K, committed 146724K, reserved 1177600K
  class space    used 18099K, capacity 19324K, committed 19584K, reserved 1048576K
}
Event: 486.535 GC heap before
{Heap before GC invocations=32 (full 0):
 garbage-first heap   total 260096K, used 180041K [0x0000000080000000, 0x0000000100000000)
  region size 1024K, 12 young (12288K), 4 survivors (4096K)
 Metaspace       used 142817K, capacity 146312K, committed 146724K, reserved 1177600K
  class space    used 18115K, capacity 19324K, committed 19584K, reserved 1048576K
}
Event: 486.550 GC heap after
{Heap after GC invocations=33 (full 0):
 garbage-first heap   total 260096K, used 157831K [0x0000000080000000, 0x0000000100000000)
  region size 1024K, 1 young (1024K), 1 survivors (1024K)
 Metaspace       used 142817K, capacity 146312K, committed 146724K, reserved 1177600K
  class space    used 18115K, capacity 19324K, committed 19584K, reserved 1048576K
}
Event: 486.768 GC heap before
{Heap before GC invocations=33 (full 0):
 garbage-first heap   total 260096K, used 209031K [0x0000000080000000, 0x0000000100000000)
  region size 1024K, 52 young (53248K), 1 survivors (1024K)
 Metaspace       used 144845K, capacity 148369K, committed 148772K, reserved 1177600K
  class space    used 18345K, capacity 19583K, committed 19840K, reserved 1048576K
}
Event: 486.772 GC heap after
{Heap after GC invocations=34 (full 0):
 garbage-first heap   total 260096K, used 160362K [0x0000000080000000, 0x0000000100000000)
  region size 1024K, 4 young (4096K), 4 survivors (4096K)
 Metaspace       used 144845K, capacity 148369K, committed 148772K, reserved 1177600K
  class space    used 18345K, capacity 19583K, committed 19840K, reserved 1048576K
}

Deoptimization events (20 events):
Event: 495.677 Thread 0x000001f585a27000 DEOPT PACKING pc=0x000001f5f43e49a8 sp=0x0000007a45afe780
Event: 495.677 Thread 0x000001f585a27000 DEOPT UNPACKING pc=0x000001f5ebe778af sp=0x0000007a45afe708 mode 2
Event: 495.677 Thread 0x000001f585a27000 Uncommon trap: trap_request=0xffffffde fr.pc=0x000001f5f43e49a8 relative=0x0000000000000108
Event: 495.677 Thread 0x000001f585a27000 Uncommon trap: reason=class_check action=maybe_recompile pc=0x000001f5f43e49a8 method=jdk.internal.misc.Unsafe.allocateUninitializedArray(Ljava/lang/Class;I)Ljava/lang/Object; @ 48 c2
Event: 495.677 Thread 0x000001f585a27000 DEOPT PACKING pc=0x000001f5f43e49a8 sp=0x0000007a45afe780
Event: 495.677 Thread 0x000001f585a27000 DEOPT UNPACKING pc=0x000001f5ebe778af sp=0x0000007a45afe708 mode 2
Event: 495.677 Thread 0x000001f585a27000 Uncommon trap: trap_request=0xffffffde fr.pc=0x000001f5f43e49a8 relative=0x0000000000000108
Event: 495.677 Thread 0x000001f585a27000 Uncommon trap: reason=class_check action=maybe_recompile pc=0x000001f5f43e49a8 method=jdk.internal.misc.Unsafe.allocateUninitializedArray(Ljava/lang/Class;I)Ljava/lang/Object; @ 48 c2
Event: 495.677 Thread 0x000001f585a27000 DEOPT PACKING pc=0x000001f5f43e49a8 sp=0x0000007a45afe780
Event: 495.677 Thread 0x000001f585a27000 DEOPT UNPACKING pc=0x000001f5ebe778af sp=0x0000007a45afe708 mode 2
Event: 504.346 Thread 0x000001f589c82800 Uncommon trap: trap_request=0xffffffc6 fr.pc=0x000001f5f3a33528 relative=0x0000000000000248
Event: 504.346 Thread 0x000001f589c82800 Uncommon trap: reason=bimorphic_or_optimized_type_check action=maybe_recompile pc=0x000001f5f3a33528 method=com.google.common.base.CharMatcher.indexIn(Ljava/lang/CharSequence;I)I @ 31 c2
Event: 504.346 Thread 0x000001f589c82800 DEOPT PACKING pc=0x000001f5f3a33528 sp=0x0000007a453f8fd0
Event: 504.346 Thread 0x000001f589c82800 DEOPT UNPACKING pc=0x000001f5ebe778af sp=0x0000007a453f8f78 mode 2
Event: 504.362 Thread 0x000001f589c82800 DEOPT PACKING pc=0x000001f5ed6dada4 sp=0x0000007a453f8510
Event: 504.362 Thread 0x000001f589c82800 DEOPT UNPACKING pc=0x000001f5ebe776ce sp=0x0000007a453f7a30 mode 0
Event: 504.365 Thread 0x000001f589c82800 DEOPT PACKING pc=0x000001f5ec9c37f9 sp=0x0000007a453f96c0
Event: 504.365 Thread 0x000001f589c82800 DEOPT UNPACKING pc=0x000001f5ebe776ce sp=0x0000007a453f8b88 mode 0
Event: 504.370 Thread 0x000001f589c82800 DEOPT PACKING pc=0x000001f5ed6dada4 sp=0x0000007a453f9ee0
Event: 504.370 Thread 0x000001f589c82800 DEOPT UNPACKING pc=0x000001f5ebe776ce sp=0x0000007a453f9400 mode 0

Classes redefined (0 events):
No events

Internal exceptions (20 events):
Event: 486.320 Thread 0x000001f586283000 Exception <a 'java/lang/NoSuchMethodError'{0x000000008f025400}: <clinit>> (0x000000008f025400) thrown at [./src/hotspot/share/prims/jni.cpp, line 1362]
Event: 486.321 Thread 0x000001f586283000 Exception <a 'java/lang/NoSuchMethodError'{0x000000008f03ea50}: <clinit>> (0x000000008f03ea50) thrown at [./src/hotspot/share/prims/jni.cpp, line 1362]
Event: 486.321 Thread 0x000001f586283000 Exception <a 'java/lang/NoSuchMethodError'{0x000000008f03ff30}: <clinit>> (0x000000008f03ff30) thrown at [./src/hotspot/share/prims/jni.cpp, line 1362]
Event: 486.335 Thread 0x000001f586283000 Exception <a 'java/lang/NoSuchMethodError'{0x000000008efbe010}: <clinit>> (0x000000008efbe010) thrown at [./src/hotspot/share/prims/jni.cpp, line 1362]
Event: 486.338 Thread 0x000001f586283000 Exception <a 'java/lang/NoSuchMethodError'{0x000000008eff76b0}: <clinit>> (0x000000008eff76b0) thrown at [./src/hotspot/share/prims/jni.cpp, line 1362]
Event: 486.338 Thread 0x000001f586283000 Exception <a 'java/lang/NoSuchMethodError'{0x000000008ee0a6c8}: <clinit>> (0x000000008ee0a6c8) thrown at [./src/hotspot/share/prims/jni.cpp, line 1362]
Event: 486.360 Thread 0x000001f585d44800 Implicit null exception at 0x000001f5f43545b2 to 0x000001f5f435497c
Event: 486.364 Thread 0x000001f58627c000 Implicit null exception at 0x000001f5f43557ac to 0x000001f5f4356cf4
Event: 486.442 Thread 0x000001f586284800 Exception <a 'java/lang/NoSuchMethodError'{0x000000008fb73dd0}: 'int java.lang.invoke.DirectMethodHandle$Holder.invokeSpecial(java.lang.Object, java.lang.Object, java.lang.Object, java.lang.Object, java.lang.Object)'> (0x000000008fb73dd0) thrown at [./src/hotspot/share/interpreter/linkResolver.cpp, line 773]
Event: 486.786 Thread 0x000001f5915ac000 Exception <a 'java/lang/NoSuchMethodError'{0x000000008fd8aa30}: 'void java.lang.invoke.DirectMethodHandle$Holder.invokeStatic(java.lang.Object, long)'> (0x000000008fd8aa30) thrown at [./src/hotspot/share/interpreter/linkResolver.cpp, line 773]
Event: 486.787 Thread 0x000001f5915ac000 Exception <a 'java/lang/NoSuchMethodError'{0x000000008fd8fc48}: 'java.lang.Object java.lang.invoke.DirectMethodHandle$Holder.invokeStatic(java.lang.Object, long)'> (0x000000008fd8fc48) thrown at [./src/hotspot/share/interpreter/linkResolver.cpp, line 773]
Event: 486.787 Thread 0x000001f5915ac000 Exception <a 'java/lang/NoSuchMethodError'{0x000000008fd95fc8}: 'java.lang.Object java.lang.invoke.Invokers$Holder.linkToTargetMethod(long, java.lang.Object)'> (0x000000008fd95fc8) thrown at [./src/hotspot/share/interpreter/linkResolver.cpp, line 773]
Event: 486.789 Thread 0x000001f5915ac000 Exception <a 'java/lang/NoSuchMethodError'{0x000000008fda79c8}: 'java.lang.Object java.lang.invoke.DirectMethodHandle$Holder.invokeStaticInit(java.lang.Object, java.lang.Object, long, java.lang.Object)'> (0x000000008fda79c8) thrown at [./src/hotspot/share/interpreter/linkResolver.cpp, line 773]
Event: 486.789 Thread 0x000001f5915ac000 Exception <a 'java/lang/NoSuchMethodError'{0x000000008fdadb60}: 'java.lang.Object java.lang.invoke.DirectMethodHandle$Holder.invokeStatic(java.lang.Object, java.lang.Object, long)'> (0x000000008fdadb60) thrown at [./src/hotspot/share/interpreter/linkResolver.cpp, line 773]
Event: 486.790 Thread 0x000001f5915ac000 Exception <a 'java/lang/NoSuchMethodError'{0x000000008fdb40d8}: 'java.lang.Object java.lang.invoke.Invokers$Holder.linkToTargetMethod(java.lang.Object, long, java.lang.Object)'> (0x000000008fdb40d8) thrown at [./src/hotspot/share/interpreter/linkResolver.cpp, line 773]
Event: 487.599 Thread 0x000001f5915ac000 Exception <a 'java/io/IOException'{0x000000008fb215f8}> (0x000000008fb215f8) thrown at [./src/hotspot/share/prims/jni.cpp, line 615]
Event: 487.610 Thread 0x000001f589c87000 Exception <a 'java/lang/NoSuchMethodError'{0x000000008f8870a8}: <clinit>> (0x000000008f8870a8) thrown at [./src/hotspot/share/prims/jni.cpp, line 1362]
Event: 487.611 Thread 0x000001f589c87000 Exception <a 'java/lang/NoSuchMethodError'{0x000000008f890e78}: <clinit>> (0x000000008f890e78) thrown at [./src/hotspot/share/prims/jni.cpp, line 1362]
Event: 487.628 Thread 0x000001f5915ab000 Exception <a 'sun/nio/fs/WindowsException'{0x000000008f713c08}> (0x000000008f713c08) thrown at [./src/hotspot/share/prims/jni.cpp, line 615]
Event: 504.360 Thread 0x000001f589c82800 Exception <a 'sun/nio/fs/WindowsException'{0x000000008d886ba8}> (0x000000008d886ba8) thrown at [./src/hotspot/share/prims/jni.cpp, line 615]

Events (20 events):
Event: 504.279 Thread 0x000001f586283000 Thread added: 0x000001f586283000
Event: 504.288 Thread 0x000001f58627d000 Thread added: 0x000001f58627d000
Event: 504.296 Thread 0x000001f594f14000 Thread added: 0x000001f594f14000
Event: 504.312 Thread 0x000001f589f03000 Thread added: 0x000001f589f03000
Event: 504.321 Thread 0x000001f586283800 Thread added: 0x000001f586283800
Event: 504.322 Thread 0x000001f58627e000 Thread added: 0x000001f58627e000
Event: 504.322 Thread 0x000001f586284800 Thread added: 0x000001f586284800
Event: 504.322 Thread 0x000001f586285000 Thread added: 0x000001f586285000
Event: 504.322 Thread 0x000001f586286000 Thread added: 0x000001f586286000
Event: 504.322 Thread 0x000001f589c80800 Thread added: 0x000001f589c80800
Event: 504.322 Thread 0x000001f589c83800 Thread added: 0x000001f589c83800
Event: 504.322 Thread 0x000001f589c82000 Thread added: 0x000001f589c82000
Event: 504.323 Thread 0x000001f589c86000 Thread added: 0x000001f589c86000
Event: 504.323 Thread 0x000001f589c87000 Thread added: 0x000001f589c87000
Event: 504.323 Thread 0x000001f589c89800 Thread added: 0x000001f589c89800
Event: 504.323 Thread 0x000001f589c8a000 Thread added: 0x000001f589c8a000
Event: 504.323 Executing VM operation: RevokeBias
Event: 504.324 Executing coalesced safepoint VM operation: RevokeBias
Event: 504.324 Executing coalesced safepoint VM operation: RevokeBias done
Event: 504.324 Executing VM operation: RevokeBias done


Dynamic libraries:
0x00007ff72b130000 - 0x00007ff72b13a000 	C:\Program Files\Android\Android Studio\jre\bin\java.exe
0x00007ff91a0a0000 - 0x00007ff91a2a7000 	C:\WINDOWS\SYSTEM32\ntdll.dll
0x00007ff919b50000 - 0x00007ff919c0d000 	C:\WINDOWS\System32\KERNEL32.DLL
0x00007ff917810000 - 0x00007ff917b84000 	C:\WINDOWS\System32\KERNELBASE.dll
0x00007ff917b90000 - 0x00007ff917ca1000 	C:\WINDOWS\System32\ucrtbase.dll
0x00007ff907a40000 - 0x00007ff907a59000 	C:\Program Files\Android\Android Studio\jre\bin\jli.dll
0x00007ff9079c0000 - 0x00007ff9079d7000 	C:\Program Files\Android\Android Studio\jre\bin\VCRUNTIME140.dll
0x00007ff919de0000 - 0x00007ff919f8c000 	C:\WINDOWS\System32\USER32.dll
0x00007ff8feac0000 - 0x00007ff8fed65000 	C:\WINDOWS\WinSxS\amd64_microsoft.windows.common-controls_6595b64144ccf1df_6.0.22000.120_none_9d947278b86cc467\COMCTL32.dll
0x00007ff9176f0000 - 0x00007ff917716000 	C:\WINDOWS\System32\win32u.dll
0x00007ff9199b0000 - 0x00007ff919a53000 	C:\WINDOWS\System32\msvcrt.dll
0x00007ff918aa0000 - 0x00007ff918ac9000 	C:\WINDOWS\System32\GDI32.dll
0x00007ff917cb0000 - 0x00007ff917dc2000 	C:\WINDOWS\System32\gdi32full.dll
0x00007ff917650000 - 0x00007ff9176ed000 	C:\WINDOWS\System32\msvcp_win.dll
0x00007ff919200000 - 0x00007ff919231000 	C:\WINDOWS\System32\IMM32.DLL
0x00007ff8dfaa0000 - 0x00007ff8dfb3d000 	C:\Program Files\Android\Android Studio\jre\bin\msvcp140.dll
0x00007ff8be0e0000 - 0x00007ff8bebaf000 	C:\Program Files\Android\Android Studio\jre\bin\server\jvm.dll
0x00007ff918850000 - 0x00007ff9188fe000 	C:\WINDOWS\System32\ADVAPI32.dll
0x00007ff919040000 - 0x00007ff9190de000 	C:\WINDOWS\System32\sechost.dll
0x00007ff918910000 - 0x00007ff918a30000 	C:\WINDOWS\System32\RPCRT4.dll
0x00007ff918900000 - 0x00007ff918908000 	C:\WINDOWS\System32\PSAPI.DLL
0x00007ff909200000 - 0x00007ff909233000 	C:\WINDOWS\SYSTEM32\WINMM.dll
0x00007ff8f6b30000 - 0x00007ff8f6b39000 	C:\WINDOWS\SYSTEM32\WSOCK32.dll
0x00007ff912490000 - 0x00007ff91249a000 	C:\WINDOWS\SYSTEM32\VERSION.dll
0x00007ff918ad0000 - 0x00007ff918b3f000 	C:\WINDOWS\System32\WS2_32.dll
0x00007ff916780000 - 0x00007ff916798000 	C:\WINDOWS\SYSTEM32\kernel.appcore.dll
0x00007ff8be0c0000 - 0x00007ff8be0d1000 	C:\Program Files\Android\Android Studio\jre\bin\verify.dll
0x00007ff905910000 - 0x00007ff905b31000 	C:\WINDOWS\SYSTEM32\DBGHELP.DLL
0x00007ff903f40000 - 0x00007ff903f71000 	C:\WINDOWS\SYSTEM32\dbgcore.DLL
0x00007ff917720000 - 0x00007ff91779f000 	C:\WINDOWS\System32\bcryptPrimitives.dll
0x00007ff8be090000 - 0x00007ff8be0b9000 	C:\Program Files\Android\Android Studio\jre\bin\java.dll
0x00007ff8f5df0000 - 0x00007ff8f5dfb000 	C:\Program Files\Android\Android Studio\jre\bin\jimage.dll
0x00007ff8be070000 - 0x00007ff8be088000 	C:\Program Files\Android\Android Studio\jre\bin\zip.dll
0x00007ff9180a0000 - 0x00007ff91884e000 	C:\WINDOWS\System32\SHELL32.dll
0x00007ff915710000 - 0x00007ff915f77000 	C:\WINDOWS\SYSTEM32\windows.storage.dll
0x00007ff9194e0000 - 0x00007ff919858000 	C:\WINDOWS\System32\combase.dll
0x00007ff9155a0000 - 0x00007ff915706000 	C:\WINDOWS\SYSTEM32\wintypes.dll
0x00007ff919a60000 - 0x00007ff919b4a000 	C:\WINDOWS\System32\SHCORE.dll
0x00007ff919ff0000 - 0x00007ff91a04d000 	C:\WINDOWS\System32\shlwapi.dll
0x00007ff9174c0000 - 0x00007ff9174e1000 	C:\WINDOWS\SYSTEM32\profapi.dll
0x00007ff8bcc40000 - 0x00007ff8bcc5a000 	C:\Program Files\Android\Android Studio\jre\bin\net.dll
0x00007ff9126b0000 - 0x00007ff9127bc000 	C:\WINDOWS\SYSTEM32\WINHTTP.dll
0x00007ff916bb0000 - 0x00007ff916c17000 	C:\WINDOWS\system32\mswsock.dll
0x00007ff8bcc20000 - 0x00007ff8bcc34000 	C:\Program Files\Android\Android Studio\jre\bin\nio.dll
0x00007ff910960000 - 0x00007ff910987000 	D:\aa\native\8bec1ad78214c89d9ad589b4d07fe93259594b29d510b10fafb7a158f7737e5d\windows-amd64\native-platform.dll
0x00007ff8b2ef0000 - 0x00007ff8b302d000 	D:\aa\native\53dbd7edfb1c66fb8903c78663c9afc45aea4f116125fa6feffd364cf09443e8\windows-amd64\native-platform-file-events.dll
0x00007ff8f51e0000 - 0x00007ff8f51ea000 	C:\Program Files\Android\Android Studio\jre\bin\management.dll
0x00007ff8f4d10000 - 0x00007ff8f4d1c000 	C:\Program Files\Android\Android Studio\jre\bin\management_ext.dll
0x00007ff916df0000 - 0x00007ff916e08000 	C:\WINDOWS\SYSTEM32\CRYPTSP.dll
0x00007ff9166e0000 - 0x00007ff916715000 	C:\WINDOWS\system32\rsaenh.dll
0x00007ff916ca0000 - 0x00007ff916cc9000 	C:\WINDOWS\SYSTEM32\USERENV.dll
0x00007ff916f70000 - 0x00007ff916f97000 	C:\WINDOWS\SYSTEM32\bcrypt.dll
0x00007ff916e10000 - 0x00007ff916e1c000 	C:\WINDOWS\SYSTEM32\CRYPTBASE.dll
0x00007ff9162b0000 - 0x00007ff9162dd000 	C:\WINDOWS\SYSTEM32\IPHLPAPI.DLL
0x00007ff918b40000 - 0x00007ff918b49000 	C:\WINDOWS\System32\NSI.dll
0x00007ff9127d0000 - 0x00007ff9127e9000 	C:\WINDOWS\SYSTEM32\dhcpcsvc6.DLL
0x00007ff912a80000 - 0x00007ff912a9e000 	C:\WINDOWS\SYSTEM32\dhcpcsvc.DLL
0x00007ff9162e0000 - 0x00007ff9163c7000 	C:\WINDOWS\SYSTEM32\DNSAPI.dll
0x00007ff8bbde0000 - 0x00007ff8bbe07000 	C:\Program Files\Android\Android Studio\jre\bin\sunec.dll
0x00007ff90fb30000 - 0x00007ff90fb3a000 	C:\Windows\System32\rasadhlp.dll
0x00007ff910e20000 - 0x00007ff910ea1000 	C:\WINDOWS\System32\fwpuclnt.dll

dbghelp: loaded successfully - version: 4.0.5 - missing functions: none
symbol engine: initialized successfully - sym options: 0x614 - pdb path: .;C:\Program Files\Android\Android Studio\jre\bin;C:\WINDOWS\SYSTEM32;C:\WINDOWS\WinSxS\amd64_microsoft.windows.common-controls_6595b64144ccf1df_6.0.22000.120_none_9d947278b86cc467;C:\Program Files\Android\Android Studio\jre\bin\server;D:\aa\native\8bec1ad78214c89d9ad589b4d07fe93259594b29d510b10fafb7a158f7737e5d\windows-amd64;D:\aa\native\53dbd7edfb1c66fb8903c78663c9afc45aea4f116125fa6feffd364cf09443e8\windows-amd64

VM Arguments:
jvm_args: --add-opens=java.base/java.util=ALL-UNNAMED --add-opens=java.base/java.lang=ALL-UNNAMED --add-opens=java.base/java.lang.invoke=ALL-UNNAMED --add-opens=java.base/java.util=ALL-UNNAMED --add-opens=java.prefs/java.util.prefs=ALL-UNNAMED --add-opens=java.prefs/java.util.prefs=ALL-UNNAMED --add-opens=java.base/java.nio.charset=ALL-UNNAMED --add-opens=java.base/java.net=ALL-UNNAMED --add-opens=java.base/java.util.concurrent.atomic=ALL-UNNAMED -Xmx2048m -Dfile.encoding=UTF-8 -Duser.country=IN -Duser.language=en -Duser.variant 
java_command: org.gradle.launcher.daemon.bootstrap.GradleDaemon 7.0.2
java_class_path (initial): D:\aa\wrapper\dists\gradle-7.0.2-bin\857tjihv64xamwrf0h14cai3r\gradle-7.0.2\lib\gradle-launcher-7.0.2.jar
Launcher Type: SUN_STANDARD

[Global flags]
     intx CICompilerCount                          = 4                                         {product} {ergonomic}
     uint ConcGCThreads                            = 3                                         {product} {ergonomic}
     uint G1ConcRefinementThreads                  = 10                                        {product} {ergonomic}
   size_t G1HeapRegionSize                         = 1048576                                   {product} {ergonomic}
    uintx GCDrainStackTargetSize                   = 64                                        {product} {ergonomic}
   size_t InitialHeapSize                          = 266338304                                 {product} {ergonomic}
   size_t MarkStackSize                            = 4194304                                   {product} {ergonomic}
   size_t MaxHeapSize                              = 2147483648                                {product} {command line}
   size_t MaxNewSize                               = 1287651328                                {product} {ergonomic}
   size_t MinHeapDeltaBytes                        = 1048576                                   {product} {ergonomic}
    uintx NonNMethodCodeHeapSize                   = 5836300                                {pd product} {ergonomic}
    uintx NonProfiledCodeHeapSize                  = 122910970                              {pd product} {ergonomic}
    uintx ProfiledCodeHeapSize                     = 122910970                              {pd product} {ergonomic}
    uintx ReservedCodeCacheSize                    = 251658240                              {pd product} {ergonomic}
     bool SegmentedCodeCache                       = true                                      {product} {ergonomic}
     bool UseCompressedClassPointers               = true                                 {lp64_product} {ergonomic}
     bool UseCompressedOops                        = true                                 {lp64_product} {ergonomic}
     bool UseG1GC                                  = true                                      {product} {ergonomic}
     bool UseLargePagesIndividualAllocation        = false                                  {pd product} {ergonomic}

Logging:
Log output configuration:
 #0: stdout all=warning uptime,level,tags
 #1: stderr all=off uptime,level,tags

Environment Variables:
JAVA_HOME=C:\Program Files\Java\jdk-15.0.2
PATH=C:\MinGW;C:\MinGW\bin;C:\Program Files\Java\jdk-15.0.2\bin;C:\Program Files\Common Files\Oracle\Java\javapath;C:\Windows\system32;C:\Windows;C:\Windows\System32\Wbem;C:\Windows\System32\WindowsPowerShell\v1.0\;C:\Windows\System32\OpenSSH\;C:\Program Files (x86)\NVIDIA Corporation\PhysX\Common;C:\Program Files\NVIDIA Corporation\NVIDIA NvDLISR;C:\WINDOWS\system32;C:\WINDOWS;C:\WINDOWS\System32\Wbem;C:\WINDOWS\System32\WindowsPowerShell\v1.0\;C:\WINDOWS\System32\OpenSSH\;C:\Program Files\Git\cmd;C:\Program Files\dotnet\;C:\Users\Deepak\Desktop\gradle1\gradle-7.0.1\bin;C:\Users\Deepak\Desktop\gradle1\gradle-7.0.1;C:\Program Files\nodejs;C:\Program Files\Google\Google Apps Sync\;C:\Program Files\Google\Google Apps Migration\;C:\Program Files\Microsoft SQL Server\150\Tools\Binn\;C:\Program Files\Microsoft SQL Server\Client SDK\ODBC\170\Tools\Binn\;C:\Users\Deepak\anaconda3;C:\Users\Deepak\anaconda3\Library\mingw-w64\bin;C:\Users\Deepak\anaconda3\Library\usr\bin;C:\Users\Deepak\anaconda3\Library\bin;C:\Users\Deepak\anaconda3\Scripts;C:\Program Files\MySQL\MySQL Shell 8.0\bin\;C:\src\flutter\flutter\bin;C:\Users\Deepak\AppData\Local\Programs\Python\Python39\Scripts\;C:\Users\Deepak\AppData\Local\Programs\Python\Python39\;C:\Program Files\Java\jdk-15.0.2\bin;C:\Program Files\JetBrains\IntelliJ IDEA 2020.3.2\bin;;C:\Users\Deepak\AppData\Local\Microsoft\WindowsApps;C:\Users\Deepak\AppData\Local\Programs\Microsoft VS Code\bin;C:\Users\Deepak\AppData\Local\Programs\radare2\bin;C:\Modeltech_eval_6.2c\win32;C:\Modeltech_6.2c\win32;C:\Program Files\JetBrains\IntelliJ IDEA Community Edition 2021.1.2\bin;;C:\Program Files\JetBrains\PyCharm Community Edition 2021.1.2\bin;;C:\Users\Deepak\AppData\Roaming\npm;C:\Users\Deepak\AppData\Local\GitHubDesktop\bin;C:\Users\Deepak\.dotnet\tools
USERNAME=Deepak
OS=Windows_NT
PROCESSOR_IDENTIFIER=Intel64 Family 6 Model 158 Stepping 10, GenuineIntel



---------------  S Y S T E M  ---------------

OS: Windows 10 , 64 bit Build 22000 (10.0.22000.434)
OS uptime: 0 days 19:56 hours

CPU:total 12 (initial active 12) (6 cores per cpu, 2 threads per core) family 6 model 158 stepping 10 microcode 0xde, cmov, cx8, fxsr, mmx, sse, sse2, sse3, ssse3, sse4.1, sse4.2, popcnt, avx, avx2, aes, clmul, erms, 3dnowpref, lzcnt, ht, tsc, tscinvbit, bmi1, bmi2, adx, fma

Memory: 4k page, system-wide physical 16225M (2526M free)
TotalPageFile size 16225M (AvailPageFile size 5M)
current process WorkingSet (physical memory assigned to process): 604M, peak: 627M
current process commit charge ("private bytes"): 650M, peak: 667M

vm_info: OpenJDK 64-Bit Server VM (11.0.10+0-b96-7249189) for windows-amd64 JRE (11.0.10+0-b96-7249189), built on Mar 31 2021 21:44:00 by "builder" with MS VC++ 14.0 (VS2015)

END.
