JvmtiExport can_access_local_variables 0
JvmtiExport can_hotswap_or_post_breakpoint 0
JvmtiExport can_post_on_exceptions 0
# 671 ciObject found
instanceKlass com/android/tools/analytics/crash/GoogleCrashReporter
instanceKlass com/android/tools/analytics/crash/CrashReporter
instanceKlass com/android/build/gradle/internal/crash/PluginCrashReporter
instanceKlass com/android/build/gradle/internal/errors/MessageReceiverImpl$WhenMappings
instanceKlass com/android/tools/r8/errors/DuplicateTypesDiagnostic
instanceKlass com/android/tools/r8/internal/UA$b
instanceKlass com/android/tools/r8/utils/ExceptionDiagnostic
instanceKlass com/android/tools/r8/utils/w$$Lambda$1731
instanceKlass java/lang/invoke/LambdaForm$DMH
instanceKlass java/util/concurrent/ForkJoinPool$DefaultForkJoinWorkerThreadFactory$1
instanceKlass com/android/tools/r8/dex/a$a$$Lambda$1730
instanceKlass com/android/tools/r8/dex/j$$Lambda$1729
instanceKlass com/android/tools/r8/internal/p1$$Lambda$1728
instanceKlass com/android/tools/r8/internal/r7$$Lambda$1727
instanceKlass com/android/tools/r8/internal/YD
instanceKlass com/android/tools/r8/internal/ak
instanceKlass com/android/tools/r8/internal/Yj
instanceKlass com/android/tools/r8/internal/va
instanceKlass com/android/tools/r8/internal/av
instanceKlass com/android/tools/r8/dex/j
instanceKlass com/android/tools/r8/internal/x3
instanceKlass com/android/tools/r8/utils/T
instanceKlass com/android/tools/r8/naming/h
instanceKlass com/android/tools/r8/internal/Uw
instanceKlass com/android/tools/r8/utils/U
instanceKlass com/android/tools/r8/shaking/a1$a
instanceKlass com/android/tools/r8/shaking/f1$d
instanceKlass com/android/tools/r8/shaking/F1
instanceKlass com/android/tools/r8/shaking/D1$a
instanceKlass com/android/tools/r8/shaking/D1
instanceKlass com/android/tools/r8/shaking/B1$b
instanceKlass com/android/tools/r8/shaking/B1
instanceKlass com/android/tools/r8/shaking/Y0$b
instanceKlass com/android/tools/r8/shaking/Y0
instanceKlass com/android/tools/r8/internal/L2
instanceKlass com/android/tools/r8/internal/yu
instanceKlass com/android/tools/r8/internal/N2
instanceKlass com/android/tools/r8/internal/k0
instanceKlass com/android/tools/r8/shaking/A1$b
instanceKlass com/android/tools/r8/shaking/A1
instanceKlass com/android/tools/r8/shaking/e1$b
instanceKlass com/android/tools/r8/shaking/e1
instanceKlass com/android/tools/r8/BaseCommand$Builder$$Lambda$1726
instanceKlass com/android/tools/r8/D8Command$Builder$$Lambda$1725
instanceKlass com/android/tools/r8/D8Command$Builder$$Lambda$1724
instanceKlass com/android/tools/r8/internal/Tw
instanceKlass com/android/tools/r8/shaking/h1
instanceKlass com/android/tools/r8/D8Command$Builder$$Lambda$1723
instanceKlass com/android/tools/r8/D8Command$Builder$$Lambda$1722
instanceKlass com/android/builder/dexing/D8DexArchiveMerger
instanceKlass com/android/builder/dexing/DexArchiveMerger
instanceKlass com/android/build/gradle/internal/tasks/ValidateSigningTask$forceRerun$storeFile$1
instanceKlass org/gradle/api/internal/file/FilteredFileCollection$$Lambda$1721
instanceKlass org/gradle/internal/Try$1
instanceKlass com/android/builder/dexing/DirDexArchive
instanceKlass com/android/builder/dexing/DexArchive
instanceKlass com/android/builder/dexing/DexArchives
instanceKlass com/android/builder/dexing/DexArchiveEntry
instanceKlass com/android/build/gradle/internal/tasks/DexMergingTaskDelegate$run$1$1
instanceKlass com/android/builder/dexing/DexEntryBucket$Companion
instanceKlass com/android/builder/dexing/DexEntryBucket
instanceKlass com/android/builder/dexing/DexEntry$Companion
instanceKlass com/android/builder/dexing/DexEntry
instanceKlass com/android/builder/dexing/DexUtilsKt$getSortedFilesInDir$2$2
instanceKlass kotlin/streams/jdk8/StreamsKt
instanceKlass com/android/builder/dexing/DexUtilsKt$getSortedFilesInDir$2$1
instanceKlass java/nio/file/Files$$Lambda$1720
instanceKlass java/nio/file/Files$$Lambda$1719
instanceKlass java/nio/file/FileTreeIterator
instanceKlass com/android/build/gradle/internal/tasks/DexMergingTaskDelegate$Companion
instanceKlass com/android/build/gradle/options/ProjectOptions$OptionValue$$Lambda$1718
instanceKlass com/android/build/gradle/options/ProjectOptions$$Lambda$1717
instanceKlass com/android/build/gradle/internal/tasks/DexMergingTask$doTaskAction$1
instanceKlass org/gradle/internal/watch/vfs/impl/WatchingVirtualFileSystem$VfsChangeLoggingNodeDiffListener
instanceKlass org/gradle/internal/watch/vfs/impl/WatchingVirtualFileSystem$3$$Lambda$1716
instanceKlass org/gradle/internal/watch/vfs/impl/WatchingVirtualFileSystem$3$$Lambda$1715
instanceKlass org/gradle/api/internal/artifacts/transform/DefaultTransformerInvocationFactory$TransformerExecution$2
instanceKlass org/gradle/api/internal/artifacts/transform/DefaultTransformerInvocationFactory$TransformerExecution$$Lambda$1714
instanceKlass org/gradle/api/internal/artifacts/transform/DefaultTransformerInvocationFactory$TransformerExecution$$Lambda$1713
instanceKlass org/gradle/api/internal/artifacts/transform/DefaultTransformerInvocationFactory$TransformerExecution$$Lambda$1712
instanceKlass com/android/tools/r8/internal/z7
instanceKlass com/android/tools/r8/internal/A7
instanceKlass com/android/tools/r8/internal/B7
instanceKlass com/android/tools/r8/internal/ya
instanceKlass com/android/tools/r8/ByteDataView
instanceKlass com/android/tools/r8/dex/m$a
instanceKlass java/util/zip/Adler32
instanceKlass com/android/tools/r8/internal/J8
instanceKlass com/android/tools/r8/dex/m$$Lambda$1711
instanceKlass com/android/tools/r8/dex/m$$Lambda$1710
instanceKlass com/android/tools/r8/dex/m$$Lambda$1709
instanceKlass com/android/tools/r8/dex/m$$Lambda$1708
instanceKlass com/android/tools/r8/dex/m$$Lambda$1707
instanceKlass com/android/tools/r8/dex/m$$Lambda$1706
instanceKlass com/android/tools/r8/dex/m$$Lambda$1705
instanceKlass com/android/tools/r8/dex/m$$Lambda$1704
instanceKlass com/android/tools/r8/dex/m$$Lambda$1703
instanceKlass com/android/tools/r8/dex/m$$Lambda$1702
instanceKlass com/android/tools/r8/dex/m$$Lambda$1701
instanceKlass com/android/tools/r8/graph/s$$Lambda$1700
instanceKlass com/android/tools/r8/graph/s$$Lambda$1699
instanceKlass com/android/tools/r8/graph/s$$Lambda$1698
instanceKlass com/android/tools/r8/dex/m$$Lambda$1697
instanceKlass com/android/tools/r8/dex/m$$Lambda$1696
instanceKlass com/android/tools/r8/dex/m$$Lambda$1695
instanceKlass com/android/tools/r8/dex/m$$Lambda$1694
instanceKlass com/android/tools/r8/dex/m$$Lambda$1693
instanceKlass com/android/tools/r8/dex/m$$Lambda$1692
instanceKlass com/android/tools/r8/dex/m$$Lambda$1691
instanceKlass com/android/tools/r8/dex/m$$Lambda$1690
instanceKlass com/android/tools/r8/dex/m$$Lambda$1689
instanceKlass com/android/tools/r8/internal/qr$$Lambda$1688
instanceKlass com/android/tools/r8/internal/qr$$Lambda$1687
instanceKlass com/android/tools/r8/internal/qr$$Lambda$1686
instanceKlass com/android/tools/r8/internal/qr$$Lambda$1685
instanceKlass com/android/tools/r8/dex/m$$Lambda$1684
instanceKlass com/android/tools/r8/internal/rj$$Lambda$1683
instanceKlass com/android/tools/r8/dex/m$$Lambda$1682
instanceKlass com/android/tools/r8/dex/m$$Lambda$1681
instanceKlass com/android/tools/r8/dex/m$$Lambda$1680
instanceKlass com/android/tools/r8/dex/c
instanceKlass com/android/tools/r8/internal/jb
instanceKlass com/android/tools/r8/dex/m$$Lambda$1679
instanceKlass com/android/tools/r8/dex/m$$Lambda$1678
instanceKlass com/android/tools/r8/dex/m$$Lambda$1677
instanceKlass com/android/tools/r8/dex/m$$Lambda$1676
instanceKlass com/android/tools/r8/dex/m$$Lambda$1675
instanceKlass com/android/tools/r8/dex/m$$Lambda$1674
instanceKlass com/android/tools/r8/dex/m$$Lambda$1673
instanceKlass com/android/tools/r8/dex/m$$Lambda$1672
instanceKlass com/android/tools/r8/dex/m$$Lambda$1671
instanceKlass java/lang/invoke/LambdaForm$DMH
instanceKlass com/android/tools/r8/internal/Oo
instanceKlass com/android/tools/r8/internal/f9
instanceKlass com/android/tools/r8/dex/m$$Lambda$1670
instanceKlass com/android/tools/r8/naming/w
instanceKlass com/android/tools/r8/naming/w$c
instanceKlass com/android/tools/r8/internal/Jw
instanceKlass com/android/tools/r8/dex/m$$Lambda$1669
instanceKlass com/android/tools/r8/dex/n
instanceKlass com/android/tools/r8/graph/s$$Lambda$1668
instanceKlass com/android/tools/r8/graph/Z$$Lambda$1667
instanceKlass com/android/tools/r8/internal/hr$$Lambda$1666
instanceKlass com/android/tools/r8/graph/S$$Lambda$1665
instanceKlass com/android/tools/r8/internal/Nz$f
instanceKlass com/android/tools/r8/graph/Z$$Lambda$1664
instanceKlass com/android/tools/r8/internal/Vt$f
instanceKlass com/android/tools/r8/dex/m$$Lambda$1663
instanceKlass com/android/tools/r8/graph/J$$Lambda$1662
instanceKlass com/android/tools/r8/internal/GE$$Lambda$1661
instanceKlass com/android/tools/r8/internal/GE$$Lambda$1660
instanceKlass com/android/tools/r8/internal/GE$$Lambda$1659
instanceKlass com/android/tools/r8/graph/J$$Lambda$1658
instanceKlass com/android/tools/r8/graph/J$$Lambda$1657
instanceKlass com/android/tools/r8/graph/J$$Lambda$1656
instanceKlass com/android/tools/r8/internal/bu
instanceKlass com/android/tools/r8/internal/Xt
instanceKlass com/android/tools/r8/internal/n8
instanceKlass com/android/tools/r8/dex/i
instanceKlass com/android/tools/r8/internal/Gw
instanceKlass com/android/tools/r8/dex/m
instanceKlass com/android/tools/r8/internal/Uu$$Lambda$1655
instanceKlass com/android/tools/r8/internal/Uu$$Lambda$1654
instanceKlass com/android/tools/r8/internal/Uu$$Lambda$1653
instanceKlass com/android/tools/r8/internal/Uu$$Lambda$1652
instanceKlass com/android/tools/r8/internal/Uu$$Lambda$1651
instanceKlass com/android/tools/r8/internal/Uu$$Lambda$1650
instanceKlass com/android/tools/r8/internal/Uu$$Lambda$1649
instanceKlass com/android/tools/r8/internal/Uu$$Lambda$1648
instanceKlass java/util/IdentityHashMap$IdentityHashMapSpliterator
instanceKlass com/android/tools/r8/internal/Uu$b
instanceKlass com/android/tools/r8/internal/Uu$$Lambda$1647
instanceKlass com/android/tools/r8/internal/Uu$$Lambda$1646
instanceKlass com/android/tools/r8/internal/Uu$$Lambda$1645
instanceKlass com/android/tools/r8/internal/Uu$$Lambda$1644
instanceKlass com/android/tools/r8/internal/Uu$$Lambda$1643
instanceKlass com/android/tools/r8/internal/Sz
instanceKlass com/android/tools/r8/internal/mA
instanceKlass com/android/tools/r8/internal/Uu$$Lambda$1642
instanceKlass com/android/tools/r8/internal/Uu$$Lambda$1641
instanceKlass com/android/tools/r8/internal/Uu
instanceKlass com/android/tools/r8/dex/b$$Lambda$1640
instanceKlass com/android/tools/r8/graph/M$$Lambda$1639
instanceKlass com/android/tools/r8/internal/Cs$$Lambda$1638
instanceKlass com/android/tools/r8/graph/S$$Lambda$1637
instanceKlass com/android/tools/r8/graph/u$$Lambda$1636
instanceKlass com/android/tools/r8/graph/Z$$Lambda$1635
instanceKlass com/android/tools/r8/dex/b$$Lambda$1634
instanceKlass com/android/tools/r8/internal/fu$d
instanceKlass com/android/tools/r8/internal/fu$f
instanceKlass com/android/tools/r8/internal/r7$$Lambda$1633
instanceKlass com/android/tools/r8/internal/r7$$Lambda$1632
instanceKlass com/android/tools/r8/internal/cu$a
instanceKlass com/android/tools/r8/internal/du
instanceKlass com/android/tools/r8/internal/o0
instanceKlass com/android/tools/r8/internal/cu
instanceKlass com/android/tools/r8/internal/r7
instanceKlass com/android/tools/r8/internal/Up
instanceKlass com/android/tools/r8/internal/Uz
instanceKlass com/android/tools/r8/internal/I0
instanceKlass com/android/tools/r8/graph/v0$$Lambda$1631
instanceKlass com/android/tools/r8/graph/v0$f
instanceKlass com/android/tools/r8/internal/oa$$Lambda$1630
instanceKlass com/android/tools/r8/internal/oa$$Lambda$1629
instanceKlass com/android/tools/r8/graph/Z$$Lambda$1628
instanceKlass com/android/tools/r8/graph/Z$$Lambda$1627
instanceKlass com/android/tools/r8/graph/Z$$Lambda$1626
instanceKlass com/android/tools/r8/internal/Gj
instanceKlass com/android/tools/r8/internal/Cj
instanceKlass com/android/tools/r8/dex/z$j
instanceKlass com/android/tools/r8/dex/z$i
instanceKlass com/android/tools/r8/dex/z$c$$Lambda$1625
instanceKlass com/android/tools/r8/dex/z$$Lambda$1624
instanceKlass com/android/tools/r8/naming/b
instanceKlass com/android/tools/r8/dex/z$g$$Lambda$1623
instanceKlass com/android/tools/r8/dex/z$g$$Lambda$1622
instanceKlass com/android/tools/r8/dex/z$g$$Lambda$1621
instanceKlass com/android/tools/r8/dex/z$g$$Lambda$1620
instanceKlass com/android/tools/r8/dex/z$g$$Lambda$1619
instanceKlass com/android/tools/r8/dex/z$g$$Lambda$1618
instanceKlass com/android/tools/r8/dex/z$g$$Lambda$1617
instanceKlass com/android/tools/r8/dex/z$g$$Lambda$1616
instanceKlass com/android/tools/r8/dex/z$g$$Lambda$1615
instanceKlass com/android/tools/r8/internal/Ro
instanceKlass com/android/tools/r8/dex/z$g
instanceKlass com/android/tools/r8/dex/z$k
instanceKlass com/android/tools/r8/internal/Uf
instanceKlass com/android/tools/r8/dex/z
instanceKlass com/android/tools/r8/dex/b$$Lambda$1614
instanceKlass com/android/tools/r8/internal/E1
instanceKlass com/android/tools/r8/graph/o0$$Lambda$1613
instanceKlass com/android/tools/r8/graph/o0$$Lambda$1612
instanceKlass com/android/tools/r8/graph/o0
instanceKlass com/android/tools/r8/internal/fe
instanceKlass com/android/tools/r8/dex/b$$Lambda$1611
instanceKlass com/android/tools/r8/dex/b$$Lambda$1610
instanceKlass com/android/tools/r8/internal/TF
instanceKlass com/android/tools/r8/internal/VF
instanceKlass com/android/tools/r8/internal/dk
instanceKlass com/android/tools/r8/internal/Fq$$Lambda$1609
instanceKlass com/android/tools/r8/internal/Fq$$Lambda$1608
instanceKlass com/android/tools/r8/internal/cw$$Lambda$1607
instanceKlass com/android/tools/r8/internal/cw
instanceKlass com/android/tools/r8/dex/b$$Lambda$1606
instanceKlass com/android/tools/r8/dex/h
instanceKlass com/android/tools/r8/internal/zr
instanceKlass com/android/tools/r8/dex/w
instanceKlass com/android/tools/r8/dex/z$b
instanceKlass com/android/tools/r8/dex/b
instanceKlass com/android/tools/r8/internal/fF
instanceKlass com/android/tools/r8/synthesis/p$$Lambda$1605
instanceKlass com/android/tools/r8/synthesis/p$$Lambda$1604
instanceKlass com/android/tools/r8/synthesis/c$$Lambda$1603
instanceKlass com/android/tools/r8/synthesis/c$$Lambda$1602
instanceKlass com/android/tools/r8/synthesis/p$$Lambda$1601
instanceKlass com/android/tools/r8/synthesis/p$$Lambda$1600
instanceKlass com/android/tools/r8/synthesis/p$$Lambda$1599
instanceKlass com/android/tools/r8/synthesis/p$$Lambda$1598
instanceKlass com/android/tools/r8/synthesis/p$$Lambda$1597
instanceKlass java/lang/invoke/LambdaForm$DMH
instanceKlass com/android/tools/r8/synthesis/n
instanceKlass com/android/tools/r8/synthesis/p$$Lambda$1596
instanceKlass com/android/tools/r8/synthesis/p$$Lambda$1595
instanceKlass com/android/tools/r8/synthesis/p$$Lambda$1594
instanceKlass java/lang/invoke/LambdaForm$DMH
instanceKlass java/lang/invoke/LambdaForm$MH
instanceKlass java/lang/invoke/LambdaForm$DMH
instanceKlass com/android/tools/r8/synthesis/p$$Lambda$1593
instanceKlass java/lang/invoke/LambdaForm$DMH
instanceKlass com/android/tools/r8/internal/d7
instanceKlass com/android/tools/r8/internal/sj
instanceKlass com/android/tools/r8/internal/DF
instanceKlass com/android/tools/r8/internal/rj$$Lambda$1592
instanceKlass com/android/tools/r8/internal/rj
instanceKlass com/android/tools/r8/internal/w2
instanceKlass com/android/tools/r8/internal/ys
instanceKlass com/android/tools/r8/internal/z2
instanceKlass com/android/tools/r8/internal/v2
instanceKlass com/android/tools/r8/internal/xs
instanceKlass com/android/tools/r8/synthesis/m
instanceKlass com/android/tools/r8/graph/Z0
instanceKlass com/android/tools/r8/synthesis/p
instanceKlass com/android/tools/r8/internal/Ln
instanceKlass com/android/tools/r8/internal/ee
instanceKlass com/android/tools/r8/internal/mp$c
instanceKlass com/android/tools/r8/internal/op
instanceKlass com/android/tools/r8/internal/kp
instanceKlass com/android/tools/r8/internal/Tj
instanceKlass com/android/tools/r8/internal/Fq
instanceKlass com/android/tools/r8/synthesis/c$$Lambda$1591
instanceKlass com/android/tools/r8/synthesis/b$$Lambda$1590
instanceKlass com/android/tools/r8/internal/Po
instanceKlass com/android/tools/r8/synthesis/b
instanceKlass com/android/tools/r8/internal/Py
instanceKlass com/android/tools/r8/internal/Py$a
instanceKlass com/android/tools/r8/internal/ir$$Lambda$1589
instanceKlass com/android/tools/r8/internal/hr$$Lambda$1588
instanceKlass com/android/tools/r8/graph/Z$$Lambda$1587
instanceKlass com/android/tools/r8/internal/S8$$Lambda$1586
instanceKlass com/android/tools/r8/internal/W8$$Lambda$1585
instanceKlass com/android/tools/r8/internal/W8$$Lambda$1584
instanceKlass com/android/tools/r8/ir/conversion/k$$Lambda$1583
instanceKlass com/android/tools/r8/internal/W8$$Lambda$1582
instanceKlass com/android/tools/r8/internal/U8
instanceKlass com/android/tools/r8/utils/u$$Lambda$1581
instanceKlass com/android/tools/r8/internal/W8$$Lambda$1580
instanceKlass com/android/tools/r8/internal/Gs
instanceKlass com/android/tools/r8/ir/conversion/k$$Lambda$1579
instanceKlass com/android/tools/r8/internal/X5
instanceKlass com/android/tools/r8/internal/x4$a$$Lambda$1578
instanceKlass com/android/tools/r8/internal/x4$a$$Lambda$1577
instanceKlass com/android/tools/r8/internal/x4$a$$Lambda$1576
instanceKlass com/android/tools/r8/internal/kj
instanceKlass com/android/tools/r8/internal/x4$a$$Lambda$1575
instanceKlass com/android/tools/r8/internal/F7$$Lambda$1574
instanceKlass com/android/tools/r8/internal/ns
instanceKlass com/android/tools/r8/internal/ms
instanceKlass com/android/tools/r8/internal/ls$a
instanceKlass com/android/tools/r8/internal/ss
instanceKlass com/android/tools/r8/internal/R8
instanceKlass com/android/tools/r8/internal/Ti
instanceKlass com/android/tools/r8/internal/a0
instanceKlass com/android/tools/r8/internal/af$a
instanceKlass com/android/tools/r8/internal/g8
instanceKlass com/android/tools/r8/internal/F7$$Lambda$1573
instanceKlass com/android/tools/r8/internal/C7
instanceKlass com/android/tools/r8/internal/tz$$Lambda$1572
instanceKlass com/android/tools/r8/graph/z$$Lambda$1571
instanceKlass com/android/tools/r8/graph/z$$Lambda$1570
instanceKlass com/android/tools/r8/internal/tz$$Lambda$1569
instanceKlass com/android/tools/r8/internal/F7$$Lambda$1568
instanceKlass com/android/tools/r8/internal/X$i$a
instanceKlass com/android/tools/r8/internal/ia
instanceKlass com/android/tools/r8/graph/T$$Lambda$1567
instanceKlass com/android/tools/r8/internal/x2
instanceKlass com/android/tools/r8/internal/u2
instanceKlass com/android/tools/r8/graph/v0$h
instanceKlass com/android/tools/r8/graph/T$$Lambda$1566
instanceKlass com/android/tools/r8/graph/T$$Lambda$1565
instanceKlass com/android/tools/r8/internal/Es
instanceKlass com/android/tools/r8/internal/t1
instanceKlass com/android/tools/r8/internal/Dt$a
instanceKlass com/android/tools/r8/internal/Mv$$Lambda$1564
instanceKlass java/lang/invoke/LambdaForm$DMH
instanceKlass com/android/tools/r8/graph/Q$$Lambda$1563
instanceKlass com/android/tools/r8/graph/Q$$Lambda$1562
instanceKlass com/android/tools/r8/graph/Q$$Lambda$1561
instanceKlass com/android/tools/r8/graph/Q$$Lambda$1560
instanceKlass com/android/tools/r8/code/L0$$Lambda$1559
instanceKlass com/android/tools/r8/code/L0$$Lambda$1558
instanceKlass com/android/tools/r8/code/L0$$Lambda$1557
instanceKlass com/android/tools/r8/code/L0$$Lambda$1556
instanceKlass com/android/tools/r8/code/f0
instanceKlass com/android/tools/r8/internal/Qb$a
instanceKlass com/android/tools/r8/ir/regalloc/e$$Lambda$1555
instanceKlass com/android/tools/r8/internal/QG$$Lambda$1554
instanceKlass com/android/tools/r8/internal/k2$$Lambda$1553
instanceKlass com/android/tools/r8/internal/i2$$Lambda$1552
instanceKlass com/android/tools/r8/internal/Me$e
instanceKlass com/android/tools/r8/internal/K3$a
instanceKlass com/android/tools/r8/internal/Aw
instanceKlass com/android/tools/r8/internal/Cv
instanceKlass com/android/tools/r8/internal/XF$$Lambda$1551
instanceKlass com/android/tools/r8/internal/m4$$Lambda$1550
instanceKlass com/android/tools/r8/internal/m4$$Lambda$1549
instanceKlass com/android/tools/r8/internal/t2$$Lambda$1548
instanceKlass com/android/tools/r8/internal/m4$$Lambda$1547
instanceKlass com/android/tools/r8/internal/m4$$Lambda$1546
instanceKlass com/android/tools/r8/internal/m4$$Lambda$1545
instanceKlass com/android/tools/r8/internal/nf
instanceKlass com/android/tools/r8/graph/i$$Lambda$1544
instanceKlass com/android/tools/r8/internal/m4
instanceKlass com/android/tools/r8/graph/T$$Lambda$1543
instanceKlass com/android/tools/r8/internal/Z9
instanceKlass com/android/tools/r8/internal/It
instanceKlass com/android/tools/r8/internal/Mv$$Lambda$1542
instanceKlass com/android/tools/r8/internal/uA
instanceKlass com/android/tools/r8/internal/vA
instanceKlass com/android/tools/r8/ir/regalloc/e$$Lambda$1541
instanceKlass com/android/tools/r8/ir/regalloc/e$$Lambda$1540
instanceKlass com/android/tools/r8/ir/regalloc/e$$Lambda$1539
instanceKlass com/android/tools/r8/ir/regalloc/d
instanceKlass com/android/tools/r8/ir/regalloc/e$$Lambda$1538
instanceKlass com/android/tools/r8/internal/F7$$Lambda$1537
instanceKlass com/android/tools/r8/internal/XF$$Lambda$1536
instanceKlass com/android/tools/r8/internal/XF$$Lambda$1535
instanceKlass com/android/tools/r8/internal/up
instanceKlass com/android/tools/r8/internal/vz$$Lambda$1534
instanceKlass com/android/tools/r8/internal/QG$$Lambda$1533
instanceKlass com/android/tools/r8/internal/QG$$Lambda$1532
instanceKlass com/android/tools/r8/internal/j2$$Lambda$1531
instanceKlass com/android/tools/r8/internal/j2$$Lambda$1530
instanceKlass com/android/tools/r8/internal/iw
instanceKlass com/android/tools/r8/internal/j2$$Lambda$1529
instanceKlass com/android/tools/r8/internal/ew
instanceKlass com/android/tools/r8/internal/j2$$Lambda$1528
instanceKlass com/android/tools/r8/internal/cG
instanceKlass com/android/tools/r8/internal/kh
instanceKlass com/android/tools/r8/internal/wz
instanceKlass com/android/tools/r8/internal/m9
instanceKlass com/android/tools/r8/internal/t2$$Lambda$1527
instanceKlass com/android/tools/r8/internal/t2
instanceKlass com/android/tools/r8/internal/vz
instanceKlass com/android/tools/r8/internal/tz
instanceKlass com/android/tools/r8/internal/uz
instanceKlass com/android/tools/r8/internal/h0
instanceKlass com/android/tools/r8/internal/pp
instanceKlass com/android/tools/r8/internal/Gg$$Lambda$1526
instanceKlass com/android/tools/r8/internal/D1$$Lambda$1525
instanceKlass com/android/tools/r8/references/ArrayReference
instanceKlass com/android/tools/r8/internal/yh
instanceKlass com/android/tools/r8/ir/regalloc/a$$Lambda$1524
instanceKlass com/android/tools/r8/ir/regalloc/a$$Lambda$1523
instanceKlass com/android/tools/r8/ir/regalloc/a$$Lambda$1522
instanceKlass com/android/tools/r8/ir/regalloc/a$$Lambda$1521
instanceKlass com/android/tools/r8/ir/regalloc/a$$Lambda$1520
instanceKlass com/android/tools/r8/ir/regalloc/a$$Lambda$1519
instanceKlass com/android/tools/r8/ir/regalloc/c
instanceKlass com/android/tools/r8/internal/F7$$Lambda$1518
instanceKlass com/android/tools/r8/internal/F7$$Lambda$1517
instanceKlass com/android/tools/r8/internal/E8$$Lambda$1516
instanceKlass com/android/tools/r8/internal/hu$d
instanceKlass com/android/tools/r8/internal/hu$f
instanceKlass java/util/stream/SliceOps
instanceKlass com/android/tools/r8/internal/E8$$Lambda$1515
instanceKlass com/android/tools/r8/internal/E8$$Lambda$1514
instanceKlass com/android/tools/r8/internal/iu
instanceKlass com/android/tools/r8/internal/E8$$Lambda$1513
instanceKlass com/android/tools/r8/internal/u0
instanceKlass com/android/tools/r8/internal/Hu
instanceKlass com/android/tools/r8/internal/Ru
instanceKlass com/android/tools/r8/internal/f7$$Lambda$1512
instanceKlass com/android/tools/r8/internal/Z4$a
instanceKlass com/android/tools/r8/internal/D1$$Lambda$1511
instanceKlass com/android/tools/r8/internal/yC
instanceKlass com/android/tools/r8/internal/qH
instanceKlass com/android/tools/r8/internal/XG$a
instanceKlass com/android/tools/r8/graph/X0$b$$Lambda$1510
instanceKlass com/android/tools/r8/graph/X0$a
instanceKlass com/android/tools/r8/graph/X0$b
instanceKlass com/android/tools/r8/graph/P$a
instanceKlass com/android/tools/r8/ir/optimize/e
instanceKlass com/android/tools/r8/ir/optimize/e$b
instanceKlass com/android/tools/r8/graph/I
instanceKlass com/android/tools/r8/graph/T$$Lambda$1509
instanceKlass java/lang/invoke/LambdaForm$DMH
instanceKlass com/android/tools/r8/graph/H
instanceKlass com/android/tools/r8/internal/fa
instanceKlass com/android/tools/r8/internal/ka
instanceKlass com/android/tools/r8/internal/Tr$$Lambda$1508
instanceKlass java/lang/invoke/LambdaForm$DMH
instanceKlass com/android/tools/r8/internal/Tr
instanceKlass com/android/tools/r8/internal/Mv
instanceKlass com/android/tools/r8/internal/Gg$$Lambda$1507
instanceKlass com/android/tools/r8/internal/Gg$$Lambda$1506
instanceKlass com/android/tools/r8/internal/i2$$Lambda$1505
instanceKlass com/android/tools/r8/ir/regalloc/a$$Lambda$1504
instanceKlass com/android/tools/r8/ir/regalloc/a$$Lambda$1503
instanceKlass com/android/tools/r8/ir/regalloc/a$$Lambda$1502
instanceKlass com/android/tools/r8/internal/YB$$Lambda$1501
instanceKlass com/android/tools/r8/internal/YB
instanceKlass com/android/tools/r8/ir/regalloc/a$$Lambda$1500
instanceKlass com/android/tools/r8/ir/regalloc/a$b
instanceKlass com/android/tools/r8/ir/regalloc/a$$Lambda$1499
instanceKlass com/android/tools/r8/ir/regalloc/e
instanceKlass com/android/tools/r8/internal/QG$$Lambda$1498
instanceKlass com/android/tools/r8/internal/yp
instanceKlass com/android/tools/r8/internal/Ne$b
instanceKlass com/android/tools/r8/internal/Ne$$Lambda$1497
instanceKlass com/android/tools/r8/internal/Ap
instanceKlass com/android/tools/r8/ir/regalloc/b
instanceKlass com/android/tools/r8/internal/k2
instanceKlass com/android/tools/r8/internal/ls
instanceKlass com/android/tools/r8/ir/regalloc/a
instanceKlass com/android/tools/r8/internal/Te
instanceKlass com/android/tools/r8/internal/F7$$Lambda$1496
instanceKlass com/android/tools/r8/internal/ME
instanceKlass com/android/tools/r8/internal/NE
instanceKlass com/android/tools/r8/internal/OE
instanceKlass com/android/tools/r8/internal/F7$$Lambda$1495
instanceKlass com/android/tools/r8/internal/LE
instanceKlass com/android/tools/r8/internal/Fa
instanceKlass com/android/tools/r8/internal/i2$b
instanceKlass com/android/tools/r8/internal/D8
instanceKlass com/android/tools/r8/internal/ku
instanceKlass com/android/tools/r8/internal/p0
instanceKlass com/android/tools/r8/internal/ju
instanceKlass com/android/tools/r8/internal/Gg$b
instanceKlass com/android/tools/r8/internal/d9$a
instanceKlass com/android/tools/r8/internal/e6$a
instanceKlass com/android/tools/r8/internal/xz
instanceKlass com/android/tools/r8/internal/zz
instanceKlass com/android/tools/r8/internal/F7$c
instanceKlass com/android/tools/r8/internal/j2
instanceKlass com/android/tools/r8/internal/RE
instanceKlass com/android/tools/r8/internal/XC$$Lambda$1494
instanceKlass com/android/tools/r8/internal/XC$$Lambda$1493
instanceKlass com/android/tools/r8/internal/XC$$Lambda$1492
instanceKlass com/android/tools/r8/internal/XC
instanceKlass com/android/tools/r8/internal/W1
instanceKlass com/android/tools/r8/ir/conversion/k$$Lambda$1491
instanceKlass com/android/tools/r8/internal/be
instanceKlass com/android/tools/r8/ir/conversion/k$$Lambda$1490
instanceKlass com/android/tools/r8/internal/Qd
instanceKlass com/android/tools/r8/internal/Pe
instanceKlass com/android/tools/r8/internal/XF$$Lambda$1489
instanceKlass com/android/tools/r8/internal/Ne$a
instanceKlass com/android/tools/r8/internal/XF
instanceKlass com/android/tools/r8/internal/D9
instanceKlass com/android/tools/r8/internal/n2
instanceKlass com/android/tools/r8/internal/Oe
instanceKlass com/android/tools/r8/internal/Ne$$Lambda$1488
instanceKlass com/android/tools/r8/internal/Ne
instanceKlass com/android/tools/r8/internal/l2
instanceKlass com/android/tools/r8/internal/X4$$Lambda$1487
instanceKlass java/lang/invoke/LambdaForm$DMH
instanceKlass com/android/tools/r8/internal/Lh
instanceKlass com/android/tools/r8/code/v1
instanceKlass com/android/tools/r8/internal/A
instanceKlass com/android/tools/r8/internal/YG$a
instanceKlass com/android/tools/r8/internal/Xv$$Lambda$1486
instanceKlass com/android/tools/r8/graph/a0$$Lambda$1485
instanceKlass com/android/tools/r8/internal/GE$$Lambda$1484
instanceKlass com/android/tools/r8/internal/GE$$Lambda$1483
instanceKlass java/util/function/Function$$Lambda$1482
instanceKlass com/android/tools/r8/internal/GE$$Lambda$1481
instanceKlass com/android/tools/r8/graph/e0$$Lambda$1480
instanceKlass com/android/tools/r8/graph/e0$$Lambda$1479
instanceKlass com/android/tools/r8/graph/a0$$Lambda$1478
instanceKlass com/android/tools/r8/graph/a0$$Lambda$1477
instanceKlass com/android/tools/r8/graph/a0$$Lambda$1476
instanceKlass com/android/tools/r8/graph/X$$Lambda$1475
instanceKlass com/android/tools/r8/graph/X$$Lambda$1474
instanceKlass com/android/tools/r8/internal/GE$$Lambda$1473
instanceKlass com/android/tools/r8/graph/X$$Lambda$1472
instanceKlass com/android/tools/r8/graph/X$$Lambda$1471
instanceKlass com/android/tools/r8/internal/Xv$$Lambda$1470
instanceKlass com/android/tools/r8/internal/Xv$$Lambda$1469
instanceKlass com/android/tools/r8/internal/GE$$Lambda$1468
instanceKlass com/android/tools/r8/internal/Ee
instanceKlass com/android/tools/r8/internal/GE$$Lambda$1467
instanceKlass com/android/tools/r8/internal/GE$$Lambda$1466
instanceKlass com/android/tools/r8/internal/Xv$$Lambda$1465
instanceKlass com/android/tools/r8/internal/Xv$$Lambda$1464
instanceKlass com/android/tools/r8/internal/Xv$$Lambda$1463
instanceKlass com/android/tools/r8/internal/Me$f
instanceKlass com/android/tools/r8/internal/Ah$d
instanceKlass com/android/tools/r8/internal/Ah$f
instanceKlass com/android/tools/r8/internal/Fo
instanceKlass com/android/tools/r8/internal/Sm
instanceKlass com/android/tools/r8/internal/n
instanceKlass com/android/tools/r8/internal/QG$a
instanceKlass com/android/tools/r8/internal/Y0
instanceKlass com/android/tools/r8/internal/C0
instanceKlass com/android/tools/r8/internal/Fz
instanceKlass com/android/tools/r8/internal/Bz
instanceKlass com/android/tools/r8/internal/Az
instanceKlass com/android/tools/r8/internal/Ai
instanceKlass com/android/tools/r8/internal/f7$$Lambda$1462
instanceKlass com/android/tools/r8/internal/Ct
instanceKlass com/android/tools/r8/graph/T$$Lambda$1461
instanceKlass com/android/tools/r8/internal/Bt
instanceKlass com/android/tools/r8/internal/X4$$Lambda$1460
instanceKlass java/lang/invoke/LambdaForm$DMH
instanceKlass com/android/tools/r8/internal/e5$a
instanceKlass com/android/tools/r8/internal/V4
instanceKlass com/android/tools/r8/internal/ei
instanceKlass com/android/tools/r8/internal/Rh
instanceKlass com/android/tools/r8/internal/W4
instanceKlass com/android/tools/r8/internal/Qh
instanceKlass com/android/tools/r8/internal/H3
instanceKlass com/android/tools/r8/internal/i2
instanceKlass com/android/tools/r8/internal/Me$b
instanceKlass com/android/tools/r8/internal/Re
instanceKlass com/android/tools/r8/internal/Ht
instanceKlass com/android/tools/r8/internal/Gh$e
instanceKlass com/android/tools/r8/internal/Zh
instanceKlass com/android/tools/r8/graph/X0$c
instanceKlass com/android/tools/r8/graph/X0
instanceKlass com/android/tools/r8/internal/xi
instanceKlass com/android/tools/r8/internal/aD
instanceKlass com/android/tools/r8/internal/Me
instanceKlass com/android/tools/r8/internal/G3
instanceKlass com/android/tools/r8/internal/h5
instanceKlass com/android/tools/r8/internal/e5
instanceKlass com/android/tools/r8/internal/iA
instanceKlass com/android/tools/r8/internal/Pz
instanceKlass com/android/tools/r8/internal/i5
instanceKlass com/android/tools/r8/internal/X4
instanceKlass com/android/tools/r8/internal/jt$$Lambda$1459
instanceKlass com/android/tools/r8/internal/jt$$Lambda$1458
instanceKlass com/android/tools/r8/internal/jt$$Lambda$1457
instanceKlass java/lang/invoke/LambdaForm$MH
instanceKlass com/android/tools/r8/ir/conversion/k$$Lambda$1456
instanceKlass com/android/tools/r8/references/MethodReference
instanceKlass com/android/tools/r8/references/ClassReference
instanceKlass com/android/tools/r8/references/PrimitiveReference
instanceKlass com/android/tools/r8/references/Reference
instanceKlass com/android/tools/r8/position/MethodPosition
instanceKlass com/android/tools/r8/internal/Fv
instanceKlass com/android/tools/r8/internal/a1
instanceKlass com/android/tools/r8/internal/g3
instanceKlass com/android/tools/r8/internal/Bg
instanceKlass com/android/tools/r8/internal/qp$$Lambda$1455
instanceKlass com/android/tools/r8/internal/qp
instanceKlass com/android/tools/r8/ir/conversion/k$$Lambda$1454
instanceKlass com/android/tools/r8/graph/z$$Lambda$1453
instanceKlass com/android/tools/r8/internal/xj
instanceKlass com/android/tools/r8/graph/z$$Lambda$1452
instanceKlass com/android/tools/r8/ir/conversion/i$$Lambda$1451
instanceKlass com/android/tools/r8/utils/V$$Lambda$1450
instanceKlass com/android/tools/r8/utils/V$$Lambda$1449
instanceKlass com/android/tools/r8/utils/V$$Lambda$1448
instanceKlass com/android/tools/r8/utils/b0
instanceKlass com/android/tools/r8/utils/V$$Lambda$1447
instanceKlass com/android/tools/r8/utils/Y
instanceKlass com/android/tools/r8/internal/Ew$$Lambda$1446
instanceKlass com/android/tools/r8/utils/X
instanceKlass com/android/tools/r8/internal/Is$$Lambda$1445
instanceKlass com/android/tools/r8/internal/jt$$Lambda$1444
instanceKlass com/android/tools/r8/internal/hr$$Lambda$1443
instanceKlass com/android/tools/r8/graph/Z$$Lambda$1442
instanceKlass com/android/tools/r8/ir/conversion/k$$Lambda$1441
instanceKlass com/android/tools/r8/ir/conversion/k$$Lambda$1440
instanceKlass com/android/tools/r8/ir/conversion/k$$Lambda$1439
instanceKlass com/android/tools/r8/internal/Ew
instanceKlass com/android/tools/r8/internal/W5
instanceKlass com/android/tools/r8/internal/gd
instanceKlass com/android/tools/r8/internal/gr$$Lambda$1438
instanceKlass com/android/tools/r8/internal/gr$$Lambda$1437
instanceKlass com/android/tools/r8/internal/yo
instanceKlass com/android/tools/r8/internal/S8
instanceKlass com/android/tools/r8/internal/rz
instanceKlass com/android/tools/r8/internal/Ni$a
instanceKlass com/android/tools/r8/internal/b2$f$$Lambda$1436
instanceKlass com/android/tools/r8/internal/b2$f$$Lambda$1435
instanceKlass com/android/tools/r8/internal/b2$f$$Lambda$1434
instanceKlass com/android/tools/r8/internal/b2$f$$Lambda$1433
instanceKlass com/android/tools/r8/internal/b2$f$$Lambda$1432
instanceKlass com/android/tools/r8/internal/b2$f$$Lambda$1431
instanceKlass com/android/tools/r8/internal/b2$f$$Lambda$1430
instanceKlass com/android/tools/r8/internal/b2$f$$Lambda$1429
instanceKlass com/android/tools/r8/internal/b2$f$$Lambda$1428
instanceKlass com/android/tools/r8/internal/b2$f$$Lambda$1427
instanceKlass com/android/tools/r8/internal/b2$f$$Lambda$1426
instanceKlass com/android/tools/r8/internal/b2$f$$Lambda$1425
instanceKlass com/android/tools/r8/internal/b2$f$$Lambda$1424
instanceKlass com/android/tools/r8/internal/b2$f$$Lambda$1423
instanceKlass com/android/tools/r8/internal/b2$f$$Lambda$1422
instanceKlass com/android/tools/r8/internal/b2$f$$Lambda$1421
instanceKlass com/android/tools/r8/internal/ev$$Lambda$1420
instanceKlass com/android/tools/r8/internal/ev$$Lambda$1419
instanceKlass com/android/tools/r8/internal/ev$$Lambda$1418
instanceKlass com/android/tools/r8/internal/ev$$Lambda$1417
instanceKlass com/android/tools/r8/internal/ev$$Lambda$1416
instanceKlass com/android/tools/r8/internal/ev
instanceKlass com/android/tools/r8/internal/b2$f$$Lambda$1415
instanceKlass com/android/tools/r8/internal/b2$f$$Lambda$1414
instanceKlass com/android/tools/r8/internal/b2$f$$Lambda$1413
instanceKlass com/android/tools/r8/internal/b2$f$$Lambda$1412
instanceKlass com/android/tools/r8/internal/b2$f$$Lambda$1411
instanceKlass com/android/tools/r8/internal/b2$f$$Lambda$1410
instanceKlass com/android/tools/r8/internal/b2$f$$Lambda$1409
instanceKlass com/android/tools/r8/internal/b2$f$$Lambda$1408
instanceKlass com/android/tools/r8/internal/b2$f$$Lambda$1407
instanceKlass com/android/tools/r8/internal/WC$$Lambda$1406
instanceKlass com/android/tools/r8/internal/WC
instanceKlass com/android/tools/r8/internal/b2$f$$Lambda$1405
instanceKlass com/android/tools/r8/internal/b2$f$$Lambda$1404
instanceKlass com/android/tools/r8/internal/b2$f$$Lambda$1403
instanceKlass com/android/tools/r8/internal/b2$f$$Lambda$1402
instanceKlass com/android/tools/r8/internal/b2$f$$Lambda$1401
instanceKlass com/android/tools/r8/internal/b2$f$$Lambda$1400
instanceKlass com/android/tools/r8/internal/b2$f$$Lambda$1399
instanceKlass com/android/tools/r8/internal/b2$f$$Lambda$1398
instanceKlass com/android/tools/r8/internal/b2$f$$Lambda$1397
instanceKlass com/android/tools/r8/internal/b2$f$$Lambda$1396
instanceKlass com/android/tools/r8/internal/b2$f$$Lambda$1395
instanceKlass com/android/tools/r8/internal/b2$f$$Lambda$1394
instanceKlass com/android/tools/r8/internal/b2$f$$Lambda$1393
instanceKlass com/android/tools/r8/internal/b2$f$$Lambda$1392
instanceKlass com/android/tools/r8/internal/b2$f$$Lambda$1391
instanceKlass com/android/tools/r8/internal/b2$f$$Lambda$1390
instanceKlass java/lang/invoke/LambdaForm$DMH
instanceKlass com/android/tools/r8/internal/R7$$Lambda$1389
instanceKlass com/android/tools/r8/internal/b2$d
instanceKlass com/android/tools/r8/internal/R7
instanceKlass com/android/tools/r8/internal/b2$f$$Lambda$1388
instanceKlass com/android/tools/r8/internal/b2$f$$Lambda$1387
instanceKlass com/android/tools/r8/internal/b2$f$$Lambda$1386
instanceKlass com/android/tools/r8/internal/b2$f$$Lambda$1385
instanceKlass com/android/tools/r8/internal/b2$f$$Lambda$1384
instanceKlass com/android/tools/r8/internal/b2$h
instanceKlass com/android/tools/r8/internal/c2
instanceKlass com/android/tools/r8/internal/b2$e
instanceKlass com/android/tools/r8/internal/b2$f
instanceKlass com/android/tools/r8/internal/b2
instanceKlass com/android/tools/r8/internal/u3
instanceKlass com/android/tools/r8/internal/fE
instanceKlass com/android/tools/r8/internal/pj
instanceKlass com/android/tools/r8/internal/lj
instanceKlass com/android/tools/r8/internal/Ao
instanceKlass com/android/tools/r8/internal/Is
instanceKlass com/android/tools/r8/internal/u4
instanceKlass com/android/builder/internal/aapt/AaptUtils$$Lambda$1383
instanceKlass java/util/function/Predicate$$Lambda$1382
instanceKlass java/lang/invoke/LambdaForm$DMH
instanceKlass com/android/tools/r8/internal/U3
instanceKlass com/google/common/collect/AbstractIterator$1
instanceKlass com/android/tools/r8/internal/v4
instanceKlass com/android/tools/r8/ir/conversion/k$$Lambda$1381
instanceKlass com/android/tools/r8/ir/conversion/k$$Lambda$1380
instanceKlass com/google/common/base/Optional
instanceKlass com/android/tools/r8/internal/Ue
instanceKlass com/android/tools/r8/internal/N1
instanceKlass com/google/common/collect/FluentIterable
instanceKlass com/android/tools/r8/internal/P1$$Lambda$1379
instanceKlass com/android/tools/r8/internal/O1
instanceKlass com/android/builder/internal/aapt/AaptUtils$$Lambda$1378
instanceKlass com/android/tools/r8/internal/d9
instanceKlass com/android/builder/internal/aapt/AaptUtils$$Lambda$1377
instanceKlass com/android/tools/r8/ir/optimize/string/f$c
instanceKlass com/android/builder/internal/aapt/AaptUtils
instanceKlass com/android/tools/r8/ir/optimize/string/e
instanceKlass com/android/tools/r8/ir/optimize/string/f
instanceKlass com/android/tools/r8/internal/Ub
instanceKlass com/android/tools/r8/internal/iE
instanceKlass com/android/tools/r8/internal/As
instanceKlass com/android/tools/r8/internal/e6
instanceKlass com/android/tools/r8/internal/Jp
instanceKlass com/android/tools/r8/internal/ke
instanceKlass com/android/tools/r8/internal/E8
instanceKlass com/android/tools/r8/internal/G0
instanceKlass com/android/tools/r8/internal/Oz
instanceKlass com/android/tools/r8/internal/Lz
instanceKlass com/android/tools/r8/internal/t
instanceKlass com/android/tools/r8/internal/Tg
instanceKlass com/android/tools/r8/internal/wg
instanceKlass com/android/tools/r8/internal/Rf
instanceKlass com/android/tools/r8/internal/F7$f
instanceKlass com/android/tools/r8/internal/N
instanceKlass com/android/tools/r8/internal/di
instanceKlass com/android/tools/r8/internal/QG
instanceKlass com/android/tools/r8/internal/F7
instanceKlass com/android/tools/r8/shaking/f
instanceKlass com/android/tools/r8/graph/d$b
instanceKlass com/android/tools/r8/internal/ic
instanceKlass com/android/tools/r8/shaking/h0
instanceKlass com/android/tools/r8/internal/tu
instanceKlass com/android/tools/r8/internal/qu
instanceKlass com/android/builder/internal/aapt/v2/AaptV2CommandBuilder$makeLinkCommand$$inlined$sortedBy$1
instanceKlass com/android/tools/r8/internal/Pt
instanceKlass com/android/builder/internal/aapt/v2/AaptV2CommandBuilder
instanceKlass com/android/builder/internal/aapt/v2/Aapt2DaemonUtil
instanceKlass com/android/builder/internal/aapt/v2/Aapt2DaemonImpl$WaitForTaskCompletion
instanceKlass com/android/tools/r8/graph/a1
instanceKlass com/android/tools/r8/internal/tA
instanceKlass com/android/tools/r8/internal/lg
instanceKlass com/android/tools/r8/ir/conversion/p
instanceKlass com/android/tools/r8/ir/conversion/i
instanceKlass com/android/tools/r8/internal/V3
instanceKlass com/android/tools/r8/internal/x4
instanceKlass com/android/tools/r8/internal/QF
instanceKlass com/android/tools/r8/internal/pz
instanceKlass com/android/tools/r8/internal/Js
instanceKlass com/android/tools/r8/internal/zo
instanceKlass com/android/tools/r8/internal/mj
instanceKlass com/android/tools/r8/internal/a2
instanceKlass com/android/tools/r8/internal/RG
instanceKlass com/android/tools/r8/internal/Yv
instanceKlass com/android/tools/r8/internal/wr
instanceKlass com/android/tools/r8/ir/conversion/k
instanceKlass com/android/tools/r8/internal/ui
instanceKlass com/android/tools/r8/internal/oh$e
instanceKlass com/android/tools/r8/internal/Xh
instanceKlass com/android/tools/r8/internal/w
instanceKlass com/android/tools/r8/internal/vh$a
instanceKlass com/android/tools/r8/internal/zj
instanceKlass com/android/tools/r8/internal/Aj
instanceKlass com/android/tools/r8/internal/qr$$Lambda$1376
instanceKlass java/lang/invoke/LambdaForm$DMH
instanceKlass com/google/common/util/concurrent/OverflowAvoidingLockSupport
instanceKlass com/android/tools/r8/internal/qr$$Lambda$1375
instanceKlass com/android/utils/GrabProcessOutput
instanceKlass java/lang/ProcessImpl$2
instanceKlass java/lang/invoke/LambdaForm$MH
instanceKlass java/lang/invoke/LambdaForm$DMH
instanceKlass java/lang/invoke/LambdaForm$DMH
instanceKlass java/lang/ProcessHandleImpl$$Lambda$1374
instanceKlass java/lang/invoke/LambdaForm$DMH
instanceKlass java/lang/invoke/LambdaForm$DMH
instanceKlass com/android/tools/r8/graph/i$a
instanceKlass java/lang/ProcessHandleImpl$$Lambda$1373
instanceKlass java/lang/ProcessHandleImpl
instanceKlass com/android/tools/r8/graph/G0$$Lambda$1372
instanceKlass java/lang/ProcessImpl$$Lambda$1371
instanceKlass java/lang/invoke/LambdaForm$DMH
instanceKlass com/android/tools/r8/internal/g9
instanceKlass com/android/tools/r8/internal/UC
instanceKlass com/android/tools/r8/internal/DE
instanceKlass com/android/tools/r8/internal/Xv
instanceKlass com/android/tools/r8/graph/G0$$Lambda$1370
instanceKlass com/android/tools/r8/internal/l4$b
instanceKlass com/android/tools/r8/internal/o5
instanceKlass com/android/tools/r8/internal/Jh
instanceKlass com/android/tools/r8/graph/E0
instanceKlass com/android/tools/r8/internal/bv
instanceKlass com/android/tools/r8/internal/Jo
instanceKlass com/android/tools/r8/utils/V$$Lambda$1369
instanceKlass com/android/tools/r8/utils/V$$Lambda$1368
instanceKlass com/android/tools/r8/internal/Sh
instanceKlass com/android/tools/r8/utils/V$$Lambda$1367
instanceKlass com/android/tools/r8/utils/g0
instanceKlass com/android/tools/r8/utils/V$$Lambda$1366
instanceKlass com/android/tools/r8/internal/ed
instanceKlass com/android/tools/r8/utils/V$$Lambda$1365
instanceKlass com/android/tools/r8/utils/f0
instanceKlass java/lang/invoke/LambdaForm$DMH
instanceKlass com/android/tools/r8/D8$$Lambda$1364
instanceKlass com/android/tools/r8/utils/a0
instanceKlass com/android/tools/r8/graph/I0$$Lambda$1363
instanceKlass com/android/tools/r8/graph/v$c
instanceKlass com/android/tools/r8/internal/t4
instanceKlass com/android/tools/r8/internal/N4
instanceKlass com/android/tools/r8/internal/kb
instanceKlass com/android/tools/r8/internal/P1
instanceKlass com/android/tools/r8/internal/Ky
instanceKlass com/android/tools/r8/internal/fp$$Lambda$1362
instanceKlass com/android/tools/r8/internal/fp$$Lambda$1361
instanceKlass com/android/tools/r8/internal/Tu
instanceKlass com/android/tools/r8/internal/ug
instanceKlass com/android/tools/r8/internal/fp
instanceKlass com/android/tools/r8/internal/u6$$Lambda$1360
instanceKlass com/android/tools/r8/internal/u6
instanceKlass com/android/tools/r8/internal/v6$$Lambda$1359
instanceKlass com/android/tools/r8/graph/c$$Lambda$1358
instanceKlass com/android/tools/r8/internal/Xo$$Lambda$1357
instanceKlass com/android/tools/r8/internal/Yo
instanceKlass java/lang/ProcessBuilder
instanceKlass com/android/tools/r8/internal/aE
instanceKlass com/android/builder/internal/aapt/v2/Aapt2DaemonImpl$WaitForReadyOnStdOut
instanceKlass com/android/builder/internal/aapt/v2/Aapt2Daemon$WhenMappings
instanceKlass com/android/builder/internal/aapt/v2/Aapt2DaemonManager$LeasedAaptDaemon
instanceKlass com/android/build/gradle/internal/services/Aapt2DaemonManagerMaintainer$firstDaemonStarted$2
instanceKlass com/android/tools/r8/internal/Gg$a
instanceKlass com/android/build/gradle/internal/services/Aapt2DaemonManagerMaintainer$firstDaemonStarted$1
instanceKlass java/util/concurrent/Executors$DelegatedExecutorService
instanceKlass com/android/builder/internal/aapt/v2/Aapt2DaemonManager$LeasableAaptDaemon
instanceKlass com/android/builder/internal/aapt/v2/Aapt2DaemonImpl$processOutput$1
instanceKlass com/android/builder/internal/aapt/v2/Aapt2DaemonImpl$NoOutputExpected
instanceKlass com/android/utils/GrabProcessOutput$IProcessOutput
instanceKlass com/android/tools/r8/internal/DD
instanceKlass com/android/tools/r8/internal/Ng
instanceKlass com/android/tools/r8/internal/Mg
instanceKlass com/android/tools/r8/internal/Rs
instanceKlass com/android/builder/internal/aapt/v2/Aapt2Daemon
instanceKlass com/android/tools/r8/internal/Zo
instanceKlass com/android/tools/r8/internal/Xo
instanceKlass com/android/tools/r8/internal/E7
instanceKlass com/android/build/gradle/internal/res/Aapt2ProcessResourcesRunnableKt
instanceKlass com/android/tools/r8/internal/dp$$Lambda$1356
instanceKlass com/android/tools/r8/internal/dp$$Lambda$1355
instanceKlass java/lang/invoke/LambdaForm$DMH
instanceKlass com/google/common/cache/CacheBuilderSpec$1
instanceKlass com/android/tools/r8/internal/dp$$Lambda$1354
instanceKlass com/android/tools/r8/internal/dp$$Lambda$1353
instanceKlass com/google/common/cache/CacheBuilderSpec$DurationParser
instanceKlass com/android/tools/r8/internal/dp$$Lambda$1352
instanceKlass com/google/common/cache/CacheBuilderSpec$RecordStatsParser
instanceKlass com/android/tools/r8/internal/Wo
instanceKlass com/google/common/cache/CacheBuilderSpec$ValueStrengthParser
instanceKlass com/android/tools/r8/internal/dp
instanceKlass com/google/common/cache/CacheBuilderSpec$KeyStrengthParser
instanceKlass com/google/common/cache/CacheBuilderSpec$LongParser
instanceKlass com/android/tools/r8/graph/x0
instanceKlass com/google/common/cache/CacheBuilderSpec$IntegerParser
instanceKlass com/google/common/cache/CacheBuilderSpec$ValueParser
instanceKlass com/android/tools/r8/internal/ma
instanceKlass com/android/tools/r8/internal/Ja
instanceKlass com/google/common/cache/CacheBuilderSpec
instanceKlass com/android/tools/r8/internal/p8
instanceKlass com/android/build/gradle/internal/services/SymbolTableBuildService$Companion
instanceKlass com/google/common/collect/Interner
instanceKlass com/android/tools/r8/internal/q8
instanceKlass com/android/tools/r8/internal/qb
instanceKlass com/android/builder/internal/aapt/AaptPackageConfig
instanceKlass com/android/ide/common/resources/RelativeResourceUtils
instanceKlass com/android/tools/r8/internal/uC
instanceKlass com/android/tools/r8/internal/vg
instanceKlass com/android/builder/internal/aapt/AaptPackageConfig$Builder
instanceKlass com/android/tools/r8/internal/T0
instanceKlass com/android/build/gradle/internal/services/PartialInProcessResourceProcessor
instanceKlass com/android/build/gradle/internal/services/Aapt2DaemonBuildService$getManager$2$1
instanceKlass com/android/builder/internal/aapt/v2/Aapt2DaemonManager$leasingAapt2Daemon$1
instanceKlass com/android/build/gradle/internal/services/Aapt2DaemonManagerMaintainer
instanceKlass com/android/builder/internal/aapt/v2/Aapt2DaemonManager$Listener
instanceKlass com/android/tools/r8/internal/Wq
instanceKlass com/android/tools/r8/internal/M2
instanceKlass com/android/tools/r8/graph/v0
instanceKlass com/android/builder/internal/aapt/v2/Aapt2
instanceKlass com/android/tools/r8/synthesis/r
instanceKlass com/android/builder/internal/aapt/v2/Aapt2DaemonManager
instanceKlass com/android/tools/r8/internal/GB
instanceKlass com/android/build/gradle/internal/services/Aapt2DaemonServiceKey
instanceKlass com/android/tools/r8/synthesis/B
instanceKlass com/android/build/gradle/internal/workeractions/WorkerActionServiceRegistry$ServiceKey
instanceKlass com/android/tools/r8/synthesis/c
instanceKlass com/android/tools/r8/synthesis/a
instanceKlass com/android/tools/r8/internal/dF
instanceKlass com/android/builder/internal/aapt/v2/Aapt2DaemonTimeouts
instanceKlass com/android/tools/r8/internal/iF
instanceKlass com/android/build/gradle/internal/workeractions/WorkerActionServiceRegistry
instanceKlass com/android/build/gradle/internal/services/Aapt2Daemon
instanceKlass com/android/tools/r8/synthesis/k
instanceKlass com/android/tools/r8/synthesis/e
instanceKlass com/android/tools/r8/synthesis/s
instanceKlass com/android/tools/r8/internal/eF
instanceKlass com/android/build/api/variant/impl/BuiltArtifactImpl$Companion
instanceKlass kotlin/jvm/internal/Ref$ObjectRef
instanceKlass com/android/tools/r8/internal/KE
instanceKlass com/android/tools/r8/internal/Sq
instanceKlass com/android/tools/r8/shaking/A0$b
instanceKlass com/android/tools/r8/shaking/A0
instanceKlass com/android/tools/r8/internal/Fw$$Lambda$1351
instanceKlass com/android/tools/r8/internal/as
instanceKlass com/android/tools/r8/internal/T6
instanceKlass com/android/tools/r8/utils/V
instanceKlass com/android/tools/r8/internal/mu$d
instanceKlass com/android/tools/r8/internal/nu
instanceKlass com/android/tools/r8/internal/qr$$Lambda$1350
instanceKlass com/android/tools/r8/internal/mu$f
instanceKlass com/android/tools/r8/internal/Ju
instanceKlass com/android/tools/r8/internal/Au
instanceKlass com/android/tools/r8/internal/Du
instanceKlass com/android/tools/r8/internal/ir$$Lambda$1349
instanceKlass com/android/tools/r8/internal/aw
instanceKlass com/android/tools/r8/internal/jw
instanceKlass com/android/tools/r8/internal/qr$$Lambda$1348
instanceKlass com/android/tools/r8/internal/pu
instanceKlass com/android/tools/r8/internal/Pu
instanceKlass com/android/tools/r8/internal/r0
instanceKlass com/android/tools/r8/internal/ou
instanceKlass com/android/tools/r8/graph/j0$m
instanceKlass com/android/tools/r8/internal/ng
instanceKlass com/android/tools/r8/graph/B0$a$$Lambda$1347
instanceKlass com/android/tools/r8/graph/B0$$Lambda$1346
instanceKlass java/lang/invoke/LambdaForm$DMH
instanceKlass com/android/tools/r8/internal/ir
instanceKlass com/android/tools/r8/internal/hr
instanceKlass com/android/tools/r8/internal/Rr
instanceKlass java/lang/invoke/LambdaForm$MH
instanceKlass java/lang/invoke/LambdaForm$DMH
instanceKlass java/lang/invoke/LambdaForm$DMH
instanceKlass com/android/tools/r8/graph/B0$b$$Lambda$1345
instanceKlass java/lang/invoke/LambdaForm$DMH
instanceKlass com/android/tools/r8/internal/pC
instanceKlass com/android/tools/r8/internal/o6
instanceKlass com/android/tools/r8/internal/Ag
instanceKlass com/android/tools/r8/internal/F3
instanceKlass com/android/tools/r8/ir/optimize/info/e
instanceKlass com/android/tools/r8/graph/j0$n
instanceKlass com/android/tools/r8/graph/j0$l
instanceKlass com/android/tools/r8/internal/Qn$a
instanceKlass com/android/tools/r8/internal/Sn
instanceKlass com/android/tools/r8/shaking/a1
instanceKlass com/android/tools/r8/internal/Qn
instanceKlass com/android/tools/r8/internal/tn
instanceKlass com/android/tools/r8/internal/En
instanceKlass com/android/tools/r8/ir/optimize/info/c
instanceKlass com/android/tools/r8/internal/Gg
instanceKlass com/android/tools/r8/internal/ZF
instanceKlass com/android/tools/r8/internal/Og
instanceKlass com/android/tools/r8/internal/sg
instanceKlass com/android/tools/r8/internal/G8
instanceKlass com/android/tools/r8/internal/S0
instanceKlass com/android/tools/r8/internal/Sb$a
instanceKlass com/android/tools/r8/internal/Sb
instanceKlass com/android/tools/r8/graph/A0$$Lambda$1344
instanceKlass com/android/tools/r8/graph/A0$$Lambda$1343
instanceKlass com/android/tools/r8/internal/SF
instanceKlass com/android/tools/r8/internal/K1
instanceKlass com/android/tools/r8/internal/q5$$Lambda$1342
instanceKlass com/android/tools/r8/internal/q5$$Lambda$1341
instanceKlass com/android/tools/r8/internal/EE$b
instanceKlass com/android/tools/r8/internal/q5$$Lambda$1340
instanceKlass com/android/tools/r8/internal/FE
instanceKlass com/android/tools/r8/internal/GE
instanceKlass com/android/tools/r8/internal/o9$$Lambda$1339
instanceKlass com/android/tools/r8/internal/VA
instanceKlass com/android/tools/r8/internal/o9
instanceKlass com/android/tools/r8/internal/EE$$Lambda$1338
instanceKlass com/android/tools/r8/internal/EE$a
instanceKlass com/android/tools/r8/internal/P8
instanceKlass com/android/tools/r8/graph/j0$p
instanceKlass com/android/tools/r8/graph/j0
instanceKlass com/android/tools/r8/graph/B0$e
instanceKlass com/android/tools/r8/internal/Ic
instanceKlass com/android/tools/r8/internal/Br
instanceKlass com/android/tools/r8/internal/F8
instanceKlass com/android/tools/r8/internal/Y1
instanceKlass com/android/tools/r8/internal/ko
instanceKlass com/android/tools/r8/internal/U6
instanceKlass com/android/tools/r8/utils/w$$Lambda$1337
instanceKlass com/android/tools/r8/position/Position$a
instanceKlass com/android/tools/r8/position/Position
instanceKlass com/android/tools/r8/graph/B0$$Lambda$1336
instanceKlass com/google/common/util/concurrent/InterruptibleTask$DoNothingRunnable
instanceKlass com/android/tools/r8/dex/a$a$$Lambda$1335
instanceKlass com/android/tools/r8/graph/n$$Lambda$1334
instanceKlass com/android/tools/r8/graph/n$$Lambda$1333
instanceKlass com/android/tools/r8/internal/Uo
instanceKlass com/android/tools/r8/graph/n$$Lambda$1332
instanceKlass com/android/tools/r8/graph/n$$Lambda$1331
instanceKlass java/lang/invoke/LambdaForm$DMH
instanceKlass java/lang/invoke/LambdaForm$DMH
instanceKlass com/android/tools/r8/graph/n$$Lambda$1330
instanceKlass com/android/tools/r8/graph/n$$Lambda$1329
instanceKlass com/android/tools/r8/graph/n$a
instanceKlass kotlin/reflect/jvm/internal/UtilKt
instanceKlass java/lang/invoke/LambdaForm$DMH
instanceKlass com/android/tools/r8/internal/dn
instanceKlass com/android/tools/r8/internal/ob
instanceKlass com/android/tools/r8/graph/Z$b
instanceKlass com/android/tools/r8/graph/j0$d
instanceKlass com/android/tools/r8/graph/j0$f
instanceKlass com/android/tools/r8/internal/ib
instanceKlass com/android/tools/r8/internal/Ks
instanceKlass com/android/tools/r8/graph/n
instanceKlass com/android/tools/r8/dex/a$a$$Lambda$1328
instanceKlass com/android/tools/r8/internal/k1
instanceKlass com/android/tools/r8/graph/B0
instanceKlass com/android/tools/r8/internal/p1
instanceKlass kotlin/reflect/jvm/internal/impl/protobuf/SmallSortedMap$EntryIterator
instanceKlass com/android/tools/r8/graph/A0
instanceKlass com/android/tools/r8/dex/a$a
instanceKlass kotlin/reflect/jvm/internal/impl/protobuf/GeneratedMessageLite$ExtendableMessage$ExtensionWriter
instanceKlass com/android/tools/r8/internal/u7
instanceKlass kotlin/reflect/jvm/internal/impl/serialization/deserialization/descriptors/DeserializedMemberScope$OptimizedImplementation
instanceKlass com/android/tools/r8/internal/t7
instanceKlass kotlin/reflect/jvm/internal/impl/serialization/deserialization/descriptors/DeserializedMemberScope$Implementation
instanceKlass com/android/tools/r8/internal/w7
instanceKlass com/android/tools/r8/internal/Fw$$Lambda$1327
instanceKlass com/android/tools/r8/dex/a$b
instanceKlass com/android/tools/r8/internal/v6
instanceKlass com/android/tools/r8/graph/v$b
instanceKlass kotlin/reflect/jvm/internal/impl/load/kotlin/KotlinClassFinderKt
instanceKlass kotlin/reflect/jvm/internal/impl/load/java/lazy/descriptors/LazyJavaPackageScope$KotlinClassLookupResult
instanceKlass com/android/tools/r8/dex/a
instanceKlass kotlin/reflect/jvm/internal/impl/serialization/deserialization/ProtoContainer
instanceKlass com/android/tools/r8/internal/pF$c
instanceKlass com/android/tools/r8/internal/pF$d
instanceKlass com/android/tools/r8/internal/pF
instanceKlass com/android/tools/r8/D8$$Lambda$1326
instanceKlass com/android/tools/r8/e$b
instanceKlass kotlin/reflect/jvm/internal/impl/descriptors/ScopesHolderForClass$Companion
instanceKlass com/android/tools/r8/e
instanceKlass kotlin/reflect/jvm/internal/impl/descriptors/ScopesHolderForClass
instanceKlass com/android/tools/r8/internal/qg
instanceKlass com/android/tools/r8/inspector/Inspector
instanceKlass com/android/tools/r8/internal/L1
instanceKlass com/android/tools/r8/internal/Ni$l$b
instanceKlass kotlin/reflect/jvm/internal/impl/serialization/deserialization/descriptors/DeserializedAnnotations
instanceKlass com/android/tools/r8/internal/Ni$l$a
instanceKlass kotlin/reflect/jvm/internal/impl/descriptors/impl/AbstractTypeParameterDescriptor$2
instanceKlass com/android/tools/r8/internal/Ni$l$$Lambda$1325
instanceKlass kotlin/reflect/jvm/internal/impl/descriptors/impl/AbstractTypeParameterDescriptor$1
instanceKlass com/android/tools/r8/internal/Ni$l$$Lambda$1324
instanceKlass com/android/tools/r8/utils/u$$Lambda$1323
instanceKlass com/android/tools/r8/utils/u
instanceKlass kotlin/reflect/jvm/internal/impl/descriptors/TypeParameterDescriptor
instanceKlass kotlin/reflect/jvm/internal/impl/types/model/TypeParameterMarker
instanceKlass com/android/tools/r8/internal/Ni$l$$Lambda$1322
instanceKlass com/android/tools/r8/graph/e
instanceKlass com/android/tools/r8/internal/ep
instanceKlass kotlin/reflect/jvm/internal/impl/metadata/deserialization/VersionSpecificBehaviorKt
instanceKlass com/android/tools/r8/shaking/g0
instanceKlass kotlin/reflect/jvm/internal/impl/serialization/deserialization/ProtoEnumFlagsUtilsKt$WhenMappings
instanceKlass kotlin/reflect/jvm/internal/impl/serialization/deserialization/ProtoEnumFlagsUtilsKt
instanceKlass com/android/tools/r8/internal/LA$a
instanceKlass com/android/tools/r8/internal/LA$b
instanceKlass kotlin/reflect/jvm/internal/impl/serialization/deserialization/ProtoEnumFlags$WhenMappings
instanceKlass com/android/tools/r8/internal/Se$a
instanceKlass kotlin/reflect/jvm/internal/impl/metadata/ProtoBuf$MemberKind$1
instanceKlass com/android/tools/r8/internal/Se
instanceKlass kotlin/reflect/jvm/internal/impl/metadata/ProtoBuf$Class$Kind$1
instanceKlass com/android/tools/r8/internal/Ni$l
instanceKlass com/android/tools/r8/internal/Ni$c
instanceKlass com/android/tools/r8/internal/Ni$g
instanceKlass kotlin/reflect/jvm/internal/impl/metadata/ProtoBuf$Modality$1
instanceKlass com/android/tools/r8/internal/Ni$k
instanceKlass com/android/tools/r8/internal/Ni$e
instanceKlass kotlin/reflect/jvm/internal/impl/metadata/ProtoBuf$Visibility$1
instanceKlass com/android/tools/r8/internal/Ni$b
instanceKlass com/android/tools/r8/internal/Ni$i
instanceKlass com/android/tools/r8/internal/Ni$$Lambda$1321
instanceKlass kotlin/reflect/jvm/internal/impl/metadata/deserialization/Flags$FlagField
instanceKlass com/android/tools/r8/utils/i0
instanceKlass com/android/tools/r8/Version
instanceKlass kotlin/reflect/jvm/internal/impl/metadata/deserialization/Flags
instanceKlass kotlin/reflect/jvm/internal/impl/serialization/deserialization/ProtoEnumFlags
instanceKlass com/android/tools/r8/utils/v$a
instanceKlass kotlin/reflect/jvm/internal/impl/metadata/jvm/deserialization/JvmNameResolver$WhenMappings
instanceKlass com/android/tools/r8/internal/q5
instanceKlass kotlin/reflect/jvm/internal/impl/serialization/deserialization/NameResolverUtilKt
instanceKlass kotlin/reflect/jvm/internal/impl/descriptors/DeserializedDescriptor
instanceKlass com/android/tools/r8/internal/Ni
instanceKlass com/android/tools/r8/internal/ge
instanceKlass kotlin/reflect/jvm/internal/impl/serialization/deserialization/MemberDeserializer
instanceKlass com/android/tools/r8/graph/v
instanceKlass com/android/tools/r8/internal/bg
instanceKlass kotlin/reflect/jvm/internal/impl/serialization/deserialization/TypeDeserializer
instanceKlass com/android/tools/r8/naming/K
instanceKlass kotlin/reflect/jvm/internal/impl/serialization/deserialization/DeserializationContext
instanceKlass com/android/tools/r8/ir/optimize/info/g
instanceKlass com/android/tools/r8/internal/tr
instanceKlass com/android/tools/r8/internal/xc
instanceKlass kotlin/reflect/jvm/internal/impl/metadata/deserialization/VersionRequirementTable$Companion
instanceKlass kotlin/reflect/jvm/internal/impl/metadata/deserialization/VersionRequirementTable
instanceKlass com/android/tools/r8/D8
instanceKlass kotlin/reflect/jvm/internal/impl/metadata/deserialization/TypeTable
instanceKlass kotlin/reflect/jvm/internal/impl/serialization/deserialization/ClassDeserializer$ClassKey
instanceKlass kotlin/reflect/jvm/internal/impl/serialization/deserialization/ClassData
instanceKlass kotlin/reflect/jvm/internal/impl/serialization/deserialization/DeserializationConfiguration$DefaultImpls
instanceKlass com/android/tools/r8/DataResourceProvider
instanceKlass com/android/tools/r8/utils/c$b$a
instanceKlass kotlin/reflect/jvm/internal/impl/load/kotlin/KotlinJvmBinarySourceElement
instanceKlass kotlin/reflect/jvm/internal/impl/serialization/deserialization/descriptors/DeserializedContainerSource
instanceKlass com/android/tools/r8/shaking/f1
instanceKlass kotlin/reflect/jvm/internal/impl/protobuf/SmallSortedMap$Entry
instanceKlass com/android/tools/r8/internal/kw
instanceKlass kotlin/reflect/jvm/internal/impl/protobuf/FieldSet$1
instanceKlass com/android/tools/r8/internal/N9
instanceKlass com/android/tools/r8/internal/Tm$e
instanceKlass com/android/tools/r8/internal/Tm$d
instanceKlass com/android/tools/r8/internal/Tm$c
instanceKlass kotlin/reflect/jvm/internal/impl/protobuf/AbstractMessageLite$Builder
instanceKlass com/android/tools/r8/internal/Tm$b$$Lambda$1320
instanceKlass java/util/stream/IntPipeline$$Lambda$1319
instanceKlass com/android/tools/r8/internal/m0
instanceKlass kotlin/reflect/jvm/internal/impl/protobuf/GeneratedMessageLite$1
instanceKlass kotlin/reflect/jvm/internal/impl/metadata/ProtoBuf$Type$Argument$Projection$1
instanceKlass com/android/tools/r8/internal/Tm$b
instanceKlass com/android/tools/r8/internal/Tm
instanceKlass kotlin/reflect/jvm/internal/impl/metadata/ProtoBuf$Type$ArgumentOrBuilder
instanceKlass com/android/tools/r8/graph/T$$Lambda$1318
instanceKlass com/android/tools/r8/internal/pe$b
instanceKlass kotlin/reflect/jvm/internal/impl/metadata/jvm/JvmProtoBuf$StringTableTypes$Record$Operation$1
instanceKlass kotlin/reflect/jvm/internal/impl/metadata/jvm/JvmProtoBuf$StringTableTypes$RecordOrBuilder
instanceKlass kotlin/reflect/jvm/internal/impl/protobuf/WireFormat
instanceKlass kotlin/reflect/jvm/internal/impl/protobuf/CodedOutputStream
instanceKlass com/android/tools/r8/graph/T$R
instanceKlass com/android/tools/r8/graph/T$O
instanceKlass com/android/tools/r8/internal/tE
instanceKlass kotlin/reflect/jvm/internal/impl/protobuf/CodedInputStream
instanceKlass com/android/tools/r8/graph/T$I
instanceKlass kotlin/reflect/jvm/internal/impl/metadata/jvm/JvmProtoBuf$StringTableTypesOrBuilder
instanceKlass com/android/tools/r8/graph/T$z
instanceKlass kotlin/collections/IndexedValue
instanceKlass kotlin/collections/IndexingIterator
instanceKlass kotlin/collections/IndexingIterable
instanceKlass kotlin/reflect/jvm/internal/impl/metadata/jvm/deserialization/JvmNameResolver$Companion
instanceKlass kotlin/reflect/jvm/internal/impl/metadata/jvm/deserialization/JvmNameResolver
instanceKlass kotlin/reflect/jvm/internal/impl/metadata/deserialization/NameResolver
instanceKlass kotlin/reflect/jvm/internal/impl/metadata/jvm/deserialization/UtfEncodingKt
instanceKlass com/android/tools/r8/graph/T$M
instanceKlass kotlin/reflect/jvm/internal/impl/metadata/jvm/deserialization/BitEncoding
instanceKlass com/android/tools/r8/graph/T$K
instanceKlass kotlin/reflect/jvm/internal/impl/load/kotlin/KotlinClassFinder$Result
instanceKlass com/android/tools/r8/graph/T$i
instanceKlass com/android/tools/r8/graph/T$L
instanceKlass kotlin/reflect/jvm/internal/impl/load/kotlin/header/KotlinClassHeader
instanceKlass com/android/tools/r8/graph/T$s
instanceKlass kotlin/reflect/jvm/internal/impl/metadata/jvm/deserialization/JvmBytecodeBinaryVersion$Companion
instanceKlass com/android/tools/r8/graph/T$G
instanceKlass com/android/tools/r8/graph/T$w
instanceKlass com/android/tools/r8/graph/T$v
instanceKlass kotlin/reflect/jvm/internal/impl/load/kotlin/header/ReadKotlinClassHeaderAnnotationVisitor$CollectStringArrayAnnotationVisitor
instanceKlass com/android/tools/r8/graph/b
instanceKlass com/android/tools/r8/graph/T$q
instanceKlass kotlin/reflect/jvm/internal/impl/descriptors/runtime/components/ReflectKotlinClassKt
instanceKlass com/android/tools/r8/graph/T$o
instanceKlass kotlin/reflect/jvm/internal/impl/load/kotlin/KotlinJvmBinaryClass$AnnotationArrayArgumentVisitor
instanceKlass kotlin/reflect/jvm/internal/impl/load/kotlin/header/ReadKotlinClassHeaderAnnotationVisitor$KotlinMetadataArgumentVisitor
instanceKlass com/android/tools/r8/graph/T$n
instanceKlass com/android/tools/r8/graph/T$h
instanceKlass kotlin/reflect/jvm/internal/impl/resolve/jvm/JvmClassName
instanceKlass com/android/tools/r8/graph/T$U
instanceKlass kotlin/reflect/jvm/internal/impl/load/java/JvmAnnotationNames
instanceKlass com/android/tools/r8/graph/T$p
instanceKlass kotlin/reflect/jvm/internal/impl/descriptors/runtime/components/ReflectAnnotationSource
instanceKlass kotlin/reflect/jvm/internal/impl/descriptors/runtime/components/ReflectClassStructure
instanceKlass com/android/tools/r8/graph/T$N
instanceKlass kotlin/reflect/jvm/internal/impl/load/kotlin/KotlinJvmBinaryClass$AnnotationArgumentVisitor
instanceKlass com/android/tools/r8/graph/T$k
instanceKlass kotlin/reflect/jvm/internal/impl/load/kotlin/header/ReadKotlinClassHeaderAnnotationVisitor
instanceKlass kotlin/reflect/jvm/internal/impl/load/kotlin/KotlinJvmBinaryClass$AnnotationVisitor
instanceKlass com/android/tools/r8/graph/T$H
instanceKlass kotlin/reflect/jvm/internal/impl/descriptors/runtime/components/ReflectKotlinClass$Factory
instanceKlass com/android/tools/r8/graph/T$J
instanceKlass kotlin/reflect/jvm/internal/impl/descriptors/runtime/components/ReflectKotlinClass
instanceKlass kotlin/reflect/jvm/internal/impl/load/kotlin/KotlinJvmBinaryClass
instanceKlass kotlin/reflect/jvm/internal/impl/descriptors/runtime/components/ReflectJavaClassFinderKt
instanceKlass kotlin/reflect/jvm/internal/impl/descriptors/runtime/components/ReflectKotlinClassFinderKt
instanceKlass kotlin/reflect/jvm/internal/impl/load/java/lazy/descriptors/LazyJavaPackageScope$FindClassRequest
instanceKlass kotlin/reflect/jvm/internal/impl/incremental/UtilsKt
instanceKlass com/android/tools/r8/graph/T$E
instanceKlass com/android/tools/r8/internal/Ye
instanceKlass kotlin/reflect/jvm/internal/impl/resolve/scopes/ChainedMemberScope$Companion
instanceKlass com/android/tools/r8/references/TypeReference
instanceKlass kotlin/reflect/jvm/internal/impl/resolve/scopes/ChainedMemberScope
instanceKlass com/android/tools/r8/internal/fq
instanceKlass com/android/tools/r8/graph/B
instanceKlass com/android/tools/r8/internal/Lw
instanceKlass com/android/tools/r8/graph/T$Q
instanceKlass com/android/tools/r8/internal/gf
instanceKlass com/android/tools/r8/internal/Nd
instanceKlass com/android/tools/r8/internal/vf$a
instanceKlass com/android/tools/r8/internal/E9
instanceKlass kotlin/reflect/jvm/internal/impl/load/java/lazy/descriptors/JvmPackageScope
instanceKlass java/lang/StrictMath
instanceKlass kotlin/reflect/jvm/internal/impl/load/java/lazy/ContextKt
instanceKlass com/android/tools/r8/internal/ve
instanceKlass com/android/tools/r8/internal/ri
instanceKlass com/android/tools/r8/internal/Th
instanceKlass com/android/tools/r8/internal/wh
instanceKlass com/android/tools/r8/internal/Lu
instanceKlass com/android/tools/r8/internal/Bu
instanceKlass kotlin/reflect/jvm/internal/impl/storage/LockBasedStorageManager$KeyWithComputation
instanceKlass com/android/tools/r8/internal/bA
instanceKlass kotlin/reflect/jvm/internal/impl/descriptors/runtime/structure/ReflectJavaElement
instanceKlass kotlin/reflect/jvm/internal/impl/load/java/structure/JavaPackage
instanceKlass kotlin/reflect/jvm/internal/impl/load/java/structure/JavaAnnotationOwner
instanceKlass kotlin/reflect/jvm/internal/impl/load/java/structure/JavaElement
instanceKlass com/android/tools/r8/internal/jC
instanceKlass kotlin/reflect/jvm/internal/impl/descriptors/PackageFragmentProviderKt
instanceKlass com/android/tools/r8/internal/c0
instanceKlass kotlin/reflect/jvm/internal/impl/resolve/scopes/AbstractScopeAdapter
instanceKlass com/android/tools/r8/internal/J7
instanceKlass kotlin/reflect/jvm/internal/impl/resolve/ResolutionAnchorProviderKt
instanceKlass kotlin/reflect/jvm/internal/impl/descriptors/FindClassInModuleKt
instanceKlass kotlin/reflect/jvm/internal/impl/descriptors/runtime/components/PackagePartScopeCache
instanceKlass com/android/tools/r8/internal/vf
instanceKlass kotlin/reflect/jvm/internal/impl/descriptors/impl/CompositePackageFragmentProvider
instanceKlass com/android/tools/r8/utils/Z
instanceKlass kotlin/reflect/jvm/internal/impl/descriptors/impl/ModuleDependenciesImpl
instanceKlass kotlin/reflect/jvm/internal/impl/descriptors/impl/ModuleDependencies
instanceKlass kotlin/reflect/jvm/internal/impl/builtins/jvm/JvmBuiltInClassDescriptorFactory$Companion
instanceKlass kotlin/reflect/jvm/internal/impl/builtins/jvm/JvmBuiltInClassDescriptorFactory
instanceKlass kotlin/reflect/jvm/internal/impl/builtins/functions/BuiltInFictitiousFunctionClassFactory
instanceKlass com/android/tools/r8/internal/Hw
instanceKlass com/android/tools/r8/internal/Iw
instanceKlass kotlin/reflect/jvm/internal/impl/descriptors/deserialization/ClassDescriptorFactory
instanceKlass kotlin/reflect/jvm/internal/impl/serialization/deserialization/FlexibleTypeDeserializer$ThrowException
instanceKlass kotlin/reflect/jvm/internal/impl/serialization/deserialization/ErrorReporter$1
instanceKlass kotlin/reflect/jvm/internal/impl/metadata/ProtoBuf$EnumEntryOrBuilder
instanceKlass com/android/tools/r8/internal/Y5
instanceKlass com/android/tools/r8/internal/z9
instanceKlass kotlin/reflect/jvm/internal/impl/metadata/ProtoBuf$Annotation$Argument$Value$Type$1
instanceKlass kotlin/reflect/jvm/internal/impl/metadata/ProtoBuf$Annotation$Argument$ValueOrBuilder
instanceKlass com/android/tools/r8/internal/Eg
instanceKlass kotlin/reflect/jvm/internal/impl/metadata/builtins/BuiltInsProtoBuf
instanceKlass kotlin/reflect/jvm/internal/impl/serialization/SerializerExtensionProtocol
instanceKlass com/android/tools/r8/graph/c
instanceKlass com/android/tools/r8/internal/pa
instanceKlass kotlin/reflect/jvm/internal/impl/serialization/deserialization/AnnotationAndConstantLoaderImpl
instanceKlass kotlin/reflect/jvm/internal/impl/serialization/deserialization/DeserializedClassDataFinder
instanceKlass com/android/tools/r8/internal/f8
instanceKlass kotlin/reflect/jvm/internal/impl/serialization/deserialization/AbstractDeserializedPackageFragmentProvider
instanceKlass com/android/tools/r8/internal/X2
instanceKlass kotlin/reflect/jvm/internal/impl/resolve/jvm/JavaDescriptorResolver
instanceKlass kotlin/reflect/jvm/internal/impl/serialization/deserialization/ClassDeserializer$Companion
instanceKlass kotlin/reflect/jvm/internal/impl/serialization/deserialization/ClassDeserializer
instanceKlass com/android/tools/r8/internal/dG
instanceKlass kotlin/reflect/jvm/internal/impl/descriptors/deserialization/PlatformDependentTypeTransformer$None
instanceKlass kotlin/reflect/jvm/internal/impl/descriptors/deserialization/PlatformDependentTypeTransformer
instanceKlass kotlin/reflect/jvm/internal/impl/protobuf/ExtensionRegistryLite$ObjectIntPair
instanceKlass kotlin/reflect/jvm/internal/impl/metadata/ProtoBuf$PackageOrBuilder
instanceKlass com/android/tools/r8/internal/v
instanceKlass kotlin/reflect/jvm/internal/impl/metadata/ProtoBuf$VersionRequirementTableOrBuilder
instanceKlass kotlin/reflect/jvm/internal/impl/metadata/ProtoBuf$ClassOrBuilder
instanceKlass com/android/tools/r8/graph/S
instanceKlass kotlin/reflect/jvm/internal/impl/metadata/ProtoBuf$TypeParameter$Variance$1
instanceKlass kotlin/reflect/jvm/internal/impl/protobuf/Internal$EnumLiteMap
instanceKlass com/android/tools/r8/internal/Cs
instanceKlass com/android/tools/r8/internal/EE
instanceKlass kotlin/reflect/jvm/internal/impl/metadata/ProtoBuf$TypeParameterOrBuilder
instanceKlass com/android/tools/r8/internal/r2
instanceKlass com/android/tools/r8/internal/vh
instanceKlass kotlin/reflect/jvm/internal/impl/metadata/ProtoBuf$AnnotationOrBuilder
instanceKlass com/android/tools/r8/internal/uh
instanceKlass com/android/tools/r8/graph/T
instanceKlass kotlin/reflect/jvm/internal/impl/metadata/jvm/JvmProtoBuf$JvmFieldSignatureOrBuilder
instanceKlass kotlin/reflect/jvm/internal/impl/metadata/jvm/JvmProtoBuf$JvmPropertySignatureOrBuilder
instanceKlass com/android/tools/r8/utils/w
instanceKlass com/android/tools/r8/BaseCommand$Builder$$Lambda$1317
instanceKlass com/android/tools/r8/utils/w$a
instanceKlass com/android/tools/r8/internal/p3
instanceKlass kotlin/reflect/jvm/internal/impl/metadata/ProtoBuf$ValueParameterOrBuilder
instanceKlass com/android/tools/r8/BaseCommand$Builder$$Lambda$1316
instanceKlass com/android/tools/r8/utils/A
instanceKlass com/android/tools/r8/BaseCommand$Builder$$Lambda$1315
instanceKlass kotlin/reflect/jvm/internal/impl/metadata/ProtoBuf$PropertyOrBuilder
instanceKlass com/android/builder/dexing/D8DexArchiveBuilder$$Lambda$1314
instanceKlass com/android/tools/r8/AssertionsConfiguration
instanceKlass com/android/tools/r8/AssertionsConfiguration$Builder
instanceKlass com/android/tools/r8/internal/Aa
instanceKlass com/android/tools/r8/internal/wv
instanceKlass com/android/tools/r8/utils/x
instanceKlass kotlin/reflect/jvm/internal/impl/metadata/ProtoBuf$ContractOrBuilder
instanceKlass com/android/tools/r8/ProgramResource$ByteResource
instanceKlass com/android/tools/r8/ProgramResource
instanceKlass com/android/tools/r8/BaseCommand$Builder$$Lambda$1313
instanceKlass kotlin/reflect/jvm/internal/impl/metadata/ProtoBuf$TypeTableOrBuilder
instanceKlass kotlin/reflect/jvm/internal/impl/metadata/ProtoBuf$TypeOrBuilder
instanceKlass com/android/builder/dexing/NoCacheJarClassFileEntry
instanceKlass com/android/builder/dexing/D8DexArchiveBuilder$$Lambda$1312
instanceKlass kotlin/reflect/jvm/internal/impl/metadata/ProtoBuf$FunctionOrBuilder
instanceKlass com/android/tools/r8/internal/Oa
instanceKlass kotlin/reflect/jvm/internal/impl/protobuf/Internal$EnumLite
instanceKlass kotlin/reflect/jvm/internal/impl/protobuf/GeneratedMessageLite$ExtensionDescriptor
instanceKlass com/android/tools/r8/BaseCompilerCommand$Builder$$Lambda$1311
instanceKlass kotlin/reflect/jvm/internal/impl/protobuf/GeneratedMessageLite$GeneratedExtension
instanceKlass com/android/tools/r8/n
instanceKlass com/android/tools/r8/ProgramResourceProvider
instanceKlass com/android/tools/r8/utils/c$b
instanceKlass com/android/tools/r8/DataResourceProvider$Visitor
instanceKlass kotlin/reflect/jvm/internal/impl/metadata/jvm/JvmProtoBuf$JvmMethodSignatureOrBuilder
instanceKlass com/android/tools/r8/internal/g7
instanceKlass com/android/tools/r8/internal/Yt
instanceKlass com/android/tools/r8/internal/Tt
instanceKlass com/android/tools/r8/internal/Bd
instanceKlass kotlin/reflect/jvm/internal/impl/protobuf/ByteString$ByteIterator
instanceKlass com/android/tools/r8/DataResource
instanceKlass com/android/tools/r8/Resource
instanceKlass kotlin/reflect/jvm/internal/impl/protobuf/ByteString
instanceKlass com/android/tools/r8/utils/c
instanceKlass kotlin/reflect/jvm/internal/impl/protobuf/SmallSortedMap$EmptySet$2
instanceKlass kotlin/reflect/jvm/internal/impl/protobuf/SmallSortedMap$EmptySet$1
instanceKlass kotlin/reflect/jvm/internal/impl/protobuf/SmallSortedMap$EmptySet
instanceKlass com/android/tools/r8/internal/UA
instanceKlass com/android/tools/r8/ClassFileConsumer$ForwardingConsumer
instanceKlass com/android/tools/r8/ClassFileConsumer
instanceKlass kotlin/reflect/jvm/internal/impl/protobuf/LazyFieldLite
instanceKlass kotlin/reflect/jvm/internal/impl/protobuf/FieldSet
instanceKlass com/android/tools/r8/DexFilePerClassFileConsumer$ForwardingConsumer
instanceKlass com/android/tools/r8/DexFilePerClassFileConsumer
instanceKlass com/android/tools/r8/i
instanceKlass com/android/tools/r8/DataResourceConsumer
instanceKlass kotlin/reflect/jvm/internal/impl/protobuf/AbstractParser
instanceKlass com/android/tools/r8/DexIndexedConsumer$ForwardingConsumer
instanceKlass com/android/tools/r8/DexIndexedConsumer
instanceKlass com/android/tools/r8/ByteBufferProvider
instanceKlass com/android/tools/r8/ProgramConsumer
instanceKlass kotlin/reflect/jvm/internal/impl/protobuf/MessageLite$Builder
instanceKlass kotlin/reflect/jvm/internal/impl/protobuf/Parser
instanceKlass kotlin/reflect/jvm/internal/impl/protobuf/FieldSet$FieldDescriptorLite
instanceKlass kotlin/reflect/jvm/internal/impl/protobuf/AbstractMessageLite
instanceKlass com/android/tools/r8/internal/Lj
instanceKlass com/android/tools/r8/internal/Jj
instanceKlass kotlin/reflect/jvm/internal/impl/metadata/ProtoBuf$ConstructorOrBuilder
instanceKlass com/android/tools/r8/internal/Zv
instanceKlass kotlin/reflect/jvm/internal/impl/protobuf/GeneratedMessageLite$ExtendableMessageOrBuilder
instanceKlass com/android/tools/r8/internal/GG
instanceKlass kotlin/reflect/jvm/internal/impl/protobuf/MessageLite
instanceKlass kotlin/reflect/jvm/internal/impl/protobuf/MessageLiteOrBuilder
instanceKlass com/android/tools/r8/internal/cv
instanceKlass com/android/tools/r8/internal/dd
instanceKlass kotlin/reflect/jvm/internal/impl/metadata/jvm/JvmProtoBuf
instanceKlass com/android/tools/r8/internal/hv$a
instanceKlass kotlin/reflect/jvm/internal/impl/protobuf/ExtensionRegistryLite
instanceKlass kotlin/reflect/jvm/internal/impl/metadata/jvm/deserialization/JvmProtoBufUtil
instanceKlass com/android/tools/r8/internal/hv
instanceKlass kotlin/reflect/jvm/internal/impl/utils/WrappedValues$ThrowableWrapper
instanceKlass com/android/tools/r8/internal/Qb
instanceKlass kotlin/reflect/jvm/internal/impl/utils/WrappedValues$1
instanceKlass kotlin/reflect/jvm/internal/impl/utils/WrappedValues
instanceKlass com/android/tools/r8/internal/Be
instanceKlass com/android/tools/r8/internal/zu
instanceKlass kotlin/reflect/jvm/internal/impl/types/KotlinTypeFactory
instanceKlass kotlin/reflect/jvm/internal/impl/descriptors/FieldDescriptor
instanceKlass kotlin/reflect/jvm/internal/impl/descriptors/PropertySetterDescriptor
instanceKlass kotlin/reflect/jvm/internal/impl/descriptors/PropertyGetterDescriptor
instanceKlass com/android/tools/r8/Diagnostic
instanceKlass kotlin/reflect/jvm/internal/impl/types/ErrorUtils$2
instanceKlass com/android/tools/r8/BaseCommand$Builder
instanceKlass kotlin/reflect/jvm/internal/impl/types/ErrorUtils$ErrorScope
instanceKlass com/android/tools/r8/a
instanceKlass kotlin/reflect/jvm/internal/impl/util/ModuleVisibilityHelper$EMPTY
instanceKlass com/android/tools/r8/BaseCommand
instanceKlass kotlin/reflect/jvm/internal/impl/descriptors/DescriptorVisibilities$12
instanceKlass kotlin/reflect/jvm/internal/impl/descriptors/DescriptorVisibilities$11
instanceKlass kotlin/reflect/jvm/internal/impl/descriptors/DescriptorVisibilities$10
instanceKlass kotlin/reflect/jvm/internal/impl/util/ModuleVisibilityHelper
instanceKlass com/android/tools/r8/origin/Origin
instanceKlass com/android/builder/dexing/JarClassFileInput$$Lambda$1310
instanceKlass com/android/builder/dexing/ClassFileInput$$Lambda$1309
instanceKlass java/util/zip/ZipFile$$Lambda$1308
instanceKlass com/android/build/gradle/internal/dependency/BaseDexingTransform$process$1$1$1
instanceKlass com/android/builder/dexing/ClassFileEntry
instanceKlass com/android/builder/dexing/JarClassFileInput
instanceKlass sun/nio/fs/WindowsFileSystem$2
instanceKlass sun/nio/fs/Globs
instanceKlass com/android/builder/dexing/ClassFileInput
instanceKlass kotlin/reflect/jvm/internal/impl/descriptors/DescriptorVisibility
instanceKlass com/android/builder/dexing/ClassFileInputs
instanceKlass kotlin/reflect/jvm/internal/impl/descriptors/Visibility
instanceKlass com/android/tools/r8/DesugarGraphConsumer
